###############################################################################
#
# IAR ANSI C/C++ Compiler V7.10.1.6676/W32 for ARM        13/Apr/2020  09:24:00
# Copyright 1999-2014 IAR Systems AB.
#
#    Cpu mode     =  thumb
#    Endian       =  little
#    Source file  =  
#        D:\MKS-Robin-Nano-Firmware-v2.x.x\MKS-Robin-Nano-Firmware\Src\dma.c
#    Command line =  
#        D:\MKS-Robin-Nano-Firmware-v2.x.x\MKS-Robin-Nano-Firmware\Src\dma.c -D
#        USE_HAL_DRIVER -D STM32F103xE -D STM32F10X_HD -D USE_HAL_LIB -D
#        MKS_ROBIN_NANO -D TFT35 -lC
#        D:\MKS-Robin-Nano-Firmware-v2.x.x\MKS-Robin-Nano-Firmware\EWARM\mksRobinNano/List\
#        -lA
#        D:\MKS-Robin-Nano-Firmware-v2.x.x\MKS-Robin-Nano-Firmware\EWARM\mksRobinNano/List\
#        --diag_suppress Pa050 -o
#        D:\MKS-Robin-Nano-Firmware-v2.x.x\MKS-Robin-Nano-Firmware\EWARM\mksRobinNano/Obj\
#        --debug --endian=little --cpu=Cortex-M3 -e --char_is_signed --fpu=None
#        --dlib_config "C:\Program Files (x86)\IAR Systems\Embedded Workbench
#        7.0\arm\INC\c\DLib_Config_Full.h" -I
#        D:\MKS-Robin-Nano-Firmware-v2.x.x\MKS-Robin-Nano-Firmware\EWARM/../Inc\
#        -I
#        D:\MKS-Robin-Nano-Firmware-v2.x.x\MKS-Robin-Nano-Firmware\EWARM/../Src\
#        -I
#        D:\MKS-Robin-Nano-Firmware-v2.x.x\MKS-Robin-Nano-Firmware\EWARM/../Drivers/STM32F1xx_HAL_Driver/Inc\
#        -I
#        D:\MKS-Robin-Nano-Firmware-v2.x.x\MKS-Robin-Nano-Firmware\EWARM/../Drivers/STM32F1xx_HAL_Driver/Inc/Legacy\
#        -I
#        D:\MKS-Robin-Nano-Firmware-v2.x.x\MKS-Robin-Nano-Firmware\EWARM/../Middlewares/Third_Party/FatFs/src/drivers\
#        -I
#        D:\MKS-Robin-Nano-Firmware-v2.x.x\MKS-Robin-Nano-Firmware\EWARM/../Middlewares/ST/STM32_USB_Host_Library/Core/Inc\
#        -I
#        D:\MKS-Robin-Nano-Firmware-v2.x.x\MKS-Robin-Nano-Firmware\EWARM/../Middlewares/ST/STM32_USB_Host_Library/Class/MSC/Inc\
#        -I
#        D:\MKS-Robin-Nano-Firmware-v2.x.x\MKS-Robin-Nano-Firmware\EWARM/../Drivers/CMSIS/Device/ST/STM32F1xx/Include\
#        -I
#        D:\MKS-Robin-Nano-Firmware-v2.x.x\MKS-Robin-Nano-Firmware\EWARM/../Middlewares/Third_Party/FatFs/src\
#        -I
#        D:\MKS-Robin-Nano-Firmware-v2.x.x\MKS-Robin-Nano-Firmware\EWARM/../Middlewares/Third_Party/Marlin\
#        -I
#        D:\MKS-Robin-Nano-Firmware-v2.x.x\MKS-Robin-Nano-Firmware\EWARM/../Drivers/CMSIS/Include\
#        -I
#        D:\MKS-Robin-Nano-Firmware-v2.x.x\MKS-Robin-Nano-Firmware\EWARM/../Drivers/BSP/variant\
#        -I
#        D:\MKS-Robin-Nano-Firmware-v2.x.x\MKS-Robin-Nano-Firmware\EWARM/../Drivers/BSP/Components/at24cxx\
#        -I
#        D:\MKS-Robin-Nano-Firmware-v2.x.x\MKS-Robin-Nano-Firmware\EWARM/../Drivers/BSP/Components/w25qxx\
#        -I
#        D:\MKS-Robin-Nano-Firmware-v2.x.x\MKS-Robin-Nano-Firmware\EWARM/../Drivers/BSP/Components/lcd\
#        -I
#        D:\MKS-Robin-Nano-Firmware-v2.x.x\MKS-Robin-Nano-Firmware\EWARM/../Drivers/STM32F10x_StdPeriph_Driver/inc\
#        -I
#        D:\MKS-Robin-Nano-Firmware-v2.x.x\MKS-Robin-Nano-Firmware\EWARM/../Drivers/libstmf4/include\
#        -I
#        D:\MKS-Robin-Nano-Firmware-v2.x.x\MKS-Robin-Nano-Firmware\EWARM/../Middlewares/arduino/stm32/cores/arduino\
#        -I
#        D:\MKS-Robin-Nano-Firmware-v2.x.x\MKS-Robin-Nano-Firmware\EWARM/../User/ui\
#        -I
#        D:\MKS-Robin-Nano-Firmware-v2.x.x\MKS-Robin-Nano-Firmware\EWARM/../User/ui/Multi_language\
#        -I
#        D:\MKS-Robin-Nano-Firmware-v2.x.x\MKS-Robin-Nano-Firmware\EWARM/../User/ui/QRENCODE\
#        -I
#        D:\MKS-Robin-Nano-Firmware-v2.x.x\MKS-Robin-Nano-Firmware\EWARM\..\Middlewares\GUI\
#        -Oh --use_c++_inline -I "C:\Program Files (x86)\IAR Systems\Embedded
#        Workbench 7.0\arm\CMSIS\Include\"
#    List file    =  
#        D:\MKS-Robin-Nano-Firmware-v2.x.x\MKS-Robin-Nano-Firmware\EWARM\mksRobinNano/List\dma.lst
#    Object file  =  
#        D:\MKS-Robin-Nano-Firmware-v2.x.x\MKS-Robin-Nano-Firmware\EWARM\mksRobinNano/Obj\dma.o
#
###############################################################################

D:\MKS-Robin-Nano-Firmware-v2.x.x\MKS-Robin-Nano-Firmware\Src\dma.c
      1          /**
      2            ******************************************************************************
      3            * File Name          : dma.c
      4            * Description        : This file provides code for the configuration
      5            *                      of all the requested memory to memory DMA transfers.
      6            ******************************************************************************
      7            *
      8            * Copyright (c) 2018 STMicroelectronics International N.V. 
      9            * All rights reserved.
     10            *
     11            * Redistribution and use in source and binary forms, with or without 
     12            * modification, are permitted, provided that the following conditions are met:
     13            *
     14            * 1. Redistribution of source code must retain the above copyright notice, 
     15            *    this list of conditions and the following disclaimer.
     16            * 2. Redistributions in binary form must reproduce the above copyright notice,
     17            *    this list of conditions and the following disclaimer in the documentation
     18            *    and/or other materials provided with the distribution.
     19            * 3. Neither the name of STMicroelectronics nor the names of other 
     20            *    contributors to this software may be used to endorse or promote products 
     21            *    derived from this software without specific written permission.
     22            * 4. This software, including modifications and/or derivative works of this 
     23            *    software, must execute solely and exclusively on microcontroller or
     24            *    microprocessor devices manufactured by or for STMicroelectronics.
     25            * 5. Redistribution and use of this software other than as permitted under 
     26            *    this license is void and will automatically terminate your rights under 
     27            *    this license. 
     28            *
     29            * THIS SOFTWARE IS PROVIDED BY STMICROELECTRONICS AND CONTRIBUTORS "AS IS" 
     30            * AND ANY EXPRESS, IMPLIED OR STATUTORY WARRANTIES, INCLUDING, BUT NOT 
     31            * LIMITED TO, THE IMPLIED WARRANTIES OF MERCHANTABILITY, FITNESS FOR A 
     32            * PARTICULAR PURPOSE AND NON-INFRINGEMENT OF THIRD PARTY INTELLECTUAL PROPERTY
     33            * RIGHTS ARE DISCLAIMED TO THE FULLEST EXTENT PERMITTED BY LAW. IN NO EVENT 
     34            * SHALL STMICROELECTRONICS OR CONTRIBUTORS BE LIABLE FOR ANY DIRECT, INDIRECT,
     35            * INCIDENTAL, SPECIAL, EXEMPLARY, OR CONSEQUENTIAL DAMAGES (INCLUDING, BUT NOT
     36            * LIMITED TO, PROCUREMENT OF SUBSTITUTE GOODS OR SERVICES; LOSS OF USE, DATA, 
     37            * OR PROFITS; OR BUSINESS INTERRUPTION) HOWEVER CAUSED AND ON ANY THEORY OF 
     38            * LIABILITY, WHETHER IN CONTRACT, STRICT LIABILITY, OR TORT (INCLUDING 
     39            * NEGLIGENCE OR OTHERWISE) ARISING IN ANY WAY OUT OF THE USE OF THIS SOFTWARE,
     40            * EVEN IF ADVISED OF THE POSSIBILITY OF SUCH DAMAGE.
     41            *
     42            ******************************************************************************
     43            */
     44          /* Includes ------------------------------------------------------------------*/
     45          #include "dma.h"
     46          
     47          /* USER CODE BEGIN 0 */
     48          
     49          /* USER CODE END 0 */
     50          
     51          /*----------------------------------------------------------------------------*/
     52          /* Configure DMA                                                              */
     53          /*----------------------------------------------------------------------------*/
     54          
     55          /* USER CODE BEGIN 1 */
     56          
     57          /* USER CODE END 1 */
     58          
     59          /** 
     60            * Enable DMA controller clock
     61            */

   \                                 In section .text, align 4, keep-with-next
     62          void MX_DMA_Init(void) 
     63          {
   \                     MX_DMA_Init: (+1)
   \   00000000   0xB580             PUSH     {R7,LR}
     64            /* DMA controller clock enable */
     65            __HAL_RCC_DMA2_CLK_ENABLE();
   \   00000002   0x4812             LDR.N    R0,??MX_DMA_Init_0  ;; 0x40021014
   \   00000004   0x6801             LDR      R1,[R0, #+0]
   \   00000006   0xF041 0x0102      ORR      R1,R1,#0x2
   \   0000000A   0x6001             STR      R1,[R0, #+0]
   \   0000000C   0x2200             MOVS     R2,#+0
   \   0000000E   0x6801             LDR      R1,[R0, #+0]
   \   00000010   0xF001 0x0102      AND      R1,R1,#0x2
   \   00000014   0x9100             STR      R1,[SP, #+0]
   \   00000016   0x9900             LDR      R1,[SP, #+0]
     66            __HAL_RCC_DMA1_CLK_ENABLE();
   \   00000018   0x6801             LDR      R1,[R0, #+0]
   \   0000001A   0xF041 0x0101      ORR      R1,R1,#0x1
   \   0000001E   0x6001             STR      R1,[R0, #+0]
   \   00000020   0x2104             MOVS     R1,#+4
   \   00000022   0x6800             LDR      R0,[R0, #+0]
   \   00000024   0xF000 0x0001      AND      R0,R0,#0x1
   \   00000028   0x9000             STR      R0,[SP, #+0]
   \   0000002A   0x9800             LDR      R0,[SP, #+0]
     67          
     68            /* DMA interrupt init */
     69            /* DMA1_Channel1_IRQn interrupt configuration *///adc1
     70            HAL_NVIC_SetPriority(DMA1_Channel1_IRQn, 4, 0);
   \   0000002C   0x200B             MOVS     R0,#+11
   \   0000002E   0x.... 0x....      BL       HAL_NVIC_SetPriority
     71            HAL_NVIC_EnableIRQ(DMA1_Channel1_IRQn);
   \   00000032   0x200B             MOVS     R0,#+11
   \   00000034   0x.... 0x....      BL       HAL_NVIC_EnableIRQ
     72            /* DMA1_Channel4_IRQn interrupt configuration *///spi
     73            //HAL_NVIC_SetPriority(DMA1_Channel4_IRQn, 4, 0);
     74            //HAL_NVIC_EnableIRQ(DMA1_Channel4_IRQn);
     75            /* DMA1_Channel5_IRQn interrupt configuration *///spi
     76            //HAL_NVIC_SetPriority(DMA1_Channel5_IRQn, 4, 0);
     77            //HAL_NVIC_EnableIRQ(DMA1_Channel5_IRQn);
     78            /* DMA2_Channel4_5_IRQn interrupt configuration *///sdio
     79            HAL_NVIC_SetPriority(DMA2_Channel4_5_IRQn, 4, 0);
   \   00000038   0x2200             MOVS     R2,#+0
   \   0000003A   0x2104             MOVS     R1,#+4
   \   0000003C   0x203B             MOVS     R0,#+59
   \   0000003E   0x.... 0x....      BL       HAL_NVIC_SetPriority
     80            HAL_NVIC_EnableIRQ(DMA2_Channel4_5_IRQn);
   \   00000042   0xE8BD 0x4002      POP      {R1,LR}
   \   00000046   0x203B             MOVS     R0,#+59
   \   00000048   0x.... 0x....      B.W      HAL_NVIC_EnableIRQ
   \                     ??MX_DMA_Init_0:
   \   0000004C   0x40021014         DC32     0x40021014
     81          
     82          }
     83          
     84          /* USER CODE BEGIN 2 */
     85          
     86          /* USER CODE END 2 */
     87          
     88          /**
     89            * @}
     90            */
     91          
     92          /**
     93            * @}
     94            */
     95          
     96          /************************ (C) COPYRIGHT STMicroelectronics *****END OF FILE****/

   Maximum stack usage in bytes:

   .cstack Function
   ------- --------
       8   MX_DMA_Init
         0   -> HAL_NVIC_EnableIRQ
         8   -> HAL_NVIC_EnableIRQ
         8   -> HAL_NVIC_SetPriority


   Section sizes:

   Bytes  Function/Label
   -----  --------------
      80  MX_DMA_Init

 
 80 bytes in section .text
 
 80 bytes of CODE memory

Errors: none
Warnings: none
