###############################################################################
#
# IAR ANSI C/C++ Compiler V7.10.1.6676/W32 for ARM        13/Apr/2020  09:24:09
# Copyright 1999-2014 IAR Systems AB.
#
#    Cpu mode     =  thumb
#    Endian       =  little
#    Source file  =  
#        D:\MKS-Robin-Nano-Firmware-v2.x.x\MKS-Robin-Nano-Firmware\User\ui\draw_fan.cpp
#    Command line =  
#        D:\MKS-Robin-Nano-Firmware-v2.x.x\MKS-Robin-Nano-Firmware\User\ui\draw_fan.cpp
#        -D USE_HAL_DRIVER -D STM32F103xE -D STM32F10X_HD -D USE_HAL_LIB -D
#        MKS_ROBIN_NANO -D TFT35 -lC
#        D:\MKS-Robin-Nano-Firmware-v2.x.x\MKS-Robin-Nano-Firmware\EWARM\mksRobinNano/List\
#        -lA
#        D:\MKS-Robin-Nano-Firmware-v2.x.x\MKS-Robin-Nano-Firmware\EWARM\mksRobinNano/List\
#        --diag_suppress Pa050 -o
#        D:\MKS-Robin-Nano-Firmware-v2.x.x\MKS-Robin-Nano-Firmware\EWARM\mksRobinNano/Obj\
#        --debug --endian=little --cpu=Cortex-M3 -e --char_is_signed --fpu=None
#        --dlib_config "C:\Program Files (x86)\IAR Systems\Embedded Workbench
#        7.0\arm\INC\c\DLib_Config_Full.h" -I
#        D:\MKS-Robin-Nano-Firmware-v2.x.x\MKS-Robin-Nano-Firmware\EWARM/../Inc\
#        -I
#        D:\MKS-Robin-Nano-Firmware-v2.x.x\MKS-Robin-Nano-Firmware\EWARM/../Src\
#        -I
#        D:\MKS-Robin-Nano-Firmware-v2.x.x\MKS-Robin-Nano-Firmware\EWARM/../Drivers/STM32F1xx_HAL_Driver/Inc\
#        -I
#        D:\MKS-Robin-Nano-Firmware-v2.x.x\MKS-Robin-Nano-Firmware\EWARM/../Drivers/STM32F1xx_HAL_Driver/Inc/Legacy\
#        -I
#        D:\MKS-Robin-Nano-Firmware-v2.x.x\MKS-Robin-Nano-Firmware\EWARM/../Middlewares/Third_Party/FatFs/src/drivers\
#        -I
#        D:\MKS-Robin-Nano-Firmware-v2.x.x\MKS-Robin-Nano-Firmware\EWARM/../Middlewares/ST/STM32_USB_Host_Library/Core/Inc\
#        -I
#        D:\MKS-Robin-Nano-Firmware-v2.x.x\MKS-Robin-Nano-Firmware\EWARM/../Middlewares/ST/STM32_USB_Host_Library/Class/MSC/Inc\
#        -I
#        D:\MKS-Robin-Nano-Firmware-v2.x.x\MKS-Robin-Nano-Firmware\EWARM/../Drivers/CMSIS/Device/ST/STM32F1xx/Include\
#        -I
#        D:\MKS-Robin-Nano-Firmware-v2.x.x\MKS-Robin-Nano-Firmware\EWARM/../Middlewares/Third_Party/FatFs/src\
#        -I
#        D:\MKS-Robin-Nano-Firmware-v2.x.x\MKS-Robin-Nano-Firmware\EWARM/../Middlewares/Third_Party/Marlin\
#        -I
#        D:\MKS-Robin-Nano-Firmware-v2.x.x\MKS-Robin-Nano-Firmware\EWARM/../Drivers/CMSIS/Include\
#        -I
#        D:\MKS-Robin-Nano-Firmware-v2.x.x\MKS-Robin-Nano-Firmware\EWARM/../Drivers/BSP/variant\
#        -I
#        D:\MKS-Robin-Nano-Firmware-v2.x.x\MKS-Robin-Nano-Firmware\EWARM/../Drivers/BSP/Components/at24cxx\
#        -I
#        D:\MKS-Robin-Nano-Firmware-v2.x.x\MKS-Robin-Nano-Firmware\EWARM/../Drivers/BSP/Components/w25qxx\
#        -I
#        D:\MKS-Robin-Nano-Firmware-v2.x.x\MKS-Robin-Nano-Firmware\EWARM/../Drivers/BSP/Components/lcd\
#        -I
#        D:\MKS-Robin-Nano-Firmware-v2.x.x\MKS-Robin-Nano-Firmware\EWARM/../Drivers/STM32F10x_StdPeriph_Driver/inc\
#        -I
#        D:\MKS-Robin-Nano-Firmware-v2.x.x\MKS-Robin-Nano-Firmware\EWARM/../Drivers/libstmf4/include\
#        -I
#        D:\MKS-Robin-Nano-Firmware-v2.x.x\MKS-Robin-Nano-Firmware\EWARM/../Middlewares/arduino/stm32/cores/arduino\
#        -I
#        D:\MKS-Robin-Nano-Firmware-v2.x.x\MKS-Robin-Nano-Firmware\EWARM/../User/ui\
#        -I
#        D:\MKS-Robin-Nano-Firmware-v2.x.x\MKS-Robin-Nano-Firmware\EWARM/../User/ui/Multi_language\
#        -I
#        D:\MKS-Robin-Nano-Firmware-v2.x.x\MKS-Robin-Nano-Firmware\EWARM/../User/ui/QRENCODE\
#        -I
#        D:\MKS-Robin-Nano-Firmware-v2.x.x\MKS-Robin-Nano-Firmware\EWARM\..\Middlewares\GUI\
#        -Oh --eec++ -I "C:\Program Files (x86)\IAR Systems\Embedded Workbench
#        7.0\arm\CMSIS\Include\"
#    List file    =  
#        D:\MKS-Robin-Nano-Firmware-v2.x.x\MKS-Robin-Nano-Firmware\EWARM\mksRobinNano/List\draw_fan.lst
#    Object file  =  
#        D:\MKS-Robin-Nano-Firmware-v2.x.x\MKS-Robin-Nano-Firmware\EWARM\mksRobinNano/Obj\draw_fan.o
#
###############################################################################

D:\MKS-Robin-Nano-Firmware-v2.x.x\MKS-Robin-Nano-Firmware\User\ui\draw_fan.cpp
      1          #include "gui.h"
      2          #include "button.h"
      3          #include "PROGBAR.h"
      4          #include "draw_fan.h"
      5          #include "draw_ui.h"

  #define UNUSED(x) ((void)(x))
          ^
"D:\MKS-Robin-Nano-Firmware-v2.x.x\MKS-Robin-Nano-Firmware\Drivers\STM32F1xx_HAL_Driver\Inc\stm32f1xx_hal_def.h",87  Warning[Pe047]: 
          incompatible redefinition of macro "UNUSED" (declared at line 101 of
          "D:\MKS-Robin-Nano-Firmware-v2.x.x\MKS-Robin-Nano-Firmware\EWARM/../M
          iddlewares/Third_Party/Marlin\macros.h")

  		volatile volatile float desireBedTempBak;
  		         ^
"D:\MKS-Robin-Nano-Firmware-v2.x.x\MKS-Robin-Nano-Firmware\Inc\mks_cfg.h",626  Warning[Pe083]: 
          type qualifier specified more than once

    #define FILAMENT_CHANGE_TEXT_EN				"Please click <Load> \nor <unload>,After \npinter pause."
            ^
"D:\MKS-Robin-Nano-Firmware-v2.x.x\MKS-Robin-Nano-Firmware\User\ui\Multi_language\Language_en.h",337  Warning[Pe047]: 
          incompatible redefinition of macro "FILAMENT_CHANGE_TEXT_EN"
          (declared at line 315)

  #define DIALOG_UNBIND_PRINTER_CN            "Ëß£Èô§ÁªëÂÆö?"
          ^
"D:\MKS-Robin-Nano-Firmware-v2.x.x\MKS-Robin-Nano-Firmware\User\ui\Multi_language\Language_s_cn.h",408  Warning[Pe047]: 
          incompatible redefinition of macro "DIALOG_UNBIND_PRINTER_CN"
          (declared at line 403)

    #define FILAMENT_CHANGE_TEXT_T_CN				"ÂæÖÊâìÂç∞Ê©üÊö´ÂÅúÂêé,\nË´ãÊåâ<ÈÄ≤Êñô>Êàñ<ÈÄÄÊñô>"
            ^
"D:\MKS-Robin-Nano-Firmware-v2.x.x\MKS-Robin-Nano-Firmware\User\ui\Multi_language\Language_t_cn.h",318  Warning[Pe047]: 
          incompatible redefinition of macro "FILAMENT_CHANGE_TEXT_T_CN"
          (declared at line 304)

    #define FILAMENT_CHANGE_TEXT_RU				"Please click <Load> \nor <unload>,After \npinter pause."
            ^
"D:\MKS-Robin-Nano-Firmware-v2.x.x\MKS-Robin-Nano-Firmware\User\ui\Multi_language\Language_ru.h",134  Warning[Pe047]: 
          incompatible redefinition of macro "FILAMENT_CHANGE_TEXT_RU"
          (declared at line 114)

  #define DIALOG_UNBIND_PRINTER_RU            "Unbind the printer?"
          ^
"D:\MKS-Robin-Nano-Firmware-v2.x.x\MKS-Robin-Nano-Firmware\User\ui\Multi_language\Language_ru.h",231  Warning[Pe047]: 
          incompatible redefinition of macro "DIALOG_UNBIND_PRINTER_RU"
          (declared at line 226)

    #define FILAMENT_CHANGE_TEXT_FR				"Please click <Load> \nor <unload>,After \npinter pause."
            ^
"D:\MKS-Robin-Nano-Firmware-v2.x.x\MKS-Robin-Nano-Firmware\User\ui\Multi_language\Language_fr.h",134  Warning[Pe047]: 
          incompatible redefinition of macro "FILAMENT_CHANGE_TEXT_FR"
          (declared at line 114)

  #define DIALOG_UNBIND_PRINTER_FR        "Unbind the printer?"
          ^
"D:\MKS-Robin-Nano-Firmware-v2.x.x\MKS-Robin-Nano-Firmware\User\ui\Multi_language\Language_fr.h",234  Warning[Pe047]: 
          incompatible redefinition of macro "DIALOG_UNBIND_PRINTER_FR"
          (declared at line 230)

    #define FILAMENT_CHANGE_TEXT_SP				"Please click <Load> \nor <unload>,After \npinter pause."
            ^
"D:\MKS-Robin-Nano-Firmware-v2.x.x\MKS-Robin-Nano-Firmware\User\ui\Multi_language\Language_sp.h",133  Warning[Pe047]: 
          incompatible redefinition of macro "FILAMENT_CHANGE_TEXT_SP"
          (declared at line 114)

    #define FILAMENT_CHANGE_TEXT_IT				"Please click <Load> \nor <unload>,After \npinter pause."
            ^
"D:\MKS-Robin-Nano-Firmware-v2.x.x\MKS-Robin-Nano-Firmware\User\ui\Multi_language\Language_it.h",134  Warning[Pe047]: 
          incompatible redefinition of macro "FILAMENT_CHANGE_TEXT_IT"
          (declared at line 114)

  #define DIALOG_UNBIND_PRINTER_IT                "Unbind the printer?"
          ^
"D:\MKS-Robin-Nano-Firmware-v2.x.x\MKS-Robin-Nano-Firmware\User\ui\Multi_language\Language_it.h",230  Warning[Pe047]: 
          incompatible redefinition of macro "DIALOG_UNBIND_PRINTER_IT"
          (declared at line 225)

  #define FILAMENT_CHANGE_TEXT_JP				"Please click <Load> \nor <unload>,After \npinter pause."
          ^
"D:\MKS-Robin-Nano-Firmware-v2.x.x\MKS-Robin-Nano-Firmware\User\ui\Multi_language\Multi_language.h",899  Warning[Pe047]: 
          incompatible redefinition of macro "FILAMENT_CHANGE_TEXT_JP"
          (declared at line 892)

  #define FILAMENT_CHANGE_TEXT_GN				"Please click <Load> \nor <unload>,After \npinter pause."
          ^
"D:\MKS-Robin-Nano-Firmware-v2.x.x\MKS-Robin-Nano-Firmware\User\ui\Multi_language\Multi_language.h",1107  Warning[Pe047]: 
          incompatible redefinition of macro "FILAMENT_CHANGE_TEXT_GN"
          (declared at line 1101)

  #define Simple_Dec"ºı…Ÿ"
                    ^
"D:\MKS-Robin-Nano-Firmware-v2.x.x\MKS-Robin-Nano-Firmware\User\ui\draw_ui.h",666  Warning[Pe1649]: 
          white space is required between the macro name "Simple_Dec" and its
          replacement text

  #define Simple_Speed "ÀŸ∂»"
          ^
"D:\MKS-Robin-Nano-Firmware-v2.x.x\MKS-Robin-Nano-Firmware\User\ui\draw_ui.h",721  Warning[Pe047]: 
          incompatible redefinition of macro "Simple_Speed" (declared at line
          718)

  #define Complex_Speed "ÀŸ∂»"
          ^
"D:\MKS-Robin-Nano-Firmware-v2.x.x\MKS-Robin-Nano-Firmware\User\ui\draw_ui.h",722  Warning[Pe047]: 
          incompatible redefinition of macro "Complex_Speed" (declared at line
          719)
      6          #include "fontLib.h"
      7          #include "LISTBOX.h"
      8          #include "text.h"
      9          //#include "mks_tft_fifo.h"
     10          //#include "mks_tft_com.h"
     11          #include "Marlin.h"

  #define strcpy_P(dest, src) strcpy((dest), (src))
          ^
"D:\MKS-Robin-Nano-Firmware-v2.x.x\MKS-Robin-Nano-Firmware\Middlewares\arduino\stm32\cores\arduino\avr\pgmspace.h",23  Warning[Pe047]: 
          incompatible redefinition of macro "strcpy_P" (declared at line 93
          of
          "D:\MKS-Robin-Nano-Firmware-v2.x.x\MKS-Robin-Nano-Firmware\Middleware
          s\Third_Party\Marlin\Marlin_export.h")

  #define strstr_P(a, b) strstr((a), (b))
          ^
"D:\MKS-Robin-Nano-Firmware-v2.x.x\MKS-Robin-Nano-Firmware\Middlewares\arduino\stm32\cores\arduino\avr\pgmspace.h",26  Warning[Pe047]: 
          incompatible redefinition of macro "strstr_P" (declared at line 94
          of
          "D:\MKS-Robin-Nano-Firmware-v2.x.x\MKS-Robin-Nano-Firmware\Middleware
          s\Third_Party\Marlin\Marlin_export.h")

  #define sprintf_P(s, f, ...) sprintf((s), (f), __VA_ARGS__)
          ^
"D:\MKS-Robin-Nano-Firmware-v2.x.x\MKS-Robin-Nano-Firmware\Middlewares\arduino\stm32\cores\arduino\avr\pgmspace.h",28  Warning[Pe047]: 
          incompatible redefinition of macro "sprintf_P" (declared at line 95
          of
          "D:\MKS-Robin-Nano-Firmware-v2.x.x\MKS-Robin-Nano-Firmware\Middleware
          s\Third_Party\Marlin\Marlin_export.h")

  #define pgm_read_word_near(addr) pgm_read_word(addr)
          ^
"D:\MKS-Robin-Nano-Firmware-v2.x.x\MKS-Robin-Nano-Firmware\Middlewares\arduino\stm32\cores\arduino\avr\pgmspace.h",38  Warning[Pe047]: 
          incompatible redefinition of macro "pgm_read_word_near" (declared at
          line 65 of
          "D:\MKS-Robin-Nano-Firmware-v2.x.x\MKS-Robin-Nano-Firmware\Middleware
          s\Third_Party\Marlin\Marlin_export.h")

    }
    ^
"D:\MKS-Robin-Nano-Firmware-v2.x.x\MKS-Robin-Nano-Firmware\Middlewares\Third_Party\Marlin\Marlin.h",537  Warning[Pe940]: 
          missing return statement at end of non-void function
          "position_is_reachable_IS_KINEMATIC"
     12          #include "tim.h"
     13          #ifndef GUI_FLASH
     14          #define GUI_FLASH
     15          #endif
     16          

   \                                 In section .bss, align 4
     17          GUI_HWIN hFanWnd;
   \                     hFanWnd:
   \   00000000                      DS8 2
   \   00000002                      DS8 2
   \   00000004                      DS8 2
   \   00000006                      DS8 2
   \   00000008                      DS8 24
   \   00000020                      DS8 24
     18          static TEXT_Handle TextFanSpeed,TextFanValue;
     19          
     20          extern GUI_FLASH const GUI_FONT GUI_FontHZ_fontHz18;
     21          //extern TFT_FIFO gcodeCmdTxFIFO;		//gcode ÷∏¡Ó∑¢ÀÕ∂”¡–
     22          //extern TFT_FIFO gcodeCmdRxFIFO;		//gcode	÷∏¡ÓΩ” ’∂”¡–
     23          extern int X_ADD,X_INTERVAL;   //**Õº∆¨º‰∏Ù
     24          

   \                                 In section .bss, align 4
     25          static BUTTON_STRUCT buttonAdd, buttonDec, buttonOpen, buttonHalf, buttonOff,  buttonRet;
   \                     buttonOpen:
   \   00000000                      DS8 24
   \   00000018                      DS8 24

   \                                 In section .bss, align 4
   \                     buttonOff:
   \   00000000                      DS8 24
   \   00000018                      DS8 24
     26          

   \                                 In section .text, align 2, keep-with-next
     27          static void cbFanWin(WM_MESSAGE * pMsg) {
     28          
     29          	char buf[30] = {0};
                 	     ^
Warning[Pe177]: variable "buf" was declared but never referenced
     30          
     31          	switch (pMsg->MsgId)
   \                     _Z8cbFanWinP10WM_MESSAGE: (+1)
   \   00000000   0x6801             LDR      R1,[R0, #+0]
   \   00000002   0x290C             CMP      R1,#+12
   \   00000004   0xD100             BNE.N    ??cbFanWin_0
   \   00000006   0x4770             BX       LR
   \                     ??cbFanWin_0: (+1)
   \   00000008   0xB538             PUSH     {R3-R5,LR}
   \   0000000A   0x290D             CMP      R1,#+13
   \   0000000C   0xBF18             IT       NE 
   \   0000000E   0x290F             CMPNE    R1,#+15
   \   00000010   0xF000 0x80A0      BEQ.W    ??cbFanWin_1
   \   00000014   0x2926             CMP      R1,#+38
   \   00000016   0xF040 0x8099      BNE.W    ??cbFanWin_2
     32          	{
     33          		case WM_PAINT:
     34          			//#if defined(TFT70)
     35          			//GUI_SetColor(gCfgItems.state_background_color);
     36          			//GUI_DrawRect(LCD_WIDTH/4+X_ADD, 0, LCD_WIDTH *3 / 4-X_INTERVAL, imgHeight /2 -15);
     37          			//GUI_SetColor(gCfgItems.state_background_color);
     38          			//GUI_FillRect(BTN_X_PIXEL+INTERVAL_V*2, 0, BTN_X_PIXEL *3+INTERVAL_V*3-1, BTN_Y_PIXEL-1);;
     39          			//#elif defined(TFT35)
     40          			//GUI_SetColor(gCfgItems.state_background_color);
     41          			//GUI_FillRect(BTN_X_PIXEL+INTERVAL_V*2, 0, BTN_X_PIXEL *3+5, BTN_Y_PIXEL);
     42          			//#endif
     43          			break;
     44          		case WM_TOUCH:
     45          		 	
     46          			break;
     47          		case WM_TOUCH_CHILD:
     48          			
     49          			break;
     50          			
     51          		case WM_NOTIFY_PARENT:
     52          			if(pMsg->Data.v == WM_NOTIFICATION_RELEASED)
   \   0000001A   0x6881             LDR      R1,[R0, #+8]
   \   0000001C   0x2902             CMP      R1,#+2
   \   0000001E   0xF040 0x8099      BNE.W    ??cbFanWin_1
     53          			{
     54          				if(pMsg->hWinSrc == buttonRet.btnHandle)
   \   00000022   0x.... 0x....      LDR.W    R1,??DataTable12_2
   \   00000026   0xF9B0 0x0006      LDRSH    R0,[R0, #+6]
   \   0000002A   0xF9B1 0x2018      LDRSH    R2,[R1, #+24]
   \   0000002E   0x4290             CMP      R0,R2
   \   00000030   0xD117             BNE.N    ??cbFanWin_3
     55          				{
     56          										
     57          					//**last_disp_state = FAN_UI;
     58          					//**Clear_fan();
     59          					//**draw_return_ui();
     60          					#if 0
     61          					if(gCfgItems.print_finish_close_machine_flg == 1)
     62          						{
     63          							
     64          							if(printerStaus != pr_idle)
     65          							{
     66          								disp_state_stack._disp_index -= 1;
     67          								Clear_fan();
     68          								draw_return_ui();
     69          							}
     70          							else
     71          							{
     72          								Clear_fan();
     73          								draw_return_ui();
     74          							}
     75          								
     76          						}
     77          						else
     78          					#endif
     79          						{
     80          							last_disp_state = FAN_UI;
   \   00000032   0x.... 0x....      LDR.W    R1,??DataTable12_3
   \   00000036   0x2008             MOVS     R0,#+8
   \   00000038   0x7008             STRB     R0,[R1, #+0]
     81          							Clear_fan();
   \   0000003A   0x.... 0x....      LDR.W    R0,??DataTable12_4
   \   0000003E   0x6940             LDR      R0,[R0, #+20]
   \   00000040   0x.... 0x....      BL       GUI_SetBkColor
   \   00000044   0x.... 0x....      LDR.W    R4,??DataTable12_5
   \   00000048   0xF9B4 0x0000      LDRSH    R0,[R4, #+0]
   \   0000004C   0x.... 0x....      BL       WM_IsWindow
   \   00000050   0xB118             CBZ.N    R0,??cbFanWin_4
   \   00000052   0xF9B4 0x0000      LDRSH    R0,[R4, #+0]
   \   00000056   0x.... 0x....      BL       WM_DeleteWindow
     82          							draw_return_ui();
   \                     ??cbFanWin_4: (+1)
   \   0000005A   0xE8BD 0x4031      POP      {R0,R4,R5,LR}
   \   0000005E   0x.... 0x....      B.W      draw_return_ui
     83          						}
     84          				}
     85          				else if(pMsg->hWinSrc == buttonOpen.btnHandle)
   \                     ??cbFanWin_3: (+1)
   \   00000062   0x.... 0x....      LDR.W    R2,??DataTable12_6
   \   00000066   0xF9B2 0x3000      LDRSH    R3,[R2, #+0]
   \   0000006A   0x4298             CMP      R0,R3
   \   0000006C   0xD10E             BNE.N    ??cbFanWin_5
     86          				{					
     87          					//**push_cb_stack(UI_ACTION_FAN_FULL);
     88          					#if 0
     89          					if(last_disp_state == PRINT_READY_UI)
     90          					{
     91          						gCfgItems.fanOnoff = 1;
     92          						gCfgItems.pre_fanSpeed = 255;
     93          						SET_FAN_SPEED_COMMAND((char *)buf, gCfgItems.pre_fanSpeed);
     94          						pushFIFO(&gcodeCmdTxFIFO, buf);
     95          					}
     96          					else
     97          						#endif
     98          					{
     99          						gCfgItems.fanOnoff = 1;
   \   0000006E   0x.... 0x....      LDR.W    R1,??DataTable12_4
   \   00000072   0x2001             MOVS     R0,#+1
   \   00000074   0xF881 0x00B0      STRB     R0,[R1, #+176]
    100          						//gCfgItems.fanSpeed = 255;
    101          
    102          						//sprintf((char *)buf, "M106 S%d\n",gCfgItems.fanSpeed);
    103          						//enqueue_and_echo_commands_P(PSTR("M106 S255"));
    104          						//pushFIFO(&gcodeCmdTxFIFO, buf);	
    105          						fanSpeeds[0]=255;
   \   00000078   0x20FF             MOVS     R0,#+255
   \   0000007A   0x.... 0x....      LDR.W    R1,??DataTable12_7
   \   0000007E   0x6008             STR      R0,[R1, #+0]
    106          						MKS_FAN_TIM = fanSpeeds[0]*10000/255;
   \   00000080   0xF242 0x7010      MOVW     R0,#+10000
   \   00000084   0x.... 0x....      LDR.W    R1,??DataTable12_8  ;; 0x40000440
   \   00000088   0x6008             STR      R0,[R1, #+0]
    107          					}
    108          					disp_fan_speed();
   \   0000008A   0xE05C             B.N      ??cbFanWin_6
    109          				}
    110          				else if(pMsg->hWinSrc == buttonOff.btnHandle)
   \                     ??cbFanWin_5: (+1)
   \   0000008C   0xF9B1 0x1000      LDRSH    R1,[R1, #+0]
   \   00000090   0x4288             CMP      R0,R1
   \   00000092   0xD10E             BNE.N    ??cbFanWin_7
    111          				{					
    112          					//**push_cb_stack(UI_ACTION_FAN_OFF);
    113          					#if 0
    114          					if(last_disp_state == PRINT_READY_UI)
    115          					{
    116          						gCfgItems.fanOnoff = 0;
    117          						gCfgItems.pre_fanSpeed = 0;
    118          						pushFIFO(&gcodeCmdTxFIFO, (unsigned char *)SET_FAN_OFF_COMMAND);
    119          					}
    120          					else
    121          					#endif
    122          					{
    123          						gCfgItems.fanOnoff = 0;
   \   00000094   0x.... 0x....      LDR.W    R0,??DataTable12_4
   \   00000098   0x2100             MOVS     R1,#+0
   \   0000009A   0xF880 0x10B0      STRB     R1,[R0, #+176]
    124          						gCfgItems.fanSpeed = 0;
   \   0000009E   0xF880 0x10B1      STRB     R1,[R0, #+177]
    125          						//enqueue_and_echo_commands_P(PSTR("M107"));
    126          						//pushFIFO(&gcodeCmdTxFIFO, (unsigned char *)SET_FAN_OFF_COMMAND);
    127          						fanSpeeds[0] = 0;
   \   000000A2   0x2000             MOVS     R0,#+0
   \   000000A4   0x.... 0x....      LDR.W    R1,??DataTable12_7
   \   000000A8   0x6008             STR      R0,[R1, #+0]
    128          						MKS_FAN_TIM = 0 ;						
   \   000000AA   0x.... 0x....      LDR.W    R1,??DataTable12_8  ;; 0x40000440
   \   000000AE   0x6008             STR      R0,[R1, #+0]
    129          					}					
    130          					disp_fan_speed();
   \   000000B0   0xE049             B.N      ??cbFanWin_6
    131          				}
    132          				else if(pMsg->hWinSrc == buttonHalf.btnHandle)
   \                     ??cbFanWin_7: (+1)
   \   000000B2   0xF9B2 0x1018      LDRSH    R1,[R2, #+24]
   \   000000B6   0x4288             CMP      R0,R1
   \   000000B8   0xD10E             BNE.N    ??cbFanWin_8
    133          				{
    134          										
    135          					//**push_cb_stack(UI_ACTION_FAN_50);
    136          					//last_disp_state = FAN_UI;
    137          					#if 0
    138          					if(last_disp_state == PRINT_READY_UI)
    139          					{
    140          						gCfgItems.fanOnoff = 1;
    141          						gCfgItems.pre_fanSpeed = 127;
    142          						SET_FAN_SPEED_COMMAND((char *)buf, gCfgItems.pre_fanSpeed);
    143          						pushFIFO(&gcodeCmdTxFIFO, buf);
    144          					}
    145          					else
    146          						#endif
    147          					{
    148          						gCfgItems.fanOnoff = 1;
   \   000000BA   0x.... 0x....      LDR.W    R1,??DataTable12_4
   \   000000BE   0x2001             MOVS     R0,#+1
   \   000000C0   0xF881 0x00B0      STRB     R0,[R1, #+176]
    149          						//gCfgItems.fanSpeed = 128;
    150          						//SET_FAN_SPEED_COMMAND((char *)buf, gCfgItems.fanSpeed);
    151          						//enqueue_and_echo_commands_P(PSTR("M106 S128"));
    152          						//pushFIFO(&gcodeCmdTxFIFO, buf);	
    153          						fanSpeeds[0]=128;
   \   000000C4   0x2080             MOVS     R0,#+128
   \   000000C6   0x.... 0x....      LDR.W    R1,??DataTable12_7
   \   000000CA   0x6008             STR      R0,[R1, #+0]
    154          						MKS_FAN_TIM = fanSpeeds[0]*10000/255;						
   \   000000CC   0xF241 0x309B      MOVW     R0,#+5019
   \   000000D0   0x.... 0x....      LDR.W    R1,??DataTable12_8  ;; 0x40000440
   \   000000D4   0x6008             STR      R0,[R1, #+0]
    155          					}
    156          					disp_fan_speed();
   \   000000D6   0xE036             B.N      ??cbFanWin_6
    157          
    158          				}
    159          				else if(pMsg->hWinSrc == buttonAdd.btnHandle)
   \                     ??cbFanWin_8: (+1)
   \   000000D8   0x.... 0x....      LDR.W    R4,??DataTable12_5
   \   000000DC   0xF9B4 0x1008      LDRSH    R1,[R4, #+8]
   \   000000E0   0x4288             CMP      R0,R1
   \   000000E2   0xD116             BNE.N    ??cbFanWin_9
    160          				{										
    161          					//**push_cb_stack(UI_ACTION_FAN_UP);
    162          					#if 0
    163          					if(last_disp_state ==PRINT_READY_UI)
    164          					{
    165          						if(gCfgItems.pre_fanSpeed < 255)
    166          						{
    167          							gCfgItems.pre_fanSpeed++;
    168          							SET_FAN_SPEED_COMMAND((char *)buf, gCfgItems.pre_fanSpeed);
    169          							pushFIFO(&gcodeCmdTxFIFO, buf);
    170          						}
    171          					}
    172          					else
    173          						#endif
    174          					{
    175          						//if(gCfgItems.fanSpeed < 255)
    176          						if(fanSpeeds[0]<255)
   \   000000E4   0x.... 0x....      LDR.W    R1,??DataTable12_7
   \   000000E8   0x.... 0x....      LDR.W    R0,??DataTable12_8  ;; 0x40000440
   \   000000EC   0x680A             LDR      R2,[R1, #+0]
   \   000000EE   0xF242 0x7310      MOVW     R3,#+10000
   \   000000F2   0x2AFF             CMP      R2,#+255
   \   000000F4   0xDA09             BGE.N    ??cbFanWin_10
    177          						{
    178          							gCfgItems.fanOnoff = 1;
   \   000000F6   0x.... 0x....      LDR.W    R5,??DataTable12_4
   \   000000FA   0x2401             MOVS     R4,#+1
   \   000000FC   0xF885 0x40B0      STRB     R4,[R5, #+176]
    179          							//gCfgItems.fanSpeed++;
    180          							//SET_FAN_SPEED_COMMAND((char *)buf, gCfgItems.fanSpeed);
    181          							//pushFIFO(&gcodeCmdTxFIFO, buf);	
    182          							//sprintf((char *)buf, "M106 S%d",gCfgItems.fanSpeed);
    183          							//enqueue_and_echo_commands_P(PSTR(buf));
    184          							fanSpeeds[0]++;
   \   00000100   0x1C52             ADDS     R2,R2,#+1
   \   00000102   0x600A             STR      R2,[R1, #+0]
    185          							MKS_FAN_TIM = fanSpeeds[0]*10000/255;							
   \   00000104   0xFB03 0xF102      MUL      R1,R3,R2
   \   00000108   0xE015             B.N      ??cbFanWin_11
    186          						}
    187          						else
    188          						{
    189          							fanSpeeds[0]=255;
   \                     ??cbFanWin_10: (+1)
   \   0000010A   0x22FF             MOVS     R2,#+255
   \   0000010C   0x600A             STR      R2,[R1, #+0]
    190          							MKS_FAN_TIM = fanSpeeds[0]*10000/255;								
   \   0000010E   0x6003             STR      R3,[R0, #+0]
   \   00000110   0xE019             B.N      ??cbFanWin_6
    191          						}
    192          					}
    193          					disp_fan_speed();
    194          				}
    195          				else if(pMsg->hWinSrc == buttonDec.btnHandle)
   \                     ??cbFanWin_9: (+1)
   \   00000112   0xF9B4 0x1020      LDRSH    R1,[R4, #+32]
   \   00000116   0x4288             CMP      R0,R1
   \   00000118   0xD11C             BNE.N    ??cbFanWin_1
    196          				{					
    197          					//**push_cb_stack(UI_ACTION_FAN_DOWN);
    198          					#if 0
    199          					if(last_disp_state ==PRINT_READY_UI)
    200          					{
    201          						if(gCfgItems.pre_fanSpeed > 0)
    202          						{
    203          							gCfgItems.pre_fanSpeed--;
    204          							SET_FAN_SPEED_COMMAND((char *)buf, gCfgItems.pre_fanSpeed);						
    205          							pushFIFO(&gcodeCmdTxFIFO, buf);
    206          						}
    207          					}
    208          					else
    209          						#endif
    210          					{
    211          						//if(gCfgItems.fanSpeed > 0)
    212          						if(fanSpeeds[0]>0)
   \   0000011A   0x....             LDR.N    R1,??DataTable12_7
   \   0000011C   0x....             LDR.N    R0,??DataTable12_8  ;; 0x40000440
   \   0000011E   0x680A             LDR      R2,[R1, #+0]
   \   00000120   0x2A01             CMP      R2,#+1
   \   00000122   0xDB0D             BLT.N    ??cbFanWin_12
    213          						{
    214          							gCfgItems.fanOnoff = 1;
   \   00000124   0x....             LDR.N    R4,??DataTable12_4
   \   00000126   0x2301             MOVS     R3,#+1
   \   00000128   0xF884 0x30B0      STRB     R3,[R4, #+176]
    215          							//gCfgItems.fanSpeed--;
    216          							//SET_FAN_SPEED_COMMAND((char *)buf, gCfgItems.fanSpeed);						
    217          							//pushFIFO(&gcodeCmdTxFIFO, buf);
    218          							//sprintf((char *)buf, "M106 S%d",gCfgItems.fanSpeed);
    219          							//enqueue_and_echo_commands_P(PSTR(buf));
    220          							fanSpeeds[0]--;
   \   0000012C   0x1E52             SUBS     R2,R2,#+1
   \   0000012E   0x600A             STR      R2,[R1, #+0]
    221          							MKS_FAN_TIM = fanSpeeds[0]*10000/255;							
   \   00000130   0xF242 0x7110      MOVW     R1,#+10000
   \   00000134   0x4351             MULS     R1,R1,R2
   \                     ??cbFanWin_11: (+1)
   \   00000136   0x22FF             MOVS     R2,#+255
   \   00000138   0xFB91 0xF1F2      SDIV     R1,R1,R2
   \   0000013C   0x6001             STR      R1,[R0, #+0]
   \   0000013E   0xE002             B.N      ??cbFanWin_6
    222          						}
    223          						else
    224          						{
    225          							fanSpeeds[0]=0;
   \                     ??cbFanWin_12: (+1)
   \   00000140   0x2200             MOVS     R2,#+0
   \   00000142   0x600A             STR      R2,[R1, #+0]
    226          							MKS_FAN_TIM = fanSpeeds[0]*10000/255;								
   \   00000144   0x6002             STR      R2,[R0, #+0]
    227          						}
    228          					}
    229          					disp_fan_speed();
   \                     ??cbFanWin_6: (+1)
   \   00000146   0xE8BD 0x4031      POP      {R0,R4,R5,LR}
   \   0000014A   0x....             B.N      disp_fan_speed
    230          				}                
    231          			}
    232          			
    233          			break;
    234          			
    235          		default:
    236          			WM_DefaultProc(pMsg);
   \                     ??cbFanWin_2: (+1)
   \   0000014C   0xE8BD 0x4032      POP      {R1,R4,R5,LR}
   \   00000150   0x.... 0x....      B.W      WM_DefaultProc
    237          		}
    238          	}
   \                     ??cbFanWin_1: (+1)
   \   00000154   0xBD31             POP      {R0,R4,R5,PC}    ;; return
    239          
    240          

   \                                 In section .text, align 2, keep-with-next
    241          void draw_fan()
    242          {
   \                     draw_fan: (+1)
   \   00000000   0xE92D 0x47F0      PUSH     {R4-R10,LR}
    243          	int i;
                 	    ^
Warning[Pe177]: variable "i" was declared but never referenced
    244          
    245          	if(disp_state_stack._disp_state[disp_state_stack._disp_index] != FAN_UI)
   \   00000004   0x....             LDR.N    R0,??DataTable12_9
   \   00000006   0xF990 0x1064      LDRSB    R1,[R0, #+100]
   \   0000000A   0xB086             SUB      SP,SP,#+24
   \   0000000C   0x560A             LDRSB    R2,[R1, R0]
   \   0000000E   0x2A08             CMP      R2,#+8
   \   00000010   0xD005             BEQ.N    ??draw_fan_0
    246          	{
    247          		disp_state_stack._disp_index++;
   \   00000012   0x1C49             ADDS     R1,R1,#+1
   \   00000014   0xF880 0x1064      STRB     R1,[R0, #+100]
    248          		disp_state_stack._disp_state[disp_state_stack._disp_index] = FAN_UI;
   \   00000018   0x2208             MOVS     R2,#+8
   \   0000001A   0xB249             SXTB     R1,R1
   \   0000001C   0x540A             STRB     R2,[R1, R0]
    249          	}
    250          	disp_state = FAN_UI;
   \                     ??draw_fan_0: (+1)
   \   0000001E   0x2008             MOVS     R0,#+8
   \   00000020   0x....             LDR.N    R1,??DataTable12_10
    251          		
    252          	GUI_SetBkColor(gCfgItems.background_color);
   \   00000022   0x....             LDR.N    R4,??DataTable12_4
   \   00000024   0x7008             STRB     R0,[R1, #+0]
   \   00000026   0x6960             LDR      R0,[R4, #+20]
   \   00000028   0x.... 0x....      BL       GUI_SetBkColor
    253          	GUI_SetColor(gCfgItems.title_color);
   \   0000002C   0x69A0             LDR      R0,[R4, #+24]
   \   0000002E   0x.... 0x....      BL       GUI_SetColor
    254          	GUI_Clear();
   \   00000032   0x.... 0x....      BL       GUI_Clear
    255          
    256          	GUI_DispStringAt(creat_title_text(),  TITLE_XPOS, TITLE_YPOS);
   \   00000036   0x.... 0x....      BL       creat_title_text
   \   0000003A   0x2205             MOVS     R2,#+5
   \   0000003C   0x2103             MOVS     R1,#+3
   \   0000003E   0x.... 0x....      BL       GUI_DispStringAt
    257          	
    258          	hFanWnd = WM_CreateWindow(0, titleHeight, LCD_WIDTH, imgHeight, WM_CF_SHOW, cbFanWin, 0);
   \   00000042   0x2000             MOVS     R0,#+0
   \   00000044   0x9002             STR      R0,[SP, #+8]
   \   00000046   0xF44F 0x738E      MOV      R3,#+284
   \   0000004A   0x....             LDR.N    R0,??DataTable12_11
   \   0000004C   0x....             LDR.N    R5,??DataTable12_5
   \   0000004E   0x9001             STR      R0,[SP, #+4]
   \   00000050   0xF44F 0x72F0      MOV      R2,#+480
   \   00000054   0x2002             MOVS     R0,#+2
   \   00000056   0x9000             STR      R0,[SP, #+0]
   \   00000058   0x2124             MOVS     R1,#+36
   \   0000005A   0x2000             MOVS     R0,#+0
   \   0000005C   0x.... 0x....      BL       WM_CreateWindow
   \   00000060   0x8028             STRH     R0,[R5, #+0]
    259          
    260          	buttonAdd.btnHandle = BUTTON_CreateEx(INTERVAL_V, 0,BTN_X_PIXEL, BTN_Y_PIXEL, hFanWnd, BUTTON_CF_SHOW, 0, alloc_win_id());
   \   00000062   0x.... 0x....      BL       alloc_win_id
   \   00000066   0x9003             STR      R0,[SP, #+12]
   \   00000068   0x238C             MOVS     R3,#+140
   \   0000006A   0x2000             MOVS     R0,#+0
   \   0000006C   0x9002             STR      R0,[SP, #+8]
   \   0000006E   0x2275             MOVS     R2,#+117
   \   00000070   0x2002             MOVS     R0,#+2
   \   00000072   0x9001             STR      R0,[SP, #+4]
   \   00000074   0x2100             MOVS     R1,#+0
   \   00000076   0xF9B5 0x0000      LDRSH    R0,[R5, #+0]
   \   0000007A   0x9000             STR      R0,[SP, #+0]
   \   0000007C   0x2002             MOVS     R0,#+2
   \   0000007E   0x.... 0x....      BL       BUTTON_CreateEx
   \   00000082   0x8128             STRH     R0,[R5, #+8]
    261          	buttonDec.btnHandle = BUTTON_CreateEx(BTN_X_PIXEL*3+INTERVAL_V*4,  0,BTN_X_PIXEL, BTN_Y_PIXEL, hFanWnd, BUTTON_CF_SHOW, 0, alloc_win_id());
   \   00000084   0x.... 0x....      BL       alloc_win_id
   \   00000088   0x9003             STR      R0,[SP, #+12]
   \   0000008A   0xF240 0x1867      MOVW     R8,#+359
   \   0000008E   0x2000             MOVS     R0,#+0
   \   00000090   0x9002             STR      R0,[SP, #+8]
   \   00000092   0x238C             MOVS     R3,#+140
   \   00000094   0x2002             MOVS     R0,#+2
   \   00000096   0x9001             STR      R0,[SP, #+4]
   \   00000098   0x2275             MOVS     R2,#+117
   \   0000009A   0xF9B5 0x0000      LDRSH    R0,[R5, #+0]
   \   0000009E   0x9000             STR      R0,[SP, #+0]
   \   000000A0   0x2100             MOVS     R1,#+0
   \   000000A2   0x4640             MOV      R0,R8
   \   000000A4   0x.... 0x....      BL       BUTTON_CreateEx
   \   000000A8   0x8428             STRH     R0,[R5, #+32]
    262          	buttonOpen.btnHandle = BUTTON_CreateEx(INTERVAL_V,  BTN_Y_PIXEL+INTERVAL_H, BTN_X_PIXEL,BTN_Y_PIXEL, hFanWnd, BUTTON_CF_SHOW, 0, alloc_win_id());
   \   000000AA   0x.... 0x....      BL       alloc_win_id
   \   000000AE   0x9003             STR      R0,[SP, #+12]
   \   000000B0   0x2000             MOVS     R0,#+0
   \   000000B2   0x9002             STR      R0,[SP, #+8]
   \   000000B4   0x2002             MOVS     R0,#+2
   \   000000B6   0x9001             STR      R0,[SP, #+4]
   \   000000B8   0x238C             MOVS     R3,#+140
   \   000000BA   0xF9B5 0x0000      LDRSH    R0,[R5, #+0]
   \   000000BE   0x....             LDR.N    R6,??DataTable12_6
   \   000000C0   0x9000             STR      R0,[SP, #+0]
   \   000000C2   0x2275             MOVS     R2,#+117
   \   000000C4   0x218E             MOVS     R1,#+142
   \   000000C6   0x2002             MOVS     R0,#+2
   \   000000C8   0x.... 0x....      BL       BUTTON_CreateEx
   \   000000CC   0x8030             STRH     R0,[R6, #+0]
    263          	buttonHalf.btnHandle = BUTTON_CreateEx(BTN_X_PIXEL+INTERVAL_V*2,  BTN_Y_PIXEL+INTERVAL_H,BTN_X_PIXEL, BTN_Y_PIXEL, hFanWnd, BUTTON_CF_SHOW, 0, alloc_win_id());
   \   000000CE   0x.... 0x....      BL       alloc_win_id
   \   000000D2   0x9003             STR      R0,[SP, #+12]
   \   000000D4   0x238C             MOVS     R3,#+140
   \   000000D6   0x2000             MOVS     R0,#+0
   \   000000D8   0x9002             STR      R0,[SP, #+8]
   \   000000DA   0x2275             MOVS     R2,#+117
   \   000000DC   0x2002             MOVS     R0,#+2
   \   000000DE   0x9001             STR      R0,[SP, #+4]
   \   000000E0   0x218E             MOVS     R1,#+142
   \   000000E2   0xF9B5 0x0000      LDRSH    R0,[R5, #+0]
   \   000000E6   0x9000             STR      R0,[SP, #+0]
   \   000000E8   0x2079             MOVS     R0,#+121
   \   000000EA   0x.... 0x....      BL       BUTTON_CreateEx
   \   000000EE   0x8330             STRH     R0,[R6, #+24]
    264          	buttonOff.btnHandle = BUTTON_CreateEx(BTN_X_PIXEL*2+INTERVAL_V*3,  BTN_Y_PIXEL+INTERVAL_H,BTN_X_PIXEL, BTN_Y_PIXEL, hFanWnd, BUTTON_CF_SHOW, 0, alloc_win_id());
   \   000000F0   0x.... 0x....      BL       alloc_win_id
   \   000000F4   0x9003             STR      R0,[SP, #+12]
   \   000000F6   0x2000             MOVS     R0,#+0
   \   000000F8   0x9002             STR      R0,[SP, #+8]
   \   000000FA   0x2002             MOVS     R0,#+2
   \   000000FC   0x9001             STR      R0,[SP, #+4]
   \   000000FE   0x238C             MOVS     R3,#+140
   \   00000100   0xF9B5 0x0000      LDRSH    R0,[R5, #+0]
   \   00000104   0x....             LDR.N    R7,??DataTable12_2
   \   00000106   0x9000             STR      R0,[SP, #+0]
   \   00000108   0x2275             MOVS     R2,#+117
   \   0000010A   0x218E             MOVS     R1,#+142
   \   0000010C   0x20F0             MOVS     R0,#+240
   \   0000010E   0x.... 0x....      BL       BUTTON_CreateEx
   \   00000112   0x8038             STRH     R0,[R7, #+0]
    265          	buttonRet.btnHandle = BUTTON_CreateEx(BTN_X_PIXEL*3+INTERVAL_V*4,  BTN_Y_PIXEL+INTERVAL_H,BTN_X_PIXEL, BTN_Y_PIXEL, hFanWnd, BUTTON_CF_SHOW, 0, alloc_win_id());
   \   00000114   0x.... 0x....      BL       alloc_win_id
   \   00000118   0x9003             STR      R0,[SP, #+12]
   \   0000011A   0x238C             MOVS     R3,#+140
   \   0000011C   0x2000             MOVS     R0,#+0
   \   0000011E   0x9002             STR      R0,[SP, #+8]
   \   00000120   0x2275             MOVS     R2,#+117
   \   00000122   0x2002             MOVS     R0,#+2
   \   00000124   0x9001             STR      R0,[SP, #+4]
   \   00000126   0x218E             MOVS     R1,#+142
   \   00000128   0xF9B5 0x0000      LDRSH    R0,[R5, #+0]
   \   0000012C   0x9000             STR      R0,[SP, #+0]
   \   0000012E   0x4640             MOV      R0,R8
   \   00000130   0x.... 0x....      BL       BUTTON_CreateEx
   \   00000134   0x8338             STRH     R0,[R7, #+24]
    266          
    267          	TextFanSpeed = TEXT_CreateEx(BTN_X_PIXEL+INTERVAL_V*2, (BTN_Y_PIXEL-60)/2, BTN_X_PIXEL*2+INTERVAL_V,30, hFanWnd, WM_CF_SHOW, TEXT_CF_HCENTER,	alloc_win_id(), " ");
   \   00000136   0x.... 0x....      BL       alloc_win_id
   \   0000013A   0x9003             STR      R0,[SP, #+12]
   \   0000013C   0x.... 0x....      ADR.W    R8,??DataTable12  ;; " "
   \   00000140   0x2002             MOVS     R0,#+2
   \   00000142   0x9002             STR      R0,[SP, #+8]
   \   00000144   0x9001             STR      R0,[SP, #+4]
   \   00000146   0xF8CD 0x8010      STR      R8,[SP, #+16]
   \   0000014A   0x231E             MOVS     R3,#+30
   \   0000014C   0xF9B5 0x0000      LDRSH    R0,[R5, #+0]
   \   00000150   0x9000             STR      R0,[SP, #+0]
   \   00000152   0x22EC             MOVS     R2,#+236
   \   00000154   0x2128             MOVS     R1,#+40
   \   00000156   0x2079             MOVS     R0,#+121
   \   00000158   0x.... 0x....      BL       TEXT_CreateEx
   \   0000015C   0x8068             STRH     R0,[R5, #+2]
    268          	TextFanValue = TEXT_CreateEx(BTN_X_PIXEL+INTERVAL_V*2, (BTN_Y_PIXEL-60)/2+30, BTN_X_PIXEL*2+INTERVAL_V,30, hFanWnd, WM_CF_SHOW, TEXT_CF_HCENTER,	alloc_win_id(), " ");
   \   0000015E   0x.... 0x....      BL       alloc_win_id
   \   00000162   0x9003             STR      R0,[SP, #+12]
   \   00000164   0xF8CD 0x8010      STR      R8,[SP, #+16]
   \   00000168   0x2002             MOVS     R0,#+2
   \   0000016A   0x9002             STR      R0,[SP, #+8]
   \   0000016C   0x9001             STR      R0,[SP, #+4]
   \   0000016E   0x231E             MOVS     R3,#+30
   \   00000170   0xF9B5 0x0000      LDRSH    R0,[R5, #+0]
   \   00000174   0x9000             STR      R0,[SP, #+0]
   \   00000176   0x22EC             MOVS     R2,#+236
   \   00000178   0x2146             MOVS     R1,#+70
   \   0000017A   0x2079             MOVS     R0,#+121
   \   0000017C   0x.... 0x....      BL       TEXT_CreateEx
   \   00000180   0x80A8             STRH     R0,[R5, #+4]
    269          	
    270          	BUTTON_SetBmpFileName(buttonAdd.btnHandle, "bmp_Add.bin",1);	
   \   00000182   0x2201             MOVS     R2,#+1
   \   00000184   0xF9B5 0x0008      LDRSH    R0,[R5, #+8]
   \   00000188   0x.... 0x....      ADR.W    R1,`?<Constant "bmp_Add.bin">`
   \   0000018C   0x.... 0x....      BL       BUTTON_SetBmpFileName
    271          	BUTTON_SetBmpFileName(buttonDec.btnHandle, "bmp_Dec.bin",1);	
   \   00000190   0xF9B5 0x0020      LDRSH    R0,[R5, #+32]
   \   00000194   0x.... 0x....      ADR.W    R1,`?<Constant "bmp_Dec.bin">`
   \   00000198   0x2201             MOVS     R2,#+1
   \   0000019A   0x.... 0x....      BL       BUTTON_SetBmpFileName
    272          	BUTTON_SetBmpFileName(buttonOpen.btnHandle, "bmp_speed255.bin",1);	
   \   0000019E   0xF9B6 0x0000      LDRSH    R0,[R6, #+0]
   \   000001A2   0x.... 0x....      ADR.W    R1,`?<Constant "bmp_speed255.bin">`
   \   000001A6   0x2201             MOVS     R2,#+1
   \   000001A8   0x.... 0x....      BL       BUTTON_SetBmpFileName
    273          	BUTTON_SetBmpFileName(buttonHalf.btnHandle, "bmp_speed127.bin",1);	
   \   000001AC   0xF9B6 0x0018      LDRSH    R0,[R6, #+24]
   \   000001B0   0x.... 0x....      ADR.W    R1,`?<Constant "bmp_speed127.bin">`
   \   000001B4   0x2201             MOVS     R2,#+1
   \   000001B6   0x.... 0x....      BL       BUTTON_SetBmpFileName
    274          	BUTTON_SetBmpFileName(buttonOff.btnHandle, "bmp_speed0.bin",1);	
   \   000001BA   0xF9B7 0x0000      LDRSH    R0,[R7, #+0]
   \   000001BE   0x.... 0x....      ADR.W    R1,`?<Constant "bmp_speed0.bin">`
   \   000001C2   0x2201             MOVS     R2,#+1
   \   000001C4   0x.... 0x....      BL       BUTTON_SetBmpFileName
    275          	BUTTON_SetBmpFileName(buttonRet.btnHandle, "bmp_return.bin",1);	
   \   000001C8   0xF9B7 0x0018      LDRSH    R0,[R7, #+24]
   \   000001CC   0x.... 0x....      ADR.W    R1,`?<Constant "bmp_return.bin">`
   \   000001D0   0x2201             MOVS     R2,#+1
   \   000001D2   0x.... 0x....      BL       BUTTON_SetBmpFileName
    276          	
    277          	BUTTON_SetBitmapEx(buttonAdd.btnHandle, 0, &bmp_struct, BMP_PIC_X, BMP_PIC_Y);
   \   000001D6   0x.... 0x....      LDR.W    R10,??DataTable12_12
   \   000001DA   0x.... 0x....      LDR.W    R9,??DataTable12_13
   \   000001DE   0xF99A 0x0000      LDRSB    R0,[R10, #+0]
   \   000001E2   0x.... 0x....      LDR.W    R8,??DataTable12_14
   \   000001E6   0xF999 0x3000      LDRSB    R3,[R9, #+0]
   \   000001EA   0x9000             STR      R0,[SP, #+0]
   \   000001EC   0x4642             MOV      R2,R8
   \   000001EE   0xF9B5 0x0008      LDRSH    R0,[R5, #+8]
   \   000001F2   0x2100             MOVS     R1,#+0
   \   000001F4   0x.... 0x....      BL       BUTTON_SetBitmapEx
    278          	BUTTON_SetBitmapEx(buttonDec.btnHandle, 0, &bmp_struct, BMP_PIC_X, BMP_PIC_Y);
   \   000001F8   0xF99A 0x0000      LDRSB    R0,[R10, #+0]
   \   000001FC   0xF999 0x3000      LDRSB    R3,[R9, #+0]
   \   00000200   0x9000             STR      R0,[SP, #+0]
   \   00000202   0x4642             MOV      R2,R8
   \   00000204   0xF9B5 0x0020      LDRSH    R0,[R5, #+32]
   \   00000208   0x2100             MOVS     R1,#+0
   \   0000020A   0x.... 0x....      BL       BUTTON_SetBitmapEx
    279          	BUTTON_SetBitmapEx(buttonOpen.btnHandle, 0, &bmp_struct, BMP_PIC_X, BMP_PIC_Y);
   \   0000020E   0xF99A 0x0000      LDRSB    R0,[R10, #+0]
   \   00000212   0x9000             STR      R0,[SP, #+0]
   \   00000214   0x2100             MOVS     R1,#+0
   \   00000216   0xF999 0x3000      LDRSB    R3,[R9, #+0]
   \   0000021A   0x5E70             LDRSH    R0,[R6, R1]
   \   0000021C   0x4642             MOV      R2,R8
   \   0000021E   0x.... 0x....      BL       BUTTON_SetBitmapEx
    280          	BUTTON_SetBitmapEx(buttonHalf.btnHandle, 0, &bmp_struct, BMP_PIC_X, BMP_PIC_Y);
   \   00000222   0xF99A 0x0000      LDRSB    R0,[R10, #+0]
   \   00000226   0xF999 0x3000      LDRSB    R3,[R9, #+0]
   \   0000022A   0x9000             STR      R0,[SP, #+0]
   \   0000022C   0x4642             MOV      R2,R8
   \   0000022E   0xF9B6 0x0018      LDRSH    R0,[R6, #+24]
   \   00000232   0x2100             MOVS     R1,#+0
   \   00000234   0x.... 0x....      BL       BUTTON_SetBitmapEx
    281          	BUTTON_SetBitmapEx(buttonOff.btnHandle, 0, &bmp_struct, BMP_PIC_X, BMP_PIC_Y);
   \   00000238   0xF99A 0x0000      LDRSB    R0,[R10, #+0]
   \   0000023C   0x9000             STR      R0,[SP, #+0]
   \   0000023E   0x2100             MOVS     R1,#+0
   \   00000240   0xF999 0x3000      LDRSB    R3,[R9, #+0]
   \   00000244   0x5E78             LDRSH    R0,[R7, R1]
   \   00000246   0x4642             MOV      R2,R8
   \   00000248   0x.... 0x....      BL       BUTTON_SetBitmapEx
    282          	BUTTON_SetBitmapEx(buttonRet.btnHandle, 0, &bmp_struct, BMP_PIC_X, BMP_PIC_Y);
   \   0000024C   0xF99A 0x0000      LDRSB    R0,[R10, #+0]
   \   00000250   0xF999 0x3000      LDRSB    R3,[R9, #+0]
   \   00000254   0x9000             STR      R0,[SP, #+0]
   \   00000256   0x4642             MOV      R2,R8
   \   00000258   0xF9B7 0x0018      LDRSH    R0,[R7, #+24]
   \   0000025C   0x2100             MOVS     R1,#+0
   \   0000025E   0x.... 0x....      BL       BUTTON_SetBitmapEx
    283          
    284            	if(gCfgItems.multiple_language != 0)	
   \   00000262   0xF894 0x01CF      LDRB     R0,[R4, #+463]
   \   00000266   0xB1F8             CBZ.N    R0,??draw_fan_1
    285            	{
    286          		BUTTON_SetText(buttonAdd.btnHandle, fan_menu.add);
   \   00000268   0x....             LDR.N    R4,??DataTable12_15
   \   0000026A   0xF9B5 0x0008      LDRSH    R0,[R5, #+8]
   \   0000026E   0x6861             LDR      R1,[R4, #+4]
   \   00000270   0x.... 0x....      BL       BUTTON_SetText
    287          		BUTTON_SetText(buttonDec.btnHandle, fan_menu.dec);
   \   00000274   0x68A1             LDR      R1,[R4, #+8]
   \   00000276   0xF9B5 0x0020      LDRSH    R0,[R5, #+32]
   \   0000027A   0x.... 0x....      BL       BUTTON_SetText
    288          		BUTTON_SetText(buttonOpen.btnHandle,fan_menu.full);
   \   0000027E   0x68E1             LDR      R1,[R4, #+12]
   \   00000280   0xF9B6 0x0000      LDRSH    R0,[R6, #+0]
   \   00000284   0x.... 0x....      BL       BUTTON_SetText
    289          		BUTTON_SetText(buttonHalf.btnHandle, fan_menu.half);
   \   00000288   0x6921             LDR      R1,[R4, #+16]
   \   0000028A   0xF9B6 0x0018      LDRSH    R0,[R6, #+24]
   \   0000028E   0x.... 0x....      BL       BUTTON_SetText
    290          		BUTTON_SetText(buttonOff.btnHandle, fan_menu.off);
   \   00000292   0x6961             LDR      R1,[R4, #+20]
   \   00000294   0xF9B7 0x0000      LDRSH    R0,[R7, #+0]
   \   00000298   0x.... 0x....      BL       BUTTON_SetText
    291          		BUTTON_SetText(buttonRet.btnHandle, common_menu.text_back);
   \   0000029C   0x....             LDR.N    R0,??DataTable12_16
   \   0000029E   0x6801             LDR      R1,[R0, #+0]
   \   000002A0   0xF9B7 0x0018      LDRSH    R0,[R7, #+24]
   \   000002A4   0x.... 0x....      BL       BUTTON_SetText
    292            	}
    293          
    294          	disp_fan_speed();
   \                     ??draw_fan_1: (+1)
   \   000002A8   0xB006             ADD      SP,SP,#+24
   \   000002AA   0xE8BD 0x47F0      POP      {R4-R10,LR}
   \   000002AE                      REQUIRE disp_fan_speed
   \   000002AE                      ;; // Fall through to label disp_fan_speed
    295          	
    296          	//GUI_Exec();
    297          
    298          
    299          	
    300          }
    301          

   \                                 In section .text, align 2, keep-with-next
    302          void disp_fan_speed()
    303          {
   \                     disp_fan_speed: (+1)
   \   00000000   0xB530             PUSH     {R4,R5,LR}
   \   00000002   0xB089             SUB      SP,SP,#+36
    304          	char buf[20] = {0};
   \   00000004   0xA803             ADD      R0,SP,#+12
   \   00000006   0x2100             MOVS     R1,#+0
   \   00000008   0x2200             MOVS     R2,#+0
   \   0000000A   0x460B             MOV      R3,R1
   \   0000000C   0xC00E             STM      R0!,{R1-R3}
   \   0000000E   0xC006             STM      R0!,{R1,R2}
    305          	char buf1[10] = {0};
   \   00000010   0xA800             ADD      R0,SP,#+0
    306          	TEXT_SetTextColor(TextFanSpeed, gCfgItems.title_color);
   \   00000012   0x....             LDR.N    R4,??DataTable12_5
   \   00000014   0x....             LDR.N    R5,??DataTable12_4
   \   00000016   0xC00E             STM      R0!,{R1-R3}
   \   00000018   0x69A9             LDR      R1,[R5, #+24]
   \   0000001A   0xF9B4 0x0002      LDRSH    R0,[R4, #+2]
   \   0000001E   0x.... 0x....      BL       TEXT_SetTextColor
    307          	TEXT_SetBkColor(TextFanSpeed, gCfgItems.background_color);
   \   00000022   0x6969             LDR      R1,[R5, #+20]
   \   00000024   0xF9B4 0x0002      LDRSH    R0,[R4, #+2]
   \   00000028   0x.... 0x....      BL       TEXT_SetBkColor
    308          	TEXT_SetTextColor(TextFanValue, gCfgItems.title_color);
   \   0000002C   0x69A9             LDR      R1,[R5, #+24]
   \   0000002E   0xF9B4 0x0004      LDRSH    R0,[R4, #+4]
   \   00000032   0x.... 0x....      BL       TEXT_SetTextColor
    309          	TEXT_SetBkColor(TextFanValue, gCfgItems.background_color);
   \   00000036   0x6969             LDR      R1,[R5, #+20]
   \   00000038   0xF9B4 0x0004      LDRSH    R0,[R4, #+4]
   \   0000003C   0x.... 0x....      BL       TEXT_SetBkColor
    310          
    311          	sprintf(buf, fan_menu.state);
   \   00000040   0x....             LDR.N    R0,??DataTable12_15
   \   00000042   0x69C1             LDR      R1,[R0, #+28]
   \   00000044   0xA803             ADD      R0,SP,#+12
   \   00000046   0x.... 0x....      BL       sprintf
    312          	#if 0
    313          	if(last_disp_state == PRINT_READY_UI)
    314          	{
    315          			if(gCfgItems.fanOnoff)
    316          			{
    317          				sprintf(buf1, "%d", gCfgItems.pre_fanSpeed);
    318          			}
    319          			else
    320          			{
    321          				sprintf(buf1, "0");
    322          			}
    323          		
    324          	}
    325          	else
    326          		#endif
    327          	//{
    328          	//		if(gCfgItems.fanOnoff)
    329          	//		{
    330          	//			sprintf(buf1, "%d", fanSpeeds[0]/*gCfgItems.fanSpeed*/);
    331          	//		}
    332          	//		else
    333          	//		{
    334          	//			sprintf(buf1, "0");
    335          	//		}
    336          	//}
    337          	sprintf(buf1, "%d", fanSpeeds[0]/*gCfgItems.fanSpeed*/);
   \   0000004A   0x....             LDR.N    R0,??DataTable12_7
   \   0000004C   0x6802             LDR      R2,[R0, #+0]
   \   0000004E   0x....             ADR.N    R1,??DataTable12_1  ;; 0x25, 0x64, 0x00, 0x00
   \   00000050   0xA800             ADD      R0,SP,#+0
   \   00000052   0x.... 0x....      BL       sprintf
    338          
    339          	TEXT_SetText(TextFanSpeed, buf);
   \   00000056   0xF9B4 0x0002      LDRSH    R0,[R4, #+2]
   \   0000005A   0xA903             ADD      R1,SP,#+12
   \   0000005C   0x.... 0x....      BL       TEXT_SetText
    340          	TEXT_SetText(TextFanValue, buf1);
   \   00000060   0xF9B4 0x0004      LDRSH    R0,[R4, #+4]
   \   00000064   0xA900             ADD      R1,SP,#+0
   \   00000066   0x.... 0x....      BL       TEXT_SetText
    341          }
   \   0000006A   0xB009             ADD      SP,SP,#+36
   \   0000006C   0xBD30             POP      {R4,R5,PC}       ;; return
    342          
    343          

   \                                 In section .text, align 2, keep-with-next
    344          void Clear_fan()
    345          {
   \                     Clear_fan: (+1)
   \   00000000   0xB510             PUSH     {R4,LR}
    346          	GUI_SetBkColor(gCfgItems.background_color);
   \   00000002   0x....             LDR.N    R0,??DataTable12_4
   \   00000004   0x6940             LDR      R0,[R0, #+20]
   \   00000006   0x.... 0x....      BL       GUI_SetBkColor
    347          	if(WM_IsWindow(hFanWnd))
   \   0000000A   0x....             LDR.N    R4,??DataTable12_5
   \   0000000C   0xF9B4 0x0000      LDRSH    R0,[R4, #+0]
   \   00000010   0x.... 0x....      BL       WM_IsWindow
   \   00000014   0xB128             CBZ.N    R0,??Clear_fan_0
    348          	{
    349          		WM_DeleteWindow(hFanWnd);
   \   00000016   0xF9B4 0x0000      LDRSH    R0,[R4, #+0]
   \   0000001A   0xE8BD 0x4010      POP      {R4,LR}
   \   0000001E   0x.... 0x....      B.W      WM_DeleteWindow
    350          		//GUI_Exec();
    351          	}
    352          	//GUI_Clear();
    353          }
   \                     ??Clear_fan_0: (+1)
   \   00000022   0xBD10             POP      {R4,PC}          ;; return

   \                                 In section .text, align 4, keep-with-next
   \                     ??DataTable12:
   \   00000000   0x20 0x00          DC8      " ",0x0,0x0
   \              0x00 0x00    

   \                                 In section .text, align 4, keep-with-next
   \                     ??DataTable12_1:
   \   00000000   0x25 0x64          DC8      0x25, 0x64, 0x00, 0x00
   \              0x00 0x00    

   \                                 In section .text, align 4, keep-with-next
   \                     ??DataTable12_2:
   \   00000000   0x........         DC32     buttonOff

   \                                 In section .text, align 4, keep-with-next
   \                     ??DataTable12_3:
   \   00000000   0x........         DC32     last_disp_state

   \                                 In section .text, align 4, keep-with-next
   \                     ??DataTable12_4:
   \   00000000   0x........         DC32     gCfgItems

   \                                 In section .text, align 4, keep-with-next
   \                     ??DataTable12_5:
   \   00000000   0x........         DC32     hFanWnd

   \                                 In section .text, align 4, keep-with-next
   \                     ??DataTable12_6:
   \   00000000   0x........         DC32     buttonOpen

   \                                 In section .text, align 4, keep-with-next
   \                     ??DataTable12_7:
   \   00000000   0x........         DC32     fanSpeeds

   \                                 In section .text, align 4, keep-with-next
   \                     ??DataTable12_8:
   \   00000000   0x40000440         DC32     0x40000440

   \                                 In section .text, align 4, keep-with-next
   \                     ??DataTable12_9:
   \   00000000   0x........         DC32     disp_state_stack

   \                                 In section .text, align 4, keep-with-next
   \                     ??DataTable12_10:
   \   00000000   0x........         DC32     disp_state

   \                                 In section .text, align 4, keep-with-next
   \                     ??DataTable12_11:
   \   00000000   0x........         DC32     _Z8cbFanWinP10WM_MESSAGE

   \                                 In section .text, align 4, keep-with-next
   \                     ??DataTable12_12:
   \   00000000   0x........         DC32     BMP_PIC_Y

   \                                 In section .text, align 4, keep-with-next
   \                     ??DataTable12_13:
   \   00000000   0x........         DC32     BMP_PIC_X

   \                                 In section .text, align 4, keep-with-next
   \                     ??DataTable12_14:
   \   00000000   0x........         DC32     bmp_struct

   \                                 In section .text, align 4, keep-with-next
   \                     ??DataTable12_15:
   \   00000000   0x........         DC32     fan_menu

   \                                 In section .text, align 4, keep-with-next
   \                     ??DataTable12_16:
   \   00000000   0x........         DC32     common_menu

   \                                 In section .text, align 4, keep-with-next
   \                     `?<Constant "bmp_Add.bin">`:
   \   00000000   0x62 0x6D          DC8 "bmp_Add.bin"
   \              0x70 0x5F    
   \              0x41 0x64    
   \              0x64 0x2E    
   \              0x62 0x69    
   \              0x6E 0x00    

   \                                 In section .text, align 4, keep-with-next
   \                     `?<Constant "bmp_Dec.bin">`:
   \   00000000   0x62 0x6D          DC8 "bmp_Dec.bin"
   \              0x70 0x5F    
   \              0x44 0x65    
   \              0x63 0x2E    
   \              0x62 0x69    
   \              0x6E 0x00    

   \                                 In section .text, align 4, keep-with-next
   \                     `?<Constant "bmp_speed255.bin">`:
   \   00000000   0x62 0x6D          DC8 "bmp_speed255.bin"
   \              0x70 0x5F    
   \              0x73 0x70    
   \              0x65 0x65    
   \              0x64 0x32    
   \              0x35 0x35    
   \              0x2E 0x62    
   \              0x69 0x6E    
   \              0x00         
   \   00000011   0x00 0x00          DC8 0, 0, 0
   \              0x00         

   \                                 In section .text, align 4, keep-with-next
   \                     `?<Constant "bmp_speed127.bin">`:
   \   00000000   0x62 0x6D          DC8 "bmp_speed127.bin"
   \              0x70 0x5F    
   \              0x73 0x70    
   \              0x65 0x65    
   \              0x64 0x31    
   \              0x32 0x37    
   \              0x2E 0x62    
   \              0x69 0x6E    
   \              0x00         
   \   00000011   0x00 0x00          DC8 0, 0, 0
   \              0x00         

   \                                 In section .text, align 4, keep-with-next
   \                     `?<Constant "bmp_speed0.bin">`:
   \   00000000   0x62 0x6D          DC8 "bmp_speed0.bin"
   \              0x70 0x5F    
   \              0x73 0x70    
   \              0x65 0x65    
   \              0x64 0x30    
   \              0x2E 0x62    
   \              0x69 0x6E    
   \              0x00         
   \   0000000F   0x00               DC8 0

   \                                 In section .text, align 4, keep-with-next
   \                     `?<Constant "bmp_return.bin">`:
   \   00000000   0x62 0x6D          DC8 "bmp_return.bin"
   \              0x70 0x5F    
   \              0x72 0x65    
   \              0x74 0x75    
   \              0x72 0x6E    
   \              0x2E 0x62    
   \              0x69 0x6E    
   \              0x00         
   \   0000000F   0x00               DC8 0

   \                                 In section .rodata, align 2, keep-with-next
   \                     `?<Constant " ">`:
   \   00000000   0x20 0x00          DC8 " "

   \                                 In section .rodata, align 4, keep-with-next
   \                     `?<Constant {'\\000'}>`:
   \   00000000   0x00 0x00          DC8 0, 0, 0, 0, 0, 0, 0, 0, 0, 0, 0, 0, 0, 0, 0, 0, 0, 0, 0, 0
   \              0x00 0x00    
   \              0x00 0x00    
   \              0x00 0x00    
   \              0x00 0x00    
   \              0x00 0x00    
   \              0x00 0x00    
   \              0x00 0x00    
   \              0x00 0x00    
   \              0x00 0x00    

   \                                 In section .rodata, align 4, keep-with-next
   \                     `?<Constant {'\\000'}>_1`:
   \   00000000   0x00 0x00          DC8 0, 0, 0, 0, 0, 0, 0, 0, 0, 0, 0, 0
   \              0x00 0x00    
   \              0x00 0x00    
   \              0x00 0x00    
   \              0x00 0x00    
   \              0x00 0x00    

   \                                 In section .rodata, align 4, keep-with-next
   \                     `?<Constant "%d">`:
   \   00000000   0x25 0x64          DC8 "%d"
   \              0x00         
   \   00000003   0x00               DC8 0
    354          
    355          
    356          

   Maximum stack usage in bytes:

   .cstack Function
   ------- --------
       8   Clear_fan
         8   -> GUI_SetBkColor
         0   -> WM_DeleteWindow
         8   -> WM_IsWindow
      16   cbFanWin(WM_MESSAGE *)
        16   -> GUI_SetBkColor
         0   -> WM_DefaultProc
        16   -> WM_DeleteWindow
        16   -> WM_IsWindow
         0   -> disp_fan_speed
         0   -> draw_return_ui
      48   disp_fan_speed
        48   -> TEXT_SetBkColor
        48   -> TEXT_SetText
        48   -> TEXT_SetTextColor
        48   -> sprintf
      56   draw_fan
        56   -> BUTTON_CreateEx
        56   -> BUTTON_SetBitmapEx
        56   -> BUTTON_SetBmpFileName
        56   -> BUTTON_SetText
        56   -> GUI_Clear
        56   -> GUI_DispStringAt
        56   -> GUI_SetBkColor
        56   -> GUI_SetColor
        56   -> TEXT_CreateEx
        56   -> WM_CreateWindow
        56   -> alloc_win_id
        56   -> creat_title_text
         0   -> disp_fan_speed


   Section sizes:

   Bytes  Function/Label
   -----  --------------
       2  ?<Constant " ">
       4  ?<Constant "%d">
      12  ?<Constant "bmp_Add.bin">
      12  ?<Constant "bmp_Dec.bin">
      16  ?<Constant "bmp_return.bin">
      16  ?<Constant "bmp_speed0.bin">
      20  ?<Constant "bmp_speed127.bin">
      20  ?<Constant "bmp_speed255.bin">
      20  ?<Constant {'\000'}>
      12  ?<Constant {'\000'}>_1
       4  ??DataTable12
       4  ??DataTable12_1
       4  ??DataTable12_10
       4  ??DataTable12_11
       4  ??DataTable12_12
       4  ??DataTable12_13
       4  ??DataTable12_14
       4  ??DataTable12_15
       4  ??DataTable12_16
       4  ??DataTable12_2
       4  ??DataTable12_3
       4  ??DataTable12_4
       4  ??DataTable12_5
       4  ??DataTable12_6
       4  ??DataTable12_7
       4  ??DataTable12_8
       4  ??DataTable12_9
      36  Clear_fan
      48  buttonOff
          buttonRet
      48  buttonOpen
          buttonHalf
     342  cbFanWin(WM_MESSAGE *)
     110  disp_fan_speed
     686  draw_fan
      56  hFanWnd
          TextFanSpeed
          TextFanValue
          buttonAdd
          buttonDec
       1  -- Other

 
   152 bytes in section .bss
    39 bytes in section .rodata
 1 338 bytes in section .text
 
 1 338 bytes of CODE  memory
    38 bytes of CONST memory (+ 1 byte shared)
   152 bytes of DATA  memory

Errors: none
Warnings: 24
