###############################################################################
#
# IAR ANSI C/C++ Compiler V7.10.1.6676/W32 for ARM        13/Apr/2020  09:24:02
# Copyright 1999-2014 IAR Systems AB.
#
#    Cpu mode     =  thumb
#    Endian       =  little
#    Source file  =  
#        D:\MKS-Robin-Nano-Firmware-v2.x.x\MKS-Robin-Nano-Firmware\User\ui\draw_advanced.cpp
#    Command line =  
#        D:\MKS-Robin-Nano-Firmware-v2.x.x\MKS-Robin-Nano-Firmware\User\ui\draw_advanced.cpp
#        -D USE_HAL_DRIVER -D STM32F103xE -D STM32F10X_HD -D USE_HAL_LIB -D
#        MKS_ROBIN_NANO -D TFT35 -lC
#        D:\MKS-Robin-Nano-Firmware-v2.x.x\MKS-Robin-Nano-Firmware\EWARM\mksRobinNano/List\
#        -lA
#        D:\MKS-Robin-Nano-Firmware-v2.x.x\MKS-Robin-Nano-Firmware\EWARM\mksRobinNano/List\
#        --diag_suppress Pa050 -o
#        D:\MKS-Robin-Nano-Firmware-v2.x.x\MKS-Robin-Nano-Firmware\EWARM\mksRobinNano/Obj\
#        --debug --endian=little --cpu=Cortex-M3 -e --char_is_signed --fpu=None
#        --dlib_config "C:\Program Files (x86)\IAR Systems\Embedded Workbench
#        7.0\arm\INC\c\DLib_Config_Full.h" -I
#        D:\MKS-Robin-Nano-Firmware-v2.x.x\MKS-Robin-Nano-Firmware\EWARM/../Inc\
#        -I
#        D:\MKS-Robin-Nano-Firmware-v2.x.x\MKS-Robin-Nano-Firmware\EWARM/../Src\
#        -I
#        D:\MKS-Robin-Nano-Firmware-v2.x.x\MKS-Robin-Nano-Firmware\EWARM/../Drivers/STM32F1xx_HAL_Driver/Inc\
#        -I
#        D:\MKS-Robin-Nano-Firmware-v2.x.x\MKS-Robin-Nano-Firmware\EWARM/../Drivers/STM32F1xx_HAL_Driver/Inc/Legacy\
#        -I
#        D:\MKS-Robin-Nano-Firmware-v2.x.x\MKS-Robin-Nano-Firmware\EWARM/../Middlewares/Third_Party/FatFs/src/drivers\
#        -I
#        D:\MKS-Robin-Nano-Firmware-v2.x.x\MKS-Robin-Nano-Firmware\EWARM/../Middlewares/ST/STM32_USB_Host_Library/Core/Inc\
#        -I
#        D:\MKS-Robin-Nano-Firmware-v2.x.x\MKS-Robin-Nano-Firmware\EWARM/../Middlewares/ST/STM32_USB_Host_Library/Class/MSC/Inc\
#        -I
#        D:\MKS-Robin-Nano-Firmware-v2.x.x\MKS-Robin-Nano-Firmware\EWARM/../Drivers/CMSIS/Device/ST/STM32F1xx/Include\
#        -I
#        D:\MKS-Robin-Nano-Firmware-v2.x.x\MKS-Robin-Nano-Firmware\EWARM/../Middlewares/Third_Party/FatFs/src\
#        -I
#        D:\MKS-Robin-Nano-Firmware-v2.x.x\MKS-Robin-Nano-Firmware\EWARM/../Middlewares/Third_Party/Marlin\
#        -I
#        D:\MKS-Robin-Nano-Firmware-v2.x.x\MKS-Robin-Nano-Firmware\EWARM/../Drivers/CMSIS/Include\
#        -I
#        D:\MKS-Robin-Nano-Firmware-v2.x.x\MKS-Robin-Nano-Firmware\EWARM/../Drivers/BSP/variant\
#        -I
#        D:\MKS-Robin-Nano-Firmware-v2.x.x\MKS-Robin-Nano-Firmware\EWARM/../Drivers/BSP/Components/at24cxx\
#        -I
#        D:\MKS-Robin-Nano-Firmware-v2.x.x\MKS-Robin-Nano-Firmware\EWARM/../Drivers/BSP/Components/w25qxx\
#        -I
#        D:\MKS-Robin-Nano-Firmware-v2.x.x\MKS-Robin-Nano-Firmware\EWARM/../Drivers/BSP/Components/lcd\
#        -I
#        D:\MKS-Robin-Nano-Firmware-v2.x.x\MKS-Robin-Nano-Firmware\EWARM/../Drivers/STM32F10x_StdPeriph_Driver/inc\
#        -I
#        D:\MKS-Robin-Nano-Firmware-v2.x.x\MKS-Robin-Nano-Firmware\EWARM/../Drivers/libstmf4/include\
#        -I
#        D:\MKS-Robin-Nano-Firmware-v2.x.x\MKS-Robin-Nano-Firmware\EWARM/../Middlewares/arduino/stm32/cores/arduino\
#        -I
#        D:\MKS-Robin-Nano-Firmware-v2.x.x\MKS-Robin-Nano-Firmware\EWARM/../User/ui\
#        -I
#        D:\MKS-Robin-Nano-Firmware-v2.x.x\MKS-Robin-Nano-Firmware\EWARM/../User/ui/Multi_language\
#        -I
#        D:\MKS-Robin-Nano-Firmware-v2.x.x\MKS-Robin-Nano-Firmware\EWARM/../User/ui/QRENCODE\
#        -I
#        D:\MKS-Robin-Nano-Firmware-v2.x.x\MKS-Robin-Nano-Firmware\EWARM\..\Middlewares\GUI\
#        -Oh --eec++ -I "C:\Program Files (x86)\IAR Systems\Embedded Workbench
#        7.0\arm\CMSIS\Include\"
#    List file    =  
#        D:\MKS-Robin-Nano-Firmware-v2.x.x\MKS-Robin-Nano-Firmware\EWARM\mksRobinNano/List\draw_advanced.lst
#    Object file  =  
#        D:\MKS-Robin-Nano-Firmware-v2.x.x\MKS-Robin-Nano-Firmware\EWARM\mksRobinNano/Obj\draw_advanced.o
#
###############################################################################

D:\MKS-Robin-Nano-Firmware-v2.x.x\MKS-Robin-Nano-Firmware\User\ui\draw_advanced.cpp
      1          #include "gui.h"
      2          #include "button.h"
      3          #include "draw_ui.h"

  #define UNUSED(x) ((void)(x))
          ^
"D:\MKS-Robin-Nano-Firmware-v2.x.x\MKS-Robin-Nano-Firmware\Drivers\STM32F1xx_HAL_Driver\Inc\stm32f1xx_hal_def.h",87  Warning[Pe047]: 
          incompatible redefinition of macro "UNUSED" (declared at line 101 of
          "D:\MKS-Robin-Nano-Firmware-v2.x.x\MKS-Robin-Nano-Firmware\EWARM/../M
          iddlewares/Third_Party/Marlin\macros.h")

  		volatile volatile float desireBedTempBak;
  		         ^
"D:\MKS-Robin-Nano-Firmware-v2.x.x\MKS-Robin-Nano-Firmware\Inc\mks_cfg.h",626  Warning[Pe083]: 
          type qualifier specified more than once

    #define FILAMENT_CHANGE_TEXT_EN				"Please click <Load> \nor <unload>,After \npinter pause."
            ^
"D:\MKS-Robin-Nano-Firmware-v2.x.x\MKS-Robin-Nano-Firmware\User\ui\Multi_language\Language_en.h",337  Warning[Pe047]: 
          incompatible redefinition of macro "FILAMENT_CHANGE_TEXT_EN"
          (declared at line 315)

  #define DIALOG_UNBIND_PRINTER_CN            "Ëß£Èô§ÁªëÂÆö?"
          ^
"D:\MKS-Robin-Nano-Firmware-v2.x.x\MKS-Robin-Nano-Firmware\User\ui\Multi_language\Language_s_cn.h",408  Warning[Pe047]: 
          incompatible redefinition of macro "DIALOG_UNBIND_PRINTER_CN"
          (declared at line 403)

    #define FILAMENT_CHANGE_TEXT_T_CN				"ÂæÖÊâìÂç∞Ê©üÊö´ÂÅúÂêé,\nË´ãÊåâ<ÈÄ≤Êñô>Êàñ<ÈÄÄÊñô>"
            ^
"D:\MKS-Robin-Nano-Firmware-v2.x.x\MKS-Robin-Nano-Firmware\User\ui\Multi_language\Language_t_cn.h",318  Warning[Pe047]: 
          incompatible redefinition of macro "FILAMENT_CHANGE_TEXT_T_CN"
          (declared at line 304)

    #define FILAMENT_CHANGE_TEXT_RU				"Please click <Load> \nor <unload>,After \npinter pause."
            ^
"D:\MKS-Robin-Nano-Firmware-v2.x.x\MKS-Robin-Nano-Firmware\User\ui\Multi_language\Language_ru.h",134  Warning[Pe047]: 
          incompatible redefinition of macro "FILAMENT_CHANGE_TEXT_RU"
          (declared at line 114)

  #define DIALOG_UNBIND_PRINTER_RU            "Unbind the printer?"
          ^
"D:\MKS-Robin-Nano-Firmware-v2.x.x\MKS-Robin-Nano-Firmware\User\ui\Multi_language\Language_ru.h",231  Warning[Pe047]: 
          incompatible redefinition of macro "DIALOG_UNBIND_PRINTER_RU"
          (declared at line 226)

    #define FILAMENT_CHANGE_TEXT_FR				"Please click <Load> \nor <unload>,After \npinter pause."
            ^
"D:\MKS-Robin-Nano-Firmware-v2.x.x\MKS-Robin-Nano-Firmware\User\ui\Multi_language\Language_fr.h",134  Warning[Pe047]: 
          incompatible redefinition of macro "FILAMENT_CHANGE_TEXT_FR"
          (declared at line 114)

  #define DIALOG_UNBIND_PRINTER_FR        "Unbind the printer?"
          ^
"D:\MKS-Robin-Nano-Firmware-v2.x.x\MKS-Robin-Nano-Firmware\User\ui\Multi_language\Language_fr.h",234  Warning[Pe047]: 
          incompatible redefinition of macro "DIALOG_UNBIND_PRINTER_FR"
          (declared at line 230)

    #define FILAMENT_CHANGE_TEXT_SP				"Please click <Load> \nor <unload>,After \npinter pause."
            ^
"D:\MKS-Robin-Nano-Firmware-v2.x.x\MKS-Robin-Nano-Firmware\User\ui\Multi_language\Language_sp.h",133  Warning[Pe047]: 
          incompatible redefinition of macro "FILAMENT_CHANGE_TEXT_SP"
          (declared at line 114)

    #define FILAMENT_CHANGE_TEXT_IT				"Please click <Load> \nor <unload>,After \npinter pause."
            ^
"D:\MKS-Robin-Nano-Firmware-v2.x.x\MKS-Robin-Nano-Firmware\User\ui\Multi_language\Language_it.h",134  Warning[Pe047]: 
          incompatible redefinition of macro "FILAMENT_CHANGE_TEXT_IT"
          (declared at line 114)

  #define DIALOG_UNBIND_PRINTER_IT                "Unbind the printer?"
          ^
"D:\MKS-Robin-Nano-Firmware-v2.x.x\MKS-Robin-Nano-Firmware\User\ui\Multi_language\Language_it.h",230  Warning[Pe047]: 
          incompatible redefinition of macro "DIALOG_UNBIND_PRINTER_IT"
          (declared at line 225)

  #define FILAMENT_CHANGE_TEXT_JP				"Please click <Load> \nor <unload>,After \npinter pause."
          ^
"D:\MKS-Robin-Nano-Firmware-v2.x.x\MKS-Robin-Nano-Firmware\User\ui\Multi_language\Multi_language.h",899  Warning[Pe047]: 
          incompatible redefinition of macro "FILAMENT_CHANGE_TEXT_JP"
          (declared at line 892)

  #define FILAMENT_CHANGE_TEXT_GN				"Please click <Load> \nor <unload>,After \npinter pause."
          ^
"D:\MKS-Robin-Nano-Firmware-v2.x.x\MKS-Robin-Nano-Firmware\User\ui\Multi_language\Multi_language.h",1107  Warning[Pe047]: 
          incompatible redefinition of macro "FILAMENT_CHANGE_TEXT_GN"
          (declared at line 1101)

  #define Simple_Dec"ºı…Ÿ"
                    ^
"D:\MKS-Robin-Nano-Firmware-v2.x.x\MKS-Robin-Nano-Firmware\User\ui\draw_ui.h",666  Warning[Pe1649]: 
          white space is required between the macro name "Simple_Dec" and its
          replacement text

  #define Simple_Speed "ÀŸ∂»"
          ^
"D:\MKS-Robin-Nano-Firmware-v2.x.x\MKS-Robin-Nano-Firmware\User\ui\draw_ui.h",721  Warning[Pe047]: 
          incompatible redefinition of macro "Simple_Speed" (declared at line
          718)

  #define Complex_Speed "ÀŸ∂»"
          ^
"D:\MKS-Robin-Nano-Firmware-v2.x.x\MKS-Robin-Nano-Firmware\User\ui\draw_ui.h",722  Warning[Pe047]: 
          incompatible redefinition of macro "Complex_Speed" (declared at line
          719)
      4          
      5          #ifndef GUI_FLASH
      6          #define GUI_FLASH
      7          #endif
      8          

   \                                 In section .bss, align 4
      9          static GUI_HWIN hAdvancedWnd;
     10          static BUTTON_STRUCT PowerOffDet_text,PowerOff_text,HaveUPS_text,DoubleZandEndstop_text,MotorEnablePin_text;
     11          static BUTTON_STRUCT PowerOffDet_DET,PowerOff_Sel,HaveUPS_Sel,DoubleZandEndstopArrow,MotorEnablePinArrow;
     12          static BUTTON_STRUCT PowerOffDet_PWC;
     13          
     14          static BUTTON_STRUCT button_next,button_previous,button_back;
     15          
     16          static uint8_t current_page;//0:…œ“ª“≥£¨1:œ¬“ª“≥
   \                     current_page:
   \   00000000                      DS8 1
   \   00000001                      DS8 1
   \   00000002                      DS8 2
   \   00000004                      DS8 24
   \   0000001C                      DS8 24

   \                                 In section .bss, align 4
   \                     PowerOffDet_text:
   \   00000000                      DS8 24
   \   00000018                      DS8 24
   \   00000030                      DS8 24

   \                                 In section .bss, align 4
   \                     PowerOffDet_DET:
   \   00000000                      DS8 24
   \   00000018                      DS8 24

   \                                 In section .bss, align 4
   \                     HaveUPS_Sel:
   \   00000000                      DS8 24
   \   00000018                      DS8 24

   \                                 In section .bss, align 4
   \                     MotorEnablePinArrow:
   \   00000000                      DS8 24
   \   00000018                      DS8 24

   \                                 In section .bss, align 4
   \                     button_next:
   \   00000000                      DS8 24
   \   00000018                      DS8 24

   \                                 In section .bss, align 4
   \                     button_back:
   \   00000000                      DS8 24
     17          
     18          static void btnHandle_rest()
     19          {
     20              PowerOffDet_text.btnHandle = 0;
     21              PowerOffDet_DET.btnHandle = 0;
     22              PowerOffDet_PWC.btnHandle = 0;
     23              PowerOff_text.btnHandle = 0;
     24              PowerOff_Sel.btnHandle = 0;
     25              HaveUPS_text.btnHandle = 0;
     26              HaveUPS_Sel.btnHandle = 0;
     27              DoubleZandEndstop_text.btnHandle = 0;
     28              DoubleZandEndstopArrow.btnHandle = 0;
     29              MotorEnablePin_text.btnHandle = 0;   
     30              MotorEnablePinArrow.btnHandle = 0;         
     31              button_previous.btnHandle = 0;
     32              button_next.btnHandle = 0;
     33              button_back.btnHandle = 0;
     34          }
     35          

   \                                 In section .text, align 2, keep-with-next
     36          static void cbAdvancedWin(WM_MESSAGE * pMsg) {
     37          
     38              struct PressEvt *press_event;
                                      ^
Warning[Pe550]: variable "press_event" was set but never used
     39              switch (pMsg->MsgId)
   \                     _Z13cbAdvancedWinP10WM_MESSAGE: (+1)
   \   00000000   0x6801             LDR      R1,[R0, #+0]
   \   00000002   0x290C             CMP      R1,#+12
   \   00000004   0xD100             BNE.N    ??cbAdvancedWin_0
   \   00000006   0x4770             BX       LR
   \                     ??cbAdvancedWin_0: (+1)
   \   00000008   0xB5F8             PUSH     {R3-R7,LR}
   \   0000000A   0x290D             CMP      R1,#+13
   \   0000000C   0xF000 0x8163      BEQ.W    ??cbAdvancedWin_1
   \   00000010   0x290F             CMP      R1,#+15
   \   00000012   0xD002             BEQ.N    ??cbAdvancedWin_2
   \   00000014   0x2926             CMP      R1,#+38
   \   00000016   0xD029             BEQ.N    ??cbAdvancedWin_3
   \   00000018   0xE159             B.N      ??cbAdvancedWin_4
     40              {
     41              	case WM_PAINT:
     42          			//GUI_SetColor(gCfgItems.state_background_color);
     43          			//GUI_DrawRect(LCD_WIDTH/4+X_ADD, 0, LCD_WIDTH *3 / 4-X_INTERVAL, imgHeight /2 -15);
     44          			GUI_SetColor(0xff5449);
   \                     ??cbAdvancedWin_2: (+1)
   \   0000001A   0x.... 0x....      LDR.W    R0,??DataTable14  ;; 0xff5449
   \   0000001E   0x.... 0x....      BL       GUI_SetColor
     45          
     46          			GUI_FillRect(10, 90, 470,90);
   \   00000022   0x235A             MOVS     R3,#+90
   \   00000024   0xF44F 0x72EB      MOV      R2,#+470
   \   00000028   0x215A             MOVS     R1,#+90
   \   0000002A   0x200A             MOVS     R0,#+10
   \   0000002C   0x.... 0x....      BL       GUI_FillRect
     47                      if(current_page != 1)
   \   00000030   0x.... 0x....      LDR.W    R0,??DataTable14_1
   \   00000034   0x7800             LDRB     R0,[R0, #+0]
   \   00000036   0x2801             CMP      R0,#+1
   \   00000038   0xF000 0x814D      BEQ.W    ??cbAdvancedWin_1
     48                      {            
     49                          GUI_FillRect(10, 140, 470,140);
   \   0000003C   0x238C             MOVS     R3,#+140
   \   0000003E   0xF44F 0x72EB      MOV      R2,#+470
   \   00000042   0x218C             MOVS     R1,#+140
   \   00000044   0x200A             MOVS     R0,#+10
   \   00000046   0x.... 0x....      BL       GUI_FillRect
     50                          GUI_FillRect(10, 190, 470,190);
   \   0000004A   0x23BE             MOVS     R3,#+190
   \   0000004C   0xF44F 0x72EB      MOV      R2,#+470
   \   00000050   0x4619             MOV      R1,R3
   \   00000052   0x200A             MOVS     R0,#+10
   \   00000054   0x.... 0x....      BL       GUI_FillRect
     51                          GUI_FillRect(10, 240, 470,240);
   \   00000058   0xB001             ADD      SP,SP,#+4
   \   0000005A   0xE8BD 0x40F0      POP      {R4-R7,LR}
   \   0000005E   0x23F0             MOVS     R3,#+240
   \   00000060   0xF44F 0x72EB      MOV      R2,#+470
   \   00000064   0x4619             MOV      R1,R3
   \   00000066   0x200A             MOVS     R0,#+10
   \   00000068   0x.... 0x....      B.W      GUI_FillRect
     52                      }
     53                      //GUI_FillRect(10, 264, 470,264);
     54                      //GUI_FillRect(10, 310, 470,310);
     55          
     56              		break;
     57              	case WM_TOUCH:
     58              	 	press_event = (struct PressEvt *)pMsg->Data.p;
     59              		
     60              		break;
     61              	case WM_TOUCH_CHILD:
     62              		press_event = (struct PressEvt *)pMsg->Data.p;
     63          
     64              		break;
     65              		
     66              	case WM_NOTIFY_PARENT:
     67              		if(pMsg->Data.v == WM_NOTIFICATION_RELEASED)
   \                     ??cbAdvancedWin_3: (+1)
   \   0000006C   0x6881             LDR      R1,[R0, #+8]
   \   0000006E   0x2902             CMP      R1,#+2
   \   00000070   0xF040 0x8131      BNE.W    ??cbAdvancedWin_1
     68              		{
     69              			if(pMsg->hWinSrc == button_back.btnHandle)
   \   00000074   0xF9B0 0x1006      LDRSH    R1,[R0, #+6]
   \   00000078   0x.... 0x....      LDR.W    R0,??DataTable14_2
   \   0000007C   0xF9B0 0x0000      LDRSH    R0,[R0, #+0]
   \   00000080   0x4281             CMP      R1,R0
   \   00000082   0xD119             BNE.N    ??cbAdvancedWin_5
     70              			{
     71              			    current_page = 0;
   \   00000084   0x.... 0x....      LDR.W    R4,??DataTable14_1
     72              				last_disp_state = ADVANCED_UI;
   \   00000088   0x.... 0x....      LDR.W    R1,??DataTable14_3
   \   0000008C   0x2000             MOVS     R0,#+0
   \   0000008E   0x7020             STRB     R0,[R4, #+0]
   \   00000090   0x203A             MOVS     R0,#+58
   \   00000092   0x7008             STRB     R0,[R1, #+0]
     73              				Clear_Advanced();
   \   00000094   0x.... 0x....      LDR.W    R0,??DataTable14_4
   \   00000098   0x6940             LDR      R0,[R0, #+20]
   \   0000009A   0x.... 0x....      BL       GUI_SetBkColor
   \   0000009E   0xF9B4 0x0002      LDRSH    R0,[R4, #+2]
   \   000000A2   0x.... 0x....      BL       WM_IsWindow
   \   000000A6   0xB118             CBZ.N    R0,??cbAdvancedWin_6
   \   000000A8   0xF9B4 0x0002      LDRSH    R0,[R4, #+2]
   \   000000AC   0x.... 0x....      BL       WM_DeleteWindow
     74              				draw_return_ui();
   \                     ??cbAdvancedWin_6: (+1)
   \   000000B0   0xE8BD 0x40F1      POP      {R0,R4-R7,LR}
   \   000000B4   0x.... 0x....      B.W      draw_return_ui
     75              			}	
     76                          else if(pMsg->hWinSrc == button_next.btnHandle)
   \                     ??cbAdvancedWin_5: (+1)
   \   000000B8   0x.... 0x....      LDR.W    R0,??DataTable14_5
   \   000000BC   0xF9B0 0x2000      LDRSH    R2,[R0, #+0]
   \   000000C0   0x4291             CMP      R1,R2
   \   000000C2   0xD103             BNE.N    ??cbAdvancedWin_7
     77                          {
     78                              current_page = 1;
   \   000000C4   0x.... 0x....      LDR.W    R4,??DataTable14_1
   \   000000C8   0x2001             MOVS     R0,#+1
   \   000000CA   0xE006             B.N      ??cbAdvancedWin_8
     79                              last_disp_state = ADVANCED_UI;
     80                              Clear_Advanced();
     81                              draw_Advanced();
     82                          }
     83                          else if(pMsg->hWinSrc == button_previous.btnHandle)
   \                     ??cbAdvancedWin_7: (+1)
   \   000000CC   0xF9B0 0x0018      LDRSH    R0,[R0, #+24]
   \   000000D0   0x4281             CMP      R1,R0
   \   000000D2   0xD118             BNE.N    ??cbAdvancedWin_9
     84                          {
     85                              current_page = 0;
   \   000000D4   0x.... 0x....      LDR.W    R4,??DataTable14_1
   \   000000D8   0x2000             MOVS     R0,#+0
   \                     ??cbAdvancedWin_8: (+1)
   \   000000DA   0x7020             STRB     R0,[R4, #+0]
     86                              last_disp_state = ADVANCED_UI;
   \   000000DC   0x203A             MOVS     R0,#+58
   \   000000DE   0x.... 0x....      LDR.W    R1,??DataTable14_3
   \   000000E2   0x7008             STRB     R0,[R1, #+0]
     87                              Clear_Advanced();
   \   000000E4   0x.... 0x....      LDR.W    R0,??DataTable14_4
   \   000000E8   0x6940             LDR      R0,[R0, #+20]
   \   000000EA   0x.... 0x....      BL       GUI_SetBkColor
   \   000000EE   0xF9B4 0x0002      LDRSH    R0,[R4, #+2]
   \   000000F2   0x.... 0x....      BL       WM_IsWindow
   \   000000F6   0xB118             CBZ.N    R0,??cbAdvancedWin_10
   \   000000F8   0xF9B4 0x0002      LDRSH    R0,[R4, #+2]
   \   000000FC   0x.... 0x....      BL       WM_DeleteWindow
     88                              draw_Advanced();
   \                     ??cbAdvancedWin_10: (+1)
   \   00000100   0xE8BD 0x40F1      POP      {R0,R4-R7,LR}
   \   00000104   0x....             B.N      draw_Advanced
     89                          }                
     90              			else if(pMsg->hWinSrc == PowerOffDet_DET.btnHandle)
   \                     ??cbAdvancedWin_9: (+1)
   \   00000106   0x.... 0x....      LDR.W    R4,??DataTable14_6
   \   0000010A   0x.... 0x....      LDR.W    R5,??DataTable14_7
   \   0000010E   0xF9B4 0x0000      LDRSH    R0,[R4, #+0]
   \   00000112   0x4281             CMP      R1,R0
   \   00000114   0xD116             BNE.N    ??cbAdvancedWin_11
     91              			{
     92          					gCfgItems.insert_det_module=1;
   \   00000116   0x.... 0x....      LDR.W    R6,??DataTable14_4
   \   0000011A   0x2001             MOVS     R0,#+1
   \   0000011C   0xF886 0x01CC      STRB     R0,[R6, #+460]
     93          					epr_write_data(EPR_INSERT_DET_MODULE_TYPE, (uint8_t *)&gCfgItems.insert_det_module,1);
   \   00000120   0x2201             MOVS     R2,#+1
   \   00000122   0xF506 0x71E6      ADD      R1,R6,#+460
   \   00000126   0xF240 0x7007      MOVW     R0,#+1799
   \   0000012A   0x.... 0x....      BL       epr_write_data
     94          					BUTTON_SetBmpFileName(PowerOffDet_DET.btnHandle, "bmp_det_sel.bin",1);		  
   \   0000012E   0xF9B4 0x0000      LDRSH    R0,[R4, #+0]
   \   00000132   0x.... 0x....      ADR.W    R1,`?<Constant "bmp_det_sel.bin">`
   \   00000136   0x2201             MOVS     R2,#+1
   \   00000138   0x.... 0x....      BL       BUTTON_SetBmpFileName
     95          					BUTTON_SetBmpFileName(PowerOffDet_PWC.btnHandle, "bmp_pwc.bin",1);
   \   0000013C   0x2201             MOVS     R2,#+1
   \   0000013E   0x.... 0x....      ADR.W    R1,`?<Constant "bmp_pwc.bin">`
   \   00000142   0xE019             B.N      ??cbAdvancedWin_12
     96              			}
     97              			else if(pMsg->hWinSrc == PowerOffDet_PWC.btnHandle)
   \                     ??cbAdvancedWin_11: (+1)
   \   00000144   0xF9B5 0x0018      LDRSH    R0,[R5, #+24]
   \   00000148   0x4281             CMP      R1,R0
   \   0000014A   0xD11B             BNE.N    ??cbAdvancedWin_13
     98              			{
     99              				gCfgItems.insert_det_module=0;
   \   0000014C   0x.... 0x....      LDR.W    R6,??DataTable14_4
   \   00000150   0x2000             MOVS     R0,#+0
   \   00000152   0xF886 0x01CC      STRB     R0,[R6, #+460]
    100          					epr_write_data(EPR_INSERT_DET_MODULE_TYPE, (uint8_t *)&gCfgItems.insert_det_module,1);
   \   00000156   0x2201             MOVS     R2,#+1
   \   00000158   0xF506 0x71E6      ADD      R1,R6,#+460
   \   0000015C   0xF240 0x7007      MOVW     R0,#+1799
   \   00000160   0x.... 0x....      BL       epr_write_data
    101          					BUTTON_SetBmpFileName(PowerOffDet_DET.btnHandle, "bmp_det.bin",1);		  
   \   00000164   0xF9B4 0x0000      LDRSH    R0,[R4, #+0]
   \   00000168   0x.... 0x....      ADR.W    R1,`?<Constant "bmp_det.bin">`
   \   0000016C   0x2201             MOVS     R2,#+1
   \   0000016E   0x.... 0x....      BL       BUTTON_SetBmpFileName
    102          					BUTTON_SetBmpFileName(PowerOffDet_PWC.btnHandle, "bmp_pwc_sel.bin",1);			
   \   00000172   0x2201             MOVS     R2,#+1
   \   00000174   0x.... 0x....      ADR.W    R1,`?<Constant "bmp_pwc_sel.bin">`
   \                     ??cbAdvancedWin_12: (+1)
   \   00000178   0xF9B5 0x0018      LDRSH    R0,[R5, #+24]
   \   0000017C   0xE8BD 0x40F8      POP      {R3-R7,LR}
   \   00000180   0x.... 0x....      B.W      BUTTON_SetBmpFileName
    103              			}
    104              			else if(pMsg->hWinSrc == PowerOff_Sel.btnHandle)
   \                     ??cbAdvancedWin_13: (+1)
   \   00000184   0xF9B4 0x0018      LDRSH    R0,[R4, #+24]
   \   00000188   0x4281             CMP      R1,R0
   \   0000018A   0xD12B             BNE.N    ??cbAdvancedWin_14
    105              			{
    106          					if(gCfgItems.print_finish_close_machine_flg==1)
   \   0000018C   0x.... 0x....      LDR.W    R6,??DataTable14_4
   \   00000190   0xF206 0x01DD      ADDW     R1,R6,#+221
   \   00000194   0xF506 0x75E6      ADD      R5,R6,#+460
   \   00000198   0x7B0A             LDRB     R2,[R1, #+12]
   \   0000019A   0x2A01             CMP      R2,#+1
   \   0000019C   0xD10C             BNE.N    ??cbAdvancedWin_15
    107          					{
    108          						gCfgItems.print_finish_close_machine_flg=0;
   \   0000019E   0x2200             MOVS     R2,#+0
   \   000001A0   0x730A             STRB     R2,[R1, #+12]
    109          						BUTTON_SetBmpFileName(PowerOff_Sel.btnHandle, "bmp_disable.bin",1);
   \   000001A2   0x2201             MOVS     R2,#+1
   \   000001A4   0x.... 0x....      ADR.W    R1,`?<Constant "bmp_disable.bin">`
   \   000001A8   0x.... 0x....      BL       BUTTON_SetBmpFileName
    110                                  if(gCfgItems.multiple_language != 0)
   \   000001AC   0x78E8             LDRB     R0,[R5, #+3]
   \   000001AE   0xB198             CBZ.N    R0,??cbAdvancedWin_16
    111                                      BUTTON_SetText(PowerOff_Sel.btnHandle, machine_menu.disable);
   \   000001B0   0x.... 0x....      LDR.W    R0,??DataTable14_8
   \   000001B4   0x6841             LDR      R1,[R0, #+4]
   \   000001B6   0xE00B             B.N      ??cbAdvancedWin_17
    112                                      
    113          					}
    114          					else
    115          					{
    116          						gCfgItems.print_finish_close_machine_flg=1;
   \                     ??cbAdvancedWin_15: (+1)
   \   000001B8   0x2201             MOVS     R2,#+1
   \   000001BA   0x730A             STRB     R2,[R1, #+12]
    117          						BUTTON_SetBmpFileName(PowerOff_Sel.btnHandle, "bmp_enable.bin",1);
   \   000001BC   0x.... 0x....      ADR.W    R1,`?<Constant "bmp_enable.bin">`
   \   000001C0   0x.... 0x....      BL       BUTTON_SetBmpFileName
    118                                  if(gCfgItems.multiple_language != 0)
   \   000001C4   0x78E8             LDRB     R0,[R5, #+3]
   \   000001C6   0xB138             CBZ.N    R0,??cbAdvancedWin_16
    119                                      BUTTON_SetText(PowerOff_Sel.btnHandle, machine_menu.enable);
   \   000001C8   0x.... 0x....      LDR.W    R0,??DataTable14_9
   \   000001CC   0xF8D0 0x10E8      LDR      R1,[R0, #+232]
   \                     ??cbAdvancedWin_17: (+1)
   \   000001D0   0xF9B4 0x0018      LDRSH    R0,[R4, #+24]
   \   000001D4   0x.... 0x....      BL       BUTTON_SetText
    120          					}
    121          					epr_write_data(EPR_AUTO_CLOSE_MACHINE, (uint8_t *)&gCfgItems.print_finish_close_machine_flg,1);
   \                     ??cbAdvancedWin_16: (+1)
   \   000001D8   0x2201             MOVS     R2,#+1
   \   000001DA   0xF106 0x01E9      ADD      R1,R6,#+233
   \   000001DE   0xF240 0x7022      MOVW     R0,#+1826
   \   000001E2   0xE032             B.N      ??cbAdvancedWin_18
    122              		
    123              			}       
    124              			else if(pMsg->hWinSrc == HaveUPS_Sel.btnHandle)
   \                     ??cbAdvancedWin_14: (+1)
   \   000001E4   0x.... 0x....      LDR.W    R7,??DataTable14_10
   \   000001E8   0xF9B7 0x0000      LDRSH    R0,[R7, #+0]
   \   000001EC   0x4281             CMP      R1,R0
   \   000001EE   0xD130             BNE.N    ??cbAdvancedWin_19
    125          
    126              			{
    127          					if(gCfgItems.have_ups==1)
   \   000001F0   0x.... 0x....      LDR.W    R6,??DataTable14_4
   \   000001F4   0xF896 0x10DD      LDRB     R1,[R6, #+221]
   \   000001F8   0xF506 0x75E6      ADD      R5,R6,#+460
   \   000001FC   0x2901             CMP      R1,#+1
   \   000001FE   0xD10D             BNE.N    ??cbAdvancedWin_20
    128          					{
    129          						gCfgItems.have_ups=0;
   \   00000200   0x2100             MOVS     R1,#+0
   \   00000202   0xF886 0x10DD      STRB     R1,[R6, #+221]
    130          						BUTTON_SetBmpFileName(HaveUPS_Sel.btnHandle, "bmp_no_ups.bin",1);
   \   00000206   0x2201             MOVS     R2,#+1
   \   00000208   0x.... 0x....      ADR.W    R1,`?<Constant "bmp_no_ups.bin">`
   \   0000020C   0x.... 0x....      BL       BUTTON_SetBmpFileName
    131                                  if(gCfgItems.multiple_language != 0)
   \   00000210   0x78E8             LDRB     R0,[R5, #+3]
   \   00000212   0xB1A8             CBZ.N    R0,??cbAdvancedWin_21
    132                                      BUTTON_SetText(HaveUPS_Sel.btnHandle, machine_menu.disable);
   \   00000214   0x.... 0x....      LDR.W    R0,??DataTable14_8
   \   00000218   0x6841             LDR      R1,[R0, #+4]
   \   0000021A   0xE00D             B.N      ??cbAdvancedWin_22
    133          
    134                              }
    135          					else
    136          					{
    137          						gCfgItems.have_ups=1;
   \                     ??cbAdvancedWin_20: (+1)
   \   0000021C   0x2101             MOVS     R1,#+1
   \   0000021E   0xF886 0x10DD      STRB     R1,[R6, #+221]
    138          						BUTTON_SetBmpFileName(HaveUPS_Sel.btnHandle, "bmp_has_ups.bin",1);
   \   00000222   0x2201             MOVS     R2,#+1
   \   00000224   0x.... 0x....      ADR.W    R1,`?<Constant "bmp_has_ups.bin">`
   \   00000228   0x.... 0x....      BL       BUTTON_SetBmpFileName
    139                                  if(gCfgItems.multiple_language != 0)
   \   0000022C   0x78E8             LDRB     R0,[R5, #+3]
   \   0000022E   0xB138             CBZ.N    R0,??cbAdvancedWin_21
    140                                      BUTTON_SetText(HaveUPS_Sel.btnHandle, machine_menu.enable);                        
   \   00000230   0x.... 0x....      LDR.W    R0,??DataTable14_9
   \   00000234   0xF8D0 0x10E8      LDR      R1,[R0, #+232]
   \                     ??cbAdvancedWin_22: (+1)
   \   00000238   0xF9B7 0x0000      LDRSH    R0,[R7, #+0]
   \   0000023C   0x.... 0x....      BL       BUTTON_SetText
    141          					}
    142          					epr_write_data(EPR_HAS_UPS, (uint8_t *)&gCfgItems.have_ups,1);
   \                     ??cbAdvancedWin_21: (+1)
   \   00000240   0x2201             MOVS     R2,#+1
   \   00000242   0xF106 0x01DD      ADD      R1,R6,#+221
   \   00000246   0xF44F 0x60E1      MOV      R0,#+1800
   \                     ??cbAdvancedWin_18: (+1)
   \   0000024A   0xE8BD 0x40F8      POP      {R3-R7,LR}
   \   0000024E   0x.... 0x....      B.W      epr_write_data
    143          
    144          
    145              			}
    146              			else if((pMsg->hWinSrc == DoubleZandEndstop_text.btnHandle)||
    147                              (pMsg->hWinSrc == DoubleZandEndstopArrow.btnHandle))
   \                     ??cbAdvancedWin_19: (+1)
   \   00000252   0x.... 0x....      LDR.W    R4,??DataTable14_1
   \   00000256   0xF9B4 0x0004      LDRSH    R0,[R4, #+4]
   \   0000025A   0x4281             CMP      R1,R0
   \   0000025C   0xBF1C             ITT      NE 
   \   0000025E   0xF9B7 0x0018      LDRSHNE  R0,[R7, #+24]
   \   00000262   0x4281             CMPNE    R1,R0
   \   00000264   0xD115             BNE.N    ??cbAdvancedWin_23
    148          
    149              			{
    150              				last_disp_state = ADVANCED_UI;
   \   00000266   0x.... 0x....      LDR.W    R1,??DataTable14_3
   \   0000026A   0x203A             MOVS     R0,#+58
   \   0000026C   0x7008             STRB     R0,[R1, #+0]
    151              				Clear_Advanced();
   \   0000026E   0x.... 0x....      LDR.W    R0,??DataTable14_4
   \   00000272   0x6940             LDR      R0,[R0, #+20]
   \   00000274   0x.... 0x....      BL       GUI_SetBkColor
   \   00000278   0xF9B4 0x0002      LDRSH    R0,[R4, #+2]
   \   0000027C   0x.... 0x....      BL       WM_IsWindow
   \   00000280   0xB118             CBZ.N    R0,??cbAdvancedWin_24
   \   00000282   0xF9B4 0x0002      LDRSH    R0,[R4, #+2]
   \   00000286   0x.... 0x....      BL       WM_DeleteWindow
    152                              draw_DoubleZ();
   \                     ??cbAdvancedWin_24: (+1)
   \   0000028A   0xE8BD 0x40F1      POP      {R0,R4-R7,LR}
   \   0000028E   0x.... 0x....      B.W      draw_DoubleZ
    153          
    154              			}  
    155              			else if((pMsg->hWinSrc == MotorEnablePin_text.btnHandle)||
    156                              (pMsg->hWinSrc == MotorEnablePinArrow.btnHandle))
   \                     ??cbAdvancedWin_23: (+1)
   \   00000292   0xF9B4 0x001C      LDRSH    R0,[R4, #+28]
   \   00000296   0x4281             CMP      R1,R0
   \   00000298   0xBF1C             ITT      NE 
   \   0000029A   0xF9B5 0x0000      LDRSHNE  R0,[R5, #+0]
   \   0000029E   0x4281             CMPNE    R1,R0
   \   000002A0   0xD119             BNE.N    ??cbAdvancedWin_1
    157          
    158              			{
    159              				last_disp_state = ADVANCED_UI;
   \   000002A2   0x.... 0x....      LDR.W    R1,??DataTable14_3
   \   000002A6   0x203A             MOVS     R0,#+58
   \   000002A8   0x7008             STRB     R0,[R1, #+0]
    160              				Clear_Advanced();
   \   000002AA   0x.... 0x....      LDR.W    R0,??DataTable14_4
   \   000002AE   0x6940             LDR      R0,[R0, #+20]
   \   000002B0   0x.... 0x....      BL       GUI_SetBkColor
   \   000002B4   0xF9B4 0x0002      LDRSH    R0,[R4, #+2]
   \   000002B8   0x.... 0x....      BL       WM_IsWindow
   \   000002BC   0xB118             CBZ.N    R0,??cbAdvancedWin_25
   \   000002BE   0xF9B4 0x0002      LDRSH    R0,[R4, #+2]
   \   000002C2   0x.... 0x....      BL       WM_DeleteWindow
    161                              draw_EnableInvert();
   \                     ??cbAdvancedWin_25: (+1)
   \   000002C6   0xE8BD 0x40F1      POP      {R0,R4-R7,LR}
   \   000002CA   0x.... 0x....      B.W      draw_EnableInvert
    162          
    163              			}                
    164              			
    165                           
    166              		}
    167              		break;
    168              		
    169              	default:
    170              		WM_DefaultProc(pMsg);
   \                     ??cbAdvancedWin_4: (+1)
   \   000002CE   0xE8BD 0x40F2      POP      {R1,R4-R7,LR}
   \   000002D2   0x.... 0x....      B.W      WM_DefaultProc
    171              	}
    172          }
   \                     ??cbAdvancedWin_1: (+1)
   \   000002D6   0xBDF1             POP      {R0,R4-R7,PC}    ;; return
    173          
    174          

   \                                 In section .text, align 2, keep-with-next
    175          void draw_Advanced()
    176          {   
   \                     draw_Advanced: (+1)
   \   00000000   0xE92D 0x4FF0      PUSH     {R4-R11,LR}
    177              int i;
                         ^
Warning[Pe177]: variable "i" was declared but never referenced
    178          
    179          
    180              btnHandle_rest();
   \   00000004   0x.... 0x....      LDR.W    R4,??DataTable14_11
   \   00000008   0x.... 0x....      LDR.W    R5,??DataTable14_6
   \   0000000C   0x.... 0x....      LDR.W    R11,??DataTable14_7
   \   00000010   0x.... 0x....      LDR.W    R9,??DataTable14_10
   \   00000014   0x.... 0x....      LDR.W    R7,??DataTable14_1
   \   00000018   0x.... 0x....      LDR.W    R8,??DataTable14_5
   \   0000001C   0x.... 0x....      LDR.W    R1,??DataTable14_2
   \   00000020   0x2000             MOVS     R0,#+0
   \   00000022   0x8020             STRH     R0,[R4, #+0]
   \   00000024   0x8028             STRH     R0,[R5, #+0]
   \   00000026   0xF8AB 0x0018      STRH     R0,[R11, #+24]
   \   0000002A   0x8320             STRH     R0,[R4, #+24]
   \   0000002C   0x8328             STRH     R0,[R5, #+24]
   \   0000002E   0x8620             STRH     R0,[R4, #+48]
   \   00000030   0xF8A9 0x0000      STRH     R0,[R9, #+0]
   \   00000034   0x80B8             STRH     R0,[R7, #+4]
   \   00000036   0xF8A9 0x0018      STRH     R0,[R9, #+24]
   \   0000003A   0x83B8             STRH     R0,[R7, #+28]
   \   0000003C   0xF8AB 0x0000      STRH     R0,[R11, #+0]
   \   00000040   0xF8A8 0x0018      STRH     R0,[R8, #+24]
   \   00000044   0xF8A8 0x0000      STRH     R0,[R8, #+0]
   \   00000048   0x8008             STRH     R0,[R1, #+0]
   \   0000004A   0xB085             SUB      SP,SP,#+20
    181              
    182              if(disp_state_stack._disp_state[disp_state_stack._disp_index] != ADVANCED_UI)
   \   0000004C   0x.... 0x....      LDR.W    R0,??DataTable14_12
   \   00000050   0xF990 0x1064      LDRSB    R1,[R0, #+100]
   \   00000054   0x560A             LDRSB    R2,[R1, R0]
   \   00000056   0x2A3A             CMP      R2,#+58
   \   00000058   0xD005             BEQ.N    ??draw_Advanced_0
    183              {
    184                  disp_state_stack._disp_index++;
   \   0000005A   0x1C49             ADDS     R1,R1,#+1
   \   0000005C   0xF880 0x1064      STRB     R1,[R0, #+100]
    185                  disp_state_stack._disp_state[disp_state_stack._disp_index] = ADVANCED_UI;
   \   00000060   0x223A             MOVS     R2,#+58
   \   00000062   0xB249             SXTB     R1,R1
   \   00000064   0x540A             STRB     R2,[R1, R0]
    186              }
    187              disp_state = ADVANCED_UI;
   \                     ??draw_Advanced_0: (+1)
   \   00000066   0x203A             MOVS     R0,#+58
   \   00000068   0x.... 0x....      LDR.W    R1,??DataTable14_13
   \   0000006C   0x7008             STRB     R0,[R1, #+0]
   \   0000006E   0x.... 0x....      LDR.W    R0,??DataTable14_4
   \   00000072   0x6940             LDR      R0,[R0, #+20]
    188              
    189              GUI_SetBkColor(gCfgItems.background_color);
   \   00000074   0x.... 0x....      BL       GUI_SetBkColor
    190              GUI_SetColor(gCfgItems.title_color);
   \   00000078   0x.... 0x....      LDR.W    R6,??DataTable14_14
   \   0000007C   0x6870             LDR      R0,[R6, #+4]
   \   0000007E   0x.... 0x....      BL       GUI_SetColor
    191              GUI_Clear();
   \   00000082   0x.... 0x....      BL       GUI_Clear
    192              
    193              GUI_DispStringAt(machine_menu.AdvancedConfTitle, TITLE_XPOS, TITLE_YPOS);
   \   00000086   0x.... 0x....      LDR.W    R10,??DataTable14_9
   \   0000008A   0xF8DA 0x0210      LDR      R0,[R10, #+528]
   \   0000008E   0x2205             MOVS     R2,#+5
   \   00000090   0x2103             MOVS     R1,#+3
   \   00000092   0x.... 0x....      BL       GUI_DispStringAt
    194          
    195              hAdvancedWnd = WM_CreateWindow(0, 0, LCD_WIDTH, LCD_HEIGHT, WM_CF_SHOW, cbAdvancedWin, 0);
   \   00000096   0x2000             MOVS     R0,#+0
   \   00000098   0x9002             STR      R0,[SP, #+8]
   \   0000009A   0xF44F 0x73A0      MOV      R3,#+320
   \   0000009E   0x.... 0x....      LDR.W    R0,??DataTable14_15
   \   000000A2   0x9001             STR      R0,[SP, #+4]
   \   000000A4   0xF44F 0x72F0      MOV      R2,#+480
   \   000000A8   0x2002             MOVS     R0,#+2
   \   000000AA   0x9000             STR      R0,[SP, #+0]
   \   000000AC   0x2100             MOVS     R1,#+0
   \   000000AE   0x2000             MOVS     R0,#+0
   \   000000B0   0x.... 0x....      BL       WM_CreateWindow
   \   000000B4   0x8078             STRH     R0,[R7, #+2]
    196          
    197              if(current_page != 1)
   \   000000B6   0x7838             LDRB     R0,[R7, #+0]
   \   000000B8   0x2801             CMP      R0,#+1
   \   000000BA   0xF000 0x815F      BEQ.W    ??draw_Advanced_1
    198              {
    199                  PowerOffDet_text.btnHandle = BUTTON_CreateEx(10,50,240,40,hAdvancedWnd, BUTTON_CF_SHOW, 0, alloc_win_id());
   \   000000BE   0x.... 0x....      BL       alloc_win_id
   \   000000C2   0x9003             STR      R0,[SP, #+12]
   \   000000C4   0x2328             MOVS     R3,#+40
   \   000000C6   0x2000             MOVS     R0,#+0
   \   000000C8   0x9002             STR      R0,[SP, #+8]
   \   000000CA   0x22F0             MOVS     R2,#+240
   \   000000CC   0x2002             MOVS     R0,#+2
   \   000000CE   0x9001             STR      R0,[SP, #+4]
   \   000000D0   0x2132             MOVS     R1,#+50
   \   000000D2   0x5E38             LDRSH    R0,[R7, R0]
   \   000000D4   0x9000             STR      R0,[SP, #+0]
   \   000000D6   0x200A             MOVS     R0,#+10
   \   000000D8   0x.... 0x....      BL       BUTTON_CreateEx
   \   000000DC   0x8020             STRH     R0,[R4, #+0]
    200                  PowerOffDet_DET.btnHandle = BUTTON_CreateEx(270,50+5,VALUE_DEFAULT_X,VALUE_DEFAULT_Y,hAdvancedWnd, BUTTON_CF_SHOW, 0, alloc_win_id());
   \   000000DE   0x.... 0x....      BL       alloc_win_id
   \   000000E2   0x9003             STR      R0,[SP, #+12]
   \   000000E4   0x231C             MOVS     R3,#+28
   \   000000E6   0x2000             MOVS     R0,#+0
   \   000000E8   0x9002             STR      R0,[SP, #+8]
   \   000000EA   0x2246             MOVS     R2,#+70
   \   000000EC   0x2002             MOVS     R0,#+2
   \   000000EE   0x9001             STR      R0,[SP, #+4]
   \   000000F0   0x2137             MOVS     R1,#+55
   \   000000F2   0x5E38             LDRSH    R0,[R7, R0]
   \   000000F4   0x9000             STR      R0,[SP, #+0]
   \   000000F6   0xF44F 0x7087      MOV      R0,#+270
   \   000000FA   0x.... 0x....      BL       BUTTON_CreateEx
   \   000000FE   0x8028             STRH     R0,[R5, #+0]
    201                  PowerOffDet_PWC.btnHandle = BUTTON_CreateEx(370,50+5,VALUE_DEFAULT_X,VALUE_DEFAULT_Y,hAdvancedWnd, BUTTON_CF_SHOW, 0, alloc_win_id());
   \   00000100   0x.... 0x....      BL       alloc_win_id
   \   00000104   0x9003             STR      R0,[SP, #+12]
   \   00000106   0x231C             MOVS     R3,#+28
   \   00000108   0x2000             MOVS     R0,#+0
   \   0000010A   0x9002             STR      R0,[SP, #+8]
   \   0000010C   0x2246             MOVS     R2,#+70
   \   0000010E   0x2002             MOVS     R0,#+2
   \   00000110   0x9001             STR      R0,[SP, #+4]
   \   00000112   0x2137             MOVS     R1,#+55
   \   00000114   0x5E38             LDRSH    R0,[R7, R0]
   \   00000116   0x9000             STR      R0,[SP, #+0]
   \   00000118   0xF44F 0x70B9      MOV      R0,#+370
   \   0000011C   0x.... 0x....      BL       BUTTON_CreateEx
   \   00000120   0xF8AB 0x0018      STRH     R0,[R11, #+24]
    202          
    203                  PowerOff_text.btnHandle = BUTTON_CreateEx(10,100,240,40,hAdvancedWnd, BUTTON_CF_SHOW, 0, alloc_win_id());
   \   00000124   0x.... 0x....      BL       alloc_win_id
   \   00000128   0x9003             STR      R0,[SP, #+12]
   \   0000012A   0x2328             MOVS     R3,#+40
   \   0000012C   0x2000             MOVS     R0,#+0
   \   0000012E   0x9002             STR      R0,[SP, #+8]
   \   00000130   0x22F0             MOVS     R2,#+240
   \   00000132   0x2002             MOVS     R0,#+2
   \   00000134   0x9001             STR      R0,[SP, #+4]
   \   00000136   0x2164             MOVS     R1,#+100
   \   00000138   0x5E38             LDRSH    R0,[R7, R0]
   \   0000013A   0x9000             STR      R0,[SP, #+0]
   \   0000013C   0x200A             MOVS     R0,#+10
   \   0000013E   0x.... 0x....      BL       BUTTON_CreateEx
   \   00000142   0x8320             STRH     R0,[R4, #+24]
    204                  PowerOff_Sel.btnHandle = BUTTON_CreateEx(370,100,90,40,hAdvancedWnd, BUTTON_CF_SHOW, 0, alloc_win_id());
   \   00000144   0x.... 0x....      BL       alloc_win_id
   \   00000148   0x9003             STR      R0,[SP, #+12]
   \   0000014A   0x2328             MOVS     R3,#+40
   \   0000014C   0x2000             MOVS     R0,#+0
   \   0000014E   0x9002             STR      R0,[SP, #+8]
   \   00000150   0x225A             MOVS     R2,#+90
   \   00000152   0x2002             MOVS     R0,#+2
   \   00000154   0x9001             STR      R0,[SP, #+4]
   \   00000156   0x2164             MOVS     R1,#+100
   \   00000158   0x5E38             LDRSH    R0,[R7, R0]
   \   0000015A   0x9000             STR      R0,[SP, #+0]
   \   0000015C   0xF44F 0x70B9      MOV      R0,#+370
   \   00000160   0x.... 0x....      BL       BUTTON_CreateEx
   \   00000164   0x8328             STRH     R0,[R5, #+24]
    205          
    206                  HaveUPS_text.btnHandle = BUTTON_CreateEx(10,150,240,40,hAdvancedWnd, BUTTON_CF_SHOW, 0, alloc_win_id());
   \   00000166   0x.... 0x....      BL       alloc_win_id
   \   0000016A   0x9003             STR      R0,[SP, #+12]
   \   0000016C   0x2328             MOVS     R3,#+40
   \   0000016E   0x2000             MOVS     R0,#+0
   \   00000170   0x9002             STR      R0,[SP, #+8]
   \   00000172   0x22F0             MOVS     R2,#+240
   \   00000174   0x2002             MOVS     R0,#+2
   \   00000176   0x9001             STR      R0,[SP, #+4]
   \   00000178   0x2196             MOVS     R1,#+150
   \   0000017A   0x5E38             LDRSH    R0,[R7, R0]
   \   0000017C   0x9000             STR      R0,[SP, #+0]
   \   0000017E   0x200A             MOVS     R0,#+10
   \   00000180   0x.... 0x....      BL       BUTTON_CreateEx
   \   00000184   0x8620             STRH     R0,[R4, #+48]
    207                  HaveUPS_Sel.btnHandle = BUTTON_CreateEx(370,150,90,40,hAdvancedWnd, BUTTON_CF_SHOW, 0, alloc_win_id());
   \   00000186   0x.... 0x....      BL       alloc_win_id
   \   0000018A   0x9003             STR      R0,[SP, #+12]
   \   0000018C   0x2328             MOVS     R3,#+40
   \   0000018E   0x2000             MOVS     R0,#+0
   \   00000190   0x9002             STR      R0,[SP, #+8]
   \   00000192   0x225A             MOVS     R2,#+90
   \   00000194   0x2002             MOVS     R0,#+2
   \   00000196   0x9001             STR      R0,[SP, #+4]
   \   00000198   0x2196             MOVS     R1,#+150
   \   0000019A   0x5E38             LDRSH    R0,[R7, R0]
   \   0000019C   0x9000             STR      R0,[SP, #+0]
   \   0000019E   0xF44F 0x70B9      MOV      R0,#+370
   \   000001A2   0x.... 0x....      BL       BUTTON_CreateEx
   \   000001A6   0xF8A9 0x0000      STRH     R0,[R9, #+0]
    208          
    209                  DoubleZandEndstop_text.btnHandle = BUTTON_CreateEx(10,200,450,40,hAdvancedWnd, BUTTON_CF_SHOW, 0, alloc_win_id());
   \   000001AA   0x.... 0x....      BL       alloc_win_id
   \   000001AE   0x9003             STR      R0,[SP, #+12]
   \   000001B0   0x2328             MOVS     R3,#+40
   \   000001B2   0x2000             MOVS     R0,#+0
   \   000001B4   0x9002             STR      R0,[SP, #+8]
   \   000001B6   0xF44F 0x72E1      MOV      R2,#+450
   \   000001BA   0x2002             MOVS     R0,#+2
   \   000001BC   0x9001             STR      R0,[SP, #+4]
   \   000001BE   0x21C8             MOVS     R1,#+200
   \   000001C0   0x5E38             LDRSH    R0,[R7, R0]
   \   000001C2   0x9000             STR      R0,[SP, #+0]
   \   000001C4   0x200A             MOVS     R0,#+10
   \   000001C6   0x.... 0x....      BL       BUTTON_CreateEx
   \   000001CA   0x80B8             STRH     R0,[R7, #+4]
    210                  DoubleZandEndstopArrow.btnHandle = BUTTON_CreateEx(460,200,10,40,hAdvancedWnd, BUTTON_CF_SHOW, 0, alloc_win_id());
   \   000001CC   0x.... 0x....      BL       alloc_win_id
   \   000001D0   0x9003             STR      R0,[SP, #+12]
   \   000001D2   0x2328             MOVS     R3,#+40
   \   000001D4   0x2000             MOVS     R0,#+0
   \   000001D6   0x9002             STR      R0,[SP, #+8]
   \   000001D8   0x220A             MOVS     R2,#+10
   \   000001DA   0x2002             MOVS     R0,#+2
   \   000001DC   0x9001             STR      R0,[SP, #+4]
   \   000001DE   0x21C8             MOVS     R1,#+200
   \   000001E0   0x5E38             LDRSH    R0,[R7, R0]
   \   000001E2   0x9000             STR      R0,[SP, #+0]
   \   000001E4   0xF44F 0x70E6      MOV      R0,#+460
   \   000001E8   0x.... 0x....      BL       BUTTON_CreateEx
   \   000001EC   0xF8A9 0x0018      STRH     R0,[R9, #+24]
    211          
    212          		if(gCfgItems.insert_det_module==1)
   \   000001F0   0x.... 0x....      LDR.W    R1,??DataTable14_4
   \   000001F4   0xF9B5 0x0000      LDRSH    R0,[R5, #+0]
   \   000001F8   0xF891 0x11CC      LDRB     R1,[R1, #+460]
   \   000001FC   0x2901             CMP      R1,#+1
   \   000001FE   0xD108             BNE.N    ??draw_Advanced_2
    213          		{
    214                  	BUTTON_SetBmpFileName(PowerOffDet_DET.btnHandle, "bmp_det_sel.bin",1);        
   \   00000200   0x2201             MOVS     R2,#+1
   \   00000202   0x.... 0x....      ADR.W    R1,`?<Constant "bmp_det_sel.bin">`
   \   00000206   0x.... 0x....      BL       BUTTON_SetBmpFileName
    215                  	BUTTON_SetBmpFileName(PowerOffDet_PWC.btnHandle, "bmp_pwc.bin",1);
   \   0000020A   0x.... 0x....      ADR.W    R1,`?<Constant "bmp_pwc.bin">`
   \   0000020E   0x2201             MOVS     R2,#+1
   \   00000210   0xE007             B.N      ??draw_Advanced_3
    216          		}
    217          		else
    218          		{
    219                  	BUTTON_SetBmpFileName(PowerOffDet_DET.btnHandle, "bmp_det.bin",1);        
   \                     ??draw_Advanced_2: (+1)
   \   00000212   0x2201             MOVS     R2,#+1
   \   00000214   0x.... 0x....      ADR.W    R1,`?<Constant "bmp_det.bin">`
   \   00000218   0x.... 0x....      BL       BUTTON_SetBmpFileName
    220                  	BUTTON_SetBmpFileName(PowerOffDet_PWC.btnHandle, "bmp_pwc_sel.bin",1);		
   \   0000021C   0x.... 0x....      ADR.W    R1,`?<Constant "bmp_pwc_sel.bin">`
   \   00000220   0x2201             MOVS     R2,#+1
   \                     ??draw_Advanced_3: (+1)
   \   00000222   0xF9BB 0x0018      LDRSH    R0,[R11, #+24]
   \   00000226   0x.... 0x....      BL       BUTTON_SetBmpFileName
    221          		}
    222          		if(gCfgItems.have_ups==1)
   \   0000022A   0xF9B9 0x0000      LDRSH    R0,[R9, #+0]
   \   0000022E   0x.... 0x....      LDR.W    R1,??DataTable14_4
   \   00000232   0xF891 0x10DD      LDRB     R1,[R1, #+221]
   \   00000236   0x2901             CMP      R1,#+1
   \   00000238   0xBF07             ITTEE    EQ 
    223          		{
    224                  	BUTTON_SetBmpFileName(HaveUPS_Sel.btnHandle, "bmp_has_ups.bin",1);
   \   0000023A   0x2201             MOVEQ    R2,#+1
   \   0000023C   0x.... 0x....      ADREQ.W  R1,`?<Constant "bmp_has_ups.bin">`
    225          		}
    226          		else
    227          		{
    228          			BUTTON_SetBmpFileName(HaveUPS_Sel.btnHandle, "bmp_no_ups.bin",1);
   \   00000240   0x2201             MOVNE    R2,#+1
   \   00000242   0x.... 0x....      ADRNE.W  R1,`?<Constant "bmp_no_ups.bin">`
   \   00000246   0x.... 0x....      BL       BUTTON_SetBmpFileName
    229          		}
    230          		if(gCfgItems.print_finish_close_machine_flg==1)
   \   0000024A   0xF9B5 0x0018      LDRSH    R0,[R5, #+24]
   \   0000024E   0x.... 0x....      LDR.W    R1,??DataTable14_16
   \   00000252   0x7B09             LDRB     R1,[R1, #+12]
   \   00000254   0x2901             CMP      R1,#+1
   \   00000256   0xBF07             ITTEE    EQ 
    231          		{
    232          			BUTTON_SetBmpFileName(PowerOff_Sel.btnHandle, "bmp_enable.bin",1);
   \   00000258   0x2201             MOVEQ    R2,#+1
   \   0000025A   0x.... 0x....      ADREQ.W  R1,`?<Constant "bmp_enable.bin">`
    233          		}
    234          		else
    235          		{
    236          			BUTTON_SetBmpFileName(PowerOff_Sel.btnHandle, "bmp_disable.bin",1);
   \   0000025E   0x2201             MOVNE    R2,#+1
   \   00000260   0x.... 0x....      ADRNE.W  R1,`?<Constant "bmp_disable.bin">`
   \   00000264   0x.... 0x....      BL       BUTTON_SetBmpFileName
    237          		}
    238          		
    239          		BUTTON_SetBmpFileName(DoubleZandEndstopArrow.btnHandle, "bmp_arrow.bin",1);
   \   00000268   0xF9B9 0x0018      LDRSH    R0,[R9, #+24]
   \   0000026C   0x.... 0x....      ADR.W    R1,`?<Constant "bmp_arrow.bin">`
   \   00000270   0x2201             MOVS     R2,#+1
   \   00000272   0x.... 0x....      BL       BUTTON_SetBmpFileName
    240                  
    241                  BUTTON_SetBmpFileName(PowerOffDet_text.btnHandle,NULL,1);        
   \   00000276   0x2100             MOVS     R1,#+0
   \   00000278   0x2201             MOVS     R2,#+1
   \   0000027A   0x5E60             LDRSH    R0,[R4, R1]
   \   0000027C   0x.... 0x....      BL       BUTTON_SetBmpFileName
    242                  BUTTON_SetBmpFileName(PowerOff_text.btnHandle,NULL,1);
   \   00000280   0xF9B4 0x0018      LDRSH    R0,[R4, #+24]
   \   00000284   0x2201             MOVS     R2,#+1
   \   00000286   0x2100             MOVS     R1,#+0
   \   00000288   0x.... 0x....      BL       BUTTON_SetBmpFileName
    243                  BUTTON_SetBmpFileName(HaveUPS_text.btnHandle,NULL,1);
   \   0000028C   0xF9B4 0x0030      LDRSH    R0,[R4, #+48]
   \   00000290   0x2201             MOVS     R2,#+1
   \   00000292   0x2100             MOVS     R1,#+0
   \   00000294   0x.... 0x....      BL       BUTTON_SetBmpFileName
    244                  BUTTON_SetBmpFileName(DoubleZandEndstop_text.btnHandle,NULL,1);
   \   00000298   0xF9B7 0x0004      LDRSH    R0,[R7, #+4]
   \   0000029C   0x2201             MOVS     R2,#+1
   \   0000029E   0x2100             MOVS     R1,#+0
   \   000002A0   0x.... 0x....      BL       BUTTON_SetBmpFileName
   \   000002A4   0x2000             MOVS     R0,#+0
   \   000002A6   0x9000             STR      R0,[SP, #+0]
   \   000002A8   0x4601             MOV      R1,R0
   \   000002AA   0x5E28             LDRSH    R0,[R5, R0]
   \   000002AC   0x....             LDR.N    R2,??DataTable14_17
   \   000002AE   0x2300             MOVS     R3,#+0
    245                  
    246                  BUTTON_SetBitmapEx(PowerOffDet_DET.btnHandle,0,&bmp_struct70X28,0,0);
   \   000002B0   0x.... 0x....      BL       BUTTON_SetBitmapEx
    247                  BUTTON_SetBitmapEx(PowerOffDet_PWC.btnHandle,0,&bmp_struct70X28,0,0);
   \   000002B4   0x2000             MOVS     R0,#+0
   \   000002B6   0x9000             STR      R0,[SP, #+0]
   \   000002B8   0x4603             MOV      R3,R0
   \   000002BA   0x4601             MOV      R1,R0
   \   000002BC   0xF9BB 0x0018      LDRSH    R0,[R11, #+24]
   \   000002C0   0x....             LDR.N    R2,??DataTable14_17
   \   000002C2   0x.... 0x....      BL       BUTTON_SetBitmapEx
    248                  BUTTON_SetBitmapEx(PowerOff_Sel.btnHandle,0,&bmp_struct90X30,0,5);
   \   000002C6   0x.... 0x....      LDR.W    R11,??DataTable14_18
   \   000002CA   0x2005             MOVS     R0,#+5
   \   000002CC   0x9000             STR      R0,[SP, #+0]
   \   000002CE   0x2300             MOVS     R3,#+0
   \   000002D0   0xF9B5 0x0018      LDRSH    R0,[R5, #+24]
   \   000002D4   0x465A             MOV      R2,R11
   \   000002D6   0x4619             MOV      R1,R3
   \   000002D8   0x.... 0x....      BL       BUTTON_SetBitmapEx
    249                  BUTTON_SetBitmapEx(HaveUPS_Sel.btnHandle,0,&bmp_struct90X30,0,5); 
   \   000002DC   0x2005             MOVS     R0,#+5
   \   000002DE   0x2300             MOVS     R3,#+0
   \   000002E0   0x9000             STR      R0,[SP, #+0]
   \   000002E2   0x4619             MOV      R1,R3
   \   000002E4   0x465A             MOV      R2,R11
   \   000002E6   0xF939 0x0001      LDRSH    R0,[R9, R1]
   \   000002EA   0x.... 0x....      BL       BUTTON_SetBitmapEx
    250                  BUTTON_SetBitmapEx(DoubleZandEndstopArrow.btnHandle,0,&bmp_struct10x17,0,12);
   \   000002EE   0x....             LDR.N    R2,??DataTable14_19
   \   000002F0   0x200C             MOVS     R0,#+12
   \   000002F2   0x9000             STR      R0,[SP, #+0]
   \   000002F4   0x2300             MOVS     R3,#+0
   \   000002F6   0xF9B9 0x0018      LDRSH    R0,[R9, #+24]
   \   000002FA   0x4619             MOV      R1,R3
   \   000002FC   0x.... 0x....      BL       BUTTON_SetBitmapEx
    251                  
    252                  BUTTON_SetTextAlign(PowerOffDet_text.btnHandle,GUI_TA_LEFT|GUI_TA_VCENTER );
   \   00000300   0xF9B4 0x0000      LDRSH    R0,[R4, #+0]
   \   00000304   0x210C             MOVS     R1,#+12
   \   00000306   0x.... 0x....      BL       BUTTON_SetTextAlign
    253                  BUTTON_SetTextAlign(PowerOff_text.btnHandle,GUI_TA_LEFT|GUI_TA_VCENTER );
   \   0000030A   0xF9B4 0x0018      LDRSH    R0,[R4, #+24]
   \   0000030E   0x210C             MOVS     R1,#+12
   \   00000310   0x.... 0x....      BL       BUTTON_SetTextAlign
    254                  BUTTON_SetTextAlign(HaveUPS_text.btnHandle,GUI_TA_LEFT|GUI_TA_VCENTER );
   \   00000314   0xF9B4 0x0030      LDRSH    R0,[R4, #+48]
   \   00000318   0x210C             MOVS     R1,#+12
   \   0000031A   0x.... 0x....      BL       BUTTON_SetTextAlign
    255                  BUTTON_SetTextAlign(DoubleZandEndstop_text.btnHandle,GUI_TA_LEFT|GUI_TA_VCENTER );   
   \   0000031E   0xF9B7 0x0004      LDRSH    R0,[R7, #+4]
   \   00000322   0x210C             MOVS     R1,#+12
   \   00000324   0x.... 0x....      BL       BUTTON_SetTextAlign
    256          
    257          		BUTTON_SetTextAlign(PowerOff_Sel.btnHandle,GUI_TA_HCENTER|GUI_TA_VCENTER );
   \   00000328   0xF9B5 0x0018      LDRSH    R0,[R5, #+24]
   \   0000032C   0x210E             MOVS     R1,#+14
   \   0000032E   0x.... 0x....      BL       BUTTON_SetTextAlign
    258                  BUTTON_SetTextAlign(HaveUPS_Sel.btnHandle,GUI_TA_HCENTER|GUI_TA_VCENTER );
   \   00000332   0xF9B9 0x0000      LDRSH    R0,[R9, #+0]
   \   00000336   0x210E             MOVS     R1,#+14
   \   00000338   0x.... 0x....      BL       BUTTON_SetTextAlign
    259          
    260                  button_next.btnHandle = BUTTON_CreateEx(320,270,70,40,hAdvancedWnd,BUTTON_CF_SHOW,0,alloc_win_id());
   \   0000033C   0x.... 0x....      BL       alloc_win_id
   \   00000340   0x9003             STR      R0,[SP, #+12]
   \   00000342   0x2328             MOVS     R3,#+40
   \   00000344   0x2000             MOVS     R0,#+0
   \   00000346   0x9002             STR      R0,[SP, #+8]
   \   00000348   0x2246             MOVS     R2,#+70
   \   0000034A   0x2002             MOVS     R0,#+2
   \   0000034C   0x9001             STR      R0,[SP, #+4]
   \   0000034E   0xF44F 0x7187      MOV      R1,#+270
   \   00000352   0x5E38             LDRSH    R0,[R7, R0]
   \   00000354   0x9000             STR      R0,[SP, #+0]
   \   00000356   0xF44F 0x70A0      MOV      R0,#+320
   \   0000035A   0x.... 0x....      BL       BUTTON_CreateEx
   \   0000035E   0xF8A8 0x0000      STRH     R0,[R8, #+0]
    261                  BUTTON_SetBmpFileName(button_next.btnHandle, "bmp_next.bin",1); 
   \   00000362   0x2201             MOVS     R2,#+1
   \   00000364   0x.... 0x....      ADR.W    R1,`?<Constant "bmp_next.bin">`
   \   00000368   0x.... 0x....      BL       BUTTON_SetBmpFileName
    262              
    263                  BUTTON_SetBitmapEx(button_next.btnHandle, 0, &bmp_struct70X40,0, 0);
   \   0000036C   0x....             LDR.N    R2,??DataTable14_20
   \   0000036E   0x2000             MOVS     R0,#+0
   \   00000370   0x9000             STR      R0,[SP, #+0]
   \   00000372   0x4603             MOV      R3,R0
   \   00000374   0x4601             MOV      R1,R0
   \   00000376   0xF9B8 0x0000      LDRSH    R0,[R8, #+0]
   \   0000037A   0xE05A             B.N      ??draw_Advanced_4
    264                  
    265          
    266              }
    267              else
    268              {
    269                  MotorEnablePin_text.btnHandle = BUTTON_CreateEx(10,50,450,40,hAdvancedWnd, BUTTON_CF_SHOW, 0, alloc_win_id());
   \                     ??draw_Advanced_1: (+1)
   \   0000037C   0x.... 0x....      BL       alloc_win_id
   \   00000380   0x9003             STR      R0,[SP, #+12]
   \   00000382   0x2328             MOVS     R3,#+40
   \   00000384   0x2000             MOVS     R0,#+0
   \   00000386   0x9002             STR      R0,[SP, #+8]
   \   00000388   0xF44F 0x72E1      MOV      R2,#+450
   \   0000038C   0x2002             MOVS     R0,#+2
   \   0000038E   0x9001             STR      R0,[SP, #+4]
   \   00000390   0x2132             MOVS     R1,#+50
   \   00000392   0x5E38             LDRSH    R0,[R7, R0]
   \   00000394   0x9000             STR      R0,[SP, #+0]
   \   00000396   0x200A             MOVS     R0,#+10
   \   00000398   0x.... 0x....      BL       BUTTON_CreateEx
   \   0000039C   0x83B8             STRH     R0,[R7, #+28]
    270                  MotorEnablePinArrow.btnHandle = BUTTON_CreateEx(460,50,10,40,hAdvancedWnd, BUTTON_CF_SHOW, 0, alloc_win_id());
   \   0000039E   0x.... 0x....      BL       alloc_win_id
   \   000003A2   0x9003             STR      R0,[SP, #+12]
   \   000003A4   0x2328             MOVS     R3,#+40
   \   000003A6   0x2000             MOVS     R0,#+0
   \   000003A8   0x9002             STR      R0,[SP, #+8]
   \   000003AA   0x220A             MOVS     R2,#+10
   \   000003AC   0x2002             MOVS     R0,#+2
   \   000003AE   0x9001             STR      R0,[SP, #+4]
   \   000003B0   0x2132             MOVS     R1,#+50
   \   000003B2   0x5E38             LDRSH    R0,[R7, R0]
   \   000003B4   0x9000             STR      R0,[SP, #+0]
   \   000003B6   0xF44F 0x70E6      MOV      R0,#+460
   \   000003BA   0x.... 0x....      BL       BUTTON_CreateEx
   \   000003BE   0xF8AB 0x0000      STRH     R0,[R11, #+0]
    271          
    272                  BUTTON_SetBmpFileName(MotorEnablePinArrow.btnHandle, "bmp_arrow.bin",1);
   \   000003C2   0x2201             MOVS     R2,#+1
   \   000003C4   0x.... 0x....      ADR.W    R1,`?<Constant "bmp_arrow.bin">`
   \   000003C8   0x.... 0x....      BL       BUTTON_SetBmpFileName
    273                  
    274                  BUTTON_SetBmpFileName(MotorEnablePin_text.btnHandle,NULL,1); 
   \   000003CC   0xF9B7 0x001C      LDRSH    R0,[R7, #+28]
   \   000003D0   0x2201             MOVS     R2,#+1
   \   000003D2   0x2100             MOVS     R1,#+0
   \   000003D4   0x.... 0x....      BL       BUTTON_SetBmpFileName
    275                  
    276                  BUTTON_SetBitmapEx(MotorEnablePinArrow.btnHandle,0,&bmp_struct10x17,0,12);
   \   000003D8   0x200C             MOVS     R0,#+12
   \   000003DA   0x9000             STR      R0,[SP, #+0]
   \   000003DC   0x2300             MOVS     R3,#+0
   \   000003DE   0xF9BB 0x0000      LDRSH    R0,[R11, #+0]
   \   000003E2   0x....             LDR.N    R2,??DataTable14_19
   \   000003E4   0x2100             MOVS     R1,#+0
   \   000003E6   0x.... 0x....      BL       BUTTON_SetBitmapEx
    277          
    278                  BUTTON_SetTextAlign(MotorEnablePin_text.btnHandle,GUI_TA_LEFT|GUI_TA_VCENTER );
   \   000003EA   0xF9B7 0x001C      LDRSH    R0,[R7, #+28]
   \   000003EE   0x210C             MOVS     R1,#+12
   \   000003F0   0x.... 0x....      BL       BUTTON_SetTextAlign
    279          
    280                  button_previous.btnHandle = BUTTON_CreateEx(320,270,70,40,hAdvancedWnd,BUTTON_CF_SHOW,0,alloc_win_id());
   \   000003F4   0x.... 0x....      BL       alloc_win_id
   \   000003F8   0x9003             STR      R0,[SP, #+12]
   \   000003FA   0x2328             MOVS     R3,#+40
   \   000003FC   0x2000             MOVS     R0,#+0
   \   000003FE   0x9002             STR      R0,[SP, #+8]
   \   00000400   0x2246             MOVS     R2,#+70
   \   00000402   0x2002             MOVS     R0,#+2
   \   00000404   0x9001             STR      R0,[SP, #+4]
   \   00000406   0xF44F 0x7187      MOV      R1,#+270
   \   0000040A   0x5E38             LDRSH    R0,[R7, R0]
   \   0000040C   0x9000             STR      R0,[SP, #+0]
   \   0000040E   0xF44F 0x70A0      MOV      R0,#+320
   \   00000412   0x.... 0x....      BL       BUTTON_CreateEx
   \   00000416   0xF8A8 0x0018      STRH     R0,[R8, #+24]
    281                  BUTTON_SetBmpFileName(button_previous.btnHandle, "bmp_previous.bin",1); 
   \   0000041A   0x2201             MOVS     R2,#+1
   \   0000041C   0x.... 0x....      ADR.W    R1,`?<Constant "bmp_previous.bin">`
   \   00000420   0x.... 0x....      BL       BUTTON_SetBmpFileName
    282                  
    283                  BUTTON_SetBitmapEx(button_previous.btnHandle, 0, &bmp_struct70X40,0, 0);
   \   00000424   0x....             LDR.N    R2,??DataTable14_20
   \   00000426   0x2000             MOVS     R0,#+0
   \   00000428   0x9000             STR      R0,[SP, #+0]
   \   0000042A   0x4603             MOV      R3,R0
   \   0000042C   0x4601             MOV      R1,R0
   \   0000042E   0xF9B8 0x0018      LDRSH    R0,[R8, #+24]
   \                     ??draw_Advanced_4: (+1)
   \   00000432   0x.... 0x....      BL       BUTTON_SetBitmapEx
    284                  
    285              }
    286          
    287               button_back.btnHandle = BUTTON_CreateEx(400,270,70,40,hAdvancedWnd,BUTTON_CF_SHOW,0,alloc_win_id());
   \   00000436   0x.... 0x....      BL       alloc_win_id
   \   0000043A   0x9003             STR      R0,[SP, #+12]
   \   0000043C   0x2328             MOVS     R3,#+40
   \   0000043E   0x2000             MOVS     R0,#+0
   \   00000440   0x9002             STR      R0,[SP, #+8]
   \   00000442   0x2246             MOVS     R2,#+70
   \   00000444   0x2002             MOVS     R0,#+2
   \   00000446   0x9001             STR      R0,[SP, #+4]
   \   00000448   0xF44F 0x7187      MOV      R1,#+270
   \   0000044C   0x5E38             LDRSH    R0,[R7, R0]
   \   0000044E   0x9000             STR      R0,[SP, #+0]
   \   00000450   0xF44F 0x70C8      MOV      R0,#+400
   \   00000454   0x.... 0x....      BL       BUTTON_CreateEx
   \   00000458   0x....             LDR.N    R1,??DataTable14_2
   \   0000045A   0x8008             STRH     R0,[R1, #+0]
    288               
    289               BUTTON_SetBmpFileName(button_back.btnHandle, "bmp_back70x40.bin",1);        
   \   0000045C   0x2201             MOVS     R2,#+1
   \   0000045E   0x.... 0x....      ADR.W    R1,`?<Constant "bmp_back70x40.bin">`
   \   00000462   0x.... 0x....      BL       BUTTON_SetBmpFileName
    290               BUTTON_SetBitmapEx(button_back.btnHandle, 0, &bmp_struct70X40,0, 0);
   \   00000466   0x....             LDR.N    R2,??DataTable14_20
   \   00000468   0x2000             MOVS     R0,#+0
   \   0000046A   0x9000             STR      R0,[SP, #+0]
   \   0000046C   0x4601             MOV      R1,R0
   \   0000046E   0x....             LDR.N    R0,??DataTable14_2
   \   00000470   0x5E40             LDRSH    R0,[R0, R1]
   \   00000472   0x2300             MOVS     R3,#+0
   \   00000474   0x.... 0x....      BL       BUTTON_SetBitmapEx
    291                  
    292               BUTTON_SetBkColor(button_next.btnHandle, BUTTON_CI_PRESSED, gCfgItems.back_btn_color);
   \   00000478   0x6BB2             LDR      R2,[R6, #+56]
   \   0000047A   0xF9B8 0x0000      LDRSH    R0,[R8, #+0]
   \   0000047E   0x2101             MOVS     R1,#+1
   \   00000480   0x.... 0x....      BL       BUTTON_SetBkColor
    293               BUTTON_SetBkColor(button_next.btnHandle, BUTTON_CI_UNPRESSED, gCfgItems.back_btn_color); 
   \   00000484   0x6BB2             LDR      R2,[R6, #+56]
   \   00000486   0xF9B8 0x0000      LDRSH    R0,[R8, #+0]
   \   0000048A   0x2100             MOVS     R1,#+0
   \   0000048C   0x.... 0x....      BL       BUTTON_SetBkColor
    294               BUTTON_SetTextColor(button_next.btnHandle, BUTTON_CI_PRESSED, gCfgItems.back_btn_textcolor);
   \   00000490   0x6BF2             LDR      R2,[R6, #+60]
   \   00000492   0xF9B8 0x0000      LDRSH    R0,[R8, #+0]
   \   00000496   0x2101             MOVS     R1,#+1
   \   00000498   0x.... 0x....      BL       BUTTON_SetTextColor
    295               BUTTON_SetTextColor(button_next.btnHandle, BUTTON_CI_UNPRESSED, gCfgItems.back_btn_textcolor);
   \   0000049C   0x6BF2             LDR      R2,[R6, #+60]
   \   0000049E   0xF9B8 0x0000      LDRSH    R0,[R8, #+0]
   \   000004A2   0x2100             MOVS     R1,#+0
   \   000004A4   0x.... 0x....      BL       BUTTON_SetTextColor
    296               BUTTON_SetBkColor(button_previous.btnHandle, BUTTON_CI_PRESSED, gCfgItems.back_btn_color);
   \   000004A8   0x6BB2             LDR      R2,[R6, #+56]
   \   000004AA   0xF9B8 0x0018      LDRSH    R0,[R8, #+24]
   \   000004AE   0x2101             MOVS     R1,#+1
   \   000004B0   0x.... 0x....      BL       BUTTON_SetBkColor
    297               BUTTON_SetBkColor(button_previous.btnHandle, BUTTON_CI_UNPRESSED, gCfgItems.back_btn_color);    
   \   000004B4   0x6BB2             LDR      R2,[R6, #+56]
   \   000004B6   0xF9B8 0x0018      LDRSH    R0,[R8, #+24]
   \   000004BA   0x2100             MOVS     R1,#+0
   \   000004BC   0x.... 0x....      BL       BUTTON_SetBkColor
    298               BUTTON_SetTextColor(button_previous.btnHandle, BUTTON_CI_PRESSED, gCfgItems.back_btn_textcolor);
   \   000004C0   0x6BF2             LDR      R2,[R6, #+60]
   \   000004C2   0xF9B8 0x0018      LDRSH    R0,[R8, #+24]
   \   000004C6   0x2101             MOVS     R1,#+1
   \   000004C8   0x.... 0x....      BL       BUTTON_SetTextColor
    299               BUTTON_SetTextColor(button_previous.btnHandle, BUTTON_CI_UNPRESSED, gCfgItems.back_btn_textcolor);    
   \   000004CC   0x6BF2             LDR      R2,[R6, #+60]
   \   000004CE   0xF9B8 0x0018      LDRSH    R0,[R8, #+24]
   \   000004D2   0x2100             MOVS     R1,#+0
   \   000004D4   0x.... 0x....      BL       BUTTON_SetTextColor
    300               BUTTON_SetBkColor(button_back.btnHandle, BUTTON_CI_PRESSED, gCfgItems.back_btn_color);
   \   000004D8   0x....             LDR.N    R0,??DataTable14_2
   \   000004DA   0x6BB2             LDR      R2,[R6, #+56]
   \   000004DC   0xF9B0 0x0000      LDRSH    R0,[R0, #+0]
   \   000004E0   0x2101             MOVS     R1,#+1
   \   000004E2   0x.... 0x....      BL       BUTTON_SetBkColor
    301               BUTTON_SetBkColor(button_back.btnHandle, BUTTON_CI_UNPRESSED, gCfgItems.back_btn_color); 
   \   000004E6   0x2100             MOVS     R1,#+0
   \   000004E8   0x....             LDR.N    R0,??DataTable14_2
   \   000004EA   0x6BB2             LDR      R2,[R6, #+56]
   \   000004EC   0x5E40             LDRSH    R0,[R0, R1]
   \   000004EE   0x.... 0x....      BL       BUTTON_SetBkColor
    302               BUTTON_SetTextColor(button_back.btnHandle, BUTTON_CI_PRESSED, gCfgItems.back_btn_textcolor);
   \   000004F2   0x....             LDR.N    R0,??DataTable14_2
   \   000004F4   0x6BF2             LDR      R2,[R6, #+60]
   \   000004F6   0xF9B0 0x0000      LDRSH    R0,[R0, #+0]
   \   000004FA   0x2101             MOVS     R1,#+1
   \   000004FC   0x.... 0x....      BL       BUTTON_SetTextColor
    303               BUTTON_SetTextColor(button_back.btnHandle, BUTTON_CI_UNPRESSED, gCfgItems.back_btn_textcolor); 
   \   00000500   0x2100             MOVS     R1,#+0
   \   00000502   0x....             LDR.N    R0,??DataTable14_2
   \   00000504   0x6BF2             LDR      R2,[R6, #+60]
   \   00000506   0x5E40             LDRSH    R0,[R0, R1]
   \   00000508   0x.... 0x....      BL       BUTTON_SetTextColor
    304               
    305               BUTTON_SetTextAlign(button_next.btnHandle,GUI_TA_HCENTER|GUI_TA_VCENTER );
   \   0000050C   0xF9B8 0x0000      LDRSH    R0,[R8, #+0]
   \   00000510   0x210E             MOVS     R1,#+14
   \   00000512   0x.... 0x....      BL       BUTTON_SetTextAlign
    306               BUTTON_SetTextAlign(button_previous.btnHandle,GUI_TA_HCENTER|GUI_TA_VCENTER );
   \   00000516   0xF9B8 0x0018      LDRSH    R0,[R8, #+24]
   \   0000051A   0x210E             MOVS     R1,#+14
   \   0000051C   0x.... 0x....      BL       BUTTON_SetTextAlign
    307               BUTTON_SetTextAlign(button_back.btnHandle,GUI_TA_HCENTER|GUI_TA_VCENTER );
   \   00000520   0x....             LDR.N    R0,??DataTable14_2
   \   00000522   0xF9B0 0x0000      LDRSH    R0,[R0, #+0]
   \   00000526   0x210E             MOVS     R1,#+14
   \   00000528   0x.... 0x....      BL       BUTTON_SetTextAlign
    308          
    309               if(gCfgItems.multiple_language != 0)
   \   0000052C   0x....             LDR.N    R0,??DataTable14_4
   \   0000052E   0xF890 0x01CF      LDRB     R0,[R0, #+463]
   \   00000532   0x2800             CMP      R0,#+0
   \   00000534   0xD04D             BEQ.N    ??draw_Advanced_5
    310               {
    311                  if(current_page != 1)
   \   00000536   0x7838             LDRB     R0,[R7, #+0]
   \   00000538   0xF50A 0x7604      ADD      R6,R10,#+528
   \   0000053C   0x2801             CMP      R0,#+1
   \   0000053E   0xD033             BEQ.N    ??draw_Advanced_6
    312                  {
    313                      BUTTON_SetText(PowerOffDet_text.btnHandle, machine_menu.PwrOffDection);
   \   00000540   0x6871             LDR      R1,[R6, #+4]
   \   00000542   0xF9B4 0x0000      LDRSH    R0,[R4, #+0]
   \   00000546   0x.... 0x....      BL       BUTTON_SetText
    314                      BUTTON_SetText(PowerOff_text.btnHandle, machine_menu.PwrOffAfterPrint);
   \   0000054A   0x68B1             LDR      R1,[R6, #+8]
   \   0000054C   0xF9B4 0x0018      LDRSH    R0,[R4, #+24]
   \   00000550   0x.... 0x....      BL       BUTTON_SetText
    315                      BUTTON_SetText(HaveUPS_text.btnHandle, machine_menu.HaveUps);
   \   00000554   0x68F1             LDR      R1,[R6, #+12]
   \   00000556   0xF9B4 0x0030      LDRSH    R0,[R4, #+48]
   \   0000055A   0x.... 0x....      BL       BUTTON_SetText
    316                      BUTTON_SetText(DoubleZandEndstop_text.btnHandle, machine_menu.Z2andZ2Endstop);
   \   0000055E   0x6931             LDR      R1,[R6, #+16]
   \   00000560   0xF9B7 0x0004      LDRSH    R0,[R7, #+4]
   \   00000564   0x.... 0x....      BL       BUTTON_SetText
    317                      BUTTON_SetText(button_next.btnHandle,machine_menu.next);
   \   00000568   0xF8DA 0x1004      LDR      R1,[R10, #+4]
   \   0000056C   0xF9B8 0x0000      LDRSH    R0,[R8, #+0]
   \   00000570   0x.... 0x....      BL       BUTTON_SetText
    318          
    319          			if(gCfgItems.have_ups==1)
   \   00000574   0xF9B9 0x0000      LDRSH    R0,[R9, #+0]
   \   00000578   0x....             LDR.N    R1,??DataTable14_4
   \   0000057A   0xF891 0x10DD      LDRB     R1,[R1, #+221]
   \   0000057E   0x2901             CMP      R1,#+1
   \   00000580   0xBF0E             ITEE     EQ 
    320          			{
    321          				BUTTON_SetText(HaveUPS_Sel.btnHandle, machine_menu.enable);
   \   00000582   0xF8DA 0x10E8      LDREQ    R1,[R10, #+232]
    322          			}
    323          			else
    324          			{
    325          				BUTTON_SetText(HaveUPS_Sel.btnHandle, machine_menu.disable);
   \   00000586   0xF10A 0x01E8      ADDNE    R1,R10,#+232
   \   0000058A   0x6849             LDRNE    R1,[R1, #+4]
   \   0000058C   0x.... 0x....      BL       BUTTON_SetText
    326          			}
    327          			if(gCfgItems.print_finish_close_machine_flg==1)
   \   00000590   0xF9B5 0x0018      LDRSH    R0,[R5, #+24]
   \   00000594   0x....             LDR.N    R1,??DataTable14_16
   \   00000596   0x7B09             LDRB     R1,[R1, #+12]
   \   00000598   0x2901             CMP      R1,#+1
   \   0000059A   0xBF1A             ITTE     NE 
    328          			{
    329          				BUTTON_SetText(PowerOff_Sel.btnHandle, machine_menu.enable);
    330          			}
    331          			else
    332          			{
    333          				BUTTON_SetText(PowerOff_Sel.btnHandle, machine_menu.disable);
   \   0000059C   0xF10A 0x01E8      ADDNE    R1,R10,#+232
   \   000005A0   0x6849             LDRNE    R1,[R1, #+4]
    334          			}
   \   000005A2   0xF8DA 0x10E8      LDREQ    R1,[R10, #+232]
   \   000005A6   0xE008             B.N      ??draw_Advanced_7
    335          
    336          		}
    337                  else
    338                  {
    339                      BUTTON_SetText(MotorEnablePin_text.btnHandle,machine_menu.EnablePinsInvert);
   \                     ??draw_Advanced_6: (+1)
   \   000005A8   0x6971             LDR      R1,[R6, #+20]
   \   000005AA   0xF9B7 0x001C      LDRSH    R0,[R7, #+28]
   \   000005AE   0x.... 0x....      BL       BUTTON_SetText
    340                      BUTTON_SetText(button_previous.btnHandle,machine_menu.previous);   
   \   000005B2   0xF8DA 0x1008      LDR      R1,[R10, #+8]
   \   000005B6   0xF9B8 0x0018      LDRSH    R0,[R8, #+24]
   \                     ??draw_Advanced_7: (+1)
   \   000005BA   0x.... 0x....      BL       BUTTON_SetText
    341                  }
    342                   
    343                  BUTTON_SetText(button_back.btnHandle,common_menu.text_back);
   \   000005BE   0x....             LDR.N    R0,??DataTable14_21
   \   000005C0   0x6801             LDR      R1,[R0, #+0]
   \   000005C2   0x....             LDR.N    R0,??DataTable14_2
   \   000005C4   0xF9B0 0x0000      LDRSH    R0,[R0, #+0]
   \   000005C8   0xB005             ADD      SP,SP,#+20
   \   000005CA   0xE8BD 0x4FF0      POP      {R4-R11,LR}
   \   000005CE   0x.... 0x....      B.W      BUTTON_SetText
    344                  
    345                        
    346               }
    347          
    348          }
   \                     ??draw_Advanced_5: (+1)
   \   000005D2   0xB005             ADD      SP,SP,#+20
   \   000005D4   0xE8BD 0x8FF0      POP      {R4-R11,PC}      ;; return
    349          
    350          

   \                                 In section .text, align 2, keep-with-next
    351          void Clear_Advanced()
    352          {
   \                     Clear_Advanced: (+1)
   \   00000000   0xB510             PUSH     {R4,LR}
    353          	GUI_SetBkColor(gCfgItems.background_color);
   \   00000002   0x....             LDR.N    R0,??DataTable14_4
   \   00000004   0x6940             LDR      R0,[R0, #+20]
   \   00000006   0x.... 0x....      BL       GUI_SetBkColor
    354          	if(WM_IsWindow(hAdvancedWnd))
   \   0000000A   0x....             LDR.N    R4,??DataTable14_1
   \   0000000C   0xF9B4 0x0002      LDRSH    R0,[R4, #+2]
   \   00000010   0x.... 0x....      BL       WM_IsWindow
   \   00000014   0xB128             CBZ.N    R0,??Clear_Advanced_0
    355          	{
    356          		WM_DeleteWindow(hAdvancedWnd);
   \   00000016   0xF9B4 0x0002      LDRSH    R0,[R4, #+2]
   \   0000001A   0xE8BD 0x4010      POP      {R4,LR}
   \   0000001E   0x.... 0x....      B.W      WM_DeleteWindow
    357          	}
    358          }
   \                     ??Clear_Advanced_0: (+1)
   \   00000022   0xBD10             POP      {R4,PC}          ;; return

   \                                 In section .text, align 4, keep-with-next
   \                     ??DataTable14:
   \   00000000   0x00FF5449         DC32     0xff5449

   \                                 In section .text, align 4, keep-with-next
   \                     ??DataTable14_1:
   \   00000000   0x........         DC32     current_page

   \                                 In section .text, align 4, keep-with-next
   \                     ??DataTable14_2:
   \   00000000   0x........         DC32     button_back

   \                                 In section .text, align 4, keep-with-next
   \                     ??DataTable14_3:
   \   00000000   0x........         DC32     last_disp_state

   \                                 In section .text, align 4, keep-with-next
   \                     ??DataTable14_4:
   \   00000000   0x........         DC32     gCfgItems

   \                                 In section .text, align 4, keep-with-next
   \                     ??DataTable14_5:
   \   00000000   0x........         DC32     button_next

   \                                 In section .text, align 4, keep-with-next
   \                     ??DataTable14_6:
   \   00000000   0x........         DC32     PowerOffDet_DET

   \                                 In section .text, align 4, keep-with-next
   \                     ??DataTable14_7:
   \   00000000   0x........         DC32     MotorEnablePinArrow

   \                                 In section .text, align 4, keep-with-next
   \                     ??DataTable14_8:
   \   00000000   0x........         DC32     machine_menu+0xE8

   \                                 In section .text, align 4, keep-with-next
   \                     ??DataTable14_9:
   \   00000000   0x........         DC32     machine_menu

   \                                 In section .text, align 4, keep-with-next
   \                     ??DataTable14_10:
   \   00000000   0x........         DC32     HaveUPS_Sel

   \                                 In section .text, align 4, keep-with-next
   \                     ??DataTable14_11:
   \   00000000   0x........         DC32     PowerOffDet_text

   \                                 In section .text, align 4, keep-with-next
   \                     ??DataTable14_12:
   \   00000000   0x........         DC32     disp_state_stack

   \                                 In section .text, align 4, keep-with-next
   \                     ??DataTable14_13:
   \   00000000   0x........         DC32     disp_state

   \                                 In section .text, align 4, keep-with-next
   \                     ??DataTable14_14:
   \   00000000   0x........         DC32     gCfgItems+0x14

   \                                 In section .text, align 4, keep-with-next
   \                     ??DataTable14_15:
   \   00000000   0x........         DC32     _Z13cbAdvancedWinP10WM_MESSAGE

   \                                 In section .text, align 4, keep-with-next
   \                     ??DataTable14_16:
   \   00000000   0x........         DC32     gCfgItems+0xDD

   \                                 In section .text, align 4, keep-with-next
   \                     ??DataTable14_17:
   \   00000000   0x........         DC32     bmp_struct70X28

   \                                 In section .text, align 4, keep-with-next
   \                     ??DataTable14_18:
   \   00000000   0x........         DC32     bmp_struct90X30

   \                                 In section .text, align 4, keep-with-next
   \                     ??DataTable14_19:
   \   00000000   0x........         DC32     bmp_struct10x17

   \                                 In section .text, align 4, keep-with-next
   \                     ??DataTable14_20:
   \   00000000   0x........         DC32     bmp_struct70X40

   \                                 In section .text, align 4, keep-with-next
   \                     ??DataTable14_21:
   \   00000000   0x........         DC32     common_menu

   \                                 In section .text, align 4, keep-with-next
   \                     `?<Constant "bmp_det_sel.bin">`:
   \   00000000   0x62 0x6D          DC8 "bmp_det_sel.bin"
   \              0x70 0x5F    
   \              0x64 0x65    
   \              0x74 0x5F    
   \              0x73 0x65    
   \              0x6C 0x2E    
   \              0x62 0x69    
   \              0x6E 0x00    

   \                                 In section .text, align 4, keep-with-next
   \                     `?<Constant "bmp_pwc.bin">`:
   \   00000000   0x62 0x6D          DC8 "bmp_pwc.bin"
   \              0x70 0x5F    
   \              0x70 0x77    
   \              0x63 0x2E    
   \              0x62 0x69    
   \              0x6E 0x00    

   \                                 In section .text, align 4, keep-with-next
   \                     `?<Constant "bmp_det.bin">`:
   \   00000000   0x62 0x6D          DC8 "bmp_det.bin"
   \              0x70 0x5F    
   \              0x64 0x65    
   \              0x74 0x2E    
   \              0x62 0x69    
   \              0x6E 0x00    

   \                                 In section .text, align 4, keep-with-next
   \                     `?<Constant "bmp_pwc_sel.bin">`:
   \   00000000   0x62 0x6D          DC8 "bmp_pwc_sel.bin"
   \              0x70 0x5F    
   \              0x70 0x77    
   \              0x63 0x5F    
   \              0x73 0x65    
   \              0x6C 0x2E    
   \              0x62 0x69    
   \              0x6E 0x00    

   \                                 In section .text, align 4, keep-with-next
   \                     `?<Constant "bmp_disable.bin">`:
   \   00000000   0x62 0x6D          DC8 "bmp_disable.bin"
   \              0x70 0x5F    
   \              0x64 0x69    
   \              0x73 0x61    
   \              0x62 0x6C    
   \              0x65 0x2E    
   \              0x62 0x69    
   \              0x6E 0x00    

   \                                 In section .text, align 4, keep-with-next
   \                     `?<Constant "bmp_enable.bin">`:
   \   00000000   0x62 0x6D          DC8 "bmp_enable.bin"
   \              0x70 0x5F    
   \              0x65 0x6E    
   \              0x61 0x62    
   \              0x6C 0x65    
   \              0x2E 0x62    
   \              0x69 0x6E    
   \              0x00         
   \   0000000F   0x00               DC8 0

   \                                 In section .text, align 4, keep-with-next
   \                     `?<Constant "bmp_no_ups.bin">`:
   \   00000000   0x62 0x6D          DC8 "bmp_no_ups.bin"
   \              0x70 0x5F    
   \              0x6E 0x6F    
   \              0x5F 0x75    
   \              0x70 0x73    
   \              0x2E 0x62    
   \              0x69 0x6E    
   \              0x00         
   \   0000000F   0x00               DC8 0

   \                                 In section .text, align 4, keep-with-next
   \                     `?<Constant "bmp_has_ups.bin">`:
   \   00000000   0x62 0x6D          DC8 "bmp_has_ups.bin"
   \              0x70 0x5F    
   \              0x68 0x61    
   \              0x73 0x5F    
   \              0x75 0x70    
   \              0x73 0x2E    
   \              0x62 0x69    
   \              0x6E 0x00    

   \                                 In section .text, align 4, keep-with-next
   \                     `?<Constant "bmp_arrow.bin">`:
   \   00000000   0x62 0x6D          DC8 "bmp_arrow.bin"
   \              0x70 0x5F    
   \              0x61 0x72    
   \              0x72 0x6F    
   \              0x77 0x2E    
   \              0x62 0x69    
   \              0x6E 0x00    
   \   0000000E   0x00 0x00          DC8 0, 0

   \                                 In section .text, align 4, keep-with-next
   \                     `?<Constant "bmp_next.bin">`:
   \   00000000   0x62 0x6D          DC8 "bmp_next.bin"
   \              0x70 0x5F    
   \              0x6E 0x65    
   \              0x78 0x74    
   \              0x2E 0x62    
   \              0x69 0x6E    
   \              0x00         
   \   0000000D   0x00 0x00          DC8 0, 0, 0
   \              0x00         

   \                                 In section .text, align 4, keep-with-next
   \                     `?<Constant "bmp_previous.bin">`:
   \   00000000   0x62 0x6D          DC8 "bmp_previous.bin"
   \              0x70 0x5F    
   \              0x70 0x72    
   \              0x65 0x76    
   \              0x69 0x6F    
   \              0x75 0x73    
   \              0x2E 0x62    
   \              0x69 0x6E    
   \              0x00         
   \   00000011   0x00 0x00          DC8 0, 0, 0
   \              0x00         

   \                                 In section .text, align 4, keep-with-next
   \                     `?<Constant "bmp_back70x40.bin">`:
   \   00000000   0x62 0x6D          DC8 "bmp_back70x40.bin"
   \              0x70 0x5F    
   \              0x62 0x61    
   \              0x63 0x6B    
   \              0x37 0x30    
   \              0x78 0x34    
   \              0x30 0x2E    
   \              0x62 0x69    
   \              0x6E 0x00    
   \   00000012   0x00 0x00          DC8 0, 0
    359          
    360          
    361          
    362          
    363          
    364          

   Maximum stack usage in bytes:

   .cstack Function
   ------- --------
       8   Clear_Advanced
         8   -> GUI_SetBkColor
         0   -> WM_DeleteWindow
         8   -> WM_IsWindow
      24   cbAdvancedWin(WM_MESSAGE *)
         0   -> BUTTON_SetBmpFileName
        24   -> BUTTON_SetBmpFileName
        24   -> BUTTON_SetText
         0   -> GUI_FillRect
        24   -> GUI_FillRect
        24   -> GUI_SetBkColor
        24   -> GUI_SetColor
         0   -> WM_DefaultProc
        24   -> WM_DeleteWindow
        24   -> WM_IsWindow
         0   -> draw_Advanced
         0   -> draw_DoubleZ
         0   -> draw_EnableInvert
         0   -> draw_return_ui
         0   -> epr_write_data
        24   -> epr_write_data
      56   draw_Advanced
        56   -> BUTTON_CreateEx
        56   -> BUTTON_SetBitmapEx
        56   -> BUTTON_SetBkColor
        56   -> BUTTON_SetBmpFileName
         0   -> BUTTON_SetText
        56   -> BUTTON_SetText
        56   -> BUTTON_SetTextAlign
        56   -> BUTTON_SetTextColor
        56   -> GUI_Clear
        56   -> GUI_DispStringAt
        56   -> GUI_SetBkColor
        56   -> GUI_SetColor
        56   -> WM_CreateWindow
        56   -> alloc_win_id


   Section sizes:

   Bytes  Function/Label
   -----  --------------
      16  ?<Constant "bmp_arrow.bin">
      20  ?<Constant "bmp_back70x40.bin">
      12  ?<Constant "bmp_det.bin">
      16  ?<Constant "bmp_det_sel.bin">
      16  ?<Constant "bmp_disable.bin">
      16  ?<Constant "bmp_enable.bin">
      16  ?<Constant "bmp_has_ups.bin">
      16  ?<Constant "bmp_next.bin">
      16  ?<Constant "bmp_no_ups.bin">
      20  ?<Constant "bmp_previous.bin">
      12  ?<Constant "bmp_pwc.bin">
      16  ?<Constant "bmp_pwc_sel.bin">
       4  ??DataTable14
       4  ??DataTable14_1
       4  ??DataTable14_10
       4  ??DataTable14_11
       4  ??DataTable14_12
       4  ??DataTable14_13
       4  ??DataTable14_14
       4  ??DataTable14_15
       4  ??DataTable14_16
       4  ??DataTable14_17
       4  ??DataTable14_18
       4  ??DataTable14_19
       4  ??DataTable14_2
       4  ??DataTable14_20
       4  ??DataTable14_21
       4  ??DataTable14_3
       4  ??DataTable14_4
       4  ??DataTable14_5
       4  ??DataTable14_6
       4  ??DataTable14_7
       4  ??DataTable14_8
       4  ??DataTable14_9
      36  Clear_Advanced
      48  HaveUPS_Sel
          DoubleZandEndstopArrow
      48  MotorEnablePinArrow
          PowerOffDet_PWC
      48  PowerOffDet_DET
          PowerOff_Sel
      72  PowerOffDet_text
          PowerOff_text
          HaveUPS_text
      24  button_back
      48  button_next
          button_previous
     728  cbAdvancedWin(WM_MESSAGE *)
      52  current_page
          hAdvancedWnd
          DoubleZandEndstop_text
          MotorEnablePin_text
    1496  draw_Advanced

 
   340 bytes in section .bss
 2 540 bytes in section .text
 
 2 540 bytes of CODE memory
   340 bytes of DATA memory

Errors: none
Warnings: 19
