###############################################################################
#
# IAR ANSI C/C++ Compiler V7.10.1.6676/W32 for ARM        13/Apr/2020  09:24:06
# Copyright 1999-2014 IAR Systems AB.
#
#    Cpu mode     =  thumb
#    Endian       =  little
#    Source file  =  
#        D:\MKS-Robin-Nano-Firmware-v2.x.x\MKS-Robin-Nano-Firmware\User\ui\draw_doubleZ.cpp
#    Command line =  
#        D:\MKS-Robin-Nano-Firmware-v2.x.x\MKS-Robin-Nano-Firmware\User\ui\draw_doubleZ.cpp
#        -D USE_HAL_DRIVER -D STM32F103xE -D STM32F10X_HD -D USE_HAL_LIB -D
#        MKS_ROBIN_NANO -D TFT35 -lC
#        D:\MKS-Robin-Nano-Firmware-v2.x.x\MKS-Robin-Nano-Firmware\EWARM\mksRobinNano/List\
#        -lA
#        D:\MKS-Robin-Nano-Firmware-v2.x.x\MKS-Robin-Nano-Firmware\EWARM\mksRobinNano/List\
#        --diag_suppress Pa050 -o
#        D:\MKS-Robin-Nano-Firmware-v2.x.x\MKS-Robin-Nano-Firmware\EWARM\mksRobinNano/Obj\
#        --debug --endian=little --cpu=Cortex-M3 -e --char_is_signed --fpu=None
#        --dlib_config "C:\Program Files (x86)\IAR Systems\Embedded Workbench
#        7.0\arm\INC\c\DLib_Config_Full.h" -I
#        D:\MKS-Robin-Nano-Firmware-v2.x.x\MKS-Robin-Nano-Firmware\EWARM/../Inc\
#        -I
#        D:\MKS-Robin-Nano-Firmware-v2.x.x\MKS-Robin-Nano-Firmware\EWARM/../Src\
#        -I
#        D:\MKS-Robin-Nano-Firmware-v2.x.x\MKS-Robin-Nano-Firmware\EWARM/../Drivers/STM32F1xx_HAL_Driver/Inc\
#        -I
#        D:\MKS-Robin-Nano-Firmware-v2.x.x\MKS-Robin-Nano-Firmware\EWARM/../Drivers/STM32F1xx_HAL_Driver/Inc/Legacy\
#        -I
#        D:\MKS-Robin-Nano-Firmware-v2.x.x\MKS-Robin-Nano-Firmware\EWARM/../Middlewares/Third_Party/FatFs/src/drivers\
#        -I
#        D:\MKS-Robin-Nano-Firmware-v2.x.x\MKS-Robin-Nano-Firmware\EWARM/../Middlewares/ST/STM32_USB_Host_Library/Core/Inc\
#        -I
#        D:\MKS-Robin-Nano-Firmware-v2.x.x\MKS-Robin-Nano-Firmware\EWARM/../Middlewares/ST/STM32_USB_Host_Library/Class/MSC/Inc\
#        -I
#        D:\MKS-Robin-Nano-Firmware-v2.x.x\MKS-Robin-Nano-Firmware\EWARM/../Drivers/CMSIS/Device/ST/STM32F1xx/Include\
#        -I
#        D:\MKS-Robin-Nano-Firmware-v2.x.x\MKS-Robin-Nano-Firmware\EWARM/../Middlewares/Third_Party/FatFs/src\
#        -I
#        D:\MKS-Robin-Nano-Firmware-v2.x.x\MKS-Robin-Nano-Firmware\EWARM/../Middlewares/Third_Party/Marlin\
#        -I
#        D:\MKS-Robin-Nano-Firmware-v2.x.x\MKS-Robin-Nano-Firmware\EWARM/../Drivers/CMSIS/Include\
#        -I
#        D:\MKS-Robin-Nano-Firmware-v2.x.x\MKS-Robin-Nano-Firmware\EWARM/../Drivers/BSP/variant\
#        -I
#        D:\MKS-Robin-Nano-Firmware-v2.x.x\MKS-Robin-Nano-Firmware\EWARM/../Drivers/BSP/Components/at24cxx\
#        -I
#        D:\MKS-Robin-Nano-Firmware-v2.x.x\MKS-Robin-Nano-Firmware\EWARM/../Drivers/BSP/Components/w25qxx\
#        -I
#        D:\MKS-Robin-Nano-Firmware-v2.x.x\MKS-Robin-Nano-Firmware\EWARM/../Drivers/BSP/Components/lcd\
#        -I
#        D:\MKS-Robin-Nano-Firmware-v2.x.x\MKS-Robin-Nano-Firmware\EWARM/../Drivers/STM32F10x_StdPeriph_Driver/inc\
#        -I
#        D:\MKS-Robin-Nano-Firmware-v2.x.x\MKS-Robin-Nano-Firmware\EWARM/../Drivers/libstmf4/include\
#        -I
#        D:\MKS-Robin-Nano-Firmware-v2.x.x\MKS-Robin-Nano-Firmware\EWARM/../Middlewares/arduino/stm32/cores/arduino\
#        -I
#        D:\MKS-Robin-Nano-Firmware-v2.x.x\MKS-Robin-Nano-Firmware\EWARM/../User/ui\
#        -I
#        D:\MKS-Robin-Nano-Firmware-v2.x.x\MKS-Robin-Nano-Firmware\EWARM/../User/ui/Multi_language\
#        -I
#        D:\MKS-Robin-Nano-Firmware-v2.x.x\MKS-Robin-Nano-Firmware\EWARM/../User/ui/QRENCODE\
#        -I
#        D:\MKS-Robin-Nano-Firmware-v2.x.x\MKS-Robin-Nano-Firmware\EWARM\..\Middlewares\GUI\
#        -Oh --eec++ -I "C:\Program Files (x86)\IAR Systems\Embedded Workbench
#        7.0\arm\CMSIS\Include\"
#    List file    =  
#        D:\MKS-Robin-Nano-Firmware-v2.x.x\MKS-Robin-Nano-Firmware\EWARM\mksRobinNano/List\draw_doubleZ.lst
#    Object file  =  
#        D:\MKS-Robin-Nano-Firmware-v2.x.x\MKS-Robin-Nano-Firmware\EWARM\mksRobinNano/Obj\draw_doubleZ.o
#
###############################################################################

D:\MKS-Robin-Nano-Firmware-v2.x.x\MKS-Robin-Nano-Firmware\User\ui\draw_doubleZ.cpp
      1          #include "gui.h"
      2          #include "button.h"
      3          #include "draw_ui.h"

  #define UNUSED(x) ((void)(x))
          ^
"D:\MKS-Robin-Nano-Firmware-v2.x.x\MKS-Robin-Nano-Firmware\Drivers\STM32F1xx_HAL_Driver\Inc\stm32f1xx_hal_def.h",87  Warning[Pe047]: 
          incompatible redefinition of macro "UNUSED" (declared at line 101 of
          "D:\MKS-Robin-Nano-Firmware-v2.x.x\MKS-Robin-Nano-Firmware\EWARM/../M
          iddlewares/Third_Party/Marlin\macros.h")

  		volatile volatile float desireBedTempBak;
  		         ^
"D:\MKS-Robin-Nano-Firmware-v2.x.x\MKS-Robin-Nano-Firmware\Inc\mks_cfg.h",626  Warning[Pe083]: 
          type qualifier specified more than once

    #define FILAMENT_CHANGE_TEXT_EN				"Please click <Load> \nor <unload>,After \npinter pause."
            ^
"D:\MKS-Robin-Nano-Firmware-v2.x.x\MKS-Robin-Nano-Firmware\User\ui\Multi_language\Language_en.h",337  Warning[Pe047]: 
          incompatible redefinition of macro "FILAMENT_CHANGE_TEXT_EN"
          (declared at line 315)

  #define DIALOG_UNBIND_PRINTER_CN            "Ëß£Èô§ÁªëÂÆö?"
          ^
"D:\MKS-Robin-Nano-Firmware-v2.x.x\MKS-Robin-Nano-Firmware\User\ui\Multi_language\Language_s_cn.h",408  Warning[Pe047]: 
          incompatible redefinition of macro "DIALOG_UNBIND_PRINTER_CN"
          (declared at line 403)

    #define FILAMENT_CHANGE_TEXT_T_CN				"ÂæÖÊâìÂç∞Ê©üÊö´ÂÅúÂêé,\nË´ãÊåâ<ÈÄ≤Êñô>Êàñ<ÈÄÄÊñô>"
            ^
"D:\MKS-Robin-Nano-Firmware-v2.x.x\MKS-Robin-Nano-Firmware\User\ui\Multi_language\Language_t_cn.h",318  Warning[Pe047]: 
          incompatible redefinition of macro "FILAMENT_CHANGE_TEXT_T_CN"
          (declared at line 304)

    #define FILAMENT_CHANGE_TEXT_RU				"Please click <Load> \nor <unload>,After \npinter pause."
            ^
"D:\MKS-Robin-Nano-Firmware-v2.x.x\MKS-Robin-Nano-Firmware\User\ui\Multi_language\Language_ru.h",134  Warning[Pe047]: 
          incompatible redefinition of macro "FILAMENT_CHANGE_TEXT_RU"
          (declared at line 114)

  #define DIALOG_UNBIND_PRINTER_RU            "Unbind the printer?"
          ^
"D:\MKS-Robin-Nano-Firmware-v2.x.x\MKS-Robin-Nano-Firmware\User\ui\Multi_language\Language_ru.h",231  Warning[Pe047]: 
          incompatible redefinition of macro "DIALOG_UNBIND_PRINTER_RU"
          (declared at line 226)

    #define FILAMENT_CHANGE_TEXT_FR				"Please click <Load> \nor <unload>,After \npinter pause."
            ^
"D:\MKS-Robin-Nano-Firmware-v2.x.x\MKS-Robin-Nano-Firmware\User\ui\Multi_language\Language_fr.h",134  Warning[Pe047]: 
          incompatible redefinition of macro "FILAMENT_CHANGE_TEXT_FR"
          (declared at line 114)

  #define DIALOG_UNBIND_PRINTER_FR        "Unbind the printer?"
          ^
"D:\MKS-Robin-Nano-Firmware-v2.x.x\MKS-Robin-Nano-Firmware\User\ui\Multi_language\Language_fr.h",234  Warning[Pe047]: 
          incompatible redefinition of macro "DIALOG_UNBIND_PRINTER_FR"
          (declared at line 230)

    #define FILAMENT_CHANGE_TEXT_SP				"Please click <Load> \nor <unload>,After \npinter pause."
            ^
"D:\MKS-Robin-Nano-Firmware-v2.x.x\MKS-Robin-Nano-Firmware\User\ui\Multi_language\Language_sp.h",133  Warning[Pe047]: 
          incompatible redefinition of macro "FILAMENT_CHANGE_TEXT_SP"
          (declared at line 114)

    #define FILAMENT_CHANGE_TEXT_IT				"Please click <Load> \nor <unload>,After \npinter pause."
            ^
"D:\MKS-Robin-Nano-Firmware-v2.x.x\MKS-Robin-Nano-Firmware\User\ui\Multi_language\Language_it.h",134  Warning[Pe047]: 
          incompatible redefinition of macro "FILAMENT_CHANGE_TEXT_IT"
          (declared at line 114)

  #define DIALOG_UNBIND_PRINTER_IT                "Unbind the printer?"
          ^
"D:\MKS-Robin-Nano-Firmware-v2.x.x\MKS-Robin-Nano-Firmware\User\ui\Multi_language\Language_it.h",230  Warning[Pe047]: 
          incompatible redefinition of macro "DIALOG_UNBIND_PRINTER_IT"
          (declared at line 225)

  #define FILAMENT_CHANGE_TEXT_JP				"Please click <Load> \nor <unload>,After \npinter pause."
          ^
"D:\MKS-Robin-Nano-Firmware-v2.x.x\MKS-Robin-Nano-Firmware\User\ui\Multi_language\Multi_language.h",899  Warning[Pe047]: 
          incompatible redefinition of macro "FILAMENT_CHANGE_TEXT_JP"
          (declared at line 892)

  #define FILAMENT_CHANGE_TEXT_GN				"Please click <Load> \nor <unload>,After \npinter pause."
          ^
"D:\MKS-Robin-Nano-Firmware-v2.x.x\MKS-Robin-Nano-Firmware\User\ui\Multi_language\Multi_language.h",1107  Warning[Pe047]: 
          incompatible redefinition of macro "FILAMENT_CHANGE_TEXT_GN"
          (declared at line 1101)

  #define Simple_Dec"ºı…Ÿ"
                    ^
"D:\MKS-Robin-Nano-Firmware-v2.x.x\MKS-Robin-Nano-Firmware\User\ui\draw_ui.h",666  Warning[Pe1649]: 
          white space is required between the macro name "Simple_Dec" and its
          replacement text

  #define Simple_Speed "ÀŸ∂»"
          ^
"D:\MKS-Robin-Nano-Firmware-v2.x.x\MKS-Robin-Nano-Firmware\User\ui\draw_ui.h",721  Warning[Pe047]: 
          incompatible redefinition of macro "Simple_Speed" (declared at line
          718)

  #define Complex_Speed "ÀŸ∂»"
          ^
"D:\MKS-Robin-Nano-Firmware-v2.x.x\MKS-Robin-Nano-Firmware\User\ui\draw_ui.h",722  Warning[Pe047]: 
          incompatible redefinition of macro "Complex_Speed" (declared at line
          719)
      4          
      5          #ifndef GUI_FLASH
      6          #define GUI_FLASH
      7          #endif
      8          

   \                                 In section .bss, align 4
      9          static GUI_HWIN hDoubleZWnd;
   \                     hDoubleZWnd:
   \   00000000                      DS8 2
   \   00000002                      DS8 2
   \   00000004                      DS8 24
   \   0000001C                      DS8 24

   \                                 In section .bss, align 4
     10          static BUTTON_STRUCT DoubleZ_text,DoubleEndstop_text,SecondEndStop_text;
   \                     DoubleZ_text:
   \   00000000                      DS8 24
   \   00000018                      DS8 24
   \   00000030                      DS8 24

   \                                 In section .bss, align 4
     11          static BUTTON_STRUCT DoubleZ_sel,DoubleEndstop_sel,SecondEndStop_zmin,SecondEndStop_zmax;
   \                     SecondEndStop_zmin:
   \   00000000                      DS8 24
   \   00000018                      DS8 24

   \                                 In section .bss, align 4
     12          static BUTTON_STRUCT button_back;
   \                     button_back:
   \   00000000                      DS8 24
     13          

   \                                 In section .text, align 2, keep-with-next
     14          static void cbDoubleZWin(WM_MESSAGE * pMsg) {
     15          
     16              struct PressEvt *press_event;
                                      ^
Warning[Pe550]: variable "press_event" was set but never used
     17              switch (pMsg->MsgId)
   \                     _Z12cbDoubleZWinP10WM_MESSAGE: (+1)
   \   00000000   0x6801             LDR      R1,[R0, #+0]
   \   00000002   0x290C             CMP      R1,#+12
   \   00000004   0xD100             BNE.N    ??cbDoubleZWin_0
   \   00000006   0x4770             BX       LR
   \                     ??cbDoubleZWin_0: (+1)
   \   00000008   0xB570             PUSH     {R4-R6,LR}
   \   0000000A   0x290D             CMP      R1,#+13
   \   0000000C   0xF000 0x80D2      BEQ.W    ??cbDoubleZWin_1
   \   00000010   0x290F             CMP      R1,#+15
   \   00000012   0xD002             BEQ.N    ??cbDoubleZWin_2
   \   00000014   0x2926             CMP      R1,#+38
   \   00000016   0xD01B             BEQ.N    ??cbDoubleZWin_3
   \   00000018   0xE0C8             B.N      ??cbDoubleZWin_4
     18              {
     19              	case WM_PAINT:
     20          			//GUI_SetColor(gCfgItems.state_background_color);
     21          			//GUI_DrawRect(LCD_WIDTH/4+X_ADD, 0, LCD_WIDTH *3 / 4-X_INTERVAL, imgHeight /2 -15);
     22          			GUI_SetColor(0xff5449);
   \                     ??cbDoubleZWin_2: (+1)
   \   0000001A   0x.... 0x....      LDR.W    R0,??DataTable9  ;; 0xff5449
   \   0000001E   0x.... 0x....      BL       GUI_SetColor
     23          			GUI_FillRect(10, 90, 470,90);
   \   00000022   0x235A             MOVS     R3,#+90
   \   00000024   0xF44F 0x72EB      MOV      R2,#+470
   \   00000028   0x215A             MOVS     R1,#+90
   \   0000002A   0x200A             MOVS     R0,#+10
   \   0000002C   0x.... 0x....      BL       GUI_FillRect
     24                      GUI_FillRect(10, 140, 470,140);
   \   00000030   0x238C             MOVS     R3,#+140
   \   00000032   0xF44F 0x72EB      MOV      R2,#+470
   \   00000036   0x4619             MOV      R1,R3
   \   00000038   0x200A             MOVS     R0,#+10
   \   0000003A   0x.... 0x....      BL       GUI_FillRect
     25                      GUI_FillRect(10, 190, 470,190);
   \   0000003E   0xE8BD 0x4070      POP      {R4-R6,LR}
   \   00000042   0x23BE             MOVS     R3,#+190
   \   00000044   0xF44F 0x72EB      MOV      R2,#+470
   \   00000048   0x4619             MOV      R1,R3
   \   0000004A   0x200A             MOVS     R0,#+10
   \   0000004C   0x.... 0x....      B.W      GUI_FillRect
     26           
     27              		break;
     28              	case WM_TOUCH:
     29              	 	press_event = (struct PressEvt *)pMsg->Data.p;
     30              		
     31              		break;
     32              	case WM_TOUCH_CHILD:
     33              		press_event = (struct PressEvt *)pMsg->Data.p;
     34          
     35              		break;
     36              		
     37              	case WM_NOTIFY_PARENT:
     38              		if(pMsg->Data.v == WM_NOTIFICATION_RELEASED)
   \                     ??cbDoubleZWin_3: (+1)
   \   00000050   0x6881             LDR      R1,[R0, #+8]
   \   00000052   0x2902             CMP      R1,#+2
   \   00000054   0xF040 0x80AE      BNE.W    ??cbDoubleZWin_1
     39              		{
     40              			if(pMsg->hWinSrc == button_back.btnHandle)
   \   00000058   0xF9B0 0x1006      LDRSH    R1,[R0, #+6]
   \   0000005C   0x.... 0x....      LDR.W    R0,??DataTable9_1
   \   00000060   0x.... 0x....      LDR.W    R4,??DataTable9_2
   \   00000064   0xF9B0 0x0000      LDRSH    R0,[R0, #+0]
   \   00000068   0x4281             CMP      R1,R0
   \   0000006A   0xD115             BNE.N    ??cbDoubleZWin_5
     41              			{
     42              				last_disp_state = DOUBLE_Z_UI;
   \   0000006C   0x.... 0x....      LDR.W    R1,??DataTable9_3
   \   00000070   0x203B             MOVS     R0,#+59
   \   00000072   0x7008             STRB     R0,[R1, #+0]
     43              				Clear_DoubleZ();
   \   00000074   0x.... 0x....      LDR.W    R0,??DataTable9_4
   \   00000078   0x6940             LDR      R0,[R0, #+20]
   \   0000007A   0x.... 0x....      BL       GUI_SetBkColor
   \   0000007E   0xF9B4 0x0000      LDRSH    R0,[R4, #+0]
   \   00000082   0x.... 0x....      BL       WM_IsWindow
   \   00000086   0xB118             CBZ.N    R0,??cbDoubleZWin_6
   \   00000088   0xF9B4 0x0000      LDRSH    R0,[R4, #+0]
   \   0000008C   0x.... 0x....      BL       WM_DeleteWindow
     44              				draw_return_ui();
   \                     ??cbDoubleZWin_6: (+1)
   \   00000090   0xE8BD 0x4070      POP      {R4-R6,LR}
   \   00000094   0x.... 0x....      B.W      draw_return_ui
     45              			}	
     46              			else if(pMsg->hWinSrc == DoubleZ_sel.btnHandle)
   \                     ??cbDoubleZWin_5: (+1)
   \   00000098   0xF9B4 0x0004      LDRSH    R0,[R4, #+4]
   \   0000009C   0x4281             CMP      R1,R0
   \   0000009E   0xD127             BNE.N    ??cbDoubleZWin_7
     47              			{
     48                              if(mksCfg.z2_enable==1)
   \   000000A0   0x.... 0x....      LDR.W    R5,??DataTable9_5
   \   000000A4   0x.... 0x....      LDR.W    R6,??DataTable9_6
   \   000000A8   0xF895 0x1101      LDRB     R1,[R5, #+257]
   \   000000AC   0x2901             CMP      R1,#+1
   \   000000AE   0xD10B             BNE.N    ??cbDoubleZWin_8
     49                              {
     50                                  mksCfg.z2_enable=0;
   \   000000B0   0x2100             MOVS     R1,#+0
   \   000000B2   0xF885 0x1101      STRB     R1,[R5, #+257]
     51                                  BUTTON_SetBmpFileName(DoubleZ_sel.btnHandle, "bmp_disable.bin",1);
   \   000000B6   0x2201             MOVS     R2,#+1
   \   000000B8   0x.... 0x....      ADR.W    R1,`?<Constant "bmp_disable.bin">`
   \   000000BC   0x.... 0x....      BL       BUTTON_SetBmpFileName
     52                                  BUTTON_SetText(DoubleZ_sel.btnHandle, machine_menu.disable); 
   \   000000C0   0xF106 0x00E8      ADD      R0,R6,#+232
   \   000000C4   0x6841             LDR      R1,[R0, #+4]
   \   000000C6   0xE009             B.N      ??cbDoubleZWin_9
     53                              }
     54                              else
     55                              {
     56                                  mksCfg.z2_enable=1;
   \                     ??cbDoubleZWin_8: (+1)
   \   000000C8   0x2101             MOVS     R1,#+1
   \   000000CA   0xF885 0x1101      STRB     R1,[R5, #+257]
     57                                  BUTTON_SetBmpFileName(DoubleZ_sel.btnHandle, "bmp_enable.bin",1);
   \   000000CE   0x2201             MOVS     R2,#+1
   \   000000D0   0x.... 0x....      ADR.W    R1,`?<Constant "bmp_enable.bin">`
   \   000000D4   0x.... 0x....      BL       BUTTON_SetBmpFileName
     58                                  BUTTON_SetText(DoubleZ_sel.btnHandle, machine_menu.enable);
   \   000000D8   0xF8D6 0x10E8      LDR      R1,[R6, #+232]
   \                     ??cbDoubleZWin_9: (+1)
   \   000000DC   0xF9B4 0x0004      LDRSH    R0,[R4, #+4]
   \   000000E0   0x.... 0x....      BL       BUTTON_SetText
     59                              }
     60                              epr_write_data(EPR_Z2_ENABLE, (uint8_t *)&mksCfg.z2_enable,1);
   \   000000E4   0x2201             MOVS     R2,#+1
   \   000000E6   0xF205 0x1101      ADDW     R1,R5,#+257
   \   000000EA   0xF240 0x7024      MOVW     R0,#+1828
   \   000000EE   0xE059             B.N      ??cbDoubleZWin_10
     61          
     62              			}
     63              			else if(pMsg->hWinSrc == DoubleEndstop_sel.btnHandle)
   \                     ??cbDoubleZWin_7: (+1)
   \   000000F0   0xF9B4 0x001C      LDRSH    R0,[R4, #+28]
   \   000000F4   0x4281             CMP      R1,R0
   \   000000F6   0xD125             BNE.N    ??cbDoubleZWin_11
     64              			{
     65                              if(mksCfg.z2_endstops_enable==1)
   \   000000F8   0x.... 0x....      LDR.W    R5,??DataTable9_5
   \   000000FC   0x.... 0x....      LDR.W    R6,??DataTable9_6
   \   00000100   0xF205 0x1101      ADDW     R1,R5,#+257
   \   00000104   0x784A             LDRB     R2,[R1, #+1]
   \   00000106   0x2A01             CMP      R2,#+1
   \   00000108   0xD10A             BNE.N    ??cbDoubleZWin_12
     66                              {
     67                                  mksCfg.z2_endstops_enable=0;
   \   0000010A   0x2200             MOVS     R2,#+0
   \   0000010C   0x704A             STRB     R2,[R1, #+1]
     68                                  BUTTON_SetBmpFileName(DoubleEndstop_sel.btnHandle, "bmp_disable.bin",1);
   \   0000010E   0x2201             MOVS     R2,#+1
   \   00000110   0x.... 0x....      ADR.W    R1,`?<Constant "bmp_disable.bin">`
   \   00000114   0x.... 0x....      BL       BUTTON_SetBmpFileName
     69                                  BUTTON_SetText(DoubleEndstop_sel.btnHandle, machine_menu.disable); 
   \   00000118   0xF106 0x00E8      ADD      R0,R6,#+232
   \   0000011C   0x6841             LDR      R1,[R0, #+4]
   \   0000011E   0xE007             B.N      ??cbDoubleZWin_13
     70                              }
     71                              else
     72                              {
     73                                  mksCfg.z2_endstops_enable=1;
   \                     ??cbDoubleZWin_12: (+1)
   \   00000120   0x2201             MOVS     R2,#+1
   \   00000122   0x704A             STRB     R2,[R1, #+1]
     74                                  BUTTON_SetBmpFileName(DoubleEndstop_sel.btnHandle, "bmp_enable.bin",1);
   \   00000124   0x.... 0x....      ADR.W    R1,`?<Constant "bmp_enable.bin">`
   \   00000128   0x.... 0x....      BL       BUTTON_SetBmpFileName
     75                                  BUTTON_SetText(DoubleEndstop_sel.btnHandle, machine_menu.enable);
   \   0000012C   0xF8D6 0x10E8      LDR      R1,[R6, #+232]
   \                     ??cbDoubleZWin_13: (+1)
   \   00000130   0xF9B4 0x001C      LDRSH    R0,[R4, #+28]
   \   00000134   0x.... 0x....      BL       BUTTON_SetText
     76                              }
     77                              epr_write_data(EPR_Z2_ENDSTOP_ENABLE, (uint8_t *)&mksCfg.z2_endstops_enable,1);
   \   00000138   0x2201             MOVS     R2,#+1
   \   0000013A   0xF505 0x7181      ADD      R1,R5,#+258
   \   0000013E   0xF240 0x7025      MOVW     R0,#+1829
   \   00000142   0xE02F             B.N      ??cbDoubleZWin_10
     78          
     79              			}
     80              			else if(pMsg->hWinSrc == SecondEndStop_zmin.btnHandle)
   \                     ??cbDoubleZWin_11: (+1)
   \   00000144   0x.... 0x....      LDR.W    R4,??DataTable9_7
   \   00000148   0xF9B4 0x0000      LDRSH    R0,[R4, #+0]
   \   0000014C   0x4281             CMP      R1,R0
   \   0000014E   0xD10E             BNE.N    ??cbDoubleZWin_14
     81              			{
     82              			    mksCfg.z2_endstop=1;
   \   00000150   0x.... 0x....      LDR.W    R5,??DataTable9_5
   \   00000154   0xF205 0x1201      ADDW     R2,R5,#+257
   \   00000158   0x2101             MOVS     R1,#+1
   \   0000015A   0x7091             STRB     R1,[R2, #+2]
     83                              BUTTON_SetBmpFileName(SecondEndStop_zmin.btnHandle, "bmp_z2_endstop_zmin_sel.bin",1);
   \   0000015C   0x2201             MOVS     R2,#+1
   \   0000015E   0x.... 0x....      ADR.W    R1,`?<Constant "bmp_z2_endstop_zmin_s...">`
   \   00000162   0x.... 0x....      BL       BUTTON_SetBmpFileName
     84                              BUTTON_SetBmpFileName(SecondEndStop_zmax.btnHandle, "bmp_z2_endstop_zmax.bin",1);
   \   00000166   0x.... 0x....      ADR.W    R1,`?<Constant "bmp_z2_endstop_zmax.bin">`
   \   0000016A   0x2201             MOVS     R2,#+1
   \   0000016C   0xE011             B.N      ??cbDoubleZWin_15
     85                              epr_write_data(EPR_Z2_ENDSTOP, (uint8_t *)&mksCfg.z2_endstop,1);
     86          
     87                          } 
     88              			else if(pMsg->hWinSrc == SecondEndStop_zmax.btnHandle)
   \                     ??cbDoubleZWin_14: (+1)
   \   0000016E   0xF9B4 0x2018      LDRSH    R2,[R4, #+24]
   \   00000172   0x4291             CMP      R1,R2
   \   00000174   0xD11E             BNE.N    ??cbDoubleZWin_1
     89              			{
     90              			    mksCfg.z2_endstop=2;
   \   00000176   0x.... 0x....      LDR.W    R5,??DataTable9_5
   \   0000017A   0xF205 0x1201      ADDW     R2,R5,#+257
   \   0000017E   0x2102             MOVS     R1,#+2
   \   00000180   0x7091             STRB     R1,[R2, #+2]
     91                              BUTTON_SetBmpFileName(SecondEndStop_zmin.btnHandle, "bmp_z2_endstop_zmin.bin",1);
   \   00000182   0x2201             MOVS     R2,#+1
   \   00000184   0x.... 0x....      ADR.W    R1,`?<Constant "bmp_z2_endstop_zmin.bin">`
   \   00000188   0x.... 0x....      BL       BUTTON_SetBmpFileName
     92                              BUTTON_SetBmpFileName(SecondEndStop_zmax.btnHandle, "bmp_z2_endstop_zmax_sel.bin",1);
   \   0000018C   0x.... 0x....      ADR.W    R1,`?<Constant "bmp_z2_endstop_zmax_s...">`
   \   00000190   0x2201             MOVS     R2,#+1
   \                     ??cbDoubleZWin_15: (+1)
   \   00000192   0xF9B4 0x0018      LDRSH    R0,[R4, #+24]
   \   00000196   0x.... 0x....      BL       BUTTON_SetBmpFileName
     93                              epr_write_data(EPR_Z2_ENDSTOP, (uint8_t *)&mksCfg.z2_endstop,1);
   \   0000019A   0x2201             MOVS     R2,#+1
   \   0000019C   0xF205 0x1103      ADDW     R1,R5,#+259
   \   000001A0   0xF240 0x7026      MOVW     R0,#+1830
   \                     ??cbDoubleZWin_10: (+1)
   \   000001A4   0xE8BD 0x4070      POP      {R4-R6,LR}
   \   000001A8   0x.... 0x....      B.W      epr_write_data
     94          
     95                          }                 
     96              		}
     97              		break;
     98              		
     99              	default:
    100              		WM_DefaultProc(pMsg);
   \                     ??cbDoubleZWin_4: (+1)
   \   000001AC   0xE8BD 0x4070      POP      {R4-R6,LR}
   \   000001B0   0x.... 0x....      B.W      WM_DefaultProc
    101              	}
    102          }
   \                     ??cbDoubleZWin_1: (+1)
   \   000001B4   0xBD70             POP      {R4-R6,PC}       ;; return
    103          
    104          

   \                                 In section .text, align 2, keep-with-next
    105          void draw_DoubleZ()
    106          {   
   \                     draw_DoubleZ: (+1)
   \   00000000   0xE92D 0x4FF0      PUSH     {R4-R11,LR}
    107              int i;
                         ^
Warning[Pe177]: variable "i" was declared but never referenced
    108          
    109              if(disp_state_stack._disp_state[disp_state_stack._disp_index] != DOUBLE_Z_UI)
   \   00000004   0x....             LDR.N    R0,??DataTable9_8
   \   00000006   0xF990 0x1064      LDRSB    R1,[R0, #+100]
   \   0000000A   0xB085             SUB      SP,SP,#+20
   \   0000000C   0x560A             LDRSB    R2,[R1, R0]
   \   0000000E   0x2A3B             CMP      R2,#+59
   \   00000010   0xD005             BEQ.N    ??draw_DoubleZ_0
    110              {
    111                  disp_state_stack._disp_index++;
   \   00000012   0x1C49             ADDS     R1,R1,#+1
   \   00000014   0xF880 0x1064      STRB     R1,[R0, #+100]
    112                  disp_state_stack._disp_state[disp_state_stack._disp_index] = DOUBLE_Z_UI;
   \   00000018   0x223B             MOVS     R2,#+59
   \   0000001A   0xB249             SXTB     R1,R1
   \   0000001C   0x540A             STRB     R2,[R1, R0]
    113              }
    114              disp_state = DOUBLE_Z_UI;
   \                     ??draw_DoubleZ_0: (+1)
   \   0000001E   0x203B             MOVS     R0,#+59
   \   00000020   0x....             LDR.N    R1,??DataTable9_9
    115              
    116              GUI_SetBkColor(gCfgItems.background_color);
   \   00000022   0x....             LDR.N    R4,??DataTable9_4
   \   00000024   0x7008             STRB     R0,[R1, #+0]
   \   00000026   0x6960             LDR      R0,[R4, #+20]
   \   00000028   0x.... 0x....      BL       GUI_SetBkColor
    117              GUI_SetColor(gCfgItems.title_color);
   \   0000002C   0xF104 0x0514      ADD      R5,R4,#+20
   \   00000030   0x6868             LDR      R0,[R5, #+4]
   \   00000032   0x.... 0x....      BL       GUI_SetColor
    118              GUI_Clear();
   \   00000036   0x.... 0x....      BL       GUI_Clear
    119              
    120              GUI_DispStringAt(machine_menu.Z2ConfTitle, TITLE_XPOS, TITLE_YPOS);
   \   0000003A   0x.... 0x....      LDR.W    R8,??DataTable9_6
   \   0000003E   0xF8D8 0x0228      LDR      R0,[R8, #+552]
   \   00000042   0x2205             MOVS     R2,#+5
   \   00000044   0x2103             MOVS     R1,#+3
   \   00000046   0x.... 0x....      BL       GUI_DispStringAt
    121          
    122              hDoubleZWnd = WM_CreateWindow(0, 0, LCD_WIDTH, LCD_HEIGHT, WM_CF_SHOW, cbDoubleZWin, 0);
   \   0000004A   0x2000             MOVS     R0,#+0
   \   0000004C   0x9002             STR      R0,[SP, #+8]
   \   0000004E   0xF44F 0x73A0      MOV      R3,#+320
   \   00000052   0x....             LDR.N    R0,??DataTable9_10
   \   00000054   0x....             LDR.N    R7,??DataTable9_2
   \   00000056   0x9001             STR      R0,[SP, #+4]
   \   00000058   0xF44F 0x72F0      MOV      R2,#+480
   \   0000005C   0x2002             MOVS     R0,#+2
   \   0000005E   0x9000             STR      R0,[SP, #+0]
   \   00000060   0x2100             MOVS     R1,#+0
   \   00000062   0x2000             MOVS     R0,#+0
   \   00000064   0x.... 0x....      BL       WM_CreateWindow
   \   00000068   0x8038             STRH     R0,[R7, #+0]
    123          
    124              DoubleZ_text.btnHandle = BUTTON_CreateEx(10,50,360,40,hDoubleZWnd, BUTTON_CF_SHOW, 0, alloc_win_id());
   \   0000006A   0x.... 0x....      BL       alloc_win_id
   \   0000006E   0x9003             STR      R0,[SP, #+12]
   \   00000070   0x2000             MOVS     R0,#+0
   \   00000072   0x9002             STR      R0,[SP, #+8]
   \   00000074   0x2002             MOVS     R0,#+2
   \   00000076   0x9001             STR      R0,[SP, #+4]
   \   00000078   0x2328             MOVS     R3,#+40
   \   0000007A   0xF9B7 0x0000      LDRSH    R0,[R7, #+0]
   \   0000007E   0x....             LDR.N    R6,??DataTable9_11
   \   00000080   0x9000             STR      R0,[SP, #+0]
   \   00000082   0xF44F 0x72B4      MOV      R2,#+360
   \   00000086   0x2132             MOVS     R1,#+50
   \   00000088   0x200A             MOVS     R0,#+10
   \   0000008A   0x.... 0x....      BL       BUTTON_CreateEx
   \   0000008E   0x8030             STRH     R0,[R6, #+0]
    125              DoubleZ_sel.btnHandle = BUTTON_CreateEx(370,50,90,40,hDoubleZWnd, BUTTON_CF_SHOW, 0, alloc_win_id());
   \   00000090   0x.... 0x....      BL       alloc_win_id
   \   00000094   0x9003             STR      R0,[SP, #+12]
   \   00000096   0x2328             MOVS     R3,#+40
   \   00000098   0x2000             MOVS     R0,#+0
   \   0000009A   0x9002             STR      R0,[SP, #+8]
   \   0000009C   0x225A             MOVS     R2,#+90
   \   0000009E   0x2002             MOVS     R0,#+2
   \   000000A0   0x9001             STR      R0,[SP, #+4]
   \   000000A2   0x2132             MOVS     R1,#+50
   \   000000A4   0xF9B7 0x0000      LDRSH    R0,[R7, #+0]
   \   000000A8   0x9000             STR      R0,[SP, #+0]
   \   000000AA   0xF44F 0x70B9      MOV      R0,#+370
   \   000000AE   0x.... 0x....      BL       BUTTON_CreateEx
   \   000000B2   0x80B8             STRH     R0,[R7, #+4]
    126              
    127              DoubleEndstop_text.btnHandle = BUTTON_CreateEx(10,100,360,40,hDoubleZWnd, BUTTON_CF_SHOW, 0, alloc_win_id());
   \   000000B4   0x.... 0x....      BL       alloc_win_id
   \   000000B8   0x9003             STR      R0,[SP, #+12]
   \   000000BA   0x2328             MOVS     R3,#+40
   \   000000BC   0x2000             MOVS     R0,#+0
   \   000000BE   0x9002             STR      R0,[SP, #+8]
   \   000000C0   0xF44F 0x72B4      MOV      R2,#+360
   \   000000C4   0x2002             MOVS     R0,#+2
   \   000000C6   0x9001             STR      R0,[SP, #+4]
   \   000000C8   0x2164             MOVS     R1,#+100
   \   000000CA   0xF9B7 0x0000      LDRSH    R0,[R7, #+0]
   \   000000CE   0x9000             STR      R0,[SP, #+0]
   \   000000D0   0x200A             MOVS     R0,#+10
   \   000000D2   0x.... 0x....      BL       BUTTON_CreateEx
   \   000000D6   0x8330             STRH     R0,[R6, #+24]
    128              DoubleEndstop_sel.btnHandle = BUTTON_CreateEx(370,100,90,40,hDoubleZWnd, BUTTON_CF_SHOW, 0, alloc_win_id());
   \   000000D8   0x.... 0x....      BL       alloc_win_id
   \   000000DC   0x9003             STR      R0,[SP, #+12]
   \   000000DE   0x2328             MOVS     R3,#+40
   \   000000E0   0x2000             MOVS     R0,#+0
   \   000000E2   0x9002             STR      R0,[SP, #+8]
   \   000000E4   0x225A             MOVS     R2,#+90
   \   000000E6   0x2002             MOVS     R0,#+2
   \   000000E8   0x9001             STR      R0,[SP, #+4]
   \   000000EA   0x2164             MOVS     R1,#+100
   \   000000EC   0xF9B7 0x0000      LDRSH    R0,[R7, #+0]
   \   000000F0   0x9000             STR      R0,[SP, #+0]
   \   000000F2   0xF44F 0x70B9      MOV      R0,#+370
   \   000000F6   0x.... 0x....      BL       BUTTON_CreateEx
   \   000000FA   0x83B8             STRH     R0,[R7, #+28]
    129              
    130              SecondEndStop_text.btnHandle = BUTTON_CreateEx(10,150,240,40,hDoubleZWnd, BUTTON_CF_SHOW, 0, alloc_win_id());
   \   000000FC   0x.... 0x....      BL       alloc_win_id
   \   00000100   0x9003             STR      R0,[SP, #+12]
   \   00000102   0x2328             MOVS     R3,#+40
   \   00000104   0x2000             MOVS     R0,#+0
   \   00000106   0x9002             STR      R0,[SP, #+8]
   \   00000108   0x22F0             MOVS     R2,#+240
   \   0000010A   0x2002             MOVS     R0,#+2
   \   0000010C   0x9001             STR      R0,[SP, #+4]
   \   0000010E   0x2196             MOVS     R1,#+150
   \   00000110   0xF9B7 0x0000      LDRSH    R0,[R7, #+0]
   \   00000114   0x9000             STR      R0,[SP, #+0]
   \   00000116   0x200A             MOVS     R0,#+10
   \   00000118   0x.... 0x....      BL       BUTTON_CreateEx
   \   0000011C   0x8630             STRH     R0,[R6, #+48]
    131              SecondEndStop_zmin.btnHandle = BUTTON_CreateEx(270,150+5,VALUE_DEFAULT_X,VALUE_DEFAULT_Y,hDoubleZWnd, BUTTON_CF_SHOW, 0, alloc_win_id());
   \   0000011E   0x.... 0x....      BL       alloc_win_id
   \   00000122   0x9003             STR      R0,[SP, #+12]
   \   00000124   0x2000             MOVS     R0,#+0
   \   00000126   0x9002             STR      R0,[SP, #+8]
   \   00000128   0x2002             MOVS     R0,#+2
   \   0000012A   0x9001             STR      R0,[SP, #+4]
   \   0000012C   0x231C             MOVS     R3,#+28
   \   0000012E   0xF9B7 0x0000      LDRSH    R0,[R7, #+0]
   \   00000132   0x.... 0x....      LDR.W    R9,??DataTable9_7
   \   00000136   0x9000             STR      R0,[SP, #+0]
   \   00000138   0x2246             MOVS     R2,#+70
   \   0000013A   0x219B             MOVS     R1,#+155
   \   0000013C   0xF44F 0x7087      MOV      R0,#+270
   \   00000140   0x.... 0x....      BL       BUTTON_CreateEx
   \   00000144   0xF8A9 0x0000      STRH     R0,[R9, #+0]
    132              SecondEndStop_zmax.btnHandle = BUTTON_CreateEx(370,150+5,VALUE_DEFAULT_X,VALUE_DEFAULT_Y,hDoubleZWnd, BUTTON_CF_SHOW, 0, alloc_win_id());
   \   00000148   0x.... 0x....      BL       alloc_win_id
   \   0000014C   0x9003             STR      R0,[SP, #+12]
   \   0000014E   0x231C             MOVS     R3,#+28
   \   00000150   0x2000             MOVS     R0,#+0
   \   00000152   0x9002             STR      R0,[SP, #+8]
   \   00000154   0x2246             MOVS     R2,#+70
   \   00000156   0x2002             MOVS     R0,#+2
   \   00000158   0x9001             STR      R0,[SP, #+4]
   \   0000015A   0x219B             MOVS     R1,#+155
   \   0000015C   0xF9B7 0x0000      LDRSH    R0,[R7, #+0]
   \   00000160   0x9000             STR      R0,[SP, #+0]
   \   00000162   0xF44F 0x70B9      MOV      R0,#+370
   \   00000166   0x.... 0x....      BL       BUTTON_CreateEx
    133          
    134              if(mksCfg.z2_enable==1)
   \   0000016A   0x.... 0x....      LDR.W    R10,??DataTable9_5
   \   0000016E   0xF89A 0x1101      LDRB     R1,[R10, #+257]
   \   00000172   0xF8A9 0x0018      STRH     R0,[R9, #+24]
   \   00000176   0x2901             CMP      R1,#+1
   \   00000178   0xF9B7 0x0004      LDRSH    R0,[R7, #+4]
   \   0000017C   0xBF07             ITTEE    EQ 
    135                  BUTTON_SetBmpFileName(DoubleZ_sel.btnHandle, "bmp_enable.bin",1); 
   \   0000017E   0x2201             MOVEQ    R2,#+1
   \   00000180   0x.... 0x....      ADREQ.W  R1,`?<Constant "bmp_enable.bin">`
    136              else
    137                  BUTTON_SetBmpFileName(DoubleZ_sel.btnHandle, "bmp_disable.bin",1);
   \   00000184   0x2201             MOVNE    R2,#+1
   \   00000186   0x.... 0x....      ADRNE.W  R1,`?<Constant "bmp_disable.bin">`
   \   0000018A   0x.... 0x....      BL       BUTTON_SetBmpFileName
    138              if(mksCfg.z2_endstops_enable==1)
   \   0000018E   0xF9B7 0x001C      LDRSH    R0,[R7, #+28]
   \   00000192   0xF20A 0x1101      ADDW     R1,R10,#+257
   \   00000196   0x9104             STR      R1,[SP, #+16]
   \   00000198   0x7849             LDRB     R1,[R1, #+1]
   \   0000019A   0x2901             CMP      R1,#+1
   \   0000019C   0xBF07             ITTEE    EQ 
    139                  BUTTON_SetBmpFileName(DoubleEndstop_sel.btnHandle, "bmp_enable.bin",1);
   \   0000019E   0x2201             MOVEQ    R2,#+1
   \   000001A0   0x.... 0x....      ADREQ.W  R1,`?<Constant "bmp_enable.bin">`
    140              else
    141                  BUTTON_SetBmpFileName(DoubleEndstop_sel.btnHandle, "bmp_disable.bin",1);
   \   000001A4   0x2201             MOVNE    R2,#+1
   \   000001A6   0x.... 0x....      ADRNE.W  R1,`?<Constant "bmp_disable.bin">`
   \   000001AA   0x.... 0x....      BL       BUTTON_SetBmpFileName
    142              if(mksCfg.z2_endstop==1)
   \   000001AE   0x9904             LDR      R1,[SP, #+16]
   \   000001B0   0xF9B9 0x0000      LDRSH    R0,[R9, #+0]
   \   000001B4   0x7889             LDRB     R1,[R1, #+2]
   \   000001B6   0x2901             CMP      R1,#+1
   \   000001B8   0xD108             BNE.N    ??draw_DoubleZ_1
    143              {
    144                  BUTTON_SetBmpFileName(SecondEndStop_zmin.btnHandle, "bmp_z2_endstop_zmin_sel.bin",1);
   \   000001BA   0x2201             MOVS     R2,#+1
   \   000001BC   0x.... 0x....      ADR.W    R1,`?<Constant "bmp_z2_endstop_zmin_s...">`
   \   000001C0   0x.... 0x....      BL       BUTTON_SetBmpFileName
    145                  BUTTON_SetBmpFileName(SecondEndStop_zmax.btnHandle, "bmp_z2_endstop_zmax.bin",1);
   \   000001C4   0x.... 0x....      ADR.W    R1,`?<Constant "bmp_z2_endstop_zmax.bin">`
   \   000001C8   0x2201             MOVS     R2,#+1
   \   000001CA   0xE007             B.N      ??draw_DoubleZ_2
    146              }
    147              else
    148              {
    149                  BUTTON_SetBmpFileName(SecondEndStop_zmin.btnHandle, "bmp_z2_endstop_zmin.bin",1);
   \                     ??draw_DoubleZ_1: (+1)
   \   000001CC   0x2201             MOVS     R2,#+1
   \   000001CE   0x.... 0x....      ADR.W    R1,`?<Constant "bmp_z2_endstop_zmin.bin">`
   \   000001D2   0x.... 0x....      BL       BUTTON_SetBmpFileName
    150                  BUTTON_SetBmpFileName(SecondEndStop_zmax.btnHandle, "bmp_z2_endstop_zmax_sel.bin",1); 
   \   000001D6   0x.... 0x....      ADR.W    R1,`?<Constant "bmp_z2_endstop_zmax_s...">`
   \   000001DA   0x2201             MOVS     R2,#+1
   \                     ??draw_DoubleZ_2: (+1)
   \   000001DC   0xF9B9 0x0018      LDRSH    R0,[R9, #+24]
   \   000001E0   0x.... 0x....      BL       BUTTON_SetBmpFileName
    151              }
    152             
    153              BUTTON_SetBmpFileName(DoubleZ_text.btnHandle,NULL,1);        
   \   000001E4   0x2100             MOVS     R1,#+0
   \   000001E6   0x2201             MOVS     R2,#+1
   \   000001E8   0x5E70             LDRSH    R0,[R6, R1]
   \   000001EA   0x.... 0x....      BL       BUTTON_SetBmpFileName
    154              BUTTON_SetBmpFileName(DoubleEndstop_text.btnHandle,NULL,1);
   \   000001EE   0xF9B6 0x0018      LDRSH    R0,[R6, #+24]
   \   000001F2   0x2201             MOVS     R2,#+1
   \   000001F4   0x2100             MOVS     R1,#+0
   \   000001F6   0x.... 0x....      BL       BUTTON_SetBmpFileName
    155              BUTTON_SetBmpFileName(SecondEndStop_text.btnHandle,NULL,1);
   \   000001FA   0xF9B6 0x0030      LDRSH    R0,[R6, #+48]
   \   000001FE   0x2201             MOVS     R2,#+1
   \   00000200   0x2100             MOVS     R1,#+0
   \   00000202   0x.... 0x....      BL       BUTTON_SetBmpFileName
    156          
    157              BUTTON_SetBitmapEx(DoubleZ_sel.btnHandle,0,&bmp_struct90X30,0,5);//Õº∆¨¥Û–°Œ™90x30
   \   00000206   0x2005             MOVS     R0,#+5
   \   00000208   0x9000             STR      R0,[SP, #+0]
   \   0000020A   0x2300             MOVS     R3,#+0
   \   0000020C   0x.... 0x....      LDR.W    R11,??DataTable9_12
   \   00000210   0xF9B7 0x0004      LDRSH    R0,[R7, #+4]
   \   00000214   0x465A             MOV      R2,R11
   \   00000216   0x2100             MOVS     R1,#+0
   \   00000218   0x.... 0x....      BL       BUTTON_SetBitmapEx
    158              BUTTON_SetBitmapEx(DoubleEndstop_sel.btnHandle,0,&bmp_struct90X30,0,5);
   \   0000021C   0x2005             MOVS     R0,#+5
   \   0000021E   0x9000             STR      R0,[SP, #+0]
   \   00000220   0x2300             MOVS     R3,#+0
   \   00000222   0xF9B7 0x001C      LDRSH    R0,[R7, #+28]
   \   00000226   0x465A             MOV      R2,R11
   \   00000228   0x4619             MOV      R1,R3
   \   0000022A   0x.... 0x....      BL       BUTTON_SetBitmapEx
    159              BUTTON_SetBitmapEx(SecondEndStop_zmin.btnHandle,0,&bmp_struct70X28,0,0);
   \   0000022E   0x2000             MOVS     R0,#+0
   \   00000230   0x9000             STR      R0,[SP, #+0]
   \   00000232   0x4603             MOV      R3,R0
   \   00000234   0x4601             MOV      R1,R0
   \   00000236   0x.... 0x....      LDR.W    R11,??DataTable9_13
   \   0000023A   0xF9B9 0x0000      LDRSH    R0,[R9, #+0]
   \   0000023E   0x465A             MOV      R2,R11
   \   00000240   0x.... 0x....      BL       BUTTON_SetBitmapEx
    160              BUTTON_SetBitmapEx(SecondEndStop_zmax.btnHandle,0,&bmp_struct70X28,0,0);
   \   00000244   0x2000             MOVS     R0,#+0
   \   00000246   0x9000             STR      R0,[SP, #+0]
   \   00000248   0x4603             MOV      R3,R0
   \   0000024A   0x4601             MOV      R1,R0
   \   0000024C   0xF9B9 0x0018      LDRSH    R0,[R9, #+24]
   \   00000250   0x465A             MOV      R2,R11
   \   00000252   0x.... 0x....      BL       BUTTON_SetBitmapEx
    161              
    162              BUTTON_SetTextAlign(DoubleZ_text.btnHandle,GUI_TA_LEFT|GUI_TA_VCENTER );
   \   00000256   0xF9B6 0x0000      LDRSH    R0,[R6, #+0]
   \   0000025A   0x210C             MOVS     R1,#+12
   \   0000025C   0x.... 0x....      BL       BUTTON_SetTextAlign
    163              BUTTON_SetTextAlign(DoubleEndstop_text.btnHandle,GUI_TA_LEFT|GUI_TA_VCENTER );
   \   00000260   0xF9B6 0x0018      LDRSH    R0,[R6, #+24]
   \   00000264   0x210C             MOVS     R1,#+12
   \   00000266   0x.... 0x....      BL       BUTTON_SetTextAlign
    164              BUTTON_SetTextAlign(SecondEndStop_text.btnHandle,GUI_TA_LEFT|GUI_TA_VCENTER );
   \   0000026A   0xF9B6 0x0030      LDRSH    R0,[R6, #+48]
   \   0000026E   0x210C             MOVS     R1,#+12
   \   00000270   0x.... 0x....      BL       BUTTON_SetTextAlign
    165          
    166              BUTTON_SetTextAlign(DoubleZ_sel.btnHandle,GUI_TA_HCENTER|GUI_TA_VCENTER );
   \   00000274   0xF9B7 0x0004      LDRSH    R0,[R7, #+4]
   \   00000278   0x210E             MOVS     R1,#+14
   \   0000027A   0x.... 0x....      BL       BUTTON_SetTextAlign
    167              BUTTON_SetTextAlign(DoubleEndstop_sel.btnHandle,GUI_TA_HCENTER|GUI_TA_VCENTER );
   \   0000027E   0xF9B7 0x001C      LDRSH    R0,[R7, #+28]
   \   00000282   0x210E             MOVS     R1,#+14
   \   00000284   0x.... 0x....      BL       BUTTON_SetTextAlign
    168          
    169              button_back.btnHandle = BUTTON_CreateEx(400,270,70,40,hDoubleZWnd,BUTTON_CF_SHOW,0,alloc_win_id());
   \   00000288   0x.... 0x....      BL       alloc_win_id
   \   0000028C   0x9003             STR      R0,[SP, #+12]
   \   0000028E   0x2328             MOVS     R3,#+40
   \   00000290   0x2000             MOVS     R0,#+0
   \   00000292   0x9002             STR      R0,[SP, #+8]
   \   00000294   0x2246             MOVS     R2,#+70
   \   00000296   0x2002             MOVS     R0,#+2
   \   00000298   0x9001             STR      R0,[SP, #+4]
   \   0000029A   0xF44F 0x7187      MOV      R1,#+270
   \   0000029E   0xF9B7 0x0000      LDRSH    R0,[R7, #+0]
   \   000002A2   0x9000             STR      R0,[SP, #+0]
   \   000002A4   0xF44F 0x70C8      MOV      R0,#+400
   \   000002A8   0x.... 0x....      BL       BUTTON_CreateEx
   \   000002AC   0x.... 0x....      LDR.W    R9,??DataTable9_1
    170              
    171              BUTTON_SetBmpFileName(button_back.btnHandle, "bmp_back70x40.bin",1);        
   \   000002B0   0x.... 0x....      ADR.W    R1,`?<Constant "bmp_back70x40.bin">`
   \   000002B4   0xF8A9 0x0000      STRH     R0,[R9, #+0]
   \   000002B8   0x2201             MOVS     R2,#+1
   \   000002BA   0x.... 0x....      BL       BUTTON_SetBmpFileName
    172              BUTTON_SetBitmapEx(button_back.btnHandle, 0, &bmp_struct70X40,0, 0);
   \   000002BE   0x2000             MOVS     R0,#+0
   \   000002C0   0x9000             STR      R0,[SP, #+0]
   \   000002C2   0x4603             MOV      R3,R0
   \   000002C4   0x4601             MOV      R1,R0
   \   000002C6   0xF9B9 0x0000      LDRSH    R0,[R9, #+0]
   \   000002CA   0x....             LDR.N    R2,??DataTable9_14
   \   000002CC   0x.... 0x....      BL       BUTTON_SetBitmapEx
    173              BUTTON_SetTextAlign(button_back.btnHandle,GUI_TA_HCENTER|GUI_TA_VCENTER );
   \   000002D0   0xF9B9 0x0000      LDRSH    R0,[R9, #+0]
   \   000002D4   0x210E             MOVS     R1,#+14
   \   000002D6   0x.... 0x....      BL       BUTTON_SetTextAlign
    174              
    175              BUTTON_SetBkColor(button_back.btnHandle, BUTTON_CI_PRESSED, gCfgItems.back_btn_color);
   \   000002DA   0x6BAA             LDR      R2,[R5, #+56]
   \   000002DC   0xF9B9 0x0000      LDRSH    R0,[R9, #+0]
   \   000002E0   0x2101             MOVS     R1,#+1
   \   000002E2   0x.... 0x....      BL       BUTTON_SetBkColor
    176              BUTTON_SetBkColor(button_back.btnHandle, BUTTON_CI_UNPRESSED, gCfgItems.back_btn_color); 
   \   000002E6   0x6BAA             LDR      R2,[R5, #+56]
   \   000002E8   0xF9B9 0x0000      LDRSH    R0,[R9, #+0]
   \   000002EC   0x2100             MOVS     R1,#+0
   \   000002EE   0x.... 0x....      BL       BUTTON_SetBkColor
    177              BUTTON_SetTextColor(button_back.btnHandle, BUTTON_CI_PRESSED, gCfgItems.back_btn_textcolor);
   \   000002F2   0x6BEA             LDR      R2,[R5, #+60]
   \   000002F4   0xF9B9 0x0000      LDRSH    R0,[R9, #+0]
   \   000002F8   0x2101             MOVS     R1,#+1
   \   000002FA   0x.... 0x....      BL       BUTTON_SetTextColor
    178              BUTTON_SetTextColor(button_back.btnHandle, BUTTON_CI_UNPRESSED, gCfgItems.back_btn_textcolor); 
   \   000002FE   0x6BEA             LDR      R2,[R5, #+60]
   \   00000300   0xF9B9 0x0000      LDRSH    R0,[R9, #+0]
   \   00000304   0x2100             MOVS     R1,#+0
   \   00000306   0x.... 0x....      BL       BUTTON_SetTextColor
    179              
    180          
    181              if(gCfgItems.multiple_language != 0)
   \   0000030A   0xF894 0x01CF      LDRB     R0,[R4, #+463]
   \   0000030E   0xB398             CBZ.N    R0,??draw_DoubleZ_3
    182              {
    183                  BUTTON_SetText(DoubleZ_text.btnHandle, machine_menu.Z2Enable);
   \   00000310   0xF508 0x740A      ADD      R4,R8,#+552
   \   00000314   0xF9B6 0x0000      LDRSH    R0,[R6, #+0]
   \   00000318   0x6861             LDR      R1,[R4, #+4]
   \   0000031A   0x.... 0x....      BL       BUTTON_SetText
    184                  BUTTON_SetText(DoubleEndstop_text.btnHandle, machine_menu.Z2EndstopEnable);
   \   0000031E   0x68A1             LDR      R1,[R4, #+8]
   \   00000320   0xF9B6 0x0018      LDRSH    R0,[R6, #+24]
   \   00000324   0x.... 0x....      BL       BUTTON_SetText
    185                  BUTTON_SetText(SecondEndStop_text.btnHandle, machine_menu.Z2Port);   
   \   00000328   0x68E1             LDR      R1,[R4, #+12]
   \   0000032A   0xF9B6 0x0030      LDRSH    R0,[R6, #+48]
   \   0000032E   0x.... 0x....      BL       BUTTON_SetText
    186          
    187                  BUTTON_SetText(button_back.btnHandle,common_menu.text_back);
   \   00000332   0x....             LDR.N    R0,??DataTable9_15
   \   00000334   0x6801             LDR      R1,[R0, #+0]
   \   00000336   0xF9B9 0x0000      LDRSH    R0,[R9, #+0]
   \   0000033A   0x.... 0x....      BL       BUTTON_SetText
    188          
    189                  if(mksCfg.z2_enable==1)
   \   0000033E   0xF89A 0x1101      LDRB     R1,[R10, #+257]
   \   00000342   0xF9B7 0x0004      LDRSH    R0,[R7, #+4]
   \   00000346   0x2901             CMP      R1,#+1
   \   00000348   0xBF0E             ITEE     EQ 
    190                      BUTTON_SetText(DoubleZ_sel.btnHandle, machine_menu.enable); 
   \   0000034A   0xF8D8 0x10E8      LDREQ    R1,[R8, #+232]
    191                  else
    192                      BUTTON_SetText(DoubleZ_sel.btnHandle, machine_menu.disable);
   \   0000034E   0xF108 0x01E8      ADDNE    R1,R8,#+232
   \   00000352   0x6849             LDRNE    R1,[R1, #+4]
   \   00000354   0x.... 0x....      BL       BUTTON_SetText
    193                  if(mksCfg.z2_endstops_enable==1)
   \   00000358   0x9904             LDR      R1,[SP, #+16]
   \   0000035A   0xF9B7 0x001C      LDRSH    R0,[R7, #+28]
   \   0000035E   0x7849             LDRB     R1,[R1, #+1]
   \   00000360   0x2901             CMP      R1,#+1
   \   00000362   0xBF0E             ITEE     EQ 
    194                      BUTTON_SetText(DoubleEndstop_sel.btnHandle, machine_menu.enable);
   \   00000364   0xF8D8 0x10E8      LDREQ    R1,[R8, #+232]
    195                  else
    196                      BUTTON_SetText(DoubleEndstop_sel.btnHandle, machine_menu.disable);        
   \   00000368   0xF108 0x01E8      ADDNE    R1,R8,#+232
   \   0000036C   0x6849             LDRNE    R1,[R1, #+4]
   \   0000036E   0xB005             ADD      SP,SP,#+20
   \   00000370   0xE8BD 0x4FF0      POP      {R4-R11,LR}
   \   00000374   0x.... 0x....      B.W      BUTTON_SetText
    197              }
    198          
    199          
    200          
    201          }
   \                     ??draw_DoubleZ_3: (+1)
   \   00000378   0xB005             ADD      SP,SP,#+20
   \   0000037A   0xE8BD 0x8FF0      POP      {R4-R11,PC}      ;; return
    202          

   \                                 In section .text, align 2, keep-with-next
    203          void Clear_DoubleZ()
    204          {
   \                     Clear_DoubleZ: (+1)
   \   00000000   0xB510             PUSH     {R4,LR}
    205          	GUI_SetBkColor(gCfgItems.background_color);
   \   00000002   0x....             LDR.N    R0,??DataTable9_4
   \   00000004   0x6940             LDR      R0,[R0, #+20]
   \   00000006   0x.... 0x....      BL       GUI_SetBkColor
    206          	if(WM_IsWindow(hDoubleZWnd))
   \   0000000A   0x....             LDR.N    R4,??DataTable9_2
   \   0000000C   0xF9B4 0x0000      LDRSH    R0,[R4, #+0]
   \   00000010   0x.... 0x....      BL       WM_IsWindow
   \   00000014   0xB128             CBZ.N    R0,??Clear_DoubleZ_0
    207          	{
    208          		WM_DeleteWindow(hDoubleZWnd);
   \   00000016   0xF9B4 0x0000      LDRSH    R0,[R4, #+0]
   \   0000001A   0xE8BD 0x4010      POP      {R4,LR}
   \   0000001E   0x.... 0x....      B.W      WM_DeleteWindow
    209          	}
    210          }
   \                     ??Clear_DoubleZ_0: (+1)
   \   00000022   0xBD10             POP      {R4,PC}          ;; return

   \                                 In section .text, align 4, keep-with-next
   \                     ??DataTable9:
   \   00000000   0x00FF5449         DC32     0xff5449

   \                                 In section .text, align 4, keep-with-next
   \                     ??DataTable9_1:
   \   00000000   0x........         DC32     button_back

   \                                 In section .text, align 4, keep-with-next
   \                     ??DataTable9_2:
   \   00000000   0x........         DC32     hDoubleZWnd

   \                                 In section .text, align 4, keep-with-next
   \                     ??DataTable9_3:
   \   00000000   0x........         DC32     last_disp_state

   \                                 In section .text, align 4, keep-with-next
   \                     ??DataTable9_4:
   \   00000000   0x........         DC32     gCfgItems

   \                                 In section .text, align 4, keep-with-next
   \                     ??DataTable9_5:
   \   00000000   0x........         DC32     mksCfg

   \                                 In section .text, align 4, keep-with-next
   \                     ??DataTable9_6:
   \   00000000   0x........         DC32     machine_menu

   \                                 In section .text, align 4, keep-with-next
   \                     ??DataTable9_7:
   \   00000000   0x........         DC32     SecondEndStop_zmin

   \                                 In section .text, align 4, keep-with-next
   \                     ??DataTable9_8:
   \   00000000   0x........         DC32     disp_state_stack

   \                                 In section .text, align 4, keep-with-next
   \                     ??DataTable9_9:
   \   00000000   0x........         DC32     disp_state

   \                                 In section .text, align 4, keep-with-next
   \                     ??DataTable9_10:
   \   00000000   0x........         DC32     _Z12cbDoubleZWinP10WM_MESSAGE

   \                                 In section .text, align 4, keep-with-next
   \                     ??DataTable9_11:
   \   00000000   0x........         DC32     DoubleZ_text

   \                                 In section .text, align 4, keep-with-next
   \                     ??DataTable9_12:
   \   00000000   0x........         DC32     bmp_struct90X30

   \                                 In section .text, align 4, keep-with-next
   \                     ??DataTable9_13:
   \   00000000   0x........         DC32     bmp_struct70X28

   \                                 In section .text, align 4, keep-with-next
   \                     ??DataTable9_14:
   \   00000000   0x........         DC32     bmp_struct70X40

   \                                 In section .text, align 4, keep-with-next
   \                     ??DataTable9_15:
   \   00000000   0x........         DC32     common_menu

   \                                 In section .text, align 4, keep-with-next
   \                     `?<Constant "bmp_disable.bin">`:
   \   00000000   0x62 0x6D          DC8 "bmp_disable.bin"
   \              0x70 0x5F    
   \              0x64 0x69    
   \              0x73 0x61    
   \              0x62 0x6C    
   \              0x65 0x2E    
   \              0x62 0x69    
   \              0x6E 0x00    

   \                                 In section .text, align 4, keep-with-next
   \                     `?<Constant "bmp_enable.bin">`:
   \   00000000   0x62 0x6D          DC8 "bmp_enable.bin"
   \              0x70 0x5F    
   \              0x65 0x6E    
   \              0x61 0x62    
   \              0x6C 0x65    
   \              0x2E 0x62    
   \              0x69 0x6E    
   \              0x00         
   \   0000000F   0x00               DC8 0

   \                                 In section .text, align 4, keep-with-next
   \                     `?<Constant "bmp_z2_endstop_zmin_s...">`:
   \   00000000   0x62 0x6D          DC8 "bmp_z2_endstop_zmin_sel.bin"
   \              0x70 0x5F    
   \              0x7A 0x32    
   \              0x5F 0x65    
   \              0x6E 0x64    
   \              0x73 0x74    
   \              0x6F 0x70    
   \              0x5F 0x7A    
   \              0x6D 0x69    
   \              0x6E 0x5F    
   \              0x73 0x65    
   \              0x6C 0x2E    
   \              0x62 0x69    
   \              0x6E 0x00    

   \                                 In section .text, align 4, keep-with-next
   \                     `?<Constant "bmp_z2_endstop_zmax.bin">`:
   \   00000000   0x62 0x6D          DC8 "bmp_z2_endstop_zmax.bin"
   \              0x70 0x5F    
   \              0x7A 0x32    
   \              0x5F 0x65    
   \              0x6E 0x64    
   \              0x73 0x74    
   \              0x6F 0x70    
   \              0x5F 0x7A    
   \              0x6D 0x61    
   \              0x78 0x2E    
   \              0x62 0x69    
   \              0x6E 0x00    

   \                                 In section .text, align 4, keep-with-next
   \                     `?<Constant "bmp_z2_endstop_zmin.bin">`:
   \   00000000   0x62 0x6D          DC8 "bmp_z2_endstop_zmin.bin"
   \              0x70 0x5F    
   \              0x7A 0x32    
   \              0x5F 0x65    
   \              0x6E 0x64    
   \              0x73 0x74    
   \              0x6F 0x70    
   \              0x5F 0x7A    
   \              0x6D 0x69    
   \              0x6E 0x2E    
   \              0x62 0x69    
   \              0x6E 0x00    

   \                                 In section .text, align 4, keep-with-next
   \                     `?<Constant "bmp_z2_endstop_zmax_s...">`:
   \   00000000   0x62 0x6D          DC8 "bmp_z2_endstop_zmax_sel.bin"
   \              0x70 0x5F    
   \              0x7A 0x32    
   \              0x5F 0x65    
   \              0x6E 0x64    
   \              0x73 0x74    
   \              0x6F 0x70    
   \              0x5F 0x7A    
   \              0x6D 0x61    
   \              0x78 0x5F    
   \              0x73 0x65    
   \              0x6C 0x2E    
   \              0x62 0x69    
   \              0x6E 0x00    

   \                                 In section .text, align 4, keep-with-next
   \                     `?<Constant "bmp_back70x40.bin">`:
   \   00000000   0x62 0x6D          DC8 "bmp_back70x40.bin"
   \              0x70 0x5F    
   \              0x62 0x61    
   \              0x63 0x6B    
   \              0x37 0x30    
   \              0x78 0x34    
   \              0x30 0x2E    
   \              0x62 0x69    
   \              0x6E 0x00    
   \   00000012   0x00 0x00          DC8 0, 0
    211          
    212          
    213          
    214          
    215          
    216          

   Maximum stack usage in bytes:

   .cstack Function
   ------- --------
       8   Clear_DoubleZ
         8   -> GUI_SetBkColor
         0   -> WM_DeleteWindow
         8   -> WM_IsWindow
      16   cbDoubleZWin(WM_MESSAGE *)
        16   -> BUTTON_SetBmpFileName
        16   -> BUTTON_SetText
         0   -> GUI_FillRect
        16   -> GUI_FillRect
        16   -> GUI_SetBkColor
        16   -> GUI_SetColor
         0   -> WM_DefaultProc
        16   -> WM_DeleteWindow
        16   -> WM_IsWindow
         0   -> draw_return_ui
         0   -> epr_write_data
      56   draw_DoubleZ
        56   -> BUTTON_CreateEx
        56   -> BUTTON_SetBitmapEx
        56   -> BUTTON_SetBkColor
        56   -> BUTTON_SetBmpFileName
         0   -> BUTTON_SetText
        56   -> BUTTON_SetText
        56   -> BUTTON_SetTextAlign
        56   -> BUTTON_SetTextColor
        56   -> GUI_Clear
        56   -> GUI_DispStringAt
        56   -> GUI_SetBkColor
        56   -> GUI_SetColor
        56   -> WM_CreateWindow
        56   -> alloc_win_id


   Section sizes:

   Bytes  Function/Label
   -----  --------------
      20  ?<Constant "bmp_back70x40.bin">
      16  ?<Constant "bmp_disable.bin">
      16  ?<Constant "bmp_enable.bin">
      24  ?<Constant "bmp_z2_endstop_zmax.bin">
      28  ?<Constant "bmp_z2_endstop_zmax_s...">
      24  ?<Constant "bmp_z2_endstop_zmin.bin">
      28  ?<Constant "bmp_z2_endstop_zmin_s...">
       4  ??DataTable9
       4  ??DataTable9_1
       4  ??DataTable9_10
       4  ??DataTable9_11
       4  ??DataTable9_12
       4  ??DataTable9_13
       4  ??DataTable9_14
       4  ??DataTable9_15
       4  ??DataTable9_2
       4  ??DataTable9_3
       4  ??DataTable9_4
       4  ??DataTable9_5
       4  ??DataTable9_6
       4  ??DataTable9_7
       4  ??DataTable9_8
       4  ??DataTable9_9
      36  Clear_DoubleZ
      72  DoubleZ_text
          DoubleEndstop_text
          SecondEndStop_text
      48  SecondEndStop_zmin
          SecondEndStop_zmax
      24  button_back
     438  cbDoubleZWin(WM_MESSAGE *)
     894  draw_DoubleZ
      52  hDoubleZWnd
          DoubleZ_sel
          DoubleEndstop_sel

 
   196 bytes in section .bss
 1 588 bytes in section .text
 
 1 588 bytes of CODE memory
   196 bytes of DATA memory

Errors: none
Warnings: 19
