###############################################################################
#
# IAR ANSI C/C++ Compiler V7.10.1.6676/W32 for ARM        13/Apr/2020  09:24:24
# Copyright 1999-2014 IAR Systems AB.
#
#    Cpu mode     =  thumb
#    Endian       =  little
#    Source file  =  
#        D:\MKS-Robin-Nano-Firmware-v2.x.x\MKS-Robin-Nano-Firmware\User\ui\draw_motor_settings.cpp
#    Command line =  
#        D:\MKS-Robin-Nano-Firmware-v2.x.x\MKS-Robin-Nano-Firmware\User\ui\draw_motor_settings.cpp
#        -D USE_HAL_DRIVER -D STM32F103xE -D STM32F10X_HD -D USE_HAL_LIB -D
#        MKS_ROBIN_NANO -D TFT35 -lC
#        D:\MKS-Robin-Nano-Firmware-v2.x.x\MKS-Robin-Nano-Firmware\EWARM\mksRobinNano/List\
#        -lA
#        D:\MKS-Robin-Nano-Firmware-v2.x.x\MKS-Robin-Nano-Firmware\EWARM\mksRobinNano/List\
#        --diag_suppress Pa050 -o
#        D:\MKS-Robin-Nano-Firmware-v2.x.x\MKS-Robin-Nano-Firmware\EWARM\mksRobinNano/Obj\
#        --debug --endian=little --cpu=Cortex-M3 -e --char_is_signed --fpu=None
#        --dlib_config "C:\Program Files (x86)\IAR Systems\Embedded Workbench
#        7.0\arm\INC\c\DLib_Config_Full.h" -I
#        D:\MKS-Robin-Nano-Firmware-v2.x.x\MKS-Robin-Nano-Firmware\EWARM/../Inc\
#        -I
#        D:\MKS-Robin-Nano-Firmware-v2.x.x\MKS-Robin-Nano-Firmware\EWARM/../Src\
#        -I
#        D:\MKS-Robin-Nano-Firmware-v2.x.x\MKS-Robin-Nano-Firmware\EWARM/../Drivers/STM32F1xx_HAL_Driver/Inc\
#        -I
#        D:\MKS-Robin-Nano-Firmware-v2.x.x\MKS-Robin-Nano-Firmware\EWARM/../Drivers/STM32F1xx_HAL_Driver/Inc/Legacy\
#        -I
#        D:\MKS-Robin-Nano-Firmware-v2.x.x\MKS-Robin-Nano-Firmware\EWARM/../Middlewares/Third_Party/FatFs/src/drivers\
#        -I
#        D:\MKS-Robin-Nano-Firmware-v2.x.x\MKS-Robin-Nano-Firmware\EWARM/../Middlewares/ST/STM32_USB_Host_Library/Core/Inc\
#        -I
#        D:\MKS-Robin-Nano-Firmware-v2.x.x\MKS-Robin-Nano-Firmware\EWARM/../Middlewares/ST/STM32_USB_Host_Library/Class/MSC/Inc\
#        -I
#        D:\MKS-Robin-Nano-Firmware-v2.x.x\MKS-Robin-Nano-Firmware\EWARM/../Drivers/CMSIS/Device/ST/STM32F1xx/Include\
#        -I
#        D:\MKS-Robin-Nano-Firmware-v2.x.x\MKS-Robin-Nano-Firmware\EWARM/../Middlewares/Third_Party/FatFs/src\
#        -I
#        D:\MKS-Robin-Nano-Firmware-v2.x.x\MKS-Robin-Nano-Firmware\EWARM/../Middlewares/Third_Party/Marlin\
#        -I
#        D:\MKS-Robin-Nano-Firmware-v2.x.x\MKS-Robin-Nano-Firmware\EWARM/../Drivers/CMSIS/Include\
#        -I
#        D:\MKS-Robin-Nano-Firmware-v2.x.x\MKS-Robin-Nano-Firmware\EWARM/../Drivers/BSP/variant\
#        -I
#        D:\MKS-Robin-Nano-Firmware-v2.x.x\MKS-Robin-Nano-Firmware\EWARM/../Drivers/BSP/Components/at24cxx\
#        -I
#        D:\MKS-Robin-Nano-Firmware-v2.x.x\MKS-Robin-Nano-Firmware\EWARM/../Drivers/BSP/Components/w25qxx\
#        -I
#        D:\MKS-Robin-Nano-Firmware-v2.x.x\MKS-Robin-Nano-Firmware\EWARM/../Drivers/BSP/Components/lcd\
#        -I
#        D:\MKS-Robin-Nano-Firmware-v2.x.x\MKS-Robin-Nano-Firmware\EWARM/../Drivers/STM32F10x_StdPeriph_Driver/inc\
#        -I
#        D:\MKS-Robin-Nano-Firmware-v2.x.x\MKS-Robin-Nano-Firmware\EWARM/../Drivers/libstmf4/include\
#        -I
#        D:\MKS-Robin-Nano-Firmware-v2.x.x\MKS-Robin-Nano-Firmware\EWARM/../Middlewares/arduino/stm32/cores/arduino\
#        -I
#        D:\MKS-Robin-Nano-Firmware-v2.x.x\MKS-Robin-Nano-Firmware\EWARM/../User/ui\
#        -I
#        D:\MKS-Robin-Nano-Firmware-v2.x.x\MKS-Robin-Nano-Firmware\EWARM/../User/ui/Multi_language\
#        -I
#        D:\MKS-Robin-Nano-Firmware-v2.x.x\MKS-Robin-Nano-Firmware\EWARM/../User/ui/QRENCODE\
#        -I
#        D:\MKS-Robin-Nano-Firmware-v2.x.x\MKS-Robin-Nano-Firmware\EWARM\..\Middlewares\GUI\
#        -Oh --eec++ -I "C:\Program Files (x86)\IAR Systems\Embedded Workbench
#        7.0\arm\CMSIS\Include\"
#    List file    =  
#        D:\MKS-Robin-Nano-Firmware-v2.x.x\MKS-Robin-Nano-Firmware\EWARM\mksRobinNano/List\draw_motor_settings.lst
#    Object file  =  
#        D:\MKS-Robin-Nano-Firmware-v2.x.x\MKS-Robin-Nano-Firmware\EWARM\mksRobinNano/Obj\draw_motor_settings.o
#
###############################################################################

D:\MKS-Robin-Nano-Firmware-v2.x.x\MKS-Robin-Nano-Firmware\User\ui\draw_motor_settings.cpp
      1          #include "gui.h"
      2          #include "button.h"
      3          #include "draw_ui.h"

  #define UNUSED(x) ((void)(x))
          ^
"D:\MKS-Robin-Nano-Firmware-v2.x.x\MKS-Robin-Nano-Firmware\Drivers\STM32F1xx_HAL_Driver\Inc\stm32f1xx_hal_def.h",87  Warning[Pe047]: 
          incompatible redefinition of macro "UNUSED" (declared at line 101 of
          "D:\MKS-Robin-Nano-Firmware-v2.x.x\MKS-Robin-Nano-Firmware\EWARM/../M
          iddlewares/Third_Party/Marlin\macros.h")

  		volatile volatile float desireBedTempBak;
  		         ^
"D:\MKS-Robin-Nano-Firmware-v2.x.x\MKS-Robin-Nano-Firmware\Inc\mks_cfg.h",626  Warning[Pe083]: 
          type qualifier specified more than once

    #define FILAMENT_CHANGE_TEXT_EN				"Please click <Load> \nor <unload>,After \npinter pause."
            ^
"D:\MKS-Robin-Nano-Firmware-v2.x.x\MKS-Robin-Nano-Firmware\User\ui\Multi_language\Language_en.h",337  Warning[Pe047]: 
          incompatible redefinition of macro "FILAMENT_CHANGE_TEXT_EN"
          (declared at line 315)

  #define DIALOG_UNBIND_PRINTER_CN            "Ëß£Èô§ÁªëÂÆö?"
          ^
"D:\MKS-Robin-Nano-Firmware-v2.x.x\MKS-Robin-Nano-Firmware\User\ui\Multi_language\Language_s_cn.h",408  Warning[Pe047]: 
          incompatible redefinition of macro "DIALOG_UNBIND_PRINTER_CN"
          (declared at line 403)

    #define FILAMENT_CHANGE_TEXT_T_CN				"ÂæÖÊâìÂç∞Ê©üÊö´ÂÅúÂêé,\nË´ãÊåâ<ÈÄ≤Êñô>Êàñ<ÈÄÄÊñô>"
            ^
"D:\MKS-Robin-Nano-Firmware-v2.x.x\MKS-Robin-Nano-Firmware\User\ui\Multi_language\Language_t_cn.h",318  Warning[Pe047]: 
          incompatible redefinition of macro "FILAMENT_CHANGE_TEXT_T_CN"
          (declared at line 304)

    #define FILAMENT_CHANGE_TEXT_RU				"Please click <Load> \nor <unload>,After \npinter pause."
            ^
"D:\MKS-Robin-Nano-Firmware-v2.x.x\MKS-Robin-Nano-Firmware\User\ui\Multi_language\Language_ru.h",134  Warning[Pe047]: 
          incompatible redefinition of macro "FILAMENT_CHANGE_TEXT_RU"
          (declared at line 114)

  #define DIALOG_UNBIND_PRINTER_RU            "Unbind the printer?"
          ^
"D:\MKS-Robin-Nano-Firmware-v2.x.x\MKS-Robin-Nano-Firmware\User\ui\Multi_language\Language_ru.h",231  Warning[Pe047]: 
          incompatible redefinition of macro "DIALOG_UNBIND_PRINTER_RU"
          (declared at line 226)

    #define FILAMENT_CHANGE_TEXT_FR				"Please click <Load> \nor <unload>,After \npinter pause."
            ^
"D:\MKS-Robin-Nano-Firmware-v2.x.x\MKS-Robin-Nano-Firmware\User\ui\Multi_language\Language_fr.h",134  Warning[Pe047]: 
          incompatible redefinition of macro "FILAMENT_CHANGE_TEXT_FR"
          (declared at line 114)

  #define DIALOG_UNBIND_PRINTER_FR        "Unbind the printer?"
          ^
"D:\MKS-Robin-Nano-Firmware-v2.x.x\MKS-Robin-Nano-Firmware\User\ui\Multi_language\Language_fr.h",234  Warning[Pe047]: 
          incompatible redefinition of macro "DIALOG_UNBIND_PRINTER_FR"
          (declared at line 230)

    #define FILAMENT_CHANGE_TEXT_SP				"Please click <Load> \nor <unload>,After \npinter pause."
            ^
"D:\MKS-Robin-Nano-Firmware-v2.x.x\MKS-Robin-Nano-Firmware\User\ui\Multi_language\Language_sp.h",133  Warning[Pe047]: 
          incompatible redefinition of macro "FILAMENT_CHANGE_TEXT_SP"
          (declared at line 114)

    #define FILAMENT_CHANGE_TEXT_IT				"Please click <Load> \nor <unload>,After \npinter pause."
            ^
"D:\MKS-Robin-Nano-Firmware-v2.x.x\MKS-Robin-Nano-Firmware\User\ui\Multi_language\Language_it.h",134  Warning[Pe047]: 
          incompatible redefinition of macro "FILAMENT_CHANGE_TEXT_IT"
          (declared at line 114)

  #define DIALOG_UNBIND_PRINTER_IT                "Unbind the printer?"
          ^
"D:\MKS-Robin-Nano-Firmware-v2.x.x\MKS-Robin-Nano-Firmware\User\ui\Multi_language\Language_it.h",230  Warning[Pe047]: 
          incompatible redefinition of macro "DIALOG_UNBIND_PRINTER_IT"
          (declared at line 225)

  #define FILAMENT_CHANGE_TEXT_JP				"Please click <Load> \nor <unload>,After \npinter pause."
          ^
"D:\MKS-Robin-Nano-Firmware-v2.x.x\MKS-Robin-Nano-Firmware\User\ui\Multi_language\Multi_language.h",899  Warning[Pe047]: 
          incompatible redefinition of macro "FILAMENT_CHANGE_TEXT_JP"
          (declared at line 892)

  #define FILAMENT_CHANGE_TEXT_GN				"Please click <Load> \nor <unload>,After \npinter pause."
          ^
"D:\MKS-Robin-Nano-Firmware-v2.x.x\MKS-Robin-Nano-Firmware\User\ui\Multi_language\Multi_language.h",1107  Warning[Pe047]: 
          incompatible redefinition of macro "FILAMENT_CHANGE_TEXT_GN"
          (declared at line 1101)

  #define Simple_Dec"ºı…Ÿ"
                    ^
"D:\MKS-Robin-Nano-Firmware-v2.x.x\MKS-Robin-Nano-Firmware\User\ui\draw_ui.h",666  Warning[Pe1649]: 
          white space is required between the macro name "Simple_Dec" and its
          replacement text

  #define Simple_Speed "ÀŸ∂»"
          ^
"D:\MKS-Robin-Nano-Firmware-v2.x.x\MKS-Robin-Nano-Firmware\User\ui\draw_ui.h",721  Warning[Pe047]: 
          incompatible redefinition of macro "Simple_Speed" (declared at line
          718)

  #define Complex_Speed "ÀŸ∂»"
          ^
"D:\MKS-Robin-Nano-Firmware-v2.x.x\MKS-Robin-Nano-Firmware\User\ui\draw_ui.h",722  Warning[Pe047]: 
          incompatible redefinition of macro "Complex_Speed" (declared at line
          719)
      4          
      5          #ifndef GUI_FLASH
      6          #define GUI_FLASH
      7          #endif
      8          

   \                                 In section .bss, align 4
      9          static GUI_HWIN hMotorSettingsWnd;
     10          static BUTTON_STRUCT MaxFeedRateArrow,AccelerationArrow,JerkArrow,StepsArrow,MotorDirArrow,HomeFeedRateArrow;
     11          static BUTTON_STRUCT buttonMaxFeedRate,buttonAcceleration,buttonJerk,buttonSteps,buttonMotorDir,buttonHomeFeedRate;
     12          static BUTTON_STRUCT button_next,button_previous,button_back;
     13          static uint8_t current_page;//0:…œ“ª“≥£¨1:œ¬“ª“≥
   \                     current_page:
   \   00000000                      DS8 1
   \   00000001                      DS8 1
   \   00000002                      DS8 2
   \   00000004                      DS8 24
   \   0000001C                      DS8 24

   \                                 In section .bss, align 4
   \                     JerkArrow:
   \   00000000                      DS8 24
   \   00000018                      DS8 24

   \                                 In section .bss, align 4
   \                     MotorDirArrow:
   \   00000000                      DS8 24
   \   00000018                      DS8 24

   \                                 In section .bss, align 4
   \                     buttonMaxFeedRate:
   \   00000000                      DS8 24
   \   00000018                      DS8 24

   \                                 In section .bss, align 4
   \                     buttonJerk:
   \   00000000                      DS8 24
   \   00000018                      DS8 24

   \                                 In section .bss, align 4
   \                     buttonMotorDir:
   \   00000000                      DS8 24
   \   00000018                      DS8 24

   \                                 In section .bss, align 4
   \                     button_next:
   \   00000000                      DS8 24
   \   00000018                      DS8 24

   \                                 In section .bss, align 4
   \                     button_back:
   \   00000000                      DS8 24
     14          

   \                                 In section .text, align 2, keep-with-next
     15          static void cbMotorSettingsWin(WM_MESSAGE * pMsg) {
     16          
     17              struct PressEvt *press_event;
                                      ^
Warning[Pe550]: variable "press_event" was set but never used
     18              switch (pMsg->MsgId)
   \                     _Z18cbMotorSettingsWinP10WM_MESSAGE: (+1)
   \   00000000   0x6801             LDR      R1,[R0, #+0]
   \   00000002   0x290C             CMP      R1,#+12
   \   00000004   0xD100             BNE.N    ??cbMotorSettingsWin_0
   \   00000006   0x4770             BX       LR
   \                     ??cbMotorSettingsWin_0: (+1)
   \   00000008   0xB510             PUSH     {R4,LR}
   \   0000000A   0x290D             CMP      R1,#+13
   \   0000000C   0xF000 0x812C      BEQ.W    ??cbMotorSettingsWin_1
   \   00000010   0x290F             CMP      R1,#+15
   \   00000012   0xD002             BEQ.N    ??cbMotorSettingsWin_2
   \   00000014   0x2926             CMP      R1,#+38
   \   00000016   0xD028             BEQ.N    ??cbMotorSettingsWin_3
   \   00000018   0xE122             B.N      ??cbMotorSettingsWin_4
     19              {
     20              	case WM_PAINT:
     21          			//GUI_SetColor(gCfgItems.state_background_color);
     22          			//GUI_DrawRect(LCD_WIDTH/4+X_ADD, 0, LCD_WIDTH *3 / 4-X_INTERVAL, imgHeight /2 -15);
     23          			GUI_SetColor(0xff5449);
   \                     ??cbMotorSettingsWin_2: (+1)
   \   0000001A   0x.... 0x....      LDR.W    R0,??DataTable6  ;; 0xff5449
   \   0000001E   0x.... 0x....      BL       GUI_SetColor
     24          
     25          			GUI_FillRect(10, 90, 470,90);
   \   00000022   0x235A             MOVS     R3,#+90
   \   00000024   0xF44F 0x72EB      MOV      R2,#+470
   \   00000028   0x215A             MOVS     R1,#+90
   \   0000002A   0x200A             MOVS     R0,#+10
   \   0000002C   0x.... 0x....      BL       GUI_FillRect
     26                      GUI_FillRect(10, 140, 470,140);
   \   00000030   0x238C             MOVS     R3,#+140
   \   00000032   0xF44F 0x72EB      MOV      R2,#+470
   \   00000036   0x4619             MOV      R1,R3
   \   00000038   0x200A             MOVS     R0,#+10
   \   0000003A   0x.... 0x....      BL       GUI_FillRect
     27                      if(current_page != 1)
   \   0000003E   0x.... 0x....      LDR.W    R0,??DataTable6_1
   \   00000042   0x7800             LDRB     R0,[R0, #+0]
   \   00000044   0x2801             CMP      R0,#+1
   \   00000046   0xF000 0x810F      BEQ.W    ??cbMotorSettingsWin_1
     28                      {
     29                          GUI_FillRect(10, 190, 470,190);
   \   0000004A   0x23BE             MOVS     R3,#+190
   \   0000004C   0xF44F 0x72EB      MOV      R2,#+470
   \   00000050   0x21BE             MOVS     R1,#+190
   \   00000052   0x200A             MOVS     R0,#+10
   \   00000054   0x.... 0x....      BL       GUI_FillRect
     30                          GUI_FillRect(10, 240, 470,240);
   \   00000058   0xE8BD 0x4010      POP      {R4,LR}
   \   0000005C   0x23F0             MOVS     R3,#+240
   \   0000005E   0xF44F 0x72EB      MOV      R2,#+470
   \   00000062   0x4619             MOV      R1,R3
   \   00000064   0x200A             MOVS     R0,#+10
   \   00000066   0x.... 0x....      B.W      GUI_FillRect
     31                      }
     32          
     33          
     34              		break;
     35              	case WM_TOUCH:
     36              	 	press_event = (struct PressEvt *)pMsg->Data.p;
     37              		
     38              		break;
     39              	case WM_TOUCH_CHILD:
     40              		press_event = (struct PressEvt *)pMsg->Data.p;
     41          
     42              		break;
     43              		
     44              	case WM_NOTIFY_PARENT:
     45              		if(pMsg->Data.v == WM_NOTIFICATION_RELEASED)
   \                     ??cbMotorSettingsWin_3: (+1)
   \   0000006A   0x6881             LDR      R1,[R0, #+8]
   \   0000006C   0x2902             CMP      R1,#+2
   \   0000006E   0xF040 0x80FB      BNE.W    ??cbMotorSettingsWin_1
     46              		{
     47              			if(pMsg->hWinSrc == button_back.btnHandle)
   \   00000072   0x.... 0x....      LDR.W    R1,??DataTable6_2
   \   00000076   0xF9B0 0x0006      LDRSH    R0,[R0, #+6]
   \   0000007A   0xF9B1 0x1000      LDRSH    R1,[R1, #+0]
   \   0000007E   0x.... 0x....      LDR.W    R4,??DataTable6_1
   \   00000082   0x4288             CMP      R0,R1
   \   00000084   0xD117             BNE.N    ??cbMotorSettingsWin_5
     48              			{
     49              			    current_page = 0;
   \   00000086   0x2000             MOVS     R0,#+0
   \   00000088   0x7020             STRB     R0,[R4, #+0]
     50              				last_disp_state = MOTOR_SETTINGS_UI;
   \   0000008A   0x2028             MOVS     R0,#+40
   \   0000008C   0x.... 0x....      LDR.W    R1,??DataTable6_3
   \   00000090   0x7008             STRB     R0,[R1, #+0]
     51              				Clear_MotorSettings();
   \   00000092   0x.... 0x....      LDR.W    R0,??DataTable6_4
   \   00000096   0x6940             LDR      R0,[R0, #+20]
   \   00000098   0x.... 0x....      BL       GUI_SetBkColor
   \   0000009C   0xF9B4 0x0002      LDRSH    R0,[R4, #+2]
   \   000000A0   0x.... 0x....      BL       WM_IsWindow
   \   000000A4   0xB118             CBZ.N    R0,??cbMotorSettingsWin_6
   \   000000A6   0xF9B4 0x0002      LDRSH    R0,[R4, #+2]
   \   000000AA   0x.... 0x....      BL       WM_DeleteWindow
     52              				draw_return_ui();
   \                     ??cbMotorSettingsWin_6: (+1)
   \   000000AE   0xE8BD 0x4010      POP      {R4,LR}
   \   000000B2   0x.... 0x....      B.W      draw_return_ui
     53              			}	
     54                          else if(pMsg->hWinSrc == button_next.btnHandle)
   \                     ??cbMotorSettingsWin_5: (+1)
   \   000000B6   0x.... 0x....      LDR.W    R1,??DataTable6_5
   \   000000BA   0xF9B1 0x2000      LDRSH    R2,[R1, #+0]
   \   000000BE   0x4290             CMP      R0,R2
   \   000000C0   0xBF08             IT       EQ 
     55                          {
     56                              current_page = 1;
   \   000000C2   0x2001             MOVEQ    R0,#+1
   \   000000C4   0xD004             BEQ.N    ??cbMotorSettingsWin_7
     57                              last_disp_state = MACHINE_SETTINGS_UI;
     58                              Clear_MachinePara();
     59                              draw_MotorSettings();
     60                          }
     61                          else if(pMsg->hWinSrc == button_previous.btnHandle)
   \   000000C6   0xF9B1 0x1018      LDRSH    R1,[R1, #+24]
   \   000000CA   0x4288             CMP      R0,R1
   \   000000CC   0xD10A             BNE.N    ??cbMotorSettingsWin_8
     62                          {
     63                              current_page = 0;
   \   000000CE   0x2000             MOVS     R0,#+0
   \                     ??cbMotorSettingsWin_7: (+1)
   \   000000D0   0x7020             STRB     R0,[R4, #+0]
     64                              last_disp_state = MACHINE_SETTINGS_UI;
   \   000000D2   0x2026             MOVS     R0,#+38
   \   000000D4   0x.... 0x....      LDR.W    R1,??DataTable6_3
   \   000000D8   0x7008             STRB     R0,[R1, #+0]
     65                              Clear_MachinePara();
   \   000000DA   0x.... 0x....      BL       Clear_MachinePara
     66                              draw_MotorSettings();
   \   000000DE   0xE8BD 0x4010      POP      {R4,LR}
   \   000000E2   0x....             B.N      draw_MotorSettings
     67                          }                 
     68              			else if((pMsg->hWinSrc == buttonMaxFeedRate.btnHandle)||
     69                              (pMsg->hWinSrc == MaxFeedRateArrow.btnHandle))
   \                     ??cbMotorSettingsWin_8: (+1)
   \   000000E4   0x.... 0x....      LDR.W    R1,??DataTable6_6
   \   000000E8   0xF9B1 0x2000      LDRSH    R2,[R1, #+0]
   \   000000EC   0x4290             CMP      R0,R2
   \   000000EE   0xBF1C             ITT      NE 
   \   000000F0   0xF9B4 0x2004      LDRSHNE  R2,[R4, #+4]
   \   000000F4   0x4290             CMPNE    R0,R2
   \   000000F6   0xD115             BNE.N    ??cbMotorSettingsWin_9
     70              			{
     71              				last_disp_state = MOTOR_SETTINGS_UI;
   \   000000F8   0x.... 0x....      LDR.W    R1,??DataTable6_3
   \   000000FC   0x2028             MOVS     R0,#+40
   \   000000FE   0x7008             STRB     R0,[R1, #+0]
     72              				Clear_MotorSettings();
   \   00000100   0x.... 0x....      LDR.W    R0,??DataTable6_4
   \   00000104   0x6940             LDR      R0,[R0, #+20]
   \   00000106   0x.... 0x....      BL       GUI_SetBkColor
   \   0000010A   0xF9B4 0x0002      LDRSH    R0,[R4, #+2]
   \   0000010E   0x.... 0x....      BL       WM_IsWindow
   \   00000112   0xB118             CBZ.N    R0,??cbMotorSettingsWin_10
   \   00000114   0xF9B4 0x0002      LDRSH    R0,[R4, #+2]
   \   00000118   0x.... 0x....      BL       WM_DeleteWindow
     73              				draw_MaxFeedRate();
   \                     ??cbMotorSettingsWin_10: (+1)
   \   0000011C   0xE8BD 0x4010      POP      {R4,LR}
   \   00000120   0x.... 0x....      B.W      draw_MaxFeedRate
     74              			}
     75              			else if((pMsg->hWinSrc == buttonAcceleration.btnHandle)||
     76                              (pMsg->hWinSrc == AccelerationArrow.btnHandle))
   \                     ??cbMotorSettingsWin_9: (+1)
   \   00000124   0xF9B1 0x1018      LDRSH    R1,[R1, #+24]
   \   00000128   0x4288             CMP      R0,R1
   \   0000012A   0xBF1C             ITT      NE 
   \   0000012C   0xF9B4 0x101C      LDRSHNE  R1,[R4, #+28]
   \   00000130   0x4288             CMPNE    R0,R1
   \   00000132   0xD115             BNE.N    ??cbMotorSettingsWin_11
     77          
     78              			{
     79              				last_disp_state = MOTOR_SETTINGS_UI;
   \   00000134   0x.... 0x....      LDR.W    R1,??DataTable6_3
   \   00000138   0x2028             MOVS     R0,#+40
   \   0000013A   0x7008             STRB     R0,[R1, #+0]
     80              				Clear_MotorSettings();
   \   0000013C   0x.... 0x....      LDR.W    R0,??DataTable6_4
   \   00000140   0x6940             LDR      R0,[R0, #+20]
   \   00000142   0x.... 0x....      BL       GUI_SetBkColor
   \   00000146   0xF9B4 0x0002      LDRSH    R0,[R4, #+2]
   \   0000014A   0x.... 0x....      BL       WM_IsWindow
   \   0000014E   0xB118             CBZ.N    R0,??cbMotorSettingsWin_12
   \   00000150   0xF9B4 0x0002      LDRSH    R0,[R4, #+2]
   \   00000154   0x.... 0x....      BL       WM_DeleteWindow
     81              				draw_Acceleration();
   \                     ??cbMotorSettingsWin_12: (+1)
   \   00000158   0xE8BD 0x4010      POP      {R4,LR}
   \   0000015C   0x.... 0x....      B.W      draw_Acceleration
     82              			}
     83              			else if((pMsg->hWinSrc == buttonJerk.btnHandle)||
     84                              (pMsg->hWinSrc == JerkArrow.btnHandle))
   \                     ??cbMotorSettingsWin_11: (+1)
   \   00000160   0x.... 0x....      LDR.W    R1,??DataTable6_7
   \   00000164   0xF9B1 0x2000      LDRSH    R2,[R1, #+0]
   \   00000168   0x4290             CMP      R0,R2
   \   0000016A   0xBF1E             ITTT     NE 
   \   0000016C   0x.... 0x....      LDRNE.W  R2,??DataTable6_8
   \   00000170   0xF9B2 0x3000      LDRSHNE  R3,[R2, #+0]
   \   00000174   0x4298             CMPNE    R0,R3
   \   00000176   0xD115             BNE.N    ??cbMotorSettingsWin_13
     85          
     86              			{
     87              				last_disp_state = MOTOR_SETTINGS_UI;
   \   00000178   0x.... 0x....      LDR.W    R1,??DataTable6_3
   \   0000017C   0x2028             MOVS     R0,#+40
   \   0000017E   0x7008             STRB     R0,[R1, #+0]
     88              				Clear_MotorSettings();                    
   \   00000180   0x.... 0x....      LDR.W    R0,??DataTable6_4
   \   00000184   0x6940             LDR      R0,[R0, #+20]
   \   00000186   0x.... 0x....      BL       GUI_SetBkColor
   \   0000018A   0xF9B4 0x0002      LDRSH    R0,[R4, #+2]
   \   0000018E   0x.... 0x....      BL       WM_IsWindow
   \   00000192   0xB118             CBZ.N    R0,??cbMotorSettingsWin_14
   \   00000194   0xF9B4 0x0002      LDRSH    R0,[R4, #+2]
   \   00000198   0x.... 0x....      BL       WM_DeleteWindow
     89                              draw_Jerk();
   \                     ??cbMotorSettingsWin_14: (+1)
   \   0000019C   0xE8BD 0x4010      POP      {R4,LR}
   \   000001A0   0x.... 0x....      B.W      draw_Jerk
     90              		
     91              			}       
     92              			else if((pMsg->hWinSrc == buttonSteps.btnHandle)||
     93                              (pMsg->hWinSrc == StepsArrow.btnHandle))
   \                     ??cbMotorSettingsWin_13: (+1)
   \   000001A4   0xF9B1 0x1018      LDRSH    R1,[R1, #+24]
   \   000001A8   0x4288             CMP      R0,R1
   \   000001AA   0xBF1C             ITT      NE 
   \   000001AC   0xF9B2 0x1018      LDRSHNE  R1,[R2, #+24]
   \   000001B0   0x4288             CMPNE    R0,R1
   \   000001B2   0xD115             BNE.N    ??cbMotorSettingsWin_15
     94          
     95              			{
     96              				last_disp_state = MOTOR_SETTINGS_UI;
   \   000001B4   0x.... 0x....      LDR.W    R1,??DataTable6_3
   \   000001B8   0x2028             MOVS     R0,#+40
   \   000001BA   0x7008             STRB     R0,[R1, #+0]
     97              				Clear_MotorSettings();
   \   000001BC   0x.... 0x....      LDR.W    R0,??DataTable6_4
   \   000001C0   0x6940             LDR      R0,[R0, #+20]
   \   000001C2   0x.... 0x....      BL       GUI_SetBkColor
   \   000001C6   0xF9B4 0x0002      LDRSH    R0,[R4, #+2]
   \   000001CA   0x.... 0x....      BL       WM_IsWindow
   \   000001CE   0xB118             CBZ.N    R0,??cbMotorSettingsWin_16
   \   000001D0   0xF9B4 0x0002      LDRSH    R0,[R4, #+2]
   \   000001D4   0x.... 0x....      BL       WM_DeleteWindow
     98                              draw_Steps();
   \                     ??cbMotorSettingsWin_16: (+1)
   \   000001D8   0xE8BD 0x4010      POP      {R4,LR}
   \   000001DC   0x.... 0x....      B.W      draw_Steps
     99          
    100              			}
    101              			else if((pMsg->hWinSrc == buttonMotorDir.btnHandle)||
    102                              (pMsg->hWinSrc == MotorDirArrow.btnHandle))
   \                     ??cbMotorSettingsWin_15: (+1)
   \   000001E0   0x.... 0x....      LDR.W    R1,??DataTable6_9
   \   000001E4   0xF9B1 0x2000      LDRSH    R2,[R1, #+0]
   \   000001E8   0x4290             CMP      R0,R2
   \   000001EA   0xBF1E             ITTT     NE 
   \   000001EC   0x.... 0x....      LDRNE.W  R2,??DataTable6_10
   \   000001F0   0xF9B2 0x3000      LDRSHNE  R3,[R2, #+0]
   \   000001F4   0x4298             CMPNE    R0,R3
   \   000001F6   0xD115             BNE.N    ??cbMotorSettingsWin_17
    103          
    104              			{
    105              				last_disp_state = MOTOR_SETTINGS_UI;
   \   000001F8   0x.... 0x....      LDR.W    R1,??DataTable6_3
   \   000001FC   0x2028             MOVS     R0,#+40
   \   000001FE   0x7008             STRB     R0,[R1, #+0]
    106              				Clear_MotorSettings();
   \   00000200   0x.... 0x....      LDR.W    R0,??DataTable6_4
   \   00000204   0x6940             LDR      R0,[R0, #+20]
   \   00000206   0x.... 0x....      BL       GUI_SetBkColor
   \   0000020A   0xF9B4 0x0002      LDRSH    R0,[R4, #+2]
   \   0000020E   0x.... 0x....      BL       WM_IsWindow
   \   00000212   0xB118             CBZ.N    R0,??cbMotorSettingsWin_18
   \   00000214   0xF9B4 0x0002      LDRSH    R0,[R4, #+2]
   \   00000218   0x.... 0x....      BL       WM_DeleteWindow
    107                              draw_MotorDir();
   \                     ??cbMotorSettingsWin_18: (+1)
   \   0000021C   0xE8BD 0x4010      POP      {R4,LR}
   \   00000220   0x.... 0x....      B.W      draw_MotorDir
    108          
    109              			}  
    110              			else if((pMsg->hWinSrc == buttonHomeFeedRate.btnHandle)||
    111                              (pMsg->hWinSrc == HomeFeedRateArrow.btnHandle))
   \                     ??cbMotorSettingsWin_17: (+1)
   \   00000224   0xF9B1 0x1018      LDRSH    R1,[R1, #+24]
   \   00000228   0x4288             CMP      R0,R1
   \   0000022A   0xBF1C             ITT      NE 
   \   0000022C   0xF9B2 0x1018      LDRSHNE  R1,[R2, #+24]
   \   00000230   0x4288             CMPNE    R0,R1
   \   00000232   0xD119             BNE.N    ??cbMotorSettingsWin_1
    112          
    113              			{
    114              				last_disp_state = MOTOR_SETTINGS_UI;
   \   00000234   0x.... 0x....      LDR.W    R1,??DataTable6_3
   \   00000238   0x2028             MOVS     R0,#+40
   \   0000023A   0x7008             STRB     R0,[R1, #+0]
    115              				Clear_MotorSettings();
   \   0000023C   0x.... 0x....      LDR.W    R0,??DataTable6_4
   \   00000240   0x6940             LDR      R0,[R0, #+20]
   \   00000242   0x.... 0x....      BL       GUI_SetBkColor
   \   00000246   0xF9B4 0x0002      LDRSH    R0,[R4, #+2]
   \   0000024A   0x.... 0x....      BL       WM_IsWindow
   \   0000024E   0xB118             CBZ.N    R0,??cbMotorSettingsWin_19
   \   00000250   0xF9B4 0x0002      LDRSH    R0,[R4, #+2]
   \   00000254   0x.... 0x....      BL       WM_DeleteWindow
    116                              draw_HomeSpeed();
   \                     ??cbMotorSettingsWin_19: (+1)
   \   00000258   0xE8BD 0x4010      POP      {R4,LR}
   \   0000025C   0x.... 0x....      B.W      draw_HomeSpeed
    117          
    118              			} 
    119                           
    120              		}
    121              		break;
    122              		
    123              	default:
    124              		WM_DefaultProc(pMsg);
   \                     ??cbMotorSettingsWin_4: (+1)
   \   00000260   0xE8BD 0x4010      POP      {R4,LR}
   \   00000264   0x.... 0x....      B.W      WM_DefaultProc
    125              	}
    126          }
   \                     ??cbMotorSettingsWin_1: (+1)
   \   00000268   0xBD10             POP      {R4,PC}          ;; return
    127          
    128          

   \                                 In section .text, align 2, keep-with-next
    129          void draw_MotorSettings()
    130          {   
   \                     draw_MotorSettings: (+1)
   \   00000000   0xE92D 0x4FF0      PUSH     {R4-R11,LR}
    131              int i;
                         ^
Warning[Pe177]: variable "i" was declared but never referenced
    132              
    133              buttonMaxFeedRate.btnHandle = 0;
   \   00000004   0x.... 0x....      LDR.W    R4,??DataTable6_6
    134              MaxFeedRateArrow.btnHandle = 0;
   \   00000008   0x.... 0x....      LDR.W    R5,??DataTable6_1
    135              buttonAcceleration.btnHandle = 0;
    136              AccelerationArrow.btnHandle = 0;
    137              buttonJerk.btnHandle = 0;
   \   0000000C   0x.... 0x....      LDR.W    R6,??DataTable6_7
    138              JerkArrow.btnHandle = 0;
   \   00000010   0x.... 0x....      LDR.W    R11,??DataTable6_8
    139              buttonSteps.btnHandle = 0;
    140              StepsArrow.btnHandle = 0;
    141              buttonMotorDir.btnHandle = 0;
   \   00000014   0x.... 0x....      LDR.W    R10,??DataTable6_9
   \   00000018   0x.... 0x....      LDR.W    R1,??DataTable6_10
    142              MotorDirArrow.btnHandle = 0;   
    143              buttonHomeFeedRate.btnHandle = 0;
    144              HomeFeedRateArrow.btnHandle = 0;
    145              button_previous.btnHandle = 0;
   \   0000001C   0x.... 0x....      LDR.W    R8,??DataTable6_5
    146              button_next.btnHandle = 0;
    147              button_back.btnHandle = 0;
   \   00000020   0x.... 0x....      LDR.W    R9,??DataTable6_2
   \   00000024   0x2000             MOVS     R0,#+0
   \   00000026   0x8020             STRH     R0,[R4, #+0]
   \   00000028   0x80A8             STRH     R0,[R5, #+4]
   \   0000002A   0x8320             STRH     R0,[R4, #+24]
   \   0000002C   0x83A8             STRH     R0,[R5, #+28]
   \   0000002E   0x8030             STRH     R0,[R6, #+0]
   \   00000030   0xF8AB 0x0000      STRH     R0,[R11, #+0]
   \   00000034   0x8330             STRH     R0,[R6, #+24]
   \   00000036   0xF8AB 0x0018      STRH     R0,[R11, #+24]
   \   0000003A   0xF8AA 0x0000      STRH     R0,[R10, #+0]
   \   0000003E   0x8008             STRH     R0,[R1, #+0]
   \   00000040   0xF8AA 0x0018      STRH     R0,[R10, #+24]
   \   00000044   0x8308             STRH     R0,[R1, #+24]
   \   00000046   0xF8A8 0x0018      STRH     R0,[R8, #+24]
   \   0000004A   0xF8A8 0x0000      STRH     R0,[R8, #+0]
   \   0000004E   0xF8A9 0x0000      STRH     R0,[R9, #+0]
   \   00000052   0xB085             SUB      SP,SP,#+20
    148          
    149              if(disp_state_stack._disp_state[disp_state_stack._disp_index] != MOTOR_SETTINGS_UI)
   \   00000054   0x.... 0x....      LDR.W    R0,??DataTable6_11
   \   00000058   0xF990 0x1064      LDRSB    R1,[R0, #+100]
   \   0000005C   0x560A             LDRSB    R2,[R1, R0]
   \   0000005E   0x2A28             CMP      R2,#+40
   \   00000060   0xD005             BEQ.N    ??draw_MotorSettings_0
    150              {
    151                  disp_state_stack._disp_index++;
   \   00000062   0x1C49             ADDS     R1,R1,#+1
   \   00000064   0xF880 0x1064      STRB     R1,[R0, #+100]
    152                  disp_state_stack._disp_state[disp_state_stack._disp_index] = MOTOR_SETTINGS_UI;
   \   00000068   0x2228             MOVS     R2,#+40
   \   0000006A   0xB249             SXTB     R1,R1
   \   0000006C   0x540A             STRB     R2,[R1, R0]
    153              }
    154              disp_state = MOTOR_SETTINGS_UI;
   \                     ??draw_MotorSettings_0: (+1)
   \   0000006E   0x2028             MOVS     R0,#+40
   \   00000070   0x.... 0x....      LDR.W    R1,??DataTable6_12
   \   00000074   0x7008             STRB     R0,[R1, #+0]
   \   00000076   0x.... 0x....      LDR.W    R0,??DataTable6_4
   \   0000007A   0x6940             LDR      R0,[R0, #+20]
    155              
    156              GUI_SetBkColor(gCfgItems.background_color);
   \   0000007C   0x.... 0x....      BL       GUI_SetBkColor
    157              GUI_SetColor(gCfgItems.title_color);
   \   00000080   0x.... 0x....      LDR.W    R7,??DataTable6_13
   \   00000084   0x6878             LDR      R0,[R7, #+4]
   \   00000086   0x.... 0x....      BL       GUI_SetColor
    158              GUI_Clear();
   \   0000008A   0x.... 0x....      BL       GUI_Clear
   \   0000008E   0x.... 0x....      LDR.W    R0,??DataTable6_14
   \   00000092   0xF8D0 0x015C      LDR      R0,[R0, #+348]
   \   00000096   0x2205             MOVS     R2,#+5
   \   00000098   0x2103             MOVS     R1,#+3
    159          
    160              GUI_DispStringAt(machine_menu.MotorConfTitle, TITLE_XPOS, TITLE_YPOS);
   \   0000009A   0x.... 0x....      BL       GUI_DispStringAt
    161          
    162              hMotorSettingsWnd = WM_CreateWindow(0, 0, LCD_WIDTH, LCD_HEIGHT, WM_CF_SHOW, cbMotorSettingsWin, 0);
   \   0000009E   0x2000             MOVS     R0,#+0
   \   000000A0   0x9002             STR      R0,[SP, #+8]
   \   000000A2   0xF44F 0x73A0      MOV      R3,#+320
   \   000000A6   0x.... 0x....      LDR.W    R0,??DataTable6_15
   \   000000AA   0x9001             STR      R0,[SP, #+4]
   \   000000AC   0xF44F 0x72F0      MOV      R2,#+480
   \   000000B0   0x2002             MOVS     R0,#+2
   \   000000B2   0x9000             STR      R0,[SP, #+0]
   \   000000B4   0x2100             MOVS     R1,#+0
   \   000000B6   0x2000             MOVS     R0,#+0
   \   000000B8   0x.... 0x....      BL       WM_CreateWindow
   \   000000BC   0x8068             STRH     R0,[R5, #+2]
   \   000000BE   0x7828             LDRB     R0,[R5, #+0]
   \   000000C0   0x2801             CMP      R0,#+1
   \   000000C2   0xF000 0x8128      BEQ.W    ??draw_MotorSettings_1
    163          
    164              if(current_page != 1)
    165              {
    166                  buttonMotorDir.btnHandle = BUTTON_CreateEx(10,50,450,40,hMotorSettingsWnd, BUTTON_CF_SHOW, 0, alloc_win_id());
   \   000000C6   0x.... 0x....      BL       alloc_win_id
   \   000000CA   0x9003             STR      R0,[SP, #+12]
   \   000000CC   0x2328             MOVS     R3,#+40
   \   000000CE   0x2000             MOVS     R0,#+0
   \   000000D0   0x9002             STR      R0,[SP, #+8]
   \   000000D2   0xF44F 0x72E1      MOV      R2,#+450
   \   000000D6   0x2002             MOVS     R0,#+2
   \   000000D8   0x9001             STR      R0,[SP, #+4]
   \   000000DA   0x2132             MOVS     R1,#+50
   \   000000DC   0x5E28             LDRSH    R0,[R5, R0]
   \   000000DE   0x9000             STR      R0,[SP, #+0]
   \   000000E0   0x200A             MOVS     R0,#+10
   \   000000E2   0x.... 0x....      BL       BUTTON_CreateEx
   \   000000E6   0xF8AA 0x0000      STRH     R0,[R10, #+0]
    167                  MotorDirArrow.btnHandle = BUTTON_CreateEx(460,50,10,40,hMotorSettingsWnd, BUTTON_CF_SHOW, 0, alloc_win_id());
   \   000000EA   0x.... 0x....      BL       alloc_win_id
   \   000000EE   0x9003             STR      R0,[SP, #+12]
   \   000000F0   0x2328             MOVS     R3,#+40
   \   000000F2   0x2000             MOVS     R0,#+0
   \   000000F4   0x9002             STR      R0,[SP, #+8]
   \   000000F6   0x220A             MOVS     R2,#+10
   \   000000F8   0x2002             MOVS     R0,#+2
   \   000000FA   0x9001             STR      R0,[SP, #+4]
   \   000000FC   0x2132             MOVS     R1,#+50
   \   000000FE   0x5E28             LDRSH    R0,[R5, R0]
   \   00000100   0x9000             STR      R0,[SP, #+0]
   \   00000102   0xF44F 0x70E6      MOV      R0,#+460
   \   00000106   0x.... 0x....      BL       BUTTON_CreateEx
   \   0000010A   0x.... 0x....      LDR.W    R1,??DataTable6_10
   \   0000010E   0x8008             STRH     R0,[R1, #+0]
    168          
    169                  buttonSteps.btnHandle = BUTTON_CreateEx(10,100,450,40,hMotorSettingsWnd, BUTTON_CF_SHOW, 0, alloc_win_id());
   \   00000110   0x.... 0x....      BL       alloc_win_id
   \   00000114   0x9003             STR      R0,[SP, #+12]
   \   00000116   0x2328             MOVS     R3,#+40
   \   00000118   0x2000             MOVS     R0,#+0
   \   0000011A   0x9002             STR      R0,[SP, #+8]
   \   0000011C   0xF44F 0x72E1      MOV      R2,#+450
   \   00000120   0x2002             MOVS     R0,#+2
   \   00000122   0x9001             STR      R0,[SP, #+4]
   \   00000124   0x2164             MOVS     R1,#+100
   \   00000126   0x5E28             LDRSH    R0,[R5, R0]
   \   00000128   0x9000             STR      R0,[SP, #+0]
   \   0000012A   0x200A             MOVS     R0,#+10
   \   0000012C   0x.... 0x....      BL       BUTTON_CreateEx
   \   00000130   0x8330             STRH     R0,[R6, #+24]
    170                  StepsArrow.btnHandle = BUTTON_CreateEx(460,100,10,40,hMotorSettingsWnd, BUTTON_CF_SHOW, 0, alloc_win_id());
   \   00000132   0x.... 0x....      BL       alloc_win_id
   \   00000136   0x9003             STR      R0,[SP, #+12]
   \   00000138   0x2328             MOVS     R3,#+40
   \   0000013A   0x2000             MOVS     R0,#+0
   \   0000013C   0x9002             STR      R0,[SP, #+8]
   \   0000013E   0x220A             MOVS     R2,#+10
   \   00000140   0x2002             MOVS     R0,#+2
   \   00000142   0x9001             STR      R0,[SP, #+4]
   \   00000144   0x2164             MOVS     R1,#+100
   \   00000146   0x5E28             LDRSH    R0,[R5, R0]
   \   00000148   0x9000             STR      R0,[SP, #+0]
   \   0000014A   0xF44F 0x70E6      MOV      R0,#+460
   \   0000014E   0x.... 0x....      BL       BUTTON_CreateEx
   \   00000152   0xF8AB 0x0018      STRH     R0,[R11, #+24]
    171          
    172                  buttonHomeFeedRate.btnHandle = BUTTON_CreateEx(10,150,450,40,hMotorSettingsWnd, BUTTON_CF_SHOW, 0, alloc_win_id());
   \   00000156   0x.... 0x....      BL       alloc_win_id
   \   0000015A   0x9003             STR      R0,[SP, #+12]
   \   0000015C   0x2328             MOVS     R3,#+40
   \   0000015E   0x2000             MOVS     R0,#+0
   \   00000160   0x9002             STR      R0,[SP, #+8]
   \   00000162   0xF44F 0x72E1      MOV      R2,#+450
   \   00000166   0x2002             MOVS     R0,#+2
   \   00000168   0x9001             STR      R0,[SP, #+4]
   \   0000016A   0x2196             MOVS     R1,#+150
   \   0000016C   0x5E28             LDRSH    R0,[R5, R0]
   \   0000016E   0x9000             STR      R0,[SP, #+0]
   \   00000170   0x200A             MOVS     R0,#+10
   \   00000172   0x.... 0x....      BL       BUTTON_CreateEx
   \   00000176   0xF8AA 0x0018      STRH     R0,[R10, #+24]
    173                  HomeFeedRateArrow.btnHandle = BUTTON_CreateEx(460,150,10,40,hMotorSettingsWnd, BUTTON_CF_SHOW, 0, alloc_win_id());
   \   0000017A   0x.... 0x....      BL       alloc_win_id
   \   0000017E   0x9003             STR      R0,[SP, #+12]
   \   00000180   0x2328             MOVS     R3,#+40
   \   00000182   0x2000             MOVS     R0,#+0
   \   00000184   0x9002             STR      R0,[SP, #+8]
   \   00000186   0x220A             MOVS     R2,#+10
   \   00000188   0x2002             MOVS     R0,#+2
   \   0000018A   0x9001             STR      R0,[SP, #+4]
   \   0000018C   0x2196             MOVS     R1,#+150
   \   0000018E   0x5E28             LDRSH    R0,[R5, R0]
   \   00000190   0x9000             STR      R0,[SP, #+0]
   \   00000192   0xF44F 0x70E6      MOV      R0,#+460
   \   00000196   0x.... 0x....      BL       BUTTON_CreateEx
   \   0000019A   0x.... 0x....      LDR.W    R1,??DataTable6_10
   \   0000019E   0x8308             STRH     R0,[R1, #+24]
    174          
    175                  buttonAcceleration.btnHandle = BUTTON_CreateEx(10,200,450,40,hMotorSettingsWnd, BUTTON_CF_SHOW, 0, alloc_win_id());
   \   000001A0   0x.... 0x....      BL       alloc_win_id
   \   000001A4   0x9003             STR      R0,[SP, #+12]
   \   000001A6   0x2328             MOVS     R3,#+40
   \   000001A8   0x2000             MOVS     R0,#+0
   \   000001AA   0x9002             STR      R0,[SP, #+8]
   \   000001AC   0xF44F 0x72E1      MOV      R2,#+450
   \   000001B0   0x2002             MOVS     R0,#+2
   \   000001B2   0x9001             STR      R0,[SP, #+4]
   \   000001B4   0x21C8             MOVS     R1,#+200
   \   000001B6   0x5E28             LDRSH    R0,[R5, R0]
   \   000001B8   0x9000             STR      R0,[SP, #+0]
   \   000001BA   0x200A             MOVS     R0,#+10
   \   000001BC   0x.... 0x....      BL       BUTTON_CreateEx
   \   000001C0   0x8320             STRH     R0,[R4, #+24]
    176                  AccelerationArrow.btnHandle = BUTTON_CreateEx(460,200,10,40,hMotorSettingsWnd, BUTTON_CF_SHOW, 0, alloc_win_id());
   \   000001C2   0x.... 0x....      BL       alloc_win_id
   \   000001C6   0x9003             STR      R0,[SP, #+12]
   \   000001C8   0x2328             MOVS     R3,#+40
   \   000001CA   0x2000             MOVS     R0,#+0
   \   000001CC   0x9002             STR      R0,[SP, #+8]
   \   000001CE   0x220A             MOVS     R2,#+10
   \   000001D0   0x2002             MOVS     R0,#+2
   \   000001D2   0x9001             STR      R0,[SP, #+4]
   \   000001D4   0x21C8             MOVS     R1,#+200
   \   000001D6   0x5E28             LDRSH    R0,[R5, R0]
   \   000001D8   0x9000             STR      R0,[SP, #+0]
   \   000001DA   0xF44F 0x70E6      MOV      R0,#+460
   \   000001DE   0x.... 0x....      BL       BUTTON_CreateEx
   \   000001E2   0x83A8             STRH     R0,[R5, #+28]
    177                        
    178                  BUTTON_SetBmpFileName(AccelerationArrow.btnHandle, "bmp_arrow.bin",1);
   \   000001E4   0x2201             MOVS     R2,#+1
   \   000001E6   0x.... 0x....      ADR.W    R1,`?<Constant "bmp_arrow.bin">`
   \   000001EA   0x.... 0x....      BL       BUTTON_SetBmpFileName
    179                  BUTTON_SetBmpFileName(StepsArrow.btnHandle, "bmp_arrow.bin",1);
   \   000001EE   0xF9BB 0x0018      LDRSH    R0,[R11, #+24]
   \   000001F2   0x.... 0x....      ADR.W    R1,`?<Constant "bmp_arrow.bin">`
   \   000001F6   0x2201             MOVS     R2,#+1
   \   000001F8   0x.... 0x....      BL       BUTTON_SetBmpFileName
    180                  
    181                  BUTTON_SetBmpFileName(buttonAcceleration.btnHandle,NULL,1);
   \   000001FC   0xF9B4 0x0018      LDRSH    R0,[R4, #+24]
   \   00000200   0x2201             MOVS     R2,#+1
   \   00000202   0x2100             MOVS     R1,#+0
   \   00000204   0x.... 0x....      BL       BUTTON_SetBmpFileName
    182                  BUTTON_SetBmpFileName(buttonSteps.btnHandle,NULL,1);
   \   00000208   0xF9B6 0x0018      LDRSH    R0,[R6, #+24]
   \   0000020C   0x2201             MOVS     R2,#+1
   \   0000020E   0x2100             MOVS     R1,#+0
   \   00000210   0x.... 0x....      BL       BUTTON_SetBmpFileName
    183                  
    184                  BUTTON_SetBitmapEx(AccelerationArrow.btnHandle,0,&bmp_struct10x17,BMP_PIC_X,12);
   \   00000214   0x200C             MOVS     R0,#+12
   \   00000216   0x9000             STR      R0,[SP, #+0]
   \   00000218   0x2100             MOVS     R1,#+0
   \   0000021A   0x.... 0x....      LDR.W    R0,??DataTable6_16
   \   0000021E   0x.... 0x....      LDR.W    R2,??DataTable6_17
   \   00000222   0xF990 0x3000      LDRSB    R3,[R0, #+0]
   \   00000226   0xF9B5 0x001C      LDRSH    R0,[R5, #+28]
   \   0000022A   0x.... 0x....      BL       BUTTON_SetBitmapEx
    185                  BUTTON_SetBitmapEx(StepsArrow.btnHandle,0,&bmp_struct10x17,BMP_PIC_X,12); 
   \   0000022E   0x.... 0x....      LDR.W    R2,??DataTable6_17
   \   00000232   0x200C             MOVS     R0,#+12
   \   00000234   0x9000             STR      R0,[SP, #+0]
   \   00000236   0x2100             MOVS     R1,#+0
   \   00000238   0x.... 0x....      LDR.W    R0,??DataTable6_16
   \   0000023C   0xF990 0x3000      LDRSB    R3,[R0, #+0]
   \   00000240   0xF9BB 0x0018      LDRSH    R0,[R11, #+24]
   \   00000244   0x.... 0x....      BL       BUTTON_SetBitmapEx
    186                  
    187                  BUTTON_SetTextAlign(buttonAcceleration.btnHandle,GUI_TA_LEFT|GUI_TA_VCENTER );
   \   00000248   0xF9B4 0x0018      LDRSH    R0,[R4, #+24]
   \   0000024C   0x210C             MOVS     R1,#+12
   \   0000024E   0x.... 0x....      BL       BUTTON_SetTextAlign
    188                  BUTTON_SetTextAlign(buttonSteps.btnHandle,GUI_TA_LEFT|GUI_TA_VCENTER );   
   \   00000252   0xF9B6 0x0018      LDRSH    R0,[R6, #+24]
   \   00000256   0x210C             MOVS     R1,#+12
   \   00000258   0x.... 0x....      BL       BUTTON_SetTextAlign
    189          
    190                  BUTTON_SetBmpFileName(MotorDirArrow.btnHandle, "bmp_arrow.bin",1);
   \   0000025C   0x....             LDR.N    R0,??DataTable6_10
   \   0000025E   0x.... 0x....      ADR.W    R1,`?<Constant "bmp_arrow.bin">`
   \   00000262   0xF9B0 0x0000      LDRSH    R0,[R0, #+0]
   \   00000266   0x2201             MOVS     R2,#+1
   \   00000268   0x.... 0x....      BL       BUTTON_SetBmpFileName
    191                  BUTTON_SetBmpFileName(HomeFeedRateArrow.btnHandle, "bmp_arrow.bin",1);
   \   0000026C   0x....             LDR.N    R0,??DataTable6_10
   \   0000026E   0x.... 0x....      ADR.W    R1,`?<Constant "bmp_arrow.bin">`
   \   00000272   0xF9B0 0x0018      LDRSH    R0,[R0, #+24]
   \   00000276   0x2201             MOVS     R2,#+1
   \   00000278   0x.... 0x....      BL       BUTTON_SetBmpFileName
    192                  
    193                  BUTTON_SetBmpFileName(buttonMotorDir.btnHandle,NULL,1);
   \   0000027C   0x2100             MOVS     R1,#+0
   \   0000027E   0x2201             MOVS     R2,#+1
   \   00000280   0xF93A 0x0001      LDRSH    R0,[R10, R1]
   \   00000284   0x.... 0x....      BL       BUTTON_SetBmpFileName
    194                  BUTTON_SetBmpFileName(buttonHomeFeedRate.btnHandle,NULL,1);  
   \   00000288   0xF9BA 0x0018      LDRSH    R0,[R10, #+24]
   \   0000028C   0x2201             MOVS     R2,#+1
   \   0000028E   0x2100             MOVS     R1,#+0
   \   00000290   0x.... 0x....      BL       BUTTON_SetBmpFileName
    195                  
    196                  BUTTON_SetBitmapEx(MotorDirArrow.btnHandle,0,&bmp_struct10x17,BMP_PIC_X,12);
   \   00000294   0x200C             MOVS     R0,#+12
   \   00000296   0x9000             STR      R0,[SP, #+0]
   \   00000298   0x2100             MOVS     R1,#+0
   \   0000029A   0x....             LDR.N    R0,??DataTable6_16
   \   0000029C   0x....             LDR.N    R2,??DataTable6_17
   \   0000029E   0xF990 0x3000      LDRSB    R3,[R0, #+0]
   \   000002A2   0x....             LDR.N    R0,??DataTable6_10
   \   000002A4   0x5E40             LDRSH    R0,[R0, R1]
   \   000002A6   0x.... 0x....      BL       BUTTON_SetBitmapEx
    197                  BUTTON_SetBitmapEx(HomeFeedRateArrow.btnHandle,0,&bmp_struct10x17,BMP_PIC_X,12); 
   \   000002AA   0x....             LDR.N    R2,??DataTable6_17
   \   000002AC   0x200C             MOVS     R0,#+12
   \   000002AE   0x9000             STR      R0,[SP, #+0]
   \   000002B0   0x2100             MOVS     R1,#+0
   \   000002B2   0x....             LDR.N    R0,??DataTable6_16
   \   000002B4   0xF990 0x3000      LDRSB    R3,[R0, #+0]
   \   000002B8   0x....             LDR.N    R0,??DataTable6_10
   \   000002BA   0xF9B0 0x0018      LDRSH    R0,[R0, #+24]
   \   000002BE   0x.... 0x....      BL       BUTTON_SetBitmapEx
    198                  
    199                  BUTTON_SetTextAlign(buttonMotorDir.btnHandle,GUI_TA_LEFT|GUI_TA_VCENTER );
   \   000002C2   0xF9BA 0x0000      LDRSH    R0,[R10, #+0]
   \   000002C6   0x210C             MOVS     R1,#+12
   \   000002C8   0x.... 0x....      BL       BUTTON_SetTextAlign
    200                  BUTTON_SetTextAlign(buttonHomeFeedRate.btnHandle,GUI_TA_LEFT|GUI_TA_VCENTER );   
   \   000002CC   0xF9BA 0x0018      LDRSH    R0,[R10, #+24]
   \   000002D0   0x210C             MOVS     R1,#+12
   \   000002D2   0x.... 0x....      BL       BUTTON_SetTextAlign
    201          
    202                  button_next.btnHandle = BUTTON_CreateEx(320,270,70,40,hMotorSettingsWnd,BUTTON_CF_SHOW,0,alloc_win_id());
   \   000002D6   0x.... 0x....      BL       alloc_win_id
   \   000002DA   0x9003             STR      R0,[SP, #+12]
   \   000002DC   0x2328             MOVS     R3,#+40
   \   000002DE   0x2000             MOVS     R0,#+0
   \   000002E0   0x9002             STR      R0,[SP, #+8]
   \   000002E2   0x2246             MOVS     R2,#+70
   \   000002E4   0x2002             MOVS     R0,#+2
   \   000002E6   0x9001             STR      R0,[SP, #+4]
   \   000002E8   0xF44F 0x7187      MOV      R1,#+270
   \   000002EC   0x5E28             LDRSH    R0,[R5, R0]
   \   000002EE   0x9000             STR      R0,[SP, #+0]
   \   000002F0   0xF44F 0x70A0      MOV      R0,#+320
   \   000002F4   0x.... 0x....      BL       BUTTON_CreateEx
   \   000002F8   0xF8A8 0x0000      STRH     R0,[R8, #+0]
    203                  BUTTON_SetBmpFileName(button_next.btnHandle, "bmp_next.bin",1); 
   \   000002FC   0x2201             MOVS     R2,#+1
   \   000002FE   0x.... 0x....      ADR.W    R1,`?<Constant "bmp_next.bin">`
   \   00000302   0x.... 0x....      BL       BUTTON_SetBmpFileName
    204              
    205                  BUTTON_SetBitmapEx(button_next.btnHandle, 0, &bmp_struct70X40,0, 0);
   \   00000306   0x....             LDR.N    R2,??DataTable6_18
   \   00000308   0x2000             MOVS     R0,#+0
   \   0000030A   0x9000             STR      R0,[SP, #+0]
   \   0000030C   0x4601             MOV      R1,R0
   \   0000030E   0xF9B8 0x0000      LDRSH    R0,[R8, #+0]
   \   00000312   0x2300             MOVS     R3,#+0
   \   00000314   0xE097             B.N      ??draw_MotorSettings_2
    206                  
    207          
    208              }
    209              else
    210              {
    211                  buttonMaxFeedRate.btnHandle = BUTTON_CreateEx(10,50,450,40,hMotorSettingsWnd, BUTTON_CF_SHOW, 0, alloc_win_id());
   \                     ??draw_MotorSettings_1: (+1)
   \   00000316   0x.... 0x....      BL       alloc_win_id
   \   0000031A   0x9003             STR      R0,[SP, #+12]
   \   0000031C   0x2328             MOVS     R3,#+40
   \   0000031E   0x2000             MOVS     R0,#+0
   \   00000320   0x9002             STR      R0,[SP, #+8]
   \   00000322   0xF44F 0x72E1      MOV      R2,#+450
   \   00000326   0x2002             MOVS     R0,#+2
   \   00000328   0x9001             STR      R0,[SP, #+4]
   \   0000032A   0x2132             MOVS     R1,#+50
   \   0000032C   0x5E28             LDRSH    R0,[R5, R0]
   \   0000032E   0x9000             STR      R0,[SP, #+0]
   \   00000330   0x200A             MOVS     R0,#+10
   \   00000332   0x.... 0x....      BL       BUTTON_CreateEx
   \   00000336   0x8020             STRH     R0,[R4, #+0]
    212                  MaxFeedRateArrow.btnHandle = BUTTON_CreateEx(460,50,10,40,hMotorSettingsWnd, BUTTON_CF_SHOW, 0, alloc_win_id());
   \   00000338   0x.... 0x....      BL       alloc_win_id
   \   0000033C   0x9003             STR      R0,[SP, #+12]
   \   0000033E   0x2328             MOVS     R3,#+40
   \   00000340   0x2000             MOVS     R0,#+0
   \   00000342   0x9002             STR      R0,[SP, #+8]
   \   00000344   0x220A             MOVS     R2,#+10
   \   00000346   0x2002             MOVS     R0,#+2
   \   00000348   0x9001             STR      R0,[SP, #+4]
   \   0000034A   0x2132             MOVS     R1,#+50
   \   0000034C   0x5E28             LDRSH    R0,[R5, R0]
   \   0000034E   0x9000             STR      R0,[SP, #+0]
   \   00000350   0xF44F 0x70E6      MOV      R0,#+460
   \   00000354   0x.... 0x....      BL       BUTTON_CreateEx
   \   00000358   0x80A8             STRH     R0,[R5, #+4]
    213          
    214          	 BUTTON_SetBmpFileName(MaxFeedRateArrow.btnHandle, "bmp_arrow.bin",1);  
   \   0000035A   0x2201             MOVS     R2,#+1
   \   0000035C   0x.... 0x....      ADR.W    R1,`?<Constant "bmp_arrow.bin">`
   \   00000360   0x.... 0x....      BL       BUTTON_SetBmpFileName
    215                  BUTTON_SetBmpFileName(buttonMaxFeedRate.btnHandle,NULL,1);        
   \   00000364   0x2100             MOVS     R1,#+0
   \   00000366   0x2201             MOVS     R2,#+1
   \   00000368   0x5E60             LDRSH    R0,[R4, R1]
   \   0000036A   0x.... 0x....      BL       BUTTON_SetBmpFileName
    216                  BUTTON_SetBitmapEx(MaxFeedRateArrow.btnHandle,0,&bmp_struct10x17,BMP_PIC_X,12);
   \   0000036E   0x....             LDR.N    R2,??DataTable6_17
   \   00000370   0x200C             MOVS     R0,#+12
   \   00000372   0x9000             STR      R0,[SP, #+0]
   \   00000374   0x2100             MOVS     R1,#+0
   \   00000376   0x....             LDR.N    R0,??DataTable6_16
   \   00000378   0xF990 0x3000      LDRSB    R3,[R0, #+0]
   \   0000037C   0xF9B5 0x0004      LDRSH    R0,[R5, #+4]
   \   00000380   0x.... 0x....      BL       BUTTON_SetBitmapEx
    217                  BUTTON_SetTextAlign(buttonMaxFeedRate.btnHandle,GUI_TA_LEFT|GUI_TA_VCENTER );
   \   00000384   0xF9B4 0x0000      LDRSH    R0,[R4, #+0]
   \   00000388   0x210C             MOVS     R1,#+12
   \   0000038A   0x.... 0x....      BL       BUTTON_SetTextAlign
    218          
    219          	 buttonJerk.btnHandle = BUTTON_CreateEx(10,100,450,40,hMotorSettingsWnd, BUTTON_CF_SHOW, 0, alloc_win_id());
   \   0000038E   0x.... 0x....      BL       alloc_win_id
   \   00000392   0x9003             STR      R0,[SP, #+12]
   \   00000394   0x2328             MOVS     R3,#+40
   \   00000396   0x2000             MOVS     R0,#+0
   \   00000398   0x9002             STR      R0,[SP, #+8]
   \   0000039A   0xF44F 0x72E1      MOV      R2,#+450
   \   0000039E   0x2002             MOVS     R0,#+2
   \   000003A0   0x9001             STR      R0,[SP, #+4]
   \   000003A2   0x2164             MOVS     R1,#+100
   \   000003A4   0x5E28             LDRSH    R0,[R5, R0]
   \   000003A6   0x9000             STR      R0,[SP, #+0]
   \   000003A8   0x200A             MOVS     R0,#+10
   \   000003AA   0x.... 0x....      BL       BUTTON_CreateEx
   \   000003AE   0x8030             STRH     R0,[R6, #+0]
    220                  JerkArrow.btnHandle = BUTTON_CreateEx(460,100,10,40,hMotorSettingsWnd, BUTTON_CF_SHOW, 0, alloc_win_id()); 
   \   000003B0   0x.... 0x....      BL       alloc_win_id
   \   000003B4   0x9003             STR      R0,[SP, #+12]
   \   000003B6   0x2328             MOVS     R3,#+40
   \   000003B8   0x2000             MOVS     R0,#+0
   \   000003BA   0x9002             STR      R0,[SP, #+8]
   \   000003BC   0x220A             MOVS     R2,#+10
   \   000003BE   0x2002             MOVS     R0,#+2
   \   000003C0   0x9001             STR      R0,[SP, #+4]
   \   000003C2   0x2164             MOVS     R1,#+100
   \   000003C4   0x5E28             LDRSH    R0,[R5, R0]
   \   000003C6   0x9000             STR      R0,[SP, #+0]
   \   000003C8   0xF44F 0x70E6      MOV      R0,#+460
   \   000003CC   0x.... 0x....      BL       BUTTON_CreateEx
   \   000003D0   0xF8AB 0x0000      STRH     R0,[R11, #+0]
    221                  BUTTON_SetBmpFileName(JerkArrow.btnHandle, "bmp_arrow.bin",1);
   \   000003D4   0x2201             MOVS     R2,#+1
   \   000003D6   0x.... 0x....      ADR.W    R1,`?<Constant "bmp_arrow.bin">`
   \   000003DA   0x.... 0x....      BL       BUTTON_SetBmpFileName
    222                  BUTTON_SetBmpFileName(buttonJerk.btnHandle,NULL,1);
   \   000003DE   0x2100             MOVS     R1,#+0
   \   000003E0   0x2201             MOVS     R2,#+1
   \   000003E2   0x5E70             LDRSH    R0,[R6, R1]
   \   000003E4   0x.... 0x....      BL       BUTTON_SetBmpFileName
    223                  BUTTON_SetBitmapEx(JerkArrow.btnHandle,0,&bmp_struct10x17,BMP_PIC_X,12);
   \   000003E8   0x....             LDR.N    R2,??DataTable6_17
   \   000003EA   0x200C             MOVS     R0,#+12
   \   000003EC   0x9000             STR      R0,[SP, #+0]
   \   000003EE   0x2100             MOVS     R1,#+0
   \   000003F0   0x....             LDR.N    R0,??DataTable6_16
   \   000003F2   0xF990 0x3000      LDRSB    R3,[R0, #+0]
   \   000003F6   0xF9BB 0x0000      LDRSH    R0,[R11, #+0]
   \   000003FA   0x.... 0x....      BL       BUTTON_SetBitmapEx
    224                  BUTTON_SetTextAlign(buttonJerk.btnHandle,GUI_TA_LEFT|GUI_TA_VCENTER );
   \   000003FE   0xF9B6 0x0000      LDRSH    R0,[R6, #+0]
   \   00000402   0x210C             MOVS     R1,#+12
   \   00000404   0x.... 0x....      BL       BUTTON_SetTextAlign
    225          
    226          
    227          
    228                  button_previous.btnHandle = BUTTON_CreateEx(320,270,70,40,hMotorSettingsWnd,BUTTON_CF_SHOW,0,alloc_win_id());
   \   00000408   0x.... 0x....      BL       alloc_win_id
   \   0000040C   0x9003             STR      R0,[SP, #+12]
   \   0000040E   0x2328             MOVS     R3,#+40
   \   00000410   0x2000             MOVS     R0,#+0
   \   00000412   0x9002             STR      R0,[SP, #+8]
   \   00000414   0x2246             MOVS     R2,#+70
   \   00000416   0x2002             MOVS     R0,#+2
   \   00000418   0x9001             STR      R0,[SP, #+4]
   \   0000041A   0xF44F 0x7187      MOV      R1,#+270
   \   0000041E   0x5E28             LDRSH    R0,[R5, R0]
   \   00000420   0x9000             STR      R0,[SP, #+0]
   \   00000422   0xF44F 0x70A0      MOV      R0,#+320
   \   00000426   0x.... 0x....      BL       BUTTON_CreateEx
   \   0000042A   0xF8A8 0x0018      STRH     R0,[R8, #+24]
    229                  BUTTON_SetBmpFileName(button_previous.btnHandle, "bmp_previous.bin",1); 
   \   0000042E   0x2201             MOVS     R2,#+1
   \   00000430   0x.... 0x....      ADR.W    R1,`?<Constant "bmp_previous.bin">`
   \   00000434   0x.... 0x....      BL       BUTTON_SetBmpFileName
    230                  
    231                  BUTTON_SetBitmapEx(button_previous.btnHandle, 0, &bmp_struct70X40,0, 0);
   \   00000438   0x....             LDR.N    R2,??DataTable6_18
   \   0000043A   0x2000             MOVS     R0,#+0
   \   0000043C   0x9000             STR      R0,[SP, #+0]
   \   0000043E   0x4601             MOV      R1,R0
   \   00000440   0xF9B8 0x0018      LDRSH    R0,[R8, #+24]
   \   00000444   0x2300             MOVS     R3,#+0
   \                     ??draw_MotorSettings_2: (+1)
   \   00000446   0x.... 0x....      BL       BUTTON_SetBitmapEx
    232                  
    233              }
    234          
    235               button_back.btnHandle = BUTTON_CreateEx(400,270,70,40,hMotorSettingsWnd,BUTTON_CF_SHOW,0,alloc_win_id());
   \   0000044A   0x.... 0x....      BL       alloc_win_id
   \   0000044E   0x9003             STR      R0,[SP, #+12]
   \   00000450   0x2328             MOVS     R3,#+40
   \   00000452   0x2000             MOVS     R0,#+0
   \   00000454   0x9002             STR      R0,[SP, #+8]
   \   00000456   0x2246             MOVS     R2,#+70
   \   00000458   0x2002             MOVS     R0,#+2
   \   0000045A   0x9001             STR      R0,[SP, #+4]
   \   0000045C   0xF44F 0x7187      MOV      R1,#+270
   \   00000460   0x5E28             LDRSH    R0,[R5, R0]
   \   00000462   0x9000             STR      R0,[SP, #+0]
   \   00000464   0xF44F 0x70C8      MOV      R0,#+400
   \   00000468   0x.... 0x....      BL       BUTTON_CreateEx
   \   0000046C   0xF8A9 0x0000      STRH     R0,[R9, #+0]
    236               
    237               BUTTON_SetBmpFileName(button_back.btnHandle, "bmp_back70x40.bin",1);        
   \   00000470   0x2201             MOVS     R2,#+1
   \   00000472   0x.... 0x....      ADR.W    R1,`?<Constant "bmp_back70x40.bin">`
   \   00000476   0x.... 0x....      BL       BUTTON_SetBmpFileName
    238               BUTTON_SetBitmapEx(button_back.btnHandle, 0, &bmp_struct70X40,0, 0);
   \   0000047A   0x....             LDR.N    R2,??DataTable6_18
   \   0000047C   0x2000             MOVS     R0,#+0
   \   0000047E   0x9000             STR      R0,[SP, #+0]
   \   00000480   0x4601             MOV      R1,R0
   \   00000482   0xF9B9 0x0000      LDRSH    R0,[R9, #+0]
   \   00000486   0x2300             MOVS     R3,#+0
   \   00000488   0x.... 0x....      BL       BUTTON_SetBitmapEx
    239                  
    240               BUTTON_SetBkColor(button_next.btnHandle, BUTTON_CI_PRESSED, gCfgItems.back_btn_color);
   \   0000048C   0x6BBA             LDR      R2,[R7, #+56]
   \   0000048E   0xF9B8 0x0000      LDRSH    R0,[R8, #+0]
   \   00000492   0x2101             MOVS     R1,#+1
   \   00000494   0x.... 0x....      BL       BUTTON_SetBkColor
    241               BUTTON_SetBkColor(button_next.btnHandle, BUTTON_CI_UNPRESSED, gCfgItems.back_btn_color); 
   \   00000498   0x6BBA             LDR      R2,[R7, #+56]
   \   0000049A   0xF9B8 0x0000      LDRSH    R0,[R8, #+0]
   \   0000049E   0x2100             MOVS     R1,#+0
   \   000004A0   0x.... 0x....      BL       BUTTON_SetBkColor
    242               BUTTON_SetTextColor(button_next.btnHandle, BUTTON_CI_PRESSED, gCfgItems.back_btn_textcolor);
   \   000004A4   0x6BFA             LDR      R2,[R7, #+60]
   \   000004A6   0xF9B8 0x0000      LDRSH    R0,[R8, #+0]
   \   000004AA   0x2101             MOVS     R1,#+1
   \   000004AC   0x.... 0x....      BL       BUTTON_SetTextColor
    243               BUTTON_SetTextColor(button_next.btnHandle, BUTTON_CI_UNPRESSED, gCfgItems.back_btn_textcolor);
   \   000004B0   0x6BFA             LDR      R2,[R7, #+60]
   \   000004B2   0xF9B8 0x0000      LDRSH    R0,[R8, #+0]
   \   000004B6   0x2100             MOVS     R1,#+0
   \   000004B8   0x.... 0x....      BL       BUTTON_SetTextColor
    244               BUTTON_SetBkColor(button_previous.btnHandle, BUTTON_CI_PRESSED, gCfgItems.back_btn_color);
   \   000004BC   0x6BBA             LDR      R2,[R7, #+56]
   \   000004BE   0xF9B8 0x0018      LDRSH    R0,[R8, #+24]
   \   000004C2   0x2101             MOVS     R1,#+1
   \   000004C4   0x.... 0x....      BL       BUTTON_SetBkColor
    245               BUTTON_SetBkColor(button_previous.btnHandle, BUTTON_CI_UNPRESSED, gCfgItems.back_btn_color);    
   \   000004C8   0x6BBA             LDR      R2,[R7, #+56]
   \   000004CA   0xF9B8 0x0018      LDRSH    R0,[R8, #+24]
   \   000004CE   0x2100             MOVS     R1,#+0
   \   000004D0   0x.... 0x....      BL       BUTTON_SetBkColor
    246               BUTTON_SetTextColor(button_previous.btnHandle, BUTTON_CI_PRESSED, gCfgItems.back_btn_textcolor);
   \   000004D4   0x6BFA             LDR      R2,[R7, #+60]
   \   000004D6   0xF9B8 0x0018      LDRSH    R0,[R8, #+24]
   \   000004DA   0x2101             MOVS     R1,#+1
   \   000004DC   0x.... 0x....      BL       BUTTON_SetTextColor
    247               BUTTON_SetTextColor(button_previous.btnHandle, BUTTON_CI_UNPRESSED, gCfgItems.back_btn_textcolor);    
   \   000004E0   0x6BFA             LDR      R2,[R7, #+60]
   \   000004E2   0xF9B8 0x0018      LDRSH    R0,[R8, #+24]
   \   000004E6   0x2100             MOVS     R1,#+0
   \   000004E8   0x.... 0x....      BL       BUTTON_SetTextColor
    248               BUTTON_SetBkColor(button_back.btnHandle, BUTTON_CI_PRESSED, gCfgItems.back_btn_color);
   \   000004EC   0x6BBA             LDR      R2,[R7, #+56]
   \   000004EE   0xF9B9 0x0000      LDRSH    R0,[R9, #+0]
   \   000004F2   0x2101             MOVS     R1,#+1
   \   000004F4   0x.... 0x....      BL       BUTTON_SetBkColor
    249               BUTTON_SetBkColor(button_back.btnHandle, BUTTON_CI_UNPRESSED, gCfgItems.back_btn_color); 
   \   000004F8   0x6BBA             LDR      R2,[R7, #+56]
   \   000004FA   0xF9B9 0x0000      LDRSH    R0,[R9, #+0]
   \   000004FE   0x2100             MOVS     R1,#+0
   \   00000500   0x.... 0x....      BL       BUTTON_SetBkColor
    250               BUTTON_SetTextColor(button_back.btnHandle, BUTTON_CI_PRESSED, gCfgItems.back_btn_textcolor);
   \   00000504   0x6BFA             LDR      R2,[R7, #+60]
   \   00000506   0xF9B9 0x0000      LDRSH    R0,[R9, #+0]
   \   0000050A   0x2101             MOVS     R1,#+1
   \   0000050C   0x.... 0x....      BL       BUTTON_SetTextColor
    251               BUTTON_SetTextColor(button_back.btnHandle, BUTTON_CI_UNPRESSED, gCfgItems.back_btn_textcolor); 
   \   00000510   0x6BFA             LDR      R2,[R7, #+60]
   \   00000512   0xF9B9 0x0000      LDRSH    R0,[R9, #+0]
   \   00000516   0x2100             MOVS     R1,#+0
   \   00000518   0x.... 0x....      BL       BUTTON_SetTextColor
    252               
    253               BUTTON_SetTextAlign(button_next.btnHandle,GUI_TA_HCENTER|GUI_TA_VCENTER );
   \   0000051C   0xF9B8 0x0000      LDRSH    R0,[R8, #+0]
   \   00000520   0x210E             MOVS     R1,#+14
   \   00000522   0x.... 0x....      BL       BUTTON_SetTextAlign
    254               BUTTON_SetTextAlign(button_previous.btnHandle,GUI_TA_HCENTER|GUI_TA_VCENTER );
   \   00000526   0xF9B8 0x0018      LDRSH    R0,[R8, #+24]
   \   0000052A   0x210E             MOVS     R1,#+14
   \   0000052C   0x.... 0x....      BL       BUTTON_SetTextAlign
    255               BUTTON_SetTextAlign(button_back.btnHandle,GUI_TA_HCENTER|GUI_TA_VCENTER );
   \   00000530   0xF9B9 0x0000      LDRSH    R0,[R9, #+0]
   \   00000534   0x210E             MOVS     R1,#+14
   \   00000536   0x.... 0x....      BL       BUTTON_SetTextAlign
    256          
    257               if(gCfgItems.multiple_language != 0)
   \   0000053A   0x....             LDR.N    R0,??DataTable6_4
   \   0000053C   0xF890 0x01CF      LDRB     R0,[R0, #+463]
   \   00000540   0xB3A8             CBZ.N    R0,??draw_MotorSettings_3
    258               {
    259                  if(current_page != 1)
   \   00000542   0x7828             LDRB     R0,[R5, #+0]
   \   00000544   0x....             LDR.N    R7,??DataTable6_19
   \   00000546   0x2801             CMP      R0,#+1
   \   00000548   0xD018             BEQ.N    ??draw_MotorSettings_4
    260                  {
    261                      BUTTON_SetText(buttonAcceleration.btnHandle, machine_menu.AccelerationConf);
   \   0000054A   0x68B9             LDR      R1,[R7, #+8]
   \   0000054C   0xF9B4 0x0018      LDRSH    R0,[R4, #+24]
   \   00000550   0x.... 0x....      BL       BUTTON_SetText
    262                      BUTTON_SetText(buttonSteps.btnHandle, machine_menu.StepsConf);
   \   00000554   0x6939             LDR      R1,[R7, #+16]
   \   00000556   0xF9B6 0x0018      LDRSH    R0,[R6, #+24]
   \   0000055A   0x.... 0x....      BL       BUTTON_SetText
    263          	     BUTTON_SetText(buttonMotorDir.btnHandle,machine_menu.MotorDirConf);
   \   0000055E   0x6979             LDR      R1,[R7, #+20]
   \   00000560   0xF9BA 0x0000      LDRSH    R0,[R10, #+0]
   \   00000564   0x.... 0x....      BL       BUTTON_SetText
    264                      BUTTON_SetText(buttonHomeFeedRate.btnHandle, machine_menu.HomeFeedRateConf); 
   \   00000568   0x69B9             LDR      R1,[R7, #+24]
   \   0000056A   0xF9BA 0x0018      LDRSH    R0,[R10, #+24]
   \   0000056E   0x.... 0x....      BL       BUTTON_SetText
    265                      BUTTON_SetText(button_next.btnHandle,machine_menu.next);
   \   00000572   0x....             LDR.N    R0,??DataTable6_14
   \   00000574   0x6841             LDR      R1,[R0, #+4]
   \   00000576   0xF9B8 0x0000      LDRSH    R0,[R8, #+0]
   \   0000057A   0xE00D             B.N      ??draw_MotorSettings_5
    266                  }
    267                  else
    268                  {
    269                      BUTTON_SetText(buttonJerk.btnHandle, machine_menu.JerkConf);
   \                     ??draw_MotorSettings_4: (+1)
   \   0000057C   0x68F9             LDR      R1,[R7, #+12]
   \   0000057E   0xF9B6 0x0000      LDRSH    R0,[R6, #+0]
   \   00000582   0x.... 0x....      BL       BUTTON_SetText
    270                      BUTTON_SetText(buttonMaxFeedRate.btnHandle, machine_menu.MaxFeedRateConf);
   \   00000586   0x6879             LDR      R1,[R7, #+4]
   \   00000588   0xF9B4 0x0000      LDRSH    R0,[R4, #+0]
   \   0000058C   0x.... 0x....      BL       BUTTON_SetText
    271                      BUTTON_SetText(button_previous.btnHandle,machine_menu.previous);   
   \   00000590   0x....             LDR.N    R0,??DataTable6_14
   \   00000592   0x6881             LDR      R1,[R0, #+8]
   \   00000594   0xF9B8 0x0018      LDRSH    R0,[R8, #+24]
   \                     ??draw_MotorSettings_5: (+1)
   \   00000598   0x.... 0x....      BL       BUTTON_SetText
    272                  }
    273                   
    274                  BUTTON_SetText(button_back.btnHandle,common_menu.text_back);
   \   0000059C   0x....             LDR.N    R0,??DataTable6_20
   \   0000059E   0x6801             LDR      R1,[R0, #+0]
   \   000005A0   0xF9B9 0x0000      LDRSH    R0,[R9, #+0]
   \   000005A4   0xB005             ADD      SP,SP,#+20
   \   000005A6   0xE8BD 0x4FF0      POP      {R4-R11,LR}
   \   000005AA   0x.... 0x....      B.W      BUTTON_SetText
    275                  
    276                        
    277               }
    278          }
   \                     ??draw_MotorSettings_3: (+1)
   \   000005AE   0xB005             ADD      SP,SP,#+20
   \   000005B0   0xE8BD 0x8FF0      POP      {R4-R11,PC}      ;; return
    279          
    280          

   \                                 In section .text, align 2, keep-with-next
    281          void Clear_MotorSettings()
    282          {
   \                     Clear_MotorSettings: (+1)
   \   00000000   0xB510             PUSH     {R4,LR}
    283          	GUI_SetBkColor(gCfgItems.background_color);
   \   00000002   0x....             LDR.N    R0,??DataTable6_4
   \   00000004   0x6940             LDR      R0,[R0, #+20]
   \   00000006   0x.... 0x....      BL       GUI_SetBkColor
    284          	if(WM_IsWindow(hMotorSettingsWnd))
   \   0000000A   0x....             LDR.N    R4,??DataTable6_1
   \   0000000C   0xF9B4 0x0002      LDRSH    R0,[R4, #+2]
   \   00000010   0x.... 0x....      BL       WM_IsWindow
   \   00000014   0xB128             CBZ.N    R0,??Clear_MotorSettings_0
    285          	{
    286          		WM_DeleteWindow(hMotorSettingsWnd);
   \   00000016   0xF9B4 0x0002      LDRSH    R0,[R4, #+2]
   \   0000001A   0xE8BD 0x4010      POP      {R4,LR}
   \   0000001E   0x.... 0x....      B.W      WM_DeleteWindow
    287          	}
    288          }
   \                     ??Clear_MotorSettings_0: (+1)
   \   00000022   0xBD10             POP      {R4,PC}          ;; return

   \                                 In section .text, align 4, keep-with-next
   \                     ??DataTable6:
   \   00000000   0x00FF5449         DC32     0xff5449

   \                                 In section .text, align 4, keep-with-next
   \                     ??DataTable6_1:
   \   00000000   0x........         DC32     current_page

   \                                 In section .text, align 4, keep-with-next
   \                     ??DataTable6_2:
   \   00000000   0x........         DC32     button_back

   \                                 In section .text, align 4, keep-with-next
   \                     ??DataTable6_3:
   \   00000000   0x........         DC32     last_disp_state

   \                                 In section .text, align 4, keep-with-next
   \                     ??DataTable6_4:
   \   00000000   0x........         DC32     gCfgItems

   \                                 In section .text, align 4, keep-with-next
   \                     ??DataTable6_5:
   \   00000000   0x........         DC32     button_next

   \                                 In section .text, align 4, keep-with-next
   \                     ??DataTable6_6:
   \   00000000   0x........         DC32     buttonMaxFeedRate

   \                                 In section .text, align 4, keep-with-next
   \                     ??DataTable6_7:
   \   00000000   0x........         DC32     buttonJerk

   \                                 In section .text, align 4, keep-with-next
   \                     ??DataTable6_8:
   \   00000000   0x........         DC32     JerkArrow

   \                                 In section .text, align 4, keep-with-next
   \                     ??DataTable6_9:
   \   00000000   0x........         DC32     buttonMotorDir

   \                                 In section .text, align 4, keep-with-next
   \                     ??DataTable6_10:
   \   00000000   0x........         DC32     MotorDirArrow

   \                                 In section .text, align 4, keep-with-next
   \                     ??DataTable6_11:
   \   00000000   0x........         DC32     disp_state_stack

   \                                 In section .text, align 4, keep-with-next
   \                     ??DataTable6_12:
   \   00000000   0x........         DC32     disp_state

   \                                 In section .text, align 4, keep-with-next
   \                     ??DataTable6_13:
   \   00000000   0x........         DC32     gCfgItems+0x14

   \                                 In section .text, align 4, keep-with-next
   \                     ??DataTable6_14:
   \   00000000   0x........         DC32     machine_menu

   \                                 In section .text, align 4, keep-with-next
   \                     ??DataTable6_15:
   \   00000000   0x........         DC32     _Z18cbMotorSettingsWinP10WM_MESSAGE

   \                                 In section .text, align 4, keep-with-next
   \                     ??DataTable6_16:
   \   00000000   0x........         DC32     BMP_PIC_X

   \                                 In section .text, align 4, keep-with-next
   \                     ??DataTable6_17:
   \   00000000   0x........         DC32     bmp_struct10x17

   \                                 In section .text, align 4, keep-with-next
   \                     ??DataTable6_18:
   \   00000000   0x........         DC32     bmp_struct70X40

   \                                 In section .text, align 4, keep-with-next
   \                     ??DataTable6_19:
   \   00000000   0x........         DC32     machine_menu+0x15C

   \                                 In section .text, align 4, keep-with-next
   \                     ??DataTable6_20:
   \   00000000   0x........         DC32     common_menu

   \                                 In section .text, align 4, keep-with-next
   \                     `?<Constant "bmp_arrow.bin">`:
   \   00000000   0x62 0x6D          DC8 "bmp_arrow.bin"
   \              0x70 0x5F    
   \              0x61 0x72    
   \              0x72 0x6F    
   \              0x77 0x2E    
   \              0x62 0x69    
   \              0x6E 0x00    
   \   0000000E   0x00 0x00          DC8 0, 0

   \                                 In section .text, align 4, keep-with-next
   \                     `?<Constant "bmp_next.bin">`:
   \   00000000   0x62 0x6D          DC8 "bmp_next.bin"
   \              0x70 0x5F    
   \              0x6E 0x65    
   \              0x78 0x74    
   \              0x2E 0x62    
   \              0x69 0x6E    
   \              0x00         
   \   0000000D   0x00 0x00          DC8 0, 0, 0
   \              0x00         

   \                                 In section .text, align 4, keep-with-next
   \                     `?<Constant "bmp_previous.bin">`:
   \   00000000   0x62 0x6D          DC8 "bmp_previous.bin"
   \              0x70 0x5F    
   \              0x70 0x72    
   \              0x65 0x76    
   \              0x69 0x6F    
   \              0x75 0x73    
   \              0x2E 0x62    
   \              0x69 0x6E    
   \              0x00         
   \   00000011   0x00 0x00          DC8 0, 0, 0
   \              0x00         

   \                                 In section .text, align 4, keep-with-next
   \                     `?<Constant "bmp_back70x40.bin">`:
   \   00000000   0x62 0x6D          DC8 "bmp_back70x40.bin"
   \              0x70 0x5F    
   \              0x62 0x61    
   \              0x63 0x6B    
   \              0x37 0x30    
   \              0x78 0x34    
   \              0x30 0x2E    
   \              0x62 0x69    
   \              0x6E 0x00    
   \   00000012   0x00 0x00          DC8 0, 0
    289          
    290          
    291          
    292          

   Maximum stack usage in bytes:

   .cstack Function
   ------- --------
       8   Clear_MotorSettings
         8   -> GUI_SetBkColor
         0   -> WM_DeleteWindow
         8   -> WM_IsWindow
       8   cbMotorSettingsWin(WM_MESSAGE *)
         8   -> Clear_MachinePara
         0   -> GUI_FillRect
         8   -> GUI_FillRect
         8   -> GUI_SetBkColor
         8   -> GUI_SetColor
         0   -> WM_DefaultProc
         8   -> WM_DeleteWindow
         8   -> WM_IsWindow
         0   -> draw_Acceleration
         0   -> draw_HomeSpeed
         0   -> draw_Jerk
         0   -> draw_MaxFeedRate
         0   -> draw_MotorDir
         0   -> draw_MotorSettings
         0   -> draw_Steps
         0   -> draw_return_ui
      56   draw_MotorSettings
        56   -> BUTTON_CreateEx
        56   -> BUTTON_SetBitmapEx
        56   -> BUTTON_SetBkColor
        56   -> BUTTON_SetBmpFileName
         0   -> BUTTON_SetText
        56   -> BUTTON_SetText
        56   -> BUTTON_SetTextAlign
        56   -> BUTTON_SetTextColor
        56   -> GUI_Clear
        56   -> GUI_DispStringAt
        56   -> GUI_SetBkColor
        56   -> GUI_SetColor
        56   -> WM_CreateWindow
        56   -> alloc_win_id


   Section sizes:

   Bytes  Function/Label
   -----  --------------
      16  ?<Constant "bmp_arrow.bin">
      20  ?<Constant "bmp_back70x40.bin">
      16  ?<Constant "bmp_next.bin">
      20  ?<Constant "bmp_previous.bin">
       4  ??DataTable6
       4  ??DataTable6_1
       4  ??DataTable6_10
       4  ??DataTable6_11
       4  ??DataTable6_12
       4  ??DataTable6_13
       4  ??DataTable6_14
       4  ??DataTable6_15
       4  ??DataTable6_16
       4  ??DataTable6_17
       4  ??DataTable6_18
       4  ??DataTable6_19
       4  ??DataTable6_2
       4  ??DataTable6_20
       4  ??DataTable6_3
       4  ??DataTable6_4
       4  ??DataTable6_5
       4  ??DataTable6_6
       4  ??DataTable6_7
       4  ??DataTable6_8
       4  ??DataTable6_9
      36  Clear_MotorSettings
      48  JerkArrow
          StepsArrow
      48  MotorDirArrow
          HomeFeedRateArrow
      48  buttonJerk
          buttonSteps
      48  buttonMaxFeedRate
          buttonAcceleration
      48  buttonMotorDir
          buttonHomeFeedRate
      24  button_back
      48  button_next
          button_previous
     618  cbMotorSettingsWin(WM_MESSAGE *)
      52  current_page
          hMotorSettingsWnd
          MaxFeedRateArrow
          AccelerationArrow
    1460  draw_MotorSettings

 
   364 bytes in section .bss
 2 270 bytes in section .text
 
 2 270 bytes of CODE memory
   364 bytes of DATA memory

Errors: none
Warnings: 19
