###############################################################################
#
# IAR ANSI C/C++ Compiler V7.10.1.6676/W32 for ARM        13/Apr/2020  09:24:22
# Copyright 1999-2014 IAR Systems AB.
#
#    Cpu mode     =  thumb
#    Endian       =  little
#    Source file  =  
#        D:\MKS-Robin-Nano-Firmware-v2.x.x\MKS-Robin-Nano-Firmware\User\ui\draw_mesh_leveling.cpp
#    Command line =  
#        D:\MKS-Robin-Nano-Firmware-v2.x.x\MKS-Robin-Nano-Firmware\User\ui\draw_mesh_leveling.cpp
#        -D USE_HAL_DRIVER -D STM32F103xE -D STM32F10X_HD -D USE_HAL_LIB -D
#        MKS_ROBIN_NANO -D TFT35 -lC
#        D:\MKS-Robin-Nano-Firmware-v2.x.x\MKS-Robin-Nano-Firmware\EWARM\mksRobinNano/List\
#        -lA
#        D:\MKS-Robin-Nano-Firmware-v2.x.x\MKS-Robin-Nano-Firmware\EWARM\mksRobinNano/List\
#        --diag_suppress Pa050 -o
#        D:\MKS-Robin-Nano-Firmware-v2.x.x\MKS-Robin-Nano-Firmware\EWARM\mksRobinNano/Obj\
#        --debug --endian=little --cpu=Cortex-M3 -e --char_is_signed --fpu=None
#        --dlib_config "C:\Program Files (x86)\IAR Systems\Embedded Workbench
#        7.0\arm\INC\c\DLib_Config_Full.h" -I
#        D:\MKS-Robin-Nano-Firmware-v2.x.x\MKS-Robin-Nano-Firmware\EWARM/../Inc\
#        -I
#        D:\MKS-Robin-Nano-Firmware-v2.x.x\MKS-Robin-Nano-Firmware\EWARM/../Src\
#        -I
#        D:\MKS-Robin-Nano-Firmware-v2.x.x\MKS-Robin-Nano-Firmware\EWARM/../Drivers/STM32F1xx_HAL_Driver/Inc\
#        -I
#        D:\MKS-Robin-Nano-Firmware-v2.x.x\MKS-Robin-Nano-Firmware\EWARM/../Drivers/STM32F1xx_HAL_Driver/Inc/Legacy\
#        -I
#        D:\MKS-Robin-Nano-Firmware-v2.x.x\MKS-Robin-Nano-Firmware\EWARM/../Middlewares/Third_Party/FatFs/src/drivers\
#        -I
#        D:\MKS-Robin-Nano-Firmware-v2.x.x\MKS-Robin-Nano-Firmware\EWARM/../Middlewares/ST/STM32_USB_Host_Library/Core/Inc\
#        -I
#        D:\MKS-Robin-Nano-Firmware-v2.x.x\MKS-Robin-Nano-Firmware\EWARM/../Middlewares/ST/STM32_USB_Host_Library/Class/MSC/Inc\
#        -I
#        D:\MKS-Robin-Nano-Firmware-v2.x.x\MKS-Robin-Nano-Firmware\EWARM/../Drivers/CMSIS/Device/ST/STM32F1xx/Include\
#        -I
#        D:\MKS-Robin-Nano-Firmware-v2.x.x\MKS-Robin-Nano-Firmware\EWARM/../Middlewares/Third_Party/FatFs/src\
#        -I
#        D:\MKS-Robin-Nano-Firmware-v2.x.x\MKS-Robin-Nano-Firmware\EWARM/../Middlewares/Third_Party/Marlin\
#        -I
#        D:\MKS-Robin-Nano-Firmware-v2.x.x\MKS-Robin-Nano-Firmware\EWARM/../Drivers/CMSIS/Include\
#        -I
#        D:\MKS-Robin-Nano-Firmware-v2.x.x\MKS-Robin-Nano-Firmware\EWARM/../Drivers/BSP/variant\
#        -I
#        D:\MKS-Robin-Nano-Firmware-v2.x.x\MKS-Robin-Nano-Firmware\EWARM/../Drivers/BSP/Components/at24cxx\
#        -I
#        D:\MKS-Robin-Nano-Firmware-v2.x.x\MKS-Robin-Nano-Firmware\EWARM/../Drivers/BSP/Components/w25qxx\
#        -I
#        D:\MKS-Robin-Nano-Firmware-v2.x.x\MKS-Robin-Nano-Firmware\EWARM/../Drivers/BSP/Components/lcd\
#        -I
#        D:\MKS-Robin-Nano-Firmware-v2.x.x\MKS-Robin-Nano-Firmware\EWARM/../Drivers/STM32F10x_StdPeriph_Driver/inc\
#        -I
#        D:\MKS-Robin-Nano-Firmware-v2.x.x\MKS-Robin-Nano-Firmware\EWARM/../Drivers/libstmf4/include\
#        -I
#        D:\MKS-Robin-Nano-Firmware-v2.x.x\MKS-Robin-Nano-Firmware\EWARM/../Middlewares/arduino/stm32/cores/arduino\
#        -I
#        D:\MKS-Robin-Nano-Firmware-v2.x.x\MKS-Robin-Nano-Firmware\EWARM/../User/ui\
#        -I
#        D:\MKS-Robin-Nano-Firmware-v2.x.x\MKS-Robin-Nano-Firmware\EWARM/../User/ui/Multi_language\
#        -I
#        D:\MKS-Robin-Nano-Firmware-v2.x.x\MKS-Robin-Nano-Firmware\EWARM/../User/ui/QRENCODE\
#        -I
#        D:\MKS-Robin-Nano-Firmware-v2.x.x\MKS-Robin-Nano-Firmware\EWARM\..\Middlewares\GUI\
#        -Oh --eec++ -I "C:\Program Files (x86)\IAR Systems\Embedded Workbench
#        7.0\arm\CMSIS\Include\"
#    List file    =  
#        D:\MKS-Robin-Nano-Firmware-v2.x.x\MKS-Robin-Nano-Firmware\EWARM\mksRobinNano/List\draw_mesh_leveling.lst
#    Object file  =  
#        D:\MKS-Robin-Nano-Firmware-v2.x.x\MKS-Robin-Nano-Firmware\EWARM\mksRobinNano/Obj\draw_mesh_leveling.o
#
###############################################################################

D:\MKS-Robin-Nano-Firmware-v2.x.x\MKS-Robin-Nano-Firmware\User\ui\draw_mesh_leveling.cpp
      1          #include "gui.h"
      2          #include "button.h"
      3          #include "text.h"
      4          #include "draw_ui.h"

  #define UNUSED(x) ((void)(x))
          ^
"D:\MKS-Robin-Nano-Firmware-v2.x.x\MKS-Robin-Nano-Firmware\Drivers\STM32F1xx_HAL_Driver\Inc\stm32f1xx_hal_def.h",87  Warning[Pe047]: 
          incompatible redefinition of macro "UNUSED" (declared at line 101 of
          "D:\MKS-Robin-Nano-Firmware-v2.x.x\MKS-Robin-Nano-Firmware\EWARM/../M
          iddlewares/Third_Party/Marlin\macros.h")

  		volatile volatile float desireBedTempBak;
  		         ^
"D:\MKS-Robin-Nano-Firmware-v2.x.x\MKS-Robin-Nano-Firmware\Inc\mks_cfg.h",626  Warning[Pe083]: 
          type qualifier specified more than once

    #define FILAMENT_CHANGE_TEXT_EN				"Please click <Load> \nor <unload>,After \npinter pause."
            ^
"D:\MKS-Robin-Nano-Firmware-v2.x.x\MKS-Robin-Nano-Firmware\User\ui\Multi_language\Language_en.h",337  Warning[Pe047]: 
          incompatible redefinition of macro "FILAMENT_CHANGE_TEXT_EN"
          (declared at line 315)

  #define DIALOG_UNBIND_PRINTER_CN            "Ëß£Èô§ÁªëÂÆö?"
          ^
"D:\MKS-Robin-Nano-Firmware-v2.x.x\MKS-Robin-Nano-Firmware\User\ui\Multi_language\Language_s_cn.h",408  Warning[Pe047]: 
          incompatible redefinition of macro "DIALOG_UNBIND_PRINTER_CN"
          (declared at line 403)

    #define FILAMENT_CHANGE_TEXT_T_CN				"ÂæÖÊâìÂç∞Ê©üÊö´ÂÅúÂêé,\nË´ãÊåâ<ÈÄ≤Êñô>Êàñ<ÈÄÄÊñô>"
            ^
"D:\MKS-Robin-Nano-Firmware-v2.x.x\MKS-Robin-Nano-Firmware\User\ui\Multi_language\Language_t_cn.h",318  Warning[Pe047]: 
          incompatible redefinition of macro "FILAMENT_CHANGE_TEXT_T_CN"
          (declared at line 304)

    #define FILAMENT_CHANGE_TEXT_RU				"Please click <Load> \nor <unload>,After \npinter pause."
            ^
"D:\MKS-Robin-Nano-Firmware-v2.x.x\MKS-Robin-Nano-Firmware\User\ui\Multi_language\Language_ru.h",134  Warning[Pe047]: 
          incompatible redefinition of macro "FILAMENT_CHANGE_TEXT_RU"
          (declared at line 114)

  #define DIALOG_UNBIND_PRINTER_RU            "Unbind the printer?"
          ^
"D:\MKS-Robin-Nano-Firmware-v2.x.x\MKS-Robin-Nano-Firmware\User\ui\Multi_language\Language_ru.h",231  Warning[Pe047]: 
          incompatible redefinition of macro "DIALOG_UNBIND_PRINTER_RU"
          (declared at line 226)

    #define FILAMENT_CHANGE_TEXT_FR				"Please click <Load> \nor <unload>,After \npinter pause."
            ^
"D:\MKS-Robin-Nano-Firmware-v2.x.x\MKS-Robin-Nano-Firmware\User\ui\Multi_language\Language_fr.h",134  Warning[Pe047]: 
          incompatible redefinition of macro "FILAMENT_CHANGE_TEXT_FR"
          (declared at line 114)

  #define DIALOG_UNBIND_PRINTER_FR        "Unbind the printer?"
          ^
"D:\MKS-Robin-Nano-Firmware-v2.x.x\MKS-Robin-Nano-Firmware\User\ui\Multi_language\Language_fr.h",234  Warning[Pe047]: 
          incompatible redefinition of macro "DIALOG_UNBIND_PRINTER_FR"
          (declared at line 230)

    #define FILAMENT_CHANGE_TEXT_SP				"Please click <Load> \nor <unload>,After \npinter pause."
            ^
"D:\MKS-Robin-Nano-Firmware-v2.x.x\MKS-Robin-Nano-Firmware\User\ui\Multi_language\Language_sp.h",133  Warning[Pe047]: 
          incompatible redefinition of macro "FILAMENT_CHANGE_TEXT_SP"
          (declared at line 114)

    #define FILAMENT_CHANGE_TEXT_IT				"Please click <Load> \nor <unload>,After \npinter pause."
            ^
"D:\MKS-Robin-Nano-Firmware-v2.x.x\MKS-Robin-Nano-Firmware\User\ui\Multi_language\Language_it.h",134  Warning[Pe047]: 
          incompatible redefinition of macro "FILAMENT_CHANGE_TEXT_IT"
          (declared at line 114)

  #define DIALOG_UNBIND_PRINTER_IT                "Unbind the printer?"
          ^
"D:\MKS-Robin-Nano-Firmware-v2.x.x\MKS-Robin-Nano-Firmware\User\ui\Multi_language\Language_it.h",230  Warning[Pe047]: 
          incompatible redefinition of macro "DIALOG_UNBIND_PRINTER_IT"
          (declared at line 225)

  #define FILAMENT_CHANGE_TEXT_JP				"Please click <Load> \nor <unload>,After \npinter pause."
          ^
"D:\MKS-Robin-Nano-Firmware-v2.x.x\MKS-Robin-Nano-Firmware\User\ui\Multi_language\Multi_language.h",899  Warning[Pe047]: 
          incompatible redefinition of macro "FILAMENT_CHANGE_TEXT_JP"
          (declared at line 892)

  #define FILAMENT_CHANGE_TEXT_GN				"Please click <Load> \nor <unload>,After \npinter pause."
          ^
"D:\MKS-Robin-Nano-Firmware-v2.x.x\MKS-Robin-Nano-Firmware\User\ui\Multi_language\Multi_language.h",1107  Warning[Pe047]: 
          incompatible redefinition of macro "FILAMENT_CHANGE_TEXT_GN"
          (declared at line 1101)

  #define Simple_Dec"ºı…Ÿ"
                    ^
"D:\MKS-Robin-Nano-Firmware-v2.x.x\MKS-Robin-Nano-Firmware\User\ui\draw_ui.h",666  Warning[Pe1649]: 
          white space is required between the macro name "Simple_Dec" and its
          replacement text

  #define Simple_Speed "ÀŸ∂»"
          ^
"D:\MKS-Robin-Nano-Firmware-v2.x.x\MKS-Robin-Nano-Firmware\User\ui\draw_ui.h",721  Warning[Pe047]: 
          incompatible redefinition of macro "Simple_Speed" (declared at line
          718)

  #define Complex_Speed "ÀŸ∂»"
          ^
"D:\MKS-Robin-Nano-Firmware-v2.x.x\MKS-Robin-Nano-Firmware\User\ui\draw_ui.h",722  Warning[Pe047]: 
          incompatible redefinition of macro "Complex_Speed" (declared at line
          719)
      5          #include "draw_meshleveling.h"
      6          #include "marlin.h"

  #define strcpy_P(dest, src) strcpy((dest), (src))
          ^
"D:\MKS-Robin-Nano-Firmware-v2.x.x\MKS-Robin-Nano-Firmware\Middlewares\arduino\stm32\cores\arduino\avr\pgmspace.h",23  Warning[Pe047]: 
          incompatible redefinition of macro "strcpy_P" (declared at line 93
          of
          "D:\MKS-Robin-Nano-Firmware-v2.x.x\MKS-Robin-Nano-Firmware\Middleware
          s\Third_Party\Marlin\Marlin_export.h")

  #define strstr_P(a, b) strstr((a), (b))
          ^
"D:\MKS-Robin-Nano-Firmware-v2.x.x\MKS-Robin-Nano-Firmware\Middlewares\arduino\stm32\cores\arduino\avr\pgmspace.h",26  Warning[Pe047]: 
          incompatible redefinition of macro "strstr_P" (declared at line 94
          of
          "D:\MKS-Robin-Nano-Firmware-v2.x.x\MKS-Robin-Nano-Firmware\Middleware
          s\Third_Party\Marlin\Marlin_export.h")

  #define sprintf_P(s, f, ...) sprintf((s), (f), __VA_ARGS__)
          ^
"D:\MKS-Robin-Nano-Firmware-v2.x.x\MKS-Robin-Nano-Firmware\Middlewares\arduino\stm32\cores\arduino\avr\pgmspace.h",28  Warning[Pe047]: 
          incompatible redefinition of macro "sprintf_P" (declared at line 95
          of
          "D:\MKS-Robin-Nano-Firmware-v2.x.x\MKS-Robin-Nano-Firmware\Middleware
          s\Third_Party\Marlin\Marlin_export.h")

  #define pgm_read_word_near(addr) pgm_read_word(addr)
          ^
"D:\MKS-Robin-Nano-Firmware-v2.x.x\MKS-Robin-Nano-Firmware\Middlewares\arduino\stm32\cores\arduino\avr\pgmspace.h",38  Warning[Pe047]: 
          incompatible redefinition of macro "pgm_read_word_near" (declared at
          line 65 of
          "D:\MKS-Robin-Nano-Firmware-v2.x.x\MKS-Robin-Nano-Firmware\Middleware
          s\Third_Party\Marlin\Marlin_export.h")

    }
    ^
"D:\MKS-Robin-Nano-Firmware-v2.x.x\MKS-Robin-Nano-Firmware\Middlewares\Third_Party\Marlin\marlin.h",537  Warning[Pe940]: 
          missing return statement at end of non-void function
          "position_is_reachable_IS_KINEMATIC"
      7          static GUI_HWIN hMeshLevelingWnd;

   \                                 In section .bss, align 4
      8          static BUTTON_STRUCT buttonRet,buttonMesh,buttonZadd,buttonZdec,buttonZstep;
   \                     buttonZadd:
   \   00000000                      DS8 24
   \   00000018                      DS8 24

   \                                 In section .data, align 4
   \                     hMeshLevelingWnd:
   \   00000000   0x00 0x00          DC8 0, 0
   \   00000002   0x00 0x00          DC8 0, 0
   \   00000004   0x00 0x00          DC8 0, 0
   \   00000006   0x00 0x00          DC8 0, 0
   \   00000008   0x00 0x00          DC8 0, 0, 0, 0, 0, 0, 0, 0, 0, 0, 0, 0, 0, 0, 0, 0
   \              0x00 0x00    
   \              0x00 0x00    
   \              0x00 0x00    
   \              0x00 0x00    
   \              0x00 0x00    
   \              0x00 0x00    
   \              0x00 0x00    
   \   00000018   0x00 0x00          DC8 0, 0, 0, 0, 0, 0, 0, 0
   \              0x00 0x00    
   \              0x00 0x00    
   \              0x00 0x00    
   \   00000020   0x00 0x00          DC8 0, 0, 0, 0, 0, 0, 0, 0, 0, 0, 0, 0, 0, 0, 0, 0
   \              0x00 0x00    
   \              0x00 0x00    
   \              0x00 0x00    
   \              0x00 0x00    
   \              0x00 0x00    
   \              0x00 0x00    
   \              0x00 0x00    
   \   00000030   0x00 0x00          DC8 0, 0, 0, 0, 0, 0, 0, 0
   \              0x00 0x00    
   \              0x00 0x00    
   \              0x00 0x00    
   \   00000038   0x00 0x00          DC8 0, 0, 0, 0, 0, 0, 0, 0, 0, 0, 0, 0, 0, 0, 0, 0
   \              0x00 0x00    
   \              0x00 0x00    
   \              0x00 0x00    
   \              0x00 0x00    
   \              0x00 0x00    
   \              0x00 0x00    
   \              0x00 0x00    
   \   00000048   0x00 0x00          DC8 0, 0, 0, 0, 0, 0, 0, 0
   \              0x00 0x00    
   \              0x00 0x00    
   \              0x00 0x00    
   \   00000050   0x3DCCCCCD         DC32 3DCCCCCDH
   \   00000054   0x00 0x00          DC8 0, 0, 0, 0
   \              0x00 0x00    
      9          static TEXT_Handle LevelingMsg,Zpos,PointNumb;
     10          
     11          extern float current_position[XYZE];
     12          
     13          static float zstep=0.1;
     14          void disp_Zstep();
     15          void disp_zpos();
     16          
     17          static int G29_cnt;
     18          

   \                                 In section .text, align 2, keep-with-next
     19          void display_msg(int x)
     20          {
   \                     _Z11display_msgi: (+1)
   \   00000000   0xB530             PUSH     {R4,R5,LR}
   \   00000002   0xB089             SUB      SP,SP,#+36
   \   00000004   0x4604             MOV      R4,R0
     21              char bufg[30];
     22              memset(bufg,' ',30);
   \   00000006   0x2220             MOVS     R2,#+32
   \   00000008   0x211E             MOVS     R1,#+30
   \   0000000A   0xA800             ADD      R0,SP,#+0
   \   0000000C   0x.... 0x....      BL       __aeabi_memset4
     23              TEXT_SetText(LevelingMsg, bufg);
   \   00000010   0x.... 0x....      LDR.W    R5,??DataTable25_1
   \   00000014   0xF9B5 0x0002      LDRSH    R0,[R5, #+2]
   \   00000018   0xA900             ADD      R1,SP,#+0
   \   0000001A   0x.... 0x....      BL       TEXT_SetText
     24              sprintf(bufg,"MBL point %d of %d",x,GRID_MAX_POINTS);
   \   0000001E   0x.... 0x....      LDR.W    R0,??DataTable25_2
   \   00000022   0xF890 0x1060      LDRB     R1,[R0, #+96]
   \   00000026   0xF890 0x0061      LDRB     R0,[R0, #+97]
   \   0000002A   0xFB00 0xF301      MUL      R3,R0,R1
   \   0000002E   0x4622             MOV      R2,R4
   \   00000030   0x.... 0x....      ADR.W    R1,`?<Constant "MBL point %d of %d">`
   \   00000034   0xA800             ADD      R0,SP,#+0
   \   00000036   0x.... 0x....      BL       sprintf
     25              TEXT_SetText(LevelingMsg, bufg);
   \   0000003A   0xF9B5 0x0002      LDRSH    R0,[R5, #+2]
   \   0000003E   0xA900             ADD      R1,SP,#+0
   \   00000040   0x.... 0x....      BL       TEXT_SetText
     26          }
   \   00000044   0xB009             ADD      SP,SP,#+36
   \   00000046   0xBD30             POP      {R4,R5,PC}       ;; return

   \                                 In section .text, align 2, keep-with-next
     27          static void cbMeshLevelingWin(WM_MESSAGE * pMsg) {
     28          
     29              char bufz[30];
     30              
     31          	switch (pMsg->MsgId)
   \                     _Z17cbMeshLevelingWinP10WM_MESSAGE: (+1)
   \   00000000   0x6801             LDR      R1,[R0, #+0]
   \   00000002   0x2926             CMP      R1,#+38
   \   00000004   0xD000             BEQ.N    ??cbMeshLevelingWin_0
   \   00000006   0x4770             BX       LR
     32          	{
     33          		case WM_PAINT:
     34          			break;
     35          		case WM_TOUCH:
     36          		 	
     37          			break;
     38          		case WM_TOUCH_CHILD:
     39          			
     40          			break;
     41          		case WM_NOTIFY_PARENT:
     42          
     43                  if(pMsg->Data.v == WM_NOTIFICATION_RELEASED)
   \                     ??cbMeshLevelingWin_0: (+1)
   \   00000008   0xB530             PUSH     {R4,R5,LR}
   \   0000000A   0xB089             SUB      SP,SP,#+36
   \   0000000C   0x6881             LDR      R1,[R0, #+8]
   \   0000000E   0x2902             CMP      R1,#+2
   \   00000010   0xF040 0x80A1      BNE.W    ??cbMeshLevelingWin_1
     44                   {
     45                      if(pMsg->hWinSrc == buttonRet.btnHandle)
   \   00000014   0x.... 0x....      LDR.W    R4,??DataTable25_1
   \   00000018   0xF9B0 0x0006      LDRSH    R0,[R0, #+6]
   \   0000001C   0xF9B4 0x1008      LDRSH    R1,[R4, #+8]
   \   00000020   0x4288             CMP      R0,R1
   \   00000022   0xD117             BNE.N    ??cbMeshLevelingWin_2
     46                      {
     47                              if(G29_cnt != 0)
   \   00000024   0x6D60             LDR      R0,[R4, #+84]
   \   00000026   0xB108             CBZ.N    R0,??cbMeshLevelingWin_3
     48                              {
     49                                  G29_cnt=0;
   \   00000028   0x2000             MOVS     R0,#+0
   \   0000002A   0x6560             STR      R0,[R4, #+84]
     50                                 //enqueue_and_echo_commands_P(PSTR("G29 S5")); 
     51                              }
     52          					Clear_MeshLeveling();
   \                     ??cbMeshLevelingWin_3: (+1)
   \   0000002C   0x.... 0x....      LDR.W    R0,??DataTable25_3
   \   00000030   0x6940             LDR      R0,[R0, #+20]
   \   00000032   0x.... 0x....      BL       GUI_SetBkColor
   \   00000036   0xF9B4 0x0000      LDRSH    R0,[R4, #+0]
   \   0000003A   0x.... 0x....      BL       WM_IsWindow
   \   0000003E   0xB128             CBZ.N    R0,??cbMeshLevelingWin_4
   \   00000040   0xF9B4 0x0000      LDRSH    R0,[R4, #+0]
   \   00000044   0x.... 0x....      BL       WM_DeleteWindow
   \   00000048   0x.... 0x....      BL       GUI_Exec
     53          					draw_return_ui();                
   \                     ??cbMeshLevelingWin_4: (+1)
   \   0000004C   0x.... 0x....      BL       draw_return_ui
     54                      }
     55                      else if(pMsg->hWinSrc == buttonMesh.btnHandle)
     56                      {
     57          
     58                          //else
     59                          {
     60                              switch(G29_cnt)
     61                              {
     62                              case 0:
     63                                  enqueue_and_echo_commands_P(PSTR("G29 S1"));
     64                                  G29_cnt++;
     65                                  display_msg(G29_cnt);
     66                                  BUTTON_SetText(buttonMesh.btnHandle,"next");
     67                                  break;
     68                              default:
     69                                  enqueue_and_echo_commands_P(PSTR("G29 S2"));
     70                                  G29_cnt++;
     71                                  
     72                                  if(G29_cnt > GRID_MAX_POINTS)
     73                                  {
     74                                     TEXT_SetText(LevelingMsg, "Mesh probing done."); 
     75                                     G29_cnt=0;
     76                                     //display_msg(G29_cnt);
     77                                     BUTTON_SetText(buttonMesh.btnHandle,"start");
     78                                     break;
     79                                  }
     80                                  display_msg(G29_cnt);
     81                                  break;
     82                              }
     83                           }
     84                      }
     85                      else if(pMsg->hWinSrc == buttonZadd.btnHandle)
     86                      {
     87               			enqueue_and_echo_commands_P(PSTR("G91"));
     88              			sprintf(bufz, "G1 Z%3.1f F%d\n",zstep, gCfgItems.moveSpeed);
     89              			enqueue_and_echo_commands_P(PSTR(bufz));
     90              			enqueue_and_echo_commands_P(PSTR("G90"));           
     91                      }
     92                      else if(pMsg->hWinSrc == buttonZdec.btnHandle)
     93                      {
     94              			enqueue_and_echo_commands_P(PSTR("G91"));
     95              			sprintf(bufz, "G1 Z-%3.1f F%d\n",zstep, gCfgItems.moveSpeed);
     96              			enqueue_and_echo_commands_P(PSTR(bufz));
     97              			enqueue_and_echo_commands_P(PSTR("G90"));            
     98                      }
     99                      else if(pMsg->hWinSrc == buttonZstep.btnHandle)
    100                      {
    101          				if(abs(10 * (int)zstep) == 10)
    102          				{
    103          					zstep = 0.1;
    104          				}
    105          				else
    106          				{
    107          					zstep *= (float)10;
    108          				}
    109          				
    110          				disp_Zstep();            
    111                      }            
    112          
    113                   }
    114          			break;
    115          			
    116          		default:break;
    117          
    118              }
    119          }
   \   00000050   0xB009             ADD      SP,SP,#+36
   \   00000052   0xBD30             POP      {R4,R5,PC}
   \                     ??cbMeshLevelingWin_2: (+1)
   \   00000054   0xF9B4 0x1020      LDRSH    R1,[R4, #+32]
   \   00000058   0x4288             CMP      R0,R1
   \   0000005A   0xD131             BNE.N    ??cbMeshLevelingWin_5
   \   0000005C   0x6D60             LDR      R0,[R4, #+84]
   \   0000005E   0xB958             CBNZ.N   R0,??cbMeshLevelingWin_6
   \   00000060   0x.... 0x....      ADR.W    R0,`?<Constant "G29 S1">`
   \   00000064   0x.... 0x....      BL       _Z27enqueue_and_echo_commands_PPKc
   \   00000068   0x6D60             LDR      R0,[R4, #+84]
   \   0000006A   0x1C40             ADDS     R0,R0,#+1
   \   0000006C   0x6560             STR      R0,[R4, #+84]
   \   0000006E   0x.... 0x....      BL       _Z11display_msgi
   \   00000072   0x.... 0x....      ADR.W    R1,`?<Constant "next">`
   \   00000076   0xE019             B.N      ??cbMeshLevelingWin_7
   \                     ??cbMeshLevelingWin_6: (+1)
   \   00000078   0x.... 0x....      ADR.W    R0,`?<Constant "G29 S2">`
   \   0000007C   0x.... 0x....      BL       _Z27enqueue_and_echo_commands_PPKc
   \   00000080   0x.... 0x....      LDR.W    R1,??DataTable25_2
   \   00000084   0x6D60             LDR      R0,[R4, #+84]
   \   00000086   0xF891 0x2060      LDRB     R2,[R1, #+96]
   \   0000008A   0xF891 0x1061      LDRB     R1,[R1, #+97]
   \   0000008E   0x1C40             ADDS     R0,R0,#+1
   \   00000090   0x4351             MULS     R1,R1,R2
   \   00000092   0x6560             STR      R0,[R4, #+84]
   \   00000094   0x4281             CMP      R1,R0
   \   00000096   0xDA0F             BGE.N    ??cbMeshLevelingWin_8
   \   00000098   0xF9B4 0x0002      LDRSH    R0,[R4, #+2]
   \   0000009C   0x.... 0x....      ADR.W    R1,`?<Constant "Mesh probing done.">`
   \   000000A0   0x.... 0x....      BL       TEXT_SetText
   \   000000A4   0x.... 0x....      ADR.W    R1,`?<Constant "start">`
   \   000000A8   0x2000             MOVS     R0,#+0
   \   000000AA   0x6560             STR      R0,[R4, #+84]
   \                     ??cbMeshLevelingWin_7: (+1)
   \   000000AC   0xF9B4 0x0020      LDRSH    R0,[R4, #+32]
   \   000000B0   0x.... 0x....      BL       BUTTON_SetText
   \   000000B4   0xB009             ADD      SP,SP,#+36
   \   000000B6   0xBD30             POP      {R4,R5,PC}
   \                     ??cbMeshLevelingWin_8: (+1)
   \   000000B8   0x.... 0x....      BL       _Z11display_msgi
   \   000000BC   0xB009             ADD      SP,SP,#+36
   \   000000BE   0xBD30             POP      {R4,R5,PC}
   \                     ??cbMeshLevelingWin_5: (+1)
   \   000000C0   0x.... 0x....      LDR.W    R1,??DataTable25_4
   \   000000C4   0xF9B1 0x2000      LDRSH    R2,[R1, #+0]
   \   000000C8   0x4290             CMP      R0,R2
   \   000000CA   0xD10F             BNE.N    ??cbMeshLevelingWin_9
   \   000000CC   0x....             ADR.N    R0,??DataTable21  ;; "G91"
   \   000000CE   0x.... 0x....      BL       _Z27enqueue_and_echo_commands_PPKc
   \   000000D2   0x.... 0x....      LDR.W    R0,??DataTable25_3
   \   000000D6   0xF9B0 0x00BE      LDRSH    R0,[R0, #+190]
   \   000000DA   0x9000             STR      R0,[SP, #+0]
   \   000000DC   0x6D20             LDR      R0,[R4, #+80]
   \   000000DE   0x.... 0x....      BL       __aeabi_f2d
   \   000000E2   0x460B             MOV      R3,R1
   \   000000E4   0x4602             MOV      R2,R0
   \   000000E6   0x.... 0x....      ADR.W    R1,`?<Constant "G1 Z%3.1f F%d\\n">`
   \   000000EA   0xE012             B.N      ??cbMeshLevelingWin_10
   \                     ??cbMeshLevelingWin_9: (+1)
   \   000000EC   0xF9B1 0x1018      LDRSH    R1,[R1, #+24]
   \   000000F0   0x4288             CMP      R0,R1
   \   000000F2   0xD119             BNE.N    ??cbMeshLevelingWin_11
   \   000000F4   0x....             ADR.N    R0,??DataTable21  ;; "G91"
   \   000000F6   0x.... 0x....      BL       _Z27enqueue_and_echo_commands_PPKc
   \   000000FA   0x.... 0x....      LDR.W    R0,??DataTable25_3
   \   000000FE   0xF9B0 0x00BE      LDRSH    R0,[R0, #+190]
   \   00000102   0x9000             STR      R0,[SP, #+0]
   \   00000104   0x6D20             LDR      R0,[R4, #+80]
   \   00000106   0x.... 0x....      BL       __aeabi_f2d
   \   0000010A   0x460B             MOV      R3,R1
   \   0000010C   0x4602             MOV      R2,R0
   \   0000010E   0x.... 0x....      ADR.W    R1,`?<Constant "G1 Z-%3.1f F%d\\n">`
   \                     ??cbMeshLevelingWin_10: (+1)
   \   00000112   0xA801             ADD      R0,SP,#+4
   \   00000114   0x.... 0x....      BL       sprintf
   \   00000118   0xA801             ADD      R0,SP,#+4
   \   0000011A   0x.... 0x....      BL       _Z27enqueue_and_echo_commands_PPKc
   \   0000011E   0x....             ADR.N    R0,??DataTable23  ;; "G90"
   \   00000120   0x.... 0x....      BL       _Z27enqueue_and_echo_commands_PPKc
   \   00000124   0xB009             ADD      SP,SP,#+36
   \   00000126   0xBD30             POP      {R4,R5,PC}
   \                     ??cbMeshLevelingWin_11: (+1)
   \   00000128   0xF9B4 0x1038      LDRSH    R1,[R4, #+56]
   \   0000012C   0x4288             CMP      R0,R1
   \   0000012E   0xD112             BNE.N    ??cbMeshLevelingWin_1
   \   00000130   0x6D25             LDR      R5,[R4, #+80]
   \   00000132   0x4628             MOV      R0,R5
   \   00000134   0x.... 0x....      BL       __aeabi_f2iz
   \   00000138   0xEB00 0x0180      ADD      R1,R0,R0, LSL #+2
   \   0000013C   0x0048             LSLS     R0,R1,#+1
   \   0000013E   0xBF48             IT       MI 
   \   00000140   0x4240             RSBMI    R0,R0,#+0
   \   00000142   0x280A             CMP      R0,#+10
   \   00000144   0xBF0F             ITEEE    EQ 
   \   00000146   0x....             LDREQ.N  R0,??DataTable25_5  ;; 0x3dcccccd
   \   00000148   0x....             LDRNE.N  R0,??DataTable25_6  ;; 0x41200000
   \   0000014A   0x4629             MOVNE    R1,R5
   \   0000014C   0x.... 0x....      BLNE     __aeabi_fmul
   \   00000150   0x6520             STR      R0,[R4, #+80]
   \   00000152   0x.... 0x....      BL       _Z10disp_Zstepv
   \                     ??cbMeshLevelingWin_1: (+1)
   \   00000156   0xB009             ADD      SP,SP,#+36
   \   00000158   0xBD30             POP      {R4,R5,PC}       ;; return
    120          

   \                                 In section .text, align 2, keep-with-next
    121          void draw_meshleveling()
    122          {
   \                     draw_meshleveling: (+1)
   \   00000000   0xE92D 0x47F0      PUSH     {R4-R10,LR}
    123          	if(disp_state_stack._disp_state[disp_state_stack._disp_index] != MESHLEVELING_UI)
   \   00000004   0x....             LDR.N    R0,??DataTable25_7
   \   00000006   0xF990 0x1064      LDRSB    R1,[R0, #+100]
   \   0000000A   0xB086             SUB      SP,SP,#+24
   \   0000000C   0x560A             LDRSB    R2,[R1, R0]
   \   0000000E   0x2A1D             CMP      R2,#+29
   \   00000010   0xD005             BEQ.N    ??draw_meshleveling_0
    124          	{
    125          		disp_state_stack._disp_index++;
   \   00000012   0x1C49             ADDS     R1,R1,#+1
   \   00000014   0xF880 0x1064      STRB     R1,[R0, #+100]
    126          		disp_state_stack._disp_state[disp_state_stack._disp_index] = MESHLEVELING_UI;
   \   00000018   0x221D             MOVS     R2,#+29
   \   0000001A   0xB249             SXTB     R1,R1
   \   0000001C   0x540A             STRB     R2,[R1, R0]
    127          	}
    128          	
    129          	disp_state = MESHLEVELING_UI;	
   \                     ??draw_meshleveling_0: (+1)
   \   0000001E   0x201D             MOVS     R0,#+29
   \   00000020   0x....             LDR.N    R1,??DataTable25_8
    130          
    131          	GUI_SetBkColor(gCfgItems.background_color);
   \   00000022   0x....             LDR.N    R4,??DataTable25_3
   \   00000024   0x7008             STRB     R0,[R1, #+0]
   \   00000026   0x6960             LDR      R0,[R4, #+20]
   \   00000028   0x.... 0x....      BL       GUI_SetBkColor
    132          	GUI_SetColor(gCfgItems.title_color);
   \   0000002C   0xF104 0x0714      ADD      R7,R4,#+20
   \   00000030   0x6878             LDR      R0,[R7, #+4]
   \   00000032   0x.... 0x....      BL       GUI_SetColor
    133          	GUI_Clear();
   \   00000036   0x.... 0x....      BL       GUI_Clear
    134          
    135          	GUI_DispStringAt(creat_title_text(),  TITLE_XPOS, TITLE_YPOS); 
   \   0000003A   0x.... 0x....      BL       creat_title_text
   \   0000003E   0x2205             MOVS     R2,#+5
   \   00000040   0x2103             MOVS     R1,#+3
   \   00000042   0x.... 0x....      BL       GUI_DispStringAt
    136          
    137              
    138          	hMeshLevelingWnd = WM_CreateWindow(0, titleHeight, LCD_WIDTH, imgHeight, WM_CF_SHOW, cbMeshLevelingWin, 0);
   \   00000046   0x2000             MOVS     R0,#+0
   \   00000048   0x9002             STR      R0,[SP, #+8]
   \   0000004A   0xF44F 0x738E      MOV      R3,#+284
   \   0000004E   0x....             LDR.N    R0,??DataTable25_9
   \   00000050   0x....             LDR.N    R5,??DataTable25_1
   \   00000052   0x9001             STR      R0,[SP, #+4]
   \   00000054   0xF44F 0x72F0      MOV      R2,#+480
   \   00000058   0x2002             MOVS     R0,#+2
   \   0000005A   0x9000             STR      R0,[SP, #+0]
   \   0000005C   0x2124             MOVS     R1,#+36
   \   0000005E   0x2000             MOVS     R0,#+0
   \   00000060   0x.... 0x....      BL       WM_CreateWindow
   \   00000064   0x8028             STRH     R0,[R5, #+0]
    139          
    140          	buttonMesh.btnHandle = BUTTON_CreateEx((LCD_WIDTH/2-100)/2 , imgHeight/2+(imgHeight/2-50)/2, 100, 50, hMeshLevelingWnd, BUTTON_CF_SHOW, 0, alloc_win_id());
   \   00000066   0x.... 0x....      BL       alloc_win_id
   \   0000006A   0x9003             STR      R0,[SP, #+12]
   \   0000006C   0x2332             MOVS     R3,#+50
   \   0000006E   0x2000             MOVS     R0,#+0
   \   00000070   0x9002             STR      R0,[SP, #+8]
   \   00000072   0x2264             MOVS     R2,#+100
   \   00000074   0x2002             MOVS     R0,#+2
   \   00000076   0x9001             STR      R0,[SP, #+4]
   \   00000078   0x21BC             MOVS     R1,#+188
   \   0000007A   0xF9B5 0x0000      LDRSH    R0,[R5, #+0]
   \   0000007E   0x9000             STR      R0,[SP, #+0]
   \   00000080   0x2046             MOVS     R0,#+70
   \   00000082   0x.... 0x....      BL       BUTTON_CreateEx
   \   00000086   0x8428             STRH     R0,[R5, #+32]
    141              
    142          	buttonZadd.btnHandle = BUTTON_CreateEx(BTN_X_PIXEL*2+INTERVAL_V*3 , 0, BTN_X_PIXEL, BTN_Y_PIXEL, hMeshLevelingWnd, BUTTON_CF_SHOW, 0, alloc_win_id());
   \   00000088   0x.... 0x....      BL       alloc_win_id
   \   0000008C   0x9003             STR      R0,[SP, #+12]
   \   0000008E   0x2000             MOVS     R0,#+0
   \   00000090   0x9002             STR      R0,[SP, #+8]
   \   00000092   0x2002             MOVS     R0,#+2
   \   00000094   0x9001             STR      R0,[SP, #+4]
   \   00000096   0x238C             MOVS     R3,#+140
   \   00000098   0xF9B5 0x0000      LDRSH    R0,[R5, #+0]
   \   0000009C   0x....             LDR.N    R6,??DataTable25_4
   \   0000009E   0x9000             STR      R0,[SP, #+0]
   \   000000A0   0x2275             MOVS     R2,#+117
   \   000000A2   0x2100             MOVS     R1,#+0
   \   000000A4   0x20F0             MOVS     R0,#+240
   \   000000A6   0x.... 0x....      BL       BUTTON_CreateEx
   \   000000AA   0x8030             STRH     R0,[R6, #+0]
    143          	buttonZdec.btnHandle = BUTTON_CreateEx(BTN_X_PIXEL*2+INTERVAL_V*3 , BTN_Y_PIXEL+INTERVAL_H, BTN_X_PIXEL, BTN_Y_PIXEL, hMeshLevelingWnd, BUTTON_CF_SHOW, 0, alloc_win_id());
   \   000000AC   0x.... 0x....      BL       alloc_win_id
   \   000000B0   0x9003             STR      R0,[SP, #+12]
   \   000000B2   0x238C             MOVS     R3,#+140
   \   000000B4   0x2000             MOVS     R0,#+0
   \   000000B6   0x9002             STR      R0,[SP, #+8]
   \   000000B8   0x2275             MOVS     R2,#+117
   \   000000BA   0x2002             MOVS     R0,#+2
   \   000000BC   0x9001             STR      R0,[SP, #+4]
   \   000000BE   0x218E             MOVS     R1,#+142
   \   000000C0   0xF9B5 0x0000      LDRSH    R0,[R5, #+0]
   \   000000C4   0x9000             STR      R0,[SP, #+0]
   \   000000C6   0x20F0             MOVS     R0,#+240
   \   000000C8   0x.... 0x....      BL       BUTTON_CreateEx
   \   000000CC   0x8330             STRH     R0,[R6, #+24]
    144              buttonZstep.btnHandle = BUTTON_CreateEx(BTN_X_PIXEL*3+INTERVAL_V*4,  0,BTN_X_PIXEL, BTN_Y_PIXEL, hMeshLevelingWnd, BUTTON_CF_SHOW, 0, alloc_win_id());
   \   000000CE   0x.... 0x....      BL       alloc_win_id
   \   000000D2   0x9003             STR      R0,[SP, #+12]
   \   000000D4   0xF240 0x1867      MOVW     R8,#+359
   \   000000D8   0x2000             MOVS     R0,#+0
   \   000000DA   0x9002             STR      R0,[SP, #+8]
   \   000000DC   0x238C             MOVS     R3,#+140
   \   000000DE   0x2002             MOVS     R0,#+2
   \   000000E0   0x9001             STR      R0,[SP, #+4]
   \   000000E2   0x2275             MOVS     R2,#+117
   \   000000E4   0xF9B5 0x0000      LDRSH    R0,[R5, #+0]
   \   000000E8   0x9000             STR      R0,[SP, #+0]
   \   000000EA   0x2100             MOVS     R1,#+0
   \   000000EC   0x4640             MOV      R0,R8
   \   000000EE   0x.... 0x....      BL       BUTTON_CreateEx
   \   000000F2   0x8728             STRH     R0,[R5, #+56]
    145          
    146              buttonRet.btnHandle = BUTTON_CreateEx(BTN_X_PIXEL*3+INTERVAL_V*4,  BTN_Y_PIXEL+INTERVAL_H,BTN_X_PIXEL, BTN_Y_PIXEL, hMeshLevelingWnd, BUTTON_CF_SHOW, 0, alloc_win_id());
   \   000000F4   0x.... 0x....      BL       alloc_win_id
   \   000000F8   0x9003             STR      R0,[SP, #+12]
   \   000000FA   0x238C             MOVS     R3,#+140
   \   000000FC   0x2000             MOVS     R0,#+0
   \   000000FE   0x9002             STR      R0,[SP, #+8]
   \   00000100   0x2275             MOVS     R2,#+117
   \   00000102   0x2002             MOVS     R0,#+2
   \   00000104   0x9001             STR      R0,[SP, #+4]
   \   00000106   0x218E             MOVS     R1,#+142
   \   00000108   0xF9B5 0x0000      LDRSH    R0,[R5, #+0]
   \   0000010C   0x9000             STR      R0,[SP, #+0]
   \   0000010E   0x4640             MOV      R0,R8
   \   00000110   0x.... 0x....      BL       BUTTON_CreateEx
   \   00000114   0x8128             STRH     R0,[R5, #+8]
    147          
    148              LevelingMsg = TEXT_CreateEx(INTERVAL_V,5,BTN_X_PIXEL*2+INTERVAL_V,60, hMeshLevelingWnd, WM_CF_SHOW, GUI_TA_LEFT,   GUI_ID_TEXT1, "");
   \   00000116   0xF240 0x1861      MOVW     R8,#+353
   \   0000011A   0x2000             MOVS     R0,#+0
   \   0000011C   0x9002             STR      R0,[SP, #+8]
   \   0000011E   0x.... 0x....      ADR.W    R9,??DataTable25  ;; ""
   \   00000122   0x2002             MOVS     R0,#+2
   \   00000124   0x9001             STR      R0,[SP, #+4]
   \   00000126   0xF8CD 0x9010      STR      R9,[SP, #+16]
   \   0000012A   0xF8CD 0x800C      STR      R8,[SP, #+12]
   \   0000012E   0x233C             MOVS     R3,#+60
   \   00000130   0xF9B5 0x0000      LDRSH    R0,[R5, #+0]
   \   00000134   0x9000             STR      R0,[SP, #+0]
   \   00000136   0x22EC             MOVS     R2,#+236
   \   00000138   0x2105             MOVS     R1,#+5
   \   0000013A   0x2002             MOVS     R0,#+2
   \   0000013C   0x.... 0x....      BL       TEXT_CreateEx
   \   00000140   0x8068             STRH     R0,[R5, #+2]
    149              Zpos  = TEXT_CreateEx(INTERVAL_V,65,BTN_X_PIXEL*2+INTERVAL_V,30, hMeshLevelingWnd, WM_CF_SHOW, GUI_TA_LEFT,   GUI_ID_TEXT1, "");
   \   00000142   0xF8CD 0x9010      STR      R9,[SP, #+16]
   \   00000146   0x2000             MOVS     R0,#+0
   \   00000148   0x9002             STR      R0,[SP, #+8]
   \   0000014A   0xF8CD 0x800C      STR      R8,[SP, #+12]
   \   0000014E   0x2002             MOVS     R0,#+2
   \   00000150   0x9001             STR      R0,[SP, #+4]
   \   00000152   0x231E             MOVS     R3,#+30
   \   00000154   0xF9B5 0x0000      LDRSH    R0,[R5, #+0]
   \   00000158   0x9000             STR      R0,[SP, #+0]
   \   0000015A   0x22EC             MOVS     R2,#+236
   \   0000015C   0x2141             MOVS     R1,#+65
   \   0000015E   0x2002             MOVS     R0,#+2
   \   00000160   0x.... 0x....      BL       TEXT_CreateEx
   \   00000164   0x80A8             STRH     R0,[R5, #+4]
    150          
    151              BUTTON_SetBmpFileName(buttonZadd.btnHandle, "bmp_zAdd.bin",1);
   \   00000166   0x2201             MOVS     R2,#+1
   \   00000168   0xF9B6 0x0000      LDRSH    R0,[R6, #+0]
   \   0000016C   0x.... 0x....      ADR.W    R1,`?<Constant "bmp_zAdd.bin">`
   \   00000170   0x.... 0x....      BL       BUTTON_SetBmpFileName
    152              BUTTON_SetBmpFileName(buttonZdec.btnHandle, "bmp_zDec.bin",1);
   \   00000174   0xF9B6 0x0018      LDRSH    R0,[R6, #+24]
   \   00000178   0x.... 0x....      ADR.W    R1,`?<Constant "bmp_zDec.bin">`
   \   0000017C   0x2201             MOVS     R2,#+1
   \   0000017E   0x.... 0x....      BL       BUTTON_SetBmpFileName
    153              BUTTON_SetBmpFileName(buttonZstep.btnHandle, "bmp_leveling3.bin",1);
   \   00000182   0xF9B5 0x0038      LDRSH    R0,[R5, #+56]
   \   00000186   0x.... 0x....      ADR.W    R1,`?<Constant "bmp_leveling3.bin">`
   \   0000018A   0x2201             MOVS     R2,#+1
   \   0000018C   0x.... 0x....      BL       BUTTON_SetBmpFileName
    154              
    155              BUTTON_SetBmpFileName(buttonRet.btnHandle, "bmp_return.bin",1);
   \   00000190   0xF9B5 0x0008      LDRSH    R0,[R5, #+8]
   \   00000194   0x.... 0x....      ADR.W    R1,`?<Constant "bmp_return.bin">`
   \   00000198   0x2201             MOVS     R2,#+1
   \   0000019A   0x.... 0x....      BL       BUTTON_SetBmpFileName
    156              
    157              BUTTON_SetBmpFileName(buttonMesh.btnHandle, NULL,1);
   \   0000019E   0xF9B5 0x0020      LDRSH    R0,[R5, #+32]
   \   000001A2   0x2201             MOVS     R2,#+1
   \   000001A4   0x2100             MOVS     R1,#+0
   \   000001A6   0x.... 0x....      BL       BUTTON_SetBmpFileName
    158              
    159              BUTTON_SetTextAlign(buttonMesh.btnHandle, GUI_TA_VCENTER | GUI_TA_HCENTER);
   \   000001AA   0xF9B5 0x0020      LDRSH    R0,[R5, #+32]
   \   000001AE   0x210E             MOVS     R1,#+14
   \   000001B0   0x.... 0x....      BL       BUTTON_SetTextAlign
    160          
    161              disp_Zstep();
   \   000001B4   0x.... 0x....      BL       _Z10disp_Zstepv
    162              
    163          	BUTTON_SetBitmapEx(buttonZadd.btnHandle, 0, &bmp_struct, BMP_PIC_X, BMP_PIC_Y);
   \   000001B8   0x.... 0x....      LDR.W    R10,??DataTable25_10
   \   000001BC   0x.... 0x....      LDR.W    R9,??DataTable25_11
   \   000001C0   0xF99A 0x0000      LDRSB    R0,[R10, #+0]
   \   000001C4   0x9000             STR      R0,[SP, #+0]
   \   000001C6   0x2100             MOVS     R1,#+0
   \   000001C8   0x.... 0x....      LDR.W    R8,??DataTable25_12
   \   000001CC   0xF999 0x3000      LDRSB    R3,[R9, #+0]
   \   000001D0   0x5E70             LDRSH    R0,[R6, R1]
   \   000001D2   0x4642             MOV      R2,R8
   \   000001D4   0x.... 0x....      BL       BUTTON_SetBitmapEx
    164          	BUTTON_SetBitmapEx(buttonZdec.btnHandle, 0, &bmp_struct, BMP_PIC_X, BMP_PIC_Y);
   \   000001D8   0xF99A 0x0000      LDRSB    R0,[R10, #+0]
   \   000001DC   0xF999 0x3000      LDRSB    R3,[R9, #+0]
   \   000001E0   0x9000             STR      R0,[SP, #+0]
   \   000001E2   0x4642             MOV      R2,R8
   \   000001E4   0xF9B6 0x0018      LDRSH    R0,[R6, #+24]
   \   000001E8   0x2100             MOVS     R1,#+0
   \   000001EA   0x.... 0x....      BL       BUTTON_SetBitmapEx
    165          	BUTTON_SetBitmapEx(buttonZstep.btnHandle, 0, &bmp_struct, BMP_PIC_X, BMP_PIC_Y);
   \   000001EE   0xF99A 0x0000      LDRSB    R0,[R10, #+0]
   \   000001F2   0xF999 0x3000      LDRSB    R3,[R9, #+0]
   \   000001F6   0x9000             STR      R0,[SP, #+0]
   \   000001F8   0x4642             MOV      R2,R8
   \   000001FA   0xF9B5 0x0038      LDRSH    R0,[R5, #+56]
   \   000001FE   0x2100             MOVS     R1,#+0
   \   00000200   0x.... 0x....      BL       BUTTON_SetBitmapEx
    166          	BUTTON_SetBitmapEx(buttonRet.btnHandle, 0, &bmp_struct, BMP_PIC_X, BMP_PIC_Y);   
   \   00000204   0xF99A 0x0000      LDRSB    R0,[R10, #+0]
   \   00000208   0xF999 0x3000      LDRSB    R3,[R9, #+0]
   \   0000020C   0x9000             STR      R0,[SP, #+0]
   \   0000020E   0x4642             MOV      R2,R8
   \   00000210   0xF9B5 0x0008      LDRSH    R0,[R5, #+8]
   \   00000214   0x2100             MOVS     R1,#+0
   \   00000216   0x.... 0x....      BL       BUTTON_SetBitmapEx
    167          	TEXT_SetBkColor(LevelingMsg,gCfgItems.background_color);
   \   0000021A   0x6961             LDR      R1,[R4, #+20]
   \   0000021C   0xF9B5 0x0002      LDRSH    R0,[R5, #+2]
   \   00000220   0x.... 0x....      BL       TEXT_SetBkColor
    168          	TEXT_SetBkColor(Zpos,gCfgItems.background_color); 
   \   00000224   0x6961             LDR      R1,[R4, #+20]
   \   00000226   0xF9B5 0x0004      LDRSH    R0,[R5, #+4]
   \   0000022A   0x.... 0x....      BL       TEXT_SetBkColor
    169          	TEXT_SetTextColor(LevelingMsg,gCfgItems.title_color);
   \   0000022E   0x6879             LDR      R1,[R7, #+4]
   \   00000230   0xF9B5 0x0002      LDRSH    R0,[R5, #+2]
   \   00000234   0x.... 0x....      BL       TEXT_SetTextColor
    170          	TEXT_SetTextColor(Zpos,gCfgItems.title_color);
   \   00000238   0x6879             LDR      R1,[R7, #+4]
   \   0000023A   0xF9B5 0x0004      LDRSH    R0,[R5, #+4]
   \   0000023E   0x.... 0x....      BL       TEXT_SetTextColor
    171          
    172              disp_zpos();
   \   00000242   0xA800             ADD      R0,SP,#+0
   \   00000244   0x2100             MOVS     R1,#+0
   \   00000246   0x2200             MOVS     R2,#+0
   \   00000248   0x460B             MOV      R3,R1
   \   0000024A   0xC00E             STM      R0!,{R1-R3}
   \   0000024C   0x....             LDR.N    R0,??DataTable25_13
   \   0000024E   0x6880             LDR      R0,[R0, #+8]
   \   00000250   0x.... 0x....      BL       __aeabi_f2d
   \   00000254   0x4602             MOV      R2,R0
   \   00000256   0x460B             MOV      R3,R1
   \   00000258   0x.... 0x....      ADR.W    R1,`?<Constant "Z: %.3f">`
   \   0000025C   0xA800             ADD      R0,SP,#+0
   \   0000025E   0x.... 0x....      BL       sprintf
   \   00000262   0xF9B5 0x0004      LDRSH    R0,[R5, #+4]
   \   00000266   0xA900             ADD      R1,SP,#+0
   \   00000268   0x.... 0x....      BL       TEXT_SetText
    173          
    174              if(gCfgItems.multiple_language != 0)
   \   0000026C   0xF894 0x01CF      LDRB     R0,[R4, #+463]
   \   00000270   0xB1E0             CBZ.N    R0,??draw_meshleveling_1
    175              {
    176                  BUTTON_SetText(buttonZadd.btnHandle, move_menu.z_add);
   \   00000272   0x....             LDR.N    R4,??DataTable25_14
   \   00000274   0xF9B6 0x0000      LDRSH    R0,[R6, #+0]
   \   00000278   0x6961             LDR      R1,[R4, #+20]
   \   0000027A   0x.... 0x....      BL       BUTTON_SetText
    177                  BUTTON_SetText(buttonZdec.btnHandle,move_menu.z_dec);
   \   0000027E   0x69A1             LDR      R1,[R4, #+24]
   \   00000280   0xF9B6 0x0018      LDRSH    R0,[R6, #+24]
   \   00000284   0x.... 0x....      BL       BUTTON_SetText
    178          
    179                  BUTTON_SetText(buttonRet.btnHandle, common_menu.text_back);
   \   00000288   0x....             LDR.N    R0,??DataTable25_15
   \   0000028A   0x6801             LDR      R1,[R0, #+0]
   \   0000028C   0xF9B5 0x0008      LDRSH    R0,[R5, #+8]
   \   00000290   0x.... 0x....      BL       BUTTON_SetText
    180                  BUTTON_SetText(buttonMesh.btnHandle,"start");
   \   00000294   0xF9B5 0x0020      LDRSH    R0,[R5, #+32]
   \   00000298   0x.... 0x....      ADR.W    R1,`?<Constant "start">`
   \   0000029C   0x.... 0x....      BL       BUTTON_SetText
    181          
    182                  TEXT_SetText(LevelingMsg, "Click <start> to\nstart leveling.");
   \   000002A0   0xF9B5 0x0002      LDRSH    R0,[R5, #+2]
   \   000002A4   0x.... 0x....      ADR.W    R1,`?<Constant "Click <start> to\\nstar...">`
   \   000002A8   0x.... 0x....      BL       TEXT_SetText
    183              }
    184          
    185          }
   \                     ??draw_meshleveling_1: (+1)
   \   000002AC   0xB006             ADD      SP,SP,#+24
   \   000002AE   0xE8BD 0x87F0      POP      {R4-R10,PC}      ;; return

   \                                 In section .text, align 2, keep-with-next
    186          void disp_zpos()
    187          {
   \                     disp_zpos: (+1)
   \   00000000   0xB500             PUSH     {LR}
   \   00000002   0xB083             SUB      SP,SP,#+12
    188              char zbuf[10]={0};
   \   00000004   0xA800             ADD      R0,SP,#+0
   \   00000006   0x2100             MOVS     R1,#+0
   \   00000008   0x2200             MOVS     R2,#+0
   \   0000000A   0x460B             MOV      R3,R1
   \   0000000C   0xC00E             STM      R0!,{R1-R3}
    189              sprintf(zbuf,"Z: %.3f",current_position[Z_AXIS]);
   \   0000000E   0x....             LDR.N    R0,??DataTable25_13
   \   00000010   0x6880             LDR      R0,[R0, #+8]
   \   00000012   0x.... 0x....      BL       __aeabi_f2d
   \   00000016   0x4602             MOV      R2,R0
   \   00000018   0x460B             MOV      R3,R1
   \   0000001A   0x.... 0x....      ADR.W    R1,`?<Constant "Z: %.3f">`
   \   0000001E   0xA800             ADD      R0,SP,#+0
   \   00000020   0x.... 0x....      BL       sprintf
    190              TEXT_SetText(Zpos,zbuf);
   \   00000024   0x....             LDR.N    R0,??DataTable25_1
   \   00000026   0xF9B0 0x0004      LDRSH    R0,[R0, #+4]
   \   0000002A   0xA900             ADD      R1,SP,#+0
   \   0000002C   0x.... 0x....      BL       TEXT_SetText
    191          }
   \   00000030   0xB003             ADD      SP,SP,#+12
   \   00000032   0xBD00             POP      {PC}             ;; return

   \                                 In section .text, align 2, keep-with-next
    192          void disp_Zstep()
    193          {
   \                     _Z10disp_Zstepv: (+1)
   \   00000000   0xB538             PUSH     {R3-R5,LR}
    194          	char buf[30] = {0};
                 	     ^
Warning[Pe177]: variable "buf" was declared but never referenced

  static TEXT_Handle LevelingMsg,Zpos,PointNumb;
                                      ^
"D:\MKS-Robin-Nano-Firmware-v2.x.x\MKS-Robin-Nano-Firmware\User\ui\draw_mesh_leveling.cpp",9  Warning[Pe177]: 
          variable "PointNumb" was declared but never referenced
    195          		
    196          	if((int)(10 * zstep) == 1)
   \   00000002   0x....             LDR.N    R5,??DataTable25_1
   \   00000004   0x....             LDR.N    R4,??DataTable25_6  ;; 0x41200000
   \   00000006   0x6D28             LDR      R0,[R5, #+80]
   \   00000008   0x4621             MOV      R1,R4
   \   0000000A   0x.... 0x....      BL       __aeabi_fmul
   \   0000000E   0x.... 0x....      BL       __aeabi_f2iz
   \   00000012   0x2801             CMP      R0,#+1
   \   00000014   0xD103             BNE.N    ??disp_Zstep_0
    197          	{
    198          		BUTTON_SetBmpFileName(buttonZstep.btnHandle, "bmp_step_move0_1.bin",1);
   \   00000016   0x2201             MOVS     R2,#+1
   \   00000018   0x.... 0x....      ADR.W    R1,`?<Constant "bmp_step_move0_1.bin">`
   \   0000001C   0xE004             B.N      ??disp_Zstep_1
    199          	}
    200          	else if((int)(10 * zstep) == 10)
   \                     ??disp_Zstep_0: (+1)
   \   0000001E   0x280A             CMP      R0,#+10
   \   00000020   0xD106             BNE.N    ??disp_Zstep_2
    201          	{
    202          		BUTTON_SetBmpFileName(buttonZstep.btnHandle, "bmp_step_move1.bin",1);
   \   00000022   0x.... 0x....      ADR.W    R1,`?<Constant "bmp_step_move1.bin">`
   \   00000026   0x2201             MOVS     R2,#+1
   \                     ??disp_Zstep_1: (+1)
   \   00000028   0xF9B5 0x0038      LDRSH    R0,[R5, #+56]
   \   0000002C   0x.... 0x....      BL       BUTTON_SetBmpFileName
    203          	}
    204          
    205          	if(gCfgItems.multiple_language != 0)
   \                     ??disp_Zstep_2: (+1)
   \   00000030   0x....             LDR.N    R0,??DataTable25_3
   \   00000032   0xF890 0x01CF      LDRB     R0,[R0, #+463]
   \   00000036   0xB1A0             CBZ.N    R0,??disp_Zstep_3
    206          	{
    207          		if((int)(10 * zstep) == 1)
   \   00000038   0x6D28             LDR      R0,[R5, #+80]
   \   0000003A   0x4621             MOV      R1,R4
   \   0000003C   0x.... 0x....      BL       __aeabi_fmul
   \   00000040   0x.... 0x....      BL       __aeabi_f2iz
   \   00000044   0x2801             CMP      R0,#+1
   \   00000046   0xD102             BNE.N    ??disp_Zstep_4
    208          			BUTTON_SetText(buttonZstep.btnHandle,move_menu.step_01mm);
   \   00000048   0x....             LDR.N    R0,??DataTable25_14
   \   0000004A   0x6A41             LDR      R1,[R0, #+36]
   \   0000004C   0xE003             B.N      ??disp_Zstep_5
    209          		else if((int)(10 * zstep) == 10)
   \                     ??disp_Zstep_4: (+1)
   \   0000004E   0x280A             CMP      R0,#+10
   \   00000050   0xD107             BNE.N    ??disp_Zstep_3
    210          			BUTTON_SetText(buttonZstep.btnHandle,move_menu.step_1mm);
   \   00000052   0x....             LDR.N    R0,??DataTable25_14
   \   00000054   0x6A81             LDR      R1,[R0, #+40]
   \                     ??disp_Zstep_5: (+1)
   \   00000056   0xF9B5 0x0038      LDRSH    R0,[R5, #+56]
   \   0000005A   0xE8BD 0x4034      POP      {R2,R4,R5,LR}
   \   0000005E   0x.... 0x....      B.W      BUTTON_SetText
    211          
    212          	}	
    213          
    214          		
    215          	
    216          }
   \                     ??disp_Zstep_3: (+1)
   \   00000062   0xBD31             POP      {R0,R4,R5,PC}    ;; return
    217          

   \                                 In section .text, align 2, keep-with-next
    218          void Clear_MeshLeveling()
    219          {
   \                     Clear_MeshLeveling: (+1)
   \   00000000   0xB510             PUSH     {R4,LR}
    220          	GUI_SetBkColor(gCfgItems.background_color);
   \   00000002   0x....             LDR.N    R0,??DataTable25_3
   \   00000004   0x6940             LDR      R0,[R0, #+20]
   \   00000006   0x.... 0x....      BL       GUI_SetBkColor
    221          	if(WM_IsWindow(hMeshLevelingWnd))
   \   0000000A   0x....             LDR.N    R4,??DataTable25_1
   \   0000000C   0xF9B4 0x0000      LDRSH    R0,[R4, #+0]
   \   00000010   0x.... 0x....      BL       WM_IsWindow
   \   00000014   0xB138             CBZ.N    R0,??Clear_MeshLeveling_0
    222          	{
    223          		WM_DeleteWindow(hMeshLevelingWnd);
   \   00000016   0xF9B4 0x0000      LDRSH    R0,[R4, #+0]
   \   0000001A   0x.... 0x....      BL       WM_DeleteWindow
    224          		GUI_Exec();
   \   0000001E   0xE8BD 0x4010      POP      {R4,LR}
   \   00000022   0x.... 0x....      B.W      GUI_Exec
    225          	}
    226          
    227          }
   \                     ??Clear_MeshLeveling_0: (+1)
   \   00000026   0xBD10             POP      {R4,PC}          ;; return

   \                                 In section .text, align 4, keep-with-next
   \                     ??DataTable21:
   \   00000000   0x47 0x39          DC8      "G91"
   \              0x31 0x00    

   \                                 In section .text, align 4, keep-with-next
   \                     ??DataTable23:
   \   00000000   0x47 0x39          DC8      "G90"
   \              0x30 0x00    

   \                                 In section .text, align 4, keep-with-next
   \                     ??DataTable25:
   \   00000000   0x00 0x00          DC8      "",0x0,0x0,0x0
   \              0x00 0x00    

   \                                 In section .text, align 4, keep-with-next
   \                     ??DataTable25_1:
   \   00000000   0x........         DC32     hMeshLevelingWnd

   \                                 In section .text, align 4, keep-with-next
   \                     ??DataTable25_2:
   \   00000000   0x........         DC32     mksCfg

   \                                 In section .text, align 4, keep-with-next
   \                     ??DataTable25_3:
   \   00000000   0x........         DC32     gCfgItems

   \                                 In section .text, align 4, keep-with-next
   \                     ??DataTable25_4:
   \   00000000   0x........         DC32     buttonZadd

   \                                 In section .text, align 4, keep-with-next
   \                     ??DataTable25_5:
   \   00000000   0x3DCCCCCD         DC32     0x3dcccccd

   \                                 In section .text, align 4, keep-with-next
   \                     ??DataTable25_6:
   \   00000000   0x41200000         DC32     0x41200000

   \                                 In section .text, align 4, keep-with-next
   \                     ??DataTable25_7:
   \   00000000   0x........         DC32     disp_state_stack

   \                                 In section .text, align 4, keep-with-next
   \                     ??DataTable25_8:
   \   00000000   0x........         DC32     disp_state

   \                                 In section .text, align 4, keep-with-next
   \                     ??DataTable25_9:
   \   00000000   0x........         DC32     _Z17cbMeshLevelingWinP10WM_MESSAGE

   \                                 In section .text, align 4, keep-with-next
   \                     ??DataTable25_10:
   \   00000000   0x........         DC32     BMP_PIC_Y

   \                                 In section .text, align 4, keep-with-next
   \                     ??DataTable25_11:
   \   00000000   0x........         DC32     BMP_PIC_X

   \                                 In section .text, align 4, keep-with-next
   \                     ??DataTable25_12:
   \   00000000   0x........         DC32     bmp_struct

   \                                 In section .text, align 4, keep-with-next
   \                     ??DataTable25_13:
   \   00000000   0x........         DC32     current_position

   \                                 In section .text, align 4, keep-with-next
   \                     ??DataTable25_14:
   \   00000000   0x........         DC32     move_menu

   \                                 In section .text, align 4, keep-with-next
   \                     ??DataTable25_15:
   \   00000000   0x........         DC32     common_menu

   \                                 In section .text, align 4, keep-with-next
   \                     `?<Constant "MBL point %d of %d">`:
   \   00000000   0x4D 0x42          DC8 "MBL point %d of %d"
   \              0x4C 0x20    
   \              0x70 0x6F    
   \              0x69 0x6E    
   \              0x74 0x20    
   \              0x25 0x64    
   \              0x20 0x6F    
   \              0x66 0x20    
   \              0x25 0x64    
   \              0x00         
   \   00000013   0x00               DC8 0

   \                                 In section .text, align 4, keep-with-next
   \                     `?<Constant "G29 S1">`:
   \   00000000   0x47 0x32          DC8 "G29 S1"
   \              0x39 0x20    
   \              0x53 0x31    
   \              0x00         
   \   00000007   0x00               DC8 0

   \                                 In section .text, align 4, keep-with-next
   \                     `?<Constant "next">`:
   \   00000000   0x6E 0x65          DC8 "next"
   \              0x78 0x74    
   \              0x00         
   \   00000005   0x00 0x00          DC8 0, 0, 0
   \              0x00         

   \                                 In section .text, align 4, keep-with-next
   \                     `?<Constant "G29 S2">`:
   \   00000000   0x47 0x32          DC8 "G29 S2"
   \              0x39 0x20    
   \              0x53 0x32    
   \              0x00         
   \   00000007   0x00               DC8 0

   \                                 In section .text, align 4, keep-with-next
   \                     `?<Constant "Mesh probing done.">`:
   \   00000000   0x4D 0x65          DC8 "Mesh probing done."
   \              0x73 0x68    
   \              0x20 0x70    
   \              0x72 0x6F    
   \              0x62 0x69    
   \              0x6E 0x67    
   \              0x20 0x64    
   \              0x6F 0x6E    
   \              0x65 0x2E    
   \              0x00         
   \   00000013   0x00               DC8 0

   \                                 In section .text, align 4, keep-with-next
   \                     `?<Constant "start">`:
   \   00000000   0x73 0x74          DC8 "start"
   \              0x61 0x72    
   \              0x74 0x00    
   \   00000006   0x00 0x00          DC8 0, 0

   \                                 In section .text, align 4, keep-with-next
   \                     `?<Constant "G1 Z%3.1f F%d\\n">`:
   \   00000000   0x47 0x31          DC8 "G1 Z%3.1f F%d\012"
   \              0x20 0x5A    
   \              0x25 0x33    
   \              0x2E 0x31    
   \              0x66 0x20    
   \              0x46 0x25    
   \              0x64 0x0A    
   \              0x00         
   \   0000000F   0x00               DC8 0

   \                                 In section .text, align 4, keep-with-next
   \                     `?<Constant "G1 Z-%3.1f F%d\\n">`:
   \   00000000   0x47 0x31          DC8 "G1 Z-%3.1f F%d\012"
   \              0x20 0x5A    
   \              0x2D 0x25    
   \              0x33 0x2E    
   \              0x31 0x66    
   \              0x20 0x46    
   \              0x25 0x64    
   \              0x0A 0x00    

   \                                 In section .text, align 4, keep-with-next
   \                     `?<Constant "bmp_zAdd.bin">`:
   \   00000000   0x62 0x6D          DC8 "bmp_zAdd.bin"
   \              0x70 0x5F    
   \              0x7A 0x41    
   \              0x64 0x64    
   \              0x2E 0x62    
   \              0x69 0x6E    
   \              0x00         
   \   0000000D   0x00 0x00          DC8 0, 0, 0
   \              0x00         

   \                                 In section .text, align 4, keep-with-next
   \                     `?<Constant "bmp_zDec.bin">`:
   \   00000000   0x62 0x6D          DC8 "bmp_zDec.bin"
   \              0x70 0x5F    
   \              0x7A 0x44    
   \              0x65 0x63    
   \              0x2E 0x62    
   \              0x69 0x6E    
   \              0x00         
   \   0000000D   0x00 0x00          DC8 0, 0, 0
   \              0x00         

   \                                 In section .text, align 4, keep-with-next
   \                     `?<Constant "bmp_leveling3.bin">`:
   \   00000000   0x62 0x6D          DC8 "bmp_leveling3.bin"
   \              0x70 0x5F    
   \              0x6C 0x65    
   \              0x76 0x65    
   \              0x6C 0x69    
   \              0x6E 0x67    
   \              0x33 0x2E    
   \              0x62 0x69    
   \              0x6E 0x00    
   \   00000012   0x00 0x00          DC8 0, 0

   \                                 In section .text, align 4, keep-with-next
   \                     `?<Constant "bmp_return.bin">`:
   \   00000000   0x62 0x6D          DC8 "bmp_return.bin"
   \              0x70 0x5F    
   \              0x72 0x65    
   \              0x74 0x75    
   \              0x72 0x6E    
   \              0x2E 0x62    
   \              0x69 0x6E    
   \              0x00         
   \   0000000F   0x00               DC8 0

   \                                 In section .text, align 4, keep-with-next
   \                     `?<Constant "Click <start> to\\nstar...">`:
   \   00000000   0x43 0x6C          DC8 "Click <start> to\012start leveling."
   \              0x69 0x63    
   \              0x6B 0x20    
   \              0x3C 0x73    
   \              0x74 0x61    
   \              0x72 0x74    
   \              0x3E 0x20    
   \              0x74 0x6F    
   \              0x0A 0x73    
   \              0x74 0x61    
   \              0x72 0x74    
   \              0x20 0x6C    
   \              0x65 0x76    
   \              0x65 0x6C    
   \              0x69 0x6E    
   \              0x67 0x2E    
   \              0x00         
   \   00000021   0x00 0x00          DC8 0, 0, 0
   \              0x00         

   \                                 In section .text, align 4, keep-with-next
   \                     `?<Constant "Z: %.3f">`:
   \   00000000   0x5A 0x3A          DC8 "Z: %.3f"
   \              0x20 0x25    
   \              0x2E 0x33    
   \              0x66 0x00    

   \                                 In section .text, align 4, keep-with-next
   \                     `?<Constant "bmp_step_move0_1.bin">`:
   \   00000000   0x62 0x6D          DC8 "bmp_step_move0_1.bin"
   \              0x70 0x5F    
   \              0x73 0x74    
   \              0x65 0x70    
   \              0x5F 0x6D    
   \              0x6F 0x76    
   \              0x65 0x30    
   \              0x5F 0x31    
   \              0x2E 0x62    
   \              0x69 0x6E    
   \              0x00         
   \   00000015   0x00 0x00          DC8 0, 0, 0
   \              0x00         

   \                                 In section .text, align 4, keep-with-next
   \                     `?<Constant "bmp_step_move1.bin">`:
   \   00000000   0x62 0x6D          DC8 "bmp_step_move1.bin"
   \              0x70 0x5F    
   \              0x73 0x74    
   \              0x65 0x70    
   \              0x5F 0x6D    
   \              0x6F 0x76    
   \              0x65 0x31    
   \              0x2E 0x62    
   \              0x69 0x6E    
   \              0x00         
   \   00000013   0x00               DC8 0

   \                                 In section .rodata, align 4, keep-with-next
   \                     `?<Constant "G91">`:
   \   00000000   0x47 0x39          DC8 "G91"
   \              0x31 0x00    

   \                                 In section .rodata, align 4, keep-with-next
   \                     `?<Constant "G90">`:
   \   00000000   0x47 0x39          DC8 "G90"
   \              0x30 0x00    

   \                                 In section .rodata, align 1, keep-with-next
   \                     `?<Constant "">`:
   \   00000000   0x00               DC8 ""

   \                                 In section .rodata, align 4, keep-with-next
   \                     `?<Constant {'\\000'}>`:
   \   00000000   0x00 0x00          DC8 0, 0, 0, 0, 0, 0, 0, 0, 0, 0, 0, 0
   \              0x00 0x00    
   \              0x00 0x00    
   \              0x00 0x00    
   \              0x00 0x00    
   \              0x00 0x00    
    228          
    229          

   Maximum stack usage in bytes:

   .cstack Function
   ------- --------
       8   Clear_MeshLeveling
         0   -> GUI_Exec
         8   -> GUI_SetBkColor
         8   -> WM_DeleteWindow
         8   -> WM_IsWindow
      48   cbMeshLevelingWin(WM_MESSAGE *)
        48   -> BUTTON_SetText
        48   -> GUI_Exec
        48   -> GUI_SetBkColor
        48   -> TEXT_SetText
        48   -> WM_DeleteWindow
        48   -> WM_IsWindow
        48   -> __aeabi_f2d
        48   -> __aeabi_f2iz
        48   -> __aeabi_fmul
        48   -> disp_Zstep()
        48   -> display_msg(int)
        48   -> draw_return_ui
        48   -> enqueue_and_echo_commands_P(char const *)
        48   -> sprintf
      16   disp_Zstep()
        16   -> BUTTON_SetBmpFileName
         0   -> BUTTON_SetText
        16   -> __aeabi_f2iz
        16   -> __aeabi_fmul
      16   disp_zpos
        16   -> TEXT_SetText
        16   -> __aeabi_f2d
        16   -> sprintf
      48   display_msg(int)
        48   -> TEXT_SetText
        48   -> __aeabi_memset4
        48   -> sprintf
      56   draw_meshleveling
        56   -> BUTTON_CreateEx
        56   -> BUTTON_SetBitmapEx
        56   -> BUTTON_SetBmpFileName
        56   -> BUTTON_SetText
        56   -> BUTTON_SetTextAlign
        56   -> GUI_Clear
        56   -> GUI_DispStringAt
        56   -> GUI_SetBkColor
        56   -> GUI_SetColor
        56   -> TEXT_CreateEx
        56   -> TEXT_SetBkColor
        56   -> TEXT_SetText
        56   -> TEXT_SetTextColor
        56   -> WM_CreateWindow
        56   -> __aeabi_f2d
        56   -> alloc_win_id
        56   -> creat_title_text
        56   -> disp_Zstep()
        56   -> sprintf


   Section sizes:

   Bytes  Function/Label
   -----  --------------
       1  ?<Constant "">
      36  ?<Constant "Click <start> to\nstar...">
      16  ?<Constant "G1 Z%3.1f F%d\n">
      16  ?<Constant "G1 Z-%3.1f F%d\n">
       8  ?<Constant "G29 S1">
       8  ?<Constant "G29 S2">
       4  ?<Constant "G90">
       4  ?<Constant "G91">
      20  ?<Constant "MBL point %d of %d">
      20  ?<Constant "Mesh probing done.">
       8  ?<Constant "Z: %.3f">
      20  ?<Constant "bmp_leveling3.bin">
      16  ?<Constant "bmp_return.bin">
      24  ?<Constant "bmp_step_move0_1.bin">
      20  ?<Constant "bmp_step_move1.bin">
      16  ?<Constant "bmp_zAdd.bin">
      16  ?<Constant "bmp_zDec.bin">
       8  ?<Constant "next">
       8  ?<Constant "start">
      12  ?<Constant {'\000'}>
       4  ??DataTable21
       4  ??DataTable23
       4  ??DataTable25
       4  ??DataTable25_1
       4  ??DataTable25_10
       4  ??DataTable25_11
       4  ??DataTable25_12
       4  ??DataTable25_13
       4  ??DataTable25_14
       4  ??DataTable25_15
       4  ??DataTable25_2
       4  ??DataTable25_3
       4  ??DataTable25_4
       4  ??DataTable25_5
       4  ??DataTable25_6
       4  ??DataTable25_7
       4  ??DataTable25_8
       4  ??DataTable25_9
      40  Clear_MeshLeveling
      48  buttonZadd
          buttonZdec
     346  cbMeshLevelingWin(WM_MESSAGE *)
     100  disp_Zstep()
      52  disp_zpos
      72  display_msg(int)
     690  draw_meshleveling
      88  hMeshLevelingWnd
          LevelingMsg
          Zpos
          buttonRet
          buttonMesh
          buttonZstep
          zstep
          G29_cnt
       1  -- Other

 
    48 bytes in section .bss
    88 bytes in section .data
    22 bytes in section .rodata
 1 632 bytes in section .text
 
 1 632 bytes of CODE  memory
    21 bytes of CONST memory (+ 1 byte shared)
   136 bytes of DATA  memory

Errors: none
Warnings: 24
