###############################################################################
#
# IAR ANSI C/C++ Compiler V7.10.1.6676/W32 for ARM        13/Apr/2020  09:24:18
# Copyright 1999-2014 IAR Systems AB.
#
#    Cpu mode     =  thumb
#    Endian       =  little
#    Source file  =  
#        D:\MKS-Robin-Nano-Firmware-v2.x.x\MKS-Robin-Nano-Firmware\User\ui\draw_machine_para.cpp
#    Command line =  
#        D:\MKS-Robin-Nano-Firmware-v2.x.x\MKS-Robin-Nano-Firmware\User\ui\draw_machine_para.cpp
#        -D USE_HAL_DRIVER -D STM32F103xE -D STM32F10X_HD -D USE_HAL_LIB -D
#        MKS_ROBIN_NANO -D TFT35 -lC
#        D:\MKS-Robin-Nano-Firmware-v2.x.x\MKS-Robin-Nano-Firmware\EWARM\mksRobinNano/List\
#        -lA
#        D:\MKS-Robin-Nano-Firmware-v2.x.x\MKS-Robin-Nano-Firmware\EWARM\mksRobinNano/List\
#        --diag_suppress Pa050 -o
#        D:\MKS-Robin-Nano-Firmware-v2.x.x\MKS-Robin-Nano-Firmware\EWARM\mksRobinNano/Obj\
#        --debug --endian=little --cpu=Cortex-M3 -e --char_is_signed --fpu=None
#        --dlib_config "C:\Program Files (x86)\IAR Systems\Embedded Workbench
#        7.0\arm\INC\c\DLib_Config_Full.h" -I
#        D:\MKS-Robin-Nano-Firmware-v2.x.x\MKS-Robin-Nano-Firmware\EWARM/../Inc\
#        -I
#        D:\MKS-Robin-Nano-Firmware-v2.x.x\MKS-Robin-Nano-Firmware\EWARM/../Src\
#        -I
#        D:\MKS-Robin-Nano-Firmware-v2.x.x\MKS-Robin-Nano-Firmware\EWARM/../Drivers/STM32F1xx_HAL_Driver/Inc\
#        -I
#        D:\MKS-Robin-Nano-Firmware-v2.x.x\MKS-Robin-Nano-Firmware\EWARM/../Drivers/STM32F1xx_HAL_Driver/Inc/Legacy\
#        -I
#        D:\MKS-Robin-Nano-Firmware-v2.x.x\MKS-Robin-Nano-Firmware\EWARM/../Middlewares/Third_Party/FatFs/src/drivers\
#        -I
#        D:\MKS-Robin-Nano-Firmware-v2.x.x\MKS-Robin-Nano-Firmware\EWARM/../Middlewares/ST/STM32_USB_Host_Library/Core/Inc\
#        -I
#        D:\MKS-Robin-Nano-Firmware-v2.x.x\MKS-Robin-Nano-Firmware\EWARM/../Middlewares/ST/STM32_USB_Host_Library/Class/MSC/Inc\
#        -I
#        D:\MKS-Robin-Nano-Firmware-v2.x.x\MKS-Robin-Nano-Firmware\EWARM/../Drivers/CMSIS/Device/ST/STM32F1xx/Include\
#        -I
#        D:\MKS-Robin-Nano-Firmware-v2.x.x\MKS-Robin-Nano-Firmware\EWARM/../Middlewares/Third_Party/FatFs/src\
#        -I
#        D:\MKS-Robin-Nano-Firmware-v2.x.x\MKS-Robin-Nano-Firmware\EWARM/../Middlewares/Third_Party/Marlin\
#        -I
#        D:\MKS-Robin-Nano-Firmware-v2.x.x\MKS-Robin-Nano-Firmware\EWARM/../Drivers/CMSIS/Include\
#        -I
#        D:\MKS-Robin-Nano-Firmware-v2.x.x\MKS-Robin-Nano-Firmware\EWARM/../Drivers/BSP/variant\
#        -I
#        D:\MKS-Robin-Nano-Firmware-v2.x.x\MKS-Robin-Nano-Firmware\EWARM/../Drivers/BSP/Components/at24cxx\
#        -I
#        D:\MKS-Robin-Nano-Firmware-v2.x.x\MKS-Robin-Nano-Firmware\EWARM/../Drivers/BSP/Components/w25qxx\
#        -I
#        D:\MKS-Robin-Nano-Firmware-v2.x.x\MKS-Robin-Nano-Firmware\EWARM/../Drivers/BSP/Components/lcd\
#        -I
#        D:\MKS-Robin-Nano-Firmware-v2.x.x\MKS-Robin-Nano-Firmware\EWARM/../Drivers/STM32F10x_StdPeriph_Driver/inc\
#        -I
#        D:\MKS-Robin-Nano-Firmware-v2.x.x\MKS-Robin-Nano-Firmware\EWARM/../Drivers/libstmf4/include\
#        -I
#        D:\MKS-Robin-Nano-Firmware-v2.x.x\MKS-Robin-Nano-Firmware\EWARM/../Middlewares/arduino/stm32/cores/arduino\
#        -I
#        D:\MKS-Robin-Nano-Firmware-v2.x.x\MKS-Robin-Nano-Firmware\EWARM/../User/ui\
#        -I
#        D:\MKS-Robin-Nano-Firmware-v2.x.x\MKS-Robin-Nano-Firmware\EWARM/../User/ui/Multi_language\
#        -I
#        D:\MKS-Robin-Nano-Firmware-v2.x.x\MKS-Robin-Nano-Firmware\EWARM/../User/ui/QRENCODE\
#        -I
#        D:\MKS-Robin-Nano-Firmware-v2.x.x\MKS-Robin-Nano-Firmware\EWARM\..\Middlewares\GUI\
#        -Oh --eec++ -I "C:\Program Files (x86)\IAR Systems\Embedded Workbench
#        7.0\arm\CMSIS\Include\"
#    List file    =  
#        D:\MKS-Robin-Nano-Firmware-v2.x.x\MKS-Robin-Nano-Firmware\EWARM\mksRobinNano/List\draw_machine_para.lst
#    Object file  =  
#        D:\MKS-Robin-Nano-Firmware-v2.x.x\MKS-Robin-Nano-Firmware\EWARM\mksRobinNano/Obj\draw_machine_para.o
#
###############################################################################

D:\MKS-Robin-Nano-Firmware-v2.x.x\MKS-Robin-Nano-Firmware\User\ui\draw_machine_para.cpp
      1          #include "gui.h"
      2          #include "button.h"
      3          #include "draw_ui.h"

  #define UNUSED(x) ((void)(x))
          ^
"D:\MKS-Robin-Nano-Firmware-v2.x.x\MKS-Robin-Nano-Firmware\Drivers\STM32F1xx_HAL_Driver\Inc\stm32f1xx_hal_def.h",87  Warning[Pe047]: 
          incompatible redefinition of macro "UNUSED" (declared at line 101 of
          "D:\MKS-Robin-Nano-Firmware-v2.x.x\MKS-Robin-Nano-Firmware\EWARM/../M
          iddlewares/Third_Party/Marlin\macros.h")

  		volatile volatile float desireBedTempBak;
  		         ^
"D:\MKS-Robin-Nano-Firmware-v2.x.x\MKS-Robin-Nano-Firmware\Inc\mks_cfg.h",626  Warning[Pe083]: 
          type qualifier specified more than once

    #define FILAMENT_CHANGE_TEXT_EN				"Please click <Load> \nor <unload>,After \npinter pause."
            ^
"D:\MKS-Robin-Nano-Firmware-v2.x.x\MKS-Robin-Nano-Firmware\User\ui\Multi_language\Language_en.h",337  Warning[Pe047]: 
          incompatible redefinition of macro "FILAMENT_CHANGE_TEXT_EN"
          (declared at line 315)

  #define DIALOG_UNBIND_PRINTER_CN            "Ëß£Èô§ÁªëÂÆö?"
          ^
"D:\MKS-Robin-Nano-Firmware-v2.x.x\MKS-Robin-Nano-Firmware\User\ui\Multi_language\Language_s_cn.h",408  Warning[Pe047]: 
          incompatible redefinition of macro "DIALOG_UNBIND_PRINTER_CN"
          (declared at line 403)

    #define FILAMENT_CHANGE_TEXT_T_CN				"ÂæÖÊâìÂç∞Ê©üÊö´ÂÅúÂêé,\nË´ãÊåâ<ÈÄ≤Êñô>Êàñ<ÈÄÄÊñô>"
            ^
"D:\MKS-Robin-Nano-Firmware-v2.x.x\MKS-Robin-Nano-Firmware\User\ui\Multi_language\Language_t_cn.h",318  Warning[Pe047]: 
          incompatible redefinition of macro "FILAMENT_CHANGE_TEXT_T_CN"
          (declared at line 304)

    #define FILAMENT_CHANGE_TEXT_RU				"Please click <Load> \nor <unload>,After \npinter pause."
            ^
"D:\MKS-Robin-Nano-Firmware-v2.x.x\MKS-Robin-Nano-Firmware\User\ui\Multi_language\Language_ru.h",134  Warning[Pe047]: 
          incompatible redefinition of macro "FILAMENT_CHANGE_TEXT_RU"
          (declared at line 114)

  #define DIALOG_UNBIND_PRINTER_RU            "Unbind the printer?"
          ^
"D:\MKS-Robin-Nano-Firmware-v2.x.x\MKS-Robin-Nano-Firmware\User\ui\Multi_language\Language_ru.h",231  Warning[Pe047]: 
          incompatible redefinition of macro "DIALOG_UNBIND_PRINTER_RU"
          (declared at line 226)

    #define FILAMENT_CHANGE_TEXT_FR				"Please click <Load> \nor <unload>,After \npinter pause."
            ^
"D:\MKS-Robin-Nano-Firmware-v2.x.x\MKS-Robin-Nano-Firmware\User\ui\Multi_language\Language_fr.h",134  Warning[Pe047]: 
          incompatible redefinition of macro "FILAMENT_CHANGE_TEXT_FR"
          (declared at line 114)

  #define DIALOG_UNBIND_PRINTER_FR        "Unbind the printer?"
          ^
"D:\MKS-Robin-Nano-Firmware-v2.x.x\MKS-Robin-Nano-Firmware\User\ui\Multi_language\Language_fr.h",234  Warning[Pe047]: 
          incompatible redefinition of macro "DIALOG_UNBIND_PRINTER_FR"
          (declared at line 230)

    #define FILAMENT_CHANGE_TEXT_SP				"Please click <Load> \nor <unload>,After \npinter pause."
            ^
"D:\MKS-Robin-Nano-Firmware-v2.x.x\MKS-Robin-Nano-Firmware\User\ui\Multi_language\Language_sp.h",133  Warning[Pe047]: 
          incompatible redefinition of macro "FILAMENT_CHANGE_TEXT_SP"
          (declared at line 114)

    #define FILAMENT_CHANGE_TEXT_IT				"Please click <Load> \nor <unload>,After \npinter pause."
            ^
"D:\MKS-Robin-Nano-Firmware-v2.x.x\MKS-Robin-Nano-Firmware\User\ui\Multi_language\Language_it.h",134  Warning[Pe047]: 
          incompatible redefinition of macro "FILAMENT_CHANGE_TEXT_IT"
          (declared at line 114)

  #define DIALOG_UNBIND_PRINTER_IT                "Unbind the printer?"
          ^
"D:\MKS-Robin-Nano-Firmware-v2.x.x\MKS-Robin-Nano-Firmware\User\ui\Multi_language\Language_it.h",230  Warning[Pe047]: 
          incompatible redefinition of macro "DIALOG_UNBIND_PRINTER_IT"
          (declared at line 225)

  #define FILAMENT_CHANGE_TEXT_JP				"Please click <Load> \nor <unload>,After \npinter pause."
          ^
"D:\MKS-Robin-Nano-Firmware-v2.x.x\MKS-Robin-Nano-Firmware\User\ui\Multi_language\Multi_language.h",899  Warning[Pe047]: 
          incompatible redefinition of macro "FILAMENT_CHANGE_TEXT_JP"
          (declared at line 892)

  #define FILAMENT_CHANGE_TEXT_GN				"Please click <Load> \nor <unload>,After \npinter pause."
          ^
"D:\MKS-Robin-Nano-Firmware-v2.x.x\MKS-Robin-Nano-Firmware\User\ui\Multi_language\Multi_language.h",1107  Warning[Pe047]: 
          incompatible redefinition of macro "FILAMENT_CHANGE_TEXT_GN"
          (declared at line 1101)

  #define Simple_Dec"ºı…Ÿ"
                    ^
"D:\MKS-Robin-Nano-Firmware-v2.x.x\MKS-Robin-Nano-Firmware\User\ui\draw_ui.h",666  Warning[Pe1649]: 
          white space is required between the macro name "Simple_Dec" and its
          replacement text

  #define Simple_Speed "ÀŸ∂»"
          ^
"D:\MKS-Robin-Nano-Firmware-v2.x.x\MKS-Robin-Nano-Firmware\User\ui\draw_ui.h",721  Warning[Pe047]: 
          incompatible redefinition of macro "Simple_Speed" (declared at line
          718)

  #define Complex_Speed "ÀŸ∂»"
          ^
"D:\MKS-Robin-Nano-Firmware-v2.x.x\MKS-Robin-Nano-Firmware\User\ui\draw_ui.h",722  Warning[Pe047]: 
          incompatible redefinition of macro "Complex_Speed" (declared at line
          719)
      4          
      5          #ifndef GUI_FLASH
      6          #define GUI_FLASH
      7          #endif
      8          

   \                                 In section .bss, align 4
      9          static GUI_HWIN hMachineParaWnd;
   \                     hMachineParaWnd:
   \   00000000                      DS8 2
   \   00000002                      DS8 2
   \   00000004                      DS8 24
   \   0000001C                      DS8 24
     10          static BUTTON_STRUCT MachineSettingArrow,TemperatureSettingArrow,MotorSettingArrow,AdvanceSettingArrow;

   \                                 In section .bss, align 4
     11          static BUTTON_STRUCT buttonMachineSetting,buttonTemperatureSetting,buttonMotorSetting,buttonAdvanceSetting;
   \                     buttonMotorSetting:
   \   00000000                      DS8 24
   \   00000018                      DS8 24

   \                                 In section .bss, align 4
     12          static BUTTON_STRUCT button_top1,button_title,button_back;
   \                     button_back:
   \   00000000                      DS8 24
     13          

   \                                 In section .text, align 2, keep-with-next
     14          static void cbMachineParaWin(WM_MESSAGE * pMsg) {
     15          
     16              struct PressEvt *press_event;
                                      ^
Warning[Pe550]: variable "press_event" was set but never used
     17              switch (pMsg->MsgId)
   \                     _Z16cbMachineParaWinP10WM_MESSAGE: (+1)
   \   00000000   0x6801             LDR      R1,[R0, #+0]
   \   00000002   0x290C             CMP      R1,#+12
   \   00000004   0xD100             BNE.N    ??cbMachineParaWin_0
   \   00000006   0x4770             BX       LR
   \                     ??cbMachineParaWin_0: (+1)
   \   00000008   0xB510             PUSH     {R4,LR}
   \   0000000A   0x290D             CMP      R1,#+13
   \   0000000C   0xBF18             IT       NE 
   \   0000000E   0x290F             CMPNE    R1,#+15
   \   00000010   0xF000 0x8088      BEQ.W    ??cbMachineParaWin_1
   \   00000014   0x2926             CMP      R1,#+38
   \   00000016   0xF040 0x8081      BNE.W    ??cbMachineParaWin_2
     18              {
     19              	case WM_PAINT:
     20          			//GUI_SetColor(gCfgItems.state_background_color);
     21          			//GUI_DrawRect(LCD_WIDTH/4+X_ADD, 0, LCD_WIDTH *3 / 4-X_INTERVAL, imgHeight /2 -15);
     22          
     23              		break;
     24              	case WM_TOUCH:
     25              	 	press_event = (struct PressEvt *)pMsg->Data.p;
     26              		
     27              		break;
     28              	case WM_TOUCH_CHILD:
     29              		press_event = (struct PressEvt *)pMsg->Data.p;
     30          
     31              		break;
     32              		
     33              	case WM_NOTIFY_PARENT:
     34              		if(pMsg->Data.v == WM_NOTIFICATION_RELEASED)
   \   0000001A   0x6881             LDR      R1,[R0, #+8]
   \   0000001C   0x2902             CMP      R1,#+2
   \   0000001E   0xF040 0x8081      BNE.W    ??cbMachineParaWin_1
     35              		{
     36              			if(pMsg->hWinSrc == button_back.btnHandle)
   \   00000022   0x....             LDR.N    R1,??DataTable7
   \   00000024   0xF9B0 0x0006      LDRSH    R0,[R0, #+6]
   \   00000028   0xF9B1 0x1000      LDRSH    R1,[R1, #+0]
   \   0000002C   0x....             LDR.N    R4,??DataTable7_1
   \   0000002E   0x4288             CMP      R0,R1
   \   00000030   0xD113             BNE.N    ??cbMachineParaWin_3
     37              			{
     38              				last_disp_state = MACHINE_PARA_UI;
   \   00000032   0x....             LDR.N    R1,??DataTable7_2
   \   00000034   0x2025             MOVS     R0,#+37
   \   00000036   0x7008             STRB     R0,[R1, #+0]
     39              				Clear_MachinePara();
   \   00000038   0x....             LDR.N    R0,??DataTable7_3
   \   0000003A   0x6940             LDR      R0,[R0, #+20]
   \   0000003C   0x.... 0x....      BL       GUI_SetBkColor
   \   00000040   0xF9B4 0x0000      LDRSH    R0,[R4, #+0]
   \   00000044   0x.... 0x....      BL       WM_IsWindow
   \   00000048   0xB118             CBZ.N    R0,??cbMachineParaWin_4
   \   0000004A   0xF9B4 0x0000      LDRSH    R0,[R4, #+0]
   \   0000004E   0x.... 0x....      BL       WM_DeleteWindow
     40              				draw_return_ui();
   \                     ??cbMachineParaWin_4: (+1)
   \   00000052   0xE8BD 0x4010      POP      {R4,LR}
   \   00000056   0x.... 0x....      B.W      draw_return_ui
     41              			}	
     42              			else if(pMsg->hWinSrc == buttonMachineSetting.btnHandle)
   \                     ??cbMachineParaWin_3: (+1)
   \   0000005A   0xF9B4 0x1004      LDRSH    R1,[R4, #+4]
   \   0000005E   0x4288             CMP      R0,R1
   \   00000060   0xD113             BNE.N    ??cbMachineParaWin_5
     43              			{
     44              				last_disp_state = MACHINE_PARA_UI;
   \   00000062   0x....             LDR.N    R1,??DataTable7_2
   \   00000064   0x2025             MOVS     R0,#+37
   \   00000066   0x7008             STRB     R0,[R1, #+0]
     45              				Clear_MachinePara();
   \   00000068   0x....             LDR.N    R0,??DataTable7_3
   \   0000006A   0x6940             LDR      R0,[R0, #+20]
   \   0000006C   0x.... 0x....      BL       GUI_SetBkColor
   \   00000070   0xF9B4 0x0000      LDRSH    R0,[R4, #+0]
   \   00000074   0x.... 0x....      BL       WM_IsWindow
   \   00000078   0xB118             CBZ.N    R0,??cbMachineParaWin_6
   \   0000007A   0xF9B4 0x0000      LDRSH    R0,[R4, #+0]
   \   0000007E   0x.... 0x....      BL       WM_DeleteWindow
     46              				draw_MachineSettings();
   \                     ??cbMachineParaWin_6: (+1)
   \   00000082   0xE8BD 0x4010      POP      {R4,LR}
   \   00000086   0x.... 0x....      B.W      draw_MachineSettings
     47              			}
     48              			else if(pMsg->hWinSrc == buttonTemperatureSetting.btnHandle)
   \                     ??cbMachineParaWin_5: (+1)
   \   0000008A   0xF9B4 0x101C      LDRSH    R1,[R4, #+28]
   \   0000008E   0x4288             CMP      R0,R1
   \   00000090   0xD113             BNE.N    ??cbMachineParaWin_7
     49          
     50              			{
     51              				last_disp_state = MACHINE_PARA_UI;
   \   00000092   0x....             LDR.N    R1,??DataTable7_2
   \   00000094   0x2025             MOVS     R0,#+37
   \   00000096   0x7008             STRB     R0,[R1, #+0]
     52              				Clear_MachinePara();
   \   00000098   0x....             LDR.N    R0,??DataTable7_3
   \   0000009A   0x6940             LDR      R0,[R0, #+20]
   \   0000009C   0x.... 0x....      BL       GUI_SetBkColor
   \   000000A0   0xF9B4 0x0000      LDRSH    R0,[R4, #+0]
   \   000000A4   0x.... 0x....      BL       WM_IsWindow
   \   000000A8   0xB118             CBZ.N    R0,??cbMachineParaWin_8
   \   000000AA   0xF9B4 0x0000      LDRSH    R0,[R4, #+0]
   \   000000AE   0x.... 0x....      BL       WM_DeleteWindow
     53                              draw_TemperatureSettings();
   \                     ??cbMachineParaWin_8: (+1)
   \   000000B2   0xE8BD 0x4010      POP      {R4,LR}
   \   000000B6   0x.... 0x....      B.W      draw_TemperatureSettings
     54              				
     55              			}
     56              			else if(pMsg->hWinSrc == buttonMotorSetting.btnHandle)
   \                     ??cbMachineParaWin_7: (+1)
   \   000000BA   0x....             LDR.N    R1,??DataTable7_4
   \   000000BC   0xF9B1 0x2000      LDRSH    R2,[R1, #+0]
   \   000000C0   0x4290             CMP      R0,R2
   \   000000C2   0xD113             BNE.N    ??cbMachineParaWin_9
     57          
     58              			{
     59              				last_disp_state = MACHINE_PARA_UI;
   \   000000C4   0x....             LDR.N    R1,??DataTable7_2
   \   000000C6   0x2025             MOVS     R0,#+37
   \   000000C8   0x7008             STRB     R0,[R1, #+0]
     60              				Clear_MachinePara();
   \   000000CA   0x....             LDR.N    R0,??DataTable7_3
   \   000000CC   0x6940             LDR      R0,[R0, #+20]
   \   000000CE   0x.... 0x....      BL       GUI_SetBkColor
   \   000000D2   0xF9B4 0x0000      LDRSH    R0,[R4, #+0]
   \   000000D6   0x.... 0x....      BL       WM_IsWindow
   \   000000DA   0xB118             CBZ.N    R0,??cbMachineParaWin_10
   \   000000DC   0xF9B4 0x0000      LDRSH    R0,[R4, #+0]
   \   000000E0   0x.... 0x....      BL       WM_DeleteWindow
     61                              draw_MotorSettings();
   \                     ??cbMachineParaWin_10: (+1)
   \   000000E4   0xE8BD 0x4010      POP      {R4,LR}
   \   000000E8   0x.... 0x....      B.W      draw_MotorSettings
     62              		
     63              			}       
     64              			else if(pMsg->hWinSrc == buttonAdvanceSetting.btnHandle)
   \                     ??cbMachineParaWin_9: (+1)
   \   000000EC   0xF9B1 0x1018      LDRSH    R1,[R1, #+24]
   \   000000F0   0x4288             CMP      R0,R1
   \   000000F2   0xD117             BNE.N    ??cbMachineParaWin_1
     65          
     66              			{
     67              				last_disp_state = MACHINE_PARA_UI;
   \   000000F4   0x....             LDR.N    R1,??DataTable7_2
   \   000000F6   0x2025             MOVS     R0,#+37
   \   000000F8   0x7008             STRB     R0,[R1, #+0]
     68              				Clear_MachinePara();
   \   000000FA   0x....             LDR.N    R0,??DataTable7_3
   \   000000FC   0x6940             LDR      R0,[R0, #+20]
   \   000000FE   0x.... 0x....      BL       GUI_SetBkColor
   \   00000102   0xF9B4 0x0000      LDRSH    R0,[R4, #+0]
   \   00000106   0x.... 0x....      BL       WM_IsWindow
   \   0000010A   0xB118             CBZ.N    R0,??cbMachineParaWin_11
   \   0000010C   0xF9B4 0x0000      LDRSH    R0,[R4, #+0]
   \   00000110   0x.... 0x....      BL       WM_DeleteWindow
     69                              draw_Advanced();
   \                     ??cbMachineParaWin_11: (+1)
   \   00000114   0xE8BD 0x4010      POP      {R4,LR}
   \   00000118   0x.... 0x....      B.W      draw_Advanced
     70          
     71              			}				
     72              		}
     73              		break;
     74              		
     75              	default:
     76              		WM_DefaultProc(pMsg);
   \                     ??cbMachineParaWin_2: (+1)
   \   0000011C   0xE8BD 0x4010      POP      {R4,LR}
   \   00000120   0x.... 0x....      B.W      WM_DefaultProc
     77              	}
     78          }
   \                     ??cbMachineParaWin_1: (+1)
   \   00000124   0xBD10             POP      {R4,PC}          ;; return
     79          
     80          

   \                                 In section .text, align 2, keep-with-next
     81          void draw_MachinePara()
     82          {   
   \                     draw_MachinePara: (+1)
   \   00000000   0xE92D 0x47F0      PUSH     {R4-R10,LR}
     83              int i;
                         ^
Warning[Pe177]: variable "i" was declared but never referenced

  static BUTTON_STRUCT MachineSettingArrow,TemperatureSettingArrow,MotorSettingArrow,AdvanceSettingArrow;
                       ^
"D:\MKS-Robin-Nano-Firmware-v2.x.x\MKS-Robin-Nano-Firmware\User\ui\draw_machine_para.cpp",10  Warning[Pe177]: 
          variable "MachineSettingArrow" was declared but never referenced

  static BUTTON_STRUCT MachineSettingArrow,TemperatureSettingArrow,MotorSettingArrow,AdvanceSettingArrow;
                                           ^
"D:\MKS-Robin-Nano-Firmware-v2.x.x\MKS-Robin-Nano-Firmware\User\ui\draw_machine_para.cpp",10  Warning[Pe177]: 
          variable "TemperatureSettingArrow" was declared but never referenced

  static BUTTON_STRUCT MachineSettingArrow,TemperatureSettingArrow,MotorSettingArrow,AdvanceSettingArrow;
                                                                   ^
"D:\MKS-Robin-Nano-Firmware-v2.x.x\MKS-Robin-Nano-Firmware\User\ui\draw_machine_para.cpp",10  Warning[Pe177]: 
          variable "MotorSettingArrow" was declared but never referenced

  static BUTTON_STRUCT MachineSettingArrow,TemperatureSettingArrow,MotorSettingArrow,AdvanceSettingArrow;
                                                                                     ^
"D:\MKS-Robin-Nano-Firmware-v2.x.x\MKS-Robin-Nano-Firmware\User\ui\draw_machine_para.cpp",10  Warning[Pe177]: 
          variable "AdvanceSettingArrow" was declared but never referenced

  static BUTTON_STRUCT button_top1,button_title,button_back;
                       ^
"D:\MKS-Robin-Nano-Firmware-v2.x.x\MKS-Robin-Nano-Firmware\User\ui\draw_machine_para.cpp",12  Warning[Pe177]: 
          variable "button_top1" was declared but never referenced

  static BUTTON_STRUCT button_top1,button_title,button_back;
                                   ^
"D:\MKS-Robin-Nano-Firmware-v2.x.x\MKS-Robin-Nano-Firmware\User\ui\draw_machine_para.cpp",12  Warning[Pe177]: 
          variable "button_title" was declared but never referenced
     84          
     85              if(disp_state_stack._disp_state[disp_state_stack._disp_index] != MACHINE_PARA_UI)
   \   00000004   0x....             LDR.N    R0,??DataTable7_5
   \   00000006   0xF990 0x1064      LDRSB    R1,[R0, #+100]
   \   0000000A   0xB084             SUB      SP,SP,#+16
   \   0000000C   0x560A             LDRSB    R2,[R1, R0]
   \   0000000E   0x2A25             CMP      R2,#+37
   \   00000010   0xD005             BEQ.N    ??draw_MachinePara_0
     86              {
     87                  disp_state_stack._disp_index++;
   \   00000012   0x1C49             ADDS     R1,R1,#+1
   \   00000014   0xF880 0x1064      STRB     R1,[R0, #+100]
     88                  disp_state_stack._disp_state[disp_state_stack._disp_index] = MACHINE_PARA_UI;
   \   00000018   0x2225             MOVS     R2,#+37
   \   0000001A   0xB249             SXTB     R1,R1
   \   0000001C   0x540A             STRB     R2,[R1, R0]
     89              }
     90              disp_state = MACHINE_PARA_UI;
   \                     ??draw_MachinePara_0: (+1)
   \   0000001E   0x2025             MOVS     R0,#+37
   \   00000020   0x....             LDR.N    R1,??DataTable7_6
     91              
     92              GUI_SetBkColor(gCfgItems.background_color);
   \   00000022   0x....             LDR.N    R4,??DataTable7_3
   \   00000024   0x7008             STRB     R0,[R1, #+0]
   \   00000026   0x6960             LDR      R0,[R4, #+20]
   \   00000028   0x.... 0x....      BL       GUI_SetBkColor
     93              GUI_SetColor(gCfgItems.title_color);
   \   0000002C   0x69A0             LDR      R0,[R4, #+24]
   \   0000002E   0x.... 0x....      BL       GUI_SetColor
     94              GUI_Clear();
   \   00000032   0x.... 0x....      BL       GUI_Clear
     95              
     96          	GUI_DispStringAt(creat_title_text(), TITLE_XPOS, TITLE_YPOS);
   \   00000036   0x.... 0x....      BL       creat_title_text
   \   0000003A   0x2205             MOVS     R2,#+5
   \   0000003C   0x2103             MOVS     R1,#+3
   \   0000003E   0x.... 0x....      BL       GUI_DispStringAt
     97          	
     98          	hMachineParaWnd = WM_CreateWindow(0, titleHeight, LCD_WIDTH, imgHeight, WM_CF_SHOW, cbMachineParaWin, 0);
   \   00000042   0x2000             MOVS     R0,#+0
   \   00000044   0x9002             STR      R0,[SP, #+8]
   \   00000046   0xF44F 0x738E      MOV      R3,#+284
   \   0000004A   0x....             LDR.N    R0,??DataTable7_7
   \   0000004C   0x....             LDR.N    R5,??DataTable7_1
   \   0000004E   0x9001             STR      R0,[SP, #+4]
   \   00000050   0xF44F 0x72F0      MOV      R2,#+480
   \   00000054   0x2002             MOVS     R0,#+2
   \   00000056   0x9000             STR      R0,[SP, #+0]
   \   00000058   0x2124             MOVS     R1,#+36
   \   0000005A   0x2000             MOVS     R0,#+0
   \   0000005C   0x.... 0x....      BL       WM_CreateWindow
   \   00000060   0x8028             STRH     R0,[R5, #+0]
     99          
    100          	buttonMachineSetting.btnHandle = BUTTON_CreateEx(INTERVAL_V, 0,BTN_X_PIXEL, BTN_Y_PIXEL, hMachineParaWnd, BUTTON_CF_SHOW, 0, alloc_win_id());
   \   00000062   0x.... 0x....      BL       alloc_win_id
   \   00000066   0x9003             STR      R0,[SP, #+12]
   \   00000068   0x238C             MOVS     R3,#+140
   \   0000006A   0x2000             MOVS     R0,#+0
   \   0000006C   0x9002             STR      R0,[SP, #+8]
   \   0000006E   0x2275             MOVS     R2,#+117
   \   00000070   0x2002             MOVS     R0,#+2
   \   00000072   0x9001             STR      R0,[SP, #+4]
   \   00000074   0x2100             MOVS     R1,#+0
   \   00000076   0xF9B5 0x0000      LDRSH    R0,[R5, #+0]
   \   0000007A   0x9000             STR      R0,[SP, #+0]
   \   0000007C   0x2002             MOVS     R0,#+2
   \   0000007E   0x.... 0x....      BL       BUTTON_CreateEx
   \   00000082   0x80A8             STRH     R0,[R5, #+4]
    101          	buttonTemperatureSetting.btnHandle = BUTTON_CreateEx(BTN_X_PIXEL+INTERVAL_V*2, 0,BTN_X_PIXEL, BTN_Y_PIXEL, hMachineParaWnd, BUTTON_CF_SHOW, 0, alloc_win_id());
   \   00000084   0x.... 0x....      BL       alloc_win_id
   \   00000088   0x9003             STR      R0,[SP, #+12]
   \   0000008A   0x238C             MOVS     R3,#+140
   \   0000008C   0x2000             MOVS     R0,#+0
   \   0000008E   0x9002             STR      R0,[SP, #+8]
   \   00000090   0x2275             MOVS     R2,#+117
   \   00000092   0x2002             MOVS     R0,#+2
   \   00000094   0x9001             STR      R0,[SP, #+4]
   \   00000096   0x2100             MOVS     R1,#+0
   \   00000098   0xF9B5 0x0000      LDRSH    R0,[R5, #+0]
   \   0000009C   0x9000             STR      R0,[SP, #+0]
   \   0000009E   0x2079             MOVS     R0,#+121
   \   000000A0   0x.... 0x....      BL       BUTTON_CreateEx
   \   000000A4   0x83A8             STRH     R0,[R5, #+28]
    102          	buttonMotorSetting.btnHandle = BUTTON_CreateEx(BTN_X_PIXEL*2+INTERVAL_V*3,  0,BTN_X_PIXEL, BTN_Y_PIXEL, hMachineParaWnd, BUTTON_CF_SHOW, 0, alloc_win_id());
   \   000000A6   0x.... 0x....      BL       alloc_win_id
   \   000000AA   0x9003             STR      R0,[SP, #+12]
   \   000000AC   0x2000             MOVS     R0,#+0
   \   000000AE   0x9002             STR      R0,[SP, #+8]
   \   000000B0   0x2002             MOVS     R0,#+2
   \   000000B2   0x9001             STR      R0,[SP, #+4]
   \   000000B4   0x238C             MOVS     R3,#+140
   \   000000B6   0xF9B5 0x0000      LDRSH    R0,[R5, #+0]
   \   000000BA   0x....             LDR.N    R6,??DataTable7_4
   \   000000BC   0x9000             STR      R0,[SP, #+0]
   \   000000BE   0x2275             MOVS     R2,#+117
   \   000000C0   0x2100             MOVS     R1,#+0
   \   000000C2   0x20F0             MOVS     R0,#+240
   \   000000C4   0x.... 0x....      BL       BUTTON_CreateEx
   \   000000C8   0x8030             STRH     R0,[R6, #+0]
    103          	buttonAdvanceSetting.btnHandle = BUTTON_CreateEx(BTN_X_PIXEL*3+INTERVAL_V*4,  0,BTN_X_PIXEL, BTN_Y_PIXEL, hMachineParaWnd, BUTTON_CF_SHOW, 0, alloc_win_id());
   \   000000CA   0x.... 0x....      BL       alloc_win_id
   \   000000CE   0x9003             STR      R0,[SP, #+12]
   \   000000D0   0xF240 0x1867      MOVW     R8,#+359
   \   000000D4   0x2000             MOVS     R0,#+0
   \   000000D6   0x9002             STR      R0,[SP, #+8]
   \   000000D8   0x238C             MOVS     R3,#+140
   \   000000DA   0x2002             MOVS     R0,#+2
   \   000000DC   0x9001             STR      R0,[SP, #+4]
   \   000000DE   0x2275             MOVS     R2,#+117
   \   000000E0   0xF9B5 0x0000      LDRSH    R0,[R5, #+0]
   \   000000E4   0x9000             STR      R0,[SP, #+0]
   \   000000E6   0x2100             MOVS     R1,#+0
   \   000000E8   0x4640             MOV      R0,R8
   \   000000EA   0x.... 0x....      BL       BUTTON_CreateEx
   \   000000EE   0x8330             STRH     R0,[R6, #+24]
    104          	button_back.btnHandle = BUTTON_CreateEx(BTN_X_PIXEL*3+INTERVAL_V*4,  BTN_Y_PIXEL+INTERVAL_H,BTN_X_PIXEL, BTN_Y_PIXEL, hMachineParaWnd, BUTTON_CF_SHOW, 0, alloc_win_id());
   \   000000F0   0x.... 0x....      BL       alloc_win_id
   \   000000F4   0x9003             STR      R0,[SP, #+12]
   \   000000F6   0x2000             MOVS     R0,#+0
   \   000000F8   0x9002             STR      R0,[SP, #+8]
   \   000000FA   0x2002             MOVS     R0,#+2
   \   000000FC   0x9001             STR      R0,[SP, #+4]
   \   000000FE   0x238C             MOVS     R3,#+140
   \   00000100   0xF9B5 0x0000      LDRSH    R0,[R5, #+0]
   \   00000104   0x....             LDR.N    R7,??DataTable7
   \   00000106   0x9000             STR      R0,[SP, #+0]
   \   00000108   0x2275             MOVS     R2,#+117
   \   0000010A   0x218E             MOVS     R1,#+142
   \   0000010C   0x4640             MOV      R0,R8
   \   0000010E   0x.... 0x....      BL       BUTTON_CreateEx
   \   00000112   0x8038             STRH     R0,[R7, #+0]
    105               
    106              BUTTON_SetBmpFileName(buttonMachineSetting.btnHandle,"bmp_MachineSetting.bin",1);        
   \   00000114   0x2201             MOVS     R2,#+1
   \   00000116   0xF9B5 0x0004      LDRSH    R0,[R5, #+4]
   \   0000011A   0x.... 0x....      ADR.W    R1,`?<Constant "bmp_MachineSetting.bin">`
   \   0000011E   0x.... 0x....      BL       BUTTON_SetBmpFileName
    107              BUTTON_SetBmpFileName(buttonTemperatureSetting.btnHandle,"bmp_TemperatureSetting.bin",1);
   \   00000122   0xF9B5 0x001C      LDRSH    R0,[R5, #+28]
   \   00000126   0x.... 0x....      ADR.W    R1,`?<Constant "bmp_TemperatureSettin...">`
   \   0000012A   0x2201             MOVS     R2,#+1
   \   0000012C   0x.... 0x....      BL       BUTTON_SetBmpFileName
    108              BUTTON_SetBmpFileName(buttonMotorSetting.btnHandle,"bmp_MotorSetting.bin",1);
   \   00000130   0xF9B6 0x0000      LDRSH    R0,[R6, #+0]
   \   00000134   0x.... 0x....      ADR.W    R1,`?<Constant "bmp_MotorSetting.bin">`
   \   00000138   0x2201             MOVS     R2,#+1
   \   0000013A   0x.... 0x....      BL       BUTTON_SetBmpFileName
    109              BUTTON_SetBmpFileName(buttonAdvanceSetting.btnHandle,"bmp_AdvanceSetting.bin",1);
   \   0000013E   0xF9B6 0x0018      LDRSH    R0,[R6, #+24]
   \   00000142   0x.... 0x....      ADR.W    R1,`?<Constant "bmp_AdvanceSetting.bin">`
   \   00000146   0x2201             MOVS     R2,#+1
   \   00000148   0x.... 0x....      BL       BUTTON_SetBmpFileName
    110              BUTTON_SetBmpFileName(button_back.btnHandle, "bmp_return.bin",1);   
   \   0000014C   0xF9B7 0x0000      LDRSH    R0,[R7, #+0]
   \   00000150   0x.... 0x....      ADR.W    R1,`?<Constant "bmp_return.bin">`
   \   00000154   0x2201             MOVS     R2,#+1
   \   00000156   0x.... 0x....      BL       BUTTON_SetBmpFileName
    111          
    112              
    113          	BUTTON_SetBitmapEx(buttonMachineSetting.btnHandle, 0, &bmp_struct,BMP_PIC_X, BMP_PIC_Y);
   \   0000015A   0x.... 0x....      LDR.W    R10,??DataTable7_8
   \   0000015E   0x.... 0x....      LDR.W    R9,??DataTable7_9
   \   00000162   0xF99A 0x0000      LDRSB    R0,[R10, #+0]
   \   00000166   0x.... 0x....      LDR.W    R8,??DataTable7_10
   \   0000016A   0xF999 0x3000      LDRSB    R3,[R9, #+0]
   \   0000016E   0x9000             STR      R0,[SP, #+0]
   \   00000170   0x4642             MOV      R2,R8
   \   00000172   0xF9B5 0x0004      LDRSH    R0,[R5, #+4]
   \   00000176   0x2100             MOVS     R1,#+0
   \   00000178   0x.... 0x....      BL       BUTTON_SetBitmapEx
    114          	BUTTON_SetBitmapEx(buttonTemperatureSetting.btnHandle, 0, &bmp_struct,BMP_PIC_X, BMP_PIC_Y);
   \   0000017C   0xF99A 0x0000      LDRSB    R0,[R10, #+0]
   \   00000180   0xF999 0x3000      LDRSB    R3,[R9, #+0]
   \   00000184   0x9000             STR      R0,[SP, #+0]
   \   00000186   0x4642             MOV      R2,R8
   \   00000188   0xF9B5 0x001C      LDRSH    R0,[R5, #+28]
   \   0000018C   0x2100             MOVS     R1,#+0
   \   0000018E   0x.... 0x....      BL       BUTTON_SetBitmapEx
    115          	BUTTON_SetBitmapEx(buttonMotorSetting.btnHandle, 0, &bmp_struct,BMP_PIC_X, BMP_PIC_Y);
   \   00000192   0xF99A 0x0000      LDRSB    R0,[R10, #+0]
   \   00000196   0x9000             STR      R0,[SP, #+0]
   \   00000198   0x2100             MOVS     R1,#+0
   \   0000019A   0xF999 0x3000      LDRSB    R3,[R9, #+0]
   \   0000019E   0x5E70             LDRSH    R0,[R6, R1]
   \   000001A0   0x4642             MOV      R2,R8
   \   000001A2   0x.... 0x....      BL       BUTTON_SetBitmapEx
    116          	BUTTON_SetBitmapEx(buttonAdvanceSetting.btnHandle, 0, &bmp_struct,BMP_PIC_X, BMP_PIC_Y);
   \   000001A6   0xF99A 0x0000      LDRSB    R0,[R10, #+0]
   \   000001AA   0xF999 0x3000      LDRSB    R3,[R9, #+0]
   \   000001AE   0x9000             STR      R0,[SP, #+0]
   \   000001B0   0x4642             MOV      R2,R8
   \   000001B2   0xF9B6 0x0018      LDRSH    R0,[R6, #+24]
   \   000001B6   0x2100             MOVS     R1,#+0
   \   000001B8   0x.... 0x....      BL       BUTTON_SetBitmapEx
    117          	BUTTON_SetBitmapEx(button_back.btnHandle, 0, &bmp_struct,BMP_PIC_X, BMP_PIC_Y);
   \   000001BC   0xF99A 0x0000      LDRSB    R0,[R10, #+0]
   \   000001C0   0x9000             STR      R0,[SP, #+0]
   \   000001C2   0x2100             MOVS     R1,#+0
   \   000001C4   0xF999 0x3000      LDRSB    R3,[R9, #+0]
   \   000001C8   0x5E78             LDRSH    R0,[R7, R1]
   \   000001CA   0x4642             MOV      R2,R8
   \   000001CC   0x.... 0x....      BL       BUTTON_SetBitmapEx
    118          
    119              if(gCfgItems.multiple_language != 0)
   \   000001D0   0xF894 0x01CF      LDRB     R0,[R4, #+463]
   \   000001D4   0xB1E8             CBZ.N    R0,??draw_MachinePara_1
    120              {
    121              /*
    122                  BUTTON_SetText(buttonMachineSetting.btnHandle, MachinePara_menu.MachineSetting);
    123                  BUTTON_SetText(buttonTemperatureSetting.btnHandle, MachinePara_menu.TemperatureSetting);
    124                  BUTTON_SetText(buttonMotorSetting.btnHandle, MachinePara_menu.MotorSetting);
    125                  BUTTON_SetText(buttonAdvanceSetting.btnHandle, MachinePara_menu.AdvanceSetting);
    126                  */
    127                  BUTTON_SetText(buttonMachineSetting.btnHandle, MachinePara_menu.MachineSetting);
   \   000001D6   0x....             LDR.N    R4,??DataTable7_11
   \   000001D8   0xF9B5 0x0004      LDRSH    R0,[R5, #+4]
   \   000001DC   0x6861             LDR      R1,[R4, #+4]
   \   000001DE   0x.... 0x....      BL       BUTTON_SetText
    128                  BUTTON_SetText(buttonTemperatureSetting.btnHandle, MachinePara_menu.TemperatureSetting);
   \   000001E2   0x68A1             LDR      R1,[R4, #+8]
   \   000001E4   0xF9B5 0x001C      LDRSH    R0,[R5, #+28]
   \   000001E8   0x.... 0x....      BL       BUTTON_SetText
    129                  BUTTON_SetText(buttonMotorSetting.btnHandle, MachinePara_menu.MotorSetting);
   \   000001EC   0x68E1             LDR      R1,[R4, #+12]
   \   000001EE   0xF9B6 0x0000      LDRSH    R0,[R6, #+0]
   \   000001F2   0x.... 0x....      BL       BUTTON_SetText
    130                  BUTTON_SetText(buttonAdvanceSetting.btnHandle, MachinePara_menu.AdvanceSetting); 
   \   000001F6   0x6921             LDR      R1,[R4, #+16]
   \   000001F8   0xF9B6 0x0018      LDRSH    R0,[R6, #+24]
   \   000001FC   0x.... 0x....      BL       BUTTON_SetText
    131                  
    132                  BUTTON_SetText(button_back.btnHandle,common_menu.text_back);
   \   00000200   0x....             LDR.N    R0,??DataTable7_12
   \   00000202   0x6801             LDR      R1,[R0, #+0]
   \   00000204   0xF9B7 0x0000      LDRSH    R0,[R7, #+0]
   \   00000208   0xB004             ADD      SP,SP,#+16
   \   0000020A   0xE8BD 0x47F0      POP      {R4-R10,LR}
   \   0000020E   0x.... 0x....      B.W      BUTTON_SetText
    133              }
    134          
    135          }
   \                     ??draw_MachinePara_1: (+1)
   \   00000212   0xB004             ADD      SP,SP,#+16
   \   00000214   0xE8BD 0x87F0      POP      {R4-R10,PC}      ;; return
    136          
    137          

   \                                 In section .text, align 2, keep-with-next
    138          void Clear_MachinePara()
    139          {
   \                     Clear_MachinePara: (+1)
   \   00000000   0xB510             PUSH     {R4,LR}
    140          	GUI_SetBkColor(gCfgItems.background_color);
   \   00000002   0x....             LDR.N    R0,??DataTable7_3
   \   00000004   0x6940             LDR      R0,[R0, #+20]
   \   00000006   0x.... 0x....      BL       GUI_SetBkColor
    141          	if(WM_IsWindow(hMachineParaWnd))
   \   0000000A   0x....             LDR.N    R4,??DataTable7_1
   \   0000000C   0xF9B4 0x0000      LDRSH    R0,[R4, #+0]
   \   00000010   0x.... 0x....      BL       WM_IsWindow
   \   00000014   0xB128             CBZ.N    R0,??Clear_MachinePara_0
    142          	{
    143          		WM_DeleteWindow(hMachineParaWnd);
   \   00000016   0xF9B4 0x0000      LDRSH    R0,[R4, #+0]
   \   0000001A   0xE8BD 0x4010      POP      {R4,LR}
   \   0000001E   0x.... 0x....      B.W      WM_DeleteWindow
    144          	}
    145          }
   \                     ??Clear_MachinePara_0: (+1)
   \   00000022   0xBD10             POP      {R4,PC}          ;; return

   \                                 In section .text, align 4, keep-with-next
   \                     ??DataTable7:
   \   00000000   0x........         DC32     button_back

   \                                 In section .text, align 4, keep-with-next
   \                     ??DataTable7_1:
   \   00000000   0x........         DC32     hMachineParaWnd

   \                                 In section .text, align 4, keep-with-next
   \                     ??DataTable7_2:
   \   00000000   0x........         DC32     last_disp_state

   \                                 In section .text, align 4, keep-with-next
   \                     ??DataTable7_3:
   \   00000000   0x........         DC32     gCfgItems

   \                                 In section .text, align 4, keep-with-next
   \                     ??DataTable7_4:
   \   00000000   0x........         DC32     buttonMotorSetting

   \                                 In section .text, align 4, keep-with-next
   \                     ??DataTable7_5:
   \   00000000   0x........         DC32     disp_state_stack

   \                                 In section .text, align 4, keep-with-next
   \                     ??DataTable7_6:
   \   00000000   0x........         DC32     disp_state

   \                                 In section .text, align 4, keep-with-next
   \                     ??DataTable7_7:
   \   00000000   0x........         DC32     _Z16cbMachineParaWinP10WM_MESSAGE

   \                                 In section .text, align 4, keep-with-next
   \                     ??DataTable7_8:
   \   00000000   0x........         DC32     BMP_PIC_Y

   \                                 In section .text, align 4, keep-with-next
   \                     ??DataTable7_9:
   \   00000000   0x........         DC32     BMP_PIC_X

   \                                 In section .text, align 4, keep-with-next
   \                     ??DataTable7_10:
   \   00000000   0x........         DC32     bmp_struct

   \                                 In section .text, align 4, keep-with-next
   \                     ??DataTable7_11:
   \   00000000   0x........         DC32     MachinePara_menu

   \                                 In section .text, align 4, keep-with-next
   \                     ??DataTable7_12:
   \   00000000   0x........         DC32     common_menu

   \                                 In section .text, align 4, keep-with-next
   \                     `?<Constant "bmp_MachineSetting.bin">`:
   \   00000000   0x62 0x6D          DC8 "bmp_MachineSetting.bin"
   \              0x70 0x5F    
   \              0x4D 0x61    
   \              0x63 0x68    
   \              0x69 0x6E    
   \              0x65 0x53    
   \              0x65 0x74    
   \              0x74 0x69    
   \              0x6E 0x67    
   \              0x2E 0x62    
   \              0x69 0x6E    
   \              0x00         
   \   00000017   0x00               DC8 0

   \                                 In section .text, align 4, keep-with-next
   \                     `?<Constant "bmp_TemperatureSettin...">`:
   \   00000000   0x62 0x6D          DC8 "bmp_TemperatureSetting.bin"
   \              0x70 0x5F    
   \              0x54 0x65    
   \              0x6D 0x70    
   \              0x65 0x72    
   \              0x61 0x74    
   \              0x75 0x72    
   \              0x65 0x53    
   \              0x65 0x74    
   \              0x74 0x69    
   \              0x6E 0x67    
   \              0x2E 0x62    
   \              0x69 0x6E    
   \              0x00         
   \   0000001B   0x00               DC8 0

   \                                 In section .text, align 4, keep-with-next
   \                     `?<Constant "bmp_MotorSetting.bin">`:
   \   00000000   0x62 0x6D          DC8 "bmp_MotorSetting.bin"
   \              0x70 0x5F    
   \              0x4D 0x6F    
   \              0x74 0x6F    
   \              0x72 0x53    
   \              0x65 0x74    
   \              0x74 0x69    
   \              0x6E 0x67    
   \              0x2E 0x62    
   \              0x69 0x6E    
   \              0x00         
   \   00000015   0x00 0x00          DC8 0, 0, 0
   \              0x00         

   \                                 In section .text, align 4, keep-with-next
   \                     `?<Constant "bmp_AdvanceSetting.bin">`:
   \   00000000   0x62 0x6D          DC8 "bmp_AdvanceSetting.bin"
   \              0x70 0x5F    
   \              0x41 0x64    
   \              0x76 0x61    
   \              0x6E 0x63    
   \              0x65 0x53    
   \              0x65 0x74    
   \              0x74 0x69    
   \              0x6E 0x67    
   \              0x2E 0x62    
   \              0x69 0x6E    
   \              0x00         
   \   00000017   0x00               DC8 0

   \                                 In section .text, align 4, keep-with-next
   \                     `?<Constant "bmp_return.bin">`:
   \   00000000   0x62 0x6D          DC8 "bmp_return.bin"
   \              0x70 0x5F    
   \              0x72 0x65    
   \              0x74 0x75    
   \              0x72 0x6E    
   \              0x2E 0x62    
   \              0x69 0x6E    
   \              0x00         
   \   0000000F   0x00               DC8 0
    146          
    147          

   Maximum stack usage in bytes:

   .cstack Function
   ------- --------
       8   Clear_MachinePara
         8   -> GUI_SetBkColor
         0   -> WM_DeleteWindow
         8   -> WM_IsWindow
       8   cbMachineParaWin(WM_MESSAGE *)
         8   -> GUI_SetBkColor
         0   -> WM_DefaultProc
         8   -> WM_DeleteWindow
         8   -> WM_IsWindow
         0   -> draw_Advanced
         0   -> draw_MachineSettings
         0   -> draw_MotorSettings
         0   -> draw_TemperatureSettings
         0   -> draw_return_ui
      48   draw_MachinePara
        48   -> BUTTON_CreateEx
        48   -> BUTTON_SetBitmapEx
        48   -> BUTTON_SetBmpFileName
         0   -> BUTTON_SetText
        48   -> BUTTON_SetText
        48   -> GUI_Clear
        48   -> GUI_DispStringAt
        48   -> GUI_SetBkColor
        48   -> GUI_SetColor
        48   -> WM_CreateWindow
        48   -> alloc_win_id
        48   -> creat_title_text


   Section sizes:

   Bytes  Function/Label
   -----  --------------
      24  ?<Constant "bmp_AdvanceSetting.bin">
      24  ?<Constant "bmp_MachineSetting.bin">
      24  ?<Constant "bmp_MotorSetting.bin">
      28  ?<Constant "bmp_TemperatureSettin...">
      16  ?<Constant "bmp_return.bin">
       4  ??DataTable7
       4  ??DataTable7_1
       4  ??DataTable7_10
       4  ??DataTable7_11
       4  ??DataTable7_12
       4  ??DataTable7_2
       4  ??DataTable7_3
       4  ??DataTable7_4
       4  ??DataTable7_5
       4  ??DataTable7_6
       4  ??DataTable7_7
       4  ??DataTable7_8
       4  ??DataTable7_9
      36  Clear_MachinePara
      48  buttonMotorSetting
          buttonAdvanceSetting
      24  button_back
     294  cbMachineParaWin(WM_MESSAGE *)
     536  draw_MachinePara
      52  hMachineParaWnd
          buttonMachineSetting
          buttonTemperatureSetting

 
   124 bytes in section .bss
 1 034 bytes in section .text
 
 1 034 bytes of CODE memory
   124 bytes of DATA memory

Errors: none
Warnings: 25
