###############################################################################
#
# IAR ANSI C/C++ Compiler V7.10.1.6676/W32 for ARM        13/Apr/2020  09:24:19
# Copyright 1999-2014 IAR Systems AB.
#
#    Cpu mode     =  thumb
#    Endian       =  little
#    Source file  =  
#        D:\MKS-Robin-Nano-Firmware-v2.x.x\MKS-Robin-Nano-Firmware\User\ui\draw_machine_type.cpp
#    Command line =  
#        D:\MKS-Robin-Nano-Firmware-v2.x.x\MKS-Robin-Nano-Firmware\User\ui\draw_machine_type.cpp
#        -D USE_HAL_DRIVER -D STM32F103xE -D STM32F10X_HD -D USE_HAL_LIB -D
#        MKS_ROBIN_NANO -D TFT35 -lC
#        D:\MKS-Robin-Nano-Firmware-v2.x.x\MKS-Robin-Nano-Firmware\EWARM\mksRobinNano/List\
#        -lA
#        D:\MKS-Robin-Nano-Firmware-v2.x.x\MKS-Robin-Nano-Firmware\EWARM\mksRobinNano/List\
#        --diag_suppress Pa050 -o
#        D:\MKS-Robin-Nano-Firmware-v2.x.x\MKS-Robin-Nano-Firmware\EWARM\mksRobinNano/Obj\
#        --debug --endian=little --cpu=Cortex-M3 -e --char_is_signed --fpu=None
#        --dlib_config "C:\Program Files (x86)\IAR Systems\Embedded Workbench
#        7.0\arm\INC\c\DLib_Config_Full.h" -I
#        D:\MKS-Robin-Nano-Firmware-v2.x.x\MKS-Robin-Nano-Firmware\EWARM/../Inc\
#        -I
#        D:\MKS-Robin-Nano-Firmware-v2.x.x\MKS-Robin-Nano-Firmware\EWARM/../Src\
#        -I
#        D:\MKS-Robin-Nano-Firmware-v2.x.x\MKS-Robin-Nano-Firmware\EWARM/../Drivers/STM32F1xx_HAL_Driver/Inc\
#        -I
#        D:\MKS-Robin-Nano-Firmware-v2.x.x\MKS-Robin-Nano-Firmware\EWARM/../Drivers/STM32F1xx_HAL_Driver/Inc/Legacy\
#        -I
#        D:\MKS-Robin-Nano-Firmware-v2.x.x\MKS-Robin-Nano-Firmware\EWARM/../Middlewares/Third_Party/FatFs/src/drivers\
#        -I
#        D:\MKS-Robin-Nano-Firmware-v2.x.x\MKS-Robin-Nano-Firmware\EWARM/../Middlewares/ST/STM32_USB_Host_Library/Core/Inc\
#        -I
#        D:\MKS-Robin-Nano-Firmware-v2.x.x\MKS-Robin-Nano-Firmware\EWARM/../Middlewares/ST/STM32_USB_Host_Library/Class/MSC/Inc\
#        -I
#        D:\MKS-Robin-Nano-Firmware-v2.x.x\MKS-Robin-Nano-Firmware\EWARM/../Drivers/CMSIS/Device/ST/STM32F1xx/Include\
#        -I
#        D:\MKS-Robin-Nano-Firmware-v2.x.x\MKS-Robin-Nano-Firmware\EWARM/../Middlewares/Third_Party/FatFs/src\
#        -I
#        D:\MKS-Robin-Nano-Firmware-v2.x.x\MKS-Robin-Nano-Firmware\EWARM/../Middlewares/Third_Party/Marlin\
#        -I
#        D:\MKS-Robin-Nano-Firmware-v2.x.x\MKS-Robin-Nano-Firmware\EWARM/../Drivers/CMSIS/Include\
#        -I
#        D:\MKS-Robin-Nano-Firmware-v2.x.x\MKS-Robin-Nano-Firmware\EWARM/../Drivers/BSP/variant\
#        -I
#        D:\MKS-Robin-Nano-Firmware-v2.x.x\MKS-Robin-Nano-Firmware\EWARM/../Drivers/BSP/Components/at24cxx\
#        -I
#        D:\MKS-Robin-Nano-Firmware-v2.x.x\MKS-Robin-Nano-Firmware\EWARM/../Drivers/BSP/Components/w25qxx\
#        -I
#        D:\MKS-Robin-Nano-Firmware-v2.x.x\MKS-Robin-Nano-Firmware\EWARM/../Drivers/BSP/Components/lcd\
#        -I
#        D:\MKS-Robin-Nano-Firmware-v2.x.x\MKS-Robin-Nano-Firmware\EWARM/../Drivers/STM32F10x_StdPeriph_Driver/inc\
#        -I
#        D:\MKS-Robin-Nano-Firmware-v2.x.x\MKS-Robin-Nano-Firmware\EWARM/../Drivers/libstmf4/include\
#        -I
#        D:\MKS-Robin-Nano-Firmware-v2.x.x\MKS-Robin-Nano-Firmware\EWARM/../Middlewares/arduino/stm32/cores/arduino\
#        -I
#        D:\MKS-Robin-Nano-Firmware-v2.x.x\MKS-Robin-Nano-Firmware\EWARM/../User/ui\
#        -I
#        D:\MKS-Robin-Nano-Firmware-v2.x.x\MKS-Robin-Nano-Firmware\EWARM/../User/ui/Multi_language\
#        -I
#        D:\MKS-Robin-Nano-Firmware-v2.x.x\MKS-Robin-Nano-Firmware\EWARM/../User/ui/QRENCODE\
#        -I
#        D:\MKS-Robin-Nano-Firmware-v2.x.x\MKS-Robin-Nano-Firmware\EWARM\..\Middlewares\GUI\
#        -Oh --eec++ -I "C:\Program Files (x86)\IAR Systems\Embedded Workbench
#        7.0\arm\CMSIS\Include\"
#    List file    =  
#        D:\MKS-Robin-Nano-Firmware-v2.x.x\MKS-Robin-Nano-Firmware\EWARM\mksRobinNano/List\draw_machine_type.lst
#    Object file  =  
#        D:\MKS-Robin-Nano-Firmware-v2.x.x\MKS-Robin-Nano-Firmware\EWARM\mksRobinNano/Obj\draw_machine_type.o
#
###############################################################################

D:\MKS-Robin-Nano-Firmware-v2.x.x\MKS-Robin-Nano-Firmware\User\ui\draw_machine_type.cpp
      1          #include "gui.h"
      2          #include "button.h"
      3          #include "draw_ui.h"

  #define UNUSED(x) ((void)(x))
          ^
"D:\MKS-Robin-Nano-Firmware-v2.x.x\MKS-Robin-Nano-Firmware\Drivers\STM32F1xx_HAL_Driver\Inc\stm32f1xx_hal_def.h",87  Warning[Pe047]: 
          incompatible redefinition of macro "UNUSED" (declared at line 101 of
          "D:\MKS-Robin-Nano-Firmware-v2.x.x\MKS-Robin-Nano-Firmware\EWARM/../M
          iddlewares/Third_Party/Marlin\macros.h")

  		volatile volatile float desireBedTempBak;
  		         ^
"D:\MKS-Robin-Nano-Firmware-v2.x.x\MKS-Robin-Nano-Firmware\Inc\mks_cfg.h",626  Warning[Pe083]: 
          type qualifier specified more than once

    #define FILAMENT_CHANGE_TEXT_EN				"Please click <Load> \nor <unload>,After \npinter pause."
            ^
"D:\MKS-Robin-Nano-Firmware-v2.x.x\MKS-Robin-Nano-Firmware\User\ui\Multi_language\Language_en.h",337  Warning[Pe047]: 
          incompatible redefinition of macro "FILAMENT_CHANGE_TEXT_EN"
          (declared at line 315)

  #define DIALOG_UNBIND_PRINTER_CN            "Ëß£Èô§ÁªëÂÆö?"
          ^
"D:\MKS-Robin-Nano-Firmware-v2.x.x\MKS-Robin-Nano-Firmware\User\ui\Multi_language\Language_s_cn.h",408  Warning[Pe047]: 
          incompatible redefinition of macro "DIALOG_UNBIND_PRINTER_CN"
          (declared at line 403)

    #define FILAMENT_CHANGE_TEXT_T_CN				"ÂæÖÊâìÂç∞Ê©üÊö´ÂÅúÂêé,\nË´ãÊåâ<ÈÄ≤Êñô>Êàñ<ÈÄÄÊñô>"
            ^
"D:\MKS-Robin-Nano-Firmware-v2.x.x\MKS-Robin-Nano-Firmware\User\ui\Multi_language\Language_t_cn.h",318  Warning[Pe047]: 
          incompatible redefinition of macro "FILAMENT_CHANGE_TEXT_T_CN"
          (declared at line 304)

    #define FILAMENT_CHANGE_TEXT_RU				"Please click <Load> \nor <unload>,After \npinter pause."
            ^
"D:\MKS-Robin-Nano-Firmware-v2.x.x\MKS-Robin-Nano-Firmware\User\ui\Multi_language\Language_ru.h",134  Warning[Pe047]: 
          incompatible redefinition of macro "FILAMENT_CHANGE_TEXT_RU"
          (declared at line 114)

  #define DIALOG_UNBIND_PRINTER_RU            "Unbind the printer?"
          ^
"D:\MKS-Robin-Nano-Firmware-v2.x.x\MKS-Robin-Nano-Firmware\User\ui\Multi_language\Language_ru.h",231  Warning[Pe047]: 
          incompatible redefinition of macro "DIALOG_UNBIND_PRINTER_RU"
          (declared at line 226)

    #define FILAMENT_CHANGE_TEXT_FR				"Please click <Load> \nor <unload>,After \npinter pause."
            ^
"D:\MKS-Robin-Nano-Firmware-v2.x.x\MKS-Robin-Nano-Firmware\User\ui\Multi_language\Language_fr.h",134  Warning[Pe047]: 
          incompatible redefinition of macro "FILAMENT_CHANGE_TEXT_FR"
          (declared at line 114)

  #define DIALOG_UNBIND_PRINTER_FR        "Unbind the printer?"
          ^
"D:\MKS-Robin-Nano-Firmware-v2.x.x\MKS-Robin-Nano-Firmware\User\ui\Multi_language\Language_fr.h",234  Warning[Pe047]: 
          incompatible redefinition of macro "DIALOG_UNBIND_PRINTER_FR"
          (declared at line 230)

    #define FILAMENT_CHANGE_TEXT_SP				"Please click <Load> \nor <unload>,After \npinter pause."
            ^
"D:\MKS-Robin-Nano-Firmware-v2.x.x\MKS-Robin-Nano-Firmware\User\ui\Multi_language\Language_sp.h",133  Warning[Pe047]: 
          incompatible redefinition of macro "FILAMENT_CHANGE_TEXT_SP"
          (declared at line 114)

    #define FILAMENT_CHANGE_TEXT_IT				"Please click <Load> \nor <unload>,After \npinter pause."
            ^
"D:\MKS-Robin-Nano-Firmware-v2.x.x\MKS-Robin-Nano-Firmware\User\ui\Multi_language\Language_it.h",134  Warning[Pe047]: 
          incompatible redefinition of macro "FILAMENT_CHANGE_TEXT_IT"
          (declared at line 114)

  #define DIALOG_UNBIND_PRINTER_IT                "Unbind the printer?"
          ^
"D:\MKS-Robin-Nano-Firmware-v2.x.x\MKS-Robin-Nano-Firmware\User\ui\Multi_language\Language_it.h",230  Warning[Pe047]: 
          incompatible redefinition of macro "DIALOG_UNBIND_PRINTER_IT"
          (declared at line 225)

  #define FILAMENT_CHANGE_TEXT_JP				"Please click <Load> \nor <unload>,After \npinter pause."
          ^
"D:\MKS-Robin-Nano-Firmware-v2.x.x\MKS-Robin-Nano-Firmware\User\ui\Multi_language\Multi_language.h",899  Warning[Pe047]: 
          incompatible redefinition of macro "FILAMENT_CHANGE_TEXT_JP"
          (declared at line 892)

  #define FILAMENT_CHANGE_TEXT_GN				"Please click <Load> \nor <unload>,After \npinter pause."
          ^
"D:\MKS-Robin-Nano-Firmware-v2.x.x\MKS-Robin-Nano-Firmware\User\ui\Multi_language\Multi_language.h",1107  Warning[Pe047]: 
          incompatible redefinition of macro "FILAMENT_CHANGE_TEXT_GN"
          (declared at line 1101)

  #define Simple_Dec"ºı…Ÿ"
                    ^
"D:\MKS-Robin-Nano-Firmware-v2.x.x\MKS-Robin-Nano-Firmware\User\ui\draw_ui.h",666  Warning[Pe1649]: 
          white space is required between the macro name "Simple_Dec" and its
          replacement text

  #define Simple_Speed "ÀŸ∂»"
          ^
"D:\MKS-Robin-Nano-Firmware-v2.x.x\MKS-Robin-Nano-Firmware\User\ui\draw_ui.h",721  Warning[Pe047]: 
          incompatible redefinition of macro "Simple_Speed" (declared at line
          718)

  #define Complex_Speed "ÀŸ∂»"
          ^
"D:\MKS-Robin-Nano-Firmware-v2.x.x\MKS-Robin-Nano-Firmware\User\ui\draw_ui.h",722  Warning[Pe047]: 
          incompatible redefinition of macro "Complex_Speed" (declared at line
          719)
      4          
      5          #include "marlin.h"

  #define strcpy_P(dest, src) strcpy((dest), (src))
          ^
"D:\MKS-Robin-Nano-Firmware-v2.x.x\MKS-Robin-Nano-Firmware\Middlewares\arduino\stm32\cores\arduino\avr\pgmspace.h",23  Warning[Pe047]: 
          incompatible redefinition of macro "strcpy_P" (declared at line 93
          of
          "D:\MKS-Robin-Nano-Firmware-v2.x.x\MKS-Robin-Nano-Firmware\Middleware
          s\Third_Party\Marlin\Marlin_export.h")

  #define strstr_P(a, b) strstr((a), (b))
          ^
"D:\MKS-Robin-Nano-Firmware-v2.x.x\MKS-Robin-Nano-Firmware\Middlewares\arduino\stm32\cores\arduino\avr\pgmspace.h",26  Warning[Pe047]: 
          incompatible redefinition of macro "strstr_P" (declared at line 94
          of
          "D:\MKS-Robin-Nano-Firmware-v2.x.x\MKS-Robin-Nano-Firmware\Middleware
          s\Third_Party\Marlin\Marlin_export.h")

  #define sprintf_P(s, f, ...) sprintf((s), (f), __VA_ARGS__)
          ^
"D:\MKS-Robin-Nano-Firmware-v2.x.x\MKS-Robin-Nano-Firmware\Middlewares\arduino\stm32\cores\arduino\avr\pgmspace.h",28  Warning[Pe047]: 
          incompatible redefinition of macro "sprintf_P" (declared at line 95
          of
          "D:\MKS-Robin-Nano-Firmware-v2.x.x\MKS-Robin-Nano-Firmware\Middleware
          s\Third_Party\Marlin\Marlin_export.h")

  #define pgm_read_word_near(addr) pgm_read_word(addr)
          ^
"D:\MKS-Robin-Nano-Firmware-v2.x.x\MKS-Robin-Nano-Firmware\Middlewares\arduino\stm32\cores\arduino\avr\pgmspace.h",38  Warning[Pe047]: 
          incompatible redefinition of macro "pgm_read_word_near" (declared at
          line 65 of
          "D:\MKS-Robin-Nano-Firmware-v2.x.x\MKS-Robin-Nano-Firmware\Middleware
          s\Third_Party\Marlin\Marlin_export.h")

    }
    ^
"D:\MKS-Robin-Nano-Firmware-v2.x.x\MKS-Robin-Nano-Firmware\Middlewares\Third_Party\Marlin\marlin.h",537  Warning[Pe940]: 
          missing return statement at end of non-void function
          "position_is_reachable_IS_KINEMATIC"
      6          #include "mks_reprint.h"

  #define SD_DETECT_INVERTED false
          ^
"D:\MKS-Robin-Nano-Firmware-v2.x.x\MKS-Robin-Nano-Firmware\Middlewares\Third_Party\Marlin\cardreader.h",27  Warning[Pe047]: 
          incompatible redefinition of macro "SD_DETECT_INVERTED" (declared at
          line 524 of
          "D:\MKS-Robin-Nano-Firmware-v2.x.x\MKS-Robin-Nano-Firmware\Middleware
          s\Third_Party\Marlin\Configuration_adv.h")

  #define PSTR(s) s
          ^
"D:\MKS-Robin-Nano-Firmware-v2.x.x\MKS-Robin-Nano-Firmware\Middlewares\Third_Party\Marlin\cardreader.h",31  Warning[Pe047]: 
          incompatible redefinition of macro "PSTR" (declared at line 63 of
          "D:\MKS-Robin-Nano-Firmware-v2.x.x\MKS-Robin-Nano-Firmware\EWARM/../M
          iddlewares/Third_Party/Marlin\marlin.h")

  #define pgm_read_byte(x) (*(char*)x)
          ^
"D:\MKS-Robin-Nano-Firmware-v2.x.x\MKS-Robin-Nano-Firmware\Middlewares\Third_Party\Marlin\cardreader.h",32  Warning[Pe047]: 
          incompatible redefinition of macro "pgm_read_byte" (declared at line
          64 of
          "D:\MKS-Robin-Nano-Firmware-v2.x.x\MKS-Robin-Nano-Firmware\Middleware
          s\Third_Party\Marlin\Marlin_export.h")

      static constexpr int8_t next_block_index(const int8_t block_index) { return BLOCK_MOD(block_index + 1); }
             ^
"D:\MKS-Robin-Nano-Firmware-v2.x.x\MKS-Robin-Nano-Firmware\Middlewares\Third_Party\Marlin\planner.h",627  Warning[Pe815]: 
          type qualifier on return type is meaningless

      static constexpr int8_t prev_block_index(const int8_t block_index) { return BLOCK_MOD(block_index - 1); }
             ^
"D:\MKS-Robin-Nano-Firmware-v2.x.x\MKS-Robin-Nano-Firmware\Middlewares\Third_Party\Marlin\planner.h",628  Warning[Pe815]: 
          type qualifier on return type is meaningless

        target_temperature[HOTEND_INDEX] = celsius;
                                         ^
"D:\MKS-Robin-Nano-Firmware-v2.x.x\MKS-Robin-Nano-Firmware\Middlewares\Third_Party\Marlin\temperature.h",406  Warning[Pa093]: 
          implicit conversion from floating point to integer

          target_temperature_bed =
                                 ^
"D:\MKS-Robin-Nano-Firmware-v2.x.x\MKS-Robin-Nano-Firmware\Middlewares\Third_Party\Marlin\temperature.h",414  Warning[Pa093]: 
          implicit conversion from floating point to integer

  #define LONG_FILENAME_LENGTH (13*MAX_VFAT_ENTRIES+1)
          ^
"D:\MKS-Robin-Nano-Firmware-v2.x.x\MKS-Robin-Nano-Firmware\Middlewares\Third_Party\Marlin\cardreader.h",61  Warning[Pe047]: 
          incompatible redefinition of macro "LONG_FILENAME_LENGTH" (declared
          at line 119 of
          "D:\MKS-Robin-Nano-Firmware-v2.x.x\MKS-Robin-Nano-Firmware\Middleware
          s\Third_Party\Marlin\SdFatConfig.h")

  #define ALLOW_DEPRECATED_FUNCTIONS 0
          ^
"D:\MKS-Robin-Nano-Firmware-v2.x.x\MKS-Robin-Nano-Firmware\Middlewares\Third_Party\Marlin\SdFat.h",635  Warning[Pe047]: 
          incompatible redefinition of macro "ALLOW_DEPRECATED_FUNCTIONS"
          (declared at line 67 of
          "D:\MKS-Robin-Nano-Firmware-v2.x.x\MKS-Robin-Nano-Firmware\Middleware
          s\Third_Party\Marlin\SdFatConfig.h")

  #define SPI_SD_INIT_RATE 11
          ^
"D:\MKS-Robin-Nano-Firmware-v2.x.x\MKS-Robin-Nano-Firmware\Middlewares\Third_Party\Marlin\SdFat.h",647  Warning[Pe047]: 
          incompatible redefinition of macro "SPI_SD_INIT_RATE" (declared at
          line 79 of
          "D:\MKS-Robin-Nano-Firmware-v2.x.x\MKS-Robin-Nano-Firmware\Middleware
          s\Third_Party\Marlin\SdFatConfig.h")
      7          #include "cardreader.h"
      8          
      9          #ifndef GUI_FLASH
     10          #define GUI_FLASH
     11          #endif
     12          

   \                                 In section .bss, align 4
     13          static GUI_HWIN hMachineTypeWnd;
   \                     hMachineTypeWnd:
   \   00000000                      DS8 2
   \   00000002                      DS8 2
   \   00000004                      DS8 24
   \   0000001C                      DS8 24

   \                                 In section .bss, align 4
     14          static BUTTON_STRUCT XYZ_Sel,Delta_Sel,Corexy_Sel;
   \                     Corexy_Sel:
   \   00000000                      DS8 24
   \   00000018                      DS8 24

   \                                 In section .bss, align 4
     15          static BUTTON_STRUCT buttonXYZ,buttonDelta,buttonCorexy;
   \                     buttonXYZ:
   \   00000000                      DS8 24
   \   00000018                      DS8 24
   \   00000030                      DS8 24
     16          static BUTTON_STRUCT button_back;
     17          
     18          //extern CardReader card;
     19          

   \                                 In section .text, align 2, keep-with-next
     20          static void cbMachineTypeWin(WM_MESSAGE * pMsg) {
     21          
     22              struct PressEvt *press_event;
                                      ^
Warning[Pe550]: variable "press_event" was set but never used
     23              switch (pMsg->MsgId)
   \                     _Z16cbMachineTypeWinP10WM_MESSAGE: (+1)
   \   00000000   0x6801             LDR      R1,[R0, #+0]
   \   00000002   0x290C             CMP      R1,#+12
   \   00000004   0xD100             BNE.N    ??cbMachineTypeWin_0
   \   00000006   0x4770             BX       LR
   \                     ??cbMachineTypeWin_0: (+1)
   \   00000008   0xB510             PUSH     {R4,LR}
   \   0000000A   0x290D             CMP      R1,#+13
   \   0000000C   0xF000 0x8082      BEQ.W    ??cbMachineTypeWin_1
   \   00000010   0x290F             CMP      R1,#+15
   \   00000012   0xD002             BEQ.N    ??cbMachineTypeWin_2
   \   00000014   0x2926             CMP      R1,#+38
   \   00000016   0xD01B             BEQ.N    ??cbMachineTypeWin_3
   \   00000018   0xE078             B.N      ??cbMachineTypeWin_4
     24              {
     25              	case WM_PAINT:
     26          			//GUI_SetColor(gCfgItems.state_background_color);
     27          			//GUI_DrawRect(LCD_WIDTH/4+X_ADD, 0, LCD_WIDTH *3 / 4-X_INTERVAL, imgHeight /2 -15);
     28          			GUI_SetColor(0xff5449);
   \                     ??cbMachineTypeWin_2: (+1)
   \   0000001A   0x.... 0x....      LDR.W    R0,??DataTable6  ;; 0xff5449
   \   0000001E   0x.... 0x....      BL       GUI_SetColor
     29          			GUI_FillRect(10, 90, 470,90);
   \   00000022   0x235A             MOVS     R3,#+90
   \   00000024   0xF44F 0x72EB      MOV      R2,#+470
   \   00000028   0x215A             MOVS     R1,#+90
   \   0000002A   0x200A             MOVS     R0,#+10
   \   0000002C   0x.... 0x....      BL       GUI_FillRect
     30                      GUI_FillRect(10, 140, 470,140);
   \   00000030   0x238C             MOVS     R3,#+140
   \   00000032   0xF44F 0x72EB      MOV      R2,#+470
   \   00000036   0x4619             MOV      R1,R3
   \   00000038   0x200A             MOVS     R0,#+10
   \   0000003A   0x.... 0x....      BL       GUI_FillRect
     31                      GUI_FillRect(10, 190, 470,190);
   \   0000003E   0xE8BD 0x4010      POP      {R4,LR}
   \   00000042   0x23BE             MOVS     R3,#+190
   \   00000044   0xF44F 0x72EB      MOV      R2,#+470
   \   00000048   0x4619             MOV      R1,R3
   \   0000004A   0x200A             MOVS     R0,#+10
   \   0000004C   0x.... 0x....      B.W      GUI_FillRect
     32           
     33              		break;
     34              	case WM_TOUCH:
     35              	 	press_event = (struct PressEvt *)pMsg->Data.p;
     36              		
     37              		break;
     38              	case WM_TOUCH_CHILD:
     39              		press_event = (struct PressEvt *)pMsg->Data.p;
     40          
     41              		break;
     42              		
     43              	case WM_NOTIFY_PARENT:
     44              		if(pMsg->Data.v == WM_NOTIFICATION_RELEASED)
   \                     ??cbMachineTypeWin_3: (+1)
   \   00000050   0x6881             LDR      R1,[R0, #+8]
   \   00000052   0x2902             CMP      R1,#+2
   \   00000054   0xD15E             BNE.N    ??cbMachineTypeWin_1
     45              		{
     46              			if(pMsg->hWinSrc == button_back.btnHandle)
   \   00000056   0x.... 0x....      LDR.W    R1,??DataTable6_1
   \   0000005A   0xF9B0 0x0006      LDRSH    R0,[R0, #+6]
   \   0000005E   0xF9B1 0x2018      LDRSH    R2,[R1, #+24]
   \   00000062   0x.... 0x....      LDR.W    R4,??DataTable6_2
   \   00000066   0x4290             CMP      R0,R2
   \   00000068   0xD115             BNE.N    ??cbMachineTypeWin_5
     47              			{
     48              				last_disp_state = MACHINETYPE_UI;
   \   0000006A   0x.... 0x....      LDR.W    R1,??DataTable6_3
   \   0000006E   0x2029             MOVS     R0,#+41
   \   00000070   0x7008             STRB     R0,[R1, #+0]
     49              				Clear_MachineType();
   \   00000072   0x.... 0x....      LDR.W    R0,??DataTable6_4
   \   00000076   0x6940             LDR      R0,[R0, #+20]
   \   00000078   0x.... 0x....      BL       GUI_SetBkColor
   \   0000007C   0xF9B4 0x0000      LDRSH    R0,[R4, #+0]
   \   00000080   0x.... 0x....      BL       WM_IsWindow
   \   00000084   0xB118             CBZ.N    R0,??cbMachineTypeWin_6
   \   00000086   0xF9B4 0x0000      LDRSH    R0,[R4, #+0]
   \   0000008A   0x.... 0x....      BL       WM_DeleteWindow
     50              				draw_return_ui();
   \                     ??cbMachineTypeWin_6: (+1)
   \   0000008E   0xE8BD 0x4010      POP      {R4,LR}
   \   00000092   0x.... 0x....      B.W      draw_return_ui
     51              			}	
     52              			else if(pMsg->hWinSrc == XYZ_Sel.btnHandle)
   \                     ??cbMachineTypeWin_5: (+1)
   \   00000096   0xF9B4 0x2004      LDRSH    R2,[R4, #+4]
   \   0000009A   0x4290             CMP      R0,R2
   \   0000009C   0xD10A             BNE.N    ??cbMachineTypeWin_7
     53              			{
     54              				last_disp_state = MACHINETYPE_UI;
   \   0000009E   0x.... 0x....      LDR.W    R1,??DataTable6_3
     55              				//Clear_MachineType();
     56              				mksCfg.machinetype=0;        
   \   000000A2   0x.... 0x....      LDR.W    R4,??DataTable6_5
   \   000000A6   0x2029             MOVS     R0,#+41
   \   000000A8   0x7008             STRB     R0,[R1, #+0]
     57          	                    epr_write_data(EPR_MACHINETPYE,(uint8_t *)&mksCfg.machinetype,sizeof(mksCfg.machinetype)); 
   \   000000AA   0x2202             MOVS     R2,#+2
   \   000000AC   0x2000             MOVS     R0,#+0
   \   000000AE   0xF8A4 0x0058      STRH     R0,[R4, #+88]
   \   000000B2   0xE018             B.N      ??cbMachineTypeWin_8
     58          	                    mksCfg.machinetype = (1<<mksCfg.machinetype);
     59          	                    Machine_sel();
     60          						
     61          				card.mksLoad();
     62              			}
     63              			else if(pMsg->hWinSrc == Delta_Sel.btnHandle)
   \                     ??cbMachineTypeWin_7: (+1)
   \   000000B4   0xF9B4 0x201C      LDRSH    R2,[R4, #+28]
   \   000000B8   0x4290             CMP      R0,R2
   \   000000BA   0xD108             BNE.N    ??cbMachineTypeWin_9
     64          
     65              			{
     66              				last_disp_state = MACHINETYPE_UI;
   \   000000BC   0x....             LDR.N    R1,??DataTable6_3
     67          	                    mksCfg.machinetype=1;
   \   000000BE   0x....             LDR.N    R4,??DataTable6_5
   \   000000C0   0x2029             MOVS     R0,#+41
   \   000000C2   0x7008             STRB     R0,[R1, #+0]
     68          	                    epr_write_data(EPR_MACHINETPYE,(uint8_t *)&mksCfg.machinetype,sizeof(mksCfg.machinetype));
   \   000000C4   0x2202             MOVS     R2,#+2
   \   000000C6   0x2001             MOVS     R0,#+1
   \   000000C8   0xF8A4 0x0058      STRH     R0,[R4, #+88]
   \   000000CC   0xE00B             B.N      ??cbMachineTypeWin_8
     69          	                    mksCfg.machinetype = (1<<mksCfg.machinetype);
     70          	                    Machine_sel();
     71          						
     72              				card.mksLoad();
     73              			}
     74              			else if(pMsg->hWinSrc == Corexy_Sel.btnHandle)
   \                     ??cbMachineTypeWin_9: (+1)
   \   000000CE   0xF9B1 0x1000      LDRSH    R1,[R1, #+0]
   \   000000D2   0x4288             CMP      R0,R1
   \   000000D4   0xD11E             BNE.N    ??cbMachineTypeWin_1
     75              			{
     76              				last_disp_state = MACHINETYPE_UI;
   \   000000D6   0x....             LDR.N    R1,??DataTable6_3
     77          	                    mksCfg.machinetype=2;
   \   000000D8   0x....             LDR.N    R4,??DataTable6_5
   \   000000DA   0x2029             MOVS     R0,#+41
   \   000000DC   0x7008             STRB     R0,[R1, #+0]
     78          	                    epr_write_data(EPR_MACHINETPYE,(uint8_t *)&mksCfg.machinetype,sizeof(mksCfg.machinetype));
   \   000000DE   0x2202             MOVS     R2,#+2
   \   000000E0   0x2002             MOVS     R0,#+2
   \   000000E2   0xF8A4 0x0058      STRH     R0,[R4, #+88]
   \                     ??cbMachineTypeWin_8: (+1)
   \   000000E6   0xF104 0x0158      ADD      R1,R4,#+88
   \   000000EA   0xF240 0x6001      MOVW     R0,#+1537
   \   000000EE   0x.... 0x....      BL       epr_write_data
     79          	                    mksCfg.machinetype = (1<<mksCfg.machinetype);
   \   000000F2   0xF8B4 0x1058      LDRH     R1,[R4, #+88]
   \   000000F6   0x2001             MOVS     R0,#+1
   \   000000F8   0x4088             LSLS     R0,R0,R1
   \   000000FA   0xF8A4 0x0058      STRH     R0,[R4, #+88]
     80          	                    Machine_sel();
   \   000000FE   0x.... 0x....      BL       Machine_sel
     81          						
     82          				card.mksLoad();
   \   00000102   0xE8BD 0x4010      POP      {R4,LR}
   \   00000106   0x....             LDR.N    R0,??DataTable6_6
   \   00000108   0x.... 0x....      B.W      _ZN10CardReader7mksLoadEv
     83              			}       			
     84              		}
     85              		break;
     86              		
     87              	default:
     88              		WM_DefaultProc(pMsg);
   \                     ??cbMachineTypeWin_4: (+1)
   \   0000010C   0xE8BD 0x4010      POP      {R4,LR}
   \   00000110   0x.... 0x....      B.W      WM_DefaultProc
     89              	}
     90          }
   \                     ??cbMachineTypeWin_1: (+1)
   \   00000114   0xBD10             POP      {R4,PC}          ;; return
     91          
     92          

   \                                 In section .text, align 2, keep-with-next
     93          void draw_MachineType()
     94          {   
   \                     draw_MachineType: (+1)
   \   00000000   0xE92D 0x47F0      PUSH     {R4-R10,LR}
     95              int i;
                         ^
Warning[Pe177]: variable "i" was declared but never referenced
     96          
     97              if(disp_state_stack._disp_state[disp_state_stack._disp_index] != MACHINETYPE_UI)
   \   00000004   0x....             LDR.N    R0,??DataTable6_7
   \   00000006   0xF990 0x1064      LDRSB    R1,[R0, #+100]
   \   0000000A   0xB084             SUB      SP,SP,#+16
   \   0000000C   0x560A             LDRSB    R2,[R1, R0]
   \   0000000E   0x2A29             CMP      R2,#+41
   \   00000010   0xD005             BEQ.N    ??draw_MachineType_0
     98              {
     99                  disp_state_stack._disp_index++;
   \   00000012   0x1C49             ADDS     R1,R1,#+1
   \   00000014   0xF880 0x1064      STRB     R1,[R0, #+100]
    100                  disp_state_stack._disp_state[disp_state_stack._disp_index] = MACHINETYPE_UI;
   \   00000018   0x2229             MOVS     R2,#+41
   \   0000001A   0xB249             SXTB     R1,R1
   \   0000001C   0x540A             STRB     R2,[R1, R0]
    101              }
    102              disp_state = MACHINETYPE_UI;
   \                     ??draw_MachineType_0: (+1)
   \   0000001E   0x2029             MOVS     R0,#+41
   \   00000020   0x....             LDR.N    R1,??DataTable6_8
    103              
    104              GUI_SetBkColor(gCfgItems.background_color);
   \   00000022   0x.... 0x....      LDR.W    R9,??DataTable6_4
   \   00000026   0x7008             STRB     R0,[R1, #+0]
   \   00000028   0xF8D9 0x0014      LDR      R0,[R9, #+20]
   \   0000002C   0x.... 0x....      BL       GUI_SetBkColor
    105              GUI_SetColor(gCfgItems.title_color);
   \   00000030   0xF109 0x0514      ADD      R5,R9,#+20
   \   00000034   0x6868             LDR      R0,[R5, #+4]
   \   00000036   0x.... 0x....      BL       GUI_SetColor
    106              GUI_Clear();
   \   0000003A   0x.... 0x....      BL       GUI_Clear
    107              
    108              GUI_DispStringAt(machine_menu.MachineTypeConfTitle, TITLE_XPOS, TITLE_YPOS);
   \   0000003E   0x....             LDR.N    R6,??DataTable6_9
   \   00000040   0x6AB0             LDR      R0,[R6, #+40]
   \   00000042   0x2205             MOVS     R2,#+5
   \   00000044   0x2103             MOVS     R1,#+3
   \   00000046   0x.... 0x....      BL       GUI_DispStringAt
    109          
    110              hMachineTypeWnd = WM_CreateWindow(0, 0, LCD_WIDTH, LCD_HEIGHT, WM_CF_SHOW, cbMachineTypeWin, 0);
   \   0000004A   0x2000             MOVS     R0,#+0
   \   0000004C   0x9002             STR      R0,[SP, #+8]
   \   0000004E   0xF44F 0x73A0      MOV      R3,#+320
   \   00000052   0x....             LDR.N    R0,??DataTable6_10
   \   00000054   0x....             LDR.N    R4,??DataTable6_2
   \   00000056   0x9001             STR      R0,[SP, #+4]
   \   00000058   0xF44F 0x72F0      MOV      R2,#+480
   \   0000005C   0x2002             MOVS     R0,#+2
   \   0000005E   0x9000             STR      R0,[SP, #+0]
   \   00000060   0x2100             MOVS     R1,#+0
   \   00000062   0x2000             MOVS     R0,#+0
   \   00000064   0x.... 0x....      BL       WM_CreateWindow
   \   00000068   0x8020             STRH     R0,[R4, #+0]
    111          
    112              buttonXYZ.btnHandle = BUTTON_CreateEx(10,50,360,40,hMachineTypeWnd, BUTTON_CF_SHOW, 0, alloc_win_id());
   \   0000006A   0x.... 0x....      BL       alloc_win_id
   \   0000006E   0x9003             STR      R0,[SP, #+12]
   \   00000070   0x2000             MOVS     R0,#+0
   \   00000072   0x9002             STR      R0,[SP, #+8]
   \   00000074   0x2002             MOVS     R0,#+2
   \   00000076   0x9001             STR      R0,[SP, #+4]
   \   00000078   0x2328             MOVS     R3,#+40
   \   0000007A   0xF9B4 0x0000      LDRSH    R0,[R4, #+0]
   \   0000007E   0x....             LDR.N    R7,??DataTable6_11
   \   00000080   0x9000             STR      R0,[SP, #+0]
   \   00000082   0xF44F 0x72B4      MOV      R2,#+360
   \   00000086   0x2132             MOVS     R1,#+50
   \   00000088   0x200A             MOVS     R0,#+10
   \   0000008A   0x.... 0x....      BL       BUTTON_CreateEx
   \   0000008E   0x8038             STRH     R0,[R7, #+0]
    113              XYZ_Sel.btnHandle = BUTTON_CreateEx(370,50,90,40,hMachineTypeWnd, BUTTON_CF_SHOW, 0, alloc_win_id());
   \   00000090   0x.... 0x....      BL       alloc_win_id
   \   00000094   0x9003             STR      R0,[SP, #+12]
   \   00000096   0x2328             MOVS     R3,#+40
   \   00000098   0x2000             MOVS     R0,#+0
   \   0000009A   0x9002             STR      R0,[SP, #+8]
   \   0000009C   0x225A             MOVS     R2,#+90
   \   0000009E   0x2002             MOVS     R0,#+2
   \   000000A0   0x9001             STR      R0,[SP, #+4]
   \   000000A2   0x2132             MOVS     R1,#+50
   \   000000A4   0xF9B4 0x0000      LDRSH    R0,[R4, #+0]
   \   000000A8   0x9000             STR      R0,[SP, #+0]
   \   000000AA   0xF44F 0x70B9      MOV      R0,#+370
   \   000000AE   0x.... 0x....      BL       BUTTON_CreateEx
   \   000000B2   0x80A0             STRH     R0,[R4, #+4]
    114              
    115              buttonDelta.btnHandle = BUTTON_CreateEx(10,100,360,40,hMachineTypeWnd, BUTTON_CF_SHOW, 0, alloc_win_id());
   \   000000B4   0x.... 0x....      BL       alloc_win_id
   \   000000B8   0x9003             STR      R0,[SP, #+12]
   \   000000BA   0x2328             MOVS     R3,#+40
   \   000000BC   0x2000             MOVS     R0,#+0
   \   000000BE   0x9002             STR      R0,[SP, #+8]
   \   000000C0   0xF44F 0x72B4      MOV      R2,#+360
   \   000000C4   0x2002             MOVS     R0,#+2
   \   000000C6   0x9001             STR      R0,[SP, #+4]
   \   000000C8   0x2164             MOVS     R1,#+100
   \   000000CA   0xF9B4 0x0000      LDRSH    R0,[R4, #+0]
   \   000000CE   0x9000             STR      R0,[SP, #+0]
   \   000000D0   0x200A             MOVS     R0,#+10
   \   000000D2   0x.... 0x....      BL       BUTTON_CreateEx
   \   000000D6   0x8338             STRH     R0,[R7, #+24]
    116              Delta_Sel.btnHandle = BUTTON_CreateEx(370,100,90,40,hMachineTypeWnd, BUTTON_CF_SHOW, 0, alloc_win_id());
   \   000000D8   0x.... 0x....      BL       alloc_win_id
   \   000000DC   0x9003             STR      R0,[SP, #+12]
   \   000000DE   0x2328             MOVS     R3,#+40
   \   000000E0   0x2000             MOVS     R0,#+0
   \   000000E2   0x9002             STR      R0,[SP, #+8]
   \   000000E4   0x225A             MOVS     R2,#+90
   \   000000E6   0x2002             MOVS     R0,#+2
   \   000000E8   0x9001             STR      R0,[SP, #+4]
   \   000000EA   0x2164             MOVS     R1,#+100
   \   000000EC   0xF9B4 0x0000      LDRSH    R0,[R4, #+0]
   \   000000F0   0x9000             STR      R0,[SP, #+0]
   \   000000F2   0xF44F 0x70B9      MOV      R0,#+370
   \   000000F6   0x.... 0x....      BL       BUTTON_CreateEx
   \   000000FA   0x83A0             STRH     R0,[R4, #+28]
    117              
    118              buttonCorexy.btnHandle = BUTTON_CreateEx(10,150,360,40,hMachineTypeWnd, BUTTON_CF_SHOW, 0, alloc_win_id());
   \   000000FC   0x.... 0x....      BL       alloc_win_id
   \   00000100   0x9003             STR      R0,[SP, #+12]
   \   00000102   0x2328             MOVS     R3,#+40
   \   00000104   0x2000             MOVS     R0,#+0
   \   00000106   0x9002             STR      R0,[SP, #+8]
   \   00000108   0xF44F 0x72B4      MOV      R2,#+360
   \   0000010C   0x2002             MOVS     R0,#+2
   \   0000010E   0x9001             STR      R0,[SP, #+4]
   \   00000110   0x2196             MOVS     R1,#+150
   \   00000112   0xF9B4 0x0000      LDRSH    R0,[R4, #+0]
   \   00000116   0x9000             STR      R0,[SP, #+0]
   \   00000118   0x200A             MOVS     R0,#+10
   \   0000011A   0x.... 0x....      BL       BUTTON_CreateEx
   \   0000011E   0x8638             STRH     R0,[R7, #+48]
    119              Corexy_Sel.btnHandle = BUTTON_CreateEx(370,150,90,40,hMachineTypeWnd, BUTTON_CF_SHOW, 0, alloc_win_id());
   \   00000120   0x.... 0x....      BL       alloc_win_id
   \   00000124   0x9003             STR      R0,[SP, #+12]
   \   00000126   0x2000             MOVS     R0,#+0
   \   00000128   0x9002             STR      R0,[SP, #+8]
   \   0000012A   0x2002             MOVS     R0,#+2
   \   0000012C   0x9001             STR      R0,[SP, #+4]
   \   0000012E   0x2328             MOVS     R3,#+40
   \   00000130   0xF9B4 0x0000      LDRSH    R0,[R4, #+0]
   \   00000134   0x.... 0x....      LDR.W    R8,??DataTable6_1
   \   00000138   0x9000             STR      R0,[SP, #+0]
   \   0000013A   0x225A             MOVS     R2,#+90
   \   0000013C   0x2196             MOVS     R1,#+150
   \   0000013E   0xF44F 0x70B9      MOV      R0,#+370
   \   00000142   0x.... 0x....      BL       BUTTON_CreateEx
   \   00000146   0xF8A8 0x0000      STRH     R0,[R8, #+0]
    120          
    121               
    122              //BUTTON_SetBmpFileName(XYZ_Sel.btnHandle, "bmp_circle.bin",1);        
    123              //BUTTON_SetBmpFileName(Delta_Sel.btnHandle, "bmp_circle.bin",1);
    124              //BUTTON_SetBmpFileName(Corexy_Sel.btnHandle, "bmp_circle.bin",1);
    125              Machine_sel();
   \   0000014A   0x.... 0x....      BL       Machine_sel
    126              
    127              BUTTON_SetBmpFileName(buttonXYZ.btnHandle,NULL,1);        
   \   0000014E   0x2100             MOVS     R1,#+0
   \   00000150   0x2201             MOVS     R2,#+1
   \   00000152   0x5E78             LDRSH    R0,[R7, R1]
   \   00000154   0x.... 0x....      BL       BUTTON_SetBmpFileName
    128              BUTTON_SetBmpFileName(buttonDelta.btnHandle,NULL,1);
   \   00000158   0xF9B7 0x0018      LDRSH    R0,[R7, #+24]
   \   0000015C   0x2201             MOVS     R2,#+1
   \   0000015E   0x2100             MOVS     R1,#+0
   \   00000160   0x.... 0x....      BL       BUTTON_SetBmpFileName
    129              BUTTON_SetBmpFileName(buttonCorexy.btnHandle,NULL,1);
   \   00000164   0xF9B7 0x0030      LDRSH    R0,[R7, #+48]
   \   00000168   0x2201             MOVS     R2,#+1
   \   0000016A   0x2100             MOVS     R1,#+0
   \   0000016C   0x.... 0x....      BL       BUTTON_SetBmpFileName
    130          
    131              BUTTON_SetBitmapEx(XYZ_Sel.btnHandle,0,&bmp_struct26X26,64,7);//Õº∆¨¥Û–°Œ™26x26
   \   00000170   0x2007             MOVS     R0,#+7
   \   00000172   0x9000             STR      R0,[SP, #+0]
   \   00000174   0x2340             MOVS     R3,#+64
   \   00000176   0x.... 0x....      LDR.W    R10,??DataTable6_12
   \   0000017A   0xF9B4 0x0004      LDRSH    R0,[R4, #+4]
   \   0000017E   0x4652             MOV      R2,R10
   \   00000180   0x2100             MOVS     R1,#+0
   \   00000182   0x.... 0x....      BL       BUTTON_SetBitmapEx
    132              BUTTON_SetBitmapEx(Delta_Sel.btnHandle,0,&bmp_struct26X26,64,7);
   \   00000186   0x2007             MOVS     R0,#+7
   \   00000188   0x9000             STR      R0,[SP, #+0]
   \   0000018A   0x2340             MOVS     R3,#+64
   \   0000018C   0xF9B4 0x001C      LDRSH    R0,[R4, #+28]
   \   00000190   0x4652             MOV      R2,R10
   \   00000192   0x2100             MOVS     R1,#+0
   \   00000194   0x.... 0x....      BL       BUTTON_SetBitmapEx
    133              BUTTON_SetBitmapEx(Corexy_Sel.btnHandle,0,&bmp_struct26X26,64,7);
   \   00000198   0x2007             MOVS     R0,#+7
   \   0000019A   0x9000             STR      R0,[SP, #+0]
   \   0000019C   0x2340             MOVS     R3,#+64
   \   0000019E   0xF9B8 0x0000      LDRSH    R0,[R8, #+0]
   \   000001A2   0x4652             MOV      R2,R10
   \   000001A4   0x2100             MOVS     R1,#+0
   \   000001A6   0x.... 0x....      BL       BUTTON_SetBitmapEx
    134              
    135              BUTTON_SetTextAlign(buttonXYZ.btnHandle,GUI_TA_LEFT|GUI_TA_VCENTER );
   \   000001AA   0xF9B7 0x0000      LDRSH    R0,[R7, #+0]
   \   000001AE   0x210C             MOVS     R1,#+12
   \   000001B0   0x.... 0x....      BL       BUTTON_SetTextAlign
    136              BUTTON_SetTextAlign(buttonDelta.btnHandle,GUI_TA_LEFT|GUI_TA_VCENTER );
   \   000001B4   0xF9B7 0x0018      LDRSH    R0,[R7, #+24]
   \   000001B8   0x210C             MOVS     R1,#+12
   \   000001BA   0x.... 0x....      BL       BUTTON_SetTextAlign
    137              BUTTON_SetTextAlign(buttonCorexy.btnHandle,GUI_TA_LEFT|GUI_TA_VCENTER );
   \   000001BE   0xF9B7 0x0030      LDRSH    R0,[R7, #+48]
   \   000001C2   0x210C             MOVS     R1,#+12
   \   000001C4   0x.... 0x....      BL       BUTTON_SetTextAlign
    138          
    139              button_back.btnHandle = BUTTON_CreateEx(400,270,70,40,hMachineTypeWnd,BUTTON_CF_SHOW,0,alloc_win_id());
   \   000001C8   0x.... 0x....      BL       alloc_win_id
   \   000001CC   0x9003             STR      R0,[SP, #+12]
   \   000001CE   0x2328             MOVS     R3,#+40
   \   000001D0   0x2000             MOVS     R0,#+0
   \   000001D2   0x9002             STR      R0,[SP, #+8]
   \   000001D4   0x2246             MOVS     R2,#+70
   \   000001D6   0x2002             MOVS     R0,#+2
   \   000001D8   0x9001             STR      R0,[SP, #+4]
   \   000001DA   0xF44F 0x7187      MOV      R1,#+270
   \   000001DE   0xF9B4 0x0000      LDRSH    R0,[R4, #+0]
   \   000001E2   0x9000             STR      R0,[SP, #+0]
   \   000001E4   0xF44F 0x70C8      MOV      R0,#+400
   \   000001E8   0x.... 0x....      BL       BUTTON_CreateEx
   \   000001EC   0xF8A8 0x0018      STRH     R0,[R8, #+24]
    140              
    141              BUTTON_SetBmpFileName(button_back.btnHandle, "bmp_back70x40.bin",1);        
   \   000001F0   0x2201             MOVS     R2,#+1
   \   000001F2   0x.... 0x....      ADR.W    R1,`?<Constant "bmp_back70x40.bin">`
   \   000001F6   0x.... 0x....      BL       BUTTON_SetBmpFileName
    142              BUTTON_SetBitmapEx(button_back.btnHandle, 0, &bmp_struct70X40,0, 0);
   \   000001FA   0x....             LDR.N    R2,??DataTable6_13
   \   000001FC   0x2000             MOVS     R0,#+0
   \   000001FE   0x9000             STR      R0,[SP, #+0]
   \   00000200   0x4603             MOV      R3,R0
   \   00000202   0x4601             MOV      R1,R0
   \   00000204   0xF9B8 0x0018      LDRSH    R0,[R8, #+24]
   \   00000208   0x.... 0x....      BL       BUTTON_SetBitmapEx
    143              BUTTON_SetTextAlign(button_back.btnHandle,GUI_TA_HCENTER|GUI_TA_VCENTER );
   \   0000020C   0xF9B8 0x0018      LDRSH    R0,[R8, #+24]
   \   00000210   0x210E             MOVS     R1,#+14
   \   00000212   0x.... 0x....      BL       BUTTON_SetTextAlign
    144          
    145              BUTTON_SetBkColor(button_back.btnHandle, BUTTON_CI_PRESSED, gCfgItems.back_btn_color);
   \   00000216   0x6BAA             LDR      R2,[R5, #+56]
   \   00000218   0xF9B8 0x0018      LDRSH    R0,[R8, #+24]
   \   0000021C   0x2101             MOVS     R1,#+1
   \   0000021E   0x.... 0x....      BL       BUTTON_SetBkColor
    146              BUTTON_SetBkColor(button_back.btnHandle, BUTTON_CI_UNPRESSED, gCfgItems.back_btn_color); 
   \   00000222   0x6BAA             LDR      R2,[R5, #+56]
   \   00000224   0xF9B8 0x0018      LDRSH    R0,[R8, #+24]
   \   00000228   0x2100             MOVS     R1,#+0
   \   0000022A   0x.... 0x....      BL       BUTTON_SetBkColor
    147              BUTTON_SetTextColor(button_back.btnHandle, BUTTON_CI_PRESSED, gCfgItems.back_btn_textcolor);
   \   0000022E   0x6BEA             LDR      R2,[R5, #+60]
   \   00000230   0xF9B8 0x0018      LDRSH    R0,[R8, #+24]
   \   00000234   0x2101             MOVS     R1,#+1
   \   00000236   0x.... 0x....      BL       BUTTON_SetTextColor
    148              BUTTON_SetTextColor(button_back.btnHandle, BUTTON_CI_UNPRESSED, gCfgItems.back_btn_textcolor); 
   \   0000023A   0x6BEA             LDR      R2,[R5, #+60]
   \   0000023C   0xF9B8 0x0018      LDRSH    R0,[R8, #+24]
   \   00000240   0x2100             MOVS     R1,#+0
   \   00000242   0x.... 0x....      BL       BUTTON_SetTextColor
    149          
    150              if(gCfgItems.multiple_language != 0)
   \   00000246   0xF899 0x01CF      LDRB     R0,[R9, #+463]
   \   0000024A   0xB1B8             CBZ.N    R0,??draw_MachineType_1
    151              {
    152                  BUTTON_SetText(buttonXYZ.btnHandle, machine_menu.xyz);
   \   0000024C   0x6AF1             LDR      R1,[R6, #+44]
   \   0000024E   0xF9B7 0x0000      LDRSH    R0,[R7, #+0]
   \   00000252   0x.... 0x....      BL       BUTTON_SetText
    153                  BUTTON_SetText(buttonDelta.btnHandle, machine_menu.delta);
   \   00000256   0x6B31             LDR      R1,[R6, #+48]
   \   00000258   0xF9B7 0x0018      LDRSH    R0,[R7, #+24]
   \   0000025C   0x.... 0x....      BL       BUTTON_SetText
    154                  BUTTON_SetText(buttonCorexy.btnHandle, machine_menu.corexy);   
   \   00000260   0x6B71             LDR      R1,[R6, #+52]
   \   00000262   0xF9B7 0x0030      LDRSH    R0,[R7, #+48]
   \   00000266   0x.... 0x....      BL       BUTTON_SetText
    155          
    156                  BUTTON_SetText(button_back.btnHandle,common_menu.text_back);
   \   0000026A   0x....             LDR.N    R0,??DataTable6_14
   \   0000026C   0x6801             LDR      R1,[R0, #+0]
   \   0000026E   0xF9B8 0x0018      LDRSH    R0,[R8, #+24]
   \   00000272   0xB004             ADD      SP,SP,#+16
   \   00000274   0xE8BD 0x47F0      POP      {R4-R10,LR}
   \   00000278   0x.... 0x....      B.W      BUTTON_SetText
    157              }
    158          
    159          
    160          
    161          }
   \                     ??draw_MachineType_1: (+1)
   \   0000027C   0xB004             ADD      SP,SP,#+16
   \   0000027E   0xE8BD 0x87F0      POP      {R4-R10,PC}      ;; return
    162          

   \                                 In section .text, align 2, keep-with-next
    163          void Machine_sel()
    164          {
   \                     Machine_sel: (+1)
   \   00000000   0xB538             PUSH     {R3-R5,LR}
    165              switch(mksCfg.machinetype)
   \   00000002   0x....             LDR.N    R0,??DataTable6_5
   \   00000004   0xF9B0 0x0058      LDRSH    R0,[R0, #+88]
   \   00000008   0x2802             CMP      R0,#+2
   \   0000000A   0xD002             BEQ.N    ??Machine_sel_0
   \   0000000C   0x2804             CMP      R0,#+4
   \   0000000E   0xD00D             BEQ.N    ??Machine_sel_1
   \   00000010   0xE01E             B.N      ??Machine_sel_2
    166              {
    167                  case 1:
    168                           
    169                      BUTTON_SetBmpFileName(XYZ_Sel.btnHandle, "bmp_circle_sel.bin",1);        
    170                      BUTTON_SetBmpFileName(Delta_Sel.btnHandle, "bmp_circle.bin",1);
    171                      BUTTON_SetBmpFileName(Corexy_Sel.btnHandle, "bmp_circle.bin",1);
    172                      break;
    173                  case 2:
    174                           
    175                      BUTTON_SetBmpFileName(XYZ_Sel.btnHandle, "bmp_circle.bin",1);        
   \                     ??Machine_sel_0: (+1)
   \   00000012   0x....             LDR.N    R4,??DataTable6_2
   \   00000014   0x.... 0x....      ADR.W    R5,`?<Constant "bmp_circle.bin">`
   \   00000018   0xF9B4 0x0004      LDRSH    R0,[R4, #+4]
   \   0000001C   0x2201             MOVS     R2,#+1
   \   0000001E   0x4629             MOV      R1,R5
   \   00000020   0x.... 0x....      BL       BUTTON_SetBmpFileName
    176                      BUTTON_SetBmpFileName(Delta_Sel.btnHandle, "bmp_circle_sel.bin",1);
   \   00000024   0x2201             MOVS     R2,#+1
   \   00000026   0x.... 0x....      ADR.W    R1,`?<Constant "bmp_circle_sel.bin">`
   \   0000002A   0xE01D             B.N      ??Machine_sel_3
    177                      BUTTON_SetBmpFileName(Corexy_Sel.btnHandle, "bmp_circle.bin",1);
    178                      break;
    179                  case 4:
    180                           
    181                      BUTTON_SetBmpFileName(XYZ_Sel.btnHandle, "bmp_circle.bin",1);        
   \                     ??Machine_sel_1: (+1)
   \   0000002C   0x....             LDR.N    R4,??DataTable6_2
   \   0000002E   0x.... 0x....      ADR.W    R5,`?<Constant "bmp_circle.bin">`
   \   00000032   0x5E20             LDRSH    R0,[R4, R0]
   \   00000034   0x2201             MOVS     R2,#+1
   \   00000036   0x4629             MOV      R1,R5
   \   00000038   0x.... 0x....      BL       BUTTON_SetBmpFileName
    182                      BUTTON_SetBmpFileName(Delta_Sel.btnHandle, "bmp_circle.bin",1);
   \   0000003C   0xF9B4 0x001C      LDRSH    R0,[R4, #+28]
   \   00000040   0x2201             MOVS     R2,#+1
   \   00000042   0x4629             MOV      R1,R5
   \   00000044   0x.... 0x....      BL       BUTTON_SetBmpFileName
    183                      BUTTON_SetBmpFileName(Corexy_Sel.btnHandle, "bmp_circle_sel.bin",1);
   \   00000048   0x2201             MOVS     R2,#+1
   \   0000004A   0x.... 0x....      ADR.W    R1,`?<Constant "bmp_circle_sel.bin">`
   \   0000004E   0xE011             B.N      ??Machine_sel_4
    184                      break;
    185                  default:
    186                      BUTTON_SetBmpFileName(XYZ_Sel.btnHandle, "bmp_circle_sel.bin",1);        
   \                     ??Machine_sel_2: (+1)
   \   00000050   0x....             LDR.N    R4,??DataTable6_2
   \   00000052   0x.... 0x....      ADR.W    R1,`?<Constant "bmp_circle_sel.bin">`
   \   00000056   0xF9B4 0x0004      LDRSH    R0,[R4, #+4]
   \   0000005A   0x2201             MOVS     R2,#+1
   \   0000005C   0x.... 0x....      BL       BUTTON_SetBmpFileName
    187                      BUTTON_SetBmpFileName(Delta_Sel.btnHandle, "bmp_circle.bin",1);
   \   00000060   0x.... 0x....      ADR.W    R5,`?<Constant "bmp_circle.bin">`
   \   00000064   0x2201             MOVS     R2,#+1
   \   00000066   0x4629             MOV      R1,R5
   \                     ??Machine_sel_3: (+1)
   \   00000068   0xF9B4 0x001C      LDRSH    R0,[R4, #+28]
   \   0000006C   0x.... 0x....      BL       BUTTON_SetBmpFileName
    188                      BUTTON_SetBmpFileName(Corexy_Sel.btnHandle, "bmp_circle.bin",1);            
   \   00000070   0x2201             MOVS     R2,#+1
   \   00000072   0x4629             MOV      R1,R5
   \                     ??Machine_sel_4: (+1)
   \   00000074   0xE8BD 0x4038      POP      {R3-R5,LR}
   \   00000078   0x....             LDR.N    R0,??DataTable6_1
   \   0000007A   0xF9B0 0x0000      LDRSH    R0,[R0, #+0]
   \   0000007E   0x.... 0x....      B.W      BUTTON_SetBmpFileName
    189                      break;
    190              }
    191          }

   \                                 In section .text, align 2, keep-with-next
    192          void Clear_MachineType()
    193          {
   \                     Clear_MachineType: (+1)
   \   00000000   0xB510             PUSH     {R4,LR}
    194          	GUI_SetBkColor(gCfgItems.background_color);
   \   00000002   0x....             LDR.N    R0,??DataTable6_4
   \   00000004   0x6940             LDR      R0,[R0, #+20]
   \   00000006   0x.... 0x....      BL       GUI_SetBkColor
    195          	if(WM_IsWindow(hMachineTypeWnd))
   \   0000000A   0x....             LDR.N    R4,??DataTable6_2
   \   0000000C   0xF9B4 0x0000      LDRSH    R0,[R4, #+0]
   \   00000010   0x.... 0x....      BL       WM_IsWindow
   \   00000014   0xB128             CBZ.N    R0,??Clear_MachineType_0
    196          	{
    197          		WM_DeleteWindow(hMachineTypeWnd);
   \   00000016   0xF9B4 0x0000      LDRSH    R0,[R4, #+0]
   \   0000001A   0xE8BD 0x4010      POP      {R4,LR}
   \   0000001E   0x.... 0x....      B.W      WM_DeleteWindow
    198          	}
    199          }
   \                     ??Clear_MachineType_0: (+1)
   \   00000022   0xBD10             POP      {R4,PC}          ;; return

   \                                 In section .text, align 4, keep-with-next
   \                     ??DataTable6:
   \   00000000   0x00FF5449         DC32     0xff5449

   \                                 In section .text, align 4, keep-with-next
   \                     ??DataTable6_1:
   \   00000000   0x........         DC32     Corexy_Sel

   \                                 In section .text, align 4, keep-with-next
   \                     ??DataTable6_2:
   \   00000000   0x........         DC32     hMachineTypeWnd

   \                                 In section .text, align 4, keep-with-next
   \                     ??DataTable6_3:
   \   00000000   0x........         DC32     last_disp_state

   \                                 In section .text, align 4, keep-with-next
   \                     ??DataTable6_4:
   \   00000000   0x........         DC32     gCfgItems

   \                                 In section .text, align 4, keep-with-next
   \                     ??DataTable6_5:
   \   00000000   0x........         DC32     mksCfg

   \                                 In section .text, align 4, keep-with-next
   \                     ??DataTable6_6:
   \   00000000   0x........         DC32     card

   \                                 In section .text, align 4, keep-with-next
   \                     ??DataTable6_7:
   \   00000000   0x........         DC32     disp_state_stack

   \                                 In section .text, align 4, keep-with-next
   \                     ??DataTable6_8:
   \   00000000   0x........         DC32     disp_state

   \                                 In section .text, align 4, keep-with-next
   \                     ??DataTable6_9:
   \   00000000   0x........         DC32     machine_menu

   \                                 In section .text, align 4, keep-with-next
   \                     ??DataTable6_10:
   \   00000000   0x........         DC32     _Z16cbMachineTypeWinP10WM_MESSAGE

   \                                 In section .text, align 4, keep-with-next
   \                     ??DataTable6_11:
   \   00000000   0x........         DC32     buttonXYZ

   \                                 In section .text, align 4, keep-with-next
   \                     ??DataTable6_12:
   \   00000000   0x........         DC32     bmp_struct26X26

   \                                 In section .text, align 4, keep-with-next
   \                     ??DataTable6_13:
   \   00000000   0x........         DC32     bmp_struct70X40

   \                                 In section .text, align 4, keep-with-next
   \                     ??DataTable6_14:
   \   00000000   0x........         DC32     common_menu

   \                                 In section .text, align 4, keep-with-next
   \                     `?<Constant "bmp_back70x40.bin">`:
   \   00000000   0x62 0x6D          DC8 "bmp_back70x40.bin"
   \              0x70 0x5F    
   \              0x62 0x61    
   \              0x63 0x6B    
   \              0x37 0x30    
   \              0x78 0x34    
   \              0x30 0x2E    
   \              0x62 0x69    
   \              0x6E 0x00    
   \   00000012   0x00 0x00          DC8 0, 0

   \                                 In section .text, align 4, keep-with-next
   \                     `?<Constant "bmp_circle_sel.bin">`:
   \   00000000   0x62 0x6D          DC8 "bmp_circle_sel.bin"
   \              0x70 0x5F    
   \              0x63 0x69    
   \              0x72 0x63    
   \              0x6C 0x65    
   \              0x5F 0x73    
   \              0x65 0x6C    
   \              0x2E 0x62    
   \              0x69 0x6E    
   \              0x00         
   \   00000013   0x00               DC8 0

   \                                 In section .text, align 4, keep-with-next
   \                     `?<Constant "bmp_circle.bin">`:
   \   00000000   0x62 0x6D          DC8 "bmp_circle.bin"
   \              0x70 0x5F    
   \              0x63 0x69    
   \              0x72 0x63    
   \              0x6C 0x65    
   \              0x2E 0x62    
   \              0x69 0x6E    
   \              0x00         
   \   0000000F   0x00               DC8 0
    200          
    201          
    202          
    203          

   Maximum stack usage in bytes:

   .cstack Function
   ------- --------
       8   Clear_MachineType
         8   -> GUI_SetBkColor
         0   -> WM_DeleteWindow
         8   -> WM_IsWindow
      16   Machine_sel
         0   -> BUTTON_SetBmpFileName
        16   -> BUTTON_SetBmpFileName
       8   cbMachineTypeWin(WM_MESSAGE *)
         0   -> CardReader::mksLoad()
         0   -> GUI_FillRect
         8   -> GUI_FillRect
         8   -> GUI_SetBkColor
         8   -> GUI_SetColor
         8   -> Machine_sel
         0   -> WM_DefaultProc
         8   -> WM_DeleteWindow
         8   -> WM_IsWindow
         0   -> draw_return_ui
         8   -> epr_write_data
      48   draw_MachineType
        48   -> BUTTON_CreateEx
        48   -> BUTTON_SetBitmapEx
        48   -> BUTTON_SetBkColor
        48   -> BUTTON_SetBmpFileName
         0   -> BUTTON_SetText
        48   -> BUTTON_SetText
        48   -> BUTTON_SetTextAlign
        48   -> BUTTON_SetTextColor
        48   -> GUI_Clear
        48   -> GUI_DispStringAt
        48   -> GUI_SetBkColor
        48   -> GUI_SetColor
        48   -> Machine_sel
        48   -> WM_CreateWindow
        48   -> alloc_win_id


   Section sizes:

   Bytes  Function/Label
   -----  --------------
      20  ?<Constant "bmp_back70x40.bin">
      16  ?<Constant "bmp_circle.bin">
      20  ?<Constant "bmp_circle_sel.bin">
       4  ??DataTable6
       4  ??DataTable6_1
       4  ??DataTable6_10
       4  ??DataTable6_11
       4  ??DataTable6_12
       4  ??DataTable6_13
       4  ??DataTable6_14
       4  ??DataTable6_2
       4  ??DataTable6_3
       4  ??DataTable6_4
       4  ??DataTable6_5
       4  ??DataTable6_6
       4  ??DataTable6_7
       4  ??DataTable6_8
       4  ??DataTable6_9
      36  Clear_MachineType
      48  Corexy_Sel
          button_back
     130  Machine_sel
      72  buttonXYZ
          buttonDelta
          buttonCorexy
     278  cbMachineTypeWin(WM_MESSAGE *)
     642  draw_MachineType
      52  hMachineTypeWnd
          XYZ_Sel
          Delta_Sel
       1  -- Other

 
   172 bytes in section .bss
     1 byte  in section .rodata
 1 202 bytes in section .text
 
 1 202 bytes of CODE  memory
     0 bytes of CONST memory (+ 1 byte shared)
   172 bytes of DATA  memory

Errors: none
Warnings: 34
