###############################################################################
#
# IAR ANSI C/C++ Compiler V7.10.1.6676/W32 for ARM        13/Apr/2020  09:24:37
# Copyright 1999-2014 IAR Systems AB.
#
#    Cpu mode     =  thumb
#    Endian       =  little
#    Source file  =  
#        D:\MKS-Robin-Nano-Firmware-v2.x.x\MKS-Robin-Nano-Firmware\User\ui\draw_temperature_settings.cpp
#    Command line =  
#        D:\MKS-Robin-Nano-Firmware-v2.x.x\MKS-Robin-Nano-Firmware\User\ui\draw_temperature_settings.cpp
#        -D USE_HAL_DRIVER -D STM32F103xE -D STM32F10X_HD -D USE_HAL_LIB -D
#        MKS_ROBIN_NANO -D TFT35 -lC
#        D:\MKS-Robin-Nano-Firmware-v2.x.x\MKS-Robin-Nano-Firmware\EWARM\mksRobinNano/List\
#        -lA
#        D:\MKS-Robin-Nano-Firmware-v2.x.x\MKS-Robin-Nano-Firmware\EWARM\mksRobinNano/List\
#        --diag_suppress Pa050 -o
#        D:\MKS-Robin-Nano-Firmware-v2.x.x\MKS-Robin-Nano-Firmware\EWARM\mksRobinNano/Obj\
#        --debug --endian=little --cpu=Cortex-M3 -e --char_is_signed --fpu=None
#        --dlib_config "C:\Program Files (x86)\IAR Systems\Embedded Workbench
#        7.0\arm\INC\c\DLib_Config_Full.h" -I
#        D:\MKS-Robin-Nano-Firmware-v2.x.x\MKS-Robin-Nano-Firmware\EWARM/../Inc\
#        -I
#        D:\MKS-Robin-Nano-Firmware-v2.x.x\MKS-Robin-Nano-Firmware\EWARM/../Src\
#        -I
#        D:\MKS-Robin-Nano-Firmware-v2.x.x\MKS-Robin-Nano-Firmware\EWARM/../Drivers/STM32F1xx_HAL_Driver/Inc\
#        -I
#        D:\MKS-Robin-Nano-Firmware-v2.x.x\MKS-Robin-Nano-Firmware\EWARM/../Drivers/STM32F1xx_HAL_Driver/Inc/Legacy\
#        -I
#        D:\MKS-Robin-Nano-Firmware-v2.x.x\MKS-Robin-Nano-Firmware\EWARM/../Middlewares/Third_Party/FatFs/src/drivers\
#        -I
#        D:\MKS-Robin-Nano-Firmware-v2.x.x\MKS-Robin-Nano-Firmware\EWARM/../Middlewares/ST/STM32_USB_Host_Library/Core/Inc\
#        -I
#        D:\MKS-Robin-Nano-Firmware-v2.x.x\MKS-Robin-Nano-Firmware\EWARM/../Middlewares/ST/STM32_USB_Host_Library/Class/MSC/Inc\
#        -I
#        D:\MKS-Robin-Nano-Firmware-v2.x.x\MKS-Robin-Nano-Firmware\EWARM/../Drivers/CMSIS/Device/ST/STM32F1xx/Include\
#        -I
#        D:\MKS-Robin-Nano-Firmware-v2.x.x\MKS-Robin-Nano-Firmware\EWARM/../Middlewares/Third_Party/FatFs/src\
#        -I
#        D:\MKS-Robin-Nano-Firmware-v2.x.x\MKS-Robin-Nano-Firmware\EWARM/../Middlewares/Third_Party/Marlin\
#        -I
#        D:\MKS-Robin-Nano-Firmware-v2.x.x\MKS-Robin-Nano-Firmware\EWARM/../Drivers/CMSIS/Include\
#        -I
#        D:\MKS-Robin-Nano-Firmware-v2.x.x\MKS-Robin-Nano-Firmware\EWARM/../Drivers/BSP/variant\
#        -I
#        D:\MKS-Robin-Nano-Firmware-v2.x.x\MKS-Robin-Nano-Firmware\EWARM/../Drivers/BSP/Components/at24cxx\
#        -I
#        D:\MKS-Robin-Nano-Firmware-v2.x.x\MKS-Robin-Nano-Firmware\EWARM/../Drivers/BSP/Components/w25qxx\
#        -I
#        D:\MKS-Robin-Nano-Firmware-v2.x.x\MKS-Robin-Nano-Firmware\EWARM/../Drivers/BSP/Components/lcd\
#        -I
#        D:\MKS-Robin-Nano-Firmware-v2.x.x\MKS-Robin-Nano-Firmware\EWARM/../Drivers/STM32F10x_StdPeriph_Driver/inc\
#        -I
#        D:\MKS-Robin-Nano-Firmware-v2.x.x\MKS-Robin-Nano-Firmware\EWARM/../Drivers/libstmf4/include\
#        -I
#        D:\MKS-Robin-Nano-Firmware-v2.x.x\MKS-Robin-Nano-Firmware\EWARM/../Middlewares/arduino/stm32/cores/arduino\
#        -I
#        D:\MKS-Robin-Nano-Firmware-v2.x.x\MKS-Robin-Nano-Firmware\EWARM/../User/ui\
#        -I
#        D:\MKS-Robin-Nano-Firmware-v2.x.x\MKS-Robin-Nano-Firmware\EWARM/../User/ui/Multi_language\
#        -I
#        D:\MKS-Robin-Nano-Firmware-v2.x.x\MKS-Robin-Nano-Firmware\EWARM/../User/ui/QRENCODE\
#        -I
#        D:\MKS-Robin-Nano-Firmware-v2.x.x\MKS-Robin-Nano-Firmware\EWARM\..\Middlewares\GUI\
#        -Oh --eec++ -I "C:\Program Files (x86)\IAR Systems\Embedded Workbench
#        7.0\arm\CMSIS\Include\"
#    List file    =  
#        D:\MKS-Robin-Nano-Firmware-v2.x.x\MKS-Robin-Nano-Firmware\EWARM\mksRobinNano/List\draw_temperature_settings.lst
#    Object file  =  
#        D:\MKS-Robin-Nano-Firmware-v2.x.x\MKS-Robin-Nano-Firmware\EWARM\mksRobinNano/Obj\draw_temperature_settings.o
#
###############################################################################

D:\MKS-Robin-Nano-Firmware-v2.x.x\MKS-Robin-Nano-Firmware\User\ui\draw_temperature_settings.cpp
      1          #include "gui.h"
      2          #include "button.h"
      3          #include "draw_ui.h"

  #define UNUSED(x) ((void)(x))
          ^
"D:\MKS-Robin-Nano-Firmware-v2.x.x\MKS-Robin-Nano-Firmware\Drivers\STM32F1xx_HAL_Driver\Inc\stm32f1xx_hal_def.h",87  Warning[Pe047]: 
          incompatible redefinition of macro "UNUSED" (declared at line 101 of
          "D:\MKS-Robin-Nano-Firmware-v2.x.x\MKS-Robin-Nano-Firmware\EWARM/../M
          iddlewares/Third_Party/Marlin\macros.h")

  		volatile volatile float desireBedTempBak;
  		         ^
"D:\MKS-Robin-Nano-Firmware-v2.x.x\MKS-Robin-Nano-Firmware\Inc\mks_cfg.h",626  Warning[Pe083]: 
          type qualifier specified more than once

    #define FILAMENT_CHANGE_TEXT_EN				"Please click <Load> \nor <unload>,After \npinter pause."
            ^
"D:\MKS-Robin-Nano-Firmware-v2.x.x\MKS-Robin-Nano-Firmware\User\ui\Multi_language\Language_en.h",337  Warning[Pe047]: 
          incompatible redefinition of macro "FILAMENT_CHANGE_TEXT_EN"
          (declared at line 315)

  #define DIALOG_UNBIND_PRINTER_CN            "Ëß£Èô§ÁªëÂÆö?"
          ^
"D:\MKS-Robin-Nano-Firmware-v2.x.x\MKS-Robin-Nano-Firmware\User\ui\Multi_language\Language_s_cn.h",408  Warning[Pe047]: 
          incompatible redefinition of macro "DIALOG_UNBIND_PRINTER_CN"
          (declared at line 403)

    #define FILAMENT_CHANGE_TEXT_T_CN				"ÂæÖÊâìÂç∞Ê©üÊö´ÂÅúÂêé,\nË´ãÊåâ<ÈÄ≤Êñô>Êàñ<ÈÄÄÊñô>"
            ^
"D:\MKS-Robin-Nano-Firmware-v2.x.x\MKS-Robin-Nano-Firmware\User\ui\Multi_language\Language_t_cn.h",318  Warning[Pe047]: 
          incompatible redefinition of macro "FILAMENT_CHANGE_TEXT_T_CN"
          (declared at line 304)

    #define FILAMENT_CHANGE_TEXT_RU				"Please click <Load> \nor <unload>,After \npinter pause."
            ^
"D:\MKS-Robin-Nano-Firmware-v2.x.x\MKS-Robin-Nano-Firmware\User\ui\Multi_language\Language_ru.h",134  Warning[Pe047]: 
          incompatible redefinition of macro "FILAMENT_CHANGE_TEXT_RU"
          (declared at line 114)

  #define DIALOG_UNBIND_PRINTER_RU            "Unbind the printer?"
          ^
"D:\MKS-Robin-Nano-Firmware-v2.x.x\MKS-Robin-Nano-Firmware\User\ui\Multi_language\Language_ru.h",231  Warning[Pe047]: 
          incompatible redefinition of macro "DIALOG_UNBIND_PRINTER_RU"
          (declared at line 226)

    #define FILAMENT_CHANGE_TEXT_FR				"Please click <Load> \nor <unload>,After \npinter pause."
            ^
"D:\MKS-Robin-Nano-Firmware-v2.x.x\MKS-Robin-Nano-Firmware\User\ui\Multi_language\Language_fr.h",134  Warning[Pe047]: 
          incompatible redefinition of macro "FILAMENT_CHANGE_TEXT_FR"
          (declared at line 114)

  #define DIALOG_UNBIND_PRINTER_FR        "Unbind the printer?"
          ^
"D:\MKS-Robin-Nano-Firmware-v2.x.x\MKS-Robin-Nano-Firmware\User\ui\Multi_language\Language_fr.h",234  Warning[Pe047]: 
          incompatible redefinition of macro "DIALOG_UNBIND_PRINTER_FR"
          (declared at line 230)

    #define FILAMENT_CHANGE_TEXT_SP				"Please click <Load> \nor <unload>,After \npinter pause."
            ^
"D:\MKS-Robin-Nano-Firmware-v2.x.x\MKS-Robin-Nano-Firmware\User\ui\Multi_language\Language_sp.h",133  Warning[Pe047]: 
          incompatible redefinition of macro "FILAMENT_CHANGE_TEXT_SP"
          (declared at line 114)

    #define FILAMENT_CHANGE_TEXT_IT				"Please click <Load> \nor <unload>,After \npinter pause."
            ^
"D:\MKS-Robin-Nano-Firmware-v2.x.x\MKS-Robin-Nano-Firmware\User\ui\Multi_language\Language_it.h",134  Warning[Pe047]: 
          incompatible redefinition of macro "FILAMENT_CHANGE_TEXT_IT"
          (declared at line 114)

  #define DIALOG_UNBIND_PRINTER_IT                "Unbind the printer?"
          ^
"D:\MKS-Robin-Nano-Firmware-v2.x.x\MKS-Robin-Nano-Firmware\User\ui\Multi_language\Language_it.h",230  Warning[Pe047]: 
          incompatible redefinition of macro "DIALOG_UNBIND_PRINTER_IT"
          (declared at line 225)

  #define FILAMENT_CHANGE_TEXT_JP				"Please click <Load> \nor <unload>,After \npinter pause."
          ^
"D:\MKS-Robin-Nano-Firmware-v2.x.x\MKS-Robin-Nano-Firmware\User\ui\Multi_language\Multi_language.h",899  Warning[Pe047]: 
          incompatible redefinition of macro "FILAMENT_CHANGE_TEXT_JP"
          (declared at line 892)

  #define FILAMENT_CHANGE_TEXT_GN				"Please click <Load> \nor <unload>,After \npinter pause."
          ^
"D:\MKS-Robin-Nano-Firmware-v2.x.x\MKS-Robin-Nano-Firmware\User\ui\Multi_language\Multi_language.h",1107  Warning[Pe047]: 
          incompatible redefinition of macro "FILAMENT_CHANGE_TEXT_GN"
          (declared at line 1101)

  #define Simple_Dec"ºı…Ÿ"
                    ^
"D:\MKS-Robin-Nano-Firmware-v2.x.x\MKS-Robin-Nano-Firmware\User\ui\draw_ui.h",666  Warning[Pe1649]: 
          white space is required between the macro name "Simple_Dec" and its
          replacement text

  #define Simple_Speed "ÀŸ∂»"
          ^
"D:\MKS-Robin-Nano-Firmware-v2.x.x\MKS-Robin-Nano-Firmware\User\ui\draw_ui.h",721  Warning[Pe047]: 
          incompatible redefinition of macro "Simple_Speed" (declared at line
          718)

  #define Complex_Speed "ÀŸ∂»"
          ^
"D:\MKS-Robin-Nano-Firmware-v2.x.x\MKS-Robin-Nano-Firmware\User\ui\draw_ui.h",722  Warning[Pe047]: 
          incompatible redefinition of macro "Complex_Speed" (declared at line
          719)
      4          
      5          #ifndef GUI_FLASH
      6          #define GUI_FLASH
      7          #endif
      8          

   \                                 In section .bss, align 4
      9          static GUI_HWIN hTemperatureSettingsWnd;
   \                     hTemperatureSettingsWnd:
   \   00000000                      DS8 2
   \   00000002                      DS8 2
   \   00000004                      DS8 24
   \   0000001C                      DS8 24
     10          static BUTTON_STRUCT NozzleSettingArrow,HotBedSettingArrow,preTemperatureSettingArrow;

   \                                 In section .bss, align 4
     11          static BUTTON_STRUCT buttonNozzleSetting,buttonHotBedSetting,buttonpreTemperatureSetting;
   \                     buttonNozzleSetting:
   \   00000000                      DS8 24
   \   00000018                      DS8 24

   \                                 In section .bss, align 4
     12          static BUTTON_STRUCT button_top1,button_title,button_back;
   \                     button_back:
   \   00000000                      DS8 24
     13          

   \                                 In section .text, align 2, keep-with-next
     14          static void cbTemperatureSettingsWin(WM_MESSAGE * pMsg) {
     15          
     16              struct PressEvt *press_event;
                                      ^
Warning[Pe550]: variable "press_event" was set but never used
     17              switch (pMsg->MsgId)
   \                     _Z24cbTemperatureSettingsWinP10WM_MESSAGE: (+1)
   \   00000000   0x6801             LDR      R1,[R0, #+0]
   \   00000002   0x290C             CMP      R1,#+12
   \   00000004   0xD100             BNE.N    ??cbTemperatureSettingsWin_0
   \   00000006   0x4770             BX       LR
   \                     ??cbTemperatureSettingsWin_0: (+1)
   \   00000008   0xB510             PUSH     {R4,LR}
   \   0000000A   0x290D             CMP      R1,#+13
   \   0000000C   0xD073             BEQ.N    ??cbTemperatureSettingsWin_1
   \   0000000E   0x290F             CMP      R1,#+15
   \   00000010   0xD002             BEQ.N    ??cbTemperatureSettingsWin_2
   \   00000012   0x2926             CMP      R1,#+38
   \   00000014   0xD013             BEQ.N    ??cbTemperatureSettingsWin_3
   \   00000016   0xE06A             B.N      ??cbTemperatureSettingsWin_4
     18              {
     19              	case WM_PAINT:
     20          			//GUI_SetColor(gCfgItems.state_background_color);
     21          			//GUI_DrawRect(LCD_WIDTH/4+X_ADD, 0, LCD_WIDTH *3 / 4-X_INTERVAL, imgHeight /2 -15);
     22          			GUI_SetColor(0xff5449);
   \                     ??cbTemperatureSettingsWin_2: (+1)
   \   00000018   0x....             LDR.N    R0,??DataTable4  ;; 0xff5449
   \   0000001A   0x.... 0x....      BL       GUI_SetColor
     23          			GUI_FillRect(10, 90, 470,90);
   \   0000001E   0x235A             MOVS     R3,#+90
   \   00000020   0xF44F 0x72EB      MOV      R2,#+470
   \   00000024   0x215A             MOVS     R1,#+90
   \   00000026   0x200A             MOVS     R0,#+10
   \   00000028   0x.... 0x....      BL       GUI_FillRect
     24                      GUI_FillRect(10, 140, 470,140);
   \   0000002C   0xE8BD 0x4010      POP      {R4,LR}
   \   00000030   0x238C             MOVS     R3,#+140
   \   00000032   0xF44F 0x72EB      MOV      R2,#+470
   \   00000036   0x4619             MOV      R1,R3
   \   00000038   0x200A             MOVS     R0,#+10
   \   0000003A   0x.... 0x....      B.W      GUI_FillRect
     25                      //GUI_FillRect(10, 190, 470,190);
     26           
     27              		break;
     28              	case WM_TOUCH:
     29              	 	press_event = (struct PressEvt *)pMsg->Data.p;
     30              		
     31              		break;
     32              	case WM_TOUCH_CHILD:
     33              		press_event = (struct PressEvt *)pMsg->Data.p;
     34          
     35              		break;
     36              		
     37              	case WM_NOTIFY_PARENT:
     38              		if(pMsg->Data.v == WM_NOTIFICATION_RELEASED)
   \                     ??cbTemperatureSettingsWin_3: (+1)
   \   0000003E   0x6881             LDR      R1,[R0, #+8]
   \   00000040   0x2902             CMP      R1,#+2
   \   00000042   0xD158             BNE.N    ??cbTemperatureSettingsWin_1
     39              		{
     40              			if(pMsg->hWinSrc == button_back.btnHandle)
   \   00000044   0x....             LDR.N    R1,??DataTable4_1
   \   00000046   0xF9B0 0x0006      LDRSH    R0,[R0, #+6]
   \   0000004A   0xF9B1 0x1000      LDRSH    R1,[R1, #+0]
   \   0000004E   0x....             LDR.N    R4,??DataTable4_2
   \   00000050   0x4288             CMP      R0,R1
   \   00000052   0xD113             BNE.N    ??cbTemperatureSettingsWin_5
     41              			{
     42              				last_disp_state = TEMPERATURE_SETTINGS_UI;
   \   00000054   0x....             LDR.N    R1,??DataTable4_3
   \   00000056   0x2027             MOVS     R0,#+39
   \   00000058   0x7008             STRB     R0,[R1, #+0]
     43              				Clear_TemperatureSettings();
   \   0000005A   0x....             LDR.N    R0,??DataTable4_4
   \   0000005C   0x6940             LDR      R0,[R0, #+20]
   \   0000005E   0x.... 0x....      BL       GUI_SetBkColor
   \   00000062   0xF9B4 0x0000      LDRSH    R0,[R4, #+0]
   \   00000066   0x.... 0x....      BL       WM_IsWindow
   \   0000006A   0xB118             CBZ.N    R0,??cbTemperatureSettingsWin_6
   \   0000006C   0xF9B4 0x0000      LDRSH    R0,[R4, #+0]
   \   00000070   0x.... 0x....      BL       WM_DeleteWindow
     44              				draw_return_ui();
   \                     ??cbTemperatureSettingsWin_6: (+1)
   \   00000074   0xE8BD 0x4010      POP      {R4,LR}
   \   00000078   0x.... 0x....      B.W      draw_return_ui
     45              			}	
     46              			else if((pMsg->hWinSrc == buttonNozzleSetting.btnHandle)||
     47                              (pMsg->hWinSrc == NozzleSettingArrow.btnHandle))
   \                     ??cbTemperatureSettingsWin_5: (+1)
   \   0000007C   0x....             LDR.N    R1,??DataTable4_5
   \   0000007E   0xF9B1 0x2000      LDRSH    R2,[R1, #+0]
   \   00000082   0x4290             CMP      R0,R2
   \   00000084   0xBF1C             ITT      NE 
   \   00000086   0xF9B4 0x2004      LDRSHNE  R2,[R4, #+4]
   \   0000008A   0x4290             CMPNE    R0,R2
   \   0000008C   0xD113             BNE.N    ??cbTemperatureSettingsWin_7
     48              			{
     49              				last_disp_state = TEMPERATURE_SETTINGS_UI;
   \   0000008E   0x....             LDR.N    R1,??DataTable4_3
   \   00000090   0x2027             MOVS     R0,#+39
   \   00000092   0x7008             STRB     R0,[R1, #+0]
     50              				Clear_TemperatureSettings();
   \   00000094   0x....             LDR.N    R0,??DataTable4_4
   \   00000096   0x6940             LDR      R0,[R0, #+20]
   \   00000098   0x.... 0x....      BL       GUI_SetBkColor
   \   0000009C   0xF9B4 0x0000      LDRSH    R0,[R4, #+0]
   \   000000A0   0x.... 0x....      BL       WM_IsWindow
   \   000000A4   0xB118             CBZ.N    R0,??cbTemperatureSettingsWin_8
   \   000000A6   0xF9B4 0x0000      LDRSH    R0,[R4, #+0]
   \   000000AA   0x.... 0x....      BL       WM_DeleteWindow
     51              				draw_NozzleConfig();
   \                     ??cbTemperatureSettingsWin_8: (+1)
   \   000000AE   0xE8BD 0x4010      POP      {R4,LR}
   \   000000B2   0x.... 0x....      B.W      draw_NozzleConfig
     52              			}
     53              			else if((pMsg->hWinSrc == buttonHotBedSetting.btnHandle)||
     54                              (pMsg->hWinSrc == HotBedSettingArrow.btnHandle))
   \                     ??cbTemperatureSettingsWin_7: (+1)
   \   000000B6   0xF9B1 0x1018      LDRSH    R1,[R1, #+24]
   \   000000BA   0x4288             CMP      R0,R1
   \   000000BC   0xBF1C             ITT      NE 
   \   000000BE   0xF9B4 0x101C      LDRSHNE  R1,[R4, #+28]
   \   000000C2   0x4288             CMPNE    R0,R1
   \   000000C4   0xD117             BNE.N    ??cbTemperatureSettingsWin_1
     55          
     56              			{
     57              				last_disp_state = TEMPERATURE_SETTINGS_UI;
   \   000000C6   0x....             LDR.N    R1,??DataTable4_3
   \   000000C8   0x2027             MOVS     R0,#+39
   \   000000CA   0x7008             STRB     R0,[R1, #+0]
     58              				Clear_TemperatureSettings();
   \   000000CC   0x....             LDR.N    R0,??DataTable4_4
   \   000000CE   0x6940             LDR      R0,[R0, #+20]
   \   000000D0   0x.... 0x....      BL       GUI_SetBkColor
   \   000000D4   0xF9B4 0x0000      LDRSH    R0,[R4, #+0]
   \   000000D8   0x.... 0x....      BL       WM_IsWindow
   \   000000DC   0xB118             CBZ.N    R0,??cbTemperatureSettingsWin_9
   \   000000DE   0xF9B4 0x0000      LDRSH    R0,[R4, #+0]
   \   000000E2   0x.... 0x....      BL       WM_DeleteWindow
     59                              draw_HotbedConfig();
   \                     ??cbTemperatureSettingsWin_9: (+1)
   \   000000E6   0xE8BD 0x4010      POP      {R4,LR}
   \   000000EA   0x.... 0x....      B.W      draw_HotbedConfig
     60              				
     61              			}
     62                          #if 0
     63              			else if((pMsg->hWinSrc == buttonpreTemperatureSetting.btnHandle)||
     64                              (pMsg->hWinSrc == preTemperatureSettingArrow.btnHandle))
     65          
     66              			{
     67              				last_disp_state = TEMPERATURE_SETTINGS_UI;
     68              				Clear_TemperatureSettings();
     69              		
     70              			}   
     71                          #endif
     72              		}
     73              		break;
     74              		
     75              	default:
     76              		WM_DefaultProc(pMsg);
   \                     ??cbTemperatureSettingsWin_4: (+1)
   \   000000EE   0xE8BD 0x4010      POP      {R4,LR}
   \   000000F2   0x.... 0x....      B.W      WM_DefaultProc
     77              	}
     78          }
   \                     ??cbTemperatureSettingsWin_1: (+1)
   \   000000F6   0xBD10             POP      {R4,PC}          ;; return
     79          
     80          

   \                                 In section .text, align 2, keep-with-next
     81          void draw_TemperatureSettings()
     82          {   
   \                     draw_TemperatureSettings: (+1)
   \   00000000   0xE92D 0x47F0      PUSH     {R4-R10,LR}
     83              int i;
                         ^
Warning[Pe177]: variable "i" was declared but never referenced

  static BUTTON_STRUCT NozzleSettingArrow,HotBedSettingArrow,preTemperatureSettingArrow;
                                                             ^
"D:\MKS-Robin-Nano-Firmware-v2.x.x\MKS-Robin-Nano-Firmware\User\ui\draw_temperature_settings.cpp",10  Warning[Pe177]: 
          variable "preTemperatureSettingArrow" was declared but never
          referenced

  static BUTTON_STRUCT buttonNozzleSetting,buttonHotBedSetting,buttonpreTemperatureSetting;
                                                               ^
"D:\MKS-Robin-Nano-Firmware-v2.x.x\MKS-Robin-Nano-Firmware\User\ui\draw_temperature_settings.cpp",11  Warning[Pe177]: 
          variable "buttonpreTemperatureSetting" was declared but never
          referenced

  static BUTTON_STRUCT button_top1,button_title,button_back;
                       ^
"D:\MKS-Robin-Nano-Firmware-v2.x.x\MKS-Robin-Nano-Firmware\User\ui\draw_temperature_settings.cpp",12  Warning[Pe177]: 
          variable "button_top1" was declared but never referenced

  static BUTTON_STRUCT button_top1,button_title,button_back;
                                   ^
"D:\MKS-Robin-Nano-Firmware-v2.x.x\MKS-Robin-Nano-Firmware\User\ui\draw_temperature_settings.cpp",12  Warning[Pe177]: 
          variable "button_title" was declared but never referenced
     84          
     85              if(disp_state_stack._disp_state[disp_state_stack._disp_index] != TEMPERATURE_SETTINGS_UI)
   \   00000004   0x....             LDR.N    R0,??DataTable4_6
   \   00000006   0xF990 0x1064      LDRSB    R1,[R0, #+100]
   \   0000000A   0xB084             SUB      SP,SP,#+16
   \   0000000C   0x560A             LDRSB    R2,[R1, R0]
   \   0000000E   0x2A27             CMP      R2,#+39
   \   00000010   0xD005             BEQ.N    ??draw_TemperatureSettings_0
     86              {
     87                  disp_state_stack._disp_index++;
   \   00000012   0x1C49             ADDS     R1,R1,#+1
   \   00000014   0xF880 0x1064      STRB     R1,[R0, #+100]
     88                  disp_state_stack._disp_state[disp_state_stack._disp_index] = TEMPERATURE_SETTINGS_UI;
   \   00000018   0x2227             MOVS     R2,#+39
   \   0000001A   0xB249             SXTB     R1,R1
   \   0000001C   0x540A             STRB     R2,[R1, R0]
     89              }
     90              disp_state = TEMPERATURE_SETTINGS_UI;
   \                     ??draw_TemperatureSettings_0: (+1)
   \   0000001E   0x2027             MOVS     R0,#+39
   \   00000020   0x....             LDR.N    R1,??DataTable4_7
     91              
     92              GUI_SetBkColor(gCfgItems.background_color);
   \   00000022   0x....             LDR.N    R4,??DataTable4_4
   \   00000024   0x7008             STRB     R0,[R1, #+0]
   \   00000026   0x6960             LDR      R0,[R4, #+20]
   \   00000028   0x.... 0x....      BL       GUI_SetBkColor
     93              GUI_SetColor(gCfgItems.title_color);
   \   0000002C   0xF104 0x0514      ADD      R5,R4,#+20
   \   00000030   0x6868             LDR      R0,[R5, #+4]
   \   00000032   0x.... 0x....      BL       GUI_SetColor
     94              GUI_Clear();
   \   00000036   0x.... 0x....      BL       GUI_Clear
     95              
     96              GUI_DispStringAt(machine_menu.TemperatureConfTitle, TITLE_XPOS, TITLE_YPOS);
   \   0000003A   0x.... 0x....      LDR.W    R8,??DataTable4_8
   \   0000003E   0xF8D8 0x011C      LDR      R0,[R8, #+284]
   \   00000042   0x2205             MOVS     R2,#+5
   \   00000044   0x2103             MOVS     R1,#+3
   \   00000046   0x.... 0x....      BL       GUI_DispStringAt
     97          
     98              hTemperatureSettingsWnd = WM_CreateWindow(0, 0, LCD_WIDTH, LCD_HEIGHT, WM_CF_SHOW, cbTemperatureSettingsWin, 0);
   \   0000004A   0x2000             MOVS     R0,#+0
   \   0000004C   0x9002             STR      R0,[SP, #+8]
   \   0000004E   0xF44F 0x73A0      MOV      R3,#+320
   \   00000052   0x....             LDR.N    R0,??DataTable4_9
   \   00000054   0x....             LDR.N    R6,??DataTable4_2
   \   00000056   0x9001             STR      R0,[SP, #+4]
   \   00000058   0xF44F 0x72F0      MOV      R2,#+480
   \   0000005C   0x2002             MOVS     R0,#+2
   \   0000005E   0x9000             STR      R0,[SP, #+0]
   \   00000060   0x2100             MOVS     R1,#+0
   \   00000062   0x2000             MOVS     R0,#+0
   \   00000064   0x.... 0x....      BL       WM_CreateWindow
   \   00000068   0x8030             STRH     R0,[R6, #+0]
     99          
    100              buttonNozzleSetting.btnHandle = BUTTON_CreateEx(10,50,450,40,hTemperatureSettingsWnd, BUTTON_CF_SHOW, 0, alloc_win_id());
   \   0000006A   0x.... 0x....      BL       alloc_win_id
   \   0000006E   0x9003             STR      R0,[SP, #+12]
   \   00000070   0x2000             MOVS     R0,#+0
   \   00000072   0x9002             STR      R0,[SP, #+8]
   \   00000074   0x2002             MOVS     R0,#+2
   \   00000076   0x9001             STR      R0,[SP, #+4]
   \   00000078   0x2328             MOVS     R3,#+40
   \   0000007A   0xF9B6 0x0000      LDRSH    R0,[R6, #+0]
   \   0000007E   0x....             LDR.N    R7,??DataTable4_5
   \   00000080   0x9000             STR      R0,[SP, #+0]
   \   00000082   0xF44F 0x72E1      MOV      R2,#+450
   \   00000086   0x2132             MOVS     R1,#+50
   \   00000088   0x200A             MOVS     R0,#+10
   \   0000008A   0x.... 0x....      BL       BUTTON_CreateEx
   \   0000008E   0x8038             STRH     R0,[R7, #+0]
    101              NozzleSettingArrow.btnHandle = BUTTON_CreateEx(460,50,10,40,hTemperatureSettingsWnd, BUTTON_CF_SHOW, 0, alloc_win_id());
   \   00000090   0x.... 0x....      BL       alloc_win_id
   \   00000094   0x9003             STR      R0,[SP, #+12]
   \   00000096   0x2328             MOVS     R3,#+40
   \   00000098   0x2000             MOVS     R0,#+0
   \   0000009A   0x9002             STR      R0,[SP, #+8]
   \   0000009C   0x220A             MOVS     R2,#+10
   \   0000009E   0x2002             MOVS     R0,#+2
   \   000000A0   0x9001             STR      R0,[SP, #+4]
   \   000000A2   0x2132             MOVS     R1,#+50
   \   000000A4   0xF9B6 0x0000      LDRSH    R0,[R6, #+0]
   \   000000A8   0x9000             STR      R0,[SP, #+0]
   \   000000AA   0xF44F 0x70E6      MOV      R0,#+460
   \   000000AE   0x.... 0x....      BL       BUTTON_CreateEx
   \   000000B2   0x80B0             STRH     R0,[R6, #+4]
    102              
    103              buttonHotBedSetting.btnHandle = BUTTON_CreateEx(10,100,450,40,hTemperatureSettingsWnd, BUTTON_CF_SHOW, 0, alloc_win_id());
   \   000000B4   0x.... 0x....      BL       alloc_win_id
   \   000000B8   0x9003             STR      R0,[SP, #+12]
   \   000000BA   0x2328             MOVS     R3,#+40
   \   000000BC   0x2000             MOVS     R0,#+0
   \   000000BE   0x9002             STR      R0,[SP, #+8]
   \   000000C0   0xF44F 0x72E1      MOV      R2,#+450
   \   000000C4   0x2002             MOVS     R0,#+2
   \   000000C6   0x9001             STR      R0,[SP, #+4]
   \   000000C8   0x2164             MOVS     R1,#+100
   \   000000CA   0xF9B6 0x0000      LDRSH    R0,[R6, #+0]
   \   000000CE   0x9000             STR      R0,[SP, #+0]
   \   000000D0   0x200A             MOVS     R0,#+10
   \   000000D2   0x.... 0x....      BL       BUTTON_CreateEx
   \   000000D6   0x8338             STRH     R0,[R7, #+24]
    104              HotBedSettingArrow.btnHandle = BUTTON_CreateEx(460,100,10,40,hTemperatureSettingsWnd, BUTTON_CF_SHOW, 0, alloc_win_id());
   \   000000D8   0x.... 0x....      BL       alloc_win_id
   \   000000DC   0x9003             STR      R0,[SP, #+12]
   \   000000DE   0x2328             MOVS     R3,#+40
   \   000000E0   0x2000             MOVS     R0,#+0
   \   000000E2   0x9002             STR      R0,[SP, #+8]
   \   000000E4   0x220A             MOVS     R2,#+10
   \   000000E6   0x2002             MOVS     R0,#+2
   \   000000E8   0x9001             STR      R0,[SP, #+4]
   \   000000EA   0x2164             MOVS     R1,#+100
   \   000000EC   0xF9B6 0x0000      LDRSH    R0,[R6, #+0]
   \   000000F0   0x9000             STR      R0,[SP, #+0]
   \   000000F2   0xF44F 0x70E6      MOV      R0,#+460
   \   000000F6   0x.... 0x....      BL       BUTTON_CreateEx
   \   000000FA   0x83B0             STRH     R0,[R6, #+28]
    105              #if 0
    106              buttonpreTemperatureSetting.btnHandle = BUTTON_CreateEx(10,150,450,40,hTemperatureSettingsWnd, BUTTON_CF_SHOW, 0, alloc_win_id());
    107              preTemperatureSettingArrow.btnHandle = BUTTON_CreateEx(460,150,10,40,hTemperatureSettingsWnd, BUTTON_CF_SHOW, 0, alloc_win_id());
    108              #endif
    109               
    110              BUTTON_SetBmpFileName(NozzleSettingArrow.btnHandle, "bmp_arrow.bin",1);        
   \   000000FC   0x2201             MOVS     R2,#+1
   \   000000FE   0x.... 0x....      ADR.W    R9,`?<Constant "bmp_arrow.bin">`
   \   00000102   0xF9B6 0x0004      LDRSH    R0,[R6, #+4]
   \   00000106   0x4649             MOV      R1,R9
   \   00000108   0x.... 0x....      BL       BUTTON_SetBmpFileName
    111              BUTTON_SetBmpFileName(HotBedSettingArrow.btnHandle, "bmp_arrow.bin",1);
   \   0000010C   0xF9B6 0x001C      LDRSH    R0,[R6, #+28]
   \   00000110   0x2201             MOVS     R2,#+1
   \   00000112   0x4649             MOV      R1,R9
   \   00000114   0x.... 0x....      BL       BUTTON_SetBmpFileName
    112              //BUTTON_SetBmpFileName(preTemperatureSettingArrow.btnHandle, "bmp_arrow.bin",1);
    113              
    114              BUTTON_SetBmpFileName(buttonNozzleSetting.btnHandle,NULL,1);        
   \   00000118   0x2100             MOVS     R1,#+0
   \   0000011A   0x2201             MOVS     R2,#+1
   \   0000011C   0x5E78             LDRSH    R0,[R7, R1]
   \   0000011E   0x.... 0x....      BL       BUTTON_SetBmpFileName
    115              BUTTON_SetBmpFileName(buttonHotBedSetting.btnHandle,NULL,1);
   \   00000122   0xF9B7 0x0018      LDRSH    R0,[R7, #+24]
   \   00000126   0x2201             MOVS     R2,#+1
   \   00000128   0x2100             MOVS     R1,#+0
   \   0000012A   0x.... 0x....      BL       BUTTON_SetBmpFileName
    116              //BUTTON_SetBmpFileName(buttonpreTemperatureSetting.btnHandle,NULL,1);
    117          
    118              BUTTON_SetBitmapEx(NozzleSettingArrow.btnHandle,0,&bmp_struct10x17,BMP_PIC_X,12);
   \   0000012E   0x200C             MOVS     R0,#+12
   \   00000130   0x.... 0x....      LDR.W    R10,??DataTable4_10
   \   00000134   0x.... 0x....      LDR.W    R9,??DataTable4_11
   \   00000138   0xF99A 0x3000      LDRSB    R3,[R10, #+0]
   \   0000013C   0x9000             STR      R0,[SP, #+0]
   \   0000013E   0x464A             MOV      R2,R9
   \   00000140   0xF9B6 0x0004      LDRSH    R0,[R6, #+4]
   \   00000144   0x2100             MOVS     R1,#+0
   \   00000146   0x.... 0x....      BL       BUTTON_SetBitmapEx
    119              BUTTON_SetBitmapEx(HotBedSettingArrow.btnHandle,0,&bmp_struct10x17,BMP_PIC_X,12);
   \   0000014A   0x200C             MOVS     R0,#+12
   \   0000014C   0x9000             STR      R0,[SP, #+0]
   \   0000014E   0x464A             MOV      R2,R9
   \   00000150   0xF99A 0x3000      LDRSB    R3,[R10, #+0]
   \   00000154   0xF9B6 0x001C      LDRSH    R0,[R6, #+28]
   \   00000158   0x2100             MOVS     R1,#+0
   \   0000015A   0x.... 0x....      BL       BUTTON_SetBitmapEx
    120              //BUTTON_SetBitmapEx(preTemperatureSettingArrow.btnHandle,0,&bmp_struct10x17,BMP_PIC_X,12);
    121              
    122              BUTTON_SetTextAlign(buttonNozzleSetting.btnHandle,GUI_TA_LEFT|GUI_TA_VCENTER );
   \   0000015E   0xF9B7 0x0000      LDRSH    R0,[R7, #+0]
   \   00000162   0x210C             MOVS     R1,#+12
   \   00000164   0x.... 0x....      BL       BUTTON_SetTextAlign
    123              BUTTON_SetTextAlign(buttonHotBedSetting.btnHandle,GUI_TA_LEFT|GUI_TA_VCENTER );
   \   00000168   0xF9B7 0x0018      LDRSH    R0,[R7, #+24]
   \   0000016C   0x210C             MOVS     R1,#+12
   \   0000016E   0x.... 0x....      BL       BUTTON_SetTextAlign
    124              //BUTTON_SetTextAlign(buttonpreTemperatureSetting.btnHandle,GUI_TA_LEFT|GUI_TA_VCENTER );
    125          
    126              button_back.btnHandle = BUTTON_CreateEx(400,270,70,40,hTemperatureSettingsWnd,BUTTON_CF_SHOW,0,alloc_win_id());
   \   00000172   0x.... 0x....      BL       alloc_win_id
   \   00000176   0x9003             STR      R0,[SP, #+12]
   \   00000178   0x2328             MOVS     R3,#+40
   \   0000017A   0x2000             MOVS     R0,#+0
   \   0000017C   0x9002             STR      R0,[SP, #+8]
   \   0000017E   0x2246             MOVS     R2,#+70
   \   00000180   0x2002             MOVS     R0,#+2
   \   00000182   0x9001             STR      R0,[SP, #+4]
   \   00000184   0xF44F 0x7187      MOV      R1,#+270
   \   00000188   0xF9B6 0x0000      LDRSH    R0,[R6, #+0]
   \   0000018C   0x9000             STR      R0,[SP, #+0]
   \   0000018E   0xF44F 0x70C8      MOV      R0,#+400
   \   00000192   0x.... 0x....      BL       BUTTON_CreateEx
   \   00000196   0x....             LDR.N    R6,??DataTable4_1
    127              
    128              BUTTON_SetBmpFileName(button_back.btnHandle, "bmp_back70x40.bin",1);        
   \   00000198   0x.... 0x....      ADR.W    R1,`?<Constant "bmp_back70x40.bin">`
   \   0000019C   0x8030             STRH     R0,[R6, #+0]
   \   0000019E   0x2201             MOVS     R2,#+1
   \   000001A0   0x.... 0x....      BL       BUTTON_SetBmpFileName
    129              BUTTON_SetBitmapEx(button_back.btnHandle, 0, &bmp_struct70X40,0, 0);
   \   000001A4   0x2000             MOVS     R0,#+0
   \   000001A6   0x9000             STR      R0,[SP, #+0]
   \   000001A8   0x4603             MOV      R3,R0
   \   000001AA   0x4601             MOV      R1,R0
   \   000001AC   0xF9B6 0x0000      LDRSH    R0,[R6, #+0]
   \   000001B0   0x....             LDR.N    R2,??DataTable4_12
   \   000001B2   0x.... 0x....      BL       BUTTON_SetBitmapEx
    130              BUTTON_SetTextAlign(button_back.btnHandle,GUI_TA_CENTER|GUI_TA_VCENTER );
   \   000001B6   0xF9B6 0x0000      LDRSH    R0,[R6, #+0]
   \   000001BA   0x210E             MOVS     R1,#+14
   \   000001BC   0x.... 0x....      BL       BUTTON_SetTextAlign
    131              BUTTON_SetBkColor(button_back.btnHandle, BUTTON_CI_PRESSED, gCfgItems.back_btn_color);
   \   000001C0   0x6BAA             LDR      R2,[R5, #+56]
   \   000001C2   0xF9B6 0x0000      LDRSH    R0,[R6, #+0]
   \   000001C6   0x2101             MOVS     R1,#+1
   \   000001C8   0x.... 0x....      BL       BUTTON_SetBkColor
    132              BUTTON_SetBkColor(button_back.btnHandle, BUTTON_CI_UNPRESSED, gCfgItems.back_btn_color); 
   \   000001CC   0x6BAA             LDR      R2,[R5, #+56]
   \   000001CE   0xF9B6 0x0000      LDRSH    R0,[R6, #+0]
   \   000001D2   0x2100             MOVS     R1,#+0
   \   000001D4   0x.... 0x....      BL       BUTTON_SetBkColor
    133              BUTTON_SetTextColor(button_back.btnHandle, BUTTON_CI_PRESSED, gCfgItems.back_btn_textcolor);
   \   000001D8   0x6BEA             LDR      R2,[R5, #+60]
   \   000001DA   0xF9B6 0x0000      LDRSH    R0,[R6, #+0]
   \   000001DE   0x2101             MOVS     R1,#+1
   \   000001E0   0x.... 0x....      BL       BUTTON_SetTextColor
    134              BUTTON_SetTextColor(button_back.btnHandle, BUTTON_CI_UNPRESSED, gCfgItems.back_btn_textcolor); 
   \   000001E4   0x6BEA             LDR      R2,[R5, #+60]
   \   000001E6   0xF9B6 0x0000      LDRSH    R0,[R6, #+0]
   \   000001EA   0x2100             MOVS     R1,#+0
   \   000001EC   0x.... 0x....      BL       BUTTON_SetTextColor
    135          
    136              if(gCfgItems.multiple_language != 0)
   \   000001F0   0xF894 0x01CF      LDRB     R0,[R4, #+463]
   \   000001F4   0xB1A0             CBZ.N    R0,??draw_TemperatureSettings_1
    137              {
    138                  BUTTON_SetText(buttonNozzleSetting.btnHandle, machine_menu.NozzleConf);
   \   000001F6   0xF508 0x748E      ADD      R4,R8,#+284
   \   000001FA   0xF9B7 0x0000      LDRSH    R0,[R7, #+0]
   \   000001FE   0x6861             LDR      R1,[R4, #+4]
   \   00000200   0x.... 0x....      BL       BUTTON_SetText
    139                  BUTTON_SetText(buttonHotBedSetting.btnHandle, machine_menu.HotBedConf);
   \   00000204   0x68A1             LDR      R1,[R4, #+8]
   \   00000206   0xF9B7 0x0018      LDRSH    R0,[R7, #+24]
   \   0000020A   0x.... 0x....      BL       BUTTON_SetText
    140                  //BUTTON_SetText(buttonpreTemperatureSetting.btnHandle, machine_menu.PreheatTemperConf);   
    141          
    142                  BUTTON_SetText(button_back.btnHandle,common_menu.text_back);
   \   0000020E   0x....             LDR.N    R0,??DataTable4_13
   \   00000210   0x6801             LDR      R1,[R0, #+0]
   \   00000212   0xF9B6 0x0000      LDRSH    R0,[R6, #+0]
   \   00000216   0xB004             ADD      SP,SP,#+16
   \   00000218   0xE8BD 0x47F0      POP      {R4-R10,LR}
   \   0000021C   0x.... 0x....      B.W      BUTTON_SetText
    143              }
    144          
    145          
    146          
    147          }
   \                     ??draw_TemperatureSettings_1: (+1)
   \   00000220   0xB004             ADD      SP,SP,#+16
   \   00000222   0xE8BD 0x87F0      POP      {R4-R10,PC}      ;; return
    148          
    149          

   \                                 In section .text, align 2, keep-with-next
    150          void Clear_TemperatureSettings()
    151          {
   \                     Clear_TemperatureSettings: (+1)
   \   00000000   0xB510             PUSH     {R4,LR}
    152          	GUI_SetBkColor(gCfgItems.background_color);
   \   00000002   0x....             LDR.N    R0,??DataTable4_4
   \   00000004   0x6940             LDR      R0,[R0, #+20]
   \   00000006   0x.... 0x....      BL       GUI_SetBkColor
    153          	if(WM_IsWindow(hTemperatureSettingsWnd))
   \   0000000A   0x....             LDR.N    R4,??DataTable4_2
   \   0000000C   0xF9B4 0x0000      LDRSH    R0,[R4, #+0]
   \   00000010   0x.... 0x....      BL       WM_IsWindow
   \   00000014   0xB128             CBZ.N    R0,??Clear_TemperatureSettings_0
    154          	{
    155          		WM_DeleteWindow(hTemperatureSettingsWnd);
   \   00000016   0xF9B4 0x0000      LDRSH    R0,[R4, #+0]
   \   0000001A   0xE8BD 0x4010      POP      {R4,LR}
   \   0000001E   0x.... 0x....      B.W      WM_DeleteWindow
    156          	}
    157          }
   \                     ??Clear_TemperatureSettings_0: (+1)
   \   00000022   0xBD10             POP      {R4,PC}          ;; return

   \                                 In section .text, align 4, keep-with-next
   \                     ??DataTable4:
   \   00000000   0x00FF5449         DC32     0xff5449

   \                                 In section .text, align 4, keep-with-next
   \                     ??DataTable4_1:
   \   00000000   0x........         DC32     button_back

   \                                 In section .text, align 4, keep-with-next
   \                     ??DataTable4_2:
   \   00000000   0x........         DC32     hTemperatureSettingsWnd

   \                                 In section .text, align 4, keep-with-next
   \                     ??DataTable4_3:
   \   00000000   0x........         DC32     last_disp_state

   \                                 In section .text, align 4, keep-with-next
   \                     ??DataTable4_4:
   \   00000000   0x........         DC32     gCfgItems

   \                                 In section .text, align 4, keep-with-next
   \                     ??DataTable4_5:
   \   00000000   0x........         DC32     buttonNozzleSetting

   \                                 In section .text, align 4, keep-with-next
   \                     ??DataTable4_6:
   \   00000000   0x........         DC32     disp_state_stack

   \                                 In section .text, align 4, keep-with-next
   \                     ??DataTable4_7:
   \   00000000   0x........         DC32     disp_state

   \                                 In section .text, align 4, keep-with-next
   \                     ??DataTable4_8:
   \   00000000   0x........         DC32     machine_menu

   \                                 In section .text, align 4, keep-with-next
   \                     ??DataTable4_9:
   \   00000000   0x........         DC32     _Z24cbTemperatureSettingsWinP10WM_MESSAGE

   \                                 In section .text, align 4, keep-with-next
   \                     ??DataTable4_10:
   \   00000000   0x........         DC32     BMP_PIC_X

   \                                 In section .text, align 4, keep-with-next
   \                     ??DataTable4_11:
   \   00000000   0x........         DC32     bmp_struct10x17

   \                                 In section .text, align 4, keep-with-next
   \                     ??DataTable4_12:
   \   00000000   0x........         DC32     bmp_struct70X40

   \                                 In section .text, align 4, keep-with-next
   \                     ??DataTable4_13:
   \   00000000   0x........         DC32     common_menu

   \                                 In section .text, align 4, keep-with-next
   \                     `?<Constant "bmp_arrow.bin">`:
   \   00000000   0x62 0x6D          DC8 "bmp_arrow.bin"
   \              0x70 0x5F    
   \              0x61 0x72    
   \              0x72 0x6F    
   \              0x77 0x2E    
   \              0x62 0x69    
   \              0x6E 0x00    
   \   0000000E   0x00 0x00          DC8 0, 0

   \                                 In section .text, align 4, keep-with-next
   \                     `?<Constant "bmp_back70x40.bin">`:
   \   00000000   0x62 0x6D          DC8 "bmp_back70x40.bin"
   \              0x70 0x5F    
   \              0x62 0x61    
   \              0x63 0x6B    
   \              0x37 0x30    
   \              0x78 0x34    
   \              0x30 0x2E    
   \              0x62 0x69    
   \              0x6E 0x00    
   \   00000012   0x00 0x00          DC8 0, 0
    158          
    159          
    160          

   Maximum stack usage in bytes:

   .cstack Function
   ------- --------
       8   Clear_TemperatureSettings
         8   -> GUI_SetBkColor
         0   -> WM_DeleteWindow
         8   -> WM_IsWindow
       8   cbTemperatureSettingsWin(WM_MESSAGE *)
         0   -> GUI_FillRect
         8   -> GUI_FillRect
         8   -> GUI_SetBkColor
         8   -> GUI_SetColor
         0   -> WM_DefaultProc
         8   -> WM_DeleteWindow
         8   -> WM_IsWindow
         0   -> draw_HotbedConfig
         0   -> draw_NozzleConfig
         0   -> draw_return_ui
      48   draw_TemperatureSettings
        48   -> BUTTON_CreateEx
        48   -> BUTTON_SetBitmapEx
        48   -> BUTTON_SetBkColor
        48   -> BUTTON_SetBmpFileName
         0   -> BUTTON_SetText
        48   -> BUTTON_SetText
        48   -> BUTTON_SetTextAlign
        48   -> BUTTON_SetTextColor
        48   -> GUI_Clear
        48   -> GUI_DispStringAt
        48   -> GUI_SetBkColor
        48   -> GUI_SetColor
        48   -> WM_CreateWindow
        48   -> alloc_win_id


   Section sizes:

   Bytes  Function/Label
   -----  --------------
      16  ?<Constant "bmp_arrow.bin">
      20  ?<Constant "bmp_back70x40.bin">
       4  ??DataTable4
       4  ??DataTable4_1
       4  ??DataTable4_10
       4  ??DataTable4_11
       4  ??DataTable4_12
       4  ??DataTable4_13
       4  ??DataTable4_2
       4  ??DataTable4_3
       4  ??DataTable4_4
       4  ??DataTable4_5
       4  ??DataTable4_6
       4  ??DataTable4_7
       4  ??DataTable4_8
       4  ??DataTable4_9
      36  Clear_TemperatureSettings
      48  buttonNozzleSetting
          buttonHotBedSetting
      24  button_back
     248  cbTemperatureSettingsWin(WM_MESSAGE *)
     550  draw_TemperatureSettings
      52  hTemperatureSettingsWnd
          NozzleSettingArrow
          HotBedSettingArrow

 
 124 bytes in section .bss
 926 bytes in section .text
 
 926 bytes of CODE memory
 124 bytes of DATA memory

Errors: none
Warnings: 23
