###############################################################################
#
# IAR ANSI C/C++ Compiler V7.10.1.6676/W32 for ARM        13/Apr/2020  10:56:41
# Copyright 1999-2014 IAR Systems AB.
#
#    Cpu mode     =  thumb
#    Endian       =  little
#    Source file  =  
#        D:\MKS-Robin-Nano-Firmware-v2.x.x\MKS-Robin-Nano-Firmware\User\ui\draw_printing_moremenu.cpp
#    Command line =  
#        D:\MKS-Robin-Nano-Firmware-v2.x.x\MKS-Robin-Nano-Firmware\User\ui\draw_printing_moremenu.cpp
#        -D USE_HAL_DRIVER -D STM32F103xE -D STM32F10X_HD -D USE_HAL_LIB -D
#        MKS_ROBIN_NANO -D TFT35 -lC
#        D:\MKS-Robin-Nano-Firmware-v2.x.x\MKS-Robin-Nano-Firmware\EWARM\mksRobinNano/List\
#        -lA
#        D:\MKS-Robin-Nano-Firmware-v2.x.x\MKS-Robin-Nano-Firmware\EWARM\mksRobinNano/List\
#        --diag_suppress Pa050 -o
#        D:\MKS-Robin-Nano-Firmware-v2.x.x\MKS-Robin-Nano-Firmware\EWARM\mksRobinNano/Obj\
#        --debug --endian=little --cpu=Cortex-M3 -e --char_is_signed --fpu=None
#        --dlib_config "C:\Program Files (x86)\IAR Systems\Embedded Workbench
#        7.0\arm\INC\c\DLib_Config_Full.h" -I
#        D:\MKS-Robin-Nano-Firmware-v2.x.x\MKS-Robin-Nano-Firmware\EWARM/../Inc\
#        -I
#        D:\MKS-Robin-Nano-Firmware-v2.x.x\MKS-Robin-Nano-Firmware\EWARM/../Src\
#        -I
#        D:\MKS-Robin-Nano-Firmware-v2.x.x\MKS-Robin-Nano-Firmware\EWARM/../Drivers/STM32F1xx_HAL_Driver/Inc\
#        -I
#        D:\MKS-Robin-Nano-Firmware-v2.x.x\MKS-Robin-Nano-Firmware\EWARM/../Drivers/STM32F1xx_HAL_Driver/Inc/Legacy\
#        -I
#        D:\MKS-Robin-Nano-Firmware-v2.x.x\MKS-Robin-Nano-Firmware\EWARM/../Middlewares/Third_Party/FatFs/src/drivers\
#        -I
#        D:\MKS-Robin-Nano-Firmware-v2.x.x\MKS-Robin-Nano-Firmware\EWARM/../Middlewares/ST/STM32_USB_Host_Library/Core/Inc\
#        -I
#        D:\MKS-Robin-Nano-Firmware-v2.x.x\MKS-Robin-Nano-Firmware\EWARM/../Middlewares/ST/STM32_USB_Host_Library/Class/MSC/Inc\
#        -I
#        D:\MKS-Robin-Nano-Firmware-v2.x.x\MKS-Robin-Nano-Firmware\EWARM/../Drivers/CMSIS/Device/ST/STM32F1xx/Include\
#        -I
#        D:\MKS-Robin-Nano-Firmware-v2.x.x\MKS-Robin-Nano-Firmware\EWARM/../Middlewares/Third_Party/FatFs/src\
#        -I
#        D:\MKS-Robin-Nano-Firmware-v2.x.x\MKS-Robin-Nano-Firmware\EWARM/../Middlewares/Third_Party/Marlin\
#        -I
#        D:\MKS-Robin-Nano-Firmware-v2.x.x\MKS-Robin-Nano-Firmware\EWARM/../Drivers/CMSIS/Include\
#        -I
#        D:\MKS-Robin-Nano-Firmware-v2.x.x\MKS-Robin-Nano-Firmware\EWARM/../Drivers/BSP/variant\
#        -I
#        D:\MKS-Robin-Nano-Firmware-v2.x.x\MKS-Robin-Nano-Firmware\EWARM/../Drivers/BSP/Components/at24cxx\
#        -I
#        D:\MKS-Robin-Nano-Firmware-v2.x.x\MKS-Robin-Nano-Firmware\EWARM/../Drivers/BSP/Components/w25qxx\
#        -I
#        D:\MKS-Robin-Nano-Firmware-v2.x.x\MKS-Robin-Nano-Firmware\EWARM/../Drivers/BSP/Components/lcd\
#        -I
#        D:\MKS-Robin-Nano-Firmware-v2.x.x\MKS-Robin-Nano-Firmware\EWARM/../Drivers/STM32F10x_StdPeriph_Driver/inc\
#        -I
#        D:\MKS-Robin-Nano-Firmware-v2.x.x\MKS-Robin-Nano-Firmware\EWARM/../Drivers/libstmf4/include\
#        -I
#        D:\MKS-Robin-Nano-Firmware-v2.x.x\MKS-Robin-Nano-Firmware\EWARM/../Middlewares/arduino/stm32/cores/arduino\
#        -I
#        D:\MKS-Robin-Nano-Firmware-v2.x.x\MKS-Robin-Nano-Firmware\EWARM/../User/ui\
#        -I
#        D:\MKS-Robin-Nano-Firmware-v2.x.x\MKS-Robin-Nano-Firmware\EWARM/../User/ui/Multi_language\
#        -I
#        D:\MKS-Robin-Nano-Firmware-v2.x.x\MKS-Robin-Nano-Firmware\EWARM/../User/ui/QRENCODE\
#        -I
#        D:\MKS-Robin-Nano-Firmware-v2.x.x\MKS-Robin-Nano-Firmware\EWARM\..\Middlewares\GUI\
#        -Oh --eec++ -I "C:\Program Files (x86)\IAR Systems\Embedded Workbench
#        7.0\arm\CMSIS\Include\"
#    List file    =  
#        D:\MKS-Robin-Nano-Firmware-v2.x.x\MKS-Robin-Nano-Firmware\EWARM\mksRobinNano/List\draw_printing_moremenu.lst
#    Object file  =  
#        D:\MKS-Robin-Nano-Firmware-v2.x.x\MKS-Robin-Nano-Firmware\EWARM\mksRobinNano/Obj\draw_printing_moremenu.o
#
###############################################################################

D:\MKS-Robin-Nano-Firmware-v2.x.x\MKS-Robin-Nano-Firmware\User\ui\draw_printing_moremenu.cpp
      1          #include "gui.h"
      2          #include "button.h"
      3          #include "draw_ui.h"

  #define UNUSED(x) ((void)(x))
          ^
"D:\MKS-Robin-Nano-Firmware-v2.x.x\MKS-Robin-Nano-Firmware\Drivers\STM32F1xx_HAL_Driver\Inc\stm32f1xx_hal_def.h",87  Warning[Pe047]: 
          incompatible redefinition of macro "UNUSED" (declared at line 101 of
          "D:\MKS-Robin-Nano-Firmware-v2.x.x\MKS-Robin-Nano-Firmware\EWARM/../M
          iddlewares/Third_Party/Marlin\macros.h")

  		volatile volatile float desireBedTempBak;
  		         ^
"D:\MKS-Robin-Nano-Firmware-v2.x.x\MKS-Robin-Nano-Firmware\Inc\mks_cfg.h",626  Warning[Pe083]: 
          type qualifier specified more than once

    #define FILAMENT_CHANGE_TEXT_EN				"Please click <Load> \nor <unload>,After \npinter pause."
            ^
"D:\MKS-Robin-Nano-Firmware-v2.x.x\MKS-Robin-Nano-Firmware\User\ui\Multi_language\Language_en.h",337  Warning[Pe047]: 
          incompatible redefinition of macro "FILAMENT_CHANGE_TEXT_EN"
          (declared at line 315)

  #define DIALOG_UNBIND_PRINTER_CN            "Ëß£Èô§ÁªëÂÆö?"
          ^
"D:\MKS-Robin-Nano-Firmware-v2.x.x\MKS-Robin-Nano-Firmware\User\ui\Multi_language\Language_s_cn.h",408  Warning[Pe047]: 
          incompatible redefinition of macro "DIALOG_UNBIND_PRINTER_CN"
          (declared at line 403)

    #define FILAMENT_CHANGE_TEXT_T_CN				"ÂæÖÊâìÂç∞Ê©üÊö´ÂÅúÂêé,\nË´ãÊåâ<ÈÄ≤Êñô>Êàñ<ÈÄÄÊñô>"
            ^
"D:\MKS-Robin-Nano-Firmware-v2.x.x\MKS-Robin-Nano-Firmware\User\ui\Multi_language\Language_t_cn.h",318  Warning[Pe047]: 
          incompatible redefinition of macro "FILAMENT_CHANGE_TEXT_T_CN"
          (declared at line 304)

    #define FILAMENT_CHANGE_TEXT_RU				"Please click <Load> \nor <unload>,After \npinter pause."
            ^
"D:\MKS-Robin-Nano-Firmware-v2.x.x\MKS-Robin-Nano-Firmware\User\ui\Multi_language\Language_ru.h",134  Warning[Pe047]: 
          incompatible redefinition of macro "FILAMENT_CHANGE_TEXT_RU"
          (declared at line 114)

  #define DIALOG_UNBIND_PRINTER_RU            "Unbind the printer?"
          ^
"D:\MKS-Robin-Nano-Firmware-v2.x.x\MKS-Robin-Nano-Firmware\User\ui\Multi_language\Language_ru.h",231  Warning[Pe047]: 
          incompatible redefinition of macro "DIALOG_UNBIND_PRINTER_RU"
          (declared at line 226)

    #define FILAMENT_CHANGE_TEXT_FR				"Please click <Load> \nor <unload>,After \npinter pause."
            ^
"D:\MKS-Robin-Nano-Firmware-v2.x.x\MKS-Robin-Nano-Firmware\User\ui\Multi_language\Language_fr.h",134  Warning[Pe047]: 
          incompatible redefinition of macro "FILAMENT_CHANGE_TEXT_FR"
          (declared at line 114)

  #define DIALOG_UNBIND_PRINTER_FR        "Unbind the printer?"
          ^
"D:\MKS-Robin-Nano-Firmware-v2.x.x\MKS-Robin-Nano-Firmware\User\ui\Multi_language\Language_fr.h",234  Warning[Pe047]: 
          incompatible redefinition of macro "DIALOG_UNBIND_PRINTER_FR"
          (declared at line 230)

    #define FILAMENT_CHANGE_TEXT_SP				"Please click <Load> \nor <unload>,After \npinter pause."
            ^
"D:\MKS-Robin-Nano-Firmware-v2.x.x\MKS-Robin-Nano-Firmware\User\ui\Multi_language\Language_sp.h",133  Warning[Pe047]: 
          incompatible redefinition of macro "FILAMENT_CHANGE_TEXT_SP"
          (declared at line 114)

    #define FILAMENT_CHANGE_TEXT_IT				"Please click <Load> \nor <unload>,After \npinter pause."
            ^
"D:\MKS-Robin-Nano-Firmware-v2.x.x\MKS-Robin-Nano-Firmware\User\ui\Multi_language\Language_it.h",134  Warning[Pe047]: 
          incompatible redefinition of macro "FILAMENT_CHANGE_TEXT_IT"
          (declared at line 114)

  #define DIALOG_UNBIND_PRINTER_IT                "Unbind the printer?"
          ^
"D:\MKS-Robin-Nano-Firmware-v2.x.x\MKS-Robin-Nano-Firmware\User\ui\Multi_language\Language_it.h",230  Warning[Pe047]: 
          incompatible redefinition of macro "DIALOG_UNBIND_PRINTER_IT"
          (declared at line 225)

  #define FILAMENT_CHANGE_TEXT_JP				"Please click <Load> \nor <unload>,After \npinter pause."
          ^
"D:\MKS-Robin-Nano-Firmware-v2.x.x\MKS-Robin-Nano-Firmware\User\ui\Multi_language\Multi_language.h",899  Warning[Pe047]: 
          incompatible redefinition of macro "FILAMENT_CHANGE_TEXT_JP"
          (declared at line 892)

  #define FILAMENT_CHANGE_TEXT_GN				"Please click <Load> \nor <unload>,After \npinter pause."
          ^
"D:\MKS-Robin-Nano-Firmware-v2.x.x\MKS-Robin-Nano-Firmware\User\ui\Multi_language\Multi_language.h",1107  Warning[Pe047]: 
          incompatible redefinition of macro "FILAMENT_CHANGE_TEXT_GN"
          (declared at line 1101)

  #define Simple_Dec"ºı…Ÿ"
                    ^
"D:\MKS-Robin-Nano-Firmware-v2.x.x\MKS-Robin-Nano-Firmware\User\ui\draw_ui.h",666  Warning[Pe1649]: 
          white space is required between the macro name "Simple_Dec" and its
          replacement text

  #define Simple_Speed "ÀŸ∂»"
          ^
"D:\MKS-Robin-Nano-Firmware-v2.x.x\MKS-Robin-Nano-Firmware\User\ui\draw_ui.h",721  Warning[Pe047]: 
          incompatible redefinition of macro "Simple_Speed" (declared at line
          718)

  #define Complex_Speed "ÀŸ∂»"
          ^
"D:\MKS-Robin-Nano-Firmware-v2.x.x\MKS-Robin-Nano-Firmware\User\ui\draw_ui.h",722  Warning[Pe047]: 
          incompatible redefinition of macro "Complex_Speed" (declared at line
          719)
      4          #include "fontLib.h"
      5          //#include "printer.h"
      6          //#include "sd_usr.h"
      7          #include "draw_printing_moremenu.h"
      8          #include "draw_filamentchange.h"
      9          #include "draw_fan.h"
     10          #include "pic_manager.h"
     11          #include "SPI_Flash.h"

  #define IS_SPI_DIRECTION_MODE(MODE) (((MODE) == SPI_Direction_2Lines_FullDuplex) || \
          ^
"D:\MKS-Robin-Nano-Firmware-v2.x.x\MKS-Robin-Nano-Firmware\Drivers\STM32F10x_StdPeriph_Driver\inc\stm32f10x_spi.h",132  Warning[Pe047]: 
          incompatible redefinition of macro "IS_SPI_DIRECTION_MODE" (declared
          at line 466 of
          "D:\MKS-Robin-Nano-Firmware-v2.x.x\MKS-Robin-Nano-Firmware\Drivers\ST
          M32F1xx_HAL_Driver\Inc\stm32f1xx_hal_spi.h")

  #define IS_SPI_MODE(MODE) (((MODE) == SPI_Mode_Master) || \
          ^
"D:\MKS-Robin-Nano-Firmware-v2.x.x\MKS-Robin-Nano-Firmware\Drivers\STM32F10x_StdPeriph_Driver\inc\stm32f10x_spi.h",146  Warning[Pe047]: 
          incompatible redefinition of macro "IS_SPI_MODE" (declared at line
          459 of
          "D:\MKS-Robin-Nano-Firmware-v2.x.x\MKS-Robin-Nano-Firmware\Drivers\ST
          M32F1xx_HAL_Driver\Inc\stm32f1xx_hal_spi.h")

  #define IS_SPI_DATASIZE(DATASIZE) (((DATASIZE) == SPI_DataSize_16b) || \
          ^
"D:\MKS-Robin-Nano-Firmware-v2.x.x\MKS-Robin-Nano-Firmware\Drivers\STM32F10x_StdPeriph_Driver\inc\stm32f10x_spi.h",158  Warning[Pe047]: 
          incompatible redefinition of macro "IS_SPI_DATASIZE" (declared at
          line 488 of
          "D:\MKS-Robin-Nano-Firmware-v2.x.x\MKS-Robin-Nano-Firmware\Drivers\ST
          M32F1xx_HAL_Driver\Inc\stm32f1xx_hal_spi.h")

  #define IS_SPI_CPOL(CPOL) (((CPOL) == SPI_CPOL_Low) || \
          ^
"D:\MKS-Robin-Nano-Firmware-v2.x.x\MKS-Robin-Nano-Firmware\Drivers\STM32F10x_StdPeriph_Driver\inc\stm32f10x_spi.h",170  Warning[Pe047]: 
          incompatible redefinition of macro "IS_SPI_CPOL" (declared at line
          496 of
          "D:\MKS-Robin-Nano-Firmware-v2.x.x\MKS-Robin-Nano-Firmware\Drivers\ST
          M32F1xx_HAL_Driver\Inc\stm32f1xx_hal_spi.h")

  #define IS_SPI_CPHA(CPHA) (((CPHA) == SPI_CPHA_1Edge) || \
          ^
"D:\MKS-Robin-Nano-Firmware-v2.x.x\MKS-Robin-Nano-Firmware\Drivers\STM32F10x_StdPeriph_Driver\inc\stm32f10x_spi.h",182  Warning[Pe047]: 
          incompatible redefinition of macro "IS_SPI_CPHA" (declared at line
          504 of
          "D:\MKS-Robin-Nano-Firmware-v2.x.x\MKS-Robin-Nano-Firmware\Drivers\ST
          M32F1xx_HAL_Driver\Inc\stm32f1xx_hal_spi.h")

  #define IS_SPI_NSS(NSS) (((NSS) == SPI_NSS_Soft) || \
          ^
"D:\MKS-Robin-Nano-Firmware-v2.x.x\MKS-Robin-Nano-Firmware\Drivers\STM32F10x_StdPeriph_Driver\inc\stm32f10x_spi.h",194  Warning[Pe047]: 
          incompatible redefinition of macro "IS_SPI_NSS" (declared at line
          512 of
          "D:\MKS-Robin-Nano-Firmware-v2.x.x\MKS-Robin-Nano-Firmware\Drivers\ST
          M32F1xx_HAL_Driver\Inc\stm32f1xx_hal_spi.h")

  #define IS_SPI_BAUDRATE_PRESCALER(PRESCALER) (((PRESCALER) == SPI_BaudRatePrescaler_2) || \
          ^
"D:\MKS-Robin-Nano-Firmware-v2.x.x\MKS-Robin-Nano-Firmware\Drivers\STM32F10x_StdPeriph_Driver\inc\stm32f10x_spi.h",212  Warning[Pe047]: 
          incompatible redefinition of macro "IS_SPI_BAUDRATE_PRESCALER"
          (declared at line 521 of
          "D:\MKS-Robin-Nano-Firmware-v2.x.x\MKS-Robin-Nano-Firmware\Drivers\ST
          M32F1xx_HAL_Driver\Inc\stm32f1xx_hal_spi.h")

  #define IS_SPI_FIRST_BIT(BIT) (((BIT) == SPI_FirstBit_MSB) || \
          ^
"D:\MKS-Robin-Nano-Firmware-v2.x.x\MKS-Robin-Nano-Firmware\Drivers\STM32F10x_StdPeriph_Driver\inc\stm32f10x_spi.h",230  Warning[Pe047]: 
          incompatible redefinition of macro "IS_SPI_FIRST_BIT" (declared at
          line 535 of
          "D:\MKS-Robin-Nano-Firmware-v2.x.x\MKS-Robin-Nano-Firmware\Drivers\ST
          M32F1xx_HAL_Driver\Inc\stm32f1xx_hal_spi.h")

  #define SPI_FLAG_CRCERR                 ((uint16_t)0x0010)
          ^
"D:\MKS-Robin-Nano-Firmware-v2.x.x\MKS-Robin-Nano-Firmware\Drivers\STM32F10x_StdPeriph_Driver\inc\stm32f10x_spi.h",408  Warning[Pe047]: 
          incompatible redefinition of macro "SPI_FLAG_CRCERR" (declared at
          line 308 of
          "D:\MKS-Robin-Nano-Firmware-v2.x.x\MKS-Robin-Nano-Firmware\Drivers\ST
          M32F1xx_HAL_Driver\Inc\stm32f1xx_hal_spi.h")

  #define SPI_FLAG_MODF                   ((uint16_t)0x0020)
          ^
"D:\MKS-Robin-Nano-Firmware-v2.x.x\MKS-Robin-Nano-Firmware\Drivers\STM32F10x_StdPeriph_Driver\inc\stm32f10x_spi.h",409  Warning[Pe047]: 
          incompatible redefinition of macro "SPI_FLAG_MODF" (declared at line
          309 of
          "D:\MKS-Robin-Nano-Firmware-v2.x.x\MKS-Robin-Nano-Firmware\Drivers\ST
          M32F1xx_HAL_Driver\Inc\stm32f1xx_hal_spi.h")

  #define IS_SPI_CRC_POLYNOMIAL(POLYNOMIAL) ((POLYNOMIAL) >= 0x1)
          ^
"D:\MKS-Robin-Nano-Firmware-v2.x.x\MKS-Robin-Nano-Firmware\Drivers\STM32F10x_StdPeriph_Driver\inc\stm32f10x_spi.h",425  Warning[Pe047]: 
          incompatible redefinition of macro "IS_SPI_CRC_POLYNOMIAL" (declared
          at line 558 of
          "D:\MKS-Robin-Nano-Firmware-v2.x.x\MKS-Robin-Nano-Firmware\Drivers\ST
          M32F1xx_HAL_Driver\Inc\stm32f1xx_hal_spi.h")

  #else defined(MKS_ROBIN_NANO)
        ^
"D:\MKS-Robin-Nano-Firmware-v2.x.x\MKS-Robin-Nano-Firmware\Drivers\BSP\Components\w25qxx\SPI_Flash.h",40  Warning[Pe014]: 
          extra text after expected end of preprocessing directive
     12          #include "marlin.h"

  #define strcpy_P(dest, src) strcpy((dest), (src))
          ^
"D:\MKS-Robin-Nano-Firmware-v2.x.x\MKS-Robin-Nano-Firmware\Middlewares\arduino\stm32\cores\arduino\avr\pgmspace.h",23  Warning[Pe047]: 
          incompatible redefinition of macro "strcpy_P" (declared at line 93
          of
          "D:\MKS-Robin-Nano-Firmware-v2.x.x\MKS-Robin-Nano-Firmware\Middleware
          s\Third_Party\Marlin\Marlin_export.h")

  #define strstr_P(a, b) strstr((a), (b))
          ^
"D:\MKS-Robin-Nano-Firmware-v2.x.x\MKS-Robin-Nano-Firmware\Middlewares\arduino\stm32\cores\arduino\avr\pgmspace.h",26  Warning[Pe047]: 
          incompatible redefinition of macro "strstr_P" (declared at line 94
          of
          "D:\MKS-Robin-Nano-Firmware-v2.x.x\MKS-Robin-Nano-Firmware\Middleware
          s\Third_Party\Marlin\Marlin_export.h")

  #define sprintf_P(s, f, ...) sprintf((s), (f), __VA_ARGS__)
          ^
"D:\MKS-Robin-Nano-Firmware-v2.x.x\MKS-Robin-Nano-Firmware\Middlewares\arduino\stm32\cores\arduino\avr\pgmspace.h",28  Warning[Pe047]: 
          incompatible redefinition of macro "sprintf_P" (declared at line 95
          of
          "D:\MKS-Robin-Nano-Firmware-v2.x.x\MKS-Robin-Nano-Firmware\Middleware
          s\Third_Party\Marlin\Marlin_export.h")

  #define pgm_read_word_near(addr) pgm_read_word(addr)
          ^
"D:\MKS-Robin-Nano-Firmware-v2.x.x\MKS-Robin-Nano-Firmware\Middlewares\arduino\stm32\cores\arduino\avr\pgmspace.h",38  Warning[Pe047]: 
          incompatible redefinition of macro "pgm_read_word_near" (declared at
          line 65 of
          "D:\MKS-Robin-Nano-Firmware-v2.x.x\MKS-Robin-Nano-Firmware\Middleware
          s\Third_Party\Marlin\Marlin_export.h")

    }
    ^
"D:\MKS-Robin-Nano-Firmware-v2.x.x\MKS-Robin-Nano-Firmware\Middlewares\Third_Party\Marlin\marlin.h",537  Warning[Pe940]: 
          missing return statement at end of non-void function
          "position_is_reachable_IS_KINEMATIC"
     13          #include "mks_reprint.h"

  #define SD_DETECT_INVERTED false
          ^
"D:\MKS-Robin-Nano-Firmware-v2.x.x\MKS-Robin-Nano-Firmware\Middlewares\Third_Party\Marlin\cardreader.h",27  Warning[Pe047]: 
          incompatible redefinition of macro "SD_DETECT_INVERTED" (declared at
          line 524 of
          "D:\MKS-Robin-Nano-Firmware-v2.x.x\MKS-Robin-Nano-Firmware\Middleware
          s\Third_Party\Marlin\Configuration_adv.h")

  #define PSTR(s) s
          ^
"D:\MKS-Robin-Nano-Firmware-v2.x.x\MKS-Robin-Nano-Firmware\Middlewares\Third_Party\Marlin\cardreader.h",31  Warning[Pe047]: 
          incompatible redefinition of macro "PSTR" (declared at line 63 of
          "D:\MKS-Robin-Nano-Firmware-v2.x.x\MKS-Robin-Nano-Firmware\EWARM/../M
          iddlewares/Third_Party/Marlin\marlin.h")

  #define pgm_read_byte(x) (*(char*)x)
          ^
"D:\MKS-Robin-Nano-Firmware-v2.x.x\MKS-Robin-Nano-Firmware\Middlewares\Third_Party\Marlin\cardreader.h",32  Warning[Pe047]: 
          incompatible redefinition of macro "pgm_read_byte" (declared at line
          64 of
          "D:\MKS-Robin-Nano-Firmware-v2.x.x\MKS-Robin-Nano-Firmware\Middleware
          s\Third_Party\Marlin\Marlin_export.h")

      static constexpr int8_t next_block_index(const int8_t block_index) { return BLOCK_MOD(block_index + 1); }
             ^
"D:\MKS-Robin-Nano-Firmware-v2.x.x\MKS-Robin-Nano-Firmware\Middlewares\Third_Party\Marlin\planner.h",627  Warning[Pe815]: 
          type qualifier on return type is meaningless

      static constexpr int8_t prev_block_index(const int8_t block_index) { return BLOCK_MOD(block_index - 1); }
             ^
"D:\MKS-Robin-Nano-Firmware-v2.x.x\MKS-Robin-Nano-Firmware\Middlewares\Third_Party\Marlin\planner.h",628  Warning[Pe815]: 
          type qualifier on return type is meaningless

        target_temperature[HOTEND_INDEX] = celsius;
                                         ^
"D:\MKS-Robin-Nano-Firmware-v2.x.x\MKS-Robin-Nano-Firmware\Middlewares\Third_Party\Marlin\temperature.h",406  Warning[Pa093]: 
          implicit conversion from floating point to integer

          target_temperature_bed =
                                 ^
"D:\MKS-Robin-Nano-Firmware-v2.x.x\MKS-Robin-Nano-Firmware\Middlewares\Third_Party\Marlin\temperature.h",414  Warning[Pa093]: 
          implicit conversion from floating point to integer

  #define LONG_FILENAME_LENGTH (13*MAX_VFAT_ENTRIES+1)
          ^
"D:\MKS-Robin-Nano-Firmware-v2.x.x\MKS-Robin-Nano-Firmware\Middlewares\Third_Party\Marlin\cardreader.h",61  Warning[Pe047]: 
          incompatible redefinition of macro "LONG_FILENAME_LENGTH" (declared
          at line 119 of
          "D:\MKS-Robin-Nano-Firmware-v2.x.x\MKS-Robin-Nano-Firmware\Middleware
          s\Third_Party\Marlin\SdFatConfig.h")

  #define ALLOW_DEPRECATED_FUNCTIONS 0
          ^
"D:\MKS-Robin-Nano-Firmware-v2.x.x\MKS-Robin-Nano-Firmware\Middlewares\Third_Party\Marlin\SdFat.h",635  Warning[Pe047]: 
          incompatible redefinition of macro "ALLOW_DEPRECATED_FUNCTIONS"
          (declared at line 67 of
          "D:\MKS-Robin-Nano-Firmware-v2.x.x\MKS-Robin-Nano-Firmware\Middleware
          s\Third_Party\Marlin\SdFatConfig.h")

  #define SPI_SD_INIT_RATE 11
          ^
"D:\MKS-Robin-Nano-Firmware-v2.x.x\MKS-Robin-Nano-Firmware\Middlewares\Third_Party\Marlin\SdFat.h",647  Warning[Pe047]: 
          incompatible redefinition of macro "SPI_SD_INIT_RATE" (declared at
          line 79 of
          "D:\MKS-Robin-Nano-Firmware-v2.x.x\MKS-Robin-Nano-Firmware\Middleware
          s\Third_Party\Marlin\SdFatConfig.h")
     14          #include "draw_pre_heat.h"
     15          #include "draw_change_speed.h"
     16          
     17          #ifndef GUI_FLASH
     18          #define GUI_FLASH
     19          #endif
     20          extern char cmd_code[201];
     21          extern volatile unsigned char *codebufpoint;
     22          extern volatile uint8_t  mksPrinterStatusFlag;
     23          //extern PR_STATUS printerStaus;
     24          

   \                                 In section .bss, align 4
     25          static GUI_HWIN hPrintmoreWnd;
   \                     hPrintmoreWnd:
   \   00000000                      DS8 2
   \   00000002                      DS8 2
   \   00000004                      DS8 24
   \   0000001C                      DS8 24
     26          
     27          extern GUI_FLASH const GUI_FONT GUI_FontHZ_fontHz18;
     28          extern int X_ADD,X_INTERVAL;   //**Õº∆¨º‰∏Ù
     29          

   \                                 In section .bss, align 4
   \   00000000                      DS8 24

   \                                 In section .bss, align 4
     30          static BUTTON_STRUCT buttonFilament_P,buttonFan_P,buttonoff_P,morefunc1,morefunc2,morefunc3,morefunc4,morefunc5,morefunc6,morefunc7,buttonRet;
   \                     morefunc3:
   \   00000000                      DS8 24
   \   00000018                      DS8 24

   \                                 In section .bss, align 4
   \                     morefunc5:
   \   00000000                      DS8 24
   \   00000018                      DS8 24

   \                                 In section .bss, align 4
   \                     morefunc7:
   \   00000000                      DS8 24
   \   00000018                      DS8 24
     31          static BUTTON_STRUCT buttonPreHeat,buttonSpeed;
     32          
     33          extern uint8_t IsChooseAutoShutdown;
     34          
     35          

   \                                 In section .text, align 2, keep-with-next
     36          static void cbPrintmoreWin(WM_MESSAGE * pMsg) {
     37          
     38          	struct PressEvt *press_event;
                 	                 ^
Warning[Pe550]: variable "press_event" was set but never used
     39          	switch (pMsg->MsgId)
   \                     _Z14cbPrintmoreWinP10WM_MESSAGE: (+1)
   \   00000000   0x6801             LDR      R1,[R0, #+0]
   \   00000002   0x290C             CMP      R1,#+12
   \   00000004   0xD100             BNE.N    ??cbPrintmoreWin_0
   \   00000006   0x4770             BX       LR
   \                     ??cbPrintmoreWin_0: (+1)
   \   00000008   0xB510             PUSH     {R4,LR}
   \   0000000A   0x290D             CMP      R1,#+13
   \   0000000C   0xBF18             IT       NE 
   \   0000000E   0x290F             CMPNE    R1,#+15
   \   00000010   0xD078             BEQ.N    ??cbPrintmoreWin_1
   \   00000012   0x2926             CMP      R1,#+38
   \   00000014   0xD172             BNE.N    ??cbPrintmoreWin_2
     40          	{
     41          		case WM_PAINT:
     42          			//GUI_SetBkColor(GUI_BLUE);
     43          			//GUI_Clear();
     44          			//GUI_DispString("window");
     45          			break;
     46          		case WM_TOUCH:
     47          		 	press_event = (struct PressEvt *)pMsg->Data.p;
     48          			
     49          			break;
     50          		case WM_TOUCH_CHILD:
     51          			press_event = (struct PressEvt *)pMsg->Data.p;
     52          
     53          			break;
     54          			
     55          		case WM_NOTIFY_PARENT:
     56          			if(pMsg->Data.v == WM_NOTIFICATION_RELEASED)
   \   00000016   0x6881             LDR      R1,[R0, #+8]
   \   00000018   0x2902             CMP      R1,#+2
   \   0000001A   0xD173             BNE.N    ??cbPrintmoreWin_1
     57          			{
     58          				if(pMsg->hWinSrc == buttonRet.btnHandle)
   \   0000001C   0x.... 0x....      LDR.W    R1,??DataTable13
   \   00000020   0xF9B0 0x0006      LDRSH    R0,[R0, #+6]
   \   00000024   0xF9B1 0x2018      LDRSH    R2,[R1, #+24]
   \   00000028   0x.... 0x....      LDR.W    R4,??DataTable13_1
   \   0000002C   0x4290             CMP      R0,R2
   \   0000002E   0xD115             BNE.N    ??cbPrintmoreWin_3
     59          				{
     60          					last_disp_state = PRINT_MORE_UI;
   \   00000030   0x.... 0x....      LDR.W    R1,??DataTable13_2
   \   00000034   0x201A             MOVS     R0,#+26
   \   00000036   0x7008             STRB     R0,[R1, #+0]
     61          					Clear_Printmore();
   \   00000038   0x.... 0x....      LDR.W    R0,??DataTable13_3
   \   0000003C   0x6940             LDR      R0,[R0, #+20]
   \   0000003E   0x.... 0x....      BL       GUI_SetBkColor
   \   00000042   0xF9B4 0x0000      LDRSH    R0,[R4, #+0]
   \   00000046   0x.... 0x....      BL       WM_IsWindow
   \   0000004A   0xB118             CBZ.N    R0,??cbPrintmoreWin_4
   \   0000004C   0xF9B4 0x0000      LDRSH    R0,[R4, #+0]
   \   00000050   0x.... 0x....      BL       WM_DeleteWindow
     62          					draw_return_ui();
   \                     ??cbPrintmoreWin_4: (+1)
   \   00000054   0xE8BD 0x4010      POP      {R4,LR}
   \   00000058   0x.... 0x....      B.W      draw_return_ui
     63          					
     64          				}
     65          				#if !defined(TFT35)
     66          				else if(pMsg->hWinSrc == buttonFan_P.btnHandle)
     67          				{
     68          					last_disp_state = PRINT_MORE_UI;
     69          					Clear_Printmore();
     70          					draw_fan();
     71          				}
     72          				else if(pMsg->hWinSrc == buttonPreHeat.btnHandle)
     73          				{
     74          					last_disp_state = PRINT_MORE_UI;
     75          					Clear_Printmore();
     76          					draw_preHeat();
     77          
     78          				}	
     79          				else if(pMsg->hWinSrc == buttonSpeed.btnHandle)
     80          				{
     81          					last_disp_state = PRINT_MORE_UI;
     82          					Clear_Printmore();
     83          					draw_changeSpeed();
     84          				}					
     85          				else if(pMsg->hWinSrc == buttonoff_P.btnHandle)
     86          				{
     87          					if(IsChooseAutoShutdown == 1)
     88          					{
     89          							IsChooseAutoShutdown = 0;		
     90          							Autoshutdown_display();
     91          					}
     92          					else
     93          					{
     94          							IsChooseAutoShutdown = 1;
     95          							Autoshutdown_display();
     96          					}
     97          				}
     98          				#endif
     99          				else if(pMsg->hWinSrc == morefunc1.btnHandle)
   \                     ??cbPrintmoreWin_3: (+1)
   \   0000005C   0xF9B4 0x2004      LDRSH    R2,[R4, #+4]
   \   00000060   0x4290             CMP      R0,R2
   \   00000062   0xD105             BNE.N    ??cbPrintmoreWin_5
    100          				{
    101          					SPI_FLASH_BufferRead((u8 *)cmd_code,BUTTON_MOREFUNC1_ADDR,201);
   \   00000064   0x.... 0x....      LDR.W    R4,??DataTable13_4
   \   00000068   0x22C9             MOVS     R2,#+201
   \   0000006A   0xF640 0x11EC      MOVW     R1,#+2540
   \   0000006E   0xE03E             B.N      ??cbPrintmoreWin_6
    102          					codebufpoint = (volatile unsigned char *)cmd_code;	
    103          				}
    104          				else if(pMsg->hWinSrc == morefunc2.btnHandle)
   \                     ??cbPrintmoreWin_5: (+1)
   \   00000070   0xF9B4 0x201C      LDRSH    R2,[R4, #+28]
   \   00000074   0x4290             CMP      R0,R2
   \   00000076   0xD105             BNE.N    ??cbPrintmoreWin_7
    105          				{
    106          					SPI_FLASH_BufferRead((u8 *)cmd_code,BUTTON_MOREFUNC2_ADDR,201);
   \   00000078   0x.... 0x....      LDR.W    R4,??DataTable13_4
   \   0000007C   0x22C9             MOVS     R2,#+201
   \   0000007E   0xF640 0x21B8      MOVW     R1,#+2744
   \   00000082   0xE034             B.N      ??cbPrintmoreWin_6
    107          					codebufpoint = (volatile unsigned char *)cmd_code;	
    108          				}					
    109          				else if(pMsg->hWinSrc == morefunc3.btnHandle)
   \                     ??cbPrintmoreWin_7: (+1)
   \   00000084   0x.... 0x....      LDR.W    R2,??DataTable13_5
   \   00000088   0xF9B2 0x3000      LDRSH    R3,[R2, #+0]
   \   0000008C   0x4298             CMP      R0,R3
   \   0000008E   0xD105             BNE.N    ??cbPrintmoreWin_8
    110          				{
    111          					SPI_FLASH_BufferRead((u8 *)cmd_code,BUTTON_MOREFUNC3_ADDR,201);
   \   00000090   0x.... 0x....      LDR.W    R4,??DataTable13_4
   \   00000094   0x22C9             MOVS     R2,#+201
   \   00000096   0xF640 0x3184      MOVW     R1,#+2948
   \   0000009A   0xE028             B.N      ??cbPrintmoreWin_6
    112          					codebufpoint = (volatile unsigned char *)cmd_code;	
    113          				}				
    114          				else if(pMsg->hWinSrc == morefunc4.btnHandle)
   \                     ??cbPrintmoreWin_8: (+1)
   \   0000009C   0xF9B2 0x2018      LDRSH    R2,[R2, #+24]
   \   000000A0   0x4290             CMP      R0,R2
   \   000000A2   0xD105             BNE.N    ??cbPrintmoreWin_9
    115          				{
    116          					SPI_FLASH_BufferRead((u8 *)cmd_code,BUTTON_MOREFUNC4_ADDR,201);
   \   000000A4   0x.... 0x....      LDR.W    R4,??DataTable13_4
   \   000000A8   0x22C9             MOVS     R2,#+201
   \   000000AA   0xF44F 0x6145      MOV      R1,#+3152
   \   000000AE   0xE01E             B.N      ??cbPrintmoreWin_6
    117          					codebufpoint = (volatile unsigned char *)cmd_code;	
    118          				}
    119          				#if defined(TFT35)
    120          				else if(pMsg->hWinSrc == morefunc5.btnHandle)
   \                     ??cbPrintmoreWin_9: (+1)
   \   000000B0   0x.... 0x....      LDR.W    R2,??DataTable13_6
   \   000000B4   0xF9B2 0x3000      LDRSH    R3,[R2, #+0]
   \   000000B8   0x4298             CMP      R0,R3
   \   000000BA   0xD105             BNE.N    ??cbPrintmoreWin_10
    121          				{
    122          					SPI_FLASH_BufferRead((u8 *)cmd_code,BUTTON_MOREFUNC5_ADDR,201);
   \   000000BC   0x.... 0x....      LDR.W    R4,??DataTable13_4
   \   000000C0   0x22C9             MOVS     R2,#+201
   \   000000C2   0xF640 0x511C      MOVW     R1,#+3356
   \   000000C6   0xE012             B.N      ??cbPrintmoreWin_6
    123          					codebufpoint = (volatile unsigned char *)cmd_code;	
    124          				}
    125          				else if(pMsg->hWinSrc == morefunc6.btnHandle)
   \                     ??cbPrintmoreWin_10: (+1)
   \   000000C8   0xF9B2 0x2018      LDRSH    R2,[R2, #+24]
   \   000000CC   0x4290             CMP      R0,R2
   \   000000CE   0xD105             BNE.N    ??cbPrintmoreWin_11
    126          				{
    127          					SPI_FLASH_BufferRead((u8 *)cmd_code,BUTTON_MOREFUNC6_ADDR,201);
   \   000000D0   0x.... 0x....      LDR.W    R4,??DataTable13_4
   \   000000D4   0x22C9             MOVS     R2,#+201
   \   000000D6   0xF640 0x51E8      MOVW     R1,#+3560
   \   000000DA   0xE008             B.N      ??cbPrintmoreWin_6
    128          					codebufpoint = (u8 *)cmd_code;	
    129          				}
    130          				else if(pMsg->hWinSrc == morefunc7.btnHandle)
   \                     ??cbPrintmoreWin_11: (+1)
   \   000000DC   0xF9B1 0x1000      LDRSH    R1,[R1, #+0]
   \   000000E0   0x4288             CMP      R0,R1
   \   000000E2   0xD10F             BNE.N    ??cbPrintmoreWin_1
    131          				{
    132          					SPI_FLASH_BufferRead((u8 *)cmd_code,BUTTON_MOREFUNC7_ADDR,201);
   \   000000E4   0x.... 0x....      LDR.W    R4,??DataTable13_4
   \   000000E8   0x22C9             MOVS     R2,#+201
   \   000000EA   0xF640 0x61B4      MOVW     R1,#+3764
   \                     ??cbPrintmoreWin_6: (+1)
   \   000000EE   0x4620             MOV      R0,R4
   \   000000F0   0x.... 0x....      BL       SPI_FLASH_BufferRead
    133          					codebufpoint = (u8 *)cmd_code;	
   \   000000F4   0x.... 0x....      LDR.W    R0,??DataTable13_7
   \   000000F8   0x6004             STR      R4,[R0, #+0]
   \   000000FA   0xBD10             POP      {R4,PC}
    134          				}
    135          				#else
    136          				if(gCfgItems.print_finish_close_machine_flg == 1)
    137          				{
    138          					else if(pMsg->hWinSrc == morefunc5.btnHandle)
    139          					{
    140          						SPI_FLASH_BufferRead((u8 *)cmd_code,BUTTON_MOREFUNC5_ADDR,201);
    141          						codebufpoint = (volatile unsigned char *)cmd_code;	
    142          					}
    143          				}
    144          				#endif
    145          					
    146          				
    147          				
    148          			}
    149          			break;
    150          			
    151          		default:
    152          			WM_DefaultProc(pMsg);
   \                     ??cbPrintmoreWin_2: (+1)
   \   000000FC   0xE8BD 0x4010      POP      {R4,LR}
   \   00000100   0x.... 0x....      B.W      WM_DefaultProc
    153          		}
    154          	}
   \                     ??cbPrintmoreWin_1: (+1)
   \   00000104   0xBD10             POP      {R4,PC}          ;; return
    155          #if defined(TFT35)

   \                                 In section .text, align 4, keep-with-next
    156          void draw_printmore()
    157          {
   \                     draw_printmore: (+1)
   \   00000000   0xE92D 0x4FF0      PUSH     {R4-R11,LR}
    158          #if 1
    159          	int i;
                 	    ^
Warning[Pe177]: variable "i" was declared but never referenced

  static BUTTON_STRUCT buttonFilament_P,buttonFan_P,buttonoff_P,morefunc1,morefunc2,morefunc3,morefunc4,morefunc5,morefunc6,morefunc7,buttonRet;
                       ^
"D:\MKS-Robin-Nano-Firmware-v2.x.x\MKS-Robin-Nano-Firmware\User\ui\draw_printing_moremenu.cpp",30  Warning[Pe177]: 
          variable "buttonFilament_P" was declared but never referenced

  static BUTTON_STRUCT buttonFilament_P,buttonFan_P,buttonoff_P,morefunc1,morefunc2,morefunc3,morefunc4,morefunc5,morefunc6,morefunc7,buttonRet;
                                        ^
"D:\MKS-Robin-Nano-Firmware-v2.x.x\MKS-Robin-Nano-Firmware\User\ui\draw_printing_moremenu.cpp",30  Warning[Pe177]: 
          variable "buttonFan_P" was declared but never referenced

  static BUTTON_STRUCT buttonPreHeat,buttonSpeed;
                       ^
"D:\MKS-Robin-Nano-Firmware-v2.x.x\MKS-Robin-Nano-Firmware\User\ui\draw_printing_moremenu.cpp",31  Warning[Pe177]: 
          variable "buttonPreHeat" was declared but never referenced

  static BUTTON_STRUCT buttonPreHeat,buttonSpeed;
                                     ^
"D:\MKS-Robin-Nano-Firmware-v2.x.x\MKS-Robin-Nano-Firmware\User\ui\draw_printing_moremenu.cpp",31  Warning[Pe177]: 
          variable "buttonSpeed" was declared but never referenced
    160          
    161          	if(disp_state_stack._disp_state[disp_state_stack._disp_index] != PRINT_MORE_UI)
   \   00000004   0x....             LDR.N    R0,??DataTable13_8
   \   00000006   0xF990 0x1064      LDRSB    R1,[R0, #+100]
   \   0000000A   0xB085             SUB      SP,SP,#+20
   \   0000000C   0x560A             LDRSB    R2,[R1, R0]
   \   0000000E   0x2A1A             CMP      R2,#+26
   \   00000010   0xD005             BEQ.N    ??draw_printmore_1
    162          	{
    163          		disp_state_stack._disp_index++;
   \   00000012   0x1C49             ADDS     R1,R1,#+1
   \   00000014   0xF880 0x1064      STRB     R1,[R0, #+100]
    164          		disp_state_stack._disp_state[disp_state_stack._disp_index] = PRINT_MORE_UI;
   \   00000018   0x221A             MOVS     R2,#+26
   \   0000001A   0xB249             SXTB     R1,R1
   \   0000001C   0x540A             STRB     R2,[R1, R0]
    165          	}
    166          	
    167          	disp_state = PRINT_MORE_UI;
   \                     ??draw_printmore_1: (+1)
   \   0000001E   0x201A             MOVS     R0,#+26
   \   00000020   0x....             LDR.N    R1,??DataTable13_9
   \   00000022   0x7008             STRB     R0,[R1, #+0]
    168          	
    169          	GUI_Clear();
   \   00000024   0x.... 0x....      BL       GUI_Clear
    170          
    171          	GUI_SetBkColor(gCfgItems.background_color);
   \   00000028   0x.... 0x....      LDR.W    R8,??DataTable13_3
   \   0000002C   0xF8D8 0x0014      LDR      R0,[R8, #+20]
   \   00000030   0x.... 0x....      BL       GUI_SetBkColor
    172          	GUI_SetColor(gCfgItems.title_color);
   \   00000034   0xF108 0x0014      ADD      R0,R8,#+20
   \   00000038   0x9004             STR      R0,[SP, #+16]
   \   0000003A   0x6840             LDR      R0,[R0, #+4]
   \   0000003C   0x.... 0x....      BL       GUI_SetColor
    173          	#if 0
    174          	//GUI_SetFont(&FONT_TITLE);
    175          	if(gCfgItems.language == LANG_COMPLEX_CHINESE)
    176          	{
    177          		GUI_SetFont(&GUI_FontHZ16);
    178          	}
    179          	else if(gCfgItems.language == LANG_SIMPLE_CHINESE)
    180          	{
    181          		GUI_SetFont(&FONT_TITLE);
    182          	}
    183          	else
    184          	{
    185          		GUI_SetFont(&GUI_FontHZ_fontHz18);
    186          	}
    187          	#endif
    188          	GUI_DispStringAt(creat_title_text(), TITLE_XPOS, TITLE_YPOS);
   \   00000040   0x.... 0x....      BL       creat_title_text
   \   00000044   0x2205             MOVS     R2,#+5
   \   00000046   0x2103             MOVS     R1,#+3
   \   00000048   0x.... 0x....      BL       GUI_DispStringAt
    189          	
    190          	hPrintmoreWnd = WM_CreateWindow(0, titleHeight, LCD_WIDTH, imgHeight, WM_CF_SHOW, cbPrintmoreWin, 0);
   \   0000004C   0x2000             MOVS     R0,#+0
   \   0000004E   0x9002             STR      R0,[SP, #+8]
   \   00000050   0xF44F 0x738E      MOV      R3,#+284
   \   00000054   0x....             LDR.N    R0,??DataTable13_10
   \   00000056   0x9001             STR      R0,[SP, #+4]
   \   00000058   0xF44F 0x72F0      MOV      R2,#+480
   \   0000005C   0x2002             MOVS     R0,#+2
   \   0000005E   0x9000             STR      R0,[SP, #+0]
   \   00000060   0x2124             MOVS     R1,#+36
   \   00000062   0x2000             MOVS     R0,#+0
   \   00000064   0x.... 0x....      BL       WM_CreateWindow
   \   00000068   0x....             LDR.N    R5,??DataTable13_1
    191          	
    192          	if(gCfgItems.morefunc_cnt >7)
   \   0000006A   0xF898 0x10EA      LDRB     R1,[R8, #+234]
   \   0000006E   0x....             LDR.N    R6,??DataTable13_5
   \   00000070   0x....             LDR.N    R7,??DataTable13_6
   \   00000072   0x....             LDR.N    R4,??DataTable13
   \   00000074   0x8028             STRH     R0,[R5, #+0]
   \   00000076   0x2908             CMP      R1,#+8
   \   00000078   0xDB03             BLT.N    ??draw_printmore_2
    193          	{
    194          		gCfgItems.morefunc_cnt = 7;
   \   0000007A   0x2107             MOVS     R1,#+7
   \   0000007C   0xF888 0x10EA      STRB     R1,[R8, #+234]
   \   00000080   0xE008             B.N      ??draw_printmore_3
    195          	}
    196          	switch(gCfgItems.morefunc_cnt)
   \                     ??draw_printmore_2: (+1)
   \   00000082   0x1E49             SUBS     R1,R1,#+1
   \   00000084   0x2906             CMP      R1,#+6
   \   00000086   0xD874             BHI.N    ??draw_printmore_4
   \   00000088   0xE8DF 0xF001      TBB      [PC, R1]
   \                     ??draw_printmore_0:
   \   0000008C   0x63 0x53          DC8      0x63,0x53,0x43,0x32
   \              0x43 0x32    
   \   00000090   0x22 0x12          DC8      0x22,0x12,0x4,0x0
   \              0x04 0x00    
    197          	{
    198          		case 7:
    199          		   morefunc7.btnHandle= BUTTON_CreateEx(BTN_X_PIXEL*2+INTERVAL_V*3,  BTN_Y_PIXEL+INTERVAL_H,BTN_X_PIXEL, BTN_Y_PIXEL,hPrintmoreWnd, BUTTON_CF_SHOW, 0, 107);	
   \                     ??draw_printmore_3: (+1)
   \   00000094   0x216B             MOVS     R1,#+107
   \   00000096   0x9103             STR      R1,[SP, #+12]
   \   00000098   0x9000             STR      R0,[SP, #+0]
   \   0000009A   0x2100             MOVS     R1,#+0
   \   0000009C   0x9102             STR      R1,[SP, #+8]
   \   0000009E   0x238C             MOVS     R3,#+140
   \   000000A0   0x2102             MOVS     R1,#+2
   \   000000A2   0x9101             STR      R1,[SP, #+4]
   \   000000A4   0x2275             MOVS     R2,#+117
   \   000000A6   0x218E             MOVS     R1,#+142
   \   000000A8   0x20F0             MOVS     R0,#+240
   \   000000AA   0x.... 0x....      BL       BUTTON_CreateEx
   \   000000AE   0x8020             STRH     R0,[R4, #+0]
    200          		case 6:
    201          		   morefunc6.btnHandle= BUTTON_CreateEx(BTN_X_PIXEL+INTERVAL_V*2,  BTN_Y_PIXEL+INTERVAL_H,BTN_X_PIXEL, BTN_Y_PIXEL,hPrintmoreWnd, BUTTON_CF_SHOW, 0, 107);	
   \                     ??draw_printmore_5: (+1)
   \   000000B0   0x206B             MOVS     R0,#+107
   \   000000B2   0x9003             STR      R0,[SP, #+12]
   \   000000B4   0x238C             MOVS     R3,#+140
   \   000000B6   0x2000             MOVS     R0,#+0
   \   000000B8   0x9002             STR      R0,[SP, #+8]
   \   000000BA   0x2275             MOVS     R2,#+117
   \   000000BC   0x2002             MOVS     R0,#+2
   \   000000BE   0x9001             STR      R0,[SP, #+4]
   \   000000C0   0x218E             MOVS     R1,#+142
   \   000000C2   0xF9B5 0x0000      LDRSH    R0,[R5, #+0]
   \   000000C6   0x9000             STR      R0,[SP, #+0]
   \   000000C8   0x2079             MOVS     R0,#+121
   \   000000CA   0x.... 0x....      BL       BUTTON_CreateEx
   \   000000CE   0x8338             STRH     R0,[R7, #+24]
    202          		case 5:
    203          		   morefunc5.btnHandle= BUTTON_CreateEx(INTERVAL_V,  BTN_Y_PIXEL+INTERVAL_H,BTN_X_PIXEL, BTN_Y_PIXEL,hPrintmoreWnd, BUTTON_CF_SHOW, 0, 107);
   \                     ??draw_printmore_6: (+1)
   \   000000D0   0x206B             MOVS     R0,#+107
   \   000000D2   0x9003             STR      R0,[SP, #+12]
   \   000000D4   0x238C             MOVS     R3,#+140
   \   000000D6   0x2000             MOVS     R0,#+0
   \   000000D8   0x9002             STR      R0,[SP, #+8]
   \   000000DA   0x2275             MOVS     R2,#+117
   \   000000DC   0x2002             MOVS     R0,#+2
   \   000000DE   0x9001             STR      R0,[SP, #+4]
   \   000000E0   0x218E             MOVS     R1,#+142
   \   000000E2   0xF9B5 0x0000      LDRSH    R0,[R5, #+0]
   \   000000E6   0x9000             STR      R0,[SP, #+0]
   \   000000E8   0x2002             MOVS     R0,#+2
   \   000000EA   0x.... 0x....      BL       BUTTON_CreateEx
   \   000000EE   0x8038             STRH     R0,[R7, #+0]
    204          		case 4:
    205          		   morefunc4.btnHandle= BUTTON_CreateEx(BTN_X_PIXEL*3+INTERVAL_V*4,  0,BTN_X_PIXEL, BTN_Y_PIXEL,hPrintmoreWnd, BUTTON_CF_SHOW, 0, 106);
   \                     ??draw_printmore_7: (+1)
   \   000000F0   0x206A             MOVS     R0,#+106
   \   000000F2   0x9003             STR      R0,[SP, #+12]
   \   000000F4   0x238C             MOVS     R3,#+140
   \   000000F6   0x2000             MOVS     R0,#+0
   \   000000F8   0x9002             STR      R0,[SP, #+8]
   \   000000FA   0x2275             MOVS     R2,#+117
   \   000000FC   0x2002             MOVS     R0,#+2
   \   000000FE   0x9001             STR      R0,[SP, #+4]
   \   00000100   0x2100             MOVS     R1,#+0
   \   00000102   0xF9B5 0x0000      LDRSH    R0,[R5, #+0]
   \   00000106   0x9000             STR      R0,[SP, #+0]
   \   00000108   0xF240 0x1067      MOVW     R0,#+359
   \   0000010C   0x.... 0x....      BL       BUTTON_CreateEx
   \   00000110   0x8330             STRH     R0,[R6, #+24]
    206          		case 3:
    207          		   morefunc3.btnHandle= BUTTON_CreateEx(BTN_X_PIXEL*2+INTERVAL_V*3,0,BTN_X_PIXEL, BTN_Y_PIXEL,hPrintmoreWnd, BUTTON_CF_SHOW, 0, 105);
   \                     ??draw_printmore_8: (+1)
   \   00000112   0x2069             MOVS     R0,#+105
   \   00000114   0x9003             STR      R0,[SP, #+12]
   \   00000116   0x238C             MOVS     R3,#+140
   \   00000118   0x2000             MOVS     R0,#+0
   \   0000011A   0x9002             STR      R0,[SP, #+8]
   \   0000011C   0x2275             MOVS     R2,#+117
   \   0000011E   0x2002             MOVS     R0,#+2
   \   00000120   0x9001             STR      R0,[SP, #+4]
   \   00000122   0x2100             MOVS     R1,#+0
   \   00000124   0xF9B5 0x0000      LDRSH    R0,[R5, #+0]
   \   00000128   0x9000             STR      R0,[SP, #+0]
   \   0000012A   0x20F0             MOVS     R0,#+240
   \   0000012C   0x.... 0x....      BL       BUTTON_CreateEx
   \   00000130   0x8030             STRH     R0,[R6, #+0]
    208          		case 2:
    209          		   morefunc2.btnHandle= BUTTON_CreateEx(BTN_X_PIXEL+INTERVAL_V*2,  0, BTN_X_PIXEL, BTN_Y_PIXEL,hPrintmoreWnd, BUTTON_CF_SHOW, 0, 108);
   \                     ??draw_printmore_9: (+1)
   \   00000132   0x206C             MOVS     R0,#+108
   \   00000134   0x9003             STR      R0,[SP, #+12]
   \   00000136   0x238C             MOVS     R3,#+140
   \   00000138   0x2000             MOVS     R0,#+0
   \   0000013A   0x9002             STR      R0,[SP, #+8]
   \   0000013C   0x2275             MOVS     R2,#+117
   \   0000013E   0x2002             MOVS     R0,#+2
   \   00000140   0x9001             STR      R0,[SP, #+4]
   \   00000142   0x2100             MOVS     R1,#+0
   \   00000144   0xF9B5 0x0000      LDRSH    R0,[R5, #+0]
   \   00000148   0x9000             STR      R0,[SP, #+0]
   \   0000014A   0x2079             MOVS     R0,#+121
   \   0000014C   0x.... 0x....      BL       BUTTON_CreateEx
   \   00000150   0x83A8             STRH     R0,[R5, #+28]
    210          		case 1:
    211          		   morefunc1.btnHandle= BUTTON_CreateEx(INTERVAL_V,  0,BTN_X_PIXEL, BTN_Y_PIXEL,hPrintmoreWnd, BUTTON_CF_SHOW, 0, 103);
   \                     ??draw_printmore_10: (+1)
   \   00000152   0x2067             MOVS     R0,#+103
   \   00000154   0x9003             STR      R0,[SP, #+12]
   \   00000156   0x238C             MOVS     R3,#+140
   \   00000158   0x2000             MOVS     R0,#+0
   \   0000015A   0x9002             STR      R0,[SP, #+8]
   \   0000015C   0x2275             MOVS     R2,#+117
   \   0000015E   0x2002             MOVS     R0,#+2
   \   00000160   0x9001             STR      R0,[SP, #+4]
   \   00000162   0x2100             MOVS     R1,#+0
   \   00000164   0xF9B5 0x0000      LDRSH    R0,[R5, #+0]
   \   00000168   0x9000             STR      R0,[SP, #+0]
   \   0000016A   0x2002             MOVS     R0,#+2
   \   0000016C   0x.... 0x....      BL       BUTTON_CreateEx
   \   00000170   0x80A8             STRH     R0,[R5, #+4]
    212          		break;
   \                     ??draw_printmore_4: (+1)
   \   00000172   0xF44F 0x709A      MOV      R0,#+308
   \   00000176   0x9003             STR      R0,[SP, #+12]
   \   00000178   0x238C             MOVS     R3,#+140
   \   0000017A   0x2000             MOVS     R0,#+0
   \   0000017C   0x9002             STR      R0,[SP, #+8]
   \   0000017E   0x2275             MOVS     R2,#+117
   \   00000180   0x2002             MOVS     R0,#+2
   \   00000182   0x9001             STR      R0,[SP, #+4]
   \   00000184   0x218E             MOVS     R1,#+142
   \   00000186   0xF9B5 0x0000      LDRSH    R0,[R5, #+0]
   \   0000018A   0x9000             STR      R0,[SP, #+0]
   \   0000018C   0xF240 0x1067      MOVW     R0,#+359
    213          		default:break;			
    214          	}
    215          
    216          	
    217          	buttonRet.btnHandle = BUTTON_CreateEx(BTN_X_PIXEL*3+INTERVAL_V*4 , BTN_Y_PIXEL+INTERVAL_H, BTN_X_PIXEL, BTN_Y_PIXEL, hPrintmoreWnd, BUTTON_CF_SHOW, 0, 308);
   \   00000190   0x.... 0x....      BL       BUTTON_CreateEx
   \   00000194   0x8320             STRH     R0,[R4, #+24]
    218          
    219          	BUTTON_SetBmpFileName(buttonRet.btnHandle, "bmp_return.bin",1);
   \   00000196   0x2201             MOVS     R2,#+1
   \   00000198   0x.... 0x....      ADR.W    R1,`?<Constant "bmp_return.bin">`
   \   0000019C   0x.... 0x....      BL       BUTTON_SetBmpFileName
    220          
    221          	BUTTON_SetBmpFileName(morefunc1.btnHandle, "bmp_morefunc1.bin",1);
   \   000001A0   0xF9B5 0x0004      LDRSH    R0,[R5, #+4]
   \   000001A4   0x.... 0x....      ADR.W    R1,`?<Constant "bmp_morefunc1.bin">`
   \   000001A8   0x2201             MOVS     R2,#+1
   \   000001AA   0x.... 0x....      BL       BUTTON_SetBmpFileName
    222          	BUTTON_SetBmpFileName(morefunc2.btnHandle, "bmp_morefunc2.bin",1);
   \   000001AE   0xF9B5 0x001C      LDRSH    R0,[R5, #+28]
   \   000001B2   0x.... 0x....      ADR.W    R1,`?<Constant "bmp_morefunc2.bin">`
   \   000001B6   0x2201             MOVS     R2,#+1
   \   000001B8   0x.... 0x....      BL       BUTTON_SetBmpFileName
    223          	BUTTON_SetBmpFileName(morefunc3.btnHandle, "bmp_morefunc3.bin",1);
   \   000001BC   0xF9B6 0x0000      LDRSH    R0,[R6, #+0]
   \   000001C0   0x.... 0x....      ADR.W    R1,`?<Constant "bmp_morefunc3.bin">`
   \   000001C4   0x2201             MOVS     R2,#+1
   \   000001C6   0x.... 0x....      BL       BUTTON_SetBmpFileName
    224          	BUTTON_SetBmpFileName(morefunc4.btnHandle, "bmp_morefunc4.bin",1);
   \   000001CA   0xF9B6 0x0018      LDRSH    R0,[R6, #+24]
   \   000001CE   0x.... 0x....      ADR.W    R1,`?<Constant "bmp_morefunc4.bin">`
   \   000001D2   0x2201             MOVS     R2,#+1
   \   000001D4   0x.... 0x....      BL       BUTTON_SetBmpFileName
    225          	BUTTON_SetBmpFileName(morefunc5.btnHandle, "bmp_morefunc5.bin",1);
   \   000001D8   0xF9B7 0x0000      LDRSH    R0,[R7, #+0]
   \   000001DC   0x.... 0x....      ADR.W    R1,`?<Constant "bmp_morefunc5.bin">`
   \   000001E0   0x2201             MOVS     R2,#+1
   \   000001E2   0x.... 0x....      BL       BUTTON_SetBmpFileName
    226          	BUTTON_SetBmpFileName(morefunc6.btnHandle, "bmp_morefunc6.bin",1);
   \   000001E6   0xF9B7 0x0018      LDRSH    R0,[R7, #+24]
   \   000001EA   0x.... 0x....      ADR.W    R1,`?<Constant "bmp_morefunc6.bin">`
   \   000001EE   0x2201             MOVS     R2,#+1
   \   000001F0   0x.... 0x....      BL       BUTTON_SetBmpFileName
    227          	BUTTON_SetBmpFileName(morefunc7.btnHandle, "bmp_morefunc7.bin",1);	
   \   000001F4   0xF9B4 0x0000      LDRSH    R0,[R4, #+0]
   \   000001F8   0x.... 0x....      ADR.W    R1,`?<Constant "bmp_morefunc7.bin">`
   \   000001FC   0x2201             MOVS     R2,#+1
   \   000001FE   0x.... 0x....      BL       BUTTON_SetBmpFileName
    228          	
    229          	BUTTON_SetBitmapEx(morefunc1.btnHandle, 0, &bmp_struct, BMP_PIC_X, BMP_PIC_Y);
   \   00000202   0x.... 0x....      LDR.W    R11,??DataTable13_11
   \   00000206   0x.... 0x....      LDR.W    R10,??DataTable13_12
   \   0000020A   0xF99B 0x0000      LDRSB    R0,[R11, #+0]
   \   0000020E   0x.... 0x....      LDR.W    R9,??DataTable13_13
   \   00000212   0xF99A 0x3000      LDRSB    R3,[R10, #+0]
   \   00000216   0x9000             STR      R0,[SP, #+0]
   \   00000218   0x464A             MOV      R2,R9
   \   0000021A   0xF9B5 0x0004      LDRSH    R0,[R5, #+4]
   \   0000021E   0x2100             MOVS     R1,#+0
   \   00000220   0x.... 0x....      BL       BUTTON_SetBitmapEx
    230          	BUTTON_SetBitmapEx(morefunc2.btnHandle, 0, &bmp_struct, BMP_PIC_X, BMP_PIC_Y);
   \   00000224   0xF99B 0x0000      LDRSB    R0,[R11, #+0]
   \   00000228   0xF99A 0x3000      LDRSB    R3,[R10, #+0]
   \   0000022C   0x9000             STR      R0,[SP, #+0]
   \   0000022E   0x464A             MOV      R2,R9
   \   00000230   0xF9B5 0x001C      LDRSH    R0,[R5, #+28]
   \   00000234   0x2100             MOVS     R1,#+0
   \   00000236   0x.... 0x....      BL       BUTTON_SetBitmapEx
    231          	BUTTON_SetBitmapEx(morefunc3.btnHandle, 0, &bmp_struct, BMP_PIC_X, BMP_PIC_Y);
   \   0000023A   0xF99B 0x0000      LDRSB    R0,[R11, #+0]
   \   0000023E   0x9000             STR      R0,[SP, #+0]
   \   00000240   0x2100             MOVS     R1,#+0
   \   00000242   0xF99A 0x3000      LDRSB    R3,[R10, #+0]
   \   00000246   0x5E70             LDRSH    R0,[R6, R1]
   \   00000248   0x464A             MOV      R2,R9
   \   0000024A   0x.... 0x....      BL       BUTTON_SetBitmapEx
    232          	BUTTON_SetBitmapEx(morefunc4.btnHandle, 0, &bmp_struct, BMP_PIC_X, BMP_PIC_Y);
   \   0000024E   0xF99B 0x0000      LDRSB    R0,[R11, #+0]
   \   00000252   0xF99A 0x3000      LDRSB    R3,[R10, #+0]
   \   00000256   0x9000             STR      R0,[SP, #+0]
   \   00000258   0x464A             MOV      R2,R9
   \   0000025A   0xF9B6 0x0018      LDRSH    R0,[R6, #+24]
   \   0000025E   0x2100             MOVS     R1,#+0
   \   00000260   0x.... 0x....      BL       BUTTON_SetBitmapEx
    233          	BUTTON_SetBitmapEx(morefunc5.btnHandle, 0, &bmp_struct, BMP_PIC_X, BMP_PIC_Y);
   \   00000264   0xF99B 0x0000      LDRSB    R0,[R11, #+0]
   \   00000268   0x9000             STR      R0,[SP, #+0]
   \   0000026A   0x2100             MOVS     R1,#+0
   \   0000026C   0xF99A 0x3000      LDRSB    R3,[R10, #+0]
   \   00000270   0x5E78             LDRSH    R0,[R7, R1]
   \   00000272   0x464A             MOV      R2,R9
   \   00000274   0x.... 0x....      BL       BUTTON_SetBitmapEx
    234          	BUTTON_SetBitmapEx(morefunc6.btnHandle, 0, &bmp_struct, BMP_PIC_X, BMP_PIC_Y);
   \   00000278   0xF99B 0x0000      LDRSB    R0,[R11, #+0]
   \   0000027C   0xF99A 0x3000      LDRSB    R3,[R10, #+0]
   \   00000280   0x9000             STR      R0,[SP, #+0]
   \   00000282   0x464A             MOV      R2,R9
   \   00000284   0xF9B7 0x0018      LDRSH    R0,[R7, #+24]
   \   00000288   0x2100             MOVS     R1,#+0
   \   0000028A   0x.... 0x....      BL       BUTTON_SetBitmapEx
    235          	BUTTON_SetBitmapEx(morefunc7.btnHandle, 0, &bmp_struct, BMP_PIC_X, BMP_PIC_Y);
   \   0000028E   0xF99B 0x0000      LDRSB    R0,[R11, #+0]
   \   00000292   0x9000             STR      R0,[SP, #+0]
   \   00000294   0x2100             MOVS     R1,#+0
   \   00000296   0xF99A 0x3000      LDRSB    R3,[R10, #+0]
   \   0000029A   0x5E60             LDRSH    R0,[R4, R1]
   \   0000029C   0x464A             MOV      R2,R9
   \   0000029E   0x.... 0x....      BL       BUTTON_SetBitmapEx
    236          
    237          	BUTTON_SetBitmapEx(buttonRet.btnHandle, 0, &bmp_struct,BMP_PIC_X, BMP_PIC_Y);
   \   000002A2   0xF99B 0x0000      LDRSB    R0,[R11, #+0]
   \   000002A6   0xF99A 0x3000      LDRSB    R3,[R10, #+0]
   \   000002AA   0x9000             STR      R0,[SP, #+0]
   \   000002AC   0x464A             MOV      R2,R9
   \   000002AE   0xF9B4 0x0018      LDRSH    R0,[R4, #+24]
   \   000002B2   0x2100             MOVS     R1,#+0
   \   000002B4   0x.... 0x....      BL       BUTTON_SetBitmapEx
    238          	BUTTON_SetBkColor(buttonRet.btnHandle, BUTTON_CI_PRESSED, gCfgItems.back_btn_color);
   \   000002B8   0x9804             LDR      R0,[SP, #+16]
   \   000002BA   0x6B82             LDR      R2,[R0, #+56]
   \   000002BC   0xF9B4 0x0018      LDRSH    R0,[R4, #+24]
   \   000002C0   0x2101             MOVS     R1,#+1
   \   000002C2   0x.... 0x....      BL       BUTTON_SetBkColor
    239          	BUTTON_SetBkColor(buttonRet.btnHandle, BUTTON_CI_UNPRESSED, gCfgItems.back_btn_color);
   \   000002C6   0x9804             LDR      R0,[SP, #+16]
   \   000002C8   0x6B82             LDR      R2,[R0, #+56]
   \   000002CA   0xF9B4 0x0018      LDRSH    R0,[R4, #+24]
   \   000002CE   0x2100             MOVS     R1,#+0
   \   000002D0   0x.... 0x....      BL       BUTTON_SetBkColor
    240          	BUTTON_SetTextColor(buttonRet.btnHandle, BUTTON_CI_PRESSED, gCfgItems.back_btn_textcolor);
   \   000002D4   0x9804             LDR      R0,[SP, #+16]
   \   000002D6   0x6BC2             LDR      R2,[R0, #+60]
   \   000002D8   0xF9B4 0x0018      LDRSH    R0,[R4, #+24]
   \   000002DC   0x2101             MOVS     R1,#+1
   \   000002DE   0x.... 0x....      BL       BUTTON_SetTextColor
    241          	BUTTON_SetTextColor(buttonRet.btnHandle, BUTTON_CI_UNPRESSED, gCfgItems.back_btn_textcolor);
   \   000002E2   0x9804             LDR      R0,[SP, #+16]
   \   000002E4   0x6BC2             LDR      R2,[R0, #+60]
   \   000002E6   0xF9B4 0x0018      LDRSH    R0,[R4, #+24]
   \   000002EA   0x2100             MOVS     R1,#+0
   \   000002EC   0x.... 0x....      BL       BUTTON_SetTextColor
    242          
    243          	if(gCfgItems.multiple_language != 0)
   \   000002F0   0xF898 0x01CF      LDRB     R0,[R8, #+463]
   \   000002F4   0xB140             CBZ.N    R0,??draw_printmore_11
    244          	{
    245          		BUTTON_SetText(buttonRet.btnHandle, common_menu.text_back);
   \   000002F6   0x....             LDR.N    R0,??DataTable13_14
   \   000002F8   0x6801             LDR      R1,[R0, #+0]
   \   000002FA   0xF9B4 0x0018      LDRSH    R0,[R4, #+24]
   \   000002FE   0xB005             ADD      SP,SP,#+20
   \   00000300   0xE8BD 0x4FF0      POP      {R4-R11,LR}
   \   00000304   0x.... 0x....      B.W      BUTTON_SetText
    246          	}
    247          	#endif
    248          }
   \                     ??draw_printmore_11: (+1)
   \   00000308   0xB005             ADD      SP,SP,#+20
   \   0000030A   0xE8BD 0x8FF0      POP      {R4-R11,PC}      ;; return
    249          #else
    250          void draw_printmore()
    251          {
    252          //#if 1
    253          	int i;
    254          
    255          	if(disp_state_stack._disp_state[disp_state_stack._disp_index] != PRINT_MORE_UI)
    256          	{
    257          		disp_state_stack._disp_index++;
    258          		disp_state_stack._disp_state[disp_state_stack._disp_index] = PRINT_MORE_UI;
    259          	}
    260          	
    261          	disp_state = PRINT_MORE_UI;
    262              
    263          	GUI_SetBkColor(gCfgItems.background_color);
    264          	GUI_SetColor(gCfgItems.title_color);
    265              GUI_Clear();
    266              
    267          
    268          	GUI_DispStringAt(creat_title_text(), TITLE_XPOS, TITLE_YPOS);
    269          	
    270          	hPrintmoreWnd = WM_CreateWindow(0, titleHeight, LCD_WIDTH, imgHeight, WM_CF_SHOW, cbPrintmoreWin, 0);
    271          	buttonFan_P.btnHandle = BUTTON_CreateEx(0, 0, BTN_X_PIXEL,BTN_Y_PIXEL, hPrintmoreWnd, BUTTON_CF_SHOW, 0, alloc_win_id());
    272              if((mksReprint.mks_printer_state == MKS_PAUSED)
    273                  ||(mksReprint.mks_printer_state == MKS_PAUSING))
    274          	{
    275          		buttonSpeed.btnHandle = 0;
    276          		buttonPreHeat.btnHandle = BUTTON_CreateEx(BTN_X_PIXEL+INTERVAL_V,	0, BTN_X_PIXEL, BTN_Y_PIXEL, hPrintmoreWnd, BUTTON_CF_SHOW, 0, alloc_win_id());		
    277          	}
    278          	else
    279          	{
    280          		buttonPreHeat.btnHandle = 0;
    281          		buttonSpeed.btnHandle = BUTTON_CreateEx(BTN_X_PIXEL+INTERVAL_V,	0, BTN_X_PIXEL, BTN_Y_PIXEL, hPrintmoreWnd, BUTTON_CF_SHOW, 0, alloc_win_id());		
    282          	}
    283              if(gCfgItems.print_finish_close_machine_flg == 1)
    284              {
    285              
    286              	if(gCfgItems.morefunc_cnt >4)
    287          		{
    288          			gCfgItems.morefunc_cnt = 4;
    289          		}
    290                  buttonoff_P.btnHandle = BUTTON_CreateEx(BTN_X_PIXEL*2+INTERVAL_V*3,0,BTN_X_PIXEL,BTN_Y_PIXEL, hPrintmoreWnd, BUTTON_CF_SHOW, 0, alloc_win_id());
    291              #if 1    
    292                  switch(gCfgItems.morefunc_cnt)
    293                  {
    294                      case 4:
    295                         morefunc4.btnHandle = BUTTON_CreateEx(BTN_X_PIXEL*2+INTERVAL_V*3,BTN_Y_PIXEL+INTERVAL_H,BTN_X_PIXEL, BTN_Y_PIXEL,hPrintmoreWnd, BUTTON_CF_SHOW, 0, alloc_win_id());
    296                      case 3:
    297                         morefunc3.btnHandle = BUTTON_CreateEx(BTN_X_PIXEL+INTERVAL_V*2,BTN_Y_PIXEL+INTERVAL_H,BTN_X_PIXEL,BTN_Y_PIXEL,hPrintmoreWnd, BUTTON_CF_SHOW, 0, alloc_win_id());
    298                      case 2:
    299                         morefunc2.btnHandle = BUTTON_CreateEx(INTERVAL_V,BTN_Y_PIXEL+INTERVAL_H, BTN_X_PIXEL,BTN_Y_PIXEL,hPrintmoreWnd, BUTTON_CF_SHOW, 0, alloc_win_id());
    300                      case 1:
    301                         morefunc1.btnHandle = BUTTON_CreateEx(BTN_X_PIXEL*3+INTERVAL_V*4,0,BTN_X_PIXEL,BTN_Y_PIXEL,hPrintmoreWnd, BUTTON_CF_SHOW, 0, alloc_win_id());
    302                      break;
    303                      default:break;          
    304                  }
    305          #endif
    306          
    307              }
    308              #if 1
    309              else
    310              {
    311              	if(gCfgItems.morefunc_cnt >5)
    312          		{
    313          			gCfgItems.morefunc_cnt = 5;
    314          		}    
    315                  switch(gCfgItems.morefunc_cnt)
    316                  {
    317                      case 5:
    318                         morefunc5.btnHandle = BUTTON_CreateEx(BTN_X_PIXEL*2+INTERVAL_V*3,BTN_Y_PIXEL+INTERVAL_H,BTN_X_PIXEL,BTN_Y_PIXEL,hPrintmoreWnd, BUTTON_CF_SHOW, 0, alloc_win_id());
    319                      case 4:
    320                         morefunc4.btnHandle = BUTTON_CreateEx(BTN_X_PIXEL+INTERVAL_V*2,BTN_Y_PIXEL+INTERVAL_H,BTN_X_PIXEL,BTN_Y_PIXEL,hPrintmoreWnd, BUTTON_CF_SHOW, 0, alloc_win_id());
    321                      case 3:
    322                         morefunc3.btnHandle = BUTTON_CreateEx(INTERVAL_V,BTN_Y_PIXEL+INTERVAL_H,BTN_X_PIXEL,BTN_Y_PIXEL,hPrintmoreWnd, BUTTON_CF_SHOW, 0, alloc_win_id());
    323                      case 2:
    324                         morefunc2.btnHandle = BUTTON_CreateEx(BTN_X_PIXEL*3+INTERVAL_V*4,0, BTN_X_PIXEL,BTN_Y_PIXEL,hPrintmoreWnd, BUTTON_CF_SHOW, 0, alloc_win_id());
    325                      case 1:
    326                         morefunc1.btnHandle = BUTTON_CreateEx(BTN_X_PIXEL*2+INTERVAL_V*3,0,BTN_X_PIXEL,BTN_Y_PIXEL,hPrintmoreWnd, BUTTON_CF_SHOW, 0, alloc_win_id());
    327                      break;
    328                      default:break;          
    329                  }
    330              }       
    331          	#endif
    332          	buttonRet.btnHandle = BUTTON_CreateEx(BTN_X_PIXEL*3+INTERVAL_V*4 , BTN_Y_PIXEL+INTERVAL_H, BTN_X_PIXEL, BTN_Y_PIXEL, hPrintmoreWnd, BUTTON_CF_SHOW, 0, alloc_win_id());
    333          
    334          	BUTTON_SetBmpFileName(buttonRet.btnHandle, "bmp_return.bin",1);
    335              BUTTON_SetBmpFileName(buttonFan_P.btnHandle, "bmp_fan.bin",0);
    336          	if((mksReprint.mks_printer_state == MKS_PAUSED)
    337                  ||(mksReprint.mks_printer_state == MKS_PAUSING))
    338          	{
    339          		BUTTON_SetBmpFileName(buttonPreHeat.btnHandle, "bmp_temp.bin",0);
    340          		BUTTON_SetBitmapEx(buttonPreHeat.btnHandle, 0, &bmp_struct, BMP_PIC_X, BMP_PIC_Y);	
    341          	}
    342          	else
    343          	{
    344          		BUTTON_SetBmpFileName(buttonSpeed.btnHandle, "bmp_speed.bin",0);
    345          		BUTTON_SetBitmapEx(buttonSpeed.btnHandle, 0, &bmp_struct, BMP_PIC_X, BMP_PIC_Y);
    346          	}
    347              if(gCfgItems.print_finish_close_machine_flg == 1)
    348              {
    349                  if(IsChooseAutoShutdown == 1)
    350                  {
    351                      BUTTON_SetBmpFileName(buttonoff_P.btnHandle, "bmp_auto_off.bin",0);
    352                      BUTTON_SetBitmapEx(buttonoff_P.btnHandle, 0, &bmp_struct, BMP_PIC_X, BMP_PIC_Y);
    353                      if(gCfgItems.multiple_language != 0)
    354                      {
    355                          BUTTON_SetText(buttonoff_P.btnHandle,printing_more_menu.auto_close);
    356                      }
    357                  }
    358                  else
    359                  {
    360                      BUTTON_SetBmpFileName(buttonoff_P.btnHandle, "bmp_manual_off.bin",0);
    361                      BUTTON_SetBitmapEx(buttonoff_P.btnHandle, 0, &bmp_struct, BMP_PIC_X, BMP_PIC_Y);
    362                      if(gCfgItems.multiple_language != 0)
    363                      {
    364                          BUTTON_SetText(buttonoff_P.btnHandle,printing_more_menu.manual);
    365                      }           
    366                  }
    367                  #if 1
    368                  switch(gCfgItems.morefunc_cnt)
    369                  {
    370                      case 4:
    371                          BUTTON_SetBmpFileName(morefunc4.btnHandle, "bmp_morefunc4.bin",1);
    372                          BUTTON_SetBitmapEx(morefunc4.btnHandle, 0, &bmp_struct, BMP_PIC_X, BMP_PIC_Y);
    373                       	BUTTON_SetBkColor(morefunc4.btnHandle, BUTTON_CI_PRESSED, gCfgItems.btn_color);
    374                      	BUTTON_SetBkColor(morefunc4.btnHandle, BUTTON_CI_UNPRESSED, gCfgItems.btn_color);                
    375                      case 3:
    376                          BUTTON_SetBmpFileName(morefunc3.btnHandle, "bmp_morefunc3.bin",1);
    377                          BUTTON_SetBitmapEx(morefunc3.btnHandle, 0, &bmp_struct, BMP_PIC_X, BMP_PIC_Y);
    378                       	BUTTON_SetBkColor(morefunc3.btnHandle, BUTTON_CI_PRESSED, gCfgItems.btn_color);
    379                      	BUTTON_SetBkColor(morefunc3.btnHandle, BUTTON_CI_UNPRESSED, gCfgItems.btn_color);                  
    380                      case 2:
    381                          BUTTON_SetBmpFileName(morefunc2.btnHandle, "bmp_morefunc2.bin",1);
    382                          BUTTON_SetBitmapEx(morefunc2.btnHandle, 0, &bmp_struct, BMP_PIC_X, BMP_PIC_Y);
    383                       	BUTTON_SetBkColor(morefunc2.btnHandle, BUTTON_CI_PRESSED, gCfgItems.btn_color);
    384                      	BUTTON_SetBkColor(morefunc2.btnHandle, BUTTON_CI_UNPRESSED, gCfgItems.btn_color);                  
    385                      case 1:
    386                          BUTTON_SetBmpFileName(morefunc1.btnHandle, "bmp_morefunc1.bin",1);
    387                          BUTTON_SetBitmapEx(morefunc1.btnHandle, 0, &bmp_struct, BMP_PIC_X, BMP_PIC_Y);
    388                       	BUTTON_SetBkColor(morefunc1.btnHandle, BUTTON_CI_PRESSED, gCfgItems.btn_color);
    389                      	BUTTON_SetBkColor(morefunc1.btnHandle, BUTTON_CI_UNPRESSED, gCfgItems.btn_color);                  
    390                      break;
    391                      
    392                      //BUTTON_SetBmpFileName(morefunc5, "bmp_morefunc5.bin",1);
    393                      //BUTTON_SetBitmapEx(morefunc5, 0, &bmp_struct, BMP_PIC_X, BMP_PIC_Y);
    394                  }
    395                  #endif
    396              }
    397              #if 1
    398              else
    399              {
    400                  switch(gCfgItems.morefunc_cnt)
    401                  {
    402                    case 5:
    403                      BUTTON_SetBmpFileName(morefunc5.btnHandle, "bmp_morefunc5.bin",1);
    404                      BUTTON_SetBitmapEx(morefunc5.btnHandle, 0, &bmp_struct, BMP_PIC_X, BMP_PIC_Y);
    405                   	BUTTON_SetBkColor(morefunc5.btnHandle, BUTTON_CI_PRESSED, gCfgItems.btn_color);
    406                  	BUTTON_SetBkColor(morefunc5.btnHandle, BUTTON_CI_UNPRESSED, gCfgItems.btn_color);              
    407                      break;
    408                    case 4:
    409                      BUTTON_SetBmpFileName(morefunc4.btnHandle, "bmp_morefunc4.bin",1);
    410                      BUTTON_SetBitmapEx(morefunc4.btnHandle, 0, &bmp_struct, BMP_PIC_X, BMP_PIC_Y);
    411                   	BUTTON_SetBkColor(morefunc4.btnHandle, BUTTON_CI_PRESSED, gCfgItems.btn_color);
    412                  	BUTTON_SetBkColor(morefunc4.btnHandle, BUTTON_CI_UNPRESSED, gCfgItems.btn_color);              
    413                      break;
    414                    case 3:
    415                      BUTTON_SetBmpFileName(morefunc3.btnHandle, "bmp_morefunc3.bin",1);
    416                      BUTTON_SetBitmapEx(morefunc3.btnHandle, 0, &bmp_struct, BMP_PIC_X, BMP_PIC_Y);
    417                   	BUTTON_SetBkColor(morefunc3.btnHandle, BUTTON_CI_PRESSED, gCfgItems.btn_color);
    418                  	BUTTON_SetBkColor(morefunc3.btnHandle, BUTTON_CI_UNPRESSED, gCfgItems.btn_color);            
    419                      break;
    420                    case 2:
    421                      BUTTON_SetBmpFileName(morefunc2.btnHandle, "bmp_morefunc2.bin",1);
    422                      BUTTON_SetBitmapEx(morefunc2.btnHandle, 0, &bmp_struct, BMP_PIC_X, BMP_PIC_Y);
    423                   	BUTTON_SetBkColor(morefunc2.btnHandle, BUTTON_CI_PRESSED, gCfgItems.btn_color);
    424                  	BUTTON_SetBkColor(morefunc2.btnHandle, BUTTON_CI_UNPRESSED, gCfgItems.btn_color);            
    425                      break;
    426                    case 1:
    427                      BUTTON_SetBmpFileName(morefunc1.btnHandle, "bmp_morefunc1.bin",1);
    428                      BUTTON_SetBitmapEx(morefunc1.btnHandle, 0, &bmp_struct, BMP_PIC_X, BMP_PIC_Y);
    429                   	BUTTON_SetBkColor(morefunc1.btnHandle, BUTTON_CI_PRESSED, gCfgItems.btn_color);
    430                  	BUTTON_SetBkColor(morefunc1.btnHandle, BUTTON_CI_UNPRESSED, gCfgItems.btn_color);            
    431                      break;
    432                    default:break;
    433                  }
    434              }
    435              #endif
    436              BUTTON_SetBitmapEx(buttonFan_P.btnHandle, 0, &bmp_struct, BMP_PIC_X, BMP_PIC_Y);
    437              //BUTTON_SetBitmapEx(buttonPreHeat.btnHandle, 0, &bmp_struct, BMP_PIC_X, BMP_PIC_Y);
    438              BUTTON_SetBitmapEx(buttonRet.btnHandle, 0, &bmp_struct,BMP_PIC_X, BMP_PIC_Y);
    439          #if 0
    440          	BUTTON_SetBkColor(buttonFan_P.btnHandle, BUTTON_CI_PRESSED, gCfgItems.btn_color);
    441          	BUTTON_SetBkColor(buttonFan_P.btnHandle, BUTTON_CI_UNPRESSED, gCfgItems.btn_color);
    442          	BUTTON_SetTextColor(buttonFan_P.btnHandle, BUTTON_CI_PRESSED, gCfgItems.btn_textcolor);
    443          	BUTTON_SetTextColor(buttonFan_P.btnHandle, BUTTON_CI_UNPRESSED, gCfgItems.btn_textcolor);
    444          	BUTTON_SetBkColor(buttonPreHeat.btnHandle, BUTTON_CI_PRESSED, gCfgItems.btn_color);
    445          	BUTTON_SetBkColor(buttonPreHeat.btnHandle, BUTTON_CI_UNPRESSED, gCfgItems.btn_color);
    446          	BUTTON_SetTextColor(buttonPreHeat.btnHandle, BUTTON_CI_PRESSED, gCfgItems.btn_textcolor);
    447          	BUTTON_SetTextColor(buttonPreHeat.btnHandle, BUTTON_CI_UNPRESSED, gCfgItems.btn_textcolor);
    448           	BUTTON_SetBkColor(buttonSpeed.btnHandle, BUTTON_CI_PRESSED, gCfgItems.btn_color);
    449          	BUTTON_SetBkColor(buttonSpeed.btnHandle, BUTTON_CI_UNPRESSED, gCfgItems.btn_color);
    450          	BUTTON_SetTextColor(buttonSpeed.btnHandle, BUTTON_CI_PRESSED, gCfgItems.btn_textcolor);
    451          	BUTTON_SetTextColor(buttonSpeed.btnHandle, BUTTON_CI_UNPRESSED, gCfgItems.btn_textcolor);   
    452           	BUTTON_SetBkColor(buttonoff_P.btnHandle, BUTTON_CI_PRESSED, gCfgItems.btn_color);
    453          	BUTTON_SetBkColor(buttonoff_P.btnHandle, BUTTON_CI_UNPRESSED, gCfgItems.btn_color);
    454          	BUTTON_SetTextColor(buttonoff_P.btnHandle, BUTTON_CI_PRESSED, gCfgItems.btn_textcolor);
    455          	BUTTON_SetTextColor(buttonoff_P.btnHandle, BUTTON_CI_UNPRESSED, gCfgItems.btn_textcolor);  
    456           	BUTTON_SetBkColor(buttonRet.btnHandle, BUTTON_CI_PRESSED, gCfgItems.btn_color);
    457          	BUTTON_SetBkColor(buttonRet.btnHandle, BUTTON_CI_UNPRESSED, gCfgItems.btn_color);
    458          	BUTTON_SetTextColor(buttonRet.btnHandle, BUTTON_CI_PRESSED, gCfgItems.btn_textcolor);
    459          	BUTTON_SetTextColor(buttonRet.btnHandle, BUTTON_CI_UNPRESSED, gCfgItems.btn_textcolor);    
    460              #endif
    461              if(gCfgItems.multiple_language != 0)
    462              {
    463                  BUTTON_SetText(buttonFan_P.btnHandle,printing_more_menu.fan);
    464          	    if((mksReprint.mks_printer_state == MKS_PAUSED)
    465                      ||(mksReprint.mks_printer_state == MKS_PAUSING))        
    466                      BUTTON_SetText(buttonPreHeat.btnHandle,printing_more_menu.temp);
    467                  else
    468                      BUTTON_SetText(buttonSpeed.btnHandle,printing_more_menu.speed);
    469                  BUTTON_SetText(buttonRet.btnHandle,common_menu.text_back);
    470              }   
    471          
    472          }
    473          #endif

   \                                 In section .text, align 2, keep-with-next
    474          void Autoshutdown_display()
    475          {
   \                     Autoshutdown_display: (+1)
   \   00000000   0xB5F8             PUSH     {R3-R7,LR}
    476          	if(IsChooseAutoShutdown == 1)
   \   00000002   0x....             LDR.N    R4,??DataTable13_15
   \   00000004   0x....             LDR.N    R5,??DataTable13_13
   \   00000006   0x7820             LDRB     R0,[R4, #+0]
   \   00000008   0x....             LDR.N    R6,??DataTable13_12
   \   0000000A   0x....             LDR.N    R7,??DataTable13_11
   \   0000000C   0x2801             CMP      R0,#+1
   \   0000000E   0xBF07             ITTEE    EQ 
    477          	{
    478          		BUTTON_SetBmpFileName(buttonoff_P.btnHandle, "bmp_auto_off.bin",0);
   \   00000010   0x2200             MOVEQ    R2,#+0
   \   00000012   0x.... 0x....      ADREQ.W  R1,`?<Constant "bmp_auto_off.bin">`
    479          		BUTTON_SetBitmapEx(buttonoff_P.btnHandle, 0, &bmp_struct, BMP_PIC_X, BMP_PIC_Y);
    480          	}
    481          	else
    482          	{
    483          		BUTTON_SetBmpFileName(buttonoff_P.btnHandle, "bmp_manual_off.bin",0);
   \   00000016   0x2200             MOVNE    R2,#+0
   \   00000018   0x.... 0x....      ADRNE.W  R1,`?<Constant "bmp_manual_off.bin">`
   \   0000001C   0x2000             MOVS     R0,#+0
   \   0000001E   0x.... 0x....      BL       BUTTON_SetBmpFileName
    484          		BUTTON_SetBitmapEx(buttonoff_P.btnHandle, 0, &bmp_struct, BMP_PIC_X, BMP_PIC_Y);
   \   00000022   0xF997 0x0000      LDRSB    R0,[R7, #+0]
   \   00000026   0xF996 0x3000      LDRSB    R3,[R6, #+0]
   \   0000002A   0x9000             STR      R0,[SP, #+0]
   \   0000002C   0x2100             MOVS     R1,#+0
   \   0000002E   0x462A             MOV      R2,R5
   \   00000030   0x4608             MOV      R0,R1
   \   00000032   0x.... 0x....      BL       BUTTON_SetBitmapEx
    485          	}
    486          	if(gCfgItems.multiple_language != 0)
   \   00000036   0x....             LDR.N    R0,??DataTable13_3
   \   00000038   0xF890 0x01CF      LDRB     R0,[R0, #+463]
   \   0000003C   0xB150             CBZ.N    R0,??Autoshutdown_display_0
    487          	{
    488          		if(IsChooseAutoShutdown == 1)
   \   0000003E   0x7821             LDRB     R1,[R4, #+0]
   \   00000040   0x....             LDR.N    R0,??DataTable13_16
   \   00000042   0x2901             CMP      R1,#+1
   \   00000044   0xBF0C             ITE      EQ 
    489          			BUTTON_SetText(buttonoff_P.btnHandle,printing_more_menu.auto_close);
   \   00000046   0x6881             LDREQ    R1,[R0, #+8]
    490          		else
    491          			BUTTON_SetText(buttonoff_P.btnHandle,printing_more_menu.manual);
   \   00000048   0x68C1             LDRNE    R1,[R0, #+12]
   \   0000004A   0xE8BD 0x40F4      POP      {R2,R4-R7,LR}
   \   0000004E   0x2000             MOVS     R0,#+0
   \   00000050   0x.... 0x....      B.W      BUTTON_SetText
    492          	}
    493          
    494          }
   \                     ??Autoshutdown_display_0: (+1)
   \   00000054   0xBDF1             POP      {R0,R4-R7,PC}    ;; return
    495          

   \                                 In section .text, align 2, keep-with-next
    496          void Clear_Printmore()
    497          {
   \                     Clear_Printmore: (+1)
   \   00000000   0xB510             PUSH     {R4,LR}
    498          #if 1
    499          	GUI_SetBkColor(gCfgItems.background_color);
   \   00000002   0x....             LDR.N    R0,??DataTable13_3
   \   00000004   0x6940             LDR      R0,[R0, #+20]
   \   00000006   0x.... 0x....      BL       GUI_SetBkColor
    500          	if(WM_IsWindow(hPrintmoreWnd))
   \   0000000A   0x....             LDR.N    R4,??DataTable13_1
   \   0000000C   0xF9B4 0x0000      LDRSH    R0,[R4, #+0]
   \   00000010   0x.... 0x....      BL       WM_IsWindow
   \   00000014   0xB128             CBZ.N    R0,??Clear_Printmore_0
    501          	{
    502          		WM_DeleteWindow(hPrintmoreWnd);
   \   00000016   0xF9B4 0x0000      LDRSH    R0,[R4, #+0]
   \   0000001A   0xE8BD 0x4010      POP      {R4,LR}
   \   0000001E   0x.... 0x....      B.W      WM_DeleteWindow
    503          		//**GUI_Exec();
    504          	}
    505          	//GUI_Clear();
    506          #endif
    507          }
   \                     ??Clear_Printmore_0: (+1)
   \   00000022   0xBD10             POP      {R4,PC}          ;; return

   \                                 In section .text, align 4, keep-with-next
   \                     ??DataTable13:
   \   00000000   0x........         DC32     morefunc7

   \                                 In section .text, align 4, keep-with-next
   \                     ??DataTable13_1:
   \   00000000   0x........         DC32     hPrintmoreWnd

   \                                 In section .text, align 4, keep-with-next
   \                     ??DataTable13_2:
   \   00000000   0x........         DC32     last_disp_state

   \                                 In section .text, align 4, keep-with-next
   \                     ??DataTable13_3:
   \   00000000   0x........         DC32     gCfgItems

   \                                 In section .text, align 4, keep-with-next
   \                     ??DataTable13_4:
   \   00000000   0x........         DC32     cmd_code

   \                                 In section .text, align 4, keep-with-next
   \                     ??DataTable13_5:
   \   00000000   0x........         DC32     morefunc3

   \                                 In section .text, align 4, keep-with-next
   \                     ??DataTable13_6:
   \   00000000   0x........         DC32     morefunc5

   \                                 In section .text, align 4, keep-with-next
   \                     ??DataTable13_7:
   \   00000000   0x........         DC32     codebufpoint

   \                                 In section .text, align 4, keep-with-next
   \                     ??DataTable13_8:
   \   00000000   0x........         DC32     disp_state_stack

   \                                 In section .text, align 4, keep-with-next
   \                     ??DataTable13_9:
   \   00000000   0x........         DC32     disp_state

   \                                 In section .text, align 4, keep-with-next
   \                     ??DataTable13_10:
   \   00000000   0x........         DC32     _Z14cbPrintmoreWinP10WM_MESSAGE

   \                                 In section .text, align 4, keep-with-next
   \                     ??DataTable13_11:
   \   00000000   0x........         DC32     BMP_PIC_Y

   \                                 In section .text, align 4, keep-with-next
   \                     ??DataTable13_12:
   \   00000000   0x........         DC32     BMP_PIC_X

   \                                 In section .text, align 4, keep-with-next
   \                     ??DataTable13_13:
   \   00000000   0x........         DC32     bmp_struct

   \                                 In section .text, align 4, keep-with-next
   \                     ??DataTable13_14:
   \   00000000   0x........         DC32     common_menu

   \                                 In section .text, align 4, keep-with-next
   \                     ??DataTable13_15:
   \   00000000   0x........         DC32     IsChooseAutoShutdown

   \                                 In section .text, align 4, keep-with-next
   \                     ??DataTable13_16:
   \   00000000   0x........         DC32     printing_more_menu

   \                                 In section .text, align 4, keep-with-next
   \                     `?<Constant "bmp_return.bin">`:
   \   00000000   0x62 0x6D          DC8 "bmp_return.bin"
   \              0x70 0x5F    
   \              0x72 0x65    
   \              0x74 0x75    
   \              0x72 0x6E    
   \              0x2E 0x62    
   \              0x69 0x6E    
   \              0x00         
   \   0000000F   0x00               DC8 0

   \                                 In section .text, align 4, keep-with-next
   \                     `?<Constant "bmp_morefunc1.bin">`:
   \   00000000   0x62 0x6D          DC8 "bmp_morefunc1.bin"
   \              0x70 0x5F    
   \              0x6D 0x6F    
   \              0x72 0x65    
   \              0x66 0x75    
   \              0x6E 0x63    
   \              0x31 0x2E    
   \              0x62 0x69    
   \              0x6E 0x00    
   \   00000012   0x00 0x00          DC8 0, 0

   \                                 In section .text, align 4, keep-with-next
   \                     `?<Constant "bmp_morefunc2.bin">`:
   \   00000000   0x62 0x6D          DC8 "bmp_morefunc2.bin"
   \              0x70 0x5F    
   \              0x6D 0x6F    
   \              0x72 0x65    
   \              0x66 0x75    
   \              0x6E 0x63    
   \              0x32 0x2E    
   \              0x62 0x69    
   \              0x6E 0x00    
   \   00000012   0x00 0x00          DC8 0, 0

   \                                 In section .text, align 4, keep-with-next
   \                     `?<Constant "bmp_morefunc3.bin">`:
   \   00000000   0x62 0x6D          DC8 "bmp_morefunc3.bin"
   \              0x70 0x5F    
   \              0x6D 0x6F    
   \              0x72 0x65    
   \              0x66 0x75    
   \              0x6E 0x63    
   \              0x33 0x2E    
   \              0x62 0x69    
   \              0x6E 0x00    
   \   00000012   0x00 0x00          DC8 0, 0

   \                                 In section .text, align 4, keep-with-next
   \                     `?<Constant "bmp_morefunc4.bin">`:
   \   00000000   0x62 0x6D          DC8 "bmp_morefunc4.bin"
   \              0x70 0x5F    
   \              0x6D 0x6F    
   \              0x72 0x65    
   \              0x66 0x75    
   \              0x6E 0x63    
   \              0x34 0x2E    
   \              0x62 0x69    
   \              0x6E 0x00    
   \   00000012   0x00 0x00          DC8 0, 0

   \                                 In section .text, align 4, keep-with-next
   \                     `?<Constant "bmp_morefunc5.bin">`:
   \   00000000   0x62 0x6D          DC8 "bmp_morefunc5.bin"
   \              0x70 0x5F    
   \              0x6D 0x6F    
   \              0x72 0x65    
   \              0x66 0x75    
   \              0x6E 0x63    
   \              0x35 0x2E    
   \              0x62 0x69    
   \              0x6E 0x00    
   \   00000012   0x00 0x00          DC8 0, 0

   \                                 In section .text, align 4, keep-with-next
   \                     `?<Constant "bmp_morefunc6.bin">`:
   \   00000000   0x62 0x6D          DC8 "bmp_morefunc6.bin"
   \              0x70 0x5F    
   \              0x6D 0x6F    
   \              0x72 0x65    
   \              0x66 0x75    
   \              0x6E 0x63    
   \              0x36 0x2E    
   \              0x62 0x69    
   \              0x6E 0x00    
   \   00000012   0x00 0x00          DC8 0, 0

   \                                 In section .text, align 4, keep-with-next
   \                     `?<Constant "bmp_morefunc7.bin">`:
   \   00000000   0x62 0x6D          DC8 "bmp_morefunc7.bin"
   \              0x70 0x5F    
   \              0x6D 0x6F    
   \              0x72 0x65    
   \              0x66 0x75    
   \              0x6E 0x63    
   \              0x37 0x2E    
   \              0x62 0x69    
   \              0x6E 0x00    
   \   00000012   0x00 0x00          DC8 0, 0

   \                                 In section .text, align 4, keep-with-next
   \                     `?<Constant "bmp_auto_off.bin">`:
   \   00000000   0x62 0x6D          DC8 "bmp_auto_off.bin"
   \              0x70 0x5F    
   \              0x61 0x75    
   \              0x74 0x6F    
   \              0x5F 0x6F    
   \              0x66 0x66    
   \              0x2E 0x62    
   \              0x69 0x6E    
   \              0x00         
   \   00000011   0x00 0x00          DC8 0, 0, 0
   \              0x00         

   \                                 In section .text, align 4, keep-with-next
   \                     `?<Constant "bmp_manual_off.bin">`:
   \   00000000   0x62 0x6D          DC8 "bmp_manual_off.bin"
   \              0x70 0x5F    
   \              0x6D 0x61    
   \              0x6E 0x75    
   \              0x61 0x6C    
   \              0x5F 0x6F    
   \              0x66 0x66    
   \              0x2E 0x62    
   \              0x69 0x6E    
   \              0x00         
   \   00000013   0x00               DC8 0
    508          
    509          

   Maximum stack usage in bytes:

   .cstack Function
   ------- --------
      24   Autoshutdown_display
        24   -> BUTTON_SetBitmapEx
        24   -> BUTTON_SetBmpFileName
         0   -> BUTTON_SetText
       8   Clear_Printmore
         8   -> GUI_SetBkColor
         0   -> WM_DeleteWindow
         8   -> WM_IsWindow
       8   cbPrintmoreWin(WM_MESSAGE *)
         8   -> GUI_SetBkColor
         8   -> SPI_FLASH_BufferRead
         0   -> WM_DefaultProc
         8   -> WM_DeleteWindow
         8   -> WM_IsWindow
         0   -> draw_return_ui
      56   draw_printmore
        56   -> BUTTON_CreateEx
        56   -> BUTTON_SetBitmapEx
        56   -> BUTTON_SetBkColor
        56   -> BUTTON_SetBmpFileName
         0   -> BUTTON_SetText
        56   -> BUTTON_SetTextColor
        56   -> GUI_Clear
        56   -> GUI_DispStringAt
        56   -> GUI_SetBkColor
        56   -> GUI_SetColor
        56   -> WM_CreateWindow
        56   -> creat_title_text


   Section sizes:

   Bytes  Function/Label
   -----  --------------
      20  ?<Constant "bmp_auto_off.bin">
      20  ?<Constant "bmp_manual_off.bin">
      20  ?<Constant "bmp_morefunc1.bin">
      20  ?<Constant "bmp_morefunc2.bin">
      20  ?<Constant "bmp_morefunc3.bin">
      20  ?<Constant "bmp_morefunc4.bin">
      20  ?<Constant "bmp_morefunc5.bin">
      20  ?<Constant "bmp_morefunc6.bin">
      20  ?<Constant "bmp_morefunc7.bin">
      16  ?<Constant "bmp_return.bin">
       4  ??DataTable13
       4  ??DataTable13_1
       4  ??DataTable13_10
       4  ??DataTable13_11
       4  ??DataTable13_12
       4  ??DataTable13_13
       4  ??DataTable13_14
       4  ??DataTable13_15
       4  ??DataTable13_16
       4  ??DataTable13_2
       4  ??DataTable13_3
       4  ??DataTable13_4
       4  ??DataTable13_5
       4  ??DataTable13_6
       4  ??DataTable13_7
       4  ??DataTable13_8
       4  ??DataTable13_9
      86  Autoshutdown_display
      36  Clear_Printmore
      24  buttonoff_P
     262  cbPrintmoreWin(WM_MESSAGE *)
     782  draw_printmore
      52  hPrintmoreWnd
          morefunc1
          morefunc2
      48  morefunc3
          morefunc4
      48  morefunc5
          morefunc6
      48  morefunc7
          buttonRet
       1  -- Other

 
   220 bytes in section .bss
     1 byte  in section .rodata
 1 430 bytes in section .text
 
 1 430 bytes of CODE  memory
     0 bytes of CONST memory (+ 1 byte shared)
   220 bytes of DATA  memory

Errors: none
Warnings: 50
