###############################################################################
#
# IAR ANSI C/C++ Compiler V7.10.1.6676/W32 for ARM        13/Apr/2020  09:24:12
# Copyright 1999-2014 IAR Systems AB.
#
#    Cpu mode     =  thumb
#    Endian       =  little
#    Source file  =  
#        D:\MKS-Robin-Nano-Firmware-v2.x.x\MKS-Robin-Nano-Firmware\User\ui\draw_home_speed.cpp
#    Command line =  
#        D:\MKS-Robin-Nano-Firmware-v2.x.x\MKS-Robin-Nano-Firmware\User\ui\draw_home_speed.cpp
#        -D USE_HAL_DRIVER -D STM32F103xE -D STM32F10X_HD -D USE_HAL_LIB -D
#        MKS_ROBIN_NANO -D TFT35 -lC
#        D:\MKS-Robin-Nano-Firmware-v2.x.x\MKS-Robin-Nano-Firmware\EWARM\mksRobinNano/List\
#        -lA
#        D:\MKS-Robin-Nano-Firmware-v2.x.x\MKS-Robin-Nano-Firmware\EWARM\mksRobinNano/List\
#        --diag_suppress Pa050 -o
#        D:\MKS-Robin-Nano-Firmware-v2.x.x\MKS-Robin-Nano-Firmware\EWARM\mksRobinNano/Obj\
#        --debug --endian=little --cpu=Cortex-M3 -e --char_is_signed --fpu=None
#        --dlib_config "C:\Program Files (x86)\IAR Systems\Embedded Workbench
#        7.0\arm\INC\c\DLib_Config_Full.h" -I
#        D:\MKS-Robin-Nano-Firmware-v2.x.x\MKS-Robin-Nano-Firmware\EWARM/../Inc\
#        -I
#        D:\MKS-Robin-Nano-Firmware-v2.x.x\MKS-Robin-Nano-Firmware\EWARM/../Src\
#        -I
#        D:\MKS-Robin-Nano-Firmware-v2.x.x\MKS-Robin-Nano-Firmware\EWARM/../Drivers/STM32F1xx_HAL_Driver/Inc\
#        -I
#        D:\MKS-Robin-Nano-Firmware-v2.x.x\MKS-Robin-Nano-Firmware\EWARM/../Drivers/STM32F1xx_HAL_Driver/Inc/Legacy\
#        -I
#        D:\MKS-Robin-Nano-Firmware-v2.x.x\MKS-Robin-Nano-Firmware\EWARM/../Middlewares/Third_Party/FatFs/src/drivers\
#        -I
#        D:\MKS-Robin-Nano-Firmware-v2.x.x\MKS-Robin-Nano-Firmware\EWARM/../Middlewares/ST/STM32_USB_Host_Library/Core/Inc\
#        -I
#        D:\MKS-Robin-Nano-Firmware-v2.x.x\MKS-Robin-Nano-Firmware\EWARM/../Middlewares/ST/STM32_USB_Host_Library/Class/MSC/Inc\
#        -I
#        D:\MKS-Robin-Nano-Firmware-v2.x.x\MKS-Robin-Nano-Firmware\EWARM/../Drivers/CMSIS/Device/ST/STM32F1xx/Include\
#        -I
#        D:\MKS-Robin-Nano-Firmware-v2.x.x\MKS-Robin-Nano-Firmware\EWARM/../Middlewares/Third_Party/FatFs/src\
#        -I
#        D:\MKS-Robin-Nano-Firmware-v2.x.x\MKS-Robin-Nano-Firmware\EWARM/../Middlewares/Third_Party/Marlin\
#        -I
#        D:\MKS-Robin-Nano-Firmware-v2.x.x\MKS-Robin-Nano-Firmware\EWARM/../Drivers/CMSIS/Include\
#        -I
#        D:\MKS-Robin-Nano-Firmware-v2.x.x\MKS-Robin-Nano-Firmware\EWARM/../Drivers/BSP/variant\
#        -I
#        D:\MKS-Robin-Nano-Firmware-v2.x.x\MKS-Robin-Nano-Firmware\EWARM/../Drivers/BSP/Components/at24cxx\
#        -I
#        D:\MKS-Robin-Nano-Firmware-v2.x.x\MKS-Robin-Nano-Firmware\EWARM/../Drivers/BSP/Components/w25qxx\
#        -I
#        D:\MKS-Robin-Nano-Firmware-v2.x.x\MKS-Robin-Nano-Firmware\EWARM/../Drivers/BSP/Components/lcd\
#        -I
#        D:\MKS-Robin-Nano-Firmware-v2.x.x\MKS-Robin-Nano-Firmware\EWARM/../Drivers/STM32F10x_StdPeriph_Driver/inc\
#        -I
#        D:\MKS-Robin-Nano-Firmware-v2.x.x\MKS-Robin-Nano-Firmware\EWARM/../Drivers/libstmf4/include\
#        -I
#        D:\MKS-Robin-Nano-Firmware-v2.x.x\MKS-Robin-Nano-Firmware\EWARM/../Middlewares/arduino/stm32/cores/arduino\
#        -I
#        D:\MKS-Robin-Nano-Firmware-v2.x.x\MKS-Robin-Nano-Firmware\EWARM/../User/ui\
#        -I
#        D:\MKS-Robin-Nano-Firmware-v2.x.x\MKS-Robin-Nano-Firmware\EWARM/../User/ui/Multi_language\
#        -I
#        D:\MKS-Robin-Nano-Firmware-v2.x.x\MKS-Robin-Nano-Firmware\EWARM/../User/ui/QRENCODE\
#        -I
#        D:\MKS-Robin-Nano-Firmware-v2.x.x\MKS-Robin-Nano-Firmware\EWARM\..\Middlewares\GUI\
#        -Oh --eec++ -I "C:\Program Files (x86)\IAR Systems\Embedded Workbench
#        7.0\arm\CMSIS\Include\"
#    List file    =  
#        D:\MKS-Robin-Nano-Firmware-v2.x.x\MKS-Robin-Nano-Firmware\EWARM\mksRobinNano/List\draw_home_speed.lst
#    Object file  =  
#        D:\MKS-Robin-Nano-Firmware-v2.x.x\MKS-Robin-Nano-Firmware\EWARM\mksRobinNano/Obj\draw_home_speed.o
#
###############################################################################

D:\MKS-Robin-Nano-Firmware-v2.x.x\MKS-Robin-Nano-Firmware\User\ui\draw_home_speed.cpp
      1          #include "gui.h"
      2          #include "button.h"
      3          #include "draw_ui.h"

  #define UNUSED(x) ((void)(x))
          ^
"D:\MKS-Robin-Nano-Firmware-v2.x.x\MKS-Robin-Nano-Firmware\Drivers\STM32F1xx_HAL_Driver\Inc\stm32f1xx_hal_def.h",87  Warning[Pe047]: 
          incompatible redefinition of macro "UNUSED" (declared at line 101 of
          "D:\MKS-Robin-Nano-Firmware-v2.x.x\MKS-Robin-Nano-Firmware\EWARM/../M
          iddlewares/Third_Party/Marlin\macros.h")

  		volatile volatile float desireBedTempBak;
  		         ^
"D:\MKS-Robin-Nano-Firmware-v2.x.x\MKS-Robin-Nano-Firmware\Inc\mks_cfg.h",626  Warning[Pe083]: 
          type qualifier specified more than once

    #define FILAMENT_CHANGE_TEXT_EN				"Please click <Load> \nor <unload>,After \npinter pause."
            ^
"D:\MKS-Robin-Nano-Firmware-v2.x.x\MKS-Robin-Nano-Firmware\User\ui\Multi_language\Language_en.h",337  Warning[Pe047]: 
          incompatible redefinition of macro "FILAMENT_CHANGE_TEXT_EN"
          (declared at line 315)

  #define DIALOG_UNBIND_PRINTER_CN            "Ëß£Èô§ÁªëÂÆö?"
          ^
"D:\MKS-Robin-Nano-Firmware-v2.x.x\MKS-Robin-Nano-Firmware\User\ui\Multi_language\Language_s_cn.h",408  Warning[Pe047]: 
          incompatible redefinition of macro "DIALOG_UNBIND_PRINTER_CN"
          (declared at line 403)

    #define FILAMENT_CHANGE_TEXT_T_CN				"ÂæÖÊâìÂç∞Ê©üÊö´ÂÅúÂêé,\nË´ãÊåâ<ÈÄ≤Êñô>Êàñ<ÈÄÄÊñô>"
            ^
"D:\MKS-Robin-Nano-Firmware-v2.x.x\MKS-Robin-Nano-Firmware\User\ui\Multi_language\Language_t_cn.h",318  Warning[Pe047]: 
          incompatible redefinition of macro "FILAMENT_CHANGE_TEXT_T_CN"
          (declared at line 304)

    #define FILAMENT_CHANGE_TEXT_RU				"Please click <Load> \nor <unload>,After \npinter pause."
            ^
"D:\MKS-Robin-Nano-Firmware-v2.x.x\MKS-Robin-Nano-Firmware\User\ui\Multi_language\Language_ru.h",134  Warning[Pe047]: 
          incompatible redefinition of macro "FILAMENT_CHANGE_TEXT_RU"
          (declared at line 114)

  #define DIALOG_UNBIND_PRINTER_RU            "Unbind the printer?"
          ^
"D:\MKS-Robin-Nano-Firmware-v2.x.x\MKS-Robin-Nano-Firmware\User\ui\Multi_language\Language_ru.h",231  Warning[Pe047]: 
          incompatible redefinition of macro "DIALOG_UNBIND_PRINTER_RU"
          (declared at line 226)

    #define FILAMENT_CHANGE_TEXT_FR				"Please click <Load> \nor <unload>,After \npinter pause."
            ^
"D:\MKS-Robin-Nano-Firmware-v2.x.x\MKS-Robin-Nano-Firmware\User\ui\Multi_language\Language_fr.h",134  Warning[Pe047]: 
          incompatible redefinition of macro "FILAMENT_CHANGE_TEXT_FR"
          (declared at line 114)

  #define DIALOG_UNBIND_PRINTER_FR        "Unbind the printer?"
          ^
"D:\MKS-Robin-Nano-Firmware-v2.x.x\MKS-Robin-Nano-Firmware\User\ui\Multi_language\Language_fr.h",234  Warning[Pe047]: 
          incompatible redefinition of macro "DIALOG_UNBIND_PRINTER_FR"
          (declared at line 230)

    #define FILAMENT_CHANGE_TEXT_SP				"Please click <Load> \nor <unload>,After \npinter pause."
            ^
"D:\MKS-Robin-Nano-Firmware-v2.x.x\MKS-Robin-Nano-Firmware\User\ui\Multi_language\Language_sp.h",133  Warning[Pe047]: 
          incompatible redefinition of macro "FILAMENT_CHANGE_TEXT_SP"
          (declared at line 114)

    #define FILAMENT_CHANGE_TEXT_IT				"Please click <Load> \nor <unload>,After \npinter pause."
            ^
"D:\MKS-Robin-Nano-Firmware-v2.x.x\MKS-Robin-Nano-Firmware\User\ui\Multi_language\Language_it.h",134  Warning[Pe047]: 
          incompatible redefinition of macro "FILAMENT_CHANGE_TEXT_IT"
          (declared at line 114)

  #define DIALOG_UNBIND_PRINTER_IT                "Unbind the printer?"
          ^
"D:\MKS-Robin-Nano-Firmware-v2.x.x\MKS-Robin-Nano-Firmware\User\ui\Multi_language\Language_it.h",230  Warning[Pe047]: 
          incompatible redefinition of macro "DIALOG_UNBIND_PRINTER_IT"
          (declared at line 225)

  #define FILAMENT_CHANGE_TEXT_JP				"Please click <Load> \nor <unload>,After \npinter pause."
          ^
"D:\MKS-Robin-Nano-Firmware-v2.x.x\MKS-Robin-Nano-Firmware\User\ui\Multi_language\Multi_language.h",899  Warning[Pe047]: 
          incompatible redefinition of macro "FILAMENT_CHANGE_TEXT_JP"
          (declared at line 892)

  #define FILAMENT_CHANGE_TEXT_GN				"Please click <Load> \nor <unload>,After \npinter pause."
          ^
"D:\MKS-Robin-Nano-Firmware-v2.x.x\MKS-Robin-Nano-Firmware\User\ui\Multi_language\Multi_language.h",1107  Warning[Pe047]: 
          incompatible redefinition of macro "FILAMENT_CHANGE_TEXT_GN"
          (declared at line 1101)

  #define Simple_Dec"ºı…Ÿ"
                    ^
"D:\MKS-Robin-Nano-Firmware-v2.x.x\MKS-Robin-Nano-Firmware\User\ui\draw_ui.h",666  Warning[Pe1649]: 
          white space is required between the macro name "Simple_Dec" and its
          replacement text

  #define Simple_Speed "ÀŸ∂»"
          ^
"D:\MKS-Robin-Nano-Firmware-v2.x.x\MKS-Robin-Nano-Firmware\User\ui\draw_ui.h",721  Warning[Pe047]: 
          incompatible redefinition of macro "Simple_Speed" (declared at line
          718)

  #define Complex_Speed "ÀŸ∂»"
          ^
"D:\MKS-Robin-Nano-Firmware-v2.x.x\MKS-Robin-Nano-Firmware\User\ui\draw_ui.h",722  Warning[Pe047]: 
          incompatible redefinition of macro "Complex_Speed" (declared at line
          719)
      4          
      5          #ifndef GUI_FLASH
      6          #define GUI_FLASH
      7          #endif
      8          

   \                                 In section .bss, align 4
      9          static GUI_HWIN hHomeSpeedWnd;
   \                     hHomeSpeedWnd:
   \   00000000                      DS8 2
   \   00000002                      DS8 2
   \   00000004                      DS8 24
   \   0000001C                      DS8 24
     10          static BUTTON_STRUCT XYHomeSpeed,YHomeSpeed,ZHomeSpeed;
     11          static BUTTON_STRUCT XYHomeSpeed_default,YHomeSpeed_default,ZHomeSpeed_default;

   \                                 In section .bss, align 4
     12          static BUTTON_STRUCT XYHomeSpeed_text,YHomeSpeed_text,ZHomeSpeed_text;
   \                     XYHomeSpeed_text:
   \   00000000                      DS8 24
   \   00000018                      DS8 24
   \   00000030                      DS8 24
     13          static BUTTON_STRUCT button_back;
     14          

   \                                 In section .text, align 2, keep-with-next
     15          static void cbHomeSpeedWin(WM_MESSAGE * pMsg) {
     16          
     17              struct PressEvt *press_event;
                                      ^
Warning[Pe550]: variable "press_event" was set but never used
     18              switch (pMsg->MsgId)
   \                     _Z14cbHomeSpeedWinP10WM_MESSAGE: (+1)
   \   00000000   0x6801             LDR      R1,[R0, #+0]
   \   00000002   0x290C             CMP      R1,#+12
   \   00000004   0xD100             BNE.N    ??cbHomeSpeedWin_0
   \   00000006   0x4770             BX       LR
   \                     ??cbHomeSpeedWin_0: (+1)
   \   00000008   0xB510             PUSH     {R4,LR}
   \   0000000A   0x290D             CMP      R1,#+13
   \   0000000C   0xD06E             BEQ.N    ??cbHomeSpeedWin_1
   \   0000000E   0x290F             CMP      R1,#+15
   \   00000010   0xD002             BEQ.N    ??cbHomeSpeedWin_2
   \   00000012   0x2926             CMP      R1,#+38
   \   00000014   0xD014             BEQ.N    ??cbHomeSpeedWin_3
   \   00000016   0xE065             B.N      ??cbHomeSpeedWin_4
     19              {
     20              	case WM_PAINT:
     21          			//GUI_SetColor(gCfgItems.state_background_color);
     22          			//GUI_DrawRect(LCD_WIDTH/4+X_ADD, 0, LCD_WIDTH *3 / 4-X_INTERVAL, imgHeight /2 -15);
     23          			GUI_SetColor(0xff5449);
   \                     ??cbHomeSpeedWin_2: (+1)
   \   00000018   0x.... 0x....      LDR.W    R0,??DataTable5  ;; 0xff5449
   \   0000001C   0x.... 0x....      BL       GUI_SetColor
     24          			GUI_FillRect(10, 90, 470,90);
   \   00000020   0x235A             MOVS     R3,#+90
   \   00000022   0xF44F 0x72EB      MOV      R2,#+470
   \   00000026   0x215A             MOVS     R1,#+90
   \   00000028   0x200A             MOVS     R0,#+10
   \   0000002A   0x.... 0x....      BL       GUI_FillRect
     25                      GUI_FillRect(10, 140, 470,140);
   \   0000002E   0xE8BD 0x4010      POP      {R4,LR}
   \   00000032   0x238C             MOVS     R3,#+140
   \   00000034   0xF44F 0x72EB      MOV      R2,#+470
   \   00000038   0x4619             MOV      R1,R3
   \   0000003A   0x200A             MOVS     R0,#+10
   \   0000003C   0x.... 0x....      B.W      GUI_FillRect
     26                      //GUI_FillRect(10, 190, 470,190);
     27           
     28              		break;
     29              	case WM_TOUCH:
     30              	 	press_event = (struct PressEvt *)pMsg->Data.p;
     31              		
     32              		break;
     33              	case WM_TOUCH_CHILD:
     34              		press_event = (struct PressEvt *)pMsg->Data.p;
     35          
     36              		break;
     37              		
     38              	case WM_NOTIFY_PARENT:
     39              		if(pMsg->Data.v == WM_NOTIFICATION_RELEASED)
   \                     ??cbHomeSpeedWin_3: (+1)
   \   00000040   0x6881             LDR      R1,[R0, #+8]
   \   00000042   0x2902             CMP      R1,#+2
   \   00000044   0xD152             BNE.N    ??cbHomeSpeedWin_1
     40              		{
     41              			if(pMsg->hWinSrc == button_back.btnHandle)
   \   00000046   0x.... 0x....      LDR.W    R1,??DataTable5_1
   \   0000004A   0xF9B0 0x0006      LDRSH    R0,[R0, #+6]
   \   0000004E   0xF9B1 0x1030      LDRSH    R1,[R1, #+48]
   \   00000052   0x.... 0x....      LDR.W    R4,??DataTable5_2
   \   00000056   0x4288             CMP      R0,R1
   \   00000058   0xD113             BNE.N    ??cbHomeSpeedWin_5
     42              			{
     43              				last_disp_state = HOMESPEED_UI;
   \   0000005A   0x....             LDR.N    R1,??DataTable5_3
   \   0000005C   0x2037             MOVS     R0,#+55
   \   0000005E   0x7008             STRB     R0,[R1, #+0]
     44              				Clear_HomeSpeed();
   \   00000060   0x....             LDR.N    R0,??DataTable5_4
   \   00000062   0x6940             LDR      R0,[R0, #+20]
   \   00000064   0x.... 0x....      BL       GUI_SetBkColor
   \   00000068   0xF9B4 0x0000      LDRSH    R0,[R4, #+0]
   \   0000006C   0x.... 0x....      BL       WM_IsWindow
   \   00000070   0xB118             CBZ.N    R0,??cbHomeSpeedWin_6
   \   00000072   0xF9B4 0x0000      LDRSH    R0,[R4, #+0]
   \   00000076   0x.... 0x....      BL       WM_DeleteWindow
     45              				draw_return_ui();
   \                     ??cbHomeSpeedWin_6: (+1)
   \   0000007A   0xE8BD 0x4010      POP      {R4,LR}
   \   0000007E   0x.... 0x....      B.W      draw_return_ui
     46              			}	
     47              			else if(pMsg->hWinSrc == XYHomeSpeed.btnHandle)
   \                     ??cbHomeSpeedWin_5: (+1)
   \   00000082   0xF9B4 0x1004      LDRSH    R1,[R4, #+4]
   \   00000086   0x4288             CMP      R0,R1
   \   00000088   0xD111             BNE.N    ??cbHomeSpeedWin_7
     48              			{
     49              				last_disp_state = HOMESPEED_UI;
   \   0000008A   0x....             LDR.N    R1,??DataTable5_3
   \   0000008C   0x2037             MOVS     R0,#+55
   \   0000008E   0x7008             STRB     R0,[R1, #+0]
     50              				Clear_HomeSpeed();
   \   00000090   0x....             LDR.N    R0,??DataTable5_4
   \   00000092   0x6940             LDR      R0,[R0, #+20]
   \   00000094   0x.... 0x....      BL       GUI_SetBkColor
   \   00000098   0xF9B4 0x0000      LDRSH    R0,[R4, #+0]
   \   0000009C   0x.... 0x....      BL       WM_IsWindow
   \   000000A0   0xB118             CBZ.N    R0,??cbHomeSpeedWin_8
   \   000000A2   0xF9B4 0x0000      LDRSH    R0,[R4, #+0]
   \   000000A6   0x.... 0x....      BL       WM_DeleteWindow
     51                  			value=XYspeed;
   \                     ??cbHomeSpeedWin_8: (+1)
   \   000000AA   0x2038             MOVS     R0,#+56
   \   000000AC   0xE014             B.N      ??cbHomeSpeedWin_9
     52                              draw_NumberKey();
     53              			}
     54          				/*
     55              			else if(pMsg->hWinSrc == YHomeSpeed.btnHandle)
     56              			{
     57              				last_disp_state = HOMESPEED_UI;	
     58              			}
     59              			*/
     60              			else if(pMsg->hWinSrc == ZHomeSpeed.btnHandle)
   \                     ??cbHomeSpeedWin_7: (+1)
   \   000000AE   0xF9B4 0x101C      LDRSH    R1,[R4, #+28]
   \   000000B2   0x4288             CMP      R0,R1
   \   000000B4   0xD11A             BNE.N    ??cbHomeSpeedWin_1
     61              			{
     62              				last_disp_state = HOMESPEED_UI;
   \   000000B6   0x....             LDR.N    R1,??DataTable5_3
   \   000000B8   0x2037             MOVS     R0,#+55
   \   000000BA   0x7008             STRB     R0,[R1, #+0]
     63              				Clear_HomeSpeed();
   \   000000BC   0x....             LDR.N    R0,??DataTable5_4
   \   000000BE   0x6940             LDR      R0,[R0, #+20]
   \   000000C0   0x.... 0x....      BL       GUI_SetBkColor
   \   000000C4   0xF9B4 0x0000      LDRSH    R0,[R4, #+0]
   \   000000C8   0x.... 0x....      BL       WM_IsWindow
   \   000000CC   0xB118             CBZ.N    R0,??cbHomeSpeedWin_10
   \   000000CE   0xF9B4 0x0000      LDRSH    R0,[R4, #+0]
   \   000000D2   0x.... 0x....      BL       WM_DeleteWindow
     64                  			value=Zspeed;
   \                     ??cbHomeSpeedWin_10: (+1)
   \   000000D6   0x2039             MOVS     R0,#+57
   \                     ??cbHomeSpeedWin_9: (+1)
   \   000000D8   0x....             LDR.N    R1,??DataTable5_5
   \   000000DA   0x7008             STRB     R0,[R1, #+0]
     65                              draw_NumberKey();					
   \   000000DC   0xE8BD 0x4010      POP      {R4,LR}
   \   000000E0   0x.... 0x....      B.W      draw_NumberKey
     66              			} 
     67          				#if 0
     68              			else if(pMsg->hWinSrc == XHomeSpeed_default.btnHandle)
     69              			{
     70              				last_disp_state = HOMESPEED_UI;
     71              			}
     72              			else if(pMsg->hWinSrc == YHomeSpeed_default.btnHandle)
     73              			{
     74              				last_disp_state = HOMESPEED_UI;	
     75              			}
     76              			else if(pMsg->hWinSrc == ZHomeSpeed_default.btnHandle)
     77              			{
     78              				last_disp_state = HOMESPEED_UI;
     79              			} 
     80          				#endif
     81              		}
     82              		break;
     83              		
     84              	default:
     85              		WM_DefaultProc(pMsg);
   \                     ??cbHomeSpeedWin_4: (+1)
   \   000000E4   0xE8BD 0x4010      POP      {R4,LR}
   \   000000E8   0x.... 0x....      B.W      WM_DefaultProc
     86              	}
     87          }
   \                     ??cbHomeSpeedWin_1: (+1)
   \   000000EC   0xBD10             POP      {R4,PC}          ;; return
     88          
     89          

   \                                 In section .text, align 2, keep-with-next
     90          void draw_HomeSpeed()
     91          {   
   \                     draw_HomeSpeed: (+1)
   \   00000000   0xE92D 0x47F0      PUSH     {R4-R10,LR}
     92              int i;
                         ^
Warning[Pe177]: variable "i" was declared but never referenced

  static BUTTON_STRUCT XYHomeSpeed,YHomeSpeed,ZHomeSpeed;
                                   ^
"D:\MKS-Robin-Nano-Firmware-v2.x.x\MKS-Robin-Nano-Firmware\User\ui\draw_home_speed.cpp",10  Warning[Pe177]: 
          variable "YHomeSpeed" was declared but never referenced

  static BUTTON_STRUCT XYHomeSpeed_default,YHomeSpeed_default,ZHomeSpeed_default;
                       ^
"D:\MKS-Robin-Nano-Firmware-v2.x.x\MKS-Robin-Nano-Firmware\User\ui\draw_home_speed.cpp",11  Warning[Pe177]: 
          variable "XYHomeSpeed_default" was declared but never referenced

  static BUTTON_STRUCT XYHomeSpeed_default,YHomeSpeed_default,ZHomeSpeed_default;
                                           ^
"D:\MKS-Robin-Nano-Firmware-v2.x.x\MKS-Robin-Nano-Firmware\User\ui\draw_home_speed.cpp",11  Warning[Pe177]: 
          variable "YHomeSpeed_default" was declared but never referenced

  static BUTTON_STRUCT XYHomeSpeed_default,YHomeSpeed_default,ZHomeSpeed_default;
                                                              ^
"D:\MKS-Robin-Nano-Firmware-v2.x.x\MKS-Robin-Nano-Firmware\User\ui\draw_home_speed.cpp",11  Warning[Pe177]: 
          variable "ZHomeSpeed_default" was declared but never referenced

  static BUTTON_STRUCT XYHomeSpeed_text,YHomeSpeed_text,ZHomeSpeed_text;
                                        ^
"D:\MKS-Robin-Nano-Firmware-v2.x.x\MKS-Robin-Nano-Firmware\User\ui\draw_home_speed.cpp",12  Warning[Pe177]: 
          variable "YHomeSpeed_text" was declared but never referenced
     93          
     94              if(disp_state_stack._disp_state[disp_state_stack._disp_index] != HOMESPEED_UI)
   \   00000004   0x....             LDR.N    R0,??DataTable5_6
   \   00000006   0xF990 0x1064      LDRSB    R1,[R0, #+100]
   \   0000000A   0xB086             SUB      SP,SP,#+24
   \   0000000C   0x560A             LDRSB    R2,[R1, R0]
   \   0000000E   0x2A37             CMP      R2,#+55
   \   00000010   0xD005             BEQ.N    ??draw_HomeSpeed_0
     95              {
     96                  disp_state_stack._disp_index++;
   \   00000012   0x1C49             ADDS     R1,R1,#+1
   \   00000014   0xF880 0x1064      STRB     R1,[R0, #+100]
     97                  disp_state_stack._disp_state[disp_state_stack._disp_index] = HOMESPEED_UI;
   \   00000018   0x2237             MOVS     R2,#+55
   \   0000001A   0xB249             SXTB     R1,R1
   \   0000001C   0x540A             STRB     R2,[R1, R0]
     98              }
     99              disp_state = HOMESPEED_UI;
   \                     ??draw_HomeSpeed_0: (+1)
   \   0000001E   0x2037             MOVS     R0,#+55
   \   00000020   0x....             LDR.N    R1,??DataTable5_7
    100              
    101              GUI_SetBkColor(gCfgItems.background_color);
   \   00000022   0x....             LDR.N    R7,??DataTable5_4
   \   00000024   0x7008             STRB     R0,[R1, #+0]
   \   00000026   0x1D3C             ADDS     R4,R7,#+4
   \   00000028   0x6920             LDR      R0,[R4, #+16]
   \   0000002A   0x.... 0x....      BL       GUI_SetBkColor
    102              GUI_SetColor(gCfgItems.title_color);
   \   0000002E   0x6960             LDR      R0,[R4, #+20]
   \   00000030   0x.... 0x....      BL       GUI_SetColor
    103              GUI_Clear();
   \   00000034   0x.... 0x....      BL       GUI_Clear
   \   00000038   0x....             LDR.N    R0,??DataTable5_8
   \   0000003A   0xF8D0 0x0200      LDR      R0,[R0, #+512]
   \   0000003E   0x2205             MOVS     R2,#+5
   \   00000040   0x2103             MOVS     R1,#+3
    104              
    105              GUI_DispStringAt(machine_menu.HomeFeedRateConfTitle, TITLE_XPOS, TITLE_YPOS);
   \   00000042   0x.... 0x....      BL       GUI_DispStringAt
    106          
    107              hHomeSpeedWnd = WM_CreateWindow(0, 0, LCD_WIDTH, LCD_HEIGHT, WM_CF_SHOW, cbHomeSpeedWin, 0);
   \   00000046   0x2000             MOVS     R0,#+0
   \   00000048   0x9002             STR      R0,[SP, #+8]
   \   0000004A   0xF44F 0x73A0      MOV      R3,#+320
   \   0000004E   0x....             LDR.N    R0,??DataTable5_9
   \   00000050   0x....             LDR.N    R5,??DataTable5_2
   \   00000052   0x9001             STR      R0,[SP, #+4]
   \   00000054   0xF44F 0x72F0      MOV      R2,#+480
   \   00000058   0x2002             MOVS     R0,#+2
   \   0000005A   0x9000             STR      R0,[SP, #+0]
   \   0000005C   0x2100             MOVS     R1,#+0
   \   0000005E   0x2000             MOVS     R0,#+0
   \   00000060   0x.... 0x....      BL       WM_CreateWindow
   \   00000064   0x8028             STRH     R0,[R5, #+0]
    108          
    109              XYHomeSpeed_text.btnHandle = BUTTON_CreateEx(10,50,240,40,hHomeSpeedWnd, BUTTON_CF_SHOW, 0, alloc_win_id());
   \   00000066   0x.... 0x....      BL       alloc_win_id
   \   0000006A   0x9003             STR      R0,[SP, #+12]
   \   0000006C   0x2000             MOVS     R0,#+0
   \   0000006E   0x9002             STR      R0,[SP, #+8]
   \   00000070   0x2002             MOVS     R0,#+2
   \   00000072   0x9001             STR      R0,[SP, #+4]
   \   00000074   0x2328             MOVS     R3,#+40
   \   00000076   0xF9B5 0x0000      LDRSH    R0,[R5, #+0]
   \   0000007A   0x....             LDR.N    R6,??DataTable5_1
   \   0000007C   0x9000             STR      R0,[SP, #+0]
   \   0000007E   0x22F0             MOVS     R2,#+240
   \   00000080   0x2132             MOVS     R1,#+50
   \   00000082   0x200A             MOVS     R0,#+10
   \   00000084   0x.... 0x....      BL       BUTTON_CreateEx
   \   00000088   0x8030             STRH     R0,[R6, #+0]
    110              //XHomeSpeed.btnHandle = BUTTON_CreateEx(270,50,90,40,hHomeSpeedWnd, BUTTON_CF_SHOW, 0, alloc_win_id());
    111              XYHomeSpeed.btnHandle = BUTTON_CreateEx(400,50+5,VALUE_DEFAULT_X,VALUE_DEFAULT_Y,hHomeSpeedWnd, BUTTON_CF_SHOW, 0, alloc_win_id());
   \   0000008A   0x.... 0x....      BL       alloc_win_id
   \   0000008E   0x9003             STR      R0,[SP, #+12]
   \   00000090   0x231C             MOVS     R3,#+28
   \   00000092   0x2000             MOVS     R0,#+0
   \   00000094   0x9002             STR      R0,[SP, #+8]
   \   00000096   0x2246             MOVS     R2,#+70
   \   00000098   0x2002             MOVS     R0,#+2
   \   0000009A   0x9001             STR      R0,[SP, #+4]
   \   0000009C   0x2137             MOVS     R1,#+55
   \   0000009E   0xF9B5 0x0000      LDRSH    R0,[R5, #+0]
   \   000000A2   0x9000             STR      R0,[SP, #+0]
   \   000000A4   0xF44F 0x70C8      MOV      R0,#+400
   \   000000A8   0x.... 0x....      BL       BUTTON_CreateEx
   \   000000AC   0x80A8             STRH     R0,[R5, #+4]
    112              
    113              ZHomeSpeed_text.btnHandle = BUTTON_CreateEx(10,100,240,40,hHomeSpeedWnd, BUTTON_CF_SHOW, 0, alloc_win_id());
   \   000000AE   0x.... 0x....      BL       alloc_win_id
   \   000000B2   0x9003             STR      R0,[SP, #+12]
   \   000000B4   0x2328             MOVS     R3,#+40
   \   000000B6   0x2000             MOVS     R0,#+0
   \   000000B8   0x9002             STR      R0,[SP, #+8]
   \   000000BA   0x22F0             MOVS     R2,#+240
   \   000000BC   0x2002             MOVS     R0,#+2
   \   000000BE   0x9001             STR      R0,[SP, #+4]
   \   000000C0   0x2164             MOVS     R1,#+100
   \   000000C2   0xF9B5 0x0000      LDRSH    R0,[R5, #+0]
   \   000000C6   0x9000             STR      R0,[SP, #+0]
   \   000000C8   0x200A             MOVS     R0,#+10
   \   000000CA   0x.... 0x....      BL       BUTTON_CreateEx
   \   000000CE   0x8330             STRH     R0,[R6, #+24]
    114              //YHomeSpeed.btnHandle = BUTTON_CreateEx(270,100,90,40,hHomeSpeedWnd, BUTTON_CF_SHOW, 0, alloc_win_id());
    115              ZHomeSpeed.btnHandle = BUTTON_CreateEx(400,100+5,VALUE_DEFAULT_X,VALUE_DEFAULT_Y,hHomeSpeedWnd, BUTTON_CF_SHOW, 0, alloc_win_id());
   \   000000D0   0x.... 0x....      BL       alloc_win_id
   \   000000D4   0x9003             STR      R0,[SP, #+12]
   \   000000D6   0x231C             MOVS     R3,#+28
   \   000000D8   0x2000             MOVS     R0,#+0
   \   000000DA   0x9002             STR      R0,[SP, #+8]
   \   000000DC   0x2246             MOVS     R2,#+70
   \   000000DE   0x2002             MOVS     R0,#+2
   \   000000E0   0x9001             STR      R0,[SP, #+4]
   \   000000E2   0x2169             MOVS     R1,#+105
   \   000000E4   0xF9B5 0x0000      LDRSH    R0,[R5, #+0]
   \   000000E8   0x9000             STR      R0,[SP, #+0]
   \   000000EA   0xF44F 0x70C8      MOV      R0,#+400
   \   000000EE   0x.... 0x....      BL       BUTTON_CreateEx
   \   000000F2   0x83A8             STRH     R0,[R5, #+28]
    116              
    117              //ZHomeSpeed_text.btnHandle = BUTTON_CreateEx(10,150,240,40,hHomeSpeedWnd, BUTTON_CF_SHOW, 0, alloc_win_id());
    118              //ZHomeSpeed.btnHandle = BUTTON_CreateEx(270,150,90,40,hHomeSpeedWnd, BUTTON_CF_SHOW, 0, alloc_win_id());
    119              //ZHomeSpeed.btnHandle = BUTTON_CreateEx(400,150+5,VALUE_DEFAULT_X,VALUE_DEFAULT_Y,hHomeSpeedWnd, BUTTON_CF_SHOW, 0, alloc_win_id());
    120          
    121               
    122              BUTTON_SetBmpFileName(XYHomeSpeed.btnHandle, "bmp_value_blank.bin",1);        
   \   000000F4   0x2201             MOVS     R2,#+1
   \   000000F6   0x.... 0x....      ADR.W    R8,`?<Constant "bmp_value_blank.bin">`
   \   000000FA   0xF9B5 0x0004      LDRSH    R0,[R5, #+4]
   \   000000FE   0x4641             MOV      R1,R8
   \   00000100   0x.... 0x....      BL       BUTTON_SetBmpFileName
    123              //BUTTON_SetBmpFileName(YHomeSpeed.btnHandle, "bmp_value_blank.bin",1);
    124              BUTTON_SetBmpFileName(ZHomeSpeed.btnHandle, "bmp_value_blank.bin",1);
   \   00000104   0xF9B5 0x001C      LDRSH    R0,[R5, #+28]
   \   00000108   0x2201             MOVS     R2,#+1
   \   0000010A   0x4641             MOV      R1,R8
   \   0000010C   0x.... 0x....      BL       BUTTON_SetBmpFileName
    125              
    126              //BUTTON_SetBmpFileName(XHomeSpeed_default.btnHandle, "bmp_default.bin",1);        
    127              //BUTTON_SetBmpFileName(YHomeSpeed_default.btnHandle, "bmp_default.bin",1);
    128              //BUTTON_SetBmpFileName(ZHomeSpeed_default.btnHandle, "bmp_default.bin",1);  
    129              
    130              BUTTON_SetBmpFileName(XYHomeSpeed_text.btnHandle,NULL,1);        
   \   00000110   0x2100             MOVS     R1,#+0
   \   00000112   0x2201             MOVS     R2,#+1
   \   00000114   0x5E70             LDRSH    R0,[R6, R1]
   \   00000116   0x.... 0x....      BL       BUTTON_SetBmpFileName
    131              //BUTTON_SetBmpFileName(YHomeSpeed_text.btnHandle,NULL,1);
    132              BUTTON_SetBmpFileName(ZHomeSpeed_text.btnHandle,NULL,1);
   \   0000011A   0xF9B6 0x0018      LDRSH    R0,[R6, #+24]
   \   0000011E   0x2201             MOVS     R2,#+1
   \   00000120   0x2100             MOVS     R1,#+0
   \   00000122   0x.... 0x....      BL       BUTTON_SetBmpFileName
    133              
    134              BUTTON_SetBitmapEx(XYHomeSpeed.btnHandle,0,&bmp_struct70X28,0,0);//Õº∆¨¥Û–°Œ™70x28
   \   00000126   0x2000             MOVS     R0,#+0
   \   00000128   0x9000             STR      R0,[SP, #+0]
   \   0000012A   0x4603             MOV      R3,R0
   \   0000012C   0x4601             MOV      R1,R0
   \   0000012E   0x.... 0x....      LDR.W    R8,??DataTable5_10
   \   00000132   0xF9B5 0x0004      LDRSH    R0,[R5, #+4]
   \   00000136   0x4642             MOV      R2,R8
   \   00000138   0x.... 0x....      BL       BUTTON_SetBitmapEx
    135              //BUTTON_SetBitmapEx(YHomeSpeed.btnHandle,0,&bmp_struct70X28,0,0);
    136              BUTTON_SetBitmapEx(ZHomeSpeed.btnHandle,0,&bmp_struct70X28,0,0);
   \   0000013C   0x2000             MOVS     R0,#+0
   \   0000013E   0x9000             STR      R0,[SP, #+0]
   \   00000140   0x4603             MOV      R3,R0
   \   00000142   0x4601             MOV      R1,R0
   \   00000144   0xF9B5 0x001C      LDRSH    R0,[R5, #+28]
   \   00000148   0x4642             MOV      R2,R8
   \   0000014A   0x.... 0x....      BL       BUTTON_SetBitmapEx
    137              //BUTTON_SetBitmapEx(XHomeSpeed_default.btnHandle,0,&bmp_struct90X30,0,5);//Õº∆¨¥Û–°Œ™70x28
    138              //BUTTON_SetBitmapEx(YHomeSpeed_default.btnHandle,0,&bmp_struct90X30,0,5);
    139              //BUTTON_SetBitmapEx(ZHomeSpeed_default.btnHandle,0,&bmp_struct90X30,0,5);
    140              
    141              BUTTON_SetTextAlign(XYHomeSpeed_text.btnHandle,GUI_TA_LEFT|GUI_TA_VCENTER );
   \   0000014E   0xF9B6 0x0000      LDRSH    R0,[R6, #+0]
   \   00000152   0x210C             MOVS     R1,#+12
   \   00000154   0x.... 0x....      BL       BUTTON_SetTextAlign
    142              //BUTTON_SetTextAlign(YHomeSpeed_text.btnHandle,GUI_TA_LEFT|GUI_TA_VCENTER );
    143              BUTTON_SetTextAlign(ZHomeSpeed_text.btnHandle,GUI_TA_LEFT|GUI_TA_VCENTER );
   \   00000158   0xF9B6 0x0018      LDRSH    R0,[R6, #+24]
   \   0000015C   0x210C             MOVS     R1,#+12
   \   0000015E   0x.... 0x....      BL       BUTTON_SetTextAlign
    144              BUTTON_SetTextAlign(XYHomeSpeed.btnHandle,GUI_TA_HCENTER|GUI_TA_VCENTER );
   \   00000162   0xF9B5 0x0004      LDRSH    R0,[R5, #+4]
   \   00000166   0x210E             MOVS     R1,#+14
   \   00000168   0x.... 0x....      BL       BUTTON_SetTextAlign
    145              //BUTTON_SetTextAlign(YHomeSpeed.btnHandle,GUI_TA_HCENTER|GUI_TA_VCENTER );
    146              BUTTON_SetTextAlign(ZHomeSpeed.btnHandle,GUI_TA_HCENTER|GUI_TA_VCENTER );
   \   0000016C   0xF9B5 0x001C      LDRSH    R0,[R5, #+28]
   \   00000170   0x210E             MOVS     R1,#+14
   \   00000172   0x.... 0x....      BL       BUTTON_SetTextAlign
    147          
    148          	BUTTON_SetBkColor(XYHomeSpeed.btnHandle, BUTTON_CI_PRESSED, gCfgItems.value_bk_color);
   \   00000176   0x687A             LDR      R2,[R7, #+4]
   \   00000178   0xF9B5 0x0004      LDRSH    R0,[R5, #+4]
   \   0000017C   0x2101             MOVS     R1,#+1
   \   0000017E   0x.... 0x....      BL       BUTTON_SetBkColor
    149          	BUTTON_SetBkColor(XYHomeSpeed.btnHandle, BUTTON_CI_UNPRESSED, gCfgItems.value_bk_color); 
   \   00000182   0x687A             LDR      R2,[R7, #+4]
   \   00000184   0xF9B5 0x0004      LDRSH    R0,[R5, #+4]
   \   00000188   0x2100             MOVS     R1,#+0
   \   0000018A   0x.... 0x....      BL       BUTTON_SetBkColor
    150          	BUTTON_SetTextColor(XYHomeSpeed.btnHandle, BUTTON_CI_PRESSED, gCfgItems.value_text_color);
   \   0000018E   0x6862             LDR      R2,[R4, #+4]
   \   00000190   0xF9B5 0x0004      LDRSH    R0,[R5, #+4]
   \   00000194   0x2101             MOVS     R1,#+1
   \   00000196   0x.... 0x....      BL       BUTTON_SetTextColor
    151          	BUTTON_SetTextColor(XYHomeSpeed.btnHandle, BUTTON_CI_UNPRESSED, gCfgItems.value_text_color); 
   \   0000019A   0x6862             LDR      R2,[R4, #+4]
   \   0000019C   0xF9B5 0x0004      LDRSH    R0,[R5, #+4]
   \   000001A0   0x2100             MOVS     R1,#+0
   \   000001A2   0x.... 0x....      BL       BUTTON_SetTextColor
    152          
    153          	//BUTTON_SetBkColor(YHomeSpeed.btnHandle, BUTTON_CI_PRESSED, gCfgItems.value_bk_color);
    154          	//BUTTON_SetBkColor(YHomeSpeed.btnHandle, BUTTON_CI_UNPRESSED, gCfgItems.value_bk_color); 
    155          	//BUTTON_SetTextColor(YHomeSpeed.btnHandle, BUTTON_CI_PRESSED, gCfgItems.value_text_color);
    156          	//BUTTON_SetTextColor(YHomeSpeed.btnHandle, BUTTON_CI_UNPRESSED, gCfgItems.value_text_color); 
    157          
    158          	BUTTON_SetBkColor(ZHomeSpeed.btnHandle, BUTTON_CI_PRESSED, gCfgItems.value_bk_color);
   \   000001A6   0x687A             LDR      R2,[R7, #+4]
   \   000001A8   0xF9B5 0x001C      LDRSH    R0,[R5, #+28]
   \   000001AC   0x2101             MOVS     R1,#+1
   \   000001AE   0x.... 0x....      BL       BUTTON_SetBkColor
    159          	BUTTON_SetBkColor(ZHomeSpeed.btnHandle, BUTTON_CI_UNPRESSED, gCfgItems.value_bk_color); 
   \   000001B2   0x687A             LDR      R2,[R7, #+4]
   \   000001B4   0xF9B5 0x001C      LDRSH    R0,[R5, #+28]
   \   000001B8   0x2100             MOVS     R1,#+0
   \   000001BA   0x.... 0x....      BL       BUTTON_SetBkColor
    160          	BUTTON_SetTextColor(ZHomeSpeed.btnHandle, BUTTON_CI_PRESSED, gCfgItems.value_text_color);
   \   000001BE   0x6862             LDR      R2,[R4, #+4]
   \   000001C0   0xF9B5 0x001C      LDRSH    R0,[R5, #+28]
   \   000001C4   0x2101             MOVS     R1,#+1
   \   000001C6   0x.... 0x....      BL       BUTTON_SetTextColor
    161          	BUTTON_SetTextColor(ZHomeSpeed.btnHandle, BUTTON_CI_UNPRESSED, gCfgItems.value_text_color); 
   \   000001CA   0x6862             LDR      R2,[R4, #+4]
   \   000001CC   0xF9B5 0x001C      LDRSH    R0,[R5, #+28]
   \   000001D0   0x2100             MOVS     R1,#+0
   \   000001D2   0x.... 0x....      BL       BUTTON_SetTextColor
    162          
    163          	memset(cmd_code,0,sizeof(cmd_code));
   \   000001D6   0x.... 0x....      LDR.W    R8,??DataTable5_11
   \   000001DA   0x2200             MOVS     R2,#+0
   \   000001DC   0x21C9             MOVS     R1,#+201
   \   000001DE   0x4640             MOV      R0,R8
   \   000001E0   0x.... 0x....      BL       __aeabi_memset
    164          	sprintf(cmd_code,"%.1f",mksCfg.homing_feedrate_xy);
   \   000001E4   0x.... 0x....      LDR.W    R9,??DataTable5_12
   \   000001E8   0x.... 0x....      ADR.W    R10,`?<Constant "%.1f">`
   \   000001EC   0xF8D9 0x0024      LDR      R0,[R9, #+36]
   \   000001F0   0x.... 0x....      BL       __aeabi_f2d
   \   000001F4   0x4602             MOV      R2,R0
   \   000001F6   0x460B             MOV      R3,R1
   \   000001F8   0x4651             MOV      R1,R10
   \   000001FA   0x4640             MOV      R0,R8
   \   000001FC   0x.... 0x....      BL       sprintf
    165          	BUTTON_SetText(XYHomeSpeed.btnHandle,cmd_code);	
   \   00000200   0xF9B5 0x0004      LDRSH    R0,[R5, #+4]
   \   00000204   0x4641             MOV      R1,R8
   \   00000206   0x.... 0x....      BL       BUTTON_SetText
    166          	memset(cmd_code,0,sizeof(cmd_code));
   \   0000020A   0x2200             MOVS     R2,#+0
   \   0000020C   0x21C9             MOVS     R1,#+201
   \   0000020E   0x4640             MOV      R0,R8
   \   00000210   0x.... 0x....      BL       __aeabi_memset
    167          	sprintf(cmd_code,"%.1f",mksCfg.homing_feedrate_z);
   \   00000214   0xF8D9 0x0028      LDR      R0,[R9, #+40]
   \   00000218   0x.... 0x....      BL       __aeabi_f2d
   \   0000021C   0x4602             MOV      R2,R0
   \   0000021E   0x460B             MOV      R3,R1
   \   00000220   0x4651             MOV      R1,R10
   \   00000222   0x4640             MOV      R0,R8
   \   00000224   0x.... 0x....      BL       sprintf
    168          	BUTTON_SetText(ZHomeSpeed.btnHandle,cmd_code);	
   \   00000228   0xF9B5 0x001C      LDRSH    R0,[R5, #+28]
   \   0000022C   0x4641             MOV      R1,R8
   \   0000022E   0x.... 0x....      BL       BUTTON_SetText
    169          
    170          
    171              button_back.btnHandle = BUTTON_CreateEx(400,270,70,40,hHomeSpeedWnd,BUTTON_CF_SHOW,0,alloc_win_id());
   \   00000232   0x.... 0x....      BL       alloc_win_id
   \   00000236   0x9003             STR      R0,[SP, #+12]
   \   00000238   0x2328             MOVS     R3,#+40
   \   0000023A   0x2000             MOVS     R0,#+0
   \   0000023C   0x9002             STR      R0,[SP, #+8]
   \   0000023E   0x2246             MOVS     R2,#+70
   \   00000240   0x2002             MOVS     R0,#+2
   \   00000242   0x9001             STR      R0,[SP, #+4]
   \   00000244   0xF44F 0x7187      MOV      R1,#+270
   \   00000248   0xF9B5 0x0000      LDRSH    R0,[R5, #+0]
   \   0000024C   0x9000             STR      R0,[SP, #+0]
   \   0000024E   0xF44F 0x70C8      MOV      R0,#+400
   \   00000252   0x.... 0x....      BL       BUTTON_CreateEx
   \   00000256   0x8630             STRH     R0,[R6, #+48]
    172              
    173              BUTTON_SetBmpFileName(button_back.btnHandle, "bmp_back70x40.bin",1);        
   \   00000258   0x2201             MOVS     R2,#+1
   \   0000025A   0x.... 0x....      ADR.W    R1,`?<Constant "bmp_back70x40.bin">`
   \   0000025E   0x.... 0x....      BL       BUTTON_SetBmpFileName
    174              BUTTON_SetBitmapEx(button_back.btnHandle, 0, &bmp_struct70X40,0, 0);
   \   00000262   0x....             LDR.N    R2,??DataTable5_13
   \   00000264   0x2000             MOVS     R0,#+0
   \   00000266   0x9000             STR      R0,[SP, #+0]
   \   00000268   0x4603             MOV      R3,R0
   \   0000026A   0x4601             MOV      R1,R0
   \   0000026C   0xF9B6 0x0030      LDRSH    R0,[R6, #+48]
   \   00000270   0x.... 0x....      BL       BUTTON_SetBitmapEx
    175              
    176              BUTTON_SetBkColor(button_back.btnHandle, BUTTON_CI_PRESSED, gCfgItems.back_btn_color);
   \   00000274   0x6CA2             LDR      R2,[R4, #+72]
   \   00000276   0xF9B6 0x0030      LDRSH    R0,[R6, #+48]
   \   0000027A   0x2101             MOVS     R1,#+1
   \   0000027C   0x.... 0x....      BL       BUTTON_SetBkColor
    177              BUTTON_SetBkColor(button_back.btnHandle, BUTTON_CI_UNPRESSED, gCfgItems.back_btn_color); 
   \   00000280   0x6CA2             LDR      R2,[R4, #+72]
   \   00000282   0xF9B6 0x0030      LDRSH    R0,[R6, #+48]
   \   00000286   0x2100             MOVS     R1,#+0
   \   00000288   0x.... 0x....      BL       BUTTON_SetBkColor
    178              BUTTON_SetTextColor(button_back.btnHandle, BUTTON_CI_PRESSED, gCfgItems.back_btn_textcolor);
   \   0000028C   0x6CE2             LDR      R2,[R4, #+76]
   \   0000028E   0xF9B6 0x0030      LDRSH    R0,[R6, #+48]
   \   00000292   0x2101             MOVS     R1,#+1
   \   00000294   0x.... 0x....      BL       BUTTON_SetTextColor
    179              BUTTON_SetTextColor(button_back.btnHandle, BUTTON_CI_UNPRESSED, gCfgItems.back_btn_textcolor); 
   \   00000298   0x6CE2             LDR      R2,[R4, #+76]
   \   0000029A   0xF9B6 0x0030      LDRSH    R0,[R6, #+48]
   \   0000029E   0x2100             MOVS     R1,#+0
   \   000002A0   0x.... 0x....      BL       BUTTON_SetTextColor
    180              
    181              BUTTON_SetTextAlign(button_back.btnHandle,GUI_TA_HCENTER|GUI_TA_VCENTER );
   \   000002A4   0xF9B6 0x0030      LDRSH    R0,[R6, #+48]
   \   000002A8   0x210E             MOVS     R1,#+14
   \   000002AA   0x.... 0x....      BL       BUTTON_SetTextAlign
    182          
    183          
    184              if(gCfgItems.multiple_language != 0)
   \   000002AE   0xF897 0x01CF      LDRB     R0,[R7, #+463]
   \   000002B2   0xB198             CBZ.N    R0,??draw_HomeSpeed_1
    185              {
    186                  BUTTON_SetText(XYHomeSpeed_text.btnHandle, machine_menu.XY_HomeFeedRate);
   \   000002B4   0x....             LDR.N    R4,??DataTable5_14
   \   000002B6   0xF9B6 0x0000      LDRSH    R0,[R6, #+0]
   \   000002BA   0x6861             LDR      R1,[R4, #+4]
   \   000002BC   0x.... 0x....      BL       BUTTON_SetText
    187                  //BUTTON_SetText(YHomeSpeed_text.btnHandle, machine_menu.Y_HomeFeedRate);
    188                  BUTTON_SetText(ZHomeSpeed_text.btnHandle, machine_menu.Z_HomeFeedRate);   
   \   000002C0   0x68E1             LDR      R1,[R4, #+12]
   \   000002C2   0xF9B6 0x0018      LDRSH    R0,[R6, #+24]
   \   000002C6   0x.... 0x....      BL       BUTTON_SetText
    189          
    190                  BUTTON_SetText(button_back.btnHandle,common_menu.text_back);
   \   000002CA   0x....             LDR.N    R0,??DataTable5_15
   \   000002CC   0x6801             LDR      R1,[R0, #+0]
   \   000002CE   0xF9B6 0x0030      LDRSH    R0,[R6, #+48]
   \   000002D2   0xB006             ADD      SP,SP,#+24
   \   000002D4   0xE8BD 0x47F0      POP      {R4-R10,LR}
   \   000002D8   0x.... 0x....      B.W      BUTTON_SetText
    191              }
    192          
    193          
    194          
    195          }
   \                     ??draw_HomeSpeed_1: (+1)
   \   000002DC   0xB006             ADD      SP,SP,#+24
   \   000002DE   0xE8BD 0x87F0      POP      {R4-R10,PC}      ;; return
    196          

   \                                 In section .text, align 2, keep-with-next
    197          void Clear_HomeSpeed()
    198          {
   \                     Clear_HomeSpeed: (+1)
   \   00000000   0xB510             PUSH     {R4,LR}
    199          	GUI_SetBkColor(gCfgItems.background_color);
   \   00000002   0x....             LDR.N    R0,??DataTable5_4
   \   00000004   0x6940             LDR      R0,[R0, #+20]
   \   00000006   0x.... 0x....      BL       GUI_SetBkColor
    200          	if(WM_IsWindow(hHomeSpeedWnd))
   \   0000000A   0x....             LDR.N    R4,??DataTable5_2
   \   0000000C   0xF9B4 0x0000      LDRSH    R0,[R4, #+0]
   \   00000010   0x.... 0x....      BL       WM_IsWindow
   \   00000014   0xB128             CBZ.N    R0,??Clear_HomeSpeed_0
    201          	{
    202          		WM_DeleteWindow(hHomeSpeedWnd);
   \   00000016   0xF9B4 0x0000      LDRSH    R0,[R4, #+0]
   \   0000001A   0xE8BD 0x4010      POP      {R4,LR}
   \   0000001E   0x.... 0x....      B.W      WM_DeleteWindow
    203          	}
    204          }
   \                     ??Clear_HomeSpeed_0: (+1)
   \   00000022   0xBD10             POP      {R4,PC}          ;; return

   \                                 In section .text, align 4, keep-with-next
   \                     ??DataTable5:
   \   00000000   0x00FF5449         DC32     0xff5449

   \                                 In section .text, align 4, keep-with-next
   \                     ??DataTable5_1:
   \   00000000   0x........         DC32     XYHomeSpeed_text

   \                                 In section .text, align 4, keep-with-next
   \                     ??DataTable5_2:
   \   00000000   0x........         DC32     hHomeSpeedWnd

   \                                 In section .text, align 4, keep-with-next
   \                     ??DataTable5_3:
   \   00000000   0x........         DC32     last_disp_state

   \                                 In section .text, align 4, keep-with-next
   \                     ??DataTable5_4:
   \   00000000   0x........         DC32     gCfgItems

   \                                 In section .text, align 4, keep-with-next
   \                     ??DataTable5_5:
   \   00000000   0x........         DC32     value

   \                                 In section .text, align 4, keep-with-next
   \                     ??DataTable5_6:
   \   00000000   0x........         DC32     disp_state_stack

   \                                 In section .text, align 4, keep-with-next
   \                     ??DataTable5_7:
   \   00000000   0x........         DC32     disp_state

   \                                 In section .text, align 4, keep-with-next
   \                     ??DataTable5_8:
   \   00000000   0x........         DC32     machine_menu

   \                                 In section .text, align 4, keep-with-next
   \                     ??DataTable5_9:
   \   00000000   0x........         DC32     _Z14cbHomeSpeedWinP10WM_MESSAGE

   \                                 In section .text, align 4, keep-with-next
   \                     ??DataTable5_10:
   \   00000000   0x........         DC32     bmp_struct70X28

   \                                 In section .text, align 4, keep-with-next
   \                     ??DataTable5_11:
   \   00000000   0x........         DC32     cmd_code

   \                                 In section .text, align 4, keep-with-next
   \                     ??DataTable5_12:
   \   00000000   0x........         DC32     mksCfg

   \                                 In section .text, align 4, keep-with-next
   \                     ??DataTable5_13:
   \   00000000   0x........         DC32     bmp_struct70X40

   \                                 In section .text, align 4, keep-with-next
   \                     ??DataTable5_14:
   \   00000000   0x........         DC32     machine_menu+0x200

   \                                 In section .text, align 4, keep-with-next
   \                     ??DataTable5_15:
   \   00000000   0x........         DC32     common_menu

   \                                 In section .text, align 4, keep-with-next
   \                     `?<Constant "bmp_value_blank.bin">`:
   \   00000000   0x62 0x6D          DC8 "bmp_value_blank.bin"
   \              0x70 0x5F    
   \              0x76 0x61    
   \              0x6C 0x75    
   \              0x65 0x5F    
   \              0x62 0x6C    
   \              0x61 0x6E    
   \              0x6B 0x2E    
   \              0x62 0x69    
   \              0x6E 0x00    

   \                                 In section .text, align 4, keep-with-next
   \                     `?<Constant "%.1f">`:
   \   00000000   0x25 0x2E          DC8 "%.1f"
   \              0x31 0x66    
   \              0x00         
   \   00000005   0x00 0x00          DC8 0, 0, 0
   \              0x00         

   \                                 In section .text, align 4, keep-with-next
   \                     `?<Constant "bmp_back70x40.bin">`:
   \   00000000   0x62 0x6D          DC8 "bmp_back70x40.bin"
   \              0x70 0x5F    
   \              0x62 0x61    
   \              0x63 0x6B    
   \              0x37 0x30    
   \              0x78 0x34    
   \              0x30 0x2E    
   \              0x62 0x69    
   \              0x6E 0x00    
   \   00000012   0x00 0x00          DC8 0, 0
    205          
    206          
    207          
    208          
    209          
    210          

   Maximum stack usage in bytes:

   .cstack Function
   ------- --------
       8   Clear_HomeSpeed
         8   -> GUI_SetBkColor
         0   -> WM_DeleteWindow
         8   -> WM_IsWindow
       8   cbHomeSpeedWin(WM_MESSAGE *)
         0   -> GUI_FillRect
         8   -> GUI_FillRect
         8   -> GUI_SetBkColor
         8   -> GUI_SetColor
         0   -> WM_DefaultProc
         8   -> WM_DeleteWindow
         8   -> WM_IsWindow
         0   -> draw_NumberKey
         0   -> draw_return_ui
      56   draw_HomeSpeed
        56   -> BUTTON_CreateEx
        56   -> BUTTON_SetBitmapEx
        56   -> BUTTON_SetBkColor
        56   -> BUTTON_SetBmpFileName
         0   -> BUTTON_SetText
        56   -> BUTTON_SetText
        56   -> BUTTON_SetTextAlign
        56   -> BUTTON_SetTextColor
        56   -> GUI_Clear
        56   -> GUI_DispStringAt
        56   -> GUI_SetBkColor
        56   -> GUI_SetColor
        56   -> WM_CreateWindow
        56   -> __aeabi_f2d
        56   -> __aeabi_memset
        56   -> alloc_win_id
        56   -> sprintf


   Section sizes:

   Bytes  Function/Label
   -----  --------------
       8  ?<Constant "%.1f">
      20  ?<Constant "bmp_back70x40.bin">
      20  ?<Constant "bmp_value_blank.bin">
       4  ??DataTable5
       4  ??DataTable5_1
       4  ??DataTable5_10
       4  ??DataTable5_11
       4  ??DataTable5_12
       4  ??DataTable5_13
       4  ??DataTable5_14
       4  ??DataTable5_15
       4  ??DataTable5_2
       4  ??DataTable5_3
       4  ??DataTable5_4
       4  ??DataTable5_5
       4  ??DataTable5_6
       4  ??DataTable5_7
       4  ??DataTable5_8
       4  ??DataTable5_9
      36  Clear_HomeSpeed
      72  XYHomeSpeed_text
          ZHomeSpeed_text
          button_back
     238  cbHomeSpeedWin(WM_MESSAGE *)
     738  draw_HomeSpeed
      52  hHomeSpeedWnd
          XYHomeSpeed
          ZHomeSpeed

 
   124 bytes in section .bss
 1 124 bytes in section .text
 
 1 124 bytes of CODE memory
   124 bytes of DATA memory

Errors: none
Warnings: 24
