###############################################################################
#
# IAR ANSI C/C++ Compiler V7.10.1.6676/W32 for ARM        13/Apr/2020  09:24:35
# Copyright 1999-2014 IAR Systems AB.
#
#    Cpu mode     =  thumb
#    Endian       =  little
#    Source file  =  
#        D:\MKS-Robin-Nano-Firmware-v2.x.x\MKS-Robin-Nano-Firmware\User\ui\draw_steps.cpp
#    Command line =  
#        D:\MKS-Robin-Nano-Firmware-v2.x.x\MKS-Robin-Nano-Firmware\User\ui\draw_steps.cpp
#        -D USE_HAL_DRIVER -D STM32F103xE -D STM32F10X_HD -D USE_HAL_LIB -D
#        MKS_ROBIN_NANO -D TFT35 -lC
#        D:\MKS-Robin-Nano-Firmware-v2.x.x\MKS-Robin-Nano-Firmware\EWARM\mksRobinNano/List\
#        -lA
#        D:\MKS-Robin-Nano-Firmware-v2.x.x\MKS-Robin-Nano-Firmware\EWARM\mksRobinNano/List\
#        --diag_suppress Pa050 -o
#        D:\MKS-Robin-Nano-Firmware-v2.x.x\MKS-Robin-Nano-Firmware\EWARM\mksRobinNano/Obj\
#        --debug --endian=little --cpu=Cortex-M3 -e --char_is_signed --fpu=None
#        --dlib_config "C:\Program Files (x86)\IAR Systems\Embedded Workbench
#        7.0\arm\INC\c\DLib_Config_Full.h" -I
#        D:\MKS-Robin-Nano-Firmware-v2.x.x\MKS-Robin-Nano-Firmware\EWARM/../Inc\
#        -I
#        D:\MKS-Robin-Nano-Firmware-v2.x.x\MKS-Robin-Nano-Firmware\EWARM/../Src\
#        -I
#        D:\MKS-Robin-Nano-Firmware-v2.x.x\MKS-Robin-Nano-Firmware\EWARM/../Drivers/STM32F1xx_HAL_Driver/Inc\
#        -I
#        D:\MKS-Robin-Nano-Firmware-v2.x.x\MKS-Robin-Nano-Firmware\EWARM/../Drivers/STM32F1xx_HAL_Driver/Inc/Legacy\
#        -I
#        D:\MKS-Robin-Nano-Firmware-v2.x.x\MKS-Robin-Nano-Firmware\EWARM/../Middlewares/Third_Party/FatFs/src/drivers\
#        -I
#        D:\MKS-Robin-Nano-Firmware-v2.x.x\MKS-Robin-Nano-Firmware\EWARM/../Middlewares/ST/STM32_USB_Host_Library/Core/Inc\
#        -I
#        D:\MKS-Robin-Nano-Firmware-v2.x.x\MKS-Robin-Nano-Firmware\EWARM/../Middlewares/ST/STM32_USB_Host_Library/Class/MSC/Inc\
#        -I
#        D:\MKS-Robin-Nano-Firmware-v2.x.x\MKS-Robin-Nano-Firmware\EWARM/../Drivers/CMSIS/Device/ST/STM32F1xx/Include\
#        -I
#        D:\MKS-Robin-Nano-Firmware-v2.x.x\MKS-Robin-Nano-Firmware\EWARM/../Middlewares/Third_Party/FatFs/src\
#        -I
#        D:\MKS-Robin-Nano-Firmware-v2.x.x\MKS-Robin-Nano-Firmware\EWARM/../Middlewares/Third_Party/Marlin\
#        -I
#        D:\MKS-Robin-Nano-Firmware-v2.x.x\MKS-Robin-Nano-Firmware\EWARM/../Drivers/CMSIS/Include\
#        -I
#        D:\MKS-Robin-Nano-Firmware-v2.x.x\MKS-Robin-Nano-Firmware\EWARM/../Drivers/BSP/variant\
#        -I
#        D:\MKS-Robin-Nano-Firmware-v2.x.x\MKS-Robin-Nano-Firmware\EWARM/../Drivers/BSP/Components/at24cxx\
#        -I
#        D:\MKS-Robin-Nano-Firmware-v2.x.x\MKS-Robin-Nano-Firmware\EWARM/../Drivers/BSP/Components/w25qxx\
#        -I
#        D:\MKS-Robin-Nano-Firmware-v2.x.x\MKS-Robin-Nano-Firmware\EWARM/../Drivers/BSP/Components/lcd\
#        -I
#        D:\MKS-Robin-Nano-Firmware-v2.x.x\MKS-Robin-Nano-Firmware\EWARM/../Drivers/STM32F10x_StdPeriph_Driver/inc\
#        -I
#        D:\MKS-Robin-Nano-Firmware-v2.x.x\MKS-Robin-Nano-Firmware\EWARM/../Drivers/libstmf4/include\
#        -I
#        D:\MKS-Robin-Nano-Firmware-v2.x.x\MKS-Robin-Nano-Firmware\EWARM/../Middlewares/arduino/stm32/cores/arduino\
#        -I
#        D:\MKS-Robin-Nano-Firmware-v2.x.x\MKS-Robin-Nano-Firmware\EWARM/../User/ui\
#        -I
#        D:\MKS-Robin-Nano-Firmware-v2.x.x\MKS-Robin-Nano-Firmware\EWARM/../User/ui/Multi_language\
#        -I
#        D:\MKS-Robin-Nano-Firmware-v2.x.x\MKS-Robin-Nano-Firmware\EWARM/../User/ui/QRENCODE\
#        -I
#        D:\MKS-Robin-Nano-Firmware-v2.x.x\MKS-Robin-Nano-Firmware\EWARM\..\Middlewares\GUI\
#        -Oh --eec++ -I "C:\Program Files (x86)\IAR Systems\Embedded Workbench
#        7.0\arm\CMSIS\Include\"
#    List file    =  
#        D:\MKS-Robin-Nano-Firmware-v2.x.x\MKS-Robin-Nano-Firmware\EWARM\mksRobinNano/List\draw_steps.lst
#    Object file  =  
#        D:\MKS-Robin-Nano-Firmware-v2.x.x\MKS-Robin-Nano-Firmware\EWARM\mksRobinNano/Obj\draw_steps.o
#
###############################################################################

D:\MKS-Robin-Nano-Firmware-v2.x.x\MKS-Robin-Nano-Firmware\User\ui\draw_steps.cpp
      1          #include "gui.h"
      2          #include "button.h"
      3          #include "draw_ui.h"

  #define UNUSED(x) ((void)(x))
          ^
"D:\MKS-Robin-Nano-Firmware-v2.x.x\MKS-Robin-Nano-Firmware\Drivers\STM32F1xx_HAL_Driver\Inc\stm32f1xx_hal_def.h",87  Warning[Pe047]: 
          incompatible redefinition of macro "UNUSED" (declared at line 101 of
          "D:\MKS-Robin-Nano-Firmware-v2.x.x\MKS-Robin-Nano-Firmware\EWARM/../M
          iddlewares/Third_Party/Marlin\macros.h")

  		volatile volatile float desireBedTempBak;
  		         ^
"D:\MKS-Robin-Nano-Firmware-v2.x.x\MKS-Robin-Nano-Firmware\Inc\mks_cfg.h",626  Warning[Pe083]: 
          type qualifier specified more than once

    #define FILAMENT_CHANGE_TEXT_EN				"Please click <Load> \nor <unload>,After \npinter pause."
            ^
"D:\MKS-Robin-Nano-Firmware-v2.x.x\MKS-Robin-Nano-Firmware\User\ui\Multi_language\Language_en.h",337  Warning[Pe047]: 
          incompatible redefinition of macro "FILAMENT_CHANGE_TEXT_EN"
          (declared at line 315)

  #define DIALOG_UNBIND_PRINTER_CN            "Ëß£Èô§ÁªëÂÆö?"
          ^
"D:\MKS-Robin-Nano-Firmware-v2.x.x\MKS-Robin-Nano-Firmware\User\ui\Multi_language\Language_s_cn.h",408  Warning[Pe047]: 
          incompatible redefinition of macro "DIALOG_UNBIND_PRINTER_CN"
          (declared at line 403)

    #define FILAMENT_CHANGE_TEXT_T_CN				"ÂæÖÊâìÂç∞Ê©üÊö´ÂÅúÂêé,\nË´ãÊåâ<ÈÄ≤Êñô>Êàñ<ÈÄÄÊñô>"
            ^
"D:\MKS-Robin-Nano-Firmware-v2.x.x\MKS-Robin-Nano-Firmware\User\ui\Multi_language\Language_t_cn.h",318  Warning[Pe047]: 
          incompatible redefinition of macro "FILAMENT_CHANGE_TEXT_T_CN"
          (declared at line 304)

    #define FILAMENT_CHANGE_TEXT_RU				"Please click <Load> \nor <unload>,After \npinter pause."
            ^
"D:\MKS-Robin-Nano-Firmware-v2.x.x\MKS-Robin-Nano-Firmware\User\ui\Multi_language\Language_ru.h",134  Warning[Pe047]: 
          incompatible redefinition of macro "FILAMENT_CHANGE_TEXT_RU"
          (declared at line 114)

  #define DIALOG_UNBIND_PRINTER_RU            "Unbind the printer?"
          ^
"D:\MKS-Robin-Nano-Firmware-v2.x.x\MKS-Robin-Nano-Firmware\User\ui\Multi_language\Language_ru.h",231  Warning[Pe047]: 
          incompatible redefinition of macro "DIALOG_UNBIND_PRINTER_RU"
          (declared at line 226)

    #define FILAMENT_CHANGE_TEXT_FR				"Please click <Load> \nor <unload>,After \npinter pause."
            ^
"D:\MKS-Robin-Nano-Firmware-v2.x.x\MKS-Robin-Nano-Firmware\User\ui\Multi_language\Language_fr.h",134  Warning[Pe047]: 
          incompatible redefinition of macro "FILAMENT_CHANGE_TEXT_FR"
          (declared at line 114)

  #define DIALOG_UNBIND_PRINTER_FR        "Unbind the printer?"
          ^
"D:\MKS-Robin-Nano-Firmware-v2.x.x\MKS-Robin-Nano-Firmware\User\ui\Multi_language\Language_fr.h",234  Warning[Pe047]: 
          incompatible redefinition of macro "DIALOG_UNBIND_PRINTER_FR"
          (declared at line 230)

    #define FILAMENT_CHANGE_TEXT_SP				"Please click <Load> \nor <unload>,After \npinter pause."
            ^
"D:\MKS-Robin-Nano-Firmware-v2.x.x\MKS-Robin-Nano-Firmware\User\ui\Multi_language\Language_sp.h",133  Warning[Pe047]: 
          incompatible redefinition of macro "FILAMENT_CHANGE_TEXT_SP"
          (declared at line 114)

    #define FILAMENT_CHANGE_TEXT_IT				"Please click <Load> \nor <unload>,After \npinter pause."
            ^
"D:\MKS-Robin-Nano-Firmware-v2.x.x\MKS-Robin-Nano-Firmware\User\ui\Multi_language\Language_it.h",134  Warning[Pe047]: 
          incompatible redefinition of macro "FILAMENT_CHANGE_TEXT_IT"
          (declared at line 114)

  #define DIALOG_UNBIND_PRINTER_IT                "Unbind the printer?"
          ^
"D:\MKS-Robin-Nano-Firmware-v2.x.x\MKS-Robin-Nano-Firmware\User\ui\Multi_language\Language_it.h",230  Warning[Pe047]: 
          incompatible redefinition of macro "DIALOG_UNBIND_PRINTER_IT"
          (declared at line 225)

  #define FILAMENT_CHANGE_TEXT_JP				"Please click <Load> \nor <unload>,After \npinter pause."
          ^
"D:\MKS-Robin-Nano-Firmware-v2.x.x\MKS-Robin-Nano-Firmware\User\ui\Multi_language\Multi_language.h",899  Warning[Pe047]: 
          incompatible redefinition of macro "FILAMENT_CHANGE_TEXT_JP"
          (declared at line 892)

  #define FILAMENT_CHANGE_TEXT_GN				"Please click <Load> \nor <unload>,After \npinter pause."
          ^
"D:\MKS-Robin-Nano-Firmware-v2.x.x\MKS-Robin-Nano-Firmware\User\ui\Multi_language\Multi_language.h",1107  Warning[Pe047]: 
          incompatible redefinition of macro "FILAMENT_CHANGE_TEXT_GN"
          (declared at line 1101)

  #define Simple_Dec"ºı…Ÿ"
                    ^
"D:\MKS-Robin-Nano-Firmware-v2.x.x\MKS-Robin-Nano-Firmware\User\ui\draw_ui.h",666  Warning[Pe1649]: 
          white space is required between the macro name "Simple_Dec" and its
          replacement text

  #define Simple_Speed "ÀŸ∂»"
          ^
"D:\MKS-Robin-Nano-Firmware-v2.x.x\MKS-Robin-Nano-Firmware\User\ui\draw_ui.h",721  Warning[Pe047]: 
          incompatible redefinition of macro "Simple_Speed" (declared at line
          718)

  #define Complex_Speed "ÀŸ∂»"
          ^
"D:\MKS-Robin-Nano-Firmware-v2.x.x\MKS-Robin-Nano-Firmware\User\ui\draw_ui.h",722  Warning[Pe047]: 
          incompatible redefinition of macro "Complex_Speed" (declared at line
          719)
      4          #include "Marlin.h"

  #define strcpy_P(dest, src) strcpy((dest), (src))
          ^
"D:\MKS-Robin-Nano-Firmware-v2.x.x\MKS-Robin-Nano-Firmware\Middlewares\arduino\stm32\cores\arduino\avr\pgmspace.h",23  Warning[Pe047]: 
          incompatible redefinition of macro "strcpy_P" (declared at line 93
          of
          "D:\MKS-Robin-Nano-Firmware-v2.x.x\MKS-Robin-Nano-Firmware\Middleware
          s\Third_Party\Marlin\Marlin_export.h")

  #define strstr_P(a, b) strstr((a), (b))
          ^
"D:\MKS-Robin-Nano-Firmware-v2.x.x\MKS-Robin-Nano-Firmware\Middlewares\arduino\stm32\cores\arduino\avr\pgmspace.h",26  Warning[Pe047]: 
          incompatible redefinition of macro "strstr_P" (declared at line 94
          of
          "D:\MKS-Robin-Nano-Firmware-v2.x.x\MKS-Robin-Nano-Firmware\Middleware
          s\Third_Party\Marlin\Marlin_export.h")

  #define sprintf_P(s, f, ...) sprintf((s), (f), __VA_ARGS__)
          ^
"D:\MKS-Robin-Nano-Firmware-v2.x.x\MKS-Robin-Nano-Firmware\Middlewares\arduino\stm32\cores\arduino\avr\pgmspace.h",28  Warning[Pe047]: 
          incompatible redefinition of macro "sprintf_P" (declared at line 95
          of
          "D:\MKS-Robin-Nano-Firmware-v2.x.x\MKS-Robin-Nano-Firmware\Middleware
          s\Third_Party\Marlin\Marlin_export.h")

  #define pgm_read_word_near(addr) pgm_read_word(addr)
          ^
"D:\MKS-Robin-Nano-Firmware-v2.x.x\MKS-Robin-Nano-Firmware\Middlewares\arduino\stm32\cores\arduino\avr\pgmspace.h",38  Warning[Pe047]: 
          incompatible redefinition of macro "pgm_read_word_near" (declared at
          line 65 of
          "D:\MKS-Robin-Nano-Firmware-v2.x.x\MKS-Robin-Nano-Firmware\Middleware
          s\Third_Party\Marlin\Marlin_export.h")

    }
    ^
"D:\MKS-Robin-Nano-Firmware-v2.x.x\MKS-Robin-Nano-Firmware\Middlewares\Third_Party\Marlin\Marlin.h",537  Warning[Pe940]: 
          missing return statement at end of non-void function
          "position_is_reachable_IS_KINEMATIC"
      5          #include "cardreader.h"

  #define SD_DETECT_INVERTED false
          ^
"D:\MKS-Robin-Nano-Firmware-v2.x.x\MKS-Robin-Nano-Firmware\Middlewares\Third_Party\Marlin\cardreader.h",27  Warning[Pe047]: 
          incompatible redefinition of macro "SD_DETECT_INVERTED" (declared at
          line 524 of
          "D:\MKS-Robin-Nano-Firmware-v2.x.x\MKS-Robin-Nano-Firmware\Middleware
          s\Third_Party\Marlin\Configuration_adv.h")

  #define PSTR(s) s
          ^
"D:\MKS-Robin-Nano-Firmware-v2.x.x\MKS-Robin-Nano-Firmware\Middlewares\Third_Party\Marlin\cardreader.h",31  Warning[Pe047]: 
          incompatible redefinition of macro "PSTR" (declared at line 63 of
          "D:\MKS-Robin-Nano-Firmware-v2.x.x\MKS-Robin-Nano-Firmware\EWARM/../M
          iddlewares/Third_Party/Marlin\Marlin.h")

  #define pgm_read_byte(x) (*(char*)x)
          ^
"D:\MKS-Robin-Nano-Firmware-v2.x.x\MKS-Robin-Nano-Firmware\Middlewares\Third_Party\Marlin\cardreader.h",32  Warning[Pe047]: 
          incompatible redefinition of macro "pgm_read_byte" (declared at line
          64 of
          "D:\MKS-Robin-Nano-Firmware-v2.x.x\MKS-Robin-Nano-Firmware\Middleware
          s\Third_Party\Marlin\Marlin_export.h")

      static constexpr int8_t next_block_index(const int8_t block_index) { return BLOCK_MOD(block_index + 1); }
             ^
"D:\MKS-Robin-Nano-Firmware-v2.x.x\MKS-Robin-Nano-Firmware\Middlewares\Third_Party\Marlin\planner.h",627  Warning[Pe815]: 
          type qualifier on return type is meaningless

      static constexpr int8_t prev_block_index(const int8_t block_index) { return BLOCK_MOD(block_index - 1); }
             ^
"D:\MKS-Robin-Nano-Firmware-v2.x.x\MKS-Robin-Nano-Firmware\Middlewares\Third_Party\Marlin\planner.h",628  Warning[Pe815]: 
          type qualifier on return type is meaningless

        target_temperature[HOTEND_INDEX] = celsius;
                                         ^
"D:\MKS-Robin-Nano-Firmware-v2.x.x\MKS-Robin-Nano-Firmware\Middlewares\Third_Party\Marlin\temperature.h",406  Warning[Pa093]: 
          implicit conversion from floating point to integer

          target_temperature_bed =
                                 ^
"D:\MKS-Robin-Nano-Firmware-v2.x.x\MKS-Robin-Nano-Firmware\Middlewares\Third_Party\Marlin\temperature.h",414  Warning[Pa093]: 
          implicit conversion from floating point to integer

  #define LONG_FILENAME_LENGTH (13*MAX_VFAT_ENTRIES+1)
          ^
"D:\MKS-Robin-Nano-Firmware-v2.x.x\MKS-Robin-Nano-Firmware\Middlewares\Third_Party\Marlin\cardreader.h",61  Warning[Pe047]: 
          incompatible redefinition of macro "LONG_FILENAME_LENGTH" (declared
          at line 119 of
          "D:\MKS-Robin-Nano-Firmware-v2.x.x\MKS-Robin-Nano-Firmware\Middleware
          s\Third_Party\Marlin\SdFatConfig.h")

  #define ALLOW_DEPRECATED_FUNCTIONS 0
          ^
"D:\MKS-Robin-Nano-Firmware-v2.x.x\MKS-Robin-Nano-Firmware\Middlewares\Third_Party\Marlin\SdFat.h",635  Warning[Pe047]: 
          incompatible redefinition of macro "ALLOW_DEPRECATED_FUNCTIONS"
          (declared at line 67 of
          "D:\MKS-Robin-Nano-Firmware-v2.x.x\MKS-Robin-Nano-Firmware\Middleware
          s\Third_Party\Marlin\SdFatConfig.h")

  #define SPI_SD_INIT_RATE 11
          ^
"D:\MKS-Robin-Nano-Firmware-v2.x.x\MKS-Robin-Nano-Firmware\Middlewares\Third_Party\Marlin\SdFat.h",647  Warning[Pe047]: 
          incompatible redefinition of macro "SPI_SD_INIT_RATE" (declared at
          line 79 of
          "D:\MKS-Robin-Nano-Firmware-v2.x.x\MKS-Robin-Nano-Firmware\Middleware
          s\Third_Party\Marlin\SdFatConfig.h")
      6          
      7          #ifndef GUI_FLASH
      8          #define GUI_FLASH
      9          #endif
     10          

   \                                 In section .bss, align 4
     11          static GUI_HWIN hStepsWnd;
     12          static BUTTON_STRUCT XSteps_text,YSteps_text,ZSteps_text,E0Steps_text,E1Steps_text;
     13          static BUTTON_STRUCT XSteps_value,YSteps_value,ZSteps_value,E0Steps_value,E1Steps_value;
     14          static BUTTON_STRUCT XSteps_default,YSteps_default,ZSteps_default,E0Steps_default,E1Steps_default;
     15          
     16          static BUTTON_STRUCT button_next,button_previous,button_back;
     17          
     18          static uint8_t current_page;//0:…œ“ª“≥£¨1:œ¬“ª“≥
   \                     current_page:
   \   00000000                      DS8 1
   \   00000001                      DS8 1
   \   00000002                      DS8 2
   \   00000004                      DS8 24
   \   0000001C                      DS8 24

   \                                 In section .bss, align 4
   \                     XSteps_text:
   \   00000000                      DS8 24
   \   00000018                      DS8 24
   \   00000030                      DS8 24
   \   00000048                      DS8 24
   \   00000060                      DS8 24

   \                                 In section .bss, align 4
   \                     ZSteps_value:
   \   00000000                      DS8 24
   \   00000018                      DS8 24

   \                                 In section .bss, align 4
   \                     E1Steps_value:
   \   00000000                      DS8 24
   \   00000018                      DS8 24

   \                                 In section .bss, align 4
   \   00000000                      DS8 24

   \                                 In section .bss, align 4
   \   00000000                      DS8 24

   \                                 In section .bss, align 4
   \   00000000                      DS8 24

   \                                 In section .bss, align 4
   \   00000000                      DS8 24

   \                                 In section .bss, align 4
   \   00000000                      DS8 24

   \                                 In section .bss, align 4
   \                     button_previous:
   \   00000000                      DS8 24
   \   00000018                      DS8 24
     19          
     20          static void btnHandle_rest()
     21          {
     22              XSteps_text.btnHandle = 0;
     23              XSteps_value.btnHandle = 0;
     24              XSteps_default.btnHandle = 0;
     25              YSteps_text.btnHandle = 0;
     26              YSteps_value.btnHandle = 0;
     27              YSteps_default.btnHandle = 0;
     28              ZSteps_text.btnHandle = 0;
     29              ZSteps_value.btnHandle = 0;
     30              ZSteps_default.btnHandle = 0;
     31              E0Steps_text.btnHandle = 0;   
     32              E0Steps_value.btnHandle = 0;
     33              E0Steps_default.btnHandle = 0;
     34              E1Steps_text.btnHandle = 0;   
     35              E1Steps_value.btnHandle = 0;
     36              E1Steps_default.btnHandle = 0;          
     37              button_previous.btnHandle = 0;
     38              button_next.btnHandle = 0;
     39              button_back.btnHandle = 0;
     40          }
     41          

   \                                 In section .text, align 2, keep-with-next
     42          static void cbStepsWin(WM_MESSAGE * pMsg) {
     43          
     44              struct PressEvt *press_event;
                                      ^
Warning[Pe550]: variable "press_event" was set but never used
     45              switch (pMsg->MsgId)
   \                     _Z10cbStepsWinP10WM_MESSAGE: (+1)
   \   00000000   0x6801             LDR      R1,[R0, #+0]
   \   00000002   0x290C             CMP      R1,#+12
   \   00000004   0xD100             BNE.N    ??cbStepsWin_0
   \   00000006   0x4770             BX       LR
   \                     ??cbStepsWin_0: (+1)
   \   00000008   0xB510             PUSH     {R4,LR}
   \   0000000A   0x290D             CMP      R1,#+13
   \   0000000C   0xF000 0x80FA      BEQ.W    ??cbStepsWin_1
   \   00000010   0x290F             CMP      R1,#+15
   \   00000012   0xD002             BEQ.N    ??cbStepsWin_2
   \   00000014   0x2926             CMP      R1,#+38
   \   00000016   0xD028             BEQ.N    ??cbStepsWin_3
   \   00000018   0xE0F0             B.N      ??cbStepsWin_4
     46              {
     47              	case WM_PAINT:
     48          			//GUI_SetColor(gCfgItems.state_background_color);
     49          			//GUI_DrawRect(LCD_WIDTH/4+X_ADD, 0, LCD_WIDTH *3 / 4-X_INTERVAL, imgHeight /2 -15);
     50          			GUI_SetColor(0xff5449);
   \                     ??cbStepsWin_2: (+1)
   \   0000001A   0x.... 0x....      LDR.W    R0,??DataTable7  ;; 0xff5449
   \   0000001E   0x.... 0x....      BL       GUI_SetColor
     51          
     52          			GUI_FillRect(10, 90, 470,90);
   \   00000022   0x235A             MOVS     R3,#+90
   \   00000024   0xF44F 0x72EB      MOV      R2,#+470
   \   00000028   0x215A             MOVS     R1,#+90
   \   0000002A   0x200A             MOVS     R0,#+10
   \   0000002C   0x.... 0x....      BL       GUI_FillRect
     53                      if(current_page != 1)
   \   00000030   0x.... 0x....      LDR.W    R0,??DataTable7_1
   \   00000034   0x7800             LDRB     R0,[R0, #+0]
   \   00000036   0x2801             CMP      R0,#+1
   \   00000038   0xF000 0x80E4      BEQ.W    ??cbStepsWin_1
     54                      {            
     55                          GUI_FillRect(10, 140, 470,140);
   \   0000003C   0x238C             MOVS     R3,#+140
   \   0000003E   0xF44F 0x72EB      MOV      R2,#+470
   \   00000042   0x218C             MOVS     R1,#+140
   \   00000044   0x200A             MOVS     R0,#+10
   \   00000046   0x.... 0x....      BL       GUI_FillRect
     56                          GUI_FillRect(10, 190, 470,190);
   \   0000004A   0x23BE             MOVS     R3,#+190
   \   0000004C   0xF44F 0x72EB      MOV      R2,#+470
   \   00000050   0x4619             MOV      R1,R3
   \   00000052   0x200A             MOVS     R0,#+10
   \   00000054   0x.... 0x....      BL       GUI_FillRect
     57                          GUI_FillRect(10, 240, 470,240);
   \   00000058   0xE8BD 0x4010      POP      {R4,LR}
   \   0000005C   0x23F0             MOVS     R3,#+240
   \   0000005E   0xF44F 0x72EB      MOV      R2,#+470
   \   00000062   0x4619             MOV      R1,R3
   \   00000064   0x200A             MOVS     R0,#+10
   \   00000066   0x.... 0x....      B.W      GUI_FillRect
     58                      }
     59                      //GUI_FillRect(10, 264, 470,264);
     60                      //GUI_FillRect(10, 310, 470,310);
     61          
     62              		break;
     63              	case WM_TOUCH:
     64              	 	press_event = (struct PressEvt *)pMsg->Data.p;
     65              		
     66              		break;
     67              	case WM_TOUCH_CHILD:
     68              		press_event = (struct PressEvt *)pMsg->Data.p;
     69          
     70              		break;
     71              		
     72              	case WM_NOTIFY_PARENT:
     73              		if(pMsg->Data.v == WM_NOTIFICATION_RELEASED)
   \                     ??cbStepsWin_3: (+1)
   \   0000006A   0x6881             LDR      R1,[R0, #+8]
   \   0000006C   0x2902             CMP      R1,#+2
   \   0000006E   0xF040 0x80C9      BNE.W    ??cbStepsWin_1
     74              		{
     75              			if(pMsg->hWinSrc == button_back.btnHandle)
   \   00000072   0x.... 0x....      LDR.W    R1,??DataTable7_2
   \   00000076   0xF9B0 0x0006      LDRSH    R0,[R0, #+6]
   \   0000007A   0xF9B1 0x2018      LDRSH    R2,[R1, #+24]
   \   0000007E   0x.... 0x....      LDR.W    R4,??DataTable7_1
   \   00000082   0x4290             CMP      R0,R2
   \   00000084   0xD117             BNE.N    ??cbStepsWin_5
     76              			{
     77              			    current_page = 0;
   \   00000086   0x2000             MOVS     R0,#+0
   \   00000088   0x7020             STRB     R0,[R4, #+0]
     78              				last_disp_state = STEPS_UI;
   \   0000008A   0x2033             MOVS     R0,#+51
   \   0000008C   0x.... 0x....      LDR.W    R1,??DataTable7_3
   \   00000090   0x7008             STRB     R0,[R1, #+0]
     79              				Clear_Steps();
   \   00000092   0x.... 0x....      LDR.W    R0,??DataTable7_4
   \   00000096   0x6940             LDR      R0,[R0, #+20]
   \   00000098   0x.... 0x....      BL       GUI_SetBkColor
   \   0000009C   0xF9B4 0x0002      LDRSH    R0,[R4, #+2]
   \   000000A0   0x.... 0x....      BL       WM_IsWindow
   \   000000A4   0xB118             CBZ.N    R0,??cbStepsWin_6
   \   000000A6   0xF9B4 0x0002      LDRSH    R0,[R4, #+2]
   \   000000AA   0x.... 0x....      BL       WM_DeleteWindow
     80              				draw_return_ui();
   \                     ??cbStepsWin_6: (+1)
   \   000000AE   0xE8BD 0x4010      POP      {R4,LR}
   \   000000B2   0x.... 0x....      B.W      draw_return_ui
     81              			}	
     82                          else if(pMsg->hWinSrc == button_next.btnHandle)
   \                     ??cbStepsWin_5: (+1)
   \   000000B6   0x.... 0x....      LDR.W    R2,??DataTable7_5
   \   000000BA   0xF9B2 0x3018      LDRSH    R3,[R2, #+24]
   \   000000BE   0x4298             CMP      R0,R3
   \   000000C0   0xBF08             IT       EQ 
     83                          {
     84                              current_page = 1;
   \   000000C2   0x2001             MOVEQ    R0,#+1
   \   000000C4   0xD004             BEQ.N    ??cbStepsWin_7
     85                              last_disp_state = STEPS_UI;
     86                              Clear_Steps();
     87                              draw_Steps();
     88                          }
     89                          else if(pMsg->hWinSrc == button_previous.btnHandle)
   \   000000C6   0xF9B1 0x1000      LDRSH    R1,[R1, #+0]
   \   000000CA   0x4288             CMP      R0,R1
   \   000000CC   0xD116             BNE.N    ??cbStepsWin_8
     90                          {
     91                              current_page = 0;
   \   000000CE   0x2000             MOVS     R0,#+0
   \                     ??cbStepsWin_7: (+1)
   \   000000D0   0x7020             STRB     R0,[R4, #+0]
     92                              last_disp_state = STEPS_UI;
   \   000000D2   0x2033             MOVS     R0,#+51
   \   000000D4   0x.... 0x....      LDR.W    R1,??DataTable7_3
   \   000000D8   0x7008             STRB     R0,[R1, #+0]
     93                              Clear_Steps();
   \   000000DA   0x.... 0x....      LDR.W    R0,??DataTable7_4
   \   000000DE   0x6940             LDR      R0,[R0, #+20]
   \   000000E0   0x.... 0x....      BL       GUI_SetBkColor
   \   000000E4   0xF9B4 0x0002      LDRSH    R0,[R4, #+2]
   \   000000E8   0x.... 0x....      BL       WM_IsWindow
   \   000000EC   0xB118             CBZ.N    R0,??cbStepsWin_9
   \   000000EE   0xF9B4 0x0002      LDRSH    R0,[R4, #+2]
   \   000000F2   0x.... 0x....      BL       WM_DeleteWindow
     94                              draw_Steps();
   \                     ??cbStepsWin_9: (+1)
   \   000000F6   0xE8BD 0x4010      POP      {R4,LR}
   \   000000FA   0x....             B.N      draw_Steps
     95                          }                
     96              			else if(pMsg->hWinSrc == XSteps_value.btnHandle)
   \                     ??cbStepsWin_8: (+1)
   \   000000FC   0xF9B4 0x1004      LDRSH    R1,[R4, #+4]
   \   00000100   0x4288             CMP      R0,R1
   \   00000102   0xD113             BNE.N    ??cbStepsWin_10
     97              			{
     98              				last_disp_state = STEPS_UI;
   \   00000104   0x.... 0x....      LDR.W    R1,??DataTable7_3
   \   00000108   0x2033             MOVS     R0,#+51
   \   0000010A   0x7008             STRB     R0,[R1, #+0]
     99              				Clear_Steps();
   \   0000010C   0x.... 0x....      LDR.W    R0,??DataTable7_4
   \   00000110   0x6940             LDR      R0,[R0, #+20]
   \   00000112   0x.... 0x....      BL       GUI_SetBkColor
   \   00000116   0xF9B4 0x0002      LDRSH    R0,[R4, #+2]
   \   0000011A   0x.... 0x....      BL       WM_IsWindow
   \   0000011E   0xB118             CBZ.N    R0,??cbStepsWin_11
   \   00000120   0xF9B4 0x0002      LDRSH    R0,[R4, #+2]
   \   00000124   0x.... 0x....      BL       WM_DeleteWindow
    100                 				value=Xstep;
   \                     ??cbStepsWin_11: (+1)
   \   00000128   0x2033             MOVS     R0,#+51
   \   0000012A   0xE060             B.N      ??cbStepsWin_12
    101                              draw_NumberKey();    				
    102              			}
    103              			else if(pMsg->hWinSrc == YSteps_value.btnHandle)
   \                     ??cbStepsWin_10: (+1)
   \   0000012C   0xF9B4 0x101C      LDRSH    R1,[R4, #+28]
   \   00000130   0x4288             CMP      R0,R1
   \   00000132   0xD113             BNE.N    ??cbStepsWin_13
    104          
    105              			{
    106              				last_disp_state = STEPS_UI;
   \   00000134   0x.... 0x....      LDR.W    R1,??DataTable7_3
   \   00000138   0x2033             MOVS     R0,#+51
   \   0000013A   0x7008             STRB     R0,[R1, #+0]
    107              				Clear_Steps();
   \   0000013C   0x.... 0x....      LDR.W    R0,??DataTable7_4
   \   00000140   0x6940             LDR      R0,[R0, #+20]
   \   00000142   0x.... 0x....      BL       GUI_SetBkColor
   \   00000146   0xF9B4 0x0002      LDRSH    R0,[R4, #+2]
   \   0000014A   0x.... 0x....      BL       WM_IsWindow
   \   0000014E   0xB118             CBZ.N    R0,??cbStepsWin_14
   \   00000150   0xF9B4 0x0002      LDRSH    R0,[R4, #+2]
   \   00000154   0x.... 0x....      BL       WM_DeleteWindow
    108                 				value=Ystep;
   \                     ??cbStepsWin_14: (+1)
   \   00000158   0x2034             MOVS     R0,#+52
   \   0000015A   0xE048             B.N      ??cbStepsWin_12
    109                              draw_NumberKey();    				
    110              			}
    111              			else if(pMsg->hWinSrc == ZSteps_value.btnHandle)
   \                     ??cbStepsWin_13: (+1)
   \   0000015C   0x.... 0x....      LDR.W    R1,??DataTable7_6
   \   00000160   0xF9B1 0x3000      LDRSH    R3,[R1, #+0]
   \   00000164   0x4298             CMP      R0,R3
   \   00000166   0xD113             BNE.N    ??cbStepsWin_15
    112          
    113              			{
    114              				last_disp_state = STEPS_UI;
   \   00000168   0x.... 0x....      LDR.W    R1,??DataTable7_3
   \   0000016C   0x2033             MOVS     R0,#+51
   \   0000016E   0x7008             STRB     R0,[R1, #+0]
    115              				Clear_Steps();
   \   00000170   0x.... 0x....      LDR.W    R0,??DataTable7_4
   \   00000174   0x6940             LDR      R0,[R0, #+20]
   \   00000176   0x.... 0x....      BL       GUI_SetBkColor
   \   0000017A   0xF9B4 0x0002      LDRSH    R0,[R4, #+2]
   \   0000017E   0x.... 0x....      BL       WM_IsWindow
   \   00000182   0xB118             CBZ.N    R0,??cbStepsWin_16
   \   00000184   0xF9B4 0x0002      LDRSH    R0,[R4, #+2]
   \   00000188   0x.... 0x....      BL       WM_DeleteWindow
    116                  			value=Zstep;
   \                     ??cbStepsWin_16: (+1)
   \   0000018C   0x2035             MOVS     R0,#+53
   \   0000018E   0xE02E             B.N      ??cbStepsWin_12
    117                              draw_NumberKey();                   
    118              		
    119              			}       
    120              			else if(pMsg->hWinSrc == E0Steps_value.btnHandle)
   \                     ??cbStepsWin_15: (+1)
   \   00000190   0xF9B1 0x1018      LDRSH    R1,[R1, #+24]
   \   00000194   0x4288             CMP      R0,R1
   \   00000196   0xD113             BNE.N    ??cbStepsWin_17
    121          
    122              			{
    123              				last_disp_state = STEPS_UI;
   \   00000198   0x.... 0x....      LDR.W    R1,??DataTable7_3
   \   0000019C   0x2033             MOVS     R0,#+51
   \   0000019E   0x7008             STRB     R0,[R1, #+0]
    124              				Clear_Steps();
   \   000001A0   0x.... 0x....      LDR.W    R0,??DataTable7_4
   \   000001A4   0x6940             LDR      R0,[R0, #+20]
   \   000001A6   0x.... 0x....      BL       GUI_SetBkColor
   \   000001AA   0xF9B4 0x0002      LDRSH    R0,[R4, #+2]
   \   000001AE   0x.... 0x....      BL       WM_IsWindow
   \   000001B2   0xB118             CBZ.N    R0,??cbStepsWin_18
   \   000001B4   0xF9B4 0x0002      LDRSH    R0,[R4, #+2]
   \   000001B8   0x.... 0x....      BL       WM_DeleteWindow
    125                 				value=E0step;
   \                     ??cbStepsWin_18: (+1)
   \   000001BC   0x2036             MOVS     R0,#+54
   \   000001BE   0xE016             B.N      ??cbStepsWin_12
    126                              draw_NumberKey();
    127          
    128              			}
    129              			else if(pMsg->hWinSrc == E1Steps_value.btnHandle)
   \                     ??cbStepsWin_17: (+1)
   \   000001C0   0xF9B2 0x1000      LDRSH    R1,[R2, #+0]
   \   000001C4   0x4288             CMP      R0,R1
   \   000001C6   0xD11D             BNE.N    ??cbStepsWin_1
    130          
    131              			{
    132              				last_disp_state = STEPS_UI;
   \   000001C8   0x.... 0x....      LDR.W    R1,??DataTable7_3
   \   000001CC   0x2033             MOVS     R0,#+51
   \   000001CE   0x7008             STRB     R0,[R1, #+0]
    133              				Clear_Steps();
   \   000001D0   0x.... 0x....      LDR.W    R0,??DataTable7_4
   \   000001D4   0x6940             LDR      R0,[R0, #+20]
   \   000001D6   0x.... 0x....      BL       GUI_SetBkColor
   \   000001DA   0xF9B4 0x0002      LDRSH    R0,[R4, #+2]
   \   000001DE   0x.... 0x....      BL       WM_IsWindow
   \   000001E2   0xB118             CBZ.N    R0,??cbStepsWin_19
   \   000001E4   0xF9B4 0x0002      LDRSH    R0,[R4, #+2]
   \   000001E8   0x.... 0x....      BL       WM_DeleteWindow
    134                 				value=E1step;
   \                     ??cbStepsWin_19: (+1)
   \   000001EC   0x2037             MOVS     R0,#+55
   \                     ??cbStepsWin_12: (+1)
   \   000001EE   0x.... 0x....      LDR.W    R1,??DataTable7_7
   \   000001F2   0x7008             STRB     R0,[R1, #+0]
    135                              draw_NumberKey();
   \   000001F4   0xE8BD 0x4010      POP      {R4,LR}
   \   000001F8   0x.... 0x....      B.W      draw_NumberKey
    136          
    137              			}  
    138                          #if 0
    139              			else if(pMsg->hWinSrc == XSteps_default.btnHandle)
    140          
    141              			{
    142              				last_disp_state = STEPS_UI;
    143              				Clear_Steps();
    144          
    145              			} 
    146              			else if(pMsg->hWinSrc == YSteps_default.btnHandle)
    147          
    148              			{
    149              				last_disp_state = STEPS_UI;
    150              				Clear_Steps();
    151          
    152              			}  
    153              			else if(pMsg->hWinSrc == ZSteps_default.btnHandle)
    154          
    155              			{
    156              				last_disp_state = STEPS_UI;
    157              				Clear_Steps();
    158          
    159              			} 
    160              			else if(pMsg->hWinSrc == E0Steps_default.btnHandle)
    161          
    162              			{
    163              				last_disp_state = STEPS_UI;
    164              				Clear_Steps();
    165          
    166              			}   
    167              			else if(pMsg->hWinSrc == E1Steps_default.btnHandle)
    168          
    169              			{
    170              				last_disp_state = STEPS_UI;
    171              				Clear_Steps();
    172          
    173              			}  
    174                           #endif
    175              		}
    176              		break;
    177              		
    178              	default:
    179              		WM_DefaultProc(pMsg);
   \                     ??cbStepsWin_4: (+1)
   \   000001FC   0xE8BD 0x4010      POP      {R4,LR}
   \   00000200   0x.... 0x....      B.W      WM_DefaultProc
    180              	}
    181          }
   \                     ??cbStepsWin_1: (+1)
   \   00000204   0xBD10             POP      {R4,PC}          ;; return
    182          
    183          

   \                                 In section .text, align 2, keep-with-next
    184          void draw_Steps()
    185          {   
   \                     draw_Steps: (+1)
   \   00000000   0xE92D 0x4FF0      PUSH     {R4-R11,LR}
    186              int i;
                         ^
Warning[Pe177]: variable "i" was declared but never referenced

  static BUTTON_STRUCT XSteps_default,YSteps_default,ZSteps_default,E0Steps_default,E1Steps_default;
                       ^
"D:\MKS-Robin-Nano-Firmware-v2.x.x\MKS-Robin-Nano-Firmware\User\ui\draw_steps.cpp",14  Warning[Pe550]: 
          variable "XSteps_default" was set but never used

  static BUTTON_STRUCT XSteps_default,YSteps_default,ZSteps_default,E0Steps_default,E1Steps_default;
                                      ^
"D:\MKS-Robin-Nano-Firmware-v2.x.x\MKS-Robin-Nano-Firmware\User\ui\draw_steps.cpp",14  Warning[Pe550]: 
          variable "YSteps_default" was set but never used

  static BUTTON_STRUCT XSteps_default,YSteps_default,ZSteps_default,E0Steps_default,E1Steps_default;
                                                     ^
"D:\MKS-Robin-Nano-Firmware-v2.x.x\MKS-Robin-Nano-Firmware\User\ui\draw_steps.cpp",14  Warning[Pe550]: 
          variable "ZSteps_default" was set but never used

  static BUTTON_STRUCT XSteps_default,YSteps_default,ZSteps_default,E0Steps_default,E1Steps_default;
                                                                    ^
"D:\MKS-Robin-Nano-Firmware-v2.x.x\MKS-Robin-Nano-Firmware\User\ui\draw_steps.cpp",14  Warning[Pe550]: 
          variable "E0Steps_default" was set but never used

  static BUTTON_STRUCT XSteps_default,YSteps_default,ZSteps_default,E0Steps_default,E1Steps_default;
                                                                                    ^
"D:\MKS-Robin-Nano-Firmware-v2.x.x\MKS-Robin-Nano-Firmware\User\ui\draw_steps.cpp",14  Warning[Pe550]: 
          variable "E1Steps_default" was set but never used
    187          
    188          
    189              btnHandle_rest();
   \   00000004   0x.... 0x....      LDR.W    R11,??DataTable7_8
   \   00000008   0x.... 0x....      LDR.W    R5,??DataTable7_1
   \   0000000C   0x.... 0x....      LDR.W    R6,??DataTable7_6
   \   00000010   0x.... 0x....      LDR.W    R9,??DataTable7_5
   \   00000014   0x.... 0x....      LDR.W    R8,??DataTable7_2
   \   00000018   0x2000             MOVS     R0,#+0
   \   0000001A   0xF8AB 0x0000      STRH     R0,[R11, #+0]
   \   0000001E   0x80A8             STRH     R0,[R5, #+4]
   \   00000020   0xF8AB 0x0018      STRH     R0,[R11, #+24]
   \   00000024   0x83A8             STRH     R0,[R5, #+28]
   \   00000026   0xF8AB 0x0030      STRH     R0,[R11, #+48]
   \   0000002A   0x8030             STRH     R0,[R6, #+0]
   \   0000002C   0xF8AB 0x0048      STRH     R0,[R11, #+72]
   \   00000030   0x8330             STRH     R0,[R6, #+24]
   \   00000032   0xF8AB 0x0060      STRH     R0,[R11, #+96]
   \   00000036   0xF8A9 0x0000      STRH     R0,[R9, #+0]
   \   0000003A   0xF8A8 0x0000      STRH     R0,[R8, #+0]
   \   0000003E   0xF8A9 0x0018      STRH     R0,[R9, #+24]
   \   00000042   0xF8A8 0x0018      STRH     R0,[R8, #+24]
   \   00000046   0xB085             SUB      SP,SP,#+20
    190              
    191              if(disp_state_stack._disp_state[disp_state_stack._disp_index] != STEPS_UI)
   \   00000048   0x.... 0x....      LDR.W    R0,??DataTable7_9
   \   0000004C   0xF990 0x1064      LDRSB    R1,[R0, #+100]
   \   00000050   0x560A             LDRSB    R2,[R1, R0]
   \   00000052   0x2A33             CMP      R2,#+51
   \   00000054   0xD005             BEQ.N    ??draw_Steps_0
    192              {
    193                  disp_state_stack._disp_index++;
   \   00000056   0x1C49             ADDS     R1,R1,#+1
   \   00000058   0xF880 0x1064      STRB     R1,[R0, #+100]
    194                  disp_state_stack._disp_state[disp_state_stack._disp_index] = STEPS_UI;
   \   0000005C   0x2233             MOVS     R2,#+51
   \   0000005E   0xB249             SXTB     R1,R1
   \   00000060   0x540A             STRB     R2,[R1, R0]
    195              }
    196              disp_state = STEPS_UI;
   \                     ??draw_Steps_0: (+1)
   \   00000062   0x2033             MOVS     R0,#+51
   \   00000064   0x.... 0x....      LDR.W    R1,??DataTable7_10
    197              
    198              GUI_SetBkColor(gCfgItems.background_color);
   \   00000068   0x.... 0x....      LDR.W    R4,??DataTable7_4
   \   0000006C   0x7008             STRB     R0,[R1, #+0]
   \   0000006E   0x1D27             ADDS     R7,R4,#+4
   \   00000070   0x6938             LDR      R0,[R7, #+16]
   \   00000072   0x.... 0x....      BL       GUI_SetBkColor
    199              GUI_SetColor(gCfgItems.title_color);
   \   00000076   0x6978             LDR      R0,[R7, #+20]
   \   00000078   0x.... 0x....      BL       GUI_SetColor
    200              GUI_Clear();
   \   0000007C   0x.... 0x....      BL       GUI_Clear
   \   00000080   0x.... 0x....      LDR.W    R0,??DataTable7_11
   \   00000084   0xF8D0 0x01C8      LDR      R0,[R0, #+456]
   \   00000088   0x2205             MOVS     R2,#+5
   \   0000008A   0x2103             MOVS     R1,#+3
    201              
    202              GUI_DispStringAt(machine_menu.StepsConfTitle, TITLE_XPOS, TITLE_YPOS);
   \   0000008C   0x.... 0x....      BL       GUI_DispStringAt
    203          
    204              hStepsWnd = WM_CreateWindow(0, 0, LCD_WIDTH, LCD_HEIGHT, WM_CF_SHOW, cbStepsWin, 0);
   \   00000090   0x2000             MOVS     R0,#+0
   \   00000092   0x9002             STR      R0,[SP, #+8]
   \   00000094   0xF44F 0x73A0      MOV      R3,#+320
   \   00000098   0x.... 0x....      LDR.W    R0,??DataTable7_12
   \   0000009C   0x9001             STR      R0,[SP, #+4]
   \   0000009E   0xF44F 0x72F0      MOV      R2,#+480
   \   000000A2   0x2002             MOVS     R0,#+2
   \   000000A4   0x9000             STR      R0,[SP, #+0]
   \   000000A6   0x2100             MOVS     R1,#+0
   \   000000A8   0x2000             MOVS     R0,#+0
   \   000000AA   0x.... 0x....      BL       WM_CreateWindow
   \   000000AE   0x8068             STRH     R0,[R5, #+2]
   \   000000B0   0x.... 0x....      LDR.W    R10,??DataTable7_13
   \   000000B4   0x7828             LDRB     R0,[R5, #+0]
   \   000000B6   0x2801             CMP      R0,#+1
   \   000000B8   0xF000 0x81D9      BEQ.W    ??draw_Steps_1
    205          
    206              if(current_page != 1)
    207              {
    208                  XSteps_text.btnHandle = BUTTON_CreateEx(10,50,240,40,hStepsWnd, BUTTON_CF_SHOW, 0, alloc_win_id());
   \   000000BC   0x.... 0x....      BL       alloc_win_id
   \   000000C0   0x9003             STR      R0,[SP, #+12]
   \   000000C2   0x2328             MOVS     R3,#+40
   \   000000C4   0x2000             MOVS     R0,#+0
   \   000000C6   0x9002             STR      R0,[SP, #+8]
   \   000000C8   0x22F0             MOVS     R2,#+240
   \   000000CA   0x2002             MOVS     R0,#+2
   \   000000CC   0x9001             STR      R0,[SP, #+4]
   \   000000CE   0x2132             MOVS     R1,#+50
   \   000000D0   0x5E28             LDRSH    R0,[R5, R0]
   \   000000D2   0x9000             STR      R0,[SP, #+0]
   \   000000D4   0x200A             MOVS     R0,#+10
   \   000000D6   0x.... 0x....      BL       BUTTON_CreateEx
   \   000000DA   0xF8AB 0x0000      STRH     R0,[R11, #+0]
    209                  //XSteps_value.btnHandle = BUTTON_CreateEx(270,50,90,40,hStepsWnd, BUTTON_CF_SHOW, 0, alloc_win_id());
    210                  XSteps_value.btnHandle = BUTTON_CreateEx(400,50+5,VALUE_DEFAULT_X,VALUE_DEFAULT_Y,hStepsWnd, BUTTON_CF_SHOW, 0, alloc_win_id());
   \   000000DE   0x.... 0x....      BL       alloc_win_id
   \   000000E2   0x9003             STR      R0,[SP, #+12]
   \   000000E4   0x231C             MOVS     R3,#+28
   \   000000E6   0x2000             MOVS     R0,#+0
   \   000000E8   0x9002             STR      R0,[SP, #+8]
   \   000000EA   0x2246             MOVS     R2,#+70
   \   000000EC   0x2002             MOVS     R0,#+2
   \   000000EE   0x9001             STR      R0,[SP, #+4]
   \   000000F0   0x2137             MOVS     R1,#+55
   \   000000F2   0x5E28             LDRSH    R0,[R5, R0]
   \   000000F4   0x9000             STR      R0,[SP, #+0]
   \   000000F6   0xF44F 0x70C8      MOV      R0,#+400
   \   000000FA   0x.... 0x....      BL       BUTTON_CreateEx
   \   000000FE   0x80A8             STRH     R0,[R5, #+4]
    211          
    212                  YSteps_text.btnHandle = BUTTON_CreateEx(10,100,240,40,hStepsWnd, BUTTON_CF_SHOW, 0, alloc_win_id());
   \   00000100   0x.... 0x....      BL       alloc_win_id
   \   00000104   0x9003             STR      R0,[SP, #+12]
   \   00000106   0x2328             MOVS     R3,#+40
   \   00000108   0x2000             MOVS     R0,#+0
   \   0000010A   0x9002             STR      R0,[SP, #+8]
   \   0000010C   0x22F0             MOVS     R2,#+240
   \   0000010E   0x2002             MOVS     R0,#+2
   \   00000110   0x9001             STR      R0,[SP, #+4]
   \   00000112   0x2164             MOVS     R1,#+100
   \   00000114   0x5E28             LDRSH    R0,[R5, R0]
   \   00000116   0x9000             STR      R0,[SP, #+0]
   \   00000118   0x200A             MOVS     R0,#+10
   \   0000011A   0x.... 0x....      BL       BUTTON_CreateEx
   \   0000011E   0xF8AB 0x0018      STRH     R0,[R11, #+24]
    213                  //YSteps_value.btnHandle = BUTTON_CreateEx(270,100,90,40,hStepsWnd, BUTTON_CF_SHOW, 0, alloc_win_id());
    214                  YSteps_value.btnHandle = BUTTON_CreateEx(400,100+5,VALUE_DEFAULT_X,VALUE_DEFAULT_Y,hStepsWnd, BUTTON_CF_SHOW, 0, alloc_win_id());
   \   00000122   0x.... 0x....      BL       alloc_win_id
   \   00000126   0x9003             STR      R0,[SP, #+12]
   \   00000128   0x231C             MOVS     R3,#+28
   \   0000012A   0x2000             MOVS     R0,#+0
   \   0000012C   0x9002             STR      R0,[SP, #+8]
   \   0000012E   0x2246             MOVS     R2,#+70
   \   00000130   0x2002             MOVS     R0,#+2
   \   00000132   0x9001             STR      R0,[SP, #+4]
   \   00000134   0x2169             MOVS     R1,#+105
   \   00000136   0x5E28             LDRSH    R0,[R5, R0]
   \   00000138   0x9000             STR      R0,[SP, #+0]
   \   0000013A   0xF44F 0x70C8      MOV      R0,#+400
   \   0000013E   0x.... 0x....      BL       BUTTON_CreateEx
   \   00000142   0x83A8             STRH     R0,[R5, #+28]
    215          
    216                  ZSteps_text.btnHandle = BUTTON_CreateEx(10,150,240,40,hStepsWnd, BUTTON_CF_SHOW, 0, alloc_win_id());
   \   00000144   0x.... 0x....      BL       alloc_win_id
   \   00000148   0x9003             STR      R0,[SP, #+12]
   \   0000014A   0x2328             MOVS     R3,#+40
   \   0000014C   0x2000             MOVS     R0,#+0
   \   0000014E   0x9002             STR      R0,[SP, #+8]
   \   00000150   0x22F0             MOVS     R2,#+240
   \   00000152   0x2002             MOVS     R0,#+2
   \   00000154   0x9001             STR      R0,[SP, #+4]
   \   00000156   0x2196             MOVS     R1,#+150
   \   00000158   0x5E28             LDRSH    R0,[R5, R0]
   \   0000015A   0x9000             STR      R0,[SP, #+0]
   \   0000015C   0x200A             MOVS     R0,#+10
   \   0000015E   0x.... 0x....      BL       BUTTON_CreateEx
   \   00000162   0xF8AB 0x0030      STRH     R0,[R11, #+48]
    217                  //ZSteps_value.btnHandle = BUTTON_CreateEx(270,150,90,40,hStepsWnd, BUTTON_CF_SHOW, 0, alloc_win_id());
    218                  ZSteps_value.btnHandle = BUTTON_CreateEx(400,150+5,VALUE_DEFAULT_X,VALUE_DEFAULT_Y,hStepsWnd, BUTTON_CF_SHOW, 0, alloc_win_id());
   \   00000166   0x.... 0x....      BL       alloc_win_id
   \   0000016A   0x9003             STR      R0,[SP, #+12]
   \   0000016C   0x231C             MOVS     R3,#+28
   \   0000016E   0x2000             MOVS     R0,#+0
   \   00000170   0x9002             STR      R0,[SP, #+8]
   \   00000172   0x2246             MOVS     R2,#+70
   \   00000174   0x2002             MOVS     R0,#+2
   \   00000176   0x9001             STR      R0,[SP, #+4]
   \   00000178   0x219B             MOVS     R1,#+155
   \   0000017A   0x5E28             LDRSH    R0,[R5, R0]
   \   0000017C   0x9000             STR      R0,[SP, #+0]
   \   0000017E   0xF44F 0x70C8      MOV      R0,#+400
   \   00000182   0x.... 0x....      BL       BUTTON_CreateEx
   \   00000186   0x8030             STRH     R0,[R6, #+0]
    219          
    220                  E0Steps_text.btnHandle = BUTTON_CreateEx(10,200,240,40,hStepsWnd, BUTTON_CF_SHOW, 0, alloc_win_id());
   \   00000188   0x.... 0x....      BL       alloc_win_id
   \   0000018C   0x9003             STR      R0,[SP, #+12]
   \   0000018E   0x2328             MOVS     R3,#+40
   \   00000190   0x2000             MOVS     R0,#+0
   \   00000192   0x9002             STR      R0,[SP, #+8]
   \   00000194   0x22F0             MOVS     R2,#+240
   \   00000196   0x2002             MOVS     R0,#+2
   \   00000198   0x9001             STR      R0,[SP, #+4]
   \   0000019A   0x21C8             MOVS     R1,#+200
   \   0000019C   0x5E28             LDRSH    R0,[R5, R0]
   \   0000019E   0x9000             STR      R0,[SP, #+0]
   \   000001A0   0x200A             MOVS     R0,#+10
   \   000001A2   0x.... 0x....      BL       BUTTON_CreateEx
   \   000001A6   0xF8AB 0x0048      STRH     R0,[R11, #+72]
    221                  //E0Steps_value.btnHandle = BUTTON_CreateEx(270,200,90,40,hStepsWnd, BUTTON_CF_SHOW, 0, alloc_win_id());
    222                  E0Steps_value.btnHandle = BUTTON_CreateEx(400,200+5,VALUE_DEFAULT_X,VALUE_DEFAULT_Y,hStepsWnd, BUTTON_CF_SHOW, 0, alloc_win_id());
   \   000001AA   0x.... 0x....      BL       alloc_win_id
   \   000001AE   0x9003             STR      R0,[SP, #+12]
   \   000001B0   0x231C             MOVS     R3,#+28
   \   000001B2   0x2000             MOVS     R0,#+0
   \   000001B4   0x9002             STR      R0,[SP, #+8]
   \   000001B6   0x2246             MOVS     R2,#+70
   \   000001B8   0x2002             MOVS     R0,#+2
   \   000001BA   0x9001             STR      R0,[SP, #+4]
   \   000001BC   0x21CD             MOVS     R1,#+205
   \   000001BE   0x5E28             LDRSH    R0,[R5, R0]
   \   000001C0   0x9000             STR      R0,[SP, #+0]
   \   000001C2   0xF44F 0x70C8      MOV      R0,#+400
   \   000001C6   0x.... 0x....      BL       BUTTON_CreateEx
   \   000001CA   0x8330             STRH     R0,[R6, #+24]
    223          
    224                  BUTTON_SetBmpFileName(XSteps_value.btnHandle, "bmp_value_blank.bin",1);        
   \   000001CC   0x2201             MOVS     R2,#+1
   \   000001CE   0xF9B5 0x0004      LDRSH    R0,[R5, #+4]
   \   000001D2   0x.... 0x....      ADR.W    R1,`?<Constant "bmp_value_blank.bin">`
   \   000001D6   0x.... 0x....      BL       BUTTON_SetBmpFileName
    225                  BUTTON_SetBmpFileName(YSteps_value.btnHandle, "bmp_value_blank.bin",1);
   \   000001DA   0xF9B5 0x001C      LDRSH    R0,[R5, #+28]
   \   000001DE   0x.... 0x....      ADR.W    R1,`?<Constant "bmp_value_blank.bin">`
   \   000001E2   0x2201             MOVS     R2,#+1
   \   000001E4   0x.... 0x....      BL       BUTTON_SetBmpFileName
    226                  BUTTON_SetBmpFileName(ZSteps_value.btnHandle, "bmp_value_blank.bin",1);
   \   000001E8   0xF9B6 0x0000      LDRSH    R0,[R6, #+0]
   \   000001EC   0x.... 0x....      ADR.W    R1,`?<Constant "bmp_value_blank.bin">`
   \   000001F0   0x2201             MOVS     R2,#+1
   \   000001F2   0x.... 0x....      BL       BUTTON_SetBmpFileName
    227                  BUTTON_SetBmpFileName(E0Steps_value.btnHandle, "bmp_value_blank.bin",1);
   \   000001F6   0xF9B6 0x0018      LDRSH    R0,[R6, #+24]
   \   000001FA   0x.... 0x....      ADR.W    R1,`?<Constant "bmp_value_blank.bin">`
   \   000001FE   0x2201             MOVS     R2,#+1
   \   00000200   0x.... 0x....      BL       BUTTON_SetBmpFileName
    228                  //BUTTON_SetBmpFileName(XSteps_default.btnHandle, "bmp_default.bin",1);
    229                  //BUTTON_SetBmpFileName(YSteps_default.btnHandle, "bmp_default.bin",1);     
    230                  //BUTTON_SetBmpFileName(ZSteps_default.btnHandle, "bmp_default.bin",1);
    231                  //BUTTON_SetBmpFileName(E0Steps_default.btnHandle, "bmp_default.bin",1);  
    232                  
    233                  BUTTON_SetBmpFileName(XSteps_text.btnHandle,NULL,1);        
   \   00000204   0x2100             MOVS     R1,#+0
   \   00000206   0x2201             MOVS     R2,#+1
   \   00000208   0xF93B 0x0001      LDRSH    R0,[R11, R1]
   \   0000020C   0x.... 0x....      BL       BUTTON_SetBmpFileName
    234                  BUTTON_SetBmpFileName(YSteps_text.btnHandle,NULL,1);
   \   00000210   0xF9BB 0x0018      LDRSH    R0,[R11, #+24]
   \   00000214   0x2201             MOVS     R2,#+1
   \   00000216   0x2100             MOVS     R1,#+0
   \   00000218   0x.... 0x....      BL       BUTTON_SetBmpFileName
    235                  BUTTON_SetBmpFileName(ZSteps_text.btnHandle,NULL,1);
   \   0000021C   0xF9BB 0x0030      LDRSH    R0,[R11, #+48]
   \   00000220   0x2201             MOVS     R2,#+1
   \   00000222   0x2100             MOVS     R1,#+0
   \   00000224   0x.... 0x....      BL       BUTTON_SetBmpFileName
    236                  BUTTON_SetBmpFileName(E0Steps_text.btnHandle,NULL,1);
   \   00000228   0xF9BB 0x0048      LDRSH    R0,[R11, #+72]
   \   0000022C   0x2201             MOVS     R2,#+1
   \   0000022E   0x2100             MOVS     R1,#+0
   \   00000230   0x.... 0x....      BL       BUTTON_SetBmpFileName
    237                  
    238                  BUTTON_SetBitmapEx(XSteps_value.btnHandle,0,&bmp_struct70X28,0,0);
   \   00000234   0x2000             MOVS     R0,#+0
   \   00000236   0x9000             STR      R0,[SP, #+0]
   \   00000238   0x4601             MOV      R1,R0
   \   0000023A   0xF9B5 0x0004      LDRSH    R0,[R5, #+4]
   \   0000023E   0x.... 0x....      LDR.W    R2,??DataTable7_14
   \   00000242   0x2300             MOVS     R3,#+0
   \   00000244   0x.... 0x....      BL       BUTTON_SetBitmapEx
    239                  BUTTON_SetBitmapEx(YSteps_value.btnHandle,0,&bmp_struct70X28,0,0);
   \   00000248   0x2000             MOVS     R0,#+0
   \   0000024A   0x9000             STR      R0,[SP, #+0]
   \   0000024C   0x4603             MOV      R3,R0
   \   0000024E   0x4601             MOV      R1,R0
   \   00000250   0xF9B5 0x001C      LDRSH    R0,[R5, #+28]
   \   00000254   0x.... 0x....      LDR.W    R2,??DataTable7_14
   \   00000258   0x.... 0x....      BL       BUTTON_SetBitmapEx
    240                  BUTTON_SetBitmapEx(ZSteps_value.btnHandle,0,&bmp_struct70X28,0,0);
   \   0000025C   0x.... 0x....      LDR.W    R2,??DataTable7_14
   \   00000260   0x2000             MOVS     R0,#+0
   \   00000262   0x9000             STR      R0,[SP, #+0]
   \   00000264   0x4603             MOV      R3,R0
   \   00000266   0x4601             MOV      R1,R0
   \   00000268   0x5E30             LDRSH    R0,[R6, R0]
   \   0000026A   0x.... 0x....      BL       BUTTON_SetBitmapEx
    241                  BUTTON_SetBitmapEx(E0Steps_value.btnHandle,0,&bmp_struct70X28,0,0); 
   \   0000026E   0x.... 0x....      LDR.W    R2,??DataTable7_14
   \   00000272   0x2000             MOVS     R0,#+0
   \   00000274   0x9000             STR      R0,[SP, #+0]
   \   00000276   0x4603             MOV      R3,R0
   \   00000278   0x4601             MOV      R1,R0
   \   0000027A   0xF9B6 0x0018      LDRSH    R0,[R6, #+24]
   \   0000027E   0x.... 0x....      BL       BUTTON_SetBitmapEx
    242                  //BUTTON_SetBitmapEx(XSteps_default.btnHandle,0,&bmp_struct70X28,0,5);
    243                  //BUTTON_SetBitmapEx(YSteps_default.btnHandle,0,&bmp_struct70X28,0,5);
    244                  //BUTTON_SetBitmapEx(ZSteps_default.btnHandle,0,&bmp_struct70X28,0,5);
    245                  //BUTTON_SetBitmapEx(E0Steps_default.btnHandle,0,&bmp_struct70X28,0,5); 
    246          
    247                  
    248                  BUTTON_SetTextAlign(XSteps_text.btnHandle,GUI_TA_LEFT|GUI_TA_VCENTER );
   \   00000282   0xF9BB 0x0000      LDRSH    R0,[R11, #+0]
   \   00000286   0x210C             MOVS     R1,#+12
   \   00000288   0x.... 0x....      BL       BUTTON_SetTextAlign
    249                  BUTTON_SetTextAlign(YSteps_text.btnHandle,GUI_TA_LEFT|GUI_TA_VCENTER );
   \   0000028C   0xF9BB 0x0018      LDRSH    R0,[R11, #+24]
   \   00000290   0x210C             MOVS     R1,#+12
   \   00000292   0x.... 0x....      BL       BUTTON_SetTextAlign
    250                  BUTTON_SetTextAlign(ZSteps_text.btnHandle,GUI_TA_LEFT|GUI_TA_VCENTER );
   \   00000296   0xF9BB 0x0030      LDRSH    R0,[R11, #+48]
   \   0000029A   0x210C             MOVS     R1,#+12
   \   0000029C   0x.... 0x....      BL       BUTTON_SetTextAlign
    251                  BUTTON_SetTextAlign(E0Steps_text.btnHandle,GUI_TA_LEFT|GUI_TA_VCENTER );   
   \   000002A0   0xF9BB 0x0048      LDRSH    R0,[R11, #+72]
   \   000002A4   0x210C             MOVS     R1,#+12
   \   000002A6   0x.... 0x....      BL       BUTTON_SetTextAlign
    252                  BUTTON_SetTextAlign(XSteps_value.btnHandle,GUI_TA_HCENTER|GUI_TA_VCENTER );
   \   000002AA   0xF9B5 0x0004      LDRSH    R0,[R5, #+4]
   \   000002AE   0x210E             MOVS     R1,#+14
   \   000002B0   0x.... 0x....      BL       BUTTON_SetTextAlign
    253                  BUTTON_SetTextAlign(YSteps_value.btnHandle,GUI_TA_HCENTER|GUI_TA_VCENTER );
   \   000002B4   0xF9B5 0x001C      LDRSH    R0,[R5, #+28]
   \   000002B8   0x210E             MOVS     R1,#+14
   \   000002BA   0x.... 0x....      BL       BUTTON_SetTextAlign
    254                  BUTTON_SetTextAlign(ZSteps_value.btnHandle,GUI_TA_HCENTER|GUI_TA_VCENTER );
   \   000002BE   0xF9B6 0x0000      LDRSH    R0,[R6, #+0]
   \   000002C2   0x210E             MOVS     R1,#+14
   \   000002C4   0x.... 0x....      BL       BUTTON_SetTextAlign
    255                  BUTTON_SetTextAlign(E0Steps_value.btnHandle,GUI_TA_HCENTER|GUI_TA_VCENTER ); 
   \   000002C8   0xF9B6 0x0018      LDRSH    R0,[R6, #+24]
   \   000002CC   0x210E             MOVS     R1,#+14
   \   000002CE   0x.... 0x....      BL       BUTTON_SetTextAlign
    256          
    257                  BUTTON_SetBkColor(XSteps_value.btnHandle, BUTTON_CI_PRESSED, gCfgItems.value_bk_color);
   \   000002D2   0x6862             LDR      R2,[R4, #+4]
   \   000002D4   0xF9B5 0x0004      LDRSH    R0,[R5, #+4]
   \   000002D8   0x2101             MOVS     R1,#+1
   \   000002DA   0x.... 0x....      BL       BUTTON_SetBkColor
    258                  BUTTON_SetBkColor(XSteps_value.btnHandle, BUTTON_CI_UNPRESSED, gCfgItems.value_bk_color); 
   \   000002DE   0x6862             LDR      R2,[R4, #+4]
   \   000002E0   0xF9B5 0x0004      LDRSH    R0,[R5, #+4]
   \   000002E4   0x2100             MOVS     R1,#+0
   \   000002E6   0x.... 0x....      BL       BUTTON_SetBkColor
    259                  BUTTON_SetTextColor(XSteps_value.btnHandle, BUTTON_CI_PRESSED, gCfgItems.value_text_color);
   \   000002EA   0x687A             LDR      R2,[R7, #+4]
   \   000002EC   0xF9B5 0x0004      LDRSH    R0,[R5, #+4]
   \   000002F0   0x2101             MOVS     R1,#+1
   \   000002F2   0x.... 0x....      BL       BUTTON_SetTextColor
    260                  BUTTON_SetTextColor(XSteps_value.btnHandle, BUTTON_CI_UNPRESSED, gCfgItems.value_text_color); 
   \   000002F6   0x687A             LDR      R2,[R7, #+4]
   \   000002F8   0xF9B5 0x0004      LDRSH    R0,[R5, #+4]
   \   000002FC   0x2100             MOVS     R1,#+0
   \   000002FE   0x.... 0x....      BL       BUTTON_SetTextColor
    261          
    262                  BUTTON_SetBkColor(YSteps_value.btnHandle, BUTTON_CI_PRESSED, gCfgItems.value_bk_color);
   \   00000302   0x6862             LDR      R2,[R4, #+4]
   \   00000304   0xF9B5 0x001C      LDRSH    R0,[R5, #+28]
   \   00000308   0x2101             MOVS     R1,#+1
   \   0000030A   0x.... 0x....      BL       BUTTON_SetBkColor
    263                  BUTTON_SetBkColor(YSteps_value.btnHandle, BUTTON_CI_UNPRESSED, gCfgItems.value_bk_color); 
   \   0000030E   0x6862             LDR      R2,[R4, #+4]
   \   00000310   0xF9B5 0x001C      LDRSH    R0,[R5, #+28]
   \   00000314   0x2100             MOVS     R1,#+0
   \   00000316   0x.... 0x....      BL       BUTTON_SetBkColor
    264                  BUTTON_SetTextColor(YSteps_value.btnHandle, BUTTON_CI_PRESSED, gCfgItems.value_text_color);
   \   0000031A   0x687A             LDR      R2,[R7, #+4]
   \   0000031C   0xF9B5 0x001C      LDRSH    R0,[R5, #+28]
   \   00000320   0x2101             MOVS     R1,#+1
   \   00000322   0x.... 0x....      BL       BUTTON_SetTextColor
    265                  BUTTON_SetTextColor(YSteps_value.btnHandle, BUTTON_CI_UNPRESSED, gCfgItems.value_text_color); 
   \   00000326   0x687A             LDR      R2,[R7, #+4]
   \   00000328   0xF9B5 0x001C      LDRSH    R0,[R5, #+28]
   \   0000032C   0x2100             MOVS     R1,#+0
   \   0000032E   0x.... 0x....      BL       BUTTON_SetTextColor
    266          
    267                  BUTTON_SetBkColor(ZSteps_value.btnHandle, BUTTON_CI_PRESSED, gCfgItems.value_bk_color);
   \   00000332   0x6862             LDR      R2,[R4, #+4]
   \   00000334   0xF9B6 0x0000      LDRSH    R0,[R6, #+0]
   \   00000338   0x2101             MOVS     R1,#+1
   \   0000033A   0x.... 0x....      BL       BUTTON_SetBkColor
    268                  BUTTON_SetBkColor(ZSteps_value.btnHandle, BUTTON_CI_UNPRESSED, gCfgItems.value_bk_color); 
   \   0000033E   0x2100             MOVS     R1,#+0
   \   00000340   0x6862             LDR      R2,[R4, #+4]
   \   00000342   0x5E70             LDRSH    R0,[R6, R1]
   \   00000344   0x.... 0x....      BL       BUTTON_SetBkColor
    269                  BUTTON_SetTextColor(ZSteps_value.btnHandle, BUTTON_CI_PRESSED, gCfgItems.value_text_color);
   \   00000348   0x687A             LDR      R2,[R7, #+4]
   \   0000034A   0xF9B6 0x0000      LDRSH    R0,[R6, #+0]
   \   0000034E   0x2101             MOVS     R1,#+1
   \   00000350   0x.... 0x....      BL       BUTTON_SetTextColor
    270                  BUTTON_SetTextColor(ZSteps_value.btnHandle, BUTTON_CI_UNPRESSED, gCfgItems.value_text_color); 
   \   00000354   0x2100             MOVS     R1,#+0
   \   00000356   0x687A             LDR      R2,[R7, #+4]
   \   00000358   0x5E70             LDRSH    R0,[R6, R1]
   \   0000035A   0x.... 0x....      BL       BUTTON_SetTextColor
    271          
    272                  BUTTON_SetBkColor(E0Steps_value.btnHandle, BUTTON_CI_PRESSED, gCfgItems.value_bk_color);
   \   0000035E   0x6862             LDR      R2,[R4, #+4]
   \   00000360   0xF9B6 0x0018      LDRSH    R0,[R6, #+24]
   \   00000364   0x2101             MOVS     R1,#+1
   \   00000366   0x.... 0x....      BL       BUTTON_SetBkColor
    273                  BUTTON_SetBkColor(E0Steps_value.btnHandle, BUTTON_CI_UNPRESSED, gCfgItems.value_bk_color); 
   \   0000036A   0x6862             LDR      R2,[R4, #+4]
   \   0000036C   0xF9B6 0x0018      LDRSH    R0,[R6, #+24]
   \   00000370   0x2100             MOVS     R1,#+0
   \   00000372   0x.... 0x....      BL       BUTTON_SetBkColor
    274                  BUTTON_SetTextColor(E0Steps_value.btnHandle, BUTTON_CI_PRESSED, gCfgItems.value_text_color);
   \   00000376   0x687A             LDR      R2,[R7, #+4]
   \   00000378   0xF9B6 0x0018      LDRSH    R0,[R6, #+24]
   \   0000037C   0x2101             MOVS     R1,#+1
   \   0000037E   0x.... 0x....      BL       BUTTON_SetTextColor
    275                  BUTTON_SetTextColor(E0Steps_value.btnHandle, BUTTON_CI_UNPRESSED, gCfgItems.value_text_color); 
   \   00000382   0x687A             LDR      R2,[R7, #+4]
   \   00000384   0xF9B6 0x0018      LDRSH    R0,[R6, #+24]
   \   00000388   0x2100             MOVS     R1,#+0
   \   0000038A   0x.... 0x....      BL       BUTTON_SetTextColor
    276          
    277                  button_next.btnHandle = BUTTON_CreateEx(320,270,70,40,hStepsWnd,BUTTON_CF_SHOW,0,alloc_win_id());
   \   0000038E   0x.... 0x....      BL       alloc_win_id
   \   00000392   0x9003             STR      R0,[SP, #+12]
   \   00000394   0x2328             MOVS     R3,#+40
   \   00000396   0x2000             MOVS     R0,#+0
   \   00000398   0x9002             STR      R0,[SP, #+8]
   \   0000039A   0x2246             MOVS     R2,#+70
   \   0000039C   0x2002             MOVS     R0,#+2
   \   0000039E   0x9001             STR      R0,[SP, #+4]
   \   000003A0   0xF44F 0x7187      MOV      R1,#+270
   \   000003A4   0x5E28             LDRSH    R0,[R5, R0]
   \   000003A6   0x9000             STR      R0,[SP, #+0]
   \   000003A8   0xF44F 0x70A0      MOV      R0,#+320
   \   000003AC   0x.... 0x....      BL       BUTTON_CreateEx
   \   000003B0   0xF8A9 0x0018      STRH     R0,[R9, #+24]
    278                  BUTTON_SetBmpFileName(button_next.btnHandle, "bmp_next.bin",1); 
   \   000003B4   0x2201             MOVS     R2,#+1
   \   000003B6   0x.... 0x....      ADR.W    R1,`?<Constant "bmp_next.bin">`
   \   000003BA   0x.... 0x....      BL       BUTTON_SetBmpFileName
    279              
    280                  BUTTON_SetBitmapEx(button_next.btnHandle, 0, &bmp_struct70X40,0, 0);
   \   000003BE   0x....             LDR.N    R2,??DataTable7_15
   \   000003C0   0x2000             MOVS     R0,#+0
   \   000003C2   0x9000             STR      R0,[SP, #+0]
   \   000003C4   0x4603             MOV      R3,R0
   \   000003C6   0x4601             MOV      R1,R0
   \   000003C8   0xF9B9 0x0018      LDRSH    R0,[R9, #+24]
   \   000003CC   0x.... 0x....      BL       BUTTON_SetBitmapEx
    281          
    282                   memset(cmd_code,0,sizeof(cmd_code));
   \   000003D0   0x21C9             MOVS     R1,#+201
   \   000003D2   0x4650             MOV      R0,R10
   \   000003D4   0x.... 0x....      BL       __aeabi_memclr
    283                   sprintf(cmd_code,"%.1f",planner.axis_steps_per_mm[X_AXIS]);
   \   000003D8   0x....             LDR.N    R0,??DataTable7_16
   \   000003DA   0x6800             LDR      R0,[R0, #+0]
   \   000003DC   0x.... 0x....      BL       __aeabi_f2d
   \   000003E0   0x4602             MOV      R2,R0
   \   000003E2   0x460B             MOV      R3,R1
   \   000003E4   0x.... 0x....      ADR.W    R1,`?<Constant "%.1f">`
   \   000003E8   0x4650             MOV      R0,R10
   \   000003EA   0x.... 0x....      BL       sprintf
    284                   BUTTON_SetText(XSteps_value.btnHandle,cmd_code);         
   \   000003EE   0xF9B5 0x0004      LDRSH    R0,[R5, #+4]
   \   000003F2   0x4651             MOV      R1,R10
   \   000003F4   0x.... 0x....      BL       BUTTON_SetText
    285                   memset(cmd_code,0,sizeof(cmd_code));
   \   000003F8   0x21C9             MOVS     R1,#+201
   \   000003FA   0x4650             MOV      R0,R10
   \   000003FC   0x.... 0x....      BL       __aeabi_memclr
    286                   sprintf(cmd_code,"%.1f",planner.axis_steps_per_mm[Y_AXIS]);
   \   00000400   0x....             LDR.N    R0,??DataTable7_16
   \   00000402   0x6840             LDR      R0,[R0, #+4]
   \   00000404   0x.... 0x....      BL       __aeabi_f2d
   \   00000408   0x4602             MOV      R2,R0
   \   0000040A   0x460B             MOV      R3,R1
   \   0000040C   0x.... 0x....      ADR.W    R1,`?<Constant "%.1f">`
   \   00000410   0x4650             MOV      R0,R10
   \   00000412   0x.... 0x....      BL       sprintf
    287                   BUTTON_SetText(YSteps_value.btnHandle,cmd_code); 
   \   00000416   0xF9B5 0x001C      LDRSH    R0,[R5, #+28]
   \   0000041A   0x4651             MOV      R1,R10
   \   0000041C   0x.... 0x....      BL       BUTTON_SetText
    288                   memset(cmd_code,0,sizeof(cmd_code));
   \   00000420   0x21C9             MOVS     R1,#+201
   \   00000422   0x4650             MOV      R0,R10
   \   00000424   0x.... 0x....      BL       __aeabi_memclr
    289                   sprintf(cmd_code,"%.1f",planner.axis_steps_per_mm[Z_AXIS]);
   \   00000428   0x....             LDR.N    R0,??DataTable7_16
   \   0000042A   0x6880             LDR      R0,[R0, #+8]
   \   0000042C   0x.... 0x....      BL       __aeabi_f2d
   \   00000430   0x4602             MOV      R2,R0
   \   00000432   0x460B             MOV      R3,R1
   \   00000434   0x.... 0x....      ADR.W    R1,`?<Constant "%.1f">`
   \   00000438   0x4650             MOV      R0,R10
   \   0000043A   0x.... 0x....      BL       sprintf
    290                   BUTTON_SetText(ZSteps_value.btnHandle,cmd_code); 
   \   0000043E   0xF9B6 0x0000      LDRSH    R0,[R6, #+0]
   \   00000442   0x4651             MOV      R1,R10
   \   00000444   0x.... 0x....      BL       BUTTON_SetText
    291                   memset(cmd_code,0,sizeof(cmd_code));
   \   00000448   0x21C9             MOVS     R1,#+201
   \   0000044A   0x4650             MOV      R0,R10
   \   0000044C   0x.... 0x....      BL       __aeabi_memclr
    292                   sprintf(cmd_code,"%.1f",planner.axis_steps_per_mm[E_AXIS]);
   \   00000450   0x....             LDR.N    R0,??DataTable7_16
   \   00000452   0x68C0             LDR      R0,[R0, #+12]
   \   00000454   0x.... 0x....      BL       __aeabi_f2d
   \   00000458   0x4602             MOV      R2,R0
   \   0000045A   0x460B             MOV      R3,R1
   \   0000045C   0x.... 0x....      ADR.W    R1,`?<Constant "%.1f">`
   \   00000460   0x4650             MOV      R0,R10
   \   00000462   0x.... 0x....      BL       sprintf
    293                   BUTTON_SetText(E0Steps_value.btnHandle,cmd_code); 
   \   00000466   0xF9B6 0x0018      LDRSH    R0,[R6, #+24]
   \   0000046A   0x4651             MOV      R1,R10
   \   0000046C   0xE08B             B.N      ??draw_Steps_2
    294          
    295              }
    296              else
    297              {
    298                  E1Steps_text.btnHandle = BUTTON_CreateEx(10,50,240,40,hStepsWnd, BUTTON_CF_SHOW, 0, alloc_win_id());
   \                     ??draw_Steps_1: (+1)
   \   0000046E   0x.... 0x....      BL       alloc_win_id
   \   00000472   0x9003             STR      R0,[SP, #+12]
   \   00000474   0x2328             MOVS     R3,#+40
   \   00000476   0x2000             MOVS     R0,#+0
   \   00000478   0x9002             STR      R0,[SP, #+8]
   \   0000047A   0x22F0             MOVS     R2,#+240
   \   0000047C   0x2002             MOVS     R0,#+2
   \   0000047E   0x9001             STR      R0,[SP, #+4]
   \   00000480   0x2132             MOVS     R1,#+50
   \   00000482   0x5E28             LDRSH    R0,[R5, R0]
   \   00000484   0x9000             STR      R0,[SP, #+0]
   \   00000486   0x200A             MOVS     R0,#+10
   \   00000488   0x.... 0x....      BL       BUTTON_CreateEx
   \   0000048C   0xF8AB 0x0060      STRH     R0,[R11, #+96]
    299                  //E1Steps_value.btnHandle = BUTTON_CreateEx(270,50,90,40,hStepsWnd, BUTTON_CF_SHOW, 0, alloc_win_id());
    300                  E1Steps_value.btnHandle = BUTTON_CreateEx(400,50+5,VALUE_DEFAULT_X,VALUE_DEFAULT_Y,hStepsWnd, BUTTON_CF_SHOW, 0, alloc_win_id());
   \   00000490   0x.... 0x....      BL       alloc_win_id
   \   00000494   0x9003             STR      R0,[SP, #+12]
   \   00000496   0x231C             MOVS     R3,#+28
   \   00000498   0x2000             MOVS     R0,#+0
   \   0000049A   0x9002             STR      R0,[SP, #+8]
   \   0000049C   0x2246             MOVS     R2,#+70
   \   0000049E   0x2002             MOVS     R0,#+2
   \   000004A0   0x9001             STR      R0,[SP, #+4]
   \   000004A2   0x2137             MOVS     R1,#+55
   \   000004A4   0x5E28             LDRSH    R0,[R5, R0]
   \   000004A6   0x9000             STR      R0,[SP, #+0]
   \   000004A8   0xF44F 0x70C8      MOV      R0,#+400
   \   000004AC   0x.... 0x....      BL       BUTTON_CreateEx
   \   000004B0   0xF8A9 0x0000      STRH     R0,[R9, #+0]
    301          
    302                  BUTTON_SetBmpFileName(E1Steps_value.btnHandle, "bmp_value_blank.bin",1);
   \   000004B4   0x2201             MOVS     R2,#+1
   \   000004B6   0x.... 0x....      ADR.W    R1,`?<Constant "bmp_value_blank.bin">`
   \   000004BA   0x.... 0x....      BL       BUTTON_SetBmpFileName
    303                  //BUTTON_SetBmpFileName(E1Steps_default.btnHandle, "bmp_default.bin",1);
    304                  
    305                  BUTTON_SetBmpFileName(E1Steps_text.btnHandle,NULL,1); 
   \   000004BE   0xF9BB 0x0060      LDRSH    R0,[R11, #+96]
   \   000004C2   0x2201             MOVS     R2,#+1
   \   000004C4   0x2100             MOVS     R1,#+0
   \   000004C6   0x.... 0x....      BL       BUTTON_SetBmpFileName
    306                  
    307                  BUTTON_SetBitmapEx(E1Steps_value.btnHandle,0,&bmp_struct70X28,0,0);
   \   000004CA   0x2000             MOVS     R0,#+0
   \   000004CC   0x9000             STR      R0,[SP, #+0]
   \   000004CE   0x4601             MOV      R1,R0
   \   000004D0   0xF9B9 0x0000      LDRSH    R0,[R9, #+0]
   \   000004D4   0x....             LDR.N    R2,??DataTable7_14
   \   000004D6   0x2300             MOVS     R3,#+0
   \   000004D8   0x.... 0x....      BL       BUTTON_SetBitmapEx
    308                  //BUTTON_SetBitmapEx(E1Steps_default.btnHandle,0,&bmp_struct90X30,0,5); 
    309          
    310                  BUTTON_SetTextAlign(E1Steps_text.btnHandle,GUI_TA_LEFT|GUI_TA_VCENTER );
   \   000004DC   0xF9BB 0x0060      LDRSH    R0,[R11, #+96]
   \   000004E0   0x210C             MOVS     R1,#+12
   \   000004E2   0x.... 0x....      BL       BUTTON_SetTextAlign
    311                  BUTTON_SetTextAlign(E1Steps_value.btnHandle,GUI_TA_HCENTER|GUI_TA_VCENTER );
   \   000004E6   0xF9B9 0x0000      LDRSH    R0,[R9, #+0]
   \   000004EA   0x210E             MOVS     R1,#+14
   \   000004EC   0x.... 0x....      BL       BUTTON_SetTextAlign
    312                  BUTTON_SetBkColor(E1Steps_value.btnHandle, BUTTON_CI_PRESSED, gCfgItems.value_bk_color);
   \   000004F0   0x6862             LDR      R2,[R4, #+4]
   \   000004F2   0xF9B9 0x0000      LDRSH    R0,[R9, #+0]
   \   000004F6   0x2101             MOVS     R1,#+1
   \   000004F8   0x.... 0x....      BL       BUTTON_SetBkColor
    313                  BUTTON_SetBkColor(E1Steps_value.btnHandle, BUTTON_CI_UNPRESSED, gCfgItems.value_bk_color); 
   \   000004FC   0x6862             LDR      R2,[R4, #+4]
   \   000004FE   0xF9B9 0x0000      LDRSH    R0,[R9, #+0]
   \   00000502   0x2100             MOVS     R1,#+0
   \   00000504   0x.... 0x....      BL       BUTTON_SetBkColor
    314                  BUTTON_SetTextColor(E1Steps_value.btnHandle, BUTTON_CI_PRESSED, gCfgItems.value_text_color);
   \   00000508   0x687A             LDR      R2,[R7, #+4]
   \   0000050A   0xF9B9 0x0000      LDRSH    R0,[R9, #+0]
   \   0000050E   0x2101             MOVS     R1,#+1
   \   00000510   0x.... 0x....      BL       BUTTON_SetTextColor
    315                  BUTTON_SetTextColor(E1Steps_value.btnHandle, BUTTON_CI_UNPRESSED, gCfgItems.value_text_color); 
   \   00000514   0x687A             LDR      R2,[R7, #+4]
   \   00000516   0xF9B9 0x0000      LDRSH    R0,[R9, #+0]
   \   0000051A   0x2100             MOVS     R1,#+0
   \   0000051C   0x.... 0x....      BL       BUTTON_SetTextColor
    316          
    317                  button_previous.btnHandle = BUTTON_CreateEx(320,270,70,40,hStepsWnd,BUTTON_CF_SHOW,0,alloc_win_id());
   \   00000520   0x.... 0x....      BL       alloc_win_id
   \   00000524   0x9003             STR      R0,[SP, #+12]
   \   00000526   0x2328             MOVS     R3,#+40
   \   00000528   0x2000             MOVS     R0,#+0
   \   0000052A   0x9002             STR      R0,[SP, #+8]
   \   0000052C   0x2246             MOVS     R2,#+70
   \   0000052E   0x2002             MOVS     R0,#+2
   \   00000530   0x9001             STR      R0,[SP, #+4]
   \   00000532   0xF44F 0x7187      MOV      R1,#+270
   \   00000536   0x5E28             LDRSH    R0,[R5, R0]
   \   00000538   0x9000             STR      R0,[SP, #+0]
   \   0000053A   0xF44F 0x70A0      MOV      R0,#+320
   \   0000053E   0x.... 0x....      BL       BUTTON_CreateEx
   \   00000542   0xF8A8 0x0000      STRH     R0,[R8, #+0]
    318                  BUTTON_SetBmpFileName(button_previous.btnHandle, "bmp_previous.bin",1); 
   \   00000546   0x2201             MOVS     R2,#+1
   \   00000548   0x.... 0x....      ADR.W    R1,`?<Constant "bmp_previous.bin">`
   \   0000054C   0x.... 0x....      BL       BUTTON_SetBmpFileName
    319                  
    320                  BUTTON_SetBitmapEx(button_previous.btnHandle, 0, &bmp_struct70X40,0, 0);
   \   00000550   0x....             LDR.N    R2,??DataTable7_15
   \   00000552   0x2000             MOVS     R0,#+0
   \   00000554   0x9000             STR      R0,[SP, #+0]
   \   00000556   0x4603             MOV      R3,R0
   \   00000558   0x4601             MOV      R1,R0
   \   0000055A   0xF9B8 0x0000      LDRSH    R0,[R8, #+0]
   \   0000055E   0x.... 0x....      BL       BUTTON_SetBitmapEx
    321          
    322                   memset(cmd_code,0,sizeof(cmd_code));
   \   00000562   0x21C9             MOVS     R1,#+201
   \   00000564   0x4650             MOV      R0,R10
   \   00000566   0x.... 0x....      BL       __aeabi_memclr
    323                   sprintf(cmd_code,"%.1f",planner.axis_steps_per_mm[XYZE]);
   \   0000056A   0x....             LDR.N    R0,??DataTable7_16
   \   0000056C   0x6900             LDR      R0,[R0, #+16]
   \   0000056E   0x.... 0x....      BL       __aeabi_f2d
   \   00000572   0x4602             MOV      R2,R0
   \   00000574   0x460B             MOV      R3,R1
   \   00000576   0x.... 0x....      ADR.W    R1,`?<Constant "%.1f">`
   \   0000057A   0x4650             MOV      R0,R10
   \   0000057C   0x.... 0x....      BL       sprintf
    324                   BUTTON_SetText(E1Steps_value.btnHandle,cmd_code);        
   \   00000580   0xF9B9 0x0000      LDRSH    R0,[R9, #+0]
   \   00000584   0x4651             MOV      R1,R10
   \                     ??draw_Steps_2: (+1)
   \   00000586   0x.... 0x....      BL       BUTTON_SetText
    325              }
    326          
    327               button_back.btnHandle = BUTTON_CreateEx(400,270,70,40,hStepsWnd,BUTTON_CF_SHOW,0,alloc_win_id());
   \   0000058A   0x.... 0x....      BL       alloc_win_id
   \   0000058E   0x9003             STR      R0,[SP, #+12]
   \   00000590   0x2328             MOVS     R3,#+40
   \   00000592   0x2000             MOVS     R0,#+0
   \   00000594   0x9002             STR      R0,[SP, #+8]
   \   00000596   0x2246             MOVS     R2,#+70
   \   00000598   0x2002             MOVS     R0,#+2
   \   0000059A   0x9001             STR      R0,[SP, #+4]
   \   0000059C   0xF44F 0x7187      MOV      R1,#+270
   \   000005A0   0x5E28             LDRSH    R0,[R5, R0]
   \   000005A2   0x9000             STR      R0,[SP, #+0]
   \   000005A4   0xF44F 0x70C8      MOV      R0,#+400
   \   000005A8   0x.... 0x....      BL       BUTTON_CreateEx
   \   000005AC   0xF8A8 0x0018      STRH     R0,[R8, #+24]
    328               
    329               BUTTON_SetBmpFileName(button_back.btnHandle, "bmp_back70x40.bin",1);        
   \   000005B0   0x2201             MOVS     R2,#+1
   \   000005B2   0x.... 0x....      ADR.W    R1,`?<Constant "bmp_back70x40.bin">`
   \   000005B6   0x.... 0x....      BL       BUTTON_SetBmpFileName
    330               BUTTON_SetBitmapEx(button_back.btnHandle, 0, &bmp_struct70X40,0, 0);
   \   000005BA   0x....             LDR.N    R2,??DataTable7_15
   \   000005BC   0x2000             MOVS     R0,#+0
   \   000005BE   0x9000             STR      R0,[SP, #+0]
   \   000005C0   0x4601             MOV      R1,R0
   \   000005C2   0xF9B8 0x0018      LDRSH    R0,[R8, #+24]
   \   000005C6   0x2300             MOVS     R3,#+0
   \   000005C8   0x.... 0x....      BL       BUTTON_SetBitmapEx
    331                  
    332               BUTTON_SetBkColor(button_next.btnHandle, BUTTON_CI_PRESSED, gCfgItems.back_btn_color);
   \   000005CC   0x6CBA             LDR      R2,[R7, #+72]
   \   000005CE   0xF9B9 0x0018      LDRSH    R0,[R9, #+24]
   \   000005D2   0x2101             MOVS     R1,#+1
   \   000005D4   0x.... 0x....      BL       BUTTON_SetBkColor
    333               BUTTON_SetBkColor(button_next.btnHandle, BUTTON_CI_UNPRESSED, gCfgItems.back_btn_color); 
   \   000005D8   0x6CBA             LDR      R2,[R7, #+72]
   \   000005DA   0xF9B9 0x0018      LDRSH    R0,[R9, #+24]
   \   000005DE   0x2100             MOVS     R1,#+0
   \   000005E0   0x.... 0x....      BL       BUTTON_SetBkColor
    334               BUTTON_SetTextColor(button_next.btnHandle, BUTTON_CI_PRESSED, gCfgItems.back_btn_textcolor);
   \   000005E4   0x6CFA             LDR      R2,[R7, #+76]
   \   000005E6   0xF9B9 0x0018      LDRSH    R0,[R9, #+24]
   \   000005EA   0x2101             MOVS     R1,#+1
   \   000005EC   0x.... 0x....      BL       BUTTON_SetTextColor
    335               BUTTON_SetTextColor(button_next.btnHandle, BUTTON_CI_UNPRESSED, gCfgItems.back_btn_textcolor);
   \   000005F0   0x6CFA             LDR      R2,[R7, #+76]
   \   000005F2   0xF9B9 0x0018      LDRSH    R0,[R9, #+24]
   \   000005F6   0x2100             MOVS     R1,#+0
   \   000005F8   0x.... 0x....      BL       BUTTON_SetTextColor
    336               BUTTON_SetBkColor(button_previous.btnHandle, BUTTON_CI_PRESSED, gCfgItems.back_btn_color);
   \   000005FC   0x6CBA             LDR      R2,[R7, #+72]
   \   000005FE   0xF9B8 0x0000      LDRSH    R0,[R8, #+0]
   \   00000602   0x2101             MOVS     R1,#+1
   \   00000604   0x.... 0x....      BL       BUTTON_SetBkColor
    337               BUTTON_SetBkColor(button_previous.btnHandle, BUTTON_CI_UNPRESSED, gCfgItems.back_btn_color);    
   \   00000608   0x6CBA             LDR      R2,[R7, #+72]
   \   0000060A   0xF9B8 0x0000      LDRSH    R0,[R8, #+0]
   \   0000060E   0x2100             MOVS     R1,#+0
   \   00000610   0x.... 0x....      BL       BUTTON_SetBkColor
    338               BUTTON_SetTextColor(button_previous.btnHandle, BUTTON_CI_PRESSED, gCfgItems.back_btn_textcolor);
   \   00000614   0x6CFA             LDR      R2,[R7, #+76]
   \   00000616   0xF9B8 0x0000      LDRSH    R0,[R8, #+0]
   \   0000061A   0x2101             MOVS     R1,#+1
   \   0000061C   0x.... 0x....      BL       BUTTON_SetTextColor
    339               BUTTON_SetTextColor(button_previous.btnHandle, BUTTON_CI_UNPRESSED, gCfgItems.back_btn_textcolor);    
   \   00000620   0x6CFA             LDR      R2,[R7, #+76]
   \   00000622   0xF9B8 0x0000      LDRSH    R0,[R8, #+0]
   \   00000626   0x2100             MOVS     R1,#+0
   \   00000628   0x.... 0x....      BL       BUTTON_SetTextColor
    340               BUTTON_SetBkColor(button_back.btnHandle, BUTTON_CI_PRESSED, gCfgItems.back_btn_color);
   \   0000062C   0x6CBA             LDR      R2,[R7, #+72]
   \   0000062E   0xF9B8 0x0018      LDRSH    R0,[R8, #+24]
   \   00000632   0x2101             MOVS     R1,#+1
   \   00000634   0x.... 0x....      BL       BUTTON_SetBkColor
    341               BUTTON_SetBkColor(button_back.btnHandle, BUTTON_CI_UNPRESSED, gCfgItems.back_btn_color); 
   \   00000638   0x6CBA             LDR      R2,[R7, #+72]
   \   0000063A   0xF9B8 0x0018      LDRSH    R0,[R8, #+24]
   \   0000063E   0x2100             MOVS     R1,#+0
   \   00000640   0x.... 0x....      BL       BUTTON_SetBkColor
    342               BUTTON_SetTextColor(button_back.btnHandle, BUTTON_CI_PRESSED, gCfgItems.back_btn_textcolor);
   \   00000644   0x6CFA             LDR      R2,[R7, #+76]
   \   00000646   0xF9B8 0x0018      LDRSH    R0,[R8, #+24]
   \   0000064A   0x2101             MOVS     R1,#+1
   \   0000064C   0x.... 0x....      BL       BUTTON_SetTextColor
    343               BUTTON_SetTextColor(button_back.btnHandle, BUTTON_CI_UNPRESSED, gCfgItems.back_btn_textcolor); 
   \   00000650   0x6CFA             LDR      R2,[R7, #+76]
   \   00000652   0xF9B8 0x0018      LDRSH    R0,[R8, #+24]
   \   00000656   0x2100             MOVS     R1,#+0
   \   00000658   0x.... 0x....      BL       BUTTON_SetTextColor
    344               
    345               BUTTON_SetTextAlign(button_next.btnHandle,GUI_TA_HCENTER|GUI_TA_VCENTER );
   \   0000065C   0xF9B9 0x0018      LDRSH    R0,[R9, #+24]
   \   00000660   0x210E             MOVS     R1,#+14
   \   00000662   0x.... 0x....      BL       BUTTON_SetTextAlign
    346               BUTTON_SetTextAlign(button_previous.btnHandle,GUI_TA_HCENTER|GUI_TA_VCENTER );
   \   00000666   0xF9B8 0x0000      LDRSH    R0,[R8, #+0]
   \   0000066A   0x210E             MOVS     R1,#+14
   \   0000066C   0x.... 0x....      BL       BUTTON_SetTextAlign
    347               BUTTON_SetTextAlign(button_back.btnHandle,GUI_TA_HCENTER|GUI_TA_VCENTER );
   \   00000670   0xF9B8 0x0018      LDRSH    R0,[R8, #+24]
   \   00000674   0x210E             MOVS     R1,#+14
   \   00000676   0x.... 0x....      BL       BUTTON_SetTextAlign
    348          
    349               if(gCfgItems.multiple_language != 0)
   \   0000067A   0xF894 0x01CF      LDRB     R0,[R4, #+463]
   \   0000067E   0xB380             CBZ.N    R0,??draw_Steps_3
    350               {
    351                  if(current_page != 1)
   \   00000680   0x7828             LDRB     R0,[R5, #+0]
   \   00000682   0x....             LDR.N    R6,??DataTable7_17
   \   00000684   0x2801             CMP      R0,#+1
   \   00000686   0xD018             BEQ.N    ??draw_Steps_4
    352                  {
    353                      BUTTON_SetText(XSteps_text.btnHandle, machine_menu.X_Steps);
   \   00000688   0x6871             LDR      R1,[R6, #+4]
   \   0000068A   0xF9BB 0x0000      LDRSH    R0,[R11, #+0]
   \   0000068E   0x.... 0x....      BL       BUTTON_SetText
    354                      BUTTON_SetText(YSteps_text.btnHandle, machine_menu.Y_Steps);
   \   00000692   0x68B1             LDR      R1,[R6, #+8]
   \   00000694   0xF9BB 0x0018      LDRSH    R0,[R11, #+24]
   \   00000698   0x.... 0x....      BL       BUTTON_SetText
    355                      BUTTON_SetText(ZSteps_text.btnHandle, machine_menu.Z_Steps);
   \   0000069C   0x68F1             LDR      R1,[R6, #+12]
   \   0000069E   0xF9BB 0x0030      LDRSH    R0,[R11, #+48]
   \   000006A2   0x.... 0x....      BL       BUTTON_SetText
    356                      BUTTON_SetText(E0Steps_text.btnHandle, machine_menu.E0_Steps);
   \   000006A6   0x6931             LDR      R1,[R6, #+16]
   \   000006A8   0xF9BB 0x0048      LDRSH    R0,[R11, #+72]
   \   000006AC   0x.... 0x....      BL       BUTTON_SetText
    357                      BUTTON_SetText(button_next.btnHandle,machine_menu.next);
   \   000006B0   0x....             LDR.N    R0,??DataTable7_11
   \   000006B2   0x6841             LDR      R1,[R0, #+4]
   \   000006B4   0xF9B9 0x0018      LDRSH    R0,[R9, #+24]
   \   000006B8   0xE008             B.N      ??draw_Steps_5
    358                  }
    359                  else
    360                  {
    361                      BUTTON_SetText(E1Steps_text.btnHandle,machine_menu.E1_Steps);
   \                     ??draw_Steps_4: (+1)
   \   000006BA   0x6971             LDR      R1,[R6, #+20]
   \   000006BC   0xF9BB 0x0060      LDRSH    R0,[R11, #+96]
   \   000006C0   0x.... 0x....      BL       BUTTON_SetText
    362                      BUTTON_SetText(button_previous.btnHandle,machine_menu.previous);   
   \   000006C4   0x....             LDR.N    R0,??DataTable7_11
   \   000006C6   0x6881             LDR      R1,[R0, #+8]
   \   000006C8   0xF9B8 0x0000      LDRSH    R0,[R8, #+0]
   \                     ??draw_Steps_5: (+1)
   \   000006CC   0x.... 0x....      BL       BUTTON_SetText
    363                  }
    364                   
    365                  BUTTON_SetText(button_back.btnHandle,common_menu.text_back);
   \   000006D0   0x....             LDR.N    R0,??DataTable7_18
   \   000006D2   0x6801             LDR      R1,[R0, #+0]
   \   000006D4   0xF9B8 0x0018      LDRSH    R0,[R8, #+24]
   \   000006D8   0xB005             ADD      SP,SP,#+20
   \   000006DA   0xE8BD 0x4FF0      POP      {R4-R11,LR}
   \   000006DE   0x.... 0x....      B.W      BUTTON_SetText
    366                  
    367                        
    368               }
    369          
    370          }
   \                     ??draw_Steps_3: (+1)
   \   000006E2   0xB005             ADD      SP,SP,#+20
   \   000006E4   0xE8BD 0x8FF0      POP      {R4-R11,PC}      ;; return
    371          
    372          

   \                                 In section .text, align 2, keep-with-next
    373          void Clear_Steps()
    374          {
   \                     Clear_Steps: (+1)
   \   00000000   0xB510             PUSH     {R4,LR}
    375          	GUI_SetBkColor(gCfgItems.background_color);
   \   00000002   0x....             LDR.N    R0,??DataTable7_4
   \   00000004   0x6940             LDR      R0,[R0, #+20]
   \   00000006   0x.... 0x....      BL       GUI_SetBkColor
    376          	if(WM_IsWindow(hStepsWnd))
   \   0000000A   0x....             LDR.N    R4,??DataTable7_1
   \   0000000C   0xF9B4 0x0002      LDRSH    R0,[R4, #+2]
   \   00000010   0x.... 0x....      BL       WM_IsWindow
   \   00000014   0xB128             CBZ.N    R0,??Clear_Steps_0
    377          	{
    378          		WM_DeleteWindow(hStepsWnd);
   \   00000016   0xF9B4 0x0002      LDRSH    R0,[R4, #+2]
   \   0000001A   0xE8BD 0x4010      POP      {R4,LR}
   \   0000001E   0x.... 0x....      B.W      WM_DeleteWindow
    379          	}
    380          }
   \                     ??Clear_Steps_0: (+1)
   \   00000022   0xBD10             POP      {R4,PC}          ;; return

   \                                 In section .text, align 4, keep-with-next
   \                     ??DataTable7:
   \   00000000   0x00FF5449         DC32     0xff5449

   \                                 In section .text, align 4, keep-with-next
   \                     ??DataTable7_1:
   \   00000000   0x........         DC32     current_page

   \                                 In section .text, align 4, keep-with-next
   \                     ??DataTable7_2:
   \   00000000   0x........         DC32     button_previous

   \                                 In section .text, align 4, keep-with-next
   \                     ??DataTable7_3:
   \   00000000   0x........         DC32     last_disp_state

   \                                 In section .text, align 4, keep-with-next
   \                     ??DataTable7_4:
   \   00000000   0x........         DC32     gCfgItems

   \                                 In section .text, align 4, keep-with-next
   \                     ??DataTable7_5:
   \   00000000   0x........         DC32     E1Steps_value

   \                                 In section .text, align 4, keep-with-next
   \                     ??DataTable7_6:
   \   00000000   0x........         DC32     ZSteps_value

   \                                 In section .text, align 4, keep-with-next
   \                     ??DataTable7_7:
   \   00000000   0x........         DC32     value

   \                                 In section .text, align 4, keep-with-next
   \                     ??DataTable7_8:
   \   00000000   0x........         DC32     XSteps_text

   \                                 In section .text, align 4, keep-with-next
   \                     ??DataTable7_9:
   \   00000000   0x........         DC32     disp_state_stack

   \                                 In section .text, align 4, keep-with-next
   \                     ??DataTable7_10:
   \   00000000   0x........         DC32     disp_state

   \                                 In section .text, align 4, keep-with-next
   \                     ??DataTable7_11:
   \   00000000   0x........         DC32     machine_menu

   \                                 In section .text, align 4, keep-with-next
   \                     ??DataTable7_12:
   \   00000000   0x........         DC32     _Z10cbStepsWinP10WM_MESSAGE

   \                                 In section .text, align 4, keep-with-next
   \                     ??DataTable7_13:
   \   00000000   0x........         DC32     cmd_code

   \                                 In section .text, align 4, keep-with-next
   \                     ??DataTable7_14:
   \   00000000   0x........         DC32     bmp_struct70X28

   \                                 In section .text, align 4, keep-with-next
   \                     ??DataTable7_15:
   \   00000000   0x........         DC32     bmp_struct70X40

   \                                 In section .text, align 4, keep-with-next
   \                     ??DataTable7_16:
   \   00000000   0x........         DC32     _ZN7Planner17axis_steps_per_mmE

   \                                 In section .text, align 4, keep-with-next
   \                     ??DataTable7_17:
   \   00000000   0x........         DC32     machine_menu+0x1C8

   \                                 In section .text, align 4, keep-with-next
   \                     ??DataTable7_18:
   \   00000000   0x........         DC32     common_menu

   \                                 In section .text, align 4, keep-with-next
   \                     `?<Constant "bmp_value_blank.bin">`:
   \   00000000   0x62 0x6D          DC8 "bmp_value_blank.bin"
   \              0x70 0x5F    
   \              0x76 0x61    
   \              0x6C 0x75    
   \              0x65 0x5F    
   \              0x62 0x6C    
   \              0x61 0x6E    
   \              0x6B 0x2E    
   \              0x62 0x69    
   \              0x6E 0x00    

   \                                 In section .text, align 4, keep-with-next
   \                     `?<Constant "bmp_next.bin">`:
   \   00000000   0x62 0x6D          DC8 "bmp_next.bin"
   \              0x70 0x5F    
   \              0x6E 0x65    
   \              0x78 0x74    
   \              0x2E 0x62    
   \              0x69 0x6E    
   \              0x00         
   \   0000000D   0x00 0x00          DC8 0, 0, 0
   \              0x00         

   \                                 In section .text, align 4, keep-with-next
   \                     `?<Constant "%.1f">`:
   \   00000000   0x25 0x2E          DC8 "%.1f"
   \              0x31 0x66    
   \              0x00         
   \   00000005   0x00 0x00          DC8 0, 0, 0
   \              0x00         

   \                                 In section .text, align 4, keep-with-next
   \                     `?<Constant "bmp_previous.bin">`:
   \   00000000   0x62 0x6D          DC8 "bmp_previous.bin"
   \              0x70 0x5F    
   \              0x70 0x72    
   \              0x65 0x76    
   \              0x69 0x6F    
   \              0x75 0x73    
   \              0x2E 0x62    
   \              0x69 0x6E    
   \              0x00         
   \   00000011   0x00 0x00          DC8 0, 0, 0
   \              0x00         

   \                                 In section .text, align 4, keep-with-next
   \                     `?<Constant "bmp_back70x40.bin">`:
   \   00000000   0x62 0x6D          DC8 "bmp_back70x40.bin"
   \              0x70 0x5F    
   \              0x62 0x61    
   \              0x63 0x6B    
   \              0x37 0x30    
   \              0x78 0x34    
   \              0x30 0x2E    
   \              0x62 0x69    
   \              0x6E 0x00    
   \   00000012   0x00 0x00          DC8 0, 0
    381          
    382          
    383          
    384          
    385          
    386          

   Maximum stack usage in bytes:

   .cstack Function
   ------- --------
       8   Clear_Steps
         8   -> GUI_SetBkColor
         0   -> WM_DeleteWindow
         8   -> WM_IsWindow
       8   cbStepsWin(WM_MESSAGE *)
         0   -> GUI_FillRect
         8   -> GUI_FillRect
         8   -> GUI_SetBkColor
         8   -> GUI_SetColor
         0   -> WM_DefaultProc
         8   -> WM_DeleteWindow
         8   -> WM_IsWindow
         0   -> draw_NumberKey
         0   -> draw_Steps
         0   -> draw_return_ui
      56   draw_Steps
        56   -> BUTTON_CreateEx
        56   -> BUTTON_SetBitmapEx
        56   -> BUTTON_SetBkColor
        56   -> BUTTON_SetBmpFileName
         0   -> BUTTON_SetText
        56   -> BUTTON_SetText
        56   -> BUTTON_SetTextAlign
        56   -> BUTTON_SetTextColor
        56   -> GUI_Clear
        56   -> GUI_DispStringAt
        56   -> GUI_SetBkColor
        56   -> GUI_SetColor
        56   -> WM_CreateWindow
        56   -> __aeabi_f2d
        56   -> __aeabi_memclr
        56   -> alloc_win_id
        56   -> sprintf


   Section sizes:

   Bytes  Function/Label
   -----  --------------
       8  ?<Constant "%.1f">
      20  ?<Constant "bmp_back70x40.bin">
      16  ?<Constant "bmp_next.bin">
      20  ?<Constant "bmp_previous.bin">
      20  ?<Constant "bmp_value_blank.bin">
       4  ??DataTable7
       4  ??DataTable7_1
       4  ??DataTable7_10
       4  ??DataTable7_11
       4  ??DataTable7_12
       4  ??DataTable7_13
       4  ??DataTable7_14
       4  ??DataTable7_15
       4  ??DataTable7_16
       4  ??DataTable7_17
       4  ??DataTable7_18
       4  ??DataTable7_2
       4  ??DataTable7_3
       4  ??DataTable7_4
       4  ??DataTable7_5
       4  ??DataTable7_6
       4  ??DataTable7_7
       4  ??DataTable7_8
       4  ??DataTable7_9
      36  Clear_Steps
      24  E0Steps_default
      24  E1Steps_default
      48  E1Steps_value
          button_next
      24  XSteps_default
     120  XSteps_text
          YSteps_text
          ZSteps_text
          E0Steps_text
          E1Steps_text
      24  YSteps_default
      24  ZSteps_default
      48  ZSteps_value
          E0Steps_value
      48  button_previous
          button_back
     518  cbStepsWin(WM_MESSAGE *)
      52  current_page
          hStepsWnd
          XSteps_value
          YSteps_value
    1768  draw_Steps
       1  -- Other

 
   436 bytes in section .bss
     1 byte  in section .rodata
 2 482 bytes in section .text
 
 2 482 bytes of CODE  memory
     0 bytes of CONST memory (+ 1 byte shared)
   436 bytes of DATA  memory

Errors: none
Warnings: 39
