###############################################################################
#
# IAR ANSI C/C++ Compiler V7.10.1.6676/W32 for ARM        13/Apr/2020  09:24:38
# Copyright 1999-2014 IAR Systems AB.
#
#    Cpu mode     =  thumb
#    Endian       =  little
#    Source file  =  
#        D:\MKS-Robin-Nano-Firmware-v2.x.x\MKS-Robin-Nano-Firmware\User\ui\draw_tool.cpp
#    Command line =  
#        D:\MKS-Robin-Nano-Firmware-v2.x.x\MKS-Robin-Nano-Firmware\User\ui\draw_tool.cpp
#        -D USE_HAL_DRIVER -D STM32F103xE -D STM32F10X_HD -D USE_HAL_LIB -D
#        MKS_ROBIN_NANO -D TFT35 -lC
#        D:\MKS-Robin-Nano-Firmware-v2.x.x\MKS-Robin-Nano-Firmware\EWARM\mksRobinNano/List\
#        -lA
#        D:\MKS-Robin-Nano-Firmware-v2.x.x\MKS-Robin-Nano-Firmware\EWARM\mksRobinNano/List\
#        --diag_suppress Pa050 -o
#        D:\MKS-Robin-Nano-Firmware-v2.x.x\MKS-Robin-Nano-Firmware\EWARM\mksRobinNano/Obj\
#        --debug --endian=little --cpu=Cortex-M3 -e --char_is_signed --fpu=None
#        --dlib_config "C:\Program Files (x86)\IAR Systems\Embedded Workbench
#        7.0\arm\INC\c\DLib_Config_Full.h" -I
#        D:\MKS-Robin-Nano-Firmware-v2.x.x\MKS-Robin-Nano-Firmware\EWARM/../Inc\
#        -I
#        D:\MKS-Robin-Nano-Firmware-v2.x.x\MKS-Robin-Nano-Firmware\EWARM/../Src\
#        -I
#        D:\MKS-Robin-Nano-Firmware-v2.x.x\MKS-Robin-Nano-Firmware\EWARM/../Drivers/STM32F1xx_HAL_Driver/Inc\
#        -I
#        D:\MKS-Robin-Nano-Firmware-v2.x.x\MKS-Robin-Nano-Firmware\EWARM/../Drivers/STM32F1xx_HAL_Driver/Inc/Legacy\
#        -I
#        D:\MKS-Robin-Nano-Firmware-v2.x.x\MKS-Robin-Nano-Firmware\EWARM/../Middlewares/Third_Party/FatFs/src/drivers\
#        -I
#        D:\MKS-Robin-Nano-Firmware-v2.x.x\MKS-Robin-Nano-Firmware\EWARM/../Middlewares/ST/STM32_USB_Host_Library/Core/Inc\
#        -I
#        D:\MKS-Robin-Nano-Firmware-v2.x.x\MKS-Robin-Nano-Firmware\EWARM/../Middlewares/ST/STM32_USB_Host_Library/Class/MSC/Inc\
#        -I
#        D:\MKS-Robin-Nano-Firmware-v2.x.x\MKS-Robin-Nano-Firmware\EWARM/../Drivers/CMSIS/Device/ST/STM32F1xx/Include\
#        -I
#        D:\MKS-Robin-Nano-Firmware-v2.x.x\MKS-Robin-Nano-Firmware\EWARM/../Middlewares/Third_Party/FatFs/src\
#        -I
#        D:\MKS-Robin-Nano-Firmware-v2.x.x\MKS-Robin-Nano-Firmware\EWARM/../Middlewares/Third_Party/Marlin\
#        -I
#        D:\MKS-Robin-Nano-Firmware-v2.x.x\MKS-Robin-Nano-Firmware\EWARM/../Drivers/CMSIS/Include\
#        -I
#        D:\MKS-Robin-Nano-Firmware-v2.x.x\MKS-Robin-Nano-Firmware\EWARM/../Drivers/BSP/variant\
#        -I
#        D:\MKS-Robin-Nano-Firmware-v2.x.x\MKS-Robin-Nano-Firmware\EWARM/../Drivers/BSP/Components/at24cxx\
#        -I
#        D:\MKS-Robin-Nano-Firmware-v2.x.x\MKS-Robin-Nano-Firmware\EWARM/../Drivers/BSP/Components/w25qxx\
#        -I
#        D:\MKS-Robin-Nano-Firmware-v2.x.x\MKS-Robin-Nano-Firmware\EWARM/../Drivers/BSP/Components/lcd\
#        -I
#        D:\MKS-Robin-Nano-Firmware-v2.x.x\MKS-Robin-Nano-Firmware\EWARM/../Drivers/STM32F10x_StdPeriph_Driver/inc\
#        -I
#        D:\MKS-Robin-Nano-Firmware-v2.x.x\MKS-Robin-Nano-Firmware\EWARM/../Drivers/libstmf4/include\
#        -I
#        D:\MKS-Robin-Nano-Firmware-v2.x.x\MKS-Robin-Nano-Firmware\EWARM/../Middlewares/arduino/stm32/cores/arduino\
#        -I
#        D:\MKS-Robin-Nano-Firmware-v2.x.x\MKS-Robin-Nano-Firmware\EWARM/../User/ui\
#        -I
#        D:\MKS-Robin-Nano-Firmware-v2.x.x\MKS-Robin-Nano-Firmware\EWARM/../User/ui/Multi_language\
#        -I
#        D:\MKS-Robin-Nano-Firmware-v2.x.x\MKS-Robin-Nano-Firmware\EWARM/../User/ui/QRENCODE\
#        -I
#        D:\MKS-Robin-Nano-Firmware-v2.x.x\MKS-Robin-Nano-Firmware\EWARM\..\Middlewares\GUI\
#        -Oh --eec++ -I "C:\Program Files (x86)\IAR Systems\Embedded Workbench
#        7.0\arm\CMSIS\Include\"
#    List file    =  
#        D:\MKS-Robin-Nano-Firmware-v2.x.x\MKS-Robin-Nano-Firmware\EWARM\mksRobinNano/List\draw_tool.lst
#    Object file  =  
#        D:\MKS-Robin-Nano-Firmware-v2.x.x\MKS-Robin-Nano-Firmware\EWARM\mksRobinNano/Obj\draw_tool.o
#
###############################################################################

D:\MKS-Robin-Nano-Firmware-v2.x.x\MKS-Robin-Nano-Firmware\User\ui\draw_tool.cpp
      1          #include "gui.h"
      2          //#include "button.h"
      3          //#include "PROGBAR.h"
      4          #include "draw_tool.h"
      5          #include "draw_ui.h"

  #define UNUSED(x) ((void)(x))
          ^
"D:\MKS-Robin-Nano-Firmware-v2.x.x\MKS-Robin-Nano-Firmware\Drivers\STM32F1xx_HAL_Driver\Inc\stm32f1xx_hal_def.h",87  Warning[Pe047]: 
          incompatible redefinition of macro "UNUSED" (declared at line 101 of
          "D:\MKS-Robin-Nano-Firmware-v2.x.x\MKS-Robin-Nano-Firmware\EWARM/../M
          iddlewares/Third_Party/Marlin\macros.h")

  		volatile volatile float desireBedTempBak;
  		         ^
"D:\MKS-Robin-Nano-Firmware-v2.x.x\MKS-Robin-Nano-Firmware\Inc\mks_cfg.h",626  Warning[Pe083]: 
          type qualifier specified more than once

    #define FILAMENT_CHANGE_TEXT_EN				"Please click <Load> \nor <unload>,After \npinter pause."
            ^
"D:\MKS-Robin-Nano-Firmware-v2.x.x\MKS-Robin-Nano-Firmware\User\ui\Multi_language\Language_en.h",337  Warning[Pe047]: 
          incompatible redefinition of macro "FILAMENT_CHANGE_TEXT_EN"
          (declared at line 315)

  #define DIALOG_UNBIND_PRINTER_CN            "Ëß£Èô§ÁªëÂÆö?"
          ^
"D:\MKS-Robin-Nano-Firmware-v2.x.x\MKS-Robin-Nano-Firmware\User\ui\Multi_language\Language_s_cn.h",408  Warning[Pe047]: 
          incompatible redefinition of macro "DIALOG_UNBIND_PRINTER_CN"
          (declared at line 403)

    #define FILAMENT_CHANGE_TEXT_T_CN				"ÂæÖÊâìÂç∞Ê©üÊö´ÂÅúÂêé,\nË´ãÊåâ<ÈÄ≤Êñô>Êàñ<ÈÄÄÊñô>"
            ^
"D:\MKS-Robin-Nano-Firmware-v2.x.x\MKS-Robin-Nano-Firmware\User\ui\Multi_language\Language_t_cn.h",318  Warning[Pe047]: 
          incompatible redefinition of macro "FILAMENT_CHANGE_TEXT_T_CN"
          (declared at line 304)

    #define FILAMENT_CHANGE_TEXT_RU				"Please click <Load> \nor <unload>,After \npinter pause."
            ^
"D:\MKS-Robin-Nano-Firmware-v2.x.x\MKS-Robin-Nano-Firmware\User\ui\Multi_language\Language_ru.h",134  Warning[Pe047]: 
          incompatible redefinition of macro "FILAMENT_CHANGE_TEXT_RU"
          (declared at line 114)

  #define DIALOG_UNBIND_PRINTER_RU            "Unbind the printer?"
          ^
"D:\MKS-Robin-Nano-Firmware-v2.x.x\MKS-Robin-Nano-Firmware\User\ui\Multi_language\Language_ru.h",231  Warning[Pe047]: 
          incompatible redefinition of macro "DIALOG_UNBIND_PRINTER_RU"
          (declared at line 226)

    #define FILAMENT_CHANGE_TEXT_FR				"Please click <Load> \nor <unload>,After \npinter pause."
            ^
"D:\MKS-Robin-Nano-Firmware-v2.x.x\MKS-Robin-Nano-Firmware\User\ui\Multi_language\Language_fr.h",134  Warning[Pe047]: 
          incompatible redefinition of macro "FILAMENT_CHANGE_TEXT_FR"
          (declared at line 114)

  #define DIALOG_UNBIND_PRINTER_FR        "Unbind the printer?"
          ^
"D:\MKS-Robin-Nano-Firmware-v2.x.x\MKS-Robin-Nano-Firmware\User\ui\Multi_language\Language_fr.h",234  Warning[Pe047]: 
          incompatible redefinition of macro "DIALOG_UNBIND_PRINTER_FR"
          (declared at line 230)

    #define FILAMENT_CHANGE_TEXT_SP				"Please click <Load> \nor <unload>,After \npinter pause."
            ^
"D:\MKS-Robin-Nano-Firmware-v2.x.x\MKS-Robin-Nano-Firmware\User\ui\Multi_language\Language_sp.h",133  Warning[Pe047]: 
          incompatible redefinition of macro "FILAMENT_CHANGE_TEXT_SP"
          (declared at line 114)

    #define FILAMENT_CHANGE_TEXT_IT				"Please click <Load> \nor <unload>,After \npinter pause."
            ^
"D:\MKS-Robin-Nano-Firmware-v2.x.x\MKS-Robin-Nano-Firmware\User\ui\Multi_language\Language_it.h",134  Warning[Pe047]: 
          incompatible redefinition of macro "FILAMENT_CHANGE_TEXT_IT"
          (declared at line 114)

  #define DIALOG_UNBIND_PRINTER_IT                "Unbind the printer?"
          ^
"D:\MKS-Robin-Nano-Firmware-v2.x.x\MKS-Robin-Nano-Firmware\User\ui\Multi_language\Language_it.h",230  Warning[Pe047]: 
          incompatible redefinition of macro "DIALOG_UNBIND_PRINTER_IT"
          (declared at line 225)

  #define FILAMENT_CHANGE_TEXT_JP				"Please click <Load> \nor <unload>,After \npinter pause."
          ^
"D:\MKS-Robin-Nano-Firmware-v2.x.x\MKS-Robin-Nano-Firmware\User\ui\Multi_language\Multi_language.h",899  Warning[Pe047]: 
          incompatible redefinition of macro "FILAMENT_CHANGE_TEXT_JP"
          (declared at line 892)

  #define FILAMENT_CHANGE_TEXT_GN				"Please click <Load> \nor <unload>,After \npinter pause."
          ^
"D:\MKS-Robin-Nano-Firmware-v2.x.x\MKS-Robin-Nano-Firmware\User\ui\Multi_language\Multi_language.h",1107  Warning[Pe047]: 
          incompatible redefinition of macro "FILAMENT_CHANGE_TEXT_GN"
          (declared at line 1101)

  #define Simple_Dec"ºı…Ÿ"
                    ^
"D:\MKS-Robin-Nano-Firmware-v2.x.x\MKS-Robin-Nano-Firmware\User\ui\draw_ui.h",666  Warning[Pe1649]: 
          white space is required between the macro name "Simple_Dec" and its
          replacement text

  #define Simple_Speed "ÀŸ∂»"
          ^
"D:\MKS-Robin-Nano-Firmware-v2.x.x\MKS-Robin-Nano-Firmware\User\ui\draw_ui.h",721  Warning[Pe047]: 
          incompatible redefinition of macro "Simple_Speed" (declared at line
          718)

  #define Complex_Speed "ÀŸ∂»"
          ^
"D:\MKS-Robin-Nano-Firmware-v2.x.x\MKS-Robin-Nano-Firmware\User\ui\draw_ui.h",722  Warning[Pe047]: 
          incompatible redefinition of macro "Complex_Speed" (declared at line
          719)
      6          #include "draw_print_file.h"
      7          #include "pic.h"
      8          //#include "fontLib.h"
      9          #include "draw_move_motor.h"
     10          //#include "text.h"
     11          //#include "printer.h"
     12          #include "draw_more.h"
     13          #include "draw_manual_leveling.h"
     14          #include "draw_filamentchange.h"
     15          #include "draw_pre_heat.h"
     16          #include "draw_extrusion.h"
     17          #include "draw_zero.h"
     18          #include "pic_manager.h"
     19          #include "spi_flash.h"

  #define IS_SPI_DIRECTION_MODE(MODE) (((MODE) == SPI_Direction_2Lines_FullDuplex) || \
          ^
"D:\MKS-Robin-Nano-Firmware-v2.x.x\MKS-Robin-Nano-Firmware\Drivers\STM32F10x_StdPeriph_Driver\inc\stm32f10x_spi.h",132  Warning[Pe047]: 
          incompatible redefinition of macro "IS_SPI_DIRECTION_MODE" (declared
          at line 466 of
          "D:\MKS-Robin-Nano-Firmware-v2.x.x\MKS-Robin-Nano-Firmware\Drivers\ST
          M32F1xx_HAL_Driver\Inc\stm32f1xx_hal_spi.h")

  #define IS_SPI_MODE(MODE) (((MODE) == SPI_Mode_Master) || \
          ^
"D:\MKS-Robin-Nano-Firmware-v2.x.x\MKS-Robin-Nano-Firmware\Drivers\STM32F10x_StdPeriph_Driver\inc\stm32f10x_spi.h",146  Warning[Pe047]: 
          incompatible redefinition of macro "IS_SPI_MODE" (declared at line
          459 of
          "D:\MKS-Robin-Nano-Firmware-v2.x.x\MKS-Robin-Nano-Firmware\Drivers\ST
          M32F1xx_HAL_Driver\Inc\stm32f1xx_hal_spi.h")

  #define IS_SPI_DATASIZE(DATASIZE) (((DATASIZE) == SPI_DataSize_16b) || \
          ^
"D:\MKS-Robin-Nano-Firmware-v2.x.x\MKS-Robin-Nano-Firmware\Drivers\STM32F10x_StdPeriph_Driver\inc\stm32f10x_spi.h",158  Warning[Pe047]: 
          incompatible redefinition of macro "IS_SPI_DATASIZE" (declared at
          line 488 of
          "D:\MKS-Robin-Nano-Firmware-v2.x.x\MKS-Robin-Nano-Firmware\Drivers\ST
          M32F1xx_HAL_Driver\Inc\stm32f1xx_hal_spi.h")

  #define IS_SPI_CPOL(CPOL) (((CPOL) == SPI_CPOL_Low) || \
          ^
"D:\MKS-Robin-Nano-Firmware-v2.x.x\MKS-Robin-Nano-Firmware\Drivers\STM32F10x_StdPeriph_Driver\inc\stm32f10x_spi.h",170  Warning[Pe047]: 
          incompatible redefinition of macro "IS_SPI_CPOL" (declared at line
          496 of
          "D:\MKS-Robin-Nano-Firmware-v2.x.x\MKS-Robin-Nano-Firmware\Drivers\ST
          M32F1xx_HAL_Driver\Inc\stm32f1xx_hal_spi.h")

  #define IS_SPI_CPHA(CPHA) (((CPHA) == SPI_CPHA_1Edge) || \
          ^
"D:\MKS-Robin-Nano-Firmware-v2.x.x\MKS-Robin-Nano-Firmware\Drivers\STM32F10x_StdPeriph_Driver\inc\stm32f10x_spi.h",182  Warning[Pe047]: 
          incompatible redefinition of macro "IS_SPI_CPHA" (declared at line
          504 of
          "D:\MKS-Robin-Nano-Firmware-v2.x.x\MKS-Robin-Nano-Firmware\Drivers\ST
          M32F1xx_HAL_Driver\Inc\stm32f1xx_hal_spi.h")

  #define IS_SPI_NSS(NSS) (((NSS) == SPI_NSS_Soft) || \
          ^
"D:\MKS-Robin-Nano-Firmware-v2.x.x\MKS-Robin-Nano-Firmware\Drivers\STM32F10x_StdPeriph_Driver\inc\stm32f10x_spi.h",194  Warning[Pe047]: 
          incompatible redefinition of macro "IS_SPI_NSS" (declared at line
          512 of
          "D:\MKS-Robin-Nano-Firmware-v2.x.x\MKS-Robin-Nano-Firmware\Drivers\ST
          M32F1xx_HAL_Driver\Inc\stm32f1xx_hal_spi.h")

  #define IS_SPI_BAUDRATE_PRESCALER(PRESCALER) (((PRESCALER) == SPI_BaudRatePrescaler_2) || \
          ^
"D:\MKS-Robin-Nano-Firmware-v2.x.x\MKS-Robin-Nano-Firmware\Drivers\STM32F10x_StdPeriph_Driver\inc\stm32f10x_spi.h",212  Warning[Pe047]: 
          incompatible redefinition of macro "IS_SPI_BAUDRATE_PRESCALER"
          (declared at line 521 of
          "D:\MKS-Robin-Nano-Firmware-v2.x.x\MKS-Robin-Nano-Firmware\Drivers\ST
          M32F1xx_HAL_Driver\Inc\stm32f1xx_hal_spi.h")

  #define IS_SPI_FIRST_BIT(BIT) (((BIT) == SPI_FirstBit_MSB) || \
          ^
"D:\MKS-Robin-Nano-Firmware-v2.x.x\MKS-Robin-Nano-Firmware\Drivers\STM32F10x_StdPeriph_Driver\inc\stm32f10x_spi.h",230  Warning[Pe047]: 
          incompatible redefinition of macro "IS_SPI_FIRST_BIT" (declared at
          line 535 of
          "D:\MKS-Robin-Nano-Firmware-v2.x.x\MKS-Robin-Nano-Firmware\Drivers\ST
          M32F1xx_HAL_Driver\Inc\stm32f1xx_hal_spi.h")

  #define SPI_FLAG_CRCERR                 ((uint16_t)0x0010)
          ^
"D:\MKS-Robin-Nano-Firmware-v2.x.x\MKS-Robin-Nano-Firmware\Drivers\STM32F10x_StdPeriph_Driver\inc\stm32f10x_spi.h",408  Warning[Pe047]: 
          incompatible redefinition of macro "SPI_FLAG_CRCERR" (declared at
          line 308 of
          "D:\MKS-Robin-Nano-Firmware-v2.x.x\MKS-Robin-Nano-Firmware\Drivers\ST
          M32F1xx_HAL_Driver\Inc\stm32f1xx_hal_spi.h")

  #define SPI_FLAG_MODF                   ((uint16_t)0x0020)
          ^
"D:\MKS-Robin-Nano-Firmware-v2.x.x\MKS-Robin-Nano-Firmware\Drivers\STM32F10x_StdPeriph_Driver\inc\stm32f10x_spi.h",409  Warning[Pe047]: 
          incompatible redefinition of macro "SPI_FLAG_MODF" (declared at line
          309 of
          "D:\MKS-Robin-Nano-Firmware-v2.x.x\MKS-Robin-Nano-Firmware\Drivers\ST
          M32F1xx_HAL_Driver\Inc\stm32f1xx_hal_spi.h")

  #define IS_SPI_CRC_POLYNOMIAL(POLYNOMIAL) ((POLYNOMIAL) >= 0x1)
          ^
"D:\MKS-Robin-Nano-Firmware-v2.x.x\MKS-Robin-Nano-Firmware\Drivers\STM32F10x_StdPeriph_Driver\inc\stm32f10x_spi.h",425  Warning[Pe047]: 
          incompatible redefinition of macro "IS_SPI_CRC_POLYNOMIAL" (declared
          at line 558 of
          "D:\MKS-Robin-Nano-Firmware-v2.x.x\MKS-Robin-Nano-Firmware\Drivers\ST
          M32F1xx_HAL_Driver\Inc\stm32f1xx_hal_spi.h")

  #else defined(MKS_ROBIN_NANO)
        ^
"D:\MKS-Robin-Nano-Firmware-v2.x.x\MKS-Robin-Nano-Firmware\Drivers\BSP\Components\w25qxx\spi_flash.h",40  Warning[Pe014]: 
          extra text after expected end of preprocessing directive
     20          #include "draw_meshleveling.h"
     21          //#include "sd_usr.h"
     22          #include "temperature.h"

  #define strcpy_P(dest, src) strcpy((dest), (src))
          ^
"D:\MKS-Robin-Nano-Firmware-v2.x.x\MKS-Robin-Nano-Firmware\Middlewares\arduino\stm32\cores\arduino\avr\pgmspace.h",23  Warning[Pe047]: 
          incompatible redefinition of macro "strcpy_P" (declared at line 93
          of
          "D:\MKS-Robin-Nano-Firmware-v2.x.x\MKS-Robin-Nano-Firmware\Middleware
          s\Third_Party\Marlin\Marlin_export.h")

  #define strstr_P(a, b) strstr((a), (b))
          ^
"D:\MKS-Robin-Nano-Firmware-v2.x.x\MKS-Robin-Nano-Firmware\Middlewares\arduino\stm32\cores\arduino\avr\pgmspace.h",26  Warning[Pe047]: 
          incompatible redefinition of macro "strstr_P" (declared at line 94
          of
          "D:\MKS-Robin-Nano-Firmware-v2.x.x\MKS-Robin-Nano-Firmware\Middleware
          s\Third_Party\Marlin\Marlin_export.h")

  #define sprintf_P(s, f, ...) sprintf((s), (f), __VA_ARGS__)
          ^
"D:\MKS-Robin-Nano-Firmware-v2.x.x\MKS-Robin-Nano-Firmware\Middlewares\arduino\stm32\cores\arduino\avr\pgmspace.h",28  Warning[Pe047]: 
          incompatible redefinition of macro "sprintf_P" (declared at line 95
          of
          "D:\MKS-Robin-Nano-Firmware-v2.x.x\MKS-Robin-Nano-Firmware\Middleware
          s\Third_Party\Marlin\Marlin_export.h")

  #define pgm_read_word_near(addr) pgm_read_word(addr)
          ^
"D:\MKS-Robin-Nano-Firmware-v2.x.x\MKS-Robin-Nano-Firmware\Middlewares\arduino\stm32\cores\arduino\avr\pgmspace.h",38  Warning[Pe047]: 
          incompatible redefinition of macro "pgm_read_word_near" (declared at
          line 65 of
          "D:\MKS-Robin-Nano-Firmware-v2.x.x\MKS-Robin-Nano-Firmware\Middleware
          s\Third_Party\Marlin\Marlin_export.h")

    }
    ^
"D:\MKS-Robin-Nano-Firmware-v2.x.x\MKS-Robin-Nano-Firmware\Middlewares\Third_Party\Marlin\Marlin.h",537  Warning[Pe940]: 
          missing return statement at end of non-void function
          "position_is_reachable_IS_KINEMATIC"

        target_temperature[HOTEND_INDEX] = celsius;
                                         ^
"D:\MKS-Robin-Nano-Firmware-v2.x.x\MKS-Robin-Nano-Firmware\Middlewares\Third_Party\Marlin\temperature.h",406  Warning[Pa093]: 
          implicit conversion from floating point to integer

          target_temperature_bed =
                                 ^
"D:\MKS-Robin-Nano-Firmware-v2.x.x\MKS-Robin-Nano-Firmware\Middlewares\Third_Party\Marlin\temperature.h",414  Warning[Pa093]: 
          implicit conversion from floating point to integer
     23          #ifndef GUI_FLASH
     24          #define GUI_FLASH
     25          #endif
     26          extern uint8_t leveling_first_time;
     27          
     28          extern volatile char *codebufpoint;
     29          extern char cmd_code[201];
     30          
     31          extern uint8_t Get_Temperature_Flg;
     32          extern volatile uint8_t get_temp_flag;
     33          

   \                                 In section .bss, align 4
     34          static BUTTON_STRUCT buttonPreHeat, buttonExtruse, buttonMove, buttonZero,buttonLeveling,buttonFilament,buttonMore,buttonRet;
     35          static GUI_HWIN hToolWnd;
   \                     hToolWnd:
   \   00000000                      DS8 2
   \   00000002                      DS8 2
   \   00000004                      DS8 24
   \   0000001C                      DS8 24

   \                                 In section .bss, align 4
   \                     buttonMove:
   \   00000000                      DS8 24
   \   00000018                      DS8 24

   \                                 In section .bss, align 4
   \                     buttonLeveling:
   \   00000000                      DS8 24
   \   00000018                      DS8 24

   \                                 In section .bss, align 4
   \                     buttonMore:
   \   00000000                      DS8 24
   \   00000018                      DS8 24
     36          
     37          //extern GUI_FLASH const GUI_FONT GUI_FontHZ_fontHz18;
     38          static TEXT_Handle Tool_Title_Text,Tool_state_Text;
     39          

   \                                 In section .text, align 2, keep-with-next
     40          static void cbDrawToolWin(WM_MESSAGE * pMsg) {
     41          	
     42          	switch (pMsg->MsgId) {
   \                     _Z13cbDrawToolWinP10WM_MESSAGE: (+1)
   \   00000000   0x6801             LDR      R1,[R0, #+0]
   \   00000002   0x290F             CMP      R1,#+15
   \   00000004   0xD100             BNE.N    ??cbDrawToolWin_0
   \   00000006   0x4770             BX       LR
   \                     ??cbDrawToolWin_0: (+1)
   \   00000008   0xB538             PUSH     {R3-R5,LR}
   \   0000000A   0x2926             CMP      R1,#+38
   \   0000000C   0xF040 0x8132      BNE.W    ??cbDrawToolWin_1
     43          		case WM_PAINT:
     44          
     45          			break;
     46          		
     47          		case WM_NOTIFY_PARENT:
     48          			if(pMsg->Data.v == WM_NOTIFICATION_RELEASED)
   \   00000010   0x6881             LDR      R1,[R0, #+8]
   \   00000012   0x2902             CMP      R1,#+2
   \   00000014   0xF040 0x8132      BNE.W    ??cbDrawToolWin_2
     49          			{
     50          			#if 1
     51          				if(pMsg->hWinSrc == buttonMove.btnHandle)
   \   00000018   0x.... 0x....      LDR.W    R1,??DataTable11
   \   0000001C   0xF9B0 0x0006      LDRSH    R0,[R0, #+6]
   \   00000020   0xF9B1 0x2000      LDRSH    R2,[R1, #+0]
   \   00000024   0x.... 0x....      LDR.W    R4,??DataTable11_1
   \   00000028   0x4290             CMP      R0,R2
   \   0000002A   0xD11A             BNE.N    ??cbDrawToolWin_3
     52          				{
     53          					gCfgItems.getzpos_flg = 1;
   \   0000002C   0x.... 0x....      LDR.W    R5,??DataTable11_2
     54          					last_disp_state = TOOL_UI;
   \   00000030   0x.... 0x....      LDR.W    R1,??DataTable11_3
   \   00000034   0x2001             MOVS     R0,#+1
   \   00000036   0xF885 0x01B1      STRB     R0,[R5, #+433]
   \   0000003A   0x2020             MOVS     R0,#+32
   \   0000003C   0x7008             STRB     R0,[R1, #+0]
     55          					Clear_Tool();
   \   0000003E   0x6968             LDR      R0,[R5, #+20]
   \   00000040   0x.... 0x....      BL       GUI_SetBkColor
   \   00000044   0xF9B4 0x0000      LDRSH    R0,[R4, #+0]
   \   00000048   0x.... 0x....      BL       WM_IsWindow
   \   0000004C   0xB128             CBZ.N    R0,??cbDrawToolWin_4
   \   0000004E   0xF9B4 0x0000      LDRSH    R0,[R4, #+0]
   \   00000052   0x.... 0x....      BL       WM_DeleteWindow
   \   00000056   0x.... 0x....      BL       GUI_Exec
     56          					draw_move_motor();			
   \                     ??cbDrawToolWin_4: (+1)
   \   0000005A   0xE8BD 0x4031      POP      {R0,R4,R5,LR}
   \   0000005E   0x.... 0x....      B.W      draw_move_motor
     57          				}
     58          				else if(pMsg->hWinSrc == buttonPreHeat.btnHandle)
   \                     ??cbDrawToolWin_3: (+1)
   \   00000062   0xF9B4 0x2004      LDRSH    R2,[R4, #+4]
   \   00000066   0x4290             CMP      R0,R2
   \   00000068   0xD117             BNE.N    ??cbDrawToolWin_5
     59          				{
     60          					last_disp_state = TOOL_UI;
   \   0000006A   0x.... 0x....      LDR.W    R1,??DataTable11_3
   \   0000006E   0x2020             MOVS     R0,#+32
   \   00000070   0x7008             STRB     R0,[R1, #+0]
     61          					//Get_Temperature_Flg = 1;
     62          					//get_temp_flag = 1;
     63          					Clear_Tool();
   \   00000072   0x.... 0x....      LDR.W    R0,??DataTable11_2
   \   00000076   0x6940             LDR      R0,[R0, #+20]
   \   00000078   0x.... 0x....      BL       GUI_SetBkColor
   \   0000007C   0xF9B4 0x0000      LDRSH    R0,[R4, #+0]
   \   00000080   0x.... 0x....      BL       WM_IsWindow
   \   00000084   0xB128             CBZ.N    R0,??cbDrawToolWin_6
   \   00000086   0xF9B4 0x0000      LDRSH    R0,[R4, #+0]
   \   0000008A   0x.... 0x....      BL       WM_DeleteWindow
   \   0000008E   0x.... 0x....      BL       GUI_Exec
     64          					draw_preHeat();
   \                     ??cbDrawToolWin_6: (+1)
   \   00000092   0xE8BD 0x4031      POP      {R0,R4,R5,LR}
   \   00000096   0x.... 0x....      B.W      draw_preHeat
     65          				}
     66          				else if(pMsg->hWinSrc == buttonExtruse.btnHandle)
   \                     ??cbDrawToolWin_5: (+1)
   \   0000009A   0xF9B4 0x201C      LDRSH    R2,[R4, #+28]
   \   0000009E   0x4290             CMP      R0,R2
   \   000000A0   0xD11E             BNE.N    ??cbDrawToolWin_7
     67          				{
     68          				    gCfgItems.extruSpeed_bak = feedrate_mm_s;
                 				                             ^
Warning[Pa093]: implicit conversion from floating point to integer
   \   000000A2   0x.... 0x....      LDR.W    R0,??DataTable11_4
   \   000000A6   0x.... 0x....      LDR.W    R5,??DataTable11_2
   \   000000AA   0x6800             LDR      R0,[R0, #+0]
   \   000000AC   0x.... 0x....      BL       __aeabi_f2iz
     69          					last_disp_state = TOOL_UI;
   \   000000B0   0x.... 0x....      LDR.W    R1,??DataTable11_3
   \   000000B4   0xF885 0x00C0      STRB     R0,[R5, #+192]
   \   000000B8   0x2020             MOVS     R0,#+32
   \   000000BA   0x7008             STRB     R0,[R1, #+0]
     70          					//Get_Temperature_Flg = 1;
     71          					//get_temp_flag = 1;
     72          					Clear_Tool();
   \   000000BC   0x6968             LDR      R0,[R5, #+20]
   \   000000BE   0x.... 0x....      BL       GUI_SetBkColor
   \   000000C2   0xF9B4 0x0000      LDRSH    R0,[R4, #+0]
   \   000000C6   0x.... 0x....      BL       WM_IsWindow
   \   000000CA   0xB128             CBZ.N    R0,??cbDrawToolWin_8
   \   000000CC   0xF9B4 0x0000      LDRSH    R0,[R4, #+0]
   \   000000D0   0x.... 0x....      BL       WM_DeleteWindow
   \   000000D4   0x.... 0x....      BL       GUI_Exec
     73          					draw_extrusion();
   \                     ??cbDrawToolWin_8: (+1)
   \   000000D8   0xE8BD 0x4031      POP      {R0,R4,R5,LR}
   \   000000DC   0x.... 0x....      B.W      draw_extrusion
     74          				}
     75          				else if(pMsg->hWinSrc == buttonZero.btnHandle)
   \                     ??cbDrawToolWin_7: (+1)
   \   000000E0   0xF9B1 0x1018      LDRSH    R1,[R1, #+24]
   \   000000E4   0x4288             CMP      R0,R1
   \   000000E6   0xD117             BNE.N    ??cbDrawToolWin_9
     76          				{
     77          					last_disp_state = TOOL_UI;
   \   000000E8   0x.... 0x....      LDR.W    R1,??DataTable11_3
   \   000000EC   0x2020             MOVS     R0,#+32
   \   000000EE   0x7008             STRB     R0,[R1, #+0]
     78          					Clear_Tool();
   \   000000F0   0x.... 0x....      LDR.W    R0,??DataTable11_2
   \   000000F4   0x6940             LDR      R0,[R0, #+20]
   \   000000F6   0x.... 0x....      BL       GUI_SetBkColor
   \   000000FA   0xF9B4 0x0000      LDRSH    R0,[R4, #+0]
   \   000000FE   0x.... 0x....      BL       WM_IsWindow
   \   00000102   0xB128             CBZ.N    R0,??cbDrawToolWin_10
   \   00000104   0xF9B4 0x0000      LDRSH    R0,[R4, #+0]
   \   00000108   0x.... 0x....      BL       WM_DeleteWindow
   \   0000010C   0x.... 0x....      BL       GUI_Exec
     79          					draw_Zero();
   \                     ??cbDrawToolWin_10: (+1)
   \   00000110   0xE8BD 0x4031      POP      {R0,R4,R5,LR}
   \   00000114   0x.... 0x....      B.W      draw_Zero
     80          				}
     81          				else if(pMsg->hWinSrc == buttonLeveling.btnHandle)
   \                     ??cbDrawToolWin_9: (+1)
   \   00000118   0x.... 0x....      LDR.W    R1,??DataTable11_5
   \   0000011C   0xF9B1 0x2000      LDRSH    R2,[R1, #+0]
   \   00000120   0x4290             CMP      R0,R2
   \   00000122   0xD147             BNE.N    ??cbDrawToolWin_11
     82          				{
     83          					if(gCfgItems.leveling_mode == 1)
   \   00000124   0x.... 0x....      LDR.W    R5,??DataTable11_2
   \   00000128   0xF895 0x010C      LDRB     R0,[R5, #+268]
   \   0000012C   0x2801             CMP      R0,#+1
   \   0000012E   0xD127             BNE.N    ??cbDrawToolWin_12
     84          					{
     85          					    if(BED_LEVELING_METHOD & MESH_BED_LEVELING)
   \   00000130   0x.... 0x....      LDR.W    R0,??DataTable11_6
   \   00000134   0xF890 0x0042      LDRB     R0,[R0, #+66]
   \   00000138   0x0680             LSLS     R0,R0,#+26
   \   0000013A   0xD515             BPL.N    ??cbDrawToolWin_13
     86                                  {
     87                                      last_disp_state = TOOL_UI;
   \   0000013C   0x.... 0x....      LDR.W    R1,??DataTable11_3
   \   00000140   0x2020             MOVS     R0,#+32
   \   00000142   0x7008             STRB     R0,[R1, #+0]
     88                                      Clear_Tool();
   \   00000144   0x6968             LDR      R0,[R5, #+20]
   \   00000146   0x.... 0x....      BL       GUI_SetBkColor
   \   0000014A   0xF9B4 0x0000      LDRSH    R0,[R4, #+0]
   \   0000014E   0x.... 0x....      BL       WM_IsWindow
   \   00000152   0xB128             CBZ.N    R0,??cbDrawToolWin_14
   \   00000154   0xF9B4 0x0000      LDRSH    R0,[R4, #+0]
   \   00000158   0x.... 0x....      BL       WM_DeleteWindow
   \   0000015C   0x.... 0x....      BL       GUI_Exec
     89                                      draw_meshleveling();
   \                     ??cbDrawToolWin_14: (+1)
   \   00000160   0xE8BD 0x4031      POP      {R0,R4,R5,LR}
   \   00000164   0x.... 0x....      B.W      draw_meshleveling
     90                                  }   
     91                                  else
     92                                  {
     93                                  
     94          						    SPI_FLASH_BufferRead((u8 *)cmd_code,BUTTON_AUTOLEVELING_ADDR,201);
   \                     ??cbDrawToolWin_13: (+1)
   \   00000168   0x.... 0x....      LDR.W    R4,??DataTable11_7
   \   0000016C   0x22C9             MOVS     R2,#+201
   \   0000016E   0xF44F 0x6178      MOV      R1,#+3968
   \   00000172   0x4620             MOV      R0,R4
   \   00000174   0x.... 0x....      BL       SPI_FLASH_BufferRead
     95          						    codebufpoint = cmd_code;
   \   00000178   0x.... 0x....      LDR.W    R0,??DataTable11_8
   \   0000017C   0x6004             STR      R4,[R0, #+0]
   \   0000017E   0xBD31             POP      {R0,R4,R5,PC}
     96                                  }
     97          					}
     98          					else
     99          					{
    100          					    leveling_first_time = 1;
   \                     ??cbDrawToolWin_12: (+1)
   \   00000180   0x2001             MOVS     R0,#+1
   \   00000182   0x.... 0x....      LDR.W    R1,??DataTable11_9
   \   00000186   0x7008             STRB     R0,[R1, #+0]
    101          						last_disp_state = TOOL_UI;
   \   00000188   0x2020             MOVS     R0,#+32
   \   0000018A   0x.... 0x....      LDR.W    R1,??DataTable11_3
   \   0000018E   0x7008             STRB     R0,[R1, #+0]
    102          						Clear_Tool();
   \   00000190   0x6968             LDR      R0,[R5, #+20]
   \   00000192   0x.... 0x....      BL       GUI_SetBkColor
   \   00000196   0xF9B4 0x0000      LDRSH    R0,[R4, #+0]
   \   0000019A   0x.... 0x....      BL       WM_IsWindow
   \   0000019E   0xB128             CBZ.N    R0,??cbDrawToolWin_15
   \   000001A0   0xF9B4 0x0000      LDRSH    R0,[R4, #+0]
   \   000001A4   0x.... 0x....      BL       WM_DeleteWindow
   \   000001A8   0x.... 0x....      BL       GUI_Exec
    103          						draw_leveling();
   \                     ??cbDrawToolWin_15: (+1)
   \   000001AC   0xE8BD 0x4031      POP      {R0,R4,R5,LR}
   \   000001B0   0x.... 0x....      B.W      draw_leveling
    104          					}
    105          				}		
    106          				else if(pMsg->hWinSrc == buttonFilament.btnHandle)
   \                     ??cbDrawToolWin_11: (+1)
   \   000001B4   0xF9B1 0x1018      LDRSH    R1,[R1, #+24]
   \   000001B8   0x4288             CMP      R0,R1
   \   000001BA   0xD121             BNE.N    ??cbDrawToolWin_16
    107          				{
    108          					//gCfgItems.desireSprayerTempBak_1[gCfgItems.curSprayerChoose] = gCfgItems.desireSprayerTemp[gCfgItems.curSprayerChoose];
    109          					gCfgItems.desireSprayerTempBak=thermalManager.target_temperature[gCfgItems.curSprayerChoose];
   \   000001BC   0x.... 0x....      LDR.W    R5,??DataTable11_2
   \   000001C0   0x.... 0x....      LDR.W    R1,??DataTable11_10
   \   000001C4   0xF995 0x00AC      LDRSB    R0,[R5, #+172]
   \   000001C8   0xF851 0x0020      LDR      R0,[R1, R0, LSL #+2]
   \   000001CC   0x.... 0x....      BL       __aeabi_i2f
    110          					last_disp_state = TOOL_UI;
   \   000001D0   0x.... 0x....      LDR.W    R1,??DataTable11_3
   \   000001D4   0xF8C5 0x014C      STR      R0,[R5, #+332]
   \   000001D8   0x2020             MOVS     R0,#+32
   \   000001DA   0x7008             STRB     R0,[R1, #+0]
    111          					Clear_Tool();
   \   000001DC   0x6968             LDR      R0,[R5, #+20]
   \   000001DE   0x.... 0x....      BL       GUI_SetBkColor
   \   000001E2   0xF9B4 0x0000      LDRSH    R0,[R4, #+0]
   \   000001E6   0x.... 0x....      BL       WM_IsWindow
   \   000001EA   0xB128             CBZ.N    R0,??cbDrawToolWin_17
   \   000001EC   0xF9B4 0x0000      LDRSH    R0,[R4, #+0]
   \   000001F0   0x.... 0x....      BL       WM_DeleteWindow
   \   000001F4   0x.... 0x....      BL       GUI_Exec
    112          					draw_FilamentChange();
   \                     ??cbDrawToolWin_17: (+1)
   \   000001F8   0xE8BD 0x4031      POP      {R0,R4,R5,LR}
   \   000001FC   0x.... 0x....      B.W      draw_FilamentChange
    113          				}		
    114          				else if(pMsg->hWinSrc == buttonMore.btnHandle)
   \                     ??cbDrawToolWin_16: (+1)
   \   00000200   0x.... 0x....      LDR.W    R1,??DataTable11_11
   \   00000204   0xF9B1 0x2000      LDRSH    R2,[R1, #+0]
   \   00000208   0x4290             CMP      R0,R2
   \   0000020A   0xD117             BNE.N    ??cbDrawToolWin_18
    115          				{
    116          					last_disp_state = TOOL_UI;
   \   0000020C   0x.... 0x....      LDR.W    R1,??DataTable11_3
   \   00000210   0x2020             MOVS     R0,#+32
   \   00000212   0x7008             STRB     R0,[R1, #+0]
    117          					Clear_Tool();
   \   00000214   0x.... 0x....      LDR.W    R0,??DataTable11_2
   \   00000218   0x6940             LDR      R0,[R0, #+20]
   \   0000021A   0x.... 0x....      BL       GUI_SetBkColor
   \   0000021E   0xF9B4 0x0000      LDRSH    R0,[R4, #+0]
   \   00000222   0x.... 0x....      BL       WM_IsWindow
   \   00000226   0xB128             CBZ.N    R0,??cbDrawToolWin_19
   \   00000228   0xF9B4 0x0000      LDRSH    R0,[R4, #+0]
   \   0000022C   0x.... 0x....      BL       WM_DeleteWindow
   \   00000230   0x.... 0x....      BL       GUI_Exec
    118          					draw_More();
   \                     ??cbDrawToolWin_19: (+1)
   \   00000234   0xE8BD 0x4031      POP      {R0,R4,R5,LR}
   \   00000238   0x.... 0x....      B.W      draw_More
    119          				}				
    120          				else if(pMsg->hWinSrc == buttonRet.btnHandle)
   \                     ??cbDrawToolWin_18: (+1)
   \   0000023C   0xF9B1 0x1018      LDRSH    R1,[R1, #+24]
   \   00000240   0x4288             CMP      R0,R1
   \   00000242   0xD11B             BNE.N    ??cbDrawToolWin_2
    121          				{
    122          					last_disp_state = TOOL_UI;
   \   00000244   0x.... 0x....      LDR.W    R1,??DataTable11_3
   \   00000248   0x2020             MOVS     R0,#+32
   \   0000024A   0x7008             STRB     R0,[R1, #+0]
    123          					Clear_Tool();
   \   0000024C   0x.... 0x....      LDR.W    R0,??DataTable11_2
   \   00000250   0x6940             LDR      R0,[R0, #+20]
   \   00000252   0x.... 0x....      BL       GUI_SetBkColor
   \   00000256   0xF9B4 0x0000      LDRSH    R0,[R4, #+0]
   \   0000025A   0x.... 0x....      BL       WM_IsWindow
   \   0000025E   0xB128             CBZ.N    R0,??cbDrawToolWin_20
   \   00000260   0xF9B4 0x0000      LDRSH    R0,[R4, #+0]
   \   00000264   0x.... 0x....      BL       WM_DeleteWindow
   \   00000268   0x.... 0x....      BL       GUI_Exec
    124          					draw_return_ui();
   \                     ??cbDrawToolWin_20: (+1)
   \   0000026C   0xE8BD 0x4031      POP      {R0,R4,R5,LR}
   \   00000270   0x.... 0x....      B.W      draw_return_ui
    125          				}
    126          				#endif
    127          			}
    128          			break;
    129          		default:
    130          			WM_DefaultProc(pMsg);
   \                     ??cbDrawToolWin_1: (+1)
   \   00000274   0xE8BD 0x4032      POP      {R1,R4,R5,LR}
   \   00000278   0x.... 0x....      B.W      WM_DefaultProc
    131          	}
    132          }
   \                     ??cbDrawToolWin_2: (+1)
   \   0000027C   0xBD31             POP      {R0,R4,R5,PC}    ;; return
    133          
    134          
    135          
    136          
    137          

   \                                 In section .text, align 2, keep-with-next
    138          void draw_tool()
    139          {
   \                     _Z9draw_toolv: (+1)
   \   00000000   0xE92D 0x4FF0      PUSH     {R4-R11,LR}
    140          #if 1
    141          	int i;
                 	    ^
Warning[Pe177]: variable "i" was declared but never referenced

  static TEXT_Handle Tool_Title_Text,Tool_state_Text;
                     ^
"D:\MKS-Robin-Nano-Firmware-v2.x.x\MKS-Robin-Nano-Firmware\User\ui\draw_tool.cpp",38  Warning[Pe177]: 
          variable "Tool_Title_Text" was declared but never referenced

  static TEXT_Handle Tool_Title_Text,Tool_state_Text;
                                     ^
"D:\MKS-Robin-Nano-Firmware-v2.x.x\MKS-Robin-Nano-Firmware\User\ui\draw_tool.cpp",38  Warning[Pe177]: 
          variable "Tool_state_Text" was declared but never referenced
    142          	if(disp_state_stack._disp_state[disp_state_stack._disp_index] != TOOL_UI)
   \   00000004   0x.... 0x....      LDR.W    R0,??DataTable11_12
   \   00000008   0xF990 0x1064      LDRSB    R1,[R0, #+100]
   \   0000000C   0xB085             SUB      SP,SP,#+20
   \   0000000E   0x560A             LDRSB    R2,[R1, R0]
   \   00000010   0x2A20             CMP      R2,#+32
   \   00000012   0xD005             BEQ.N    ??draw_tool_0
    143          	{
    144          		disp_state_stack._disp_index++;
   \   00000014   0x1C49             ADDS     R1,R1,#+1
   \   00000016   0xF880 0x1064      STRB     R1,[R0, #+100]
    145          		disp_state_stack._disp_state[disp_state_stack._disp_index] = TOOL_UI;
   \   0000001A   0x2220             MOVS     R2,#+32
   \   0000001C   0xB249             SXTB     R1,R1
   \   0000001E   0x540A             STRB     R2,[R1, R0]
    146          	}
    147          	disp_state = TOOL_UI;
   \                     ??draw_tool_0: (+1)
   \   00000020   0x2020             MOVS     R0,#+32
   \   00000022   0x.... 0x....      LDR.W    R1,??DataTable11_13
    148          
    149          	
    150          	//GUI_SetFont(&GUI_Font8x18);
    151          	GUI_SetBkColor(gCfgItems.background_color);
   \   00000026   0x.... 0x....      LDR.W    R9,??DataTable11_2
   \   0000002A   0x7008             STRB     R0,[R1, #+0]
   \   0000002C   0xF8D9 0x0014      LDR      R0,[R9, #+20]
   \   00000030   0x.... 0x....      BL       GUI_SetBkColor
    152          	GUI_SetColor(gCfgItems.title_color);
   \   00000034   0xF8D9 0x0018      LDR      R0,[R9, #+24]
   \   00000038   0x.... 0x....      BL       GUI_SetColor
    153          	GUI_Clear();
   \   0000003C   0x.... 0x....      BL       GUI_Clear
    154          	//GUI_SetFont(&FONT_TITLE);
    155          	#if 0
    156          	if(gCfgItems.language == LANG_COMPLEX_CHINESE)
    157          	{
    158          		GUI_SetFont(&GUI_FontHZ16);
    159          	}
    160          	else
    161          	{
    162          		GUI_SetFont(&FONT_TITLE);
    163          	}
    164          	GUI_DispStringAt(creat_title_text(), 0, 0);
    165          	#endif
    166          	GUI_DispStringAt(creat_title_text(), 0, 0);
   \   00000040   0x.... 0x....      BL       creat_title_text
   \   00000044   0x2200             MOVS     R2,#+0
   \   00000046   0x2100             MOVS     R1,#+0
   \   00000048   0x.... 0x....      BL       GUI_DispStringAt
    167          
    168          	hToolWnd = WM_CreateWindow(0,titleHeight, LCD_WIDTH, imgHeight, WM_CF_SHOW, cbDrawToolWin, 0);
   \   0000004C   0x2000             MOVS     R0,#+0
   \   0000004E   0x9002             STR      R0,[SP, #+8]
   \   00000050   0xF44F 0x738E      MOV      R3,#+284
   \   00000054   0x....             LDR.N    R0,??DataTable11_14
   \   00000056   0x....             LDR.N    R7,??DataTable11_1
   \   00000058   0x9001             STR      R0,[SP, #+4]
   \   0000005A   0xF44F 0x72F0      MOV      R2,#+480
   \   0000005E   0x2002             MOVS     R0,#+2
   \   00000060   0x9000             STR      R0,[SP, #+0]
   \   00000062   0x2124             MOVS     R1,#+36
   \   00000064   0x2000             MOVS     R0,#+0
   \   00000066   0x.... 0x....      BL       WM_CreateWindow
   \   0000006A   0x8038             STRH     R0,[R7, #+0]
    169          	//Tool_Title_Text = TEXT_CreateEx(0,0, LCD_WIDTH, titleHeight, hToolWnd, WM_CF_SHOW, TEXT_CF_LEFT,	alloc_win_id(), "Tool");
    170          	buttonPreHeat.btnHandle = BUTTON_CreateEx(INTERVAL_H,0,BTN_X_PIXEL,BTN_Y_PIXEL,hToolWnd, BUTTON_CF_SHOW,0,alloc_win_id());
   \   0000006C   0x.... 0x....      BL       alloc_win_id
   \   00000070   0x9003             STR      R0,[SP, #+12]
   \   00000072   0x238C             MOVS     R3,#+140
   \   00000074   0x2000             MOVS     R0,#+0
   \   00000076   0x9002             STR      R0,[SP, #+8]
   \   00000078   0x2275             MOVS     R2,#+117
   \   0000007A   0x2002             MOVS     R0,#+2
   \   0000007C   0x9001             STR      R0,[SP, #+4]
   \   0000007E   0x2100             MOVS     R1,#+0
   \   00000080   0xF9B7 0x0000      LDRSH    R0,[R7, #+0]
   \   00000084   0x9000             STR      R0,[SP, #+0]
   \   00000086   0x2002             MOVS     R0,#+2
   \   00000088   0x.... 0x....      BL       BUTTON_CreateEx
   \   0000008C   0x80B8             STRH     R0,[R7, #+4]
    171          	buttonExtruse.btnHandle = BUTTON_CreateEx(BTN_X_PIXEL+INTERVAL_H*2, 0,BTN_X_PIXEL,BTN_Y_PIXEL,hToolWnd,BUTTON_CF_SHOW,0,alloc_win_id());
   \   0000008E   0x.... 0x....      BL       alloc_win_id
   \   00000092   0x9003             STR      R0,[SP, #+12]
   \   00000094   0x238C             MOVS     R3,#+140
   \   00000096   0x2000             MOVS     R0,#+0
   \   00000098   0x9002             STR      R0,[SP, #+8]
   \   0000009A   0x2275             MOVS     R2,#+117
   \   0000009C   0x2002             MOVS     R0,#+2
   \   0000009E   0x9001             STR      R0,[SP, #+4]
   \   000000A0   0x2100             MOVS     R1,#+0
   \   000000A2   0xF9B7 0x0000      LDRSH    R0,[R7, #+0]
   \   000000A6   0x9000             STR      R0,[SP, #+0]
   \   000000A8   0x2079             MOVS     R0,#+121
   \   000000AA   0x.... 0x....      BL       BUTTON_CreateEx
   \   000000AE   0x83B8             STRH     R0,[R7, #+28]
    172          	buttonMove.btnHandle = BUTTON_CreateEx(BTN_X_PIXEL*2+INTERVAL_H*3,0,BTN_X_PIXEL,BTN_Y_PIXEL,hToolWnd,BUTTON_CF_SHOW,0,alloc_win_id());
   \   000000B0   0x.... 0x....      BL       alloc_win_id
   \   000000B4   0x9003             STR      R0,[SP, #+12]
   \   000000B6   0x2000             MOVS     R0,#+0
   \   000000B8   0x9002             STR      R0,[SP, #+8]
   \   000000BA   0x2002             MOVS     R0,#+2
   \   000000BC   0x9001             STR      R0,[SP, #+4]
   \   000000BE   0x238C             MOVS     R3,#+140
   \   000000C0   0xF9B7 0x0000      LDRSH    R0,[R7, #+0]
   \   000000C4   0x.... 0x....      LDR.W    R8,??DataTable11
   \   000000C8   0x9000             STR      R0,[SP, #+0]
   \   000000CA   0x2275             MOVS     R2,#+117
   \   000000CC   0x2100             MOVS     R1,#+0
   \   000000CE   0x20F0             MOVS     R0,#+240
   \   000000D0   0x.... 0x....      BL       BUTTON_CreateEx
   \   000000D4   0xF8A8 0x0000      STRH     R0,[R8, #+0]
    173          	buttonZero.btnHandle = BUTTON_CreateEx(BTN_X_PIXEL*3+INTERVAL_H*4,0,BTN_X_PIXEL,BTN_Y_PIXEL,hToolWnd,BUTTON_CF_SHOW,0,alloc_win_id());
   \   000000D8   0x.... 0x....      BL       alloc_win_id
   \   000000DC   0x9003             STR      R0,[SP, #+12]
   \   000000DE   0xF240 0x1467      MOVW     R4,#+359
   \   000000E2   0x2000             MOVS     R0,#+0
   \   000000E4   0x9002             STR      R0,[SP, #+8]
   \   000000E6   0x238C             MOVS     R3,#+140
   \   000000E8   0x2002             MOVS     R0,#+2
   \   000000EA   0x9001             STR      R0,[SP, #+4]
   \   000000EC   0x2275             MOVS     R2,#+117
   \   000000EE   0xF9B7 0x0000      LDRSH    R0,[R7, #+0]
   \   000000F2   0x9000             STR      R0,[SP, #+0]
   \   000000F4   0x2100             MOVS     R1,#+0
   \   000000F6   0x4620             MOV      R0,R4
   \   000000F8   0x.... 0x....      BL       BUTTON_CreateEx
   \   000000FC   0xF8A8 0x0018      STRH     R0,[R8, #+24]
    174          	if(gCfgItems.leveling_mode!=2)
   \   00000100   0x....             LDR.N    R5,??DataTable11_5
   \   00000102   0xF899 0x010C      LDRB     R0,[R9, #+268]
   \   00000106   0x2802             CMP      R0,#+2
   \   00000108   0xD030             BEQ.N    ??draw_tool_1
    175          	{
    176          		buttonLeveling.btnHandle = BUTTON_CreateEx(INTERVAL_H,BTN_Y_PIXEL+INTERVAL_V,BTN_X_PIXEL,BTN_Y_PIXEL, hToolWnd,BUTTON_CF_SHOW,0,alloc_win_id());
   \   0000010A   0x.... 0x....      BL       alloc_win_id
   \   0000010E   0x9003             STR      R0,[SP, #+12]
   \   00000110   0x238C             MOVS     R3,#+140
   \   00000112   0x2000             MOVS     R0,#+0
   \   00000114   0x9002             STR      R0,[SP, #+8]
   \   00000116   0x2275             MOVS     R2,#+117
   \   00000118   0x2002             MOVS     R0,#+2
   \   0000011A   0x9001             STR      R0,[SP, #+4]
   \   0000011C   0x218E             MOVS     R1,#+142
   \   0000011E   0xF9B7 0x0000      LDRSH    R0,[R7, #+0]
   \   00000122   0x9000             STR      R0,[SP, #+0]
   \   00000124   0x2002             MOVS     R0,#+2
   \   00000126   0x.... 0x....      BL       BUTTON_CreateEx
   \   0000012A   0x8028             STRH     R0,[R5, #+0]
    177          		buttonFilament.btnHandle = BUTTON_CreateEx(BTN_X_PIXEL+INTERVAL_H*2,BTN_Y_PIXEL+INTERVAL_V,BTN_X_PIXEL,BTN_Y_PIXEL,hToolWnd,BUTTON_CF_SHOW, 0, alloc_win_id());
   \   0000012C   0x.... 0x....      BL       alloc_win_id
   \   00000130   0x9003             STR      R0,[SP, #+12]
   \   00000132   0x238C             MOVS     R3,#+140
   \   00000134   0x2000             MOVS     R0,#+0
   \   00000136   0x9002             STR      R0,[SP, #+8]
   \   00000138   0x2275             MOVS     R2,#+117
   \   0000013A   0x2002             MOVS     R0,#+2
   \   0000013C   0x9001             STR      R0,[SP, #+4]
   \   0000013E   0x218E             MOVS     R1,#+142
   \   00000140   0xF9B7 0x0000      LDRSH    R0,[R7, #+0]
   \   00000144   0x9000             STR      R0,[SP, #+0]
   \   00000146   0x2079             MOVS     R0,#+121
   \   00000148   0x.... 0x....      BL       BUTTON_CreateEx
   \   0000014C   0x8328             STRH     R0,[R5, #+24]
    178          		buttonMore.btnHandle = BUTTON_CreateEx(BTN_X_PIXEL*2+INTERVAL_H*3,BTN_Y_PIXEL+INTERVAL_V,BTN_X_PIXEL,BTN_Y_PIXEL,hToolWnd,BUTTON_CF_SHOW, 0, alloc_win_id());	
   \   0000014E   0x.... 0x....      BL       alloc_win_id
   \   00000152   0x9003             STR      R0,[SP, #+12]
   \   00000154   0x238C             MOVS     R3,#+140
   \   00000156   0x2000             MOVS     R0,#+0
   \   00000158   0x9002             STR      R0,[SP, #+8]
   \   0000015A   0x2275             MOVS     R2,#+117
   \   0000015C   0x2002             MOVS     R0,#+2
   \   0000015E   0x9001             STR      R0,[SP, #+4]
   \   00000160   0x218E             MOVS     R1,#+142
   \   00000162   0xF9B7 0x0000      LDRSH    R0,[R7, #+0]
   \   00000166   0x9000             STR      R0,[SP, #+0]
   \   00000168   0x20F0             MOVS     R0,#+240
   \   0000016A   0xE01E             B.N      ??draw_tool_2
    179          	}
    180          	else
    181          	{
    182          		buttonFilament.btnHandle = BUTTON_CreateEx(INTERVAL_H,BTN_Y_PIXEL+INTERVAL_V,BTN_X_PIXEL,BTN_Y_PIXEL, hToolWnd,BUTTON_CF_SHOW,0,alloc_win_id());
   \                     ??draw_tool_1: (+1)
   \   0000016C   0x.... 0x....      BL       alloc_win_id
   \   00000170   0x9003             STR      R0,[SP, #+12]
   \   00000172   0x238C             MOVS     R3,#+140
   \   00000174   0x2000             MOVS     R0,#+0
   \   00000176   0x9002             STR      R0,[SP, #+8]
   \   00000178   0x2275             MOVS     R2,#+117
   \   0000017A   0x2002             MOVS     R0,#+2
   \   0000017C   0x9001             STR      R0,[SP, #+4]
   \   0000017E   0x218E             MOVS     R1,#+142
   \   00000180   0xF9B7 0x0000      LDRSH    R0,[R7, #+0]
   \   00000184   0x9000             STR      R0,[SP, #+0]
   \   00000186   0x2002             MOVS     R0,#+2
   \   00000188   0x.... 0x....      BL       BUTTON_CreateEx
   \   0000018C   0x8328             STRH     R0,[R5, #+24]
    183          		buttonMore.btnHandle = BUTTON_CreateEx(BTN_X_PIXEL+INTERVAL_H*2,BTN_Y_PIXEL+INTERVAL_V,BTN_X_PIXEL,BTN_Y_PIXEL,hToolWnd,BUTTON_CF_SHOW, 0, alloc_win_id());
   \   0000018E   0x.... 0x....      BL       alloc_win_id
   \   00000192   0x9003             STR      R0,[SP, #+12]
   \   00000194   0x238C             MOVS     R3,#+140
   \   00000196   0x2000             MOVS     R0,#+0
   \   00000198   0x9002             STR      R0,[SP, #+8]
   \   0000019A   0x2275             MOVS     R2,#+117
   \   0000019C   0x2002             MOVS     R0,#+2
   \   0000019E   0x9001             STR      R0,[SP, #+4]
   \   000001A0   0x218E             MOVS     R1,#+142
   \   000001A2   0xF9B7 0x0000      LDRSH    R0,[R7, #+0]
   \   000001A6   0x9000             STR      R0,[SP, #+0]
   \   000001A8   0x2079             MOVS     R0,#+121
   \                     ??draw_tool_2: (+1)
   \   000001AA   0x.... 0x....      BL       BUTTON_CreateEx
   \   000001AE   0x....             LDR.N    R6,??DataTable11_11
   \   000001B0   0x8030             STRH     R0,[R6, #+0]
    184          	}
    185          	buttonRet.btnHandle = BUTTON_CreateEx(BTN_X_PIXEL*3+INTERVAL_H*4,BTN_Y_PIXEL+INTERVAL_V,BTN_X_PIXEL,BTN_Y_PIXEL,hToolWnd,BUTTON_CF_SHOW, 0, alloc_win_id());
   \   000001B2   0x.... 0x....      BL       alloc_win_id
   \   000001B6   0x9003             STR      R0,[SP, #+12]
   \   000001B8   0x238C             MOVS     R3,#+140
   \   000001BA   0x2000             MOVS     R0,#+0
   \   000001BC   0x9002             STR      R0,[SP, #+8]
   \   000001BE   0x2275             MOVS     R2,#+117
   \   000001C0   0x2002             MOVS     R0,#+2
   \   000001C2   0x9001             STR      R0,[SP, #+4]
   \   000001C4   0x218E             MOVS     R1,#+142
   \   000001C6   0xF9B7 0x0000      LDRSH    R0,[R7, #+0]
   \   000001CA   0x9000             STR      R0,[SP, #+0]
   \   000001CC   0x4620             MOV      R0,R4
   \   000001CE   0x.... 0x....      BL       BUTTON_CreateEx
   \   000001D2   0x8330             STRH     R0,[R6, #+24]
    186          	//Tool_state_Text = TEXT_CreateEx(0,LCD_HEIGHT-statHeight, LCD_WIDTH, statHeight, hToolWnd, WM_CF_SHOW, TEXT_CF_LEFT,	alloc_win_id(), " ");
    187          
    188          	//TEXT_SetTextColor(Tool_Title_Text, gCfgItems.title_color);
    189          	//TEXT_SetTextAlign(Tool_Title_Text, GUI_TA_VCENTER | GUI_TA_HCENTER);
    190          	//TEXT_SetTextColor(Tool_state_Text, gCfgItems.title_color);
    191          	//TEXT_SetTextAlign(Tool_state_Text, GUI_TA_VCENTER | GUI_TA_LEFT);
    192          
    193          
    194          	//TEXT_SetText(Tool_Title_Text,tool_menu.title);	
    195          	BUTTON_SetBmpFileName(buttonPreHeat.btnHandle, "bmp_preHeat.bin",1);
   \   000001D4   0x2201             MOVS     R2,#+1
   \   000001D6   0xF9B7 0x0004      LDRSH    R0,[R7, #+4]
   \   000001DA   0x.... 0x....      ADR.W    R1,`?<Constant "bmp_preHeat.bin">`
   \   000001DE   0x.... 0x....      BL       BUTTON_SetBmpFileName
    196          	BUTTON_SetBmpFileName(buttonExtruse.btnHandle, "bmp_extruct.bin",1);
   \   000001E2   0xF9B7 0x001C      LDRSH    R0,[R7, #+28]
   \   000001E6   0x.... 0x....      ADR.W    R1,`?<Constant "bmp_extruct.bin">`
   \   000001EA   0x2201             MOVS     R2,#+1
   \   000001EC   0x.... 0x....      BL       BUTTON_SetBmpFileName
    197          	BUTTON_SetBmpFileName(buttonMove.btnHandle, "bmp_mov.bin",1);
   \   000001F0   0xF9B8 0x0000      LDRSH    R0,[R8, #+0]
   \   000001F4   0x.... 0x....      ADR.W    R1,`?<Constant "bmp_mov.bin">`
   \   000001F8   0x2201             MOVS     R2,#+1
   \   000001FA   0x.... 0x....      BL       BUTTON_SetBmpFileName
    198          	BUTTON_SetBmpFileName(buttonZero.btnHandle, "bmp_zero.bin",1);
   \   000001FE   0xF9B8 0x0018      LDRSH    R0,[R8, #+24]
   \   00000202   0x.... 0x....      ADR.W    R1,`?<Constant "bmp_zero.bin">`
   \   00000206   0x2201             MOVS     R2,#+1
   \   00000208   0x.... 0x....      BL       BUTTON_SetBmpFileName
    199          	if(gCfgItems.leveling_mode != 2)
   \   0000020C   0xF899 0x010C      LDRB     R0,[R9, #+268]
   \   00000210   0x2802             CMP      R0,#+2
   \   00000212   0xD00D             BEQ.N    ??draw_tool_3
    200          	{
    201          		if(gCfgItems.leveling_mode == 1)
   \   00000214   0xF9B5 0x0000      LDRSH    R0,[R5, #+0]
   \   00000218   0xF899 0x110C      LDRB     R1,[R9, #+268]
   \   0000021C   0x2901             CMP      R1,#+1
   \   0000021E   0xBF07             ITTEE    EQ 
    202          		{	
    203          			BUTTON_SetBmpFileName(buttonLeveling.btnHandle, "bmp_autoleveling.bin",1);
   \   00000220   0x2201             MOVEQ    R2,#+1
   \   00000222   0x.... 0x....      ADREQ.W  R1,`?<Constant "bmp_autoleveling.bin">`
    204          		}
    205          		else
    206          		{
    207          			BUTTON_SetBmpFileName(buttonLeveling.btnHandle, "bmp_leveling.bin",1);
   \   00000226   0x2201             MOVNE    R2,#+1
   \   00000228   0x.... 0x....      ADRNE.W  R1,`?<Constant "bmp_leveling.bin">`
   \   0000022C   0x.... 0x....      BL       BUTTON_SetBmpFileName
    208          		}
    209          	}
    210          	BUTTON_SetBmpFileName(buttonFilament.btnHandle, "bmp_filamentchange.bin",1);	
   \                     ??draw_tool_3: (+1)
   \   00000230   0xF9B5 0x0018      LDRSH    R0,[R5, #+24]
   \   00000234   0x.... 0x....      ADR.W    R1,`?<Constant "bmp_filamentchange.bin">`
   \   00000238   0x2201             MOVS     R2,#+1
   \   0000023A   0x.... 0x....      BL       BUTTON_SetBmpFileName
    211          	BUTTON_SetBmpFileName(buttonMore.btnHandle, "bmp_more.bin",1);	
   \   0000023E   0xF9B6 0x0000      LDRSH    R0,[R6, #+0]
   \   00000242   0x.... 0x....      ADR.W    R1,`?<Constant "bmp_more.bin">`
   \   00000246   0x2201             MOVS     R2,#+1
   \   00000248   0x.... 0x....      BL       BUTTON_SetBmpFileName
    212          	BUTTON_SetBmpFileName(buttonRet.btnHandle, "bmp_return.bin",1);
   \   0000024C   0xF9B6 0x0018      LDRSH    R0,[R6, #+24]
   \   00000250   0x.... 0x....      ADR.W    R1,`?<Constant "bmp_return.bin">`
   \   00000254   0x2201             MOVS     R2,#+1
   \   00000256   0x.... 0x....      BL       BUTTON_SetBmpFileName
    213          	//bmp_struct.XSize = toolbtm_image_X;
    214          	//bmp_struct.YSize = toolbtm_image_Y;
    215          	BUTTON_SetBitmapEx(buttonPreHeat.btnHandle, 0, &bmp_struct,BMP_PIC_X, BMP_PIC_Y);
   \   0000025A   0x.... 0x....      LDR.W    R11,??DataTable11_15
   \   0000025E   0x.... 0x....      LDR.W    R10,??DataTable11_16
   \   00000262   0xF99B 0x0000      LDRSB    R0,[R11, #+0]
   \   00000266   0x....             LDR.N    R4,??DataTable11_17
   \   00000268   0xF99A 0x3000      LDRSB    R3,[R10, #+0]
   \   0000026C   0x9000             STR      R0,[SP, #+0]
   \   0000026E   0x4622             MOV      R2,R4
   \   00000270   0xF9B7 0x0004      LDRSH    R0,[R7, #+4]
   \   00000274   0x2100             MOVS     R1,#+0
   \   00000276   0x.... 0x....      BL       BUTTON_SetBitmapEx
    216          	BUTTON_SetBitmapEx(buttonExtruse.btnHandle, 0, &bmp_struct,BMP_PIC_X, BMP_PIC_Y);	
   \   0000027A   0xF99B 0x0000      LDRSB    R0,[R11, #+0]
   \   0000027E   0xF99A 0x3000      LDRSB    R3,[R10, #+0]
   \   00000282   0x9000             STR      R0,[SP, #+0]
   \   00000284   0x4622             MOV      R2,R4
   \   00000286   0xF9B7 0x001C      LDRSH    R0,[R7, #+28]
   \   0000028A   0x2100             MOVS     R1,#+0
   \   0000028C   0x.... 0x....      BL       BUTTON_SetBitmapEx
    217          	BUTTON_SetBitmapEx(buttonMove.btnHandle, 0, &bmp_struct,BMP_PIC_X, BMP_PIC_Y);	
   \   00000290   0xF99B 0x0000      LDRSB    R0,[R11, #+0]
   \   00000294   0xF99A 0x3000      LDRSB    R3,[R10, #+0]
   \   00000298   0x9000             STR      R0,[SP, #+0]
   \   0000029A   0x4622             MOV      R2,R4
   \   0000029C   0xF9B8 0x0000      LDRSH    R0,[R8, #+0]
   \   000002A0   0x2100             MOVS     R1,#+0
   \   000002A2   0x.... 0x....      BL       BUTTON_SetBitmapEx
    218          	BUTTON_SetBitmapEx(buttonZero.btnHandle, 0, &bmp_struct,BMP_PIC_X, BMP_PIC_Y);	
   \   000002A6   0xF99B 0x0000      LDRSB    R0,[R11, #+0]
   \   000002AA   0xF99A 0x3000      LDRSB    R3,[R10, #+0]
   \   000002AE   0x9000             STR      R0,[SP, #+0]
   \   000002B0   0x4622             MOV      R2,R4
   \   000002B2   0xF9B8 0x0018      LDRSH    R0,[R8, #+24]
   \   000002B6   0x2100             MOVS     R1,#+0
   \   000002B8   0x.... 0x....      BL       BUTTON_SetBitmapEx
    219          	if(gCfgItems.leveling_mode != 2)
   \   000002BC   0xF899 0x010C      LDRB     R0,[R9, #+268]
   \   000002C0   0x2802             CMP      R0,#+2
   \   000002C2   0xD009             BEQ.N    ??draw_tool_4
    220          	{
    221          		BUTTON_SetBitmapEx(buttonLeveling.btnHandle, 0, &bmp_struct,BMP_PIC_X, BMP_PIC_Y);	
   \   000002C4   0xF99B 0x0000      LDRSB    R0,[R11, #+0]
   \   000002C8   0x9000             STR      R0,[SP, #+0]
   \   000002CA   0x2100             MOVS     R1,#+0
   \   000002CC   0xF99A 0x3000      LDRSB    R3,[R10, #+0]
   \   000002D0   0x5E68             LDRSH    R0,[R5, R1]
   \   000002D2   0x4622             MOV      R2,R4
   \   000002D4   0x.... 0x....      BL       BUTTON_SetBitmapEx
    222          	}
    223          	
    224          	BUTTON_SetBitmapEx(buttonFilament.btnHandle, 0, &bmp_struct,BMP_PIC_X, BMP_PIC_Y);	
   \                     ??draw_tool_4: (+1)
   \   000002D8   0xF99B 0x0000      LDRSB    R0,[R11, #+0]
   \   000002DC   0xF99A 0x3000      LDRSB    R3,[R10, #+0]
   \   000002E0   0x9000             STR      R0,[SP, #+0]
   \   000002E2   0x4622             MOV      R2,R4
   \   000002E4   0xF9B5 0x0018      LDRSH    R0,[R5, #+24]
   \   000002E8   0x2100             MOVS     R1,#+0
   \   000002EA   0x.... 0x....      BL       BUTTON_SetBitmapEx
    225          	BUTTON_SetBitmapEx(buttonMore.btnHandle, 0, &bmp_struct,BMP_PIC_X, BMP_PIC_Y);	
   \   000002EE   0xF99B 0x0000      LDRSB    R0,[R11, #+0]
   \   000002F2   0x9000             STR      R0,[SP, #+0]
   \   000002F4   0x2100             MOVS     R1,#+0
   \   000002F6   0xF99A 0x3000      LDRSB    R3,[R10, #+0]
   \   000002FA   0x5E70             LDRSH    R0,[R6, R1]
   \   000002FC   0x4622             MOV      R2,R4
   \   000002FE   0x.... 0x....      BL       BUTTON_SetBitmapEx
    226          	BUTTON_SetBitmapEx(buttonRet.btnHandle, 0, &bmp_struct,BMP_PIC_X, BMP_PIC_Y);
   \   00000302   0xF99B 0x0000      LDRSB    R0,[R11, #+0]
   \   00000306   0xF99A 0x3000      LDRSB    R3,[R10, #+0]
   \   0000030A   0x9000             STR      R0,[SP, #+0]
   \   0000030C   0x4622             MOV      R2,R4
   \   0000030E   0xF9B6 0x0018      LDRSH    R0,[R6, #+24]
   \   00000312   0x2100             MOVS     R1,#+0
   \   00000314   0x.... 0x....      BL       BUTTON_SetBitmapEx
    227          	
    228          
    229          	/*BUTTON_SetBkColor(buttonPreHeat.btnHandle, BUTTON_CI_PRESSED, gCfgItems.btn_color);
    230          	BUTTON_SetBkColor(buttonPreHeat.btnHandle, BUTTON_CI_UNPRESSED, gCfgItems.btn_color);
    231          	BUTTON_SetBkColor(buttonExtruse.btnHandle, BUTTON_CI_PRESSED, gCfgItems.btn_color);
    232          	BUTTON_SetBkColor(buttonExtruse.btnHandle, BUTTON_CI_UNPRESSED, gCfgItems.btn_color);
    233          	BUTTON_SetBkColor(buttonMove.btnHandle, BUTTON_CI_PRESSED, gCfgItems.btn_color);
    234          	BUTTON_SetBkColor(buttonMove.btnHandle, BUTTON_CI_UNPRESSED, gCfgItems.btn_color);
    235          	BUTTON_SetBkColor(buttonZero.btnHandle, BUTTON_CI_PRESSED, gCfgItems.btn_color);
    236          	BUTTON_SetBkColor(buttonZero.btnHandle, BUTTON_CI_UNPRESSED, gCfgItems.btn_color);
    237          	BUTTON_SetBkColor(buttonLeveling.btnHandle, BUTTON_CI_PRESSED, gCfgItems.btn_color);
    238          	BUTTON_SetBkColor(buttonLeveling.btnHandle, BUTTON_CI_UNPRESSED, gCfgItems.btn_color);
    239          	BUTTON_SetBkColor(buttonFilament.btnHandle, BUTTON_CI_PRESSED, gCfgItems.btn_color);
    240          	BUTTON_SetBkColor(buttonFilament.btnHandle, BUTTON_CI_UNPRESSED, gCfgItems.btn_color);
    241          	BUTTON_SetBkColor(buttonMore.btnHandle, BUTTON_CI_PRESSED, gCfgItems.btn_color);
    242          	BUTTON_SetBkColor(buttonMore.btnHandle, BUTTON_CI_UNPRESSED, gCfgItems.btn_color);	
    243          	BUTTON_SetBkColor(buttonRet.btnHandle, BUTTON_CI_PRESSED, gCfgItems.back_btn_color);
    244          	BUTTON_SetBkColor(buttonRet.btnHandle, BUTTON_CI_UNPRESSED, gCfgItems.back_btn_color);
    245          
    246          	BUTTON_SetTextColor(buttonPreHeat.btnHandle, BUTTON_CI_PRESSED, gCfgItems.btn_textcolor);
    247          	BUTTON_SetTextColor(buttonPreHeat.btnHandle, BUTTON_CI_UNPRESSED, gCfgItems.btn_textcolor);
    248          	BUTTON_SetTextColor(buttonExtruse.btnHandle, BUTTON_CI_PRESSED, gCfgItems.btn_textcolor);
    249          	BUTTON_SetTextColor(buttonExtruse.btnHandle, BUTTON_CI_UNPRESSED, gCfgItems.btn_textcolor);
    250          	BUTTON_SetTextColor(buttonMove.btnHandle, BUTTON_CI_PRESSED, gCfgItems.btn_textcolor);
    251          	BUTTON_SetTextColor(buttonMove.btnHandle, BUTTON_CI_UNPRESSED, gCfgItems.btn_textcolor);
    252          	BUTTON_SetTextColor(buttonZero.btnHandle, BUTTON_CI_PRESSED, gCfgItems.btn_textcolor);
    253          	BUTTON_SetTextColor(buttonZero.btnHandle, BUTTON_CI_UNPRESSED, gCfgItems.btn_textcolor);
    254          	BUTTON_SetTextColor(buttonLeveling.btnHandle, BUTTON_CI_PRESSED, gCfgItems.btn_textcolor);
    255          	BUTTON_SetTextColor(buttonLeveling.btnHandle, BUTTON_CI_UNPRESSED, gCfgItems.btn_textcolor);
    256          	BUTTON_SetTextColor(buttonFilament.btnHandle, BUTTON_CI_PRESSED, gCfgItems.btn_textcolor);
    257          	BUTTON_SetTextColor(buttonFilament.btnHandle, BUTTON_CI_UNPRESSED, gCfgItems.btn_textcolor);
    258          	BUTTON_SetTextColor(buttonMore.btnHandle, BUTTON_CI_PRESSED, gCfgItems.btn_textcolor);
    259          	BUTTON_SetTextColor(buttonMore.btnHandle, BUTTON_CI_UNPRESSED, gCfgItems.btn_textcolor);	
    260          	BUTTON_SetTextColor(buttonRet.btnHandle, BUTTON_CI_PRESSED, gCfgItems.back_btn_textcolor);
    261          	BUTTON_SetTextColor(buttonRet.btnHandle, BUTTON_CI_UNPRESSED, gCfgItems.back_btn_textcolor);*/
    262          	
    263          
    264          	if(gCfgItems.multiple_language != 0)
   \   00000318   0xF899 0x01CF      LDRB     R0,[R9, #+463]
   \   0000031C   0xB3A8             CBZ.N    R0,??draw_tool_5
    265          	{
    266          		BUTTON_SetText(buttonPreHeat.btnHandle,tool_menu.preheat);
   \   0000031E   0x....             LDR.N    R4,??DataTable11_18
   \   00000320   0xF9B7 0x0004      LDRSH    R0,[R7, #+4]
   \   00000324   0x6861             LDR      R1,[R4, #+4]
   \   00000326   0x.... 0x....      BL       BUTTON_SetText
    267          		BUTTON_SetText(buttonExtruse.btnHandle,tool_menu.extrude);
   \   0000032A   0x68A1             LDR      R1,[R4, #+8]
   \   0000032C   0xF9B7 0x001C      LDRSH    R0,[R7, #+28]
   \   00000330   0x.... 0x....      BL       BUTTON_SetText
    268          		BUTTON_SetText(buttonMove.btnHandle,tool_menu.move);
   \   00000334   0x68E1             LDR      R1,[R4, #+12]
   \   00000336   0xF9B8 0x0000      LDRSH    R0,[R8, #+0]
   \   0000033A   0x.... 0x....      BL       BUTTON_SetText
    269          		BUTTON_SetText(buttonZero.btnHandle,tool_menu.home);
   \   0000033E   0x6921             LDR      R1,[R4, #+16]
   \   00000340   0xF9B8 0x0018      LDRSH    R0,[R8, #+24]
   \   00000344   0x.... 0x....      BL       BUTTON_SetText
    270          		if(gCfgItems.leveling_mode != 2)
   \   00000348   0xF899 0x010C      LDRB     R0,[R9, #+268]
   \   0000034C   0x2802             CMP      R0,#+2
   \   0000034E   0xD009             BEQ.N    ??draw_tool_6
    271          		{
    272          			if(gCfgItems.leveling_mode == 1)
   \   00000350   0xF9B5 0x0000      LDRSH    R0,[R5, #+0]
   \   00000354   0xF899 0x110C      LDRB     R1,[R9, #+268]
   \   00000358   0x2901             CMP      R1,#+1
   \   0000035A   0xBF0C             ITE      EQ 
    273          				BUTTON_SetText(buttonLeveling.btnHandle,tool_menu.autoleveling);
   \   0000035C   0x69A1             LDREQ    R1,[R4, #+24]
    274          			else
    275          				BUTTON_SetText(buttonLeveling.btnHandle,tool_menu.leveling);
   \   0000035E   0x6961             LDRNE    R1,[R4, #+20]
   \   00000360   0x.... 0x....      BL       BUTTON_SetText
    276          		}
    277          		BUTTON_SetText(buttonFilament.btnHandle,tool_menu.filament);
   \                     ??draw_tool_6: (+1)
   \   00000364   0x69E1             LDR      R1,[R4, #+28]
   \   00000366   0xF9B5 0x0018      LDRSH    R0,[R5, #+24]
   \   0000036A   0x.... 0x....      BL       BUTTON_SetText
    278          		BUTTON_SetText(buttonMore.btnHandle,tool_menu.more);	
   \   0000036E   0x6A21             LDR      R1,[R4, #+32]
   \   00000370   0xF9B6 0x0000      LDRSH    R0,[R6, #+0]
   \   00000374   0x.... 0x....      BL       BUTTON_SetText
    279          		BUTTON_SetText(buttonRet.btnHandle,common_menu.text_back);
   \   00000378   0x....             LDR.N    R0,??DataTable11_19
   \   0000037A   0x6801             LDR      R1,[R0, #+0]
   \   0000037C   0xF9B6 0x0018      LDRSH    R0,[R6, #+24]
   \   00000380   0xB005             ADD      SP,SP,#+20
   \   00000382   0xE8BD 0x4FF0      POP      {R4-R11,LR}
   \   00000386   0x.... 0x....      B.W      BUTTON_SetText
    280          	}
    281          #endif
    282          }
   \                     ??draw_tool_5: (+1)
   \   0000038A   0xB005             ADD      SP,SP,#+20
   \   0000038C   0xE8BD 0x8FF0      POP      {R4-R11,PC}      ;; return
    283          

   \                                 In section .text, align 2, keep-with-next
    284          void Clear_Tool()
    285          {
   \                     _Z10Clear_Toolv: (+1)
   \   00000000   0xB510             PUSH     {R4,LR}
    286          	GUI_SetBkColor(gCfgItems.background_color);
   \   00000002   0x....             LDR.N    R0,??DataTable11_2
   \   00000004   0x6940             LDR      R0,[R0, #+20]
   \   00000006   0x.... 0x....      BL       GUI_SetBkColor
    287          	if(WM_IsWindow(hToolWnd))
   \   0000000A   0x....             LDR.N    R4,??DataTable11_1
   \   0000000C   0xF9B4 0x0000      LDRSH    R0,[R4, #+0]
   \   00000010   0x.... 0x....      BL       WM_IsWindow
   \   00000014   0xB138             CBZ.N    R0,??Clear_Tool_0
    288          	{
    289          		WM_DeleteWindow(hToolWnd);
   \   00000016   0xF9B4 0x0000      LDRSH    R0,[R4, #+0]
   \   0000001A   0x.... 0x....      BL       WM_DeleteWindow
    290          		GUI_Exec();
   \   0000001E   0xE8BD 0x4010      POP      {R4,LR}
   \   00000022   0x.... 0x....      B.W      GUI_Exec
    291          	}
    292          	
    293          	//GUI_Clear();
    294          }
   \                     ??Clear_Tool_0: (+1)
   \   00000026   0xBD10             POP      {R4,PC}          ;; return

   \                                 In section .text, align 4, keep-with-next
   \                     ??DataTable11:
   \   00000000   0x........         DC32     buttonMove

   \                                 In section .text, align 4, keep-with-next
   \                     ??DataTable11_1:
   \   00000000   0x........         DC32     hToolWnd

   \                                 In section .text, align 4, keep-with-next
   \                     ??DataTable11_2:
   \   00000000   0x........         DC32     gCfgItems

   \                                 In section .text, align 4, keep-with-next
   \                     ??DataTable11_3:
   \   00000000   0x........         DC32     last_disp_state

   \                                 In section .text, align 4, keep-with-next
   \                     ??DataTable11_4:
   \   00000000   0x........         DC32     feedrate_mm_s

   \                                 In section .text, align 4, keep-with-next
   \                     ??DataTable11_5:
   \   00000000   0x........         DC32     buttonLeveling

   \                                 In section .text, align 4, keep-with-next
   \                     ??DataTable11_6:
   \   00000000   0x........         DC32     mksCfg

   \                                 In section .text, align 4, keep-with-next
   \                     ??DataTable11_7:
   \   00000000   0x........         DC32     cmd_code

   \                                 In section .text, align 4, keep-with-next
   \                     ??DataTable11_8:
   \   00000000   0x........         DC32     codebufpoint

   \                                 In section .text, align 4, keep-with-next
   \                     ??DataTable11_9:
   \   00000000   0x........         DC32     leveling_first_time

   \                                 In section .text, align 4, keep-with-next
   \                     ??DataTable11_10:
   \   00000000   0x........         DC32     _ZN11Temperature18target_temperatureE

   \                                 In section .text, align 4, keep-with-next
   \                     ??DataTable11_11:
   \   00000000   0x........         DC32     buttonMore

   \                                 In section .text, align 4, keep-with-next
   \                     ??DataTable11_12:
   \   00000000   0x........         DC32     disp_state_stack

   \                                 In section .text, align 4, keep-with-next
   \                     ??DataTable11_13:
   \   00000000   0x........         DC32     disp_state

   \                                 In section .text, align 4, keep-with-next
   \                     ??DataTable11_14:
   \   00000000   0x........         DC32     _Z13cbDrawToolWinP10WM_MESSAGE

   \                                 In section .text, align 4, keep-with-next
   \                     ??DataTable11_15:
   \   00000000   0x........         DC32     BMP_PIC_Y

   \                                 In section .text, align 4, keep-with-next
   \                     ??DataTable11_16:
   \   00000000   0x........         DC32     BMP_PIC_X

   \                                 In section .text, align 4, keep-with-next
   \                     ??DataTable11_17:
   \   00000000   0x........         DC32     bmp_struct

   \                                 In section .text, align 4, keep-with-next
   \                     ??DataTable11_18:
   \   00000000   0x........         DC32     tool_menu

   \                                 In section .text, align 4, keep-with-next
   \                     ??DataTable11_19:
   \   00000000   0x........         DC32     common_menu

   \                                 In section .text, align 4, keep-with-next
   \                     `?<Constant "bmp_preHeat.bin">`:
   \   00000000   0x62 0x6D          DC8 "bmp_preHeat.bin"
   \              0x70 0x5F    
   \              0x70 0x72    
   \              0x65 0x48    
   \              0x65 0x61    
   \              0x74 0x2E    
   \              0x62 0x69    
   \              0x6E 0x00    

   \                                 In section .text, align 4, keep-with-next
   \                     `?<Constant "bmp_extruct.bin">`:
   \   00000000   0x62 0x6D          DC8 "bmp_extruct.bin"
   \              0x70 0x5F    
   \              0x65 0x78    
   \              0x74 0x72    
   \              0x75 0x63    
   \              0x74 0x2E    
   \              0x62 0x69    
   \              0x6E 0x00    

   \                                 In section .text, align 4, keep-with-next
   \                     `?<Constant "bmp_mov.bin">`:
   \   00000000   0x62 0x6D          DC8 "bmp_mov.bin"
   \              0x70 0x5F    
   \              0x6D 0x6F    
   \              0x76 0x2E    
   \              0x62 0x69    
   \              0x6E 0x00    

   \                                 In section .text, align 4, keep-with-next
   \                     `?<Constant "bmp_zero.bin">`:
   \   00000000   0x62 0x6D          DC8 "bmp_zero.bin"
   \              0x70 0x5F    
   \              0x7A 0x65    
   \              0x72 0x6F    
   \              0x2E 0x62    
   \              0x69 0x6E    
   \              0x00         
   \   0000000D   0x00 0x00          DC8 0, 0, 0
   \              0x00         

   \                                 In section .text, align 4, keep-with-next
   \                     `?<Constant "bmp_autoleveling.bin">`:
   \   00000000   0x62 0x6D          DC8 "bmp_autoleveling.bin"
   \              0x70 0x5F    
   \              0x61 0x75    
   \              0x74 0x6F    
   \              0x6C 0x65    
   \              0x76 0x65    
   \              0x6C 0x69    
   \              0x6E 0x67    
   \              0x2E 0x62    
   \              0x69 0x6E    
   \              0x00         
   \   00000015   0x00 0x00          DC8 0, 0, 0
   \              0x00         

   \                                 In section .text, align 4, keep-with-next
   \                     `?<Constant "bmp_leveling.bin">`:
   \   00000000   0x62 0x6D          DC8 "bmp_leveling.bin"
   \              0x70 0x5F    
   \              0x6C 0x65    
   \              0x76 0x65    
   \              0x6C 0x69    
   \              0x6E 0x67    
   \              0x2E 0x62    
   \              0x69 0x6E    
   \              0x00         
   \   00000011   0x00 0x00          DC8 0, 0, 0
   \              0x00         

   \                                 In section .text, align 4, keep-with-next
   \                     `?<Constant "bmp_filamentchange.bin">`:
   \   00000000   0x62 0x6D          DC8 "bmp_filamentchange.bin"
   \              0x70 0x5F    
   \              0x66 0x69    
   \              0x6C 0x61    
   \              0x6D 0x65    
   \              0x6E 0x74    
   \              0x63 0x68    
   \              0x61 0x6E    
   \              0x67 0x65    
   \              0x2E 0x62    
   \              0x69 0x6E    
   \              0x00         
   \   00000017   0x00               DC8 0

   \                                 In section .text, align 4, keep-with-next
   \                     `?<Constant "bmp_more.bin">`:
   \   00000000   0x62 0x6D          DC8 "bmp_more.bin"
   \              0x70 0x5F    
   \              0x6D 0x6F    
   \              0x72 0x65    
   \              0x2E 0x62    
   \              0x69 0x6E    
   \              0x00         
   \   0000000D   0x00 0x00          DC8 0, 0, 0
   \              0x00         

   \                                 In section .text, align 4, keep-with-next
   \                     `?<Constant "bmp_return.bin">`:
   \   00000000   0x62 0x6D          DC8 "bmp_return.bin"
   \              0x70 0x5F    
   \              0x72 0x65    
   \              0x74 0x75    
   \              0x72 0x6E    
   \              0x2E 0x62    
   \              0x69 0x6E    
   \              0x00         
   \   0000000F   0x00               DC8 0
    295          

   Maximum stack usage in bytes:

   .cstack Function
   ------- --------
       8   Clear_Tool()
         0   -> GUI_Exec
         8   -> GUI_SetBkColor
         8   -> WM_DeleteWindow
         8   -> WM_IsWindow
      16   cbDrawToolWin(WM_MESSAGE *)
        16   -> GUI_Exec
        16   -> GUI_SetBkColor
        16   -> SPI_FLASH_BufferRead
         0   -> WM_DefaultProc
        16   -> WM_DeleteWindow
        16   -> WM_IsWindow
        16   -> __aeabi_f2iz
        16   -> __aeabi_i2f
         0   -> draw_FilamentChange
         0   -> draw_More
         0   -> draw_Zero
         0   -> draw_extrusion
         0   -> draw_leveling
         0   -> draw_meshleveling
         0   -> draw_move_motor
         0   -> draw_preHeat
         0   -> draw_return_ui
      56   draw_tool()
        56   -> BUTTON_CreateEx
        56   -> BUTTON_SetBitmapEx
        56   -> BUTTON_SetBmpFileName
         0   -> BUTTON_SetText
        56   -> BUTTON_SetText
        56   -> GUI_Clear
        56   -> GUI_DispStringAt
        56   -> GUI_SetBkColor
        56   -> GUI_SetColor
        56   -> WM_CreateWindow
        56   -> alloc_win_id
        56   -> creat_title_text


   Section sizes:

   Bytes  Function/Label
   -----  --------------
      24  ?<Constant "bmp_autoleveling.bin">
      16  ?<Constant "bmp_extruct.bin">
      24  ?<Constant "bmp_filamentchange.bin">
      20  ?<Constant "bmp_leveling.bin">
      16  ?<Constant "bmp_more.bin">
      12  ?<Constant "bmp_mov.bin">
      16  ?<Constant "bmp_preHeat.bin">
      16  ?<Constant "bmp_return.bin">
      16  ?<Constant "bmp_zero.bin">
       4  ??DataTable11
       4  ??DataTable11_1
       4  ??DataTable11_10
       4  ??DataTable11_11
       4  ??DataTable11_12
       4  ??DataTable11_13
       4  ??DataTable11_14
       4  ??DataTable11_15
       4  ??DataTable11_16
       4  ??DataTable11_17
       4  ??DataTable11_18
       4  ??DataTable11_19
       4  ??DataTable11_2
       4  ??DataTable11_3
       4  ??DataTable11_4
       4  ??DataTable11_5
       4  ??DataTable11_6
       4  ??DataTable11_7
       4  ??DataTable11_8
       4  ??DataTable11_9
      40  Clear_Tool()
      48  buttonLeveling
          buttonFilament
      48  buttonMore
          buttonRet
      48  buttonMove
          buttonZero
     638  cbDrawToolWin(WM_MESSAGE *)
     912  draw_tool()
      52  hToolWnd
          buttonPreHeat
          buttonExtruse
       1  -- Other

 
   196 bytes in section .bss
     1 byte  in section .rodata
 1 830 bytes in section .text
 
 1 830 bytes of CODE  memory
     0 bytes of CONST memory (+ 1 byte shared)
   196 bytes of DATA  memory

Errors: none
Warnings: 40
