###############################################################################
#
# IAR ANSI C/C++ Compiler V7.10.1.6676/W32 for ARM        13/Apr/2020  09:24:37
# Copyright 1999-2014 IAR Systems AB.
#
#    Cpu mode     =  thumb
#    Endian       =  little
#    Source file  =  
#        D:\MKS-Robin-Nano-Firmware-v2.x.x\MKS-Robin-Nano-Firmware\User\ui\draw_Tips.cpp
#    Command line =  
#        D:\MKS-Robin-Nano-Firmware-v2.x.x\MKS-Robin-Nano-Firmware\User\ui\draw_Tips.cpp
#        -D USE_HAL_DRIVER -D STM32F103xE -D STM32F10X_HD -D USE_HAL_LIB -D
#        MKS_ROBIN_NANO -D TFT35 -lC
#        D:\MKS-Robin-Nano-Firmware-v2.x.x\MKS-Robin-Nano-Firmware\EWARM\mksRobinNano/List\
#        -lA
#        D:\MKS-Robin-Nano-Firmware-v2.x.x\MKS-Robin-Nano-Firmware\EWARM\mksRobinNano/List\
#        --diag_suppress Pa050 -o
#        D:\MKS-Robin-Nano-Firmware-v2.x.x\MKS-Robin-Nano-Firmware\EWARM\mksRobinNano/Obj\
#        --debug --endian=little --cpu=Cortex-M3 -e --char_is_signed --fpu=None
#        --dlib_config "C:\Program Files (x86)\IAR Systems\Embedded Workbench
#        7.0\arm\INC\c\DLib_Config_Full.h" -I
#        D:\MKS-Robin-Nano-Firmware-v2.x.x\MKS-Robin-Nano-Firmware\EWARM/../Inc\
#        -I
#        D:\MKS-Robin-Nano-Firmware-v2.x.x\MKS-Robin-Nano-Firmware\EWARM/../Src\
#        -I
#        D:\MKS-Robin-Nano-Firmware-v2.x.x\MKS-Robin-Nano-Firmware\EWARM/../Drivers/STM32F1xx_HAL_Driver/Inc\
#        -I
#        D:\MKS-Robin-Nano-Firmware-v2.x.x\MKS-Robin-Nano-Firmware\EWARM/../Drivers/STM32F1xx_HAL_Driver/Inc/Legacy\
#        -I
#        D:\MKS-Robin-Nano-Firmware-v2.x.x\MKS-Robin-Nano-Firmware\EWARM/../Middlewares/Third_Party/FatFs/src/drivers\
#        -I
#        D:\MKS-Robin-Nano-Firmware-v2.x.x\MKS-Robin-Nano-Firmware\EWARM/../Middlewares/ST/STM32_USB_Host_Library/Core/Inc\
#        -I
#        D:\MKS-Robin-Nano-Firmware-v2.x.x\MKS-Robin-Nano-Firmware\EWARM/../Middlewares/ST/STM32_USB_Host_Library/Class/MSC/Inc\
#        -I
#        D:\MKS-Robin-Nano-Firmware-v2.x.x\MKS-Robin-Nano-Firmware\EWARM/../Drivers/CMSIS/Device/ST/STM32F1xx/Include\
#        -I
#        D:\MKS-Robin-Nano-Firmware-v2.x.x\MKS-Robin-Nano-Firmware\EWARM/../Middlewares/Third_Party/FatFs/src\
#        -I
#        D:\MKS-Robin-Nano-Firmware-v2.x.x\MKS-Robin-Nano-Firmware\EWARM/../Middlewares/Third_Party/Marlin\
#        -I
#        D:\MKS-Robin-Nano-Firmware-v2.x.x\MKS-Robin-Nano-Firmware\EWARM/../Drivers/CMSIS/Include\
#        -I
#        D:\MKS-Robin-Nano-Firmware-v2.x.x\MKS-Robin-Nano-Firmware\EWARM/../Drivers/BSP/variant\
#        -I
#        D:\MKS-Robin-Nano-Firmware-v2.x.x\MKS-Robin-Nano-Firmware\EWARM/../Drivers/BSP/Components/at24cxx\
#        -I
#        D:\MKS-Robin-Nano-Firmware-v2.x.x\MKS-Robin-Nano-Firmware\EWARM/../Drivers/BSP/Components/w25qxx\
#        -I
#        D:\MKS-Robin-Nano-Firmware-v2.x.x\MKS-Robin-Nano-Firmware\EWARM/../Drivers/BSP/Components/lcd\
#        -I
#        D:\MKS-Robin-Nano-Firmware-v2.x.x\MKS-Robin-Nano-Firmware\EWARM/../Drivers/STM32F10x_StdPeriph_Driver/inc\
#        -I
#        D:\MKS-Robin-Nano-Firmware-v2.x.x\MKS-Robin-Nano-Firmware\EWARM/../Drivers/libstmf4/include\
#        -I
#        D:\MKS-Robin-Nano-Firmware-v2.x.x\MKS-Robin-Nano-Firmware\EWARM/../Middlewares/arduino/stm32/cores/arduino\
#        -I
#        D:\MKS-Robin-Nano-Firmware-v2.x.x\MKS-Robin-Nano-Firmware\EWARM/../User/ui\
#        -I
#        D:\MKS-Robin-Nano-Firmware-v2.x.x\MKS-Robin-Nano-Firmware\EWARM/../User/ui/Multi_language\
#        -I
#        D:\MKS-Robin-Nano-Firmware-v2.x.x\MKS-Robin-Nano-Firmware\EWARM/../User/ui/QRENCODE\
#        -I
#        D:\MKS-Robin-Nano-Firmware-v2.x.x\MKS-Robin-Nano-Firmware\EWARM\..\Middlewares\GUI\
#        -Oh --eec++ -I "C:\Program Files (x86)\IAR Systems\Embedded Workbench
#        7.0\arm\CMSIS\Include\"
#    List file    =  
#        D:\MKS-Robin-Nano-Firmware-v2.x.x\MKS-Robin-Nano-Firmware\EWARM\mksRobinNano/List\draw_Tips.lst
#    Object file  =  
#        D:\MKS-Robin-Nano-Firmware-v2.x.x\MKS-Robin-Nano-Firmware\EWARM\mksRobinNano/Obj\draw_Tips.o
#
###############################################################################

D:\MKS-Robin-Nano-Firmware-v2.x.x\MKS-Robin-Nano-Firmware\User\ui\draw_Tips.cpp
      1          #include "draw_Tips.h"
      2          #include "draw_ui.h"

  #define UNUSED(x) ((void)(x))
          ^
"D:\MKS-Robin-Nano-Firmware-v2.x.x\MKS-Robin-Nano-Firmware\Drivers\STM32F1xx_HAL_Driver\Inc\stm32f1xx_hal_def.h",87  Warning[Pe047]: 
          incompatible redefinition of macro "UNUSED" (declared at line 101 of
          "D:\MKS-Robin-Nano-Firmware-v2.x.x\MKS-Robin-Nano-Firmware\EWARM/../M
          iddlewares/Third_Party/Marlin\macros.h")

  		volatile volatile float desireBedTempBak;
  		         ^
"D:\MKS-Robin-Nano-Firmware-v2.x.x\MKS-Robin-Nano-Firmware\Inc\mks_cfg.h",626  Warning[Pe083]: 
          type qualifier specified more than once

    #define FILAMENT_CHANGE_TEXT_EN				"Please click <Load> \nor <unload>,After \npinter pause."
            ^
"D:\MKS-Robin-Nano-Firmware-v2.x.x\MKS-Robin-Nano-Firmware\User\ui\Multi_language\Language_en.h",337  Warning[Pe047]: 
          incompatible redefinition of macro "FILAMENT_CHANGE_TEXT_EN"
          (declared at line 315)

  #define DIALOG_UNBIND_PRINTER_CN            "Ëß£Èô§ÁªëÂÆö?"
          ^
"D:\MKS-Robin-Nano-Firmware-v2.x.x\MKS-Robin-Nano-Firmware\User\ui\Multi_language\Language_s_cn.h",408  Warning[Pe047]: 
          incompatible redefinition of macro "DIALOG_UNBIND_PRINTER_CN"
          (declared at line 403)

    #define FILAMENT_CHANGE_TEXT_T_CN				"ÂæÖÊâìÂç∞Ê©üÊö´ÂÅúÂêé,\nË´ãÊåâ<ÈÄ≤Êñô>Êàñ<ÈÄÄÊñô>"
            ^
"D:\MKS-Robin-Nano-Firmware-v2.x.x\MKS-Robin-Nano-Firmware\User\ui\Multi_language\Language_t_cn.h",318  Warning[Pe047]: 
          incompatible redefinition of macro "FILAMENT_CHANGE_TEXT_T_CN"
          (declared at line 304)

    #define FILAMENT_CHANGE_TEXT_RU				"Please click <Load> \nor <unload>,After \npinter pause."
            ^
"D:\MKS-Robin-Nano-Firmware-v2.x.x\MKS-Robin-Nano-Firmware\User\ui\Multi_language\Language_ru.h",134  Warning[Pe047]: 
          incompatible redefinition of macro "FILAMENT_CHANGE_TEXT_RU"
          (declared at line 114)

  #define DIALOG_UNBIND_PRINTER_RU            "Unbind the printer?"
          ^
"D:\MKS-Robin-Nano-Firmware-v2.x.x\MKS-Robin-Nano-Firmware\User\ui\Multi_language\Language_ru.h",231  Warning[Pe047]: 
          incompatible redefinition of macro "DIALOG_UNBIND_PRINTER_RU"
          (declared at line 226)

    #define FILAMENT_CHANGE_TEXT_FR				"Please click <Load> \nor <unload>,After \npinter pause."
            ^
"D:\MKS-Robin-Nano-Firmware-v2.x.x\MKS-Robin-Nano-Firmware\User\ui\Multi_language\Language_fr.h",134  Warning[Pe047]: 
          incompatible redefinition of macro "FILAMENT_CHANGE_TEXT_FR"
          (declared at line 114)

  #define DIALOG_UNBIND_PRINTER_FR        "Unbind the printer?"
          ^
"D:\MKS-Robin-Nano-Firmware-v2.x.x\MKS-Robin-Nano-Firmware\User\ui\Multi_language\Language_fr.h",234  Warning[Pe047]: 
          incompatible redefinition of macro "DIALOG_UNBIND_PRINTER_FR"
          (declared at line 230)

    #define FILAMENT_CHANGE_TEXT_SP				"Please click <Load> \nor <unload>,After \npinter pause."
            ^
"D:\MKS-Robin-Nano-Firmware-v2.x.x\MKS-Robin-Nano-Firmware\User\ui\Multi_language\Language_sp.h",133  Warning[Pe047]: 
          incompatible redefinition of macro "FILAMENT_CHANGE_TEXT_SP"
          (declared at line 114)

    #define FILAMENT_CHANGE_TEXT_IT				"Please click <Load> \nor <unload>,After \npinter pause."
            ^
"D:\MKS-Robin-Nano-Firmware-v2.x.x\MKS-Robin-Nano-Firmware\User\ui\Multi_language\Language_it.h",134  Warning[Pe047]: 
          incompatible redefinition of macro "FILAMENT_CHANGE_TEXT_IT"
          (declared at line 114)

  #define DIALOG_UNBIND_PRINTER_IT                "Unbind the printer?"
          ^
"D:\MKS-Robin-Nano-Firmware-v2.x.x\MKS-Robin-Nano-Firmware\User\ui\Multi_language\Language_it.h",230  Warning[Pe047]: 
          incompatible redefinition of macro "DIALOG_UNBIND_PRINTER_IT"
          (declared at line 225)

  #define FILAMENT_CHANGE_TEXT_JP				"Please click <Load> \nor <unload>,After \npinter pause."
          ^
"D:\MKS-Robin-Nano-Firmware-v2.x.x\MKS-Robin-Nano-Firmware\User\ui\Multi_language\Multi_language.h",899  Warning[Pe047]: 
          incompatible redefinition of macro "FILAMENT_CHANGE_TEXT_JP"
          (declared at line 892)

  #define FILAMENT_CHANGE_TEXT_GN				"Please click <Load> \nor <unload>,After \npinter pause."
          ^
"D:\MKS-Robin-Nano-Firmware-v2.x.x\MKS-Robin-Nano-Firmware\User\ui\Multi_language\Multi_language.h",1107  Warning[Pe047]: 
          incompatible redefinition of macro "FILAMENT_CHANGE_TEXT_GN"
          (declared at line 1101)

  #define Simple_Dec"ºı…Ÿ"
                    ^
"D:\MKS-Robin-Nano-Firmware-v2.x.x\MKS-Robin-Nano-Firmware\User\ui\draw_ui.h",666  Warning[Pe1649]: 
          white space is required between the macro name "Simple_Dec" and its
          replacement text

  #define Simple_Speed "ÀŸ∂»"
          ^
"D:\MKS-Robin-Nano-Firmware-v2.x.x\MKS-Robin-Nano-Firmware\User\ui\draw_ui.h",721  Warning[Pe047]: 
          incompatible redefinition of macro "Simple_Speed" (declared at line
          718)

  #define Complex_Speed "ÀŸ∂»"
          ^
"D:\MKS-Robin-Nano-Firmware-v2.x.x\MKS-Robin-Nano-Firmware\User\ui\draw_ui.h",722  Warning[Pe047]: 
          incompatible redefinition of macro "Complex_Speed" (declared at line
          719)
      3          #include "wifi_list.h"
      4          #include "string.h"
      5          #include "stdio.h"
      6          #include "draw_wifi_list.h"
      7          
      8          #ifndef GUI_FLASH
      9          #define GUI_FLASH
     10          #endif
     11          

   \                                 In section .bss, align 4
     12          static GUI_HWIN hTipsWnd;
     13          
     14          static TEXT_Handle TEXT_tisps,TEXT_wifi_name;
     15          
     16          TIPS_TYPE tips_type;
     17          TIPS_DISP tips_disp;
   \                     tips_disp:
   \   00000000                      DS8 4
   \   00000004                      DS8 2
   \   00000006                      DS8 2
   \   00000008                      DS8 2
   \   0000000A                      DS8 2
     18          tips_menu_def tips_menu;
   \                     tips_menu:
   \   0000000C                      DS8 16
   \                     tips_type:
   \   0000001C                      DS8 1
     19          
     20          extern GUI_CONST_STORAGE GUI_FONT GUI_FontHelvetica26;
     21          extern GUI_CONST_STORAGE GUI_FONT GUI_FontHelvetica36;
     22          

   \                                 In section .text, align 2, keep-with-next
     23          static void cbTipsWin(WM_MESSAGE * pMsg) {
     24              struct PressEvt *press_event;
                                      ^
Warning[Pe550]: variable "press_event" was set but never used
     25              switch (pMsg->MsgId) 
     26              {
     27          		case WM_PAINT:
     28          		
     29          			break;
     30          		case WM_TOUCH:
     31          		 	press_event = (struct PressEvt *)pMsg->Data.p;
     32          			
     33          			break;   
     34          		case WM_TOUCH_CHILD:
     35          			press_event = (struct PressEvt *)pMsg->Data.p;
     36          
     37          			break;
     38          			
     39          		case WM_NOTIFY_PARENT:
     40                      if(pMsg->Data.v == WM_NOTIFICATION_RELEASED)
     41                      {
     42          
     43                      }
     44                      break;
     45              }
     46          }
   \                     _Z9cbTipsWinP10WM_MESSAGE: (+1)
   \   00000000   0x4770             BX       LR               ;; return
     47          

   \                                 In section .text, align 2, keep-with-next
     48          void draw_Tips()
     49          {
   \                     draw_Tips: (+1)
   \   00000000   0xB5F0             PUSH     {R4-R7,LR}
     50          		
     51          
     52          	int i;
                 	    ^
Warning[Pe177]: variable "i" was declared but never referenced
     53          	uint8_t buf[30];
                 	        ^
Warning[Pe177]: variable "buf" was declared but never referenced
     54          	
     55          	if(disp_state_stack._disp_state[disp_state_stack._disp_index] != TIPS_UI)
   \   00000002   0x....             LDR.N    R0,??DataTable2_1
   \   00000004   0xF990 0x1064      LDRSB    R1,[R0, #+100]
   \   00000008   0xB085             SUB      SP,SP,#+20
   \   0000000A   0x560A             LDRSB    R2,[R1, R0]
   \   0000000C   0x2A24             CMP      R2,#+36
   \   0000000E   0xD005             BEQ.N    ??draw_Tips_0
     56          	{
     57          		disp_state_stack._disp_index++;
   \   00000010   0x1C49             ADDS     R1,R1,#+1
   \   00000012   0xF880 0x1064      STRB     R1,[R0, #+100]
     58          		disp_state_stack._disp_state[disp_state_stack._disp_index] = TIPS_UI;
   \   00000016   0x2224             MOVS     R2,#+36
   \   00000018   0xB249             SXTB     R1,R1
   \   0000001A   0x540A             STRB     R2,[R1, R0]
     59          	}
     60          	disp_state = TIPS_UI;
   \                     ??draw_Tips_0: (+1)
   \   0000001C   0x2024             MOVS     R0,#+36
   \   0000001E   0x....             LDR.N    R1,??DataTable2_2
   \   00000020   0x7008             STRB     R0,[R1, #+0]
     61          
     62          	GUI_SetBkColor(0x00dfe0);
   \   00000022   0xF64D 0x74E0      MOVW     R4,#+57312
   \   00000026   0x4620             MOV      R0,R4
   \   00000028   0x.... 0x....      BL       GUI_SetBkColor
     63          	GUI_SetColor(gCfgItems.title_color);
   \   0000002C   0x....             LDR.N    R0,??DataTable2_3
   \   0000002E   0x6980             LDR      R0,[R0, #+24]
   \   00000030   0x.... 0x....      BL       GUI_SetColor
     64          	GUI_Clear();
   \   00000034   0x.... 0x....      BL       GUI_Clear
     65          
     66          	   
     67          	
     68          	hTipsWnd = WM_CreateWindow(0,0, LCD_WIDTH, LCD_HEIGHT, WM_CF_SHOW, cbTipsWin, 0);
   \   00000038   0x2000             MOVS     R0,#+0
   \   0000003A   0x9002             STR      R0,[SP, #+8]
   \   0000003C   0xF44F 0x73A0      MOV      R3,#+320
   \   00000040   0x....             LDR.N    R0,??DataTable2_4
   \   00000042   0x9001             STR      R0,[SP, #+4]
   \   00000044   0xF44F 0x72F0      MOV      R2,#+480
   \   00000048   0x2002             MOVS     R0,#+2
   \   0000004A   0x9000             STR      R0,[SP, #+0]
   \   0000004C   0x2100             MOVS     R1,#+0
   \   0000004E   0x2000             MOVS     R0,#+0
   \   00000050   0x.... 0x....      BL       WM_CreateWindow
     69          
     70          	TEXT_tisps = TEXT_CreateEx(0,100,LCD_WIDTH,100, hTipsWnd, WM_CF_SHOW, TEXT_CF_HCENTER|TEXT_CF_BOTTOM,	GUI_ID_TEXT1, "");
   \   00000054   0x2106             MOVS     R1,#+6
   \   00000056   0x9102             STR      R1,[SP, #+8]
   \   00000058   0xF240 0x1661      MOVW     R6,#+353
   \   0000005C   0x....             LDR.N    R5,??DataTable2_5
   \   0000005E   0x9603             STR      R6,[SP, #+12]
   \   00000060   0x2102             MOVS     R1,#+2
   \   00000062   0x80A8             STRH     R0,[R5, #+4]
   \   00000064   0x9101             STR      R1,[SP, #+4]
   \   00000066   0x9000             STR      R0,[SP, #+0]
   \   00000068   0x....             ADR.N    R7,??DataTable2  ;; ""
   \   0000006A   0x2364             MOVS     R3,#+100
   \   0000006C   0x9704             STR      R7,[SP, #+16]
   \   0000006E   0xF44F 0x72F0      MOV      R2,#+480
   \   00000072   0x4619             MOV      R1,R3
   \   00000074   0x2000             MOVS     R0,#+0
   \   00000076   0x.... 0x....      BL       TEXT_CreateEx
   \   0000007A   0x80E8             STRH     R0,[R5, #+6]
     71          	TEXT_SetFont(TEXT_tisps,&GUI_FontHelvetica36);
   \   0000007C   0x....             LDR.N    R1,??DataTable2_6
   \   0000007E   0x.... 0x....      BL       TEXT_SetFont
     72          	TEXT_SetBkColor(TEXT_tisps,0x00dfe0);
   \   00000082   0xF9B5 0x0006      LDRSH    R0,[R5, #+6]
   \   00000086   0x4621             MOV      R1,R4
   \   00000088   0x.... 0x....      BL       TEXT_SetBkColor
     73          	TEXT_SetTextColor(TEXT_tisps,0x000000);
   \   0000008C   0xF9B5 0x0006      LDRSH    R0,[R5, #+6]
   \   00000090   0x2100             MOVS     R1,#+0
   \   00000092   0x.... 0x....      BL       TEXT_SetTextColor
     74          	if(tips_type == TIPS_TYPE_JOINING)
   \   00000096   0xF995 0x001C      LDRSB    R0,[R5, #+28]
   \   0000009A   0xB908             CBNZ.N   R0,??draw_Tips_1
     75          	{	
     76          		TEXT_SetText(TEXT_tisps,tips_menu.joining);
   \   0000009C   0x6929             LDR      R1,[R5, #+16]
   \   0000009E   0xE006             B.N      ??draw_Tips_2
     77          	}
     78          	else if(tips_type == TIPS_TYPE_TAILED_JOIN)
   \                     ??draw_Tips_1: (+1)
   \   000000A0   0x2801             CMP      R0,#+1
   \   000000A2   0xBF08             IT       EQ 
     79          	{
     80          		TEXT_SetText(TEXT_tisps,tips_menu.failedJoin);
   \   000000A4   0x6969             LDREQ    R1,[R5, #+20]
   \   000000A6   0xD002             BEQ.N    ??draw_Tips_2
     81          	}
     82          	else if(tips_type == TIPS_TYPE_WIFI_CONECTED)
   \   000000A8   0x2802             CMP      R0,#+2
   \   000000AA   0xD104             BNE.N    ??draw_Tips_3
     83          	{
     84          		TEXT_SetText(TEXT_tisps,tips_menu.wifiConected);
   \   000000AC   0x69A9             LDR      R1,[R5, #+24]
   \                     ??draw_Tips_2: (+1)
   \   000000AE   0xF9B5 0x0006      LDRSH    R0,[R5, #+6]
   \   000000B2   0x.... 0x....      BL       TEXT_SetText
     85          	}
     86          
     87          	TEXT_wifi_name = TEXT_CreateEx(0,200,LCD_WIDTH, 60, hTipsWnd, WM_CF_SHOW,TEXT_CF_HCENTER|TEXT_CF_BOTTOM, GUI_ID_TEXT1, "");
   \                     ??draw_Tips_3: (+1)
   \   000000B6   0x2006             MOVS     R0,#+6
   \   000000B8   0x9002             STR      R0,[SP, #+8]
   \   000000BA   0x9704             STR      R7,[SP, #+16]
   \   000000BC   0x2002             MOVS     R0,#+2
   \   000000BE   0x9001             STR      R0,[SP, #+4]
   \   000000C0   0x9603             STR      R6,[SP, #+12]
   \   000000C2   0x233C             MOVS     R3,#+60
   \   000000C4   0xF9B5 0x0004      LDRSH    R0,[R5, #+4]
   \   000000C8   0x9000             STR      R0,[SP, #+0]
   \   000000CA   0xF44F 0x72F0      MOV      R2,#+480
   \   000000CE   0x21C8             MOVS     R1,#+200
   \   000000D0   0x2000             MOVS     R0,#+0
   \   000000D2   0x.... 0x....      BL       TEXT_CreateEx
   \   000000D6   0x8128             STRH     R0,[R5, #+8]
     88          	TEXT_SetFont(TEXT_wifi_name,&GUI_FontHelvetica26);
   \   000000D8   0x....             LDR.N    R1,??DataTable2_7
   \   000000DA   0x.... 0x....      BL       TEXT_SetFont
     89          	TEXT_SetBkColor(TEXT_wifi_name,0x00dfe0);
   \   000000DE   0xF9B5 0x0008      LDRSH    R0,[R5, #+8]
   \   000000E2   0x4621             MOV      R1,R4
   \   000000E4   0x.... 0x....      BL       TEXT_SetBkColor
     90          	TEXT_SetTextColor(TEXT_wifi_name,0x000000);
   \   000000E8   0xF9B5 0x0008      LDRSH    R0,[R5, #+8]
   \   000000EC   0x2100             MOVS     R1,#+0
   \   000000EE   0x.... 0x....      BL       TEXT_SetTextColor
     91          	TEXT_SetText(TEXT_wifi_name,(const char *)wifi_list.wifiName[wifi_list.nameIndex]);
   \   000000F2   0x....             LDR.N    R0,??DataTable2_8
   \   000000F4   0xF990 0x1001      LDRSB    R1,[R0, #+1]
   \   000000F8   0xEB01 0x1141      ADD      R1,R1,R1, LSL #+5
   \   000000FC   0x1808             ADDS     R0,R1,R0
   \   000000FE   0xF100 0x0118      ADD      R1,R0,#+24
   \   00000102   0xF9B5 0x0008      LDRSH    R0,[R5, #+8]
   \   00000106   0x.... 0x....      BL       TEXT_SetText
     92          
     93          	tips_disp.timer = TIPS_TIMER_START;
   \   0000010A   0x2001             MOVS     R0,#+1
   \   0000010C   0x7028             STRB     R0,[R5, #+0]
     94          	tips_disp.timer_count = 0;
     95          }
   \   0000010E   0xB005             ADD      SP,SP,#+20
   \   00000110   0x2000             MOVS     R0,#+0
   \   00000112   0x7068             STRB     R0,[R5, #+1]
   \   00000114   0xBDF0             POP      {R4-R7,PC}       ;; return
     96          

   \                                 In section .text, align 2, keep-with-next
     97          void Clear_Tips()
     98          {
   \                     Clear_Tips: (+1)
   \   00000000   0xB510             PUSH     {R4,LR}
     99          	GUI_SetBkColor(gCfgItems.background_color);
   \   00000002   0x....             LDR.N    R0,??DataTable2_3
   \   00000004   0x6940             LDR      R0,[R0, #+20]
   \   00000006   0x.... 0x....      BL       GUI_SetBkColor
    100          	if(WM_IsWindow(hTipsWnd))
   \   0000000A   0x....             LDR.N    R4,??DataTable2_5
   \   0000000C   0xF9B4 0x0004      LDRSH    R0,[R4, #+4]
   \   00000010   0x.... 0x....      BL       WM_IsWindow
   \   00000014   0xB128             CBZ.N    R0,??Clear_Tips_0
    101          	{
    102          		WM_DeleteWindow(hTipsWnd);
   \   00000016   0xF9B4 0x0004      LDRSH    R0,[R4, #+4]
   \   0000001A   0xE8BD 0x4010      POP      {R4,LR}
   \   0000001E   0x.... 0x....      B.W      WM_DeleteWindow
    103          		//GUI_Exec();
    104          	}
    105          	//GUI_Clear();
    106          }
   \                     ??Clear_Tips_0: (+1)
   \   00000022   0xBD10             POP      {R4,PC}          ;; return

   \                                 In section .text, align 4, keep-with-next
   \                     ??DataTable2:
   \   00000000   0x00 0x00          DC8      "",0x0,0x0,0x0
   \              0x00 0x00    

   \                                 In section .text, align 4, keep-with-next
   \                     ??DataTable2_1:
   \   00000000   0x........         DC32     disp_state_stack

   \                                 In section .text, align 4, keep-with-next
   \                     ??DataTable2_2:
   \   00000000   0x........         DC32     disp_state

   \                                 In section .text, align 4, keep-with-next
   \                     ??DataTable2_3:
   \   00000000   0x........         DC32     gCfgItems

   \                                 In section .text, align 4, keep-with-next
   \                     ??DataTable2_4:
   \   00000000   0x........         DC32     _Z9cbTipsWinP10WM_MESSAGE

   \                                 In section .text, align 4, keep-with-next
   \                     ??DataTable2_5:
   \   00000000   0x........         DC32     tips_disp

   \                                 In section .text, align 4, keep-with-next
   \                     ??DataTable2_6:
   \   00000000   0x........         DC32     GUI_FontHelvetica36

   \                                 In section .text, align 4, keep-with-next
   \                     ??DataTable2_7:
   \   00000000   0x........         DC32     GUI_FontHelvetica26

   \                                 In section .text, align 4, keep-with-next
   \                     ??DataTable2_8:
   \   00000000   0x........         DC32     wifi_list

   \                                 In section .rodata, align 1, keep-with-next
   \                     `?<Constant "">`:
   \   00000000   0x00               DC8 ""
    107          
    108          

   Maximum stack usage in bytes:

   .cstack Function
   ------- --------
       8   Clear_Tips
         8   -> GUI_SetBkColor
         0   -> WM_DeleteWindow
         8   -> WM_IsWindow
       0   cbTipsWin(WM_MESSAGE *)
      40   draw_Tips
        40   -> GUI_Clear
        40   -> GUI_SetBkColor
        40   -> GUI_SetColor
        40   -> TEXT_CreateEx
        40   -> TEXT_SetBkColor
        40   -> TEXT_SetFont
        40   -> TEXT_SetText
        40   -> TEXT_SetTextColor
        40   -> WM_CreateWindow


   Section sizes:

   Bytes  Function/Label
   -----  --------------
       1  ?<Constant "">
       4  ??DataTable2
       4  ??DataTable2_1
       4  ??DataTable2_2
       4  ??DataTable2_3
       4  ??DataTable2_4
       4  ??DataTable2_5
       4  ??DataTable2_6
       4  ??DataTable2_7
       4  ??DataTable2_8
      36  Clear_Tips
       2  cbTipsWin(WM_MESSAGE *)
     278  draw_Tips
      29  tips_disp
          hTipsWnd
          TEXT_tisps
          TEXT_wifi_name
          tips_menu
          tips_type

 
  29 bytes in section .bss
   1 byte  in section .rodata
 352 bytes in section .text
 
 352 bytes of CODE  memory
   1 byte  of CONST memory
  29 bytes of DATA  memory

Errors: none
Warnings: 20
