###############################################################################
#
# IAR ANSI C/C++ Compiler V7.10.1.6676/W32 for ARM        13/Apr/2020  09:24:12
# Copyright 1999-2014 IAR Systems AB.
#
#    Cpu mode     =  thumb
#    Endian       =  little
#    Source file  =  
#        D:\MKS-Robin-Nano-Firmware-v2.x.x\MKS-Robin-Nano-Firmware\User\ui\draw_home_dir.cpp
#    Command line =  
#        D:\MKS-Robin-Nano-Firmware-v2.x.x\MKS-Robin-Nano-Firmware\User\ui\draw_home_dir.cpp
#        -D USE_HAL_DRIVER -D STM32F103xE -D STM32F10X_HD -D USE_HAL_LIB -D
#        MKS_ROBIN_NANO -D TFT35 -lC
#        D:\MKS-Robin-Nano-Firmware-v2.x.x\MKS-Robin-Nano-Firmware\EWARM\mksRobinNano/List\
#        -lA
#        D:\MKS-Robin-Nano-Firmware-v2.x.x\MKS-Robin-Nano-Firmware\EWARM\mksRobinNano/List\
#        --diag_suppress Pa050 -o
#        D:\MKS-Robin-Nano-Firmware-v2.x.x\MKS-Robin-Nano-Firmware\EWARM\mksRobinNano/Obj\
#        --debug --endian=little --cpu=Cortex-M3 -e --char_is_signed --fpu=None
#        --dlib_config "C:\Program Files (x86)\IAR Systems\Embedded Workbench
#        7.0\arm\INC\c\DLib_Config_Full.h" -I
#        D:\MKS-Robin-Nano-Firmware-v2.x.x\MKS-Robin-Nano-Firmware\EWARM/../Inc\
#        -I
#        D:\MKS-Robin-Nano-Firmware-v2.x.x\MKS-Robin-Nano-Firmware\EWARM/../Src\
#        -I
#        D:\MKS-Robin-Nano-Firmware-v2.x.x\MKS-Robin-Nano-Firmware\EWARM/../Drivers/STM32F1xx_HAL_Driver/Inc\
#        -I
#        D:\MKS-Robin-Nano-Firmware-v2.x.x\MKS-Robin-Nano-Firmware\EWARM/../Drivers/STM32F1xx_HAL_Driver/Inc/Legacy\
#        -I
#        D:\MKS-Robin-Nano-Firmware-v2.x.x\MKS-Robin-Nano-Firmware\EWARM/../Middlewares/Third_Party/FatFs/src/drivers\
#        -I
#        D:\MKS-Robin-Nano-Firmware-v2.x.x\MKS-Robin-Nano-Firmware\EWARM/../Middlewares/ST/STM32_USB_Host_Library/Core/Inc\
#        -I
#        D:\MKS-Robin-Nano-Firmware-v2.x.x\MKS-Robin-Nano-Firmware\EWARM/../Middlewares/ST/STM32_USB_Host_Library/Class/MSC/Inc\
#        -I
#        D:\MKS-Robin-Nano-Firmware-v2.x.x\MKS-Robin-Nano-Firmware\EWARM/../Drivers/CMSIS/Device/ST/STM32F1xx/Include\
#        -I
#        D:\MKS-Robin-Nano-Firmware-v2.x.x\MKS-Robin-Nano-Firmware\EWARM/../Middlewares/Third_Party/FatFs/src\
#        -I
#        D:\MKS-Robin-Nano-Firmware-v2.x.x\MKS-Robin-Nano-Firmware\EWARM/../Middlewares/Third_Party/Marlin\
#        -I
#        D:\MKS-Robin-Nano-Firmware-v2.x.x\MKS-Robin-Nano-Firmware\EWARM/../Drivers/CMSIS/Include\
#        -I
#        D:\MKS-Robin-Nano-Firmware-v2.x.x\MKS-Robin-Nano-Firmware\EWARM/../Drivers/BSP/variant\
#        -I
#        D:\MKS-Robin-Nano-Firmware-v2.x.x\MKS-Robin-Nano-Firmware\EWARM/../Drivers/BSP/Components/at24cxx\
#        -I
#        D:\MKS-Robin-Nano-Firmware-v2.x.x\MKS-Robin-Nano-Firmware\EWARM/../Drivers/BSP/Components/w25qxx\
#        -I
#        D:\MKS-Robin-Nano-Firmware-v2.x.x\MKS-Robin-Nano-Firmware\EWARM/../Drivers/BSP/Components/lcd\
#        -I
#        D:\MKS-Robin-Nano-Firmware-v2.x.x\MKS-Robin-Nano-Firmware\EWARM/../Drivers/STM32F10x_StdPeriph_Driver/inc\
#        -I
#        D:\MKS-Robin-Nano-Firmware-v2.x.x\MKS-Robin-Nano-Firmware\EWARM/../Drivers/libstmf4/include\
#        -I
#        D:\MKS-Robin-Nano-Firmware-v2.x.x\MKS-Robin-Nano-Firmware\EWARM/../Middlewares/arduino/stm32/cores/arduino\
#        -I
#        D:\MKS-Robin-Nano-Firmware-v2.x.x\MKS-Robin-Nano-Firmware\EWARM/../User/ui\
#        -I
#        D:\MKS-Robin-Nano-Firmware-v2.x.x\MKS-Robin-Nano-Firmware\EWARM/../User/ui/Multi_language\
#        -I
#        D:\MKS-Robin-Nano-Firmware-v2.x.x\MKS-Robin-Nano-Firmware\EWARM/../User/ui/QRENCODE\
#        -I
#        D:\MKS-Robin-Nano-Firmware-v2.x.x\MKS-Robin-Nano-Firmware\EWARM\..\Middlewares\GUI\
#        -Oh --eec++ -I "C:\Program Files (x86)\IAR Systems\Embedded Workbench
#        7.0\arm\CMSIS\Include\"
#    List file    =  
#        D:\MKS-Robin-Nano-Firmware-v2.x.x\MKS-Robin-Nano-Firmware\EWARM\mksRobinNano/List\draw_home_dir.lst
#    Object file  =  
#        D:\MKS-Robin-Nano-Firmware-v2.x.x\MKS-Robin-Nano-Firmware\EWARM\mksRobinNano/Obj\draw_home_dir.o
#
###############################################################################

D:\MKS-Robin-Nano-Firmware-v2.x.x\MKS-Robin-Nano-Firmware\User\ui\draw_home_dir.cpp
      1          #include "gui.h"
      2          #include "button.h"
      3          #include "draw_ui.h"

  #define UNUSED(x) ((void)(x))
          ^
"D:\MKS-Robin-Nano-Firmware-v2.x.x\MKS-Robin-Nano-Firmware\Drivers\STM32F1xx_HAL_Driver\Inc\stm32f1xx_hal_def.h",87  Warning[Pe047]: 
          incompatible redefinition of macro "UNUSED" (declared at line 101 of
          "D:\MKS-Robin-Nano-Firmware-v2.x.x\MKS-Robin-Nano-Firmware\EWARM/../M
          iddlewares/Third_Party/Marlin\macros.h")

  		volatile volatile float desireBedTempBak;
  		         ^
"D:\MKS-Robin-Nano-Firmware-v2.x.x\MKS-Robin-Nano-Firmware\Inc\mks_cfg.h",626  Warning[Pe083]: 
          type qualifier specified more than once

    #define FILAMENT_CHANGE_TEXT_EN				"Please click <Load> \nor <unload>,After \npinter pause."
            ^
"D:\MKS-Robin-Nano-Firmware-v2.x.x\MKS-Robin-Nano-Firmware\User\ui\Multi_language\Language_en.h",337  Warning[Pe047]: 
          incompatible redefinition of macro "FILAMENT_CHANGE_TEXT_EN"
          (declared at line 315)

  #define DIALOG_UNBIND_PRINTER_CN            "Ëß£Èô§ÁªëÂÆö?"
          ^
"D:\MKS-Robin-Nano-Firmware-v2.x.x\MKS-Robin-Nano-Firmware\User\ui\Multi_language\Language_s_cn.h",408  Warning[Pe047]: 
          incompatible redefinition of macro "DIALOG_UNBIND_PRINTER_CN"
          (declared at line 403)

    #define FILAMENT_CHANGE_TEXT_T_CN				"ÂæÖÊâìÂç∞Ê©üÊö´ÂÅúÂêé,\nË´ãÊåâ<ÈÄ≤Êñô>Êàñ<ÈÄÄÊñô>"
            ^
"D:\MKS-Robin-Nano-Firmware-v2.x.x\MKS-Robin-Nano-Firmware\User\ui\Multi_language\Language_t_cn.h",318  Warning[Pe047]: 
          incompatible redefinition of macro "FILAMENT_CHANGE_TEXT_T_CN"
          (declared at line 304)

    #define FILAMENT_CHANGE_TEXT_RU				"Please click <Load> \nor <unload>,After \npinter pause."
            ^
"D:\MKS-Robin-Nano-Firmware-v2.x.x\MKS-Robin-Nano-Firmware\User\ui\Multi_language\Language_ru.h",134  Warning[Pe047]: 
          incompatible redefinition of macro "FILAMENT_CHANGE_TEXT_RU"
          (declared at line 114)

  #define DIALOG_UNBIND_PRINTER_RU            "Unbind the printer?"
          ^
"D:\MKS-Robin-Nano-Firmware-v2.x.x\MKS-Robin-Nano-Firmware\User\ui\Multi_language\Language_ru.h",231  Warning[Pe047]: 
          incompatible redefinition of macro "DIALOG_UNBIND_PRINTER_RU"
          (declared at line 226)

    #define FILAMENT_CHANGE_TEXT_FR				"Please click <Load> \nor <unload>,After \npinter pause."
            ^
"D:\MKS-Robin-Nano-Firmware-v2.x.x\MKS-Robin-Nano-Firmware\User\ui\Multi_language\Language_fr.h",134  Warning[Pe047]: 
          incompatible redefinition of macro "FILAMENT_CHANGE_TEXT_FR"
          (declared at line 114)

  #define DIALOG_UNBIND_PRINTER_FR        "Unbind the printer?"
          ^
"D:\MKS-Robin-Nano-Firmware-v2.x.x\MKS-Robin-Nano-Firmware\User\ui\Multi_language\Language_fr.h",234  Warning[Pe047]: 
          incompatible redefinition of macro "DIALOG_UNBIND_PRINTER_FR"
          (declared at line 230)

    #define FILAMENT_CHANGE_TEXT_SP				"Please click <Load> \nor <unload>,After \npinter pause."
            ^
"D:\MKS-Robin-Nano-Firmware-v2.x.x\MKS-Robin-Nano-Firmware\User\ui\Multi_language\Language_sp.h",133  Warning[Pe047]: 
          incompatible redefinition of macro "FILAMENT_CHANGE_TEXT_SP"
          (declared at line 114)

    #define FILAMENT_CHANGE_TEXT_IT				"Please click <Load> \nor <unload>,After \npinter pause."
            ^
"D:\MKS-Robin-Nano-Firmware-v2.x.x\MKS-Robin-Nano-Firmware\User\ui\Multi_language\Language_it.h",134  Warning[Pe047]: 
          incompatible redefinition of macro "FILAMENT_CHANGE_TEXT_IT"
          (declared at line 114)

  #define DIALOG_UNBIND_PRINTER_IT                "Unbind the printer?"
          ^
"D:\MKS-Robin-Nano-Firmware-v2.x.x\MKS-Robin-Nano-Firmware\User\ui\Multi_language\Language_it.h",230  Warning[Pe047]: 
          incompatible redefinition of macro "DIALOG_UNBIND_PRINTER_IT"
          (declared at line 225)

  #define FILAMENT_CHANGE_TEXT_JP				"Please click <Load> \nor <unload>,After \npinter pause."
          ^
"D:\MKS-Robin-Nano-Firmware-v2.x.x\MKS-Robin-Nano-Firmware\User\ui\Multi_language\Multi_language.h",899  Warning[Pe047]: 
          incompatible redefinition of macro "FILAMENT_CHANGE_TEXT_JP"
          (declared at line 892)

  #define FILAMENT_CHANGE_TEXT_GN				"Please click <Load> \nor <unload>,After \npinter pause."
          ^
"D:\MKS-Robin-Nano-Firmware-v2.x.x\MKS-Robin-Nano-Firmware\User\ui\Multi_language\Multi_language.h",1107  Warning[Pe047]: 
          incompatible redefinition of macro "FILAMENT_CHANGE_TEXT_GN"
          (declared at line 1101)

  #define Simple_Dec"ºı…Ÿ"
                    ^
"D:\MKS-Robin-Nano-Firmware-v2.x.x\MKS-Robin-Nano-Firmware\User\ui\draw_ui.h",666  Warning[Pe1649]: 
          white space is required between the macro name "Simple_Dec" and its
          replacement text

  #define Simple_Speed "ÀŸ∂»"
          ^
"D:\MKS-Robin-Nano-Firmware-v2.x.x\MKS-Robin-Nano-Firmware\User\ui\draw_ui.h",721  Warning[Pe047]: 
          incompatible redefinition of macro "Simple_Speed" (declared at line
          718)

  #define Complex_Speed "ÀŸ∂»"
          ^
"D:\MKS-Robin-Nano-Firmware-v2.x.x\MKS-Robin-Nano-Firmware\User\ui\draw_ui.h",722  Warning[Pe047]: 
          incompatible redefinition of macro "Complex_Speed" (declared at line
          719)
      4          
      5          #ifndef GUI_FLASH
      6          #define GUI_FLASH
      7          #endif
      8          

   \                                 In section .bss, align 4
      9          static GUI_HWIN hHomeDirWnd;
   \                     hHomeDirWnd:
   \   00000000                      DS8 2
   \   00000002                      DS8 2
   \   00000004                      DS8 24
   \   0000001C                      DS8 24

   \                                 In section .bss, align 4
     10          static BUTTON_STRUCT XHomeDir,YHomeDir,ZHomeDir;
   \                     ZHomeDir:
   \   00000000                      DS8 24
   \   00000018                      DS8 24

   \                                 In section .bss, align 4
     11          static BUTTON_STRUCT XHomeDir_Text,YHomeDir_Text,ZHomeDir_Text;
   \                     XHomeDir_Text:
   \   00000000                      DS8 24
   \   00000018                      DS8 24
   \   00000030                      DS8 24
     12          static BUTTON_STRUCT button_back;
     13          
     14          extern signed char home_dir_P[XYZ];
     15          

   \                                 In section .text, align 2, keep-with-next
     16          static void cbHomeDirWin(WM_MESSAGE * pMsg) {
     17          
     18              struct PressEvt *press_event;
                                      ^
Warning[Pe550]: variable "press_event" was set but never used
     19              switch (pMsg->MsgId)
   \                     _Z12cbHomeDirWinP10WM_MESSAGE: (+1)
   \   00000000   0x6801             LDR      R1,[R0, #+0]
   \   00000002   0x290C             CMP      R1,#+12
   \   00000004   0xD100             BNE.N    ??cbHomeDirWin_0
   \   00000006   0x4770             BX       LR
   \                     ??cbHomeDirWin_0: (+1)
   \   00000008   0xB5F8             PUSH     {R3-R7,LR}
   \   0000000A   0x290D             CMP      R1,#+13
   \   0000000C   0xF000 0x80E6      BEQ.W    ??cbHomeDirWin_1
   \   00000010   0x290F             CMP      R1,#+15
   \   00000012   0xD002             BEQ.N    ??cbHomeDirWin_2
   \   00000014   0x2926             CMP      R1,#+38
   \   00000016   0xD01C             BEQ.N    ??cbHomeDirWin_3
   \   00000018   0xE0DC             B.N      ??cbHomeDirWin_4
     20              {
     21              	case WM_PAINT:
     22          			//GUI_SetColor(gCfgItems.state_background_color);
     23          			//GUI_DrawRect(LCD_WIDTH/4+X_ADD, 0, LCD_WIDTH *3 / 4-X_INTERVAL, imgHeight /2 -15);
     24          			GUI_SetColor(0xff5449);
   \                     ??cbHomeDirWin_2: (+1)
   \   0000001A   0x.... 0x....      LDR.W    R0,??DataTable5  ;; 0xff5449
   \   0000001E   0x.... 0x....      BL       GUI_SetColor
     25          			GUI_FillRect(10, 90, 470,90);
   \   00000022   0x235A             MOVS     R3,#+90
   \   00000024   0xF44F 0x72EB      MOV      R2,#+470
   \   00000028   0x215A             MOVS     R1,#+90
   \   0000002A   0x200A             MOVS     R0,#+10
   \   0000002C   0x.... 0x....      BL       GUI_FillRect
     26                      GUI_FillRect(10, 140, 470,140);
   \   00000030   0x238C             MOVS     R3,#+140
   \   00000032   0xF44F 0x72EB      MOV      R2,#+470
   \   00000036   0x4619             MOV      R1,R3
   \   00000038   0x200A             MOVS     R0,#+10
   \   0000003A   0x.... 0x....      BL       GUI_FillRect
     27                      GUI_FillRect(10, 190, 470,190);
   \   0000003E   0xB001             ADD      SP,SP,#+4
   \   00000040   0xE8BD 0x40F0      POP      {R4-R7,LR}
   \   00000044   0x23BE             MOVS     R3,#+190
   \   00000046   0xF44F 0x72EB      MOV      R2,#+470
   \   0000004A   0x4619             MOV      R1,R3
   \   0000004C   0x200A             MOVS     R0,#+10
   \   0000004E   0x.... 0x....      B.W      GUI_FillRect
     28           
     29              		break;
     30              	case WM_TOUCH:
     31              	 	press_event = (struct PressEvt *)pMsg->Data.p;
     32              		
     33              		break;
     34              	case WM_TOUCH_CHILD:
     35              		press_event = (struct PressEvt *)pMsg->Data.p;
     36          
     37              		break;
     38              		
     39              	case WM_NOTIFY_PARENT:
     40              		if(pMsg->Data.v == WM_NOTIFICATION_RELEASED)
   \                     ??cbHomeDirWin_3: (+1)
   \   00000052   0x6881             LDR      R1,[R0, #+8]
   \   00000054   0x2902             CMP      R1,#+2
   \   00000056   0xF040 0x80C1      BNE.W    ??cbHomeDirWin_1
     41              		{
     42              			if(pMsg->hWinSrc == button_back.btnHandle)
   \   0000005A   0xF9B0 0x1006      LDRSH    R1,[R0, #+6]
   \   0000005E   0x.... 0x....      LDR.W    R4,??DataTable5_1
   \   00000062   0x.... 0x....      LDR.W    R5,??DataTable5_2
   \   00000066   0xF9B4 0x0018      LDRSH    R0,[R4, #+24]
   \   0000006A   0x4281             CMP      R1,R0
   \   0000006C   0xD115             BNE.N    ??cbHomeDirWin_5
     43              			{
     44              				last_disp_state = MACHINETYPE_UI;
   \   0000006E   0x.... 0x....      LDR.W    R1,??DataTable5_3
   \   00000072   0x2029             MOVS     R0,#+41
   \   00000074   0x7008             STRB     R0,[R1, #+0]
     45              				Clear_HomeDir();
   \   00000076   0x.... 0x....      LDR.W    R0,??DataTable5_4
   \   0000007A   0x6940             LDR      R0,[R0, #+20]
   \   0000007C   0x.... 0x....      BL       GUI_SetBkColor
   \   00000080   0xF9B5 0x0000      LDRSH    R0,[R5, #+0]
   \   00000084   0x.... 0x....      BL       WM_IsWindow
   \   00000088   0xB118             CBZ.N    R0,??cbHomeDirWin_6
   \   0000008A   0xF9B5 0x0000      LDRSH    R0,[R5, #+0]
   \   0000008E   0x.... 0x....      BL       WM_DeleteWindow
     46              				draw_return_ui();
   \                     ??cbHomeDirWin_6: (+1)
   \   00000092   0xE8BD 0x40F1      POP      {R0,R4-R7,LR}
   \   00000096   0x.... 0x....      B.W      draw_return_ui
     47              			}	
     48              			else if(pMsg->hWinSrc == XHomeDir.btnHandle)
   \                     ??cbHomeDirWin_5: (+1)
   \   0000009A   0xF9B5 0x0004      LDRSH    R0,[R5, #+4]
   \   0000009E   0x4281             CMP      R1,R0
   \   000000A0   0xD12F             BNE.N    ??cbHomeDirWin_7
     49              			{
     50                              if(mksCfg.x_home_dir==1)
   \   000000A2   0x.... 0x....      LDR.W    R6,??DataTable5_5
   \   000000A6   0x.... 0x....      LDR.W    R1,??DataTable5_6
   \   000000AA   0xF996 0x2005      LDRSB    R2,[R6, #+5]
   \   000000AE   0x.... 0x....      LDR.W    R7,??DataTable5_4
   \   000000B2   0x2A01             CMP      R2,#+1
   \   000000B4   0xD10F             BNE.N    ??cbHomeDirWin_8
     51                              {
     52                                  mksCfg.x_home_dir=-1;
   \   000000B6   0xF04F 0x32FF      MOV      R2,#-1
   \   000000BA   0x7172             STRB     R2,[R6, #+5]
     53          			    home_dir_P[0] = -1;
   \   000000BC   0x700A             STRB     R2,[R1, #+0]
     54                                  BUTTON_SetBmpFileName(XHomeDir.btnHandle, "bmp_disable.bin",1); 
   \   000000BE   0x2201             MOVS     R2,#+1
   \   000000C0   0x.... 0x....      ADR.W    R1,`?<Constant "bmp_disable.bin">`
   \   000000C4   0x.... 0x....      BL       BUTTON_SetBmpFileName
     55                                  if(gCfgItems.multiple_language != 0)
   \   000000C8   0xF897 0x01CF      LDRB     R0,[R7, #+463]
   \   000000CC   0xB1A0             CBZ.N    R0,??cbHomeDirWin_9
     56                                      BUTTON_SetText(XHomeDir.btnHandle, machine_menu.min);    
   \   000000CE   0x.... 0x....      LDR.W    R0,??DataTable5_7
   \   000000D2   0x6E41             LDR      R1,[R0, #+100]
   \   000000D4   0xE00C             B.N      ??cbHomeDirWin_10
     57                              }
     58                              else
     59                              {
     60                                  mksCfg.x_home_dir=1;
   \                     ??cbHomeDirWin_8: (+1)
   \   000000D6   0x2201             MOVS     R2,#+1
     61          			   home_dir_P[0] = 1;
   \   000000D8   0x700A             STRB     R2,[R1, #+0]
   \   000000DA   0x7172             STRB     R2,[R6, #+5]
     62                                  BUTTON_SetBmpFileName(XHomeDir.btnHandle, "bmp_enable.bin",1); 
   \   000000DC   0x.... 0x....      ADR.W    R1,`?<Constant "bmp_enable.bin">`
   \   000000E0   0x.... 0x....      BL       BUTTON_SetBmpFileName
     63                                  if(gCfgItems.multiple_language != 0)    
   \   000000E4   0xF897 0x01CF      LDRB     R0,[R7, #+463]
   \   000000E8   0xB130             CBZ.N    R0,??cbHomeDirWin_9
     64                                      BUTTON_SetText(XHomeDir.btnHandle, machine_menu.max);
   \   000000EA   0x.... 0x....      LDR.W    R0,??DataTable5_7
   \   000000EE   0x6E81             LDR      R1,[R0, #+104]
   \                     ??cbHomeDirWin_10: (+1)
   \   000000F0   0xF9B5 0x0004      LDRSH    R0,[R5, #+4]
   \   000000F4   0x.... 0x....      BL       BUTTON_SetText
     65                              }
     66                              epr_write_data(EPR_X_HOME_DIR, (uint8_t *)&mksCfg.x_home_dir,1);
   \                     ??cbHomeDirWin_9: (+1)
   \   000000F8   0x2201             MOVS     R2,#+1
   \   000000FA   0x1D71             ADDS     R1,R6,#+5
   \   000000FC   0xF240 0x50B3      MOVW     R0,#+1459
   \   00000100   0xE064             B.N      ??cbHomeDirWin_11
     67              			}
     68              			else if(pMsg->hWinSrc == YHomeDir.btnHandle)
   \                     ??cbHomeDirWin_7: (+1)
   \   00000102   0xF9B5 0x001C      LDRSH    R0,[R5, #+28]
   \   00000106   0x4281             CMP      R1,R0
   \   00000108   0xD12F             BNE.N    ??cbHomeDirWin_12
     69              			{
     70                              if(mksCfg.y_home_dir==1)
   \   0000010A   0x.... 0x....      LDR.W    R6,??DataTable5_5
   \   0000010E   0x.... 0x....      LDR.W    R1,??DataTable5_6
   \   00000112   0xF996 0x2006      LDRSB    R2,[R6, #+6]
   \   00000116   0x.... 0x....      LDR.W    R7,??DataTable5_4
   \   0000011A   0x2A01             CMP      R2,#+1
   \   0000011C   0xD10F             BNE.N    ??cbHomeDirWin_13
     71                              {
     72                                  mksCfg.y_home_dir=-1;
   \   0000011E   0xF04F 0x32FF      MOV      R2,#-1
   \   00000122   0x71B2             STRB     R2,[R6, #+6]
     73          			   home_dir_P[1] = -1;
   \   00000124   0x704A             STRB     R2,[R1, #+1]
     74                                  BUTTON_SetBmpFileName(YHomeDir.btnHandle, "bmp_disable.bin",1); 
   \   00000126   0x2201             MOVS     R2,#+1
   \   00000128   0x.... 0x....      ADR.W    R1,`?<Constant "bmp_disable.bin">`
   \   0000012C   0x.... 0x....      BL       BUTTON_SetBmpFileName
     75                                  if(gCfgItems.multiple_language != 0)
   \   00000130   0xF897 0x01CF      LDRB     R0,[R7, #+463]
   \   00000134   0xB1A0             CBZ.N    R0,??cbHomeDirWin_14
     76                                      BUTTON_SetText(YHomeDir.btnHandle, machine_menu.min);
   \   00000136   0x.... 0x....      LDR.W    R0,??DataTable5_7
   \   0000013A   0x6E41             LDR      R1,[R0, #+100]
   \   0000013C   0xE00C             B.N      ??cbHomeDirWin_15
     77                              }
     78                              else
     79                              {
     80                                  mksCfg.y_home_dir=1;
   \                     ??cbHomeDirWin_13: (+1)
   \   0000013E   0x2201             MOVS     R2,#+1
     81          			   home_dir_P[1] = 1;
   \   00000140   0x704A             STRB     R2,[R1, #+1]
   \   00000142   0x71B2             STRB     R2,[R6, #+6]
     82                                  BUTTON_SetBmpFileName(YHomeDir.btnHandle, "bmp_enable.bin",1);
   \   00000144   0x.... 0x....      ADR.W    R1,`?<Constant "bmp_enable.bin">`
   \   00000148   0x.... 0x....      BL       BUTTON_SetBmpFileName
     83                                  if(gCfgItems.multiple_language != 0)
   \   0000014C   0xF897 0x01CF      LDRB     R0,[R7, #+463]
   \   00000150   0xB130             CBZ.N    R0,??cbHomeDirWin_14
     84                                      BUTTON_SetText(YHomeDir.btnHandle, machine_menu.max);
   \   00000152   0x.... 0x....      LDR.W    R0,??DataTable5_7
   \   00000156   0x6E81             LDR      R1,[R0, #+104]
   \                     ??cbHomeDirWin_15: (+1)
   \   00000158   0xF9B5 0x001C      LDRSH    R0,[R5, #+28]
   \   0000015C   0x.... 0x....      BL       BUTTON_SetText
     85                              }	
     86                              epr_write_data(EPR_Y_HOME_DIR, (uint8_t *)&mksCfg.y_home_dir,1);
   \                     ??cbHomeDirWin_14: (+1)
   \   00000160   0x2201             MOVS     R2,#+1
   \   00000162   0x1DB1             ADDS     R1,R6,#+6
   \   00000164   0xF240 0x50B4      MOVW     R0,#+1460
   \   00000168   0xE030             B.N      ??cbHomeDirWin_11
     87              			}
     88              			else if(pMsg->hWinSrc == ZHomeDir.btnHandle)
   \                     ??cbHomeDirWin_12: (+1)
   \   0000016A   0xF9B4 0x0000      LDRSH    R0,[R4, #+0]
   \   0000016E   0x4281             CMP      R1,R0
   \   00000170   0xD134             BNE.N    ??cbHomeDirWin_1
     89              			{
     90                              if(mksCfg.z_home_dir==1)
   \   00000172   0x.... 0x....      LDR.W    R6,??DataTable5_5
   \   00000176   0x.... 0x....      LDR.W    R1,??DataTable5_6
   \   0000017A   0xF996 0x2007      LDRSB    R2,[R6, #+7]
   \   0000017E   0x.... 0x....      LDR.W    R7,??DataTable5_4
   \   00000182   0x2A01             CMP      R2,#+1
   \   00000184   0xD10E             BNE.N    ??cbHomeDirWin_16
     91                              {
     92                                  mksCfg.z_home_dir=-1;
   \   00000186   0xF04F 0x32FF      MOV      R2,#-1
   \   0000018A   0x71F2             STRB     R2,[R6, #+7]
     93          			   home_dir_P[2] = -1;
   \   0000018C   0x708A             STRB     R2,[R1, #+2]
     94                                  BUTTON_SetBmpFileName(ZHomeDir.btnHandle, "bmp_disable.bin",1);
   \   0000018E   0x2201             MOVS     R2,#+1
   \   00000190   0x.... 0x....      ADR.W    R1,`?<Constant "bmp_disable.bin">`
   \   00000194   0x.... 0x....      BL       BUTTON_SetBmpFileName
     95                                  if(gCfgItems.multiple_language != 0)
   \   00000198   0xF897 0x01CF      LDRB     R0,[R7, #+463]
   \   0000019C   0xB190             CBZ.N    R0,??cbHomeDirWin_17
     96                                      BUTTON_SetText(ZHomeDir.btnHandle, machine_menu.min);
   \   0000019E   0x....             LDR.N    R0,??DataTable5_7
   \   000001A0   0x6E41             LDR      R1,[R0, #+100]
   \   000001A2   0xE00B             B.N      ??cbHomeDirWin_18
     97                              }
     98                              else
     99                              {
    100                                  mksCfg.z_home_dir=1;
   \                     ??cbHomeDirWin_16: (+1)
   \   000001A4   0x2201             MOVS     R2,#+1
    101          			   home_dir_P[2] = 1;
   \   000001A6   0x708A             STRB     R2,[R1, #+2]
   \   000001A8   0x71F2             STRB     R2,[R6, #+7]
    102                                  BUTTON_SetBmpFileName(ZHomeDir.btnHandle, "bmp_enable.bin",1); 
   \   000001AA   0x.... 0x....      ADR.W    R1,`?<Constant "bmp_enable.bin">`
   \   000001AE   0x.... 0x....      BL       BUTTON_SetBmpFileName
    103                                  if(gCfgItems.multiple_language != 0)
   \   000001B2   0xF897 0x01CF      LDRB     R0,[R7, #+463]
   \   000001B6   0xB128             CBZ.N    R0,??cbHomeDirWin_17
    104                                      BUTTON_SetText(ZHomeDir.btnHandle, machine_menu.max);
   \   000001B8   0x....             LDR.N    R0,??DataTable5_7
   \   000001BA   0x6E81             LDR      R1,[R0, #+104]
   \                     ??cbHomeDirWin_18: (+1)
   \   000001BC   0xF9B4 0x0000      LDRSH    R0,[R4, #+0]
   \   000001C0   0x.... 0x....      BL       BUTTON_SetText
    105                              }
    106                              epr_write_data(EPR_Z_HOME_DIR, (uint8_t *)&mksCfg.z_home_dir,1);
   \                     ??cbHomeDirWin_17: (+1)
   \   000001C4   0x2201             MOVS     R2,#+1
   \   000001C6   0x1DF1             ADDS     R1,R6,#+7
   \   000001C8   0xF240 0x50B5      MOVW     R0,#+1461
   \                     ??cbHomeDirWin_11: (+1)
   \   000001CC   0xE8BD 0x40F8      POP      {R3-R7,LR}
   \   000001D0   0x.... 0x....      B.W      epr_write_data
    107              			}       			
    108              		}
    109              		break;
    110              		
    111              	default:
    112              		WM_DefaultProc(pMsg);
   \                     ??cbHomeDirWin_4: (+1)
   \   000001D4   0xE8BD 0x40F2      POP      {R1,R4-R7,LR}
   \   000001D8   0x.... 0x....      B.W      WM_DefaultProc
    113              	}
    114          }
   \                     ??cbHomeDirWin_1: (+1)
   \   000001DC   0xBDF1             POP      {R0,R4-R7,PC}    ;; return
    115          
    116          

   \                                 In section .text, align 2, keep-with-next
    117          void draw_HomeDir()
    118          {   
   \                     draw_HomeDir: (+1)
   \   00000000   0xE92D 0x4FF0      PUSH     {R4-R11,LR}
    119              int i;
                         ^
Warning[Pe177]: variable "i" was declared but never referenced
    120          
    121              if(disp_state_stack._disp_state[disp_state_stack._disp_index] != MACHINETYPE_UI)
   \   00000004   0x....             LDR.N    R0,??DataTable5_8
   \   00000006   0xF990 0x1064      LDRSB    R1,[R0, #+100]
   \   0000000A   0xB085             SUB      SP,SP,#+20
   \   0000000C   0x560A             LDRSB    R2,[R1, R0]
   \   0000000E   0x2A29             CMP      R2,#+41
   \   00000010   0xD005             BEQ.N    ??draw_HomeDir_0
    122              {
    123                  disp_state_stack._disp_index++;
   \   00000012   0x1C49             ADDS     R1,R1,#+1
   \   00000014   0xF880 0x1064      STRB     R1,[R0, #+100]
    124                  disp_state_stack._disp_state[disp_state_stack._disp_index] = MACHINETYPE_UI;
   \   00000018   0x2229             MOVS     R2,#+41
   \   0000001A   0xB249             SXTB     R1,R1
   \   0000001C   0x540A             STRB     R2,[R1, R0]
    125              }
    126              disp_state = MACHINETYPE_UI;
   \                     ??draw_HomeDir_0: (+1)
   \   0000001E   0x2029             MOVS     R0,#+41
   \   00000020   0x....             LDR.N    R1,??DataTable5_9
    127              
    128              GUI_SetBkColor(gCfgItems.background_color);
   \   00000022   0x.... 0x....      LDR.W    R8,??DataTable5_4
   \   00000026   0x7008             STRB     R0,[R1, #+0]
   \   00000028   0xF8D8 0x0014      LDR      R0,[R8, #+20]
   \   0000002C   0x.... 0x....      BL       GUI_SetBkColor
    129              GUI_SetColor(gCfgItems.title_color);
   \   00000030   0xF108 0x0514      ADD      R5,R8,#+20
   \   00000034   0x6868             LDR      R0,[R5, #+4]
   \   00000036   0x.... 0x....      BL       GUI_SetColor
    130              GUI_Clear();
   \   0000003A   0x.... 0x....      BL       GUI_Clear
    131              
    132              GUI_DispStringAt(machine_menu.HomeDirConfTitle, TITLE_XPOS, TITLE_YPOS);
   \   0000003E   0x....             LDR.N    R6,??DataTable5_7
   \   00000040   0x6D70             LDR      R0,[R6, #+84]
   \   00000042   0x2205             MOVS     R2,#+5
   \   00000044   0x2103             MOVS     R1,#+3
   \   00000046   0x.... 0x....      BL       GUI_DispStringAt
    133          
    134              hHomeDirWnd = WM_CreateWindow(0, 0, LCD_WIDTH, LCD_HEIGHT, WM_CF_SHOW, cbHomeDirWin, 0);
   \   0000004A   0x2000             MOVS     R0,#+0
   \   0000004C   0x9002             STR      R0,[SP, #+8]
   \   0000004E   0xF44F 0x73A0      MOV      R3,#+320
   \   00000052   0x....             LDR.N    R0,??DataTable5_10
   \   00000054   0x....             LDR.N    R7,??DataTable5_2
   \   00000056   0x9001             STR      R0,[SP, #+4]
   \   00000058   0xF44F 0x72F0      MOV      R2,#+480
   \   0000005C   0x2002             MOVS     R0,#+2
   \   0000005E   0x9000             STR      R0,[SP, #+0]
   \   00000060   0x2100             MOVS     R1,#+0
   \   00000062   0x2000             MOVS     R0,#+0
   \   00000064   0x.... 0x....      BL       WM_CreateWindow
   \   00000068   0x8038             STRH     R0,[R7, #+0]
    135          
    136              XHomeDir_Text.btnHandle = BUTTON_CreateEx(10,50,360,40,hHomeDirWnd, BUTTON_CF_SHOW, 0, alloc_win_id());
   \   0000006A   0x.... 0x....      BL       alloc_win_id
   \   0000006E   0x9003             STR      R0,[SP, #+12]
   \   00000070   0x2000             MOVS     R0,#+0
   \   00000072   0x9002             STR      R0,[SP, #+8]
   \   00000074   0x2002             MOVS     R0,#+2
   \   00000076   0x9001             STR      R0,[SP, #+4]
   \   00000078   0x2328             MOVS     R3,#+40
   \   0000007A   0xF9B7 0x0000      LDRSH    R0,[R7, #+0]
   \   0000007E   0x....             LDR.N    R4,??DataTable5_11
   \   00000080   0x9000             STR      R0,[SP, #+0]
   \   00000082   0xF44F 0x72B4      MOV      R2,#+360
   \   00000086   0x2132             MOVS     R1,#+50
   \   00000088   0x200A             MOVS     R0,#+10
   \   0000008A   0x.... 0x....      BL       BUTTON_CreateEx
   \   0000008E   0x8020             STRH     R0,[R4, #+0]
    137              XHomeDir.btnHandle = BUTTON_CreateEx(370,50,90,40,hHomeDirWnd, BUTTON_CF_SHOW, 0, alloc_win_id());
   \   00000090   0x.... 0x....      BL       alloc_win_id
   \   00000094   0x9003             STR      R0,[SP, #+12]
   \   00000096   0x2328             MOVS     R3,#+40
   \   00000098   0x2000             MOVS     R0,#+0
   \   0000009A   0x9002             STR      R0,[SP, #+8]
   \   0000009C   0x225A             MOVS     R2,#+90
   \   0000009E   0x2002             MOVS     R0,#+2
   \   000000A0   0x9001             STR      R0,[SP, #+4]
   \   000000A2   0x2132             MOVS     R1,#+50
   \   000000A4   0xF9B7 0x0000      LDRSH    R0,[R7, #+0]
   \   000000A8   0x9000             STR      R0,[SP, #+0]
   \   000000AA   0xF44F 0x70B9      MOV      R0,#+370
   \   000000AE   0x.... 0x....      BL       BUTTON_CreateEx
   \   000000B2   0x80B8             STRH     R0,[R7, #+4]
    138              
    139              YHomeDir_Text.btnHandle = BUTTON_CreateEx(10,100,360,40,hHomeDirWnd, BUTTON_CF_SHOW, 0, alloc_win_id());
   \   000000B4   0x.... 0x....      BL       alloc_win_id
   \   000000B8   0x9003             STR      R0,[SP, #+12]
   \   000000BA   0x2328             MOVS     R3,#+40
   \   000000BC   0x2000             MOVS     R0,#+0
   \   000000BE   0x9002             STR      R0,[SP, #+8]
   \   000000C0   0xF44F 0x72B4      MOV      R2,#+360
   \   000000C4   0x2002             MOVS     R0,#+2
   \   000000C6   0x9001             STR      R0,[SP, #+4]
   \   000000C8   0x2164             MOVS     R1,#+100
   \   000000CA   0xF9B7 0x0000      LDRSH    R0,[R7, #+0]
   \   000000CE   0x9000             STR      R0,[SP, #+0]
   \   000000D0   0x200A             MOVS     R0,#+10
   \   000000D2   0x.... 0x....      BL       BUTTON_CreateEx
   \   000000D6   0x8320             STRH     R0,[R4, #+24]
    140              YHomeDir.btnHandle = BUTTON_CreateEx(370,100,90,40,hHomeDirWnd, BUTTON_CF_SHOW, 0, alloc_win_id());
   \   000000D8   0x.... 0x....      BL       alloc_win_id
   \   000000DC   0x9003             STR      R0,[SP, #+12]
   \   000000DE   0x2328             MOVS     R3,#+40
   \   000000E0   0x2000             MOVS     R0,#+0
   \   000000E2   0x9002             STR      R0,[SP, #+8]
   \   000000E4   0x225A             MOVS     R2,#+90
   \   000000E6   0x2002             MOVS     R0,#+2
   \   000000E8   0x9001             STR      R0,[SP, #+4]
   \   000000EA   0x2164             MOVS     R1,#+100
   \   000000EC   0xF9B7 0x0000      LDRSH    R0,[R7, #+0]
   \   000000F0   0x9000             STR      R0,[SP, #+0]
   \   000000F2   0xF44F 0x70B9      MOV      R0,#+370
   \   000000F6   0x.... 0x....      BL       BUTTON_CreateEx
   \   000000FA   0x83B8             STRH     R0,[R7, #+28]
    141              
    142              ZHomeDir_Text.btnHandle = BUTTON_CreateEx(10,150,360,40,hHomeDirWnd, BUTTON_CF_SHOW, 0, alloc_win_id());
   \   000000FC   0x.... 0x....      BL       alloc_win_id
   \   00000100   0x9003             STR      R0,[SP, #+12]
   \   00000102   0x2328             MOVS     R3,#+40
   \   00000104   0x2000             MOVS     R0,#+0
   \   00000106   0x9002             STR      R0,[SP, #+8]
   \   00000108   0xF44F 0x72B4      MOV      R2,#+360
   \   0000010C   0x2002             MOVS     R0,#+2
   \   0000010E   0x9001             STR      R0,[SP, #+4]
   \   00000110   0x2196             MOVS     R1,#+150
   \   00000112   0xF9B7 0x0000      LDRSH    R0,[R7, #+0]
   \   00000116   0x9000             STR      R0,[SP, #+0]
   \   00000118   0x200A             MOVS     R0,#+10
   \   0000011A   0x.... 0x....      BL       BUTTON_CreateEx
   \   0000011E   0x8620             STRH     R0,[R4, #+48]
    143              ZHomeDir.btnHandle = BUTTON_CreateEx(370,150,90,40,hHomeDirWnd, BUTTON_CF_SHOW, 0, alloc_win_id());
   \   00000120   0x.... 0x....      BL       alloc_win_id
   \   00000124   0x9003             STR      R0,[SP, #+12]
   \   00000126   0x2000             MOVS     R0,#+0
   \   00000128   0x9002             STR      R0,[SP, #+8]
   \   0000012A   0x2002             MOVS     R0,#+2
   \   0000012C   0x9001             STR      R0,[SP, #+4]
   \   0000012E   0x2328             MOVS     R3,#+40
   \   00000130   0xF9B7 0x0000      LDRSH    R0,[R7, #+0]
   \   00000134   0x.... 0x....      LDR.W    R9,??DataTable5_1
   \   00000138   0x9000             STR      R0,[SP, #+0]
   \   0000013A   0x225A             MOVS     R2,#+90
   \   0000013C   0x2196             MOVS     R1,#+150
   \   0000013E   0xF44F 0x70B9      MOV      R0,#+370
   \   00000142   0x.... 0x....      BL       BUTTON_CreateEx
    144          
    145              if(mksCfg.x_home_dir==1)
   \   00000146   0x.... 0x....      LDR.W    R10,??DataTable5_5
   \   0000014A   0xF99A 0x1005      LDRSB    R1,[R10, #+5]
   \   0000014E   0xF8A9 0x0000      STRH     R0,[R9, #+0]
   \   00000152   0x2901             CMP      R1,#+1
   \   00000154   0xF9B7 0x0004      LDRSH    R0,[R7, #+4]
   \   00000158   0xBF07             ITTEE    EQ 
    146              {
    147                  BUTTON_SetBmpFileName(XHomeDir.btnHandle, "bmp_enable.bin",1); 
   \   0000015A   0x2201             MOVEQ    R2,#+1
   \   0000015C   0x.... 0x....      ADREQ.W  R1,`?<Constant "bmp_enable.bin">`
    148              }
    149              else
    150              {
    151                  BUTTON_SetBmpFileName(XHomeDir.btnHandle, "bmp_disable.bin",1); 
   \   00000160   0x2201             MOVNE    R2,#+1
   \   00000162   0x.... 0x....      ADRNE.W  R1,`?<Constant "bmp_disable.bin">`
   \   00000166   0x.... 0x....      BL       BUTTON_SetBmpFileName
    152              }
    153              
    154              if(mksCfg.y_home_dir==1)
   \   0000016A   0xF99A 0x1006      LDRSB    R1,[R10, #+6]
   \   0000016E   0xF9B7 0x001C      LDRSH    R0,[R7, #+28]
   \   00000172   0x2901             CMP      R1,#+1
   \   00000174   0xBF07             ITTEE    EQ 
    155              {
    156                  BUTTON_SetBmpFileName(YHomeDir.btnHandle, "bmp_enable.bin",1);
   \   00000176   0x2201             MOVEQ    R2,#+1
   \   00000178   0x.... 0x....      ADREQ.W  R1,`?<Constant "bmp_enable.bin">`
    157              }
    158              else
    159              {
    160                   BUTTON_SetBmpFileName(YHomeDir.btnHandle, "bmp_disable.bin",1);
   \   0000017C   0x2201             MOVNE    R2,#+1
   \   0000017E   0x.... 0x....      ADRNE.W  R1,`?<Constant "bmp_disable.bin">`
   \   00000182   0x.... 0x....      BL       BUTTON_SetBmpFileName
    161              }
    162              
    163              if(mksCfg.z_home_dir==1)
   \   00000186   0xF99A 0x1007      LDRSB    R1,[R10, #+7]
   \   0000018A   0xF9B9 0x0000      LDRSH    R0,[R9, #+0]
   \   0000018E   0x2901             CMP      R1,#+1
   \   00000190   0xBF07             ITTEE    EQ 
    164              {
    165                  BUTTON_SetBmpFileName(ZHomeDir.btnHandle, "bmp_enable.bin",1);
   \   00000192   0x2201             MOVEQ    R2,#+1
   \   00000194   0x.... 0x....      ADREQ.W  R1,`?<Constant "bmp_enable.bin">`
    166              }
    167              else
    168              {
    169                  BUTTON_SetBmpFileName(ZHomeDir.btnHandle, "bmp_disable.bin",1);
   \   00000198   0x2201             MOVNE    R2,#+1
   \   0000019A   0x.... 0x....      ADRNE.W  R1,`?<Constant "bmp_disable.bin">`
   \   0000019E   0x.... 0x....      BL       BUTTON_SetBmpFileName
    170              }
    171             
    172              BUTTON_SetBmpFileName(XHomeDir_Text.btnHandle,NULL,1);        
   \   000001A2   0x2100             MOVS     R1,#+0
   \   000001A4   0x2201             MOVS     R2,#+1
   \   000001A6   0x5E60             LDRSH    R0,[R4, R1]
   \   000001A8   0x.... 0x....      BL       BUTTON_SetBmpFileName
    173              BUTTON_SetBmpFileName(YHomeDir_Text.btnHandle,NULL,1);
   \   000001AC   0xF9B4 0x0018      LDRSH    R0,[R4, #+24]
   \   000001B0   0x2201             MOVS     R2,#+1
   \   000001B2   0x2100             MOVS     R1,#+0
   \   000001B4   0x.... 0x....      BL       BUTTON_SetBmpFileName
    174              BUTTON_SetBmpFileName(ZHomeDir_Text.btnHandle,NULL,1);
   \   000001B8   0xF9B4 0x0030      LDRSH    R0,[R4, #+48]
   \   000001BC   0x2201             MOVS     R2,#+1
   \   000001BE   0x2100             MOVS     R1,#+0
   \   000001C0   0x.... 0x....      BL       BUTTON_SetBmpFileName
    175          
    176              BUTTON_SetBitmapEx(XHomeDir.btnHandle,0,&bmp_struct90X30,0,5);//Õº∆¨¥Û–°Œ™90x30
   \   000001C4   0x2005             MOVS     R0,#+5
   \   000001C6   0x9000             STR      R0,[SP, #+0]
   \   000001C8   0x2300             MOVS     R3,#+0
   \   000001CA   0x.... 0x....      LDR.W    R11,??DataTable5_12
   \   000001CE   0xF9B7 0x0004      LDRSH    R0,[R7, #+4]
   \   000001D2   0x465A             MOV      R2,R11
   \   000001D4   0x2100             MOVS     R1,#+0
   \   000001D6   0x.... 0x....      BL       BUTTON_SetBitmapEx
    177              BUTTON_SetBitmapEx(YHomeDir.btnHandle,0,&bmp_struct90X30,0,5);
   \   000001DA   0x2005             MOVS     R0,#+5
   \   000001DC   0x9000             STR      R0,[SP, #+0]
   \   000001DE   0x2300             MOVS     R3,#+0
   \   000001E0   0xF9B7 0x001C      LDRSH    R0,[R7, #+28]
   \   000001E4   0x465A             MOV      R2,R11
   \   000001E6   0x4619             MOV      R1,R3
   \   000001E8   0x.... 0x....      BL       BUTTON_SetBitmapEx
    178              BUTTON_SetBitmapEx(ZHomeDir.btnHandle,0,&bmp_struct90X30,0,5);
   \   000001EC   0x2005             MOVS     R0,#+5
   \   000001EE   0x9000             STR      R0,[SP, #+0]
   \   000001F0   0x2300             MOVS     R3,#+0
   \   000001F2   0xF9B9 0x0000      LDRSH    R0,[R9, #+0]
   \   000001F6   0x465A             MOV      R2,R11
   \   000001F8   0x4619             MOV      R1,R3
   \   000001FA   0x.... 0x....      BL       BUTTON_SetBitmapEx
    179              
    180              BUTTON_SetTextAlign(XHomeDir_Text.btnHandle,GUI_TA_LEFT|GUI_TA_VCENTER );
   \   000001FE   0xF9B4 0x0000      LDRSH    R0,[R4, #+0]
   \   00000202   0x210C             MOVS     R1,#+12
   \   00000204   0x.... 0x....      BL       BUTTON_SetTextAlign
    181              BUTTON_SetTextAlign(YHomeDir_Text.btnHandle,GUI_TA_LEFT|GUI_TA_VCENTER );
   \   00000208   0xF9B4 0x0018      LDRSH    R0,[R4, #+24]
   \   0000020C   0x210C             MOVS     R1,#+12
   \   0000020E   0x.... 0x....      BL       BUTTON_SetTextAlign
    182              BUTTON_SetTextAlign(ZHomeDir_Text.btnHandle,GUI_TA_LEFT|GUI_TA_VCENTER );
   \   00000212   0xF9B4 0x0030      LDRSH    R0,[R4, #+48]
   \   00000216   0x210C             MOVS     R1,#+12
   \   00000218   0x.... 0x....      BL       BUTTON_SetTextAlign
    183          
    184              button_back.btnHandle = BUTTON_CreateEx(400,270,70,40,hHomeDirWnd,BUTTON_CF_SHOW,0,alloc_win_id());
   \   0000021C   0x.... 0x....      BL       alloc_win_id
   \   00000220   0x9003             STR      R0,[SP, #+12]
   \   00000222   0x2328             MOVS     R3,#+40
   \   00000224   0x2000             MOVS     R0,#+0
   \   00000226   0x9002             STR      R0,[SP, #+8]
   \   00000228   0x2246             MOVS     R2,#+70
   \   0000022A   0x2002             MOVS     R0,#+2
   \   0000022C   0x9001             STR      R0,[SP, #+4]
   \   0000022E   0xF44F 0x7187      MOV      R1,#+270
   \   00000232   0xF9B7 0x0000      LDRSH    R0,[R7, #+0]
   \   00000236   0x9000             STR      R0,[SP, #+0]
   \   00000238   0xF44F 0x70C8      MOV      R0,#+400
   \   0000023C   0x.... 0x....      BL       BUTTON_CreateEx
   \   00000240   0xF8A9 0x0018      STRH     R0,[R9, #+24]
    185              
    186              BUTTON_SetBmpFileName(button_back.btnHandle, "bmp_back70x40.bin",1);        
   \   00000244   0x2201             MOVS     R2,#+1
   \   00000246   0x.... 0x....      ADR.W    R1,`?<Constant "bmp_back70x40.bin">`
   \   0000024A   0x.... 0x....      BL       BUTTON_SetBmpFileName
    187              BUTTON_SetBitmapEx(button_back.btnHandle, 0, &bmp_struct70X40,0, 0);
   \   0000024E   0x....             LDR.N    R2,??DataTable5_13
   \   00000250   0x2000             MOVS     R0,#+0
   \   00000252   0x9000             STR      R0,[SP, #+0]
   \   00000254   0x4603             MOV      R3,R0
   \   00000256   0x4601             MOV      R1,R0
   \   00000258   0xF9B9 0x0018      LDRSH    R0,[R9, #+24]
   \   0000025C   0x.... 0x....      BL       BUTTON_SetBitmapEx
    188              BUTTON_SetTextAlign(button_back.btnHandle,GUI_TA_HCENTER|GUI_TA_VCENTER );
   \   00000260   0xF9B9 0x0018      LDRSH    R0,[R9, #+24]
   \   00000264   0x210E             MOVS     R1,#+14
   \   00000266   0x.... 0x....      BL       BUTTON_SetTextAlign
    189              
    190              BUTTON_SetBkColor(button_back.btnHandle, BUTTON_CI_PRESSED, gCfgItems.back_btn_color);
   \   0000026A   0x6BAA             LDR      R2,[R5, #+56]
   \   0000026C   0xF9B9 0x0018      LDRSH    R0,[R9, #+24]
   \   00000270   0x2101             MOVS     R1,#+1
   \   00000272   0x.... 0x....      BL       BUTTON_SetBkColor
    191              BUTTON_SetBkColor(button_back.btnHandle, BUTTON_CI_UNPRESSED, gCfgItems.back_btn_color); 
   \   00000276   0x6BAA             LDR      R2,[R5, #+56]
   \   00000278   0xF9B9 0x0018      LDRSH    R0,[R9, #+24]
   \   0000027C   0x2100             MOVS     R1,#+0
   \   0000027E   0x.... 0x....      BL       BUTTON_SetBkColor
    192              BUTTON_SetTextColor(button_back.btnHandle, BUTTON_CI_PRESSED, gCfgItems.back_btn_textcolor);
   \   00000282   0x6BEA             LDR      R2,[R5, #+60]
   \   00000284   0xF9B9 0x0018      LDRSH    R0,[R9, #+24]
   \   00000288   0x2101             MOVS     R1,#+1
   \   0000028A   0x.... 0x....      BL       BUTTON_SetTextColor
    193              BUTTON_SetTextColor(button_back.btnHandle, BUTTON_CI_UNPRESSED, gCfgItems.back_btn_textcolor); 
   \   0000028E   0x6BEA             LDR      R2,[R5, #+60]
   \   00000290   0xF9B9 0x0018      LDRSH    R0,[R9, #+24]
   \   00000294   0x2100             MOVS     R1,#+0
   \   00000296   0x.... 0x....      BL       BUTTON_SetTextColor
    194          
    195              if(gCfgItems.multiple_language != 0)
   \   0000029A   0xF898 0x01CF      LDRB     R0,[R8, #+463]
   \   0000029E   0x2800             CMP      R0,#+0
   \   000002A0   0xD044             BEQ.N    ??draw_HomeDir_1
    196              {
    197                  BUTTON_SetTextAlign(XHomeDir.btnHandle,GUI_TA_HCENTER|GUI_TA_VCENTER );
   \   000002A2   0xF9B7 0x0004      LDRSH    R0,[R7, #+4]
   \   000002A6   0x210E             MOVS     R1,#+14
   \   000002A8   0x.... 0x....      BL       BUTTON_SetTextAlign
    198                  BUTTON_SetTextAlign(YHomeDir.btnHandle,GUI_TA_HCENTER|GUI_TA_VCENTER );
   \   000002AC   0xF9B7 0x001C      LDRSH    R0,[R7, #+28]
   \   000002B0   0x210E             MOVS     R1,#+14
   \   000002B2   0x.... 0x....      BL       BUTTON_SetTextAlign
    199                  BUTTON_SetTextAlign(ZHomeDir.btnHandle,GUI_TA_HCENTER|GUI_TA_VCENTER );
   \   000002B6   0xF9B9 0x0000      LDRSH    R0,[R9, #+0]
   \   000002BA   0x210E             MOVS     R1,#+14
   \   000002BC   0x.... 0x....      BL       BUTTON_SetTextAlign
    200              
    201                  BUTTON_SetText(XHomeDir_Text.btnHandle, machine_menu.xHomeDir);
   \   000002C0   0x6DB1             LDR      R1,[R6, #+88]
   \   000002C2   0xF9B4 0x0000      LDRSH    R0,[R4, #+0]
   \   000002C6   0x.... 0x....      BL       BUTTON_SetText
    202                  BUTTON_SetText(YHomeDir_Text.btnHandle, machine_menu.yHomeDir);
   \   000002CA   0x6DF1             LDR      R1,[R6, #+92]
   \   000002CC   0xF9B4 0x0018      LDRSH    R0,[R4, #+24]
   \   000002D0   0x.... 0x....      BL       BUTTON_SetText
    203                  BUTTON_SetText(ZHomeDir_Text.btnHandle, machine_menu.zHomeDir);   
   \   000002D4   0x6E31             LDR      R1,[R6, #+96]
   \   000002D6   0xF9B4 0x0030      LDRSH    R0,[R4, #+48]
   \   000002DA   0x.... 0x....      BL       BUTTON_SetText
    204          
    205                  BUTTON_SetText(button_back.btnHandle,common_menu.text_back);
   \   000002DE   0x....             LDR.N    R0,??DataTable5_14
   \   000002E0   0x6801             LDR      R1,[R0, #+0]
   \   000002E2   0xF9B9 0x0018      LDRSH    R0,[R9, #+24]
   \   000002E6   0x.... 0x....      BL       BUTTON_SetText
    206          
    207                  if(mksCfg.x_home_dir==1)
   \   000002EA   0xF99A 0x1005      LDRSB    R1,[R10, #+5]
   \   000002EE   0xF9B7 0x0004      LDRSH    R0,[R7, #+4]
   \   000002F2   0x2901             CMP      R1,#+1
   \   000002F4   0xBF0C             ITE      EQ 
    208                  {
    209                     BUTTON_SetText(XHomeDir.btnHandle, machine_menu.max); 
   \   000002F6   0x6EB1             LDREQ    R1,[R6, #+104]
    210                  }
    211                  else
    212                  {
    213                     BUTTON_SetText(XHomeDir.btnHandle, machine_menu.min); 
   \   000002F8   0x6E71             LDRNE    R1,[R6, #+100]
   \   000002FA   0x.... 0x....      BL       BUTTON_SetText
    214                  }
    215          
    216                  if(mksCfg.y_home_dir==1)
   \   000002FE   0xF99A 0x1006      LDRSB    R1,[R10, #+6]
   \   00000302   0xF9B7 0x001C      LDRSH    R0,[R7, #+28]
   \   00000306   0x2901             CMP      R1,#+1
   \   00000308   0xBF0C             ITE      EQ 
    217                  {
    218                     BUTTON_SetText(YHomeDir.btnHandle, machine_menu.max); 
   \   0000030A   0x6EB1             LDREQ    R1,[R6, #+104]
    219                  }
    220                  else
    221                  {
    222                     BUTTON_SetText(YHomeDir.btnHandle, machine_menu.min); 
   \   0000030C   0x6E71             LDRNE    R1,[R6, #+100]
   \   0000030E   0x.... 0x....      BL       BUTTON_SetText
    223                  } 
    224                  if(mksCfg.z_home_dir==1)
   \   00000312   0xF99A 0x1007      LDRSB    R1,[R10, #+7]
   \   00000316   0xF9B9 0x0000      LDRSH    R0,[R9, #+0]
   \   0000031A   0x2901             CMP      R1,#+1
   \   0000031C   0xBF0C             ITE      EQ 
    225                  {
    226                     BUTTON_SetText(ZHomeDir.btnHandle, machine_menu.max); 
   \   0000031E   0x6EB1             LDREQ    R1,[R6, #+104]
    227                  }
    228                  else
    229                  {
    230                     BUTTON_SetText(ZHomeDir.btnHandle, machine_menu.min); 
   \   00000320   0x6E71             LDRNE    R1,[R6, #+100]
   \   00000322   0xB005             ADD      SP,SP,#+20
   \   00000324   0xE8BD 0x4FF0      POP      {R4-R11,LR}
   \   00000328   0x.... 0x....      B.W      BUTTON_SetText
    231                  }        
    232              }
    233          
    234          
    235          
    236          }
   \                     ??draw_HomeDir_1: (+1)
   \   0000032C   0xB005             ADD      SP,SP,#+20
   \   0000032E   0xE8BD 0x8FF0      POP      {R4-R11,PC}      ;; return
    237          

   \                                 In section .text, align 2, keep-with-next
    238          void Clear_HomeDir()
    239          {
   \                     Clear_HomeDir: (+1)
   \   00000000   0xB510             PUSH     {R4,LR}
    240          	GUI_SetBkColor(gCfgItems.background_color);
   \   00000002   0x....             LDR.N    R0,??DataTable5_4
   \   00000004   0x6940             LDR      R0,[R0, #+20]
   \   00000006   0x.... 0x....      BL       GUI_SetBkColor
    241          	if(WM_IsWindow(hHomeDirWnd))
   \   0000000A   0x....             LDR.N    R4,??DataTable5_2
   \   0000000C   0xF9B4 0x0000      LDRSH    R0,[R4, #+0]
   \   00000010   0x.... 0x....      BL       WM_IsWindow
   \   00000014   0xB128             CBZ.N    R0,??Clear_HomeDir_0
    242          	{
    243          		WM_DeleteWindow(hHomeDirWnd);
   \   00000016   0xF9B4 0x0000      LDRSH    R0,[R4, #+0]
   \   0000001A   0xE8BD 0x4010      POP      {R4,LR}
   \   0000001E   0x.... 0x....      B.W      WM_DeleteWindow
    244          	}
    245          }
   \                     ??Clear_HomeDir_0: (+1)
   \   00000022   0xBD10             POP      {R4,PC}          ;; return

   \                                 In section .text, align 4, keep-with-next
   \                     ??DataTable5:
   \   00000000   0x00FF5449         DC32     0xff5449

   \                                 In section .text, align 4, keep-with-next
   \                     ??DataTable5_1:
   \   00000000   0x........         DC32     ZHomeDir

   \                                 In section .text, align 4, keep-with-next
   \                     ??DataTable5_2:
   \   00000000   0x........         DC32     hHomeDirWnd

   \                                 In section .text, align 4, keep-with-next
   \                     ??DataTable5_3:
   \   00000000   0x........         DC32     last_disp_state

   \                                 In section .text, align 4, keep-with-next
   \                     ??DataTable5_4:
   \   00000000   0x........         DC32     gCfgItems

   \                                 In section .text, align 4, keep-with-next
   \                     ??DataTable5_5:
   \   00000000   0x........         DC32     mksCfg

   \                                 In section .text, align 4, keep-with-next
   \                     ??DataTable5_6:
   \   00000000   0x........         DC32     home_dir_P

   \                                 In section .text, align 4, keep-with-next
   \                     ??DataTable5_7:
   \   00000000   0x........         DC32     machine_menu

   \                                 In section .text, align 4, keep-with-next
   \                     ??DataTable5_8:
   \   00000000   0x........         DC32     disp_state_stack

   \                                 In section .text, align 4, keep-with-next
   \                     ??DataTable5_9:
   \   00000000   0x........         DC32     disp_state

   \                                 In section .text, align 4, keep-with-next
   \                     ??DataTable5_10:
   \   00000000   0x........         DC32     _Z12cbHomeDirWinP10WM_MESSAGE

   \                                 In section .text, align 4, keep-with-next
   \                     ??DataTable5_11:
   \   00000000   0x........         DC32     XHomeDir_Text

   \                                 In section .text, align 4, keep-with-next
   \                     ??DataTable5_12:
   \   00000000   0x........         DC32     bmp_struct90X30

   \                                 In section .text, align 4, keep-with-next
   \                     ??DataTable5_13:
   \   00000000   0x........         DC32     bmp_struct70X40

   \                                 In section .text, align 4, keep-with-next
   \                     ??DataTable5_14:
   \   00000000   0x........         DC32     common_menu

   \                                 In section .text, align 4, keep-with-next
   \                     `?<Constant "bmp_disable.bin">`:
   \   00000000   0x62 0x6D          DC8 "bmp_disable.bin"
   \              0x70 0x5F    
   \              0x64 0x69    
   \              0x73 0x61    
   \              0x62 0x6C    
   \              0x65 0x2E    
   \              0x62 0x69    
   \              0x6E 0x00    

   \                                 In section .text, align 4, keep-with-next
   \                     `?<Constant "bmp_enable.bin">`:
   \   00000000   0x62 0x6D          DC8 "bmp_enable.bin"
   \              0x70 0x5F    
   \              0x65 0x6E    
   \              0x61 0x62    
   \              0x6C 0x65    
   \              0x2E 0x62    
   \              0x69 0x6E    
   \              0x00         
   \   0000000F   0x00               DC8 0

   \                                 In section .text, align 4, keep-with-next
   \                     `?<Constant "bmp_back70x40.bin">`:
   \   00000000   0x62 0x6D          DC8 "bmp_back70x40.bin"
   \              0x70 0x5F    
   \              0x62 0x61    
   \              0x63 0x6B    
   \              0x37 0x30    
   \              0x78 0x34    
   \              0x30 0x2E    
   \              0x62 0x69    
   \              0x6E 0x00    
   \   00000012   0x00 0x00          DC8 0, 0
    246          
    247          
    248          
    249          
    250          

   Maximum stack usage in bytes:

   .cstack Function
   ------- --------
       8   Clear_HomeDir
         8   -> GUI_SetBkColor
         0   -> WM_DeleteWindow
         8   -> WM_IsWindow
      24   cbHomeDirWin(WM_MESSAGE *)
        24   -> BUTTON_SetBmpFileName
        24   -> BUTTON_SetText
         0   -> GUI_FillRect
        24   -> GUI_FillRect
        24   -> GUI_SetBkColor
        24   -> GUI_SetColor
         0   -> WM_DefaultProc
        24   -> WM_DeleteWindow
        24   -> WM_IsWindow
         0   -> draw_return_ui
         0   -> epr_write_data
      56   draw_HomeDir
        56   -> BUTTON_CreateEx
        56   -> BUTTON_SetBitmapEx
        56   -> BUTTON_SetBkColor
        56   -> BUTTON_SetBmpFileName
         0   -> BUTTON_SetText
        56   -> BUTTON_SetText
        56   -> BUTTON_SetTextAlign
        56   -> BUTTON_SetTextColor
        56   -> GUI_Clear
        56   -> GUI_DispStringAt
        56   -> GUI_SetBkColor
        56   -> GUI_SetColor
        56   -> WM_CreateWindow
        56   -> alloc_win_id


   Section sizes:

   Bytes  Function/Label
   -----  --------------
      20  ?<Constant "bmp_back70x40.bin">
      16  ?<Constant "bmp_disable.bin">
      16  ?<Constant "bmp_enable.bin">
       4  ??DataTable5
       4  ??DataTable5_1
       4  ??DataTable5_10
       4  ??DataTable5_11
       4  ??DataTable5_12
       4  ??DataTable5_13
       4  ??DataTable5_14
       4  ??DataTable5_2
       4  ??DataTable5_3
       4  ??DataTable5_4
       4  ??DataTable5_5
       4  ??DataTable5_6
       4  ??DataTable5_7
       4  ??DataTable5_8
       4  ??DataTable5_9
      36  Clear_HomeDir
      72  XHomeDir_Text
          YHomeDir_Text
          ZHomeDir_Text
      48  ZHomeDir
          button_back
     478  cbHomeDirWin(WM_MESSAGE *)
     818  draw_HomeDir
      52  hHomeDirWnd
          XHomeDir
          YHomeDir

 
   172 bytes in section .bss
 1 444 bytes in section .text
 
 1 444 bytes of CODE memory
   172 bytes of DATA memory

Errors: none
Warnings: 19
