###############################################################################
#
# IAR ANSI C/C++ Compiler V7.10.1.6676/W32 for ARM        13/Apr/2020  09:24:23
# Copyright 1999-2014 IAR Systems AB.
#
#    Cpu mode     =  thumb
#    Endian       =  little
#    Source file  =  
#        D:\MKS-Robin-Nano-Firmware-v2.x.x\MKS-Robin-Nano-Firmware\User\ui\draw_more.cpp
#    Command line =  
#        D:\MKS-Robin-Nano-Firmware-v2.x.x\MKS-Robin-Nano-Firmware\User\ui\draw_more.cpp
#        -D USE_HAL_DRIVER -D STM32F103xE -D STM32F10X_HD -D USE_HAL_LIB -D
#        MKS_ROBIN_NANO -D TFT35 -lC
#        D:\MKS-Robin-Nano-Firmware-v2.x.x\MKS-Robin-Nano-Firmware\EWARM\mksRobinNano/List\
#        -lA
#        D:\MKS-Robin-Nano-Firmware-v2.x.x\MKS-Robin-Nano-Firmware\EWARM\mksRobinNano/List\
#        --diag_suppress Pa050 -o
#        D:\MKS-Robin-Nano-Firmware-v2.x.x\MKS-Robin-Nano-Firmware\EWARM\mksRobinNano/Obj\
#        --debug --endian=little --cpu=Cortex-M3 -e --char_is_signed --fpu=None
#        --dlib_config "C:\Program Files (x86)\IAR Systems\Embedded Workbench
#        7.0\arm\INC\c\DLib_Config_Full.h" -I
#        D:\MKS-Robin-Nano-Firmware-v2.x.x\MKS-Robin-Nano-Firmware\EWARM/../Inc\
#        -I
#        D:\MKS-Robin-Nano-Firmware-v2.x.x\MKS-Robin-Nano-Firmware\EWARM/../Src\
#        -I
#        D:\MKS-Robin-Nano-Firmware-v2.x.x\MKS-Robin-Nano-Firmware\EWARM/../Drivers/STM32F1xx_HAL_Driver/Inc\
#        -I
#        D:\MKS-Robin-Nano-Firmware-v2.x.x\MKS-Robin-Nano-Firmware\EWARM/../Drivers/STM32F1xx_HAL_Driver/Inc/Legacy\
#        -I
#        D:\MKS-Robin-Nano-Firmware-v2.x.x\MKS-Robin-Nano-Firmware\EWARM/../Middlewares/Third_Party/FatFs/src/drivers\
#        -I
#        D:\MKS-Robin-Nano-Firmware-v2.x.x\MKS-Robin-Nano-Firmware\EWARM/../Middlewares/ST/STM32_USB_Host_Library/Core/Inc\
#        -I
#        D:\MKS-Robin-Nano-Firmware-v2.x.x\MKS-Robin-Nano-Firmware\EWARM/../Middlewares/ST/STM32_USB_Host_Library/Class/MSC/Inc\
#        -I
#        D:\MKS-Robin-Nano-Firmware-v2.x.x\MKS-Robin-Nano-Firmware\EWARM/../Drivers/CMSIS/Device/ST/STM32F1xx/Include\
#        -I
#        D:\MKS-Robin-Nano-Firmware-v2.x.x\MKS-Robin-Nano-Firmware\EWARM/../Middlewares/Third_Party/FatFs/src\
#        -I
#        D:\MKS-Robin-Nano-Firmware-v2.x.x\MKS-Robin-Nano-Firmware\EWARM/../Middlewares/Third_Party/Marlin\
#        -I
#        D:\MKS-Robin-Nano-Firmware-v2.x.x\MKS-Robin-Nano-Firmware\EWARM/../Drivers/CMSIS/Include\
#        -I
#        D:\MKS-Robin-Nano-Firmware-v2.x.x\MKS-Robin-Nano-Firmware\EWARM/../Drivers/BSP/variant\
#        -I
#        D:\MKS-Robin-Nano-Firmware-v2.x.x\MKS-Robin-Nano-Firmware\EWARM/../Drivers/BSP/Components/at24cxx\
#        -I
#        D:\MKS-Robin-Nano-Firmware-v2.x.x\MKS-Robin-Nano-Firmware\EWARM/../Drivers/BSP/Components/w25qxx\
#        -I
#        D:\MKS-Robin-Nano-Firmware-v2.x.x\MKS-Robin-Nano-Firmware\EWARM/../Drivers/BSP/Components/lcd\
#        -I
#        D:\MKS-Robin-Nano-Firmware-v2.x.x\MKS-Robin-Nano-Firmware\EWARM/../Drivers/STM32F10x_StdPeriph_Driver/inc\
#        -I
#        D:\MKS-Robin-Nano-Firmware-v2.x.x\MKS-Robin-Nano-Firmware\EWARM/../Drivers/libstmf4/include\
#        -I
#        D:\MKS-Robin-Nano-Firmware-v2.x.x\MKS-Robin-Nano-Firmware\EWARM/../Middlewares/arduino/stm32/cores/arduino\
#        -I
#        D:\MKS-Robin-Nano-Firmware-v2.x.x\MKS-Robin-Nano-Firmware\EWARM/../User/ui\
#        -I
#        D:\MKS-Robin-Nano-Firmware-v2.x.x\MKS-Robin-Nano-Firmware\EWARM/../User/ui/Multi_language\
#        -I
#        D:\MKS-Robin-Nano-Firmware-v2.x.x\MKS-Robin-Nano-Firmware\EWARM/../User/ui/QRENCODE\
#        -I
#        D:\MKS-Robin-Nano-Firmware-v2.x.x\MKS-Robin-Nano-Firmware\EWARM\..\Middlewares\GUI\
#        -Oh --eec++ -I "C:\Program Files (x86)\IAR Systems\Embedded Workbench
#        7.0\arm\CMSIS\Include\"
#    List file    =  
#        D:\MKS-Robin-Nano-Firmware-v2.x.x\MKS-Robin-Nano-Firmware\EWARM\mksRobinNano/List\draw_more.lst
#    Object file  =  
#        D:\MKS-Robin-Nano-Firmware-v2.x.x\MKS-Robin-Nano-Firmware\EWARM\mksRobinNano/Obj\draw_more.o
#
###############################################################################

D:\MKS-Robin-Nano-Firmware-v2.x.x\MKS-Robin-Nano-Firmware\User\ui\draw_more.cpp
      1          #include "draw_more.h"
      2          #include "gui.h"
      3          #include "button.h"
      4          #include "draw_ui.h"

  #define UNUSED(x) ((void)(x))
          ^
"D:\MKS-Robin-Nano-Firmware-v2.x.x\MKS-Robin-Nano-Firmware\Drivers\STM32F1xx_HAL_Driver\Inc\stm32f1xx_hal_def.h",87  Warning[Pe047]: 
          incompatible redefinition of macro "UNUSED" (declared at line 101 of
          "D:\MKS-Robin-Nano-Firmware-v2.x.x\MKS-Robin-Nano-Firmware\EWARM/../M
          iddlewares/Third_Party/Marlin\macros.h")

  		volatile volatile float desireBedTempBak;
  		         ^
"D:\MKS-Robin-Nano-Firmware-v2.x.x\MKS-Robin-Nano-Firmware\Inc\mks_cfg.h",626  Warning[Pe083]: 
          type qualifier specified more than once

    #define FILAMENT_CHANGE_TEXT_EN				"Please click <Load> \nor <unload>,After \npinter pause."
            ^
"D:\MKS-Robin-Nano-Firmware-v2.x.x\MKS-Robin-Nano-Firmware\User\ui\Multi_language\Language_en.h",337  Warning[Pe047]: 
          incompatible redefinition of macro "FILAMENT_CHANGE_TEXT_EN"
          (declared at line 315)

  #define DIALOG_UNBIND_PRINTER_CN            "Ëß£Èô§ÁªëÂÆö?"
          ^
"D:\MKS-Robin-Nano-Firmware-v2.x.x\MKS-Robin-Nano-Firmware\User\ui\Multi_language\Language_s_cn.h",408  Warning[Pe047]: 
          incompatible redefinition of macro "DIALOG_UNBIND_PRINTER_CN"
          (declared at line 403)

    #define FILAMENT_CHANGE_TEXT_T_CN				"ÂæÖÊâìÂç∞Ê©üÊö´ÂÅúÂêé,\nË´ãÊåâ<ÈÄ≤Êñô>Êàñ<ÈÄÄÊñô>"
            ^
"D:\MKS-Robin-Nano-Firmware-v2.x.x\MKS-Robin-Nano-Firmware\User\ui\Multi_language\Language_t_cn.h",318  Warning[Pe047]: 
          incompatible redefinition of macro "FILAMENT_CHANGE_TEXT_T_CN"
          (declared at line 304)

    #define FILAMENT_CHANGE_TEXT_RU				"Please click <Load> \nor <unload>,After \npinter pause."
            ^
"D:\MKS-Robin-Nano-Firmware-v2.x.x\MKS-Robin-Nano-Firmware\User\ui\Multi_language\Language_ru.h",134  Warning[Pe047]: 
          incompatible redefinition of macro "FILAMENT_CHANGE_TEXT_RU"
          (declared at line 114)

  #define DIALOG_UNBIND_PRINTER_RU            "Unbind the printer?"
          ^
"D:\MKS-Robin-Nano-Firmware-v2.x.x\MKS-Robin-Nano-Firmware\User\ui\Multi_language\Language_ru.h",231  Warning[Pe047]: 
          incompatible redefinition of macro "DIALOG_UNBIND_PRINTER_RU"
          (declared at line 226)

    #define FILAMENT_CHANGE_TEXT_FR				"Please click <Load> \nor <unload>,After \npinter pause."
            ^
"D:\MKS-Robin-Nano-Firmware-v2.x.x\MKS-Robin-Nano-Firmware\User\ui\Multi_language\Language_fr.h",134  Warning[Pe047]: 
          incompatible redefinition of macro "FILAMENT_CHANGE_TEXT_FR"
          (declared at line 114)

  #define DIALOG_UNBIND_PRINTER_FR        "Unbind the printer?"
          ^
"D:\MKS-Robin-Nano-Firmware-v2.x.x\MKS-Robin-Nano-Firmware\User\ui\Multi_language\Language_fr.h",234  Warning[Pe047]: 
          incompatible redefinition of macro "DIALOG_UNBIND_PRINTER_FR"
          (declared at line 230)

    #define FILAMENT_CHANGE_TEXT_SP				"Please click <Load> \nor <unload>,After \npinter pause."
            ^
"D:\MKS-Robin-Nano-Firmware-v2.x.x\MKS-Robin-Nano-Firmware\User\ui\Multi_language\Language_sp.h",133  Warning[Pe047]: 
          incompatible redefinition of macro "FILAMENT_CHANGE_TEXT_SP"
          (declared at line 114)

    #define FILAMENT_CHANGE_TEXT_IT				"Please click <Load> \nor <unload>,After \npinter pause."
            ^
"D:\MKS-Robin-Nano-Firmware-v2.x.x\MKS-Robin-Nano-Firmware\User\ui\Multi_language\Language_it.h",134  Warning[Pe047]: 
          incompatible redefinition of macro "FILAMENT_CHANGE_TEXT_IT"
          (declared at line 114)

  #define DIALOG_UNBIND_PRINTER_IT                "Unbind the printer?"
          ^
"D:\MKS-Robin-Nano-Firmware-v2.x.x\MKS-Robin-Nano-Firmware\User\ui\Multi_language\Language_it.h",230  Warning[Pe047]: 
          incompatible redefinition of macro "DIALOG_UNBIND_PRINTER_IT"
          (declared at line 225)

  #define FILAMENT_CHANGE_TEXT_JP				"Please click <Load> \nor <unload>,After \npinter pause."
          ^
"D:\MKS-Robin-Nano-Firmware-v2.x.x\MKS-Robin-Nano-Firmware\User\ui\Multi_language\Multi_language.h",899  Warning[Pe047]: 
          incompatible redefinition of macro "FILAMENT_CHANGE_TEXT_JP"
          (declared at line 892)

  #define FILAMENT_CHANGE_TEXT_GN				"Please click <Load> \nor <unload>,After \npinter pause."
          ^
"D:\MKS-Robin-Nano-Firmware-v2.x.x\MKS-Robin-Nano-Firmware\User\ui\Multi_language\Multi_language.h",1107  Warning[Pe047]: 
          incompatible redefinition of macro "FILAMENT_CHANGE_TEXT_GN"
          (declared at line 1101)

  #define Simple_Dec"ºı…Ÿ"
                    ^
"D:\MKS-Robin-Nano-Firmware-v2.x.x\MKS-Robin-Nano-Firmware\User\ui\draw_ui.h",666  Warning[Pe1649]: 
          white space is required between the macro name "Simple_Dec" and its
          replacement text

  #define Simple_Speed "ÀŸ∂»"
          ^
"D:\MKS-Robin-Nano-Firmware-v2.x.x\MKS-Robin-Nano-Firmware\User\ui\draw_ui.h",721  Warning[Pe047]: 
          incompatible redefinition of macro "Simple_Speed" (declared at line
          718)

  #define Complex_Speed "ÀŸ∂»"
          ^
"D:\MKS-Robin-Nano-Firmware-v2.x.x\MKS-Robin-Nano-Firmware\User\ui\draw_ui.h",722  Warning[Pe047]: 
          incompatible redefinition of macro "Complex_Speed" (declared at line
          719)
      5          //#include "printer.h"
      6          #include "fontLib.h"
      7          //#include "gcode.h"
      8          #include "stdint.h"
      9          #include "pic_manager.h"
     10          #include "spi_flash.h"

  #define IS_SPI_DIRECTION_MODE(MODE) (((MODE) == SPI_Direction_2Lines_FullDuplex) || \
          ^
"D:\MKS-Robin-Nano-Firmware-v2.x.x\MKS-Robin-Nano-Firmware\Drivers\STM32F10x_StdPeriph_Driver\inc\stm32f10x_spi.h",132  Warning[Pe047]: 
          incompatible redefinition of macro "IS_SPI_DIRECTION_MODE" (declared
          at line 466 of
          "D:\MKS-Robin-Nano-Firmware-v2.x.x\MKS-Robin-Nano-Firmware\Drivers\ST
          M32F1xx_HAL_Driver\Inc\stm32f1xx_hal_spi.h")

  #define IS_SPI_MODE(MODE) (((MODE) == SPI_Mode_Master) || \
          ^
"D:\MKS-Robin-Nano-Firmware-v2.x.x\MKS-Robin-Nano-Firmware\Drivers\STM32F10x_StdPeriph_Driver\inc\stm32f10x_spi.h",146  Warning[Pe047]: 
          incompatible redefinition of macro "IS_SPI_MODE" (declared at line
          459 of
          "D:\MKS-Robin-Nano-Firmware-v2.x.x\MKS-Robin-Nano-Firmware\Drivers\ST
          M32F1xx_HAL_Driver\Inc\stm32f1xx_hal_spi.h")

  #define IS_SPI_DATASIZE(DATASIZE) (((DATASIZE) == SPI_DataSize_16b) || \
          ^
"D:\MKS-Robin-Nano-Firmware-v2.x.x\MKS-Robin-Nano-Firmware\Drivers\STM32F10x_StdPeriph_Driver\inc\stm32f10x_spi.h",158  Warning[Pe047]: 
          incompatible redefinition of macro "IS_SPI_DATASIZE" (declared at
          line 488 of
          "D:\MKS-Robin-Nano-Firmware-v2.x.x\MKS-Robin-Nano-Firmware\Drivers\ST
          M32F1xx_HAL_Driver\Inc\stm32f1xx_hal_spi.h")

  #define IS_SPI_CPOL(CPOL) (((CPOL) == SPI_CPOL_Low) || \
          ^
"D:\MKS-Robin-Nano-Firmware-v2.x.x\MKS-Robin-Nano-Firmware\Drivers\STM32F10x_StdPeriph_Driver\inc\stm32f10x_spi.h",170  Warning[Pe047]: 
          incompatible redefinition of macro "IS_SPI_CPOL" (declared at line
          496 of
          "D:\MKS-Robin-Nano-Firmware-v2.x.x\MKS-Robin-Nano-Firmware\Drivers\ST
          M32F1xx_HAL_Driver\Inc\stm32f1xx_hal_spi.h")

  #define IS_SPI_CPHA(CPHA) (((CPHA) == SPI_CPHA_1Edge) || \
          ^
"D:\MKS-Robin-Nano-Firmware-v2.x.x\MKS-Robin-Nano-Firmware\Drivers\STM32F10x_StdPeriph_Driver\inc\stm32f10x_spi.h",182  Warning[Pe047]: 
          incompatible redefinition of macro "IS_SPI_CPHA" (declared at line
          504 of
          "D:\MKS-Robin-Nano-Firmware-v2.x.x\MKS-Robin-Nano-Firmware\Drivers\ST
          M32F1xx_HAL_Driver\Inc\stm32f1xx_hal_spi.h")

  #define IS_SPI_NSS(NSS) (((NSS) == SPI_NSS_Soft) || \
          ^
"D:\MKS-Robin-Nano-Firmware-v2.x.x\MKS-Robin-Nano-Firmware\Drivers\STM32F10x_StdPeriph_Driver\inc\stm32f10x_spi.h",194  Warning[Pe047]: 
          incompatible redefinition of macro "IS_SPI_NSS" (declared at line
          512 of
          "D:\MKS-Robin-Nano-Firmware-v2.x.x\MKS-Robin-Nano-Firmware\Drivers\ST
          M32F1xx_HAL_Driver\Inc\stm32f1xx_hal_spi.h")

  #define IS_SPI_BAUDRATE_PRESCALER(PRESCALER) (((PRESCALER) == SPI_BaudRatePrescaler_2) || \
          ^
"D:\MKS-Robin-Nano-Firmware-v2.x.x\MKS-Robin-Nano-Firmware\Drivers\STM32F10x_StdPeriph_Driver\inc\stm32f10x_spi.h",212  Warning[Pe047]: 
          incompatible redefinition of macro "IS_SPI_BAUDRATE_PRESCALER"
          (declared at line 521 of
          "D:\MKS-Robin-Nano-Firmware-v2.x.x\MKS-Robin-Nano-Firmware\Drivers\ST
          M32F1xx_HAL_Driver\Inc\stm32f1xx_hal_spi.h")

  #define IS_SPI_FIRST_BIT(BIT) (((BIT) == SPI_FirstBit_MSB) || \
          ^
"D:\MKS-Robin-Nano-Firmware-v2.x.x\MKS-Robin-Nano-Firmware\Drivers\STM32F10x_StdPeriph_Driver\inc\stm32f10x_spi.h",230  Warning[Pe047]: 
          incompatible redefinition of macro "IS_SPI_FIRST_BIT" (declared at
          line 535 of
          "D:\MKS-Robin-Nano-Firmware-v2.x.x\MKS-Robin-Nano-Firmware\Drivers\ST
          M32F1xx_HAL_Driver\Inc\stm32f1xx_hal_spi.h")

  #define SPI_FLAG_CRCERR                 ((uint16_t)0x0010)
          ^
"D:\MKS-Robin-Nano-Firmware-v2.x.x\MKS-Robin-Nano-Firmware\Drivers\STM32F10x_StdPeriph_Driver\inc\stm32f10x_spi.h",408  Warning[Pe047]: 
          incompatible redefinition of macro "SPI_FLAG_CRCERR" (declared at
          line 308 of
          "D:\MKS-Robin-Nano-Firmware-v2.x.x\MKS-Robin-Nano-Firmware\Drivers\ST
          M32F1xx_HAL_Driver\Inc\stm32f1xx_hal_spi.h")

  #define SPI_FLAG_MODF                   ((uint16_t)0x0020)
          ^
"D:\MKS-Robin-Nano-Firmware-v2.x.x\MKS-Robin-Nano-Firmware\Drivers\STM32F10x_StdPeriph_Driver\inc\stm32f10x_spi.h",409  Warning[Pe047]: 
          incompatible redefinition of macro "SPI_FLAG_MODF" (declared at line
          309 of
          "D:\MKS-Robin-Nano-Firmware-v2.x.x\MKS-Robin-Nano-Firmware\Drivers\ST
          M32F1xx_HAL_Driver\Inc\stm32f1xx_hal_spi.h")

  #define IS_SPI_CRC_POLYNOMIAL(POLYNOMIAL) ((POLYNOMIAL) >= 0x1)
          ^
"D:\MKS-Robin-Nano-Firmware-v2.x.x\MKS-Robin-Nano-Firmware\Drivers\STM32F10x_StdPeriph_Driver\inc\stm32f10x_spi.h",425  Warning[Pe047]: 
          incompatible redefinition of macro "IS_SPI_CRC_POLYNOMIAL" (declared
          at line 558 of
          "D:\MKS-Robin-Nano-Firmware-v2.x.x\MKS-Robin-Nano-Firmware\Drivers\ST
          M32F1xx_HAL_Driver\Inc\stm32f1xx_hal_spi.h")

  #else defined(MKS_ROBIN_NANO)
        ^
"D:\MKS-Robin-Nano-Firmware-v2.x.x\MKS-Robin-Nano-Firmware\Drivers\BSP\Components\w25qxx\spi_flash.h",40  Warning[Pe014]: 
          extra text after expected end of preprocessing directive
     11          //#include "mks_tft_fifo.h"
     12          #include "draw_zoffset.h"
     13          #ifndef GUI_FLASH
     14          #define GUI_FLASH
     15          #endif
     16          

   \                                 In section .bss, align 4
     17          static BUTTON_STRUCT buttonzoffset,buttonCustom1, buttonCustom2, buttonCustom3, buttonCustom4, buttonCustom5, buttonCustom6, buttonCustom7,  buttonRet;
   \                     buttonCustom3:
   \   00000000                      DS8 24
   \   00000018                      DS8 24

   \                                 In section .bss, align 4
   \                     buttonCustom5:
   \   00000000                      DS8 24
   \   00000018                      DS8 24

   \                                 In section .bss, align 4
   \                     buttonCustom7:
   \   00000000                      DS8 24
   \   00000018                      DS8 24
     18          GUI_HWIN hMoreWnd;
     19          
     20          extern GUI_FLASH const GUI_FONT GUI_FontHZ_fontHz18;
     21          //extern TFT_FIFO gcodeCmdTxFIFO;		//gcode ÷∏¡Ó∑¢ÀÕ∂”¡–
     22          //extern TFT_FIFO gcodeCmdRxFIFO;		//gcode	÷∏¡ÓΩ” ’∂”¡–
     23          
     24          /*
     25          extern char cmd1_code[200];
     26          extern char cmd2_code[200];
     27          extern char cmd3_code[200];
     28          extern char cmd4_code[200];
     29          extern char cmd5_code[200];
     30          extern char cmd6_code[200];
     31          extern char cmd7_code[200];
     32          */
     33          extern char cmd_code[201];
     34          
     35          /*
     36          unsigned char codebuff[100];
     37          unsigned char x[1]={0};
     38          volatile unsigned char *codebufpoint = x;
     39          */

   \                                 In section .bss, align 4
     40          unsigned char codebuff[100];              //**
   \                     codebuff:
   \   00000000                      DS8 100

   \                                 In section .bss, align 1
     41          char x[1]={0};
   \                     x:
   \   00000000                      DS8 1

   \                                 In section .data, align 4
   \                     hMoreWnd:
   \   00000000   0x00 0x00          DC8 0, 0
   \   00000002   0x00 0x00          DC8 0, 0
   \   00000004   0x00 0x00          DC8 0, 0, 0, 0, 0, 0, 0, 0, 0, 0, 0, 0, 0, 0, 0, 0
   \              0x00 0x00    
   \              0x00 0x00    
   \              0x00 0x00    
   \              0x00 0x00    
   \              0x00 0x00    
   \              0x00 0x00    
   \              0x00 0x00    
   \   00000014   0x00 0x00          DC8 0, 0, 0, 0, 0, 0, 0, 0
   \              0x00 0x00    
   \              0x00 0x00    
   \              0x00 0x00    
   \   0000001C   0x00 0x00          DC8 0, 0, 0, 0, 0, 0, 0, 0, 0, 0, 0, 0, 0, 0, 0, 0
   \              0x00 0x00    
   \              0x00 0x00    
   \              0x00 0x00    
   \              0x00 0x00    
   \              0x00 0x00    
   \              0x00 0x00    
   \              0x00 0x00    
   \   0000002C   0x00 0x00          DC8 0, 0, 0, 0, 0, 0, 0, 0
   \              0x00 0x00    
   \              0x00 0x00    
   \              0x00 0x00    
   \   00000034   0x00 0x00          DC8 0, 0, 0, 0, 0, 0, 0, 0, 0, 0, 0, 0, 0, 0, 0, 0
   \              0x00 0x00    
   \              0x00 0x00    
   \              0x00 0x00    
   \              0x00 0x00    
   \              0x00 0x00    
   \              0x00 0x00    
   \              0x00 0x00    
   \   00000044   0x00 0x00          DC8 0, 0, 0, 0, 0, 0, 0, 0
   \              0x00 0x00    
   \              0x00 0x00    
   \              0x00 0x00    
     42          volatile char *codebufpoint = x;
   \                     codebufpoint:
   \   0000004C   0x........         DC32 x
     43          extern int X_ADD,X_INTERVAL;   //**Õº∆¨º‰∏Ù
     44          
     45          #if tan_mask
     46          //void pushButtonCodeToFifo(uint8_t *buttoncode)
     47          void pushButtonCodeToFifo(void)
     48          {
     49          	uint8_t i = 0,j;
     50          #if 1	
     51          	while(*(codebufpoint) != '\0')
     52          	{
     53          		memset(codebuff,0,sizeof(codebuff));
     54          		
     55          		while(*(codebufpoint) != 0x3b)//√¸¡Ó––“‘∑÷∫≈Œ™Ω· ¯∑˚°£
     56          		{
     57          			codebuff[i] = *codebufpoint;
     58          			i++;
     59          			codebufpoint++;
     60          		}
     61          		
     62          		codebuff[i] = '\n';
     63          		
     64          		codebufpoint += 1;		
     65          		if(checkFIFO(&gcodeCmdTxFIFO) != fifo_full)
     66          		{
     67          			pushFIFO(&gcodeCmdTxFIFO, codebuff);
     68          		}
     69          		else
     70          		{
     71          			codebufpoint = codebufpoint - i - 1;
     72          			break;
     73          		}
     74          		i = 0;
     75          	}
     76          #endif
     77          	
     78          }
     79          #endif

   \                                 In section .text, align 2, keep-with-next
     80          static void cbMoreWin(WM_MESSAGE * pMsg) {
     81          
     82          	//unsigned char codebuff[100];
     83          	uint8_t *codebuffpointer;
                 	         ^
Warning[Pe177]: variable "codebuffpointer" was declared but never referenced
     84          	unsigned char i = 0,j = 0;
                 	              ^
Warning[Pe177]: variable "i" was declared but never referenced

  	unsigned char i = 0,j = 0;
  	                    ^
"D:\MKS-Robin-Nano-Firmware-v2.x.x\MKS-Robin-Nano-Firmware\User\ui\draw_more.cpp",84  Warning[Pe177]: 
          variable "j" was declared but never referenced
     85          	
     86          	struct PressEvt *press_event;
                 	                 ^
Warning[Pe550]: variable "press_event" was set but never used
     87          	//char buf[30] = {0};
     88          
     89          	switch (pMsg->MsgId) {
   \                     _Z9cbMoreWinP10WM_MESSAGE: (+1)
   \   00000000   0x6801             LDR      R1,[R0, #+0]
   \   00000002   0x290C             CMP      R1,#+12
   \   00000004   0xD100             BNE.N    ??cbMoreWin_0
   \   00000006   0x4770             BX       LR
   \                     ??cbMoreWin_0: (+1)
   \   00000008   0xB538             PUSH     {R3-R5,LR}
   \   0000000A   0x290D             CMP      R1,#+13
   \   0000000C   0xBF18             IT       NE 
   \   0000000E   0x290F             CMPNE    R1,#+15
   \   00000010   0xD074             BEQ.N    ??cbMoreWin_1
   \   00000012   0x2926             CMP      R1,#+38
   \   00000014   0xD16E             BNE.N    ??cbMoreWin_2
     90          	case WM_PAINT:
     91          	//GUI_SetBkColor(GUI_BLACK);
     92          	//	GUI_Clear();
     93          	//GUI_DispString("window");
     94          		break;
     95          	case WM_TOUCH:
     96          	 	press_event = (struct PressEvt *)pMsg->Data.p;
     97          		
     98          		break;
     99          	case WM_TOUCH_CHILD:
    100          	  press_event = (struct PressEvt *)pMsg->Data.p;
    101          		
    102          	  break;
    103          
    104          	case WM_NOTIFY_PARENT:
    105          		if(pMsg->Data.v == WM_NOTIFICATION_RELEASED)
   \   00000016   0x6881             LDR      R1,[R0, #+8]
   \   00000018   0x2902             CMP      R1,#+2
   \   0000001A   0xD16F             BNE.N    ??cbMoreWin_1
    106          		{	
    107          			press_event = (struct PressEvt *)pMsg->Data.p;
    108          
    109          		
    110          			if(pMsg->hWinSrc == buttonCustom1.btnHandle)
   \   0000001C   0x.... 0x....      LDR.W    R4,??DataTable10
   \   00000020   0xF9B0 0x0006      LDRSH    R0,[R0, #+6]
   \   00000024   0xF9B4 0x101C      LDRSH    R1,[R4, #+28]
   \   00000028   0x4288             CMP      R0,R1
   \   0000002A   0xD104             BNE.N    ??cbMoreWin_3
    111          			{
    112          				SPI_FLASH_BufferRead((u8 *)cmd_code,BUTTON_CMD1_ADDR,201);
   \   0000002C   0x.... 0x....      LDR.W    R5,??DataTable10_1
   \   00000030   0x22C9             MOVS     R2,#+201
   \   00000032   0x2104             MOVS     R1,#+4
   \   00000034   0xE03F             B.N      ??cbMoreWin_4
    113          				codebufpoint = cmd_code;
    114          			}
    115          			else if(pMsg->hWinSrc == buttonCustom2.btnHandle)
   \                     ??cbMoreWin_3: (+1)
   \   00000036   0xF9B4 0x1034      LDRSH    R1,[R4, #+52]
   \   0000003A   0x4288             CMP      R0,R1
   \   0000003C   0xD104             BNE.N    ??cbMoreWin_5
    116          			{
    117          				SPI_FLASH_BufferRead((u8 *)cmd_code,BUTTON_CMD2_ADDR,201);
   \   0000003E   0x.... 0x....      LDR.W    R5,??DataTable10_1
   \   00000042   0x22C9             MOVS     R2,#+201
   \   00000044   0x21D0             MOVS     R1,#+208
   \   00000046   0xE036             B.N      ??cbMoreWin_4
    118          				codebufpoint = cmd_code;
    119          
    120          			}
    121          			else if(pMsg->hWinSrc == buttonCustom3.btnHandle)
   \                     ??cbMoreWin_5: (+1)
   \   00000048   0x.... 0x....      LDR.W    R1,??DataTable10_2
   \   0000004C   0xF9B1 0x2000      LDRSH    R2,[R1, #+0]
   \   00000050   0x4290             CMP      R0,R2
   \   00000052   0xD105             BNE.N    ??cbMoreWin_6
    122          			{
    123          				SPI_FLASH_BufferRead((u8 *)cmd_code,BUTTON_CMD3_ADDR,201);
   \   00000054   0x.... 0x....      LDR.W    R5,??DataTable10_1
   \   00000058   0x22C9             MOVS     R2,#+201
   \   0000005A   0xF44F 0x71CE      MOV      R1,#+412
   \   0000005E   0xE02A             B.N      ??cbMoreWin_4
    124          				codebufpoint = cmd_code;				
    125          			}
    126          			else if(pMsg->hWinSrc == buttonCustom4.btnHandle)
   \                     ??cbMoreWin_6: (+1)
   \   00000060   0xF9B1 0x1018      LDRSH    R1,[R1, #+24]
   \   00000064   0x4288             CMP      R0,R1
   \   00000066   0xD105             BNE.N    ??cbMoreWin_7
    127          			{
    128          				SPI_FLASH_BufferRead((u8 *)cmd_code,BUTTON_CMD4_ADDR,201);
   \   00000068   0x.... 0x....      LDR.W    R5,??DataTable10_1
   \   0000006C   0x22C9             MOVS     R2,#+201
   \   0000006E   0xF44F 0x711A      MOV      R1,#+616
   \   00000072   0xE020             B.N      ??cbMoreWin_4
    129          				codebufpoint = cmd_code;
    130          
    131          			}
    132          			else if(pMsg->hWinSrc == buttonCustom5.btnHandle)
   \                     ??cbMoreWin_7: (+1)
   \   00000074   0x.... 0x....      LDR.W    R1,??DataTable10_3
   \   00000078   0xF9B1 0x2000      LDRSH    R2,[R1, #+0]
   \   0000007C   0x4290             CMP      R0,R2
   \   0000007E   0xD105             BNE.N    ??cbMoreWin_8
    133          			{
    134          				SPI_FLASH_BufferRead((u8 *)cmd_code,BUTTON_CMD5_ADDR,201);
   \   00000080   0x.... 0x....      LDR.W    R5,??DataTable10_1
   \   00000084   0x22C9             MOVS     R2,#+201
   \   00000086   0xF44F 0x714D      MOV      R1,#+820
   \   0000008A   0xE014             B.N      ??cbMoreWin_4
    135          				codebufpoint = cmd_code;
    136          
    137          			}
    138          			else if(pMsg->hWinSrc == buttonCustom6.btnHandle)
   \                     ??cbMoreWin_8: (+1)
   \   0000008C   0xF9B1 0x1018      LDRSH    R1,[R1, #+24]
   \   00000090   0x4288             CMP      R0,R1
   \   00000092   0xD105             BNE.N    ??cbMoreWin_9
    139          			{
    140          				SPI_FLASH_BufferRead((u8 *)cmd_code,BUTTON_CMD6_ADDR,201);
   \   00000094   0x.... 0x....      LDR.W    R5,??DataTable10_1
   \   00000098   0x22C9             MOVS     R2,#+201
   \   0000009A   0xF44F 0x6180      MOV      R1,#+1024
   \   0000009E   0xE00A             B.N      ??cbMoreWin_4
    141          				codebufpoint = cmd_code;
    142          
    143          			}
    144          			else if(pMsg->hWinSrc == buttonCustom7.btnHandle)
   \                     ??cbMoreWin_9: (+1)
   \   000000A0   0x.... 0x....      LDR.W    R1,??DataTable10_4
   \   000000A4   0xF9B1 0x2000      LDRSH    R2,[R1, #+0]
   \   000000A8   0x4290             CMP      R0,R2
   \   000000AA   0xD109             BNE.N    ??cbMoreWin_10
    145          			{
    146          				SPI_FLASH_BufferRead((u8 *)cmd_code,BUTTON_CMD7_ADDR,201);
   \   000000AC   0x.... 0x....      LDR.W    R5,??DataTable10_1
   \   000000B0   0x22C9             MOVS     R2,#+201
   \   000000B2   0xF240 0x41CC      MOVW     R1,#+1228
   \                     ??cbMoreWin_4: (+1)
   \   000000B6   0x4628             MOV      R0,R5
   \   000000B8   0x.... 0x....      BL       SPI_FLASH_BufferRead
    147          				codebufpoint = cmd_code;
   \   000000BC   0x64E5             STR      R5,[R4, #+76]
   \   000000BE   0xBD31             POP      {R0,R4,R5,PC}
    148          
    149          			}			
    150          #if tan_mask
    151          			else if(pMsg->hWinSrc == buttonzoffset.btnHandle)
    152          			{
    153          				last_disp_state = MORE_UI;
    154          				Clear_more();
    155          				draw_Zoffset();
    156          
    157          			}	
    158          #endif
    159          			else if(pMsg->hWinSrc == buttonRet.btnHandle)
   \                     ??cbMoreWin_10: (+1)
   \   000000C0   0xF9B1 0x1018      LDRSH    R1,[R1, #+24]
   \   000000C4   0x4288             CMP      R0,R1
   \   000000C6   0xD119             BNE.N    ??cbMoreWin_1
    160          			{
    161          				last_disp_state = MORE_UI;
   \   000000C8   0x.... 0x....      LDR.W    R1,??DataTable10_5
   \   000000CC   0x2017             MOVS     R0,#+23
   \   000000CE   0x7008             STRB     R0,[R1, #+0]
    162          				Clear_more();
   \   000000D0   0x.... 0x....      LDR.W    R0,??DataTable10_6
   \   000000D4   0x6940             LDR      R0,[R0, #+20]
   \   000000D6   0x.... 0x....      BL       GUI_SetBkColor
   \   000000DA   0xF9B4 0x0000      LDRSH    R0,[R4, #+0]
   \   000000DE   0x.... 0x....      BL       WM_IsWindow
   \   000000E2   0xB118             CBZ.N    R0,??cbMoreWin_11
   \   000000E4   0xF9B4 0x0000      LDRSH    R0,[R4, #+0]
   \   000000E8   0x.... 0x....      BL       WM_DeleteWindow
    163          				draw_return_ui();		
   \                     ??cbMoreWin_11: (+1)
   \   000000EC   0xE8BD 0x4031      POP      {R0,R4,R5,LR}
   \   000000F0   0x.... 0x....      B.W      draw_return_ui
    164          			}
    165          
    166          		}
    167          		break;
    168          	default:
    169          	WM_DefaultProc(pMsg);
   \                     ??cbMoreWin_2: (+1)
   \   000000F4   0xE8BD 0x4032      POP      {R1,R4,R5,LR}
   \   000000F8   0x.... 0x....      B.W      WM_DefaultProc
    170          	}
    171          }
   \                     ??cbMoreWin_1: (+1)
   \   000000FC   0xBD31             POP      {R0,R4,R5,PC}    ;; return
    172          
    173          

   \                                 In section .text, align 4, keep-with-next
    174          void draw_More()
    175          {
   \                     draw_More: (+1)
   \   00000000   0xE92D 0x47F0      PUSH     {R4-R10,LR}
    176          if(disp_state_stack._disp_state[disp_state_stack._disp_index] != MORE_UI)
   \   00000004   0x.... 0x....      LDR.W    R0,??DataTable10_7
   \   00000008   0xF990 0x1064      LDRSB    R1,[R0, #+100]
   \   0000000C   0xB084             SUB      SP,SP,#+16
   \   0000000E   0x560A             LDRSB    R2,[R1, R0]
   \   00000010   0x2A17             CMP      R2,#+23
   \   00000012   0xD005             BEQ.N    ??draw_More_2
    177          	{
    178          		disp_state_stack._disp_index++;
   \   00000014   0x1C49             ADDS     R1,R1,#+1
   \   00000016   0xF880 0x1064      STRB     R1,[R0, #+100]
    179          		disp_state_stack._disp_state[disp_state_stack._disp_index] = MORE_UI;
   \   0000001A   0x2217             MOVS     R2,#+23
   \   0000001C   0xB249             SXTB     R1,R1
   \   0000001E   0x540A             STRB     R2,[R1, R0]
    180          	}
    181          	disp_state = MORE_UI;
   \                     ??draw_More_2: (+1)
   \   00000020   0x2017             MOVS     R0,#+23
   \   00000022   0x.... 0x....      LDR.W    R1,??DataTable10_8
    182          	
    183          	//GUI_SetFont(&GUI_Font8x18);
    184          	GUI_SetBkColor(gCfgItems.background_color);
   \   00000026   0x.... 0x....      LDR.W    R4,??DataTable10_6
   \   0000002A   0x7008             STRB     R0,[R1, #+0]
   \   0000002C   0x6960             LDR      R0,[R4, #+20]
   \   0000002E   0x.... 0x....      BL       GUI_SetBkColor
    185          	GUI_SetColor(gCfgItems.title_color);
   \   00000032   0x69A0             LDR      R0,[R4, #+24]
   \   00000034   0x.... 0x....      BL       GUI_SetColor
    186          	GUI_Clear();
   \   00000038   0x.... 0x....      BL       GUI_Clear
    187          	#if 0
    188          	//GUI_SetFont(&FONT_TITLE);
    189          	if(gCfgItems.language == LANG_COMPLEX_CHINESE)
    190          	{
    191          		GUI_SetFont(&GUI_FontHZ16);
    192          	}
    193          	else if(gCfgItems.language == LANG_SIMPLE_CHINESE)
    194          	{
    195          		GUI_SetFont(&FONT_TITLE);
    196          	}
    197          	else
    198          	{
    199          		GUI_SetFont(&GUI_FontHZ_fontHz18);
    200          	}
    201          #endif
    202          
    203          	GUI_DispStringAt(creat_title_text(),  TITLE_XPOS, TITLE_YPOS);
   \   0000003C   0x.... 0x....      BL       creat_title_text
   \   00000040   0x2205             MOVS     R2,#+5
   \   00000042   0x2103             MOVS     R1,#+3
   \   00000044   0x.... 0x....      BL       GUI_DispStringAt
    204          	
    205          
    206          	hMoreWnd = WM_CreateWindow(0, titleHeight, LCD_WIDTH, imgHeight, WM_CF_SHOW, cbMoreWin, 0);
   \   00000048   0x2000             MOVS     R0,#+0
   \   0000004A   0x9002             STR      R0,[SP, #+8]
   \   0000004C   0xF44F 0x738E      MOV      R3,#+284
   \   00000050   0x.... 0x....      LDR.W    R0,??DataTable10_9
   \   00000054   0x.... 0x....      LDR.W    R5,??DataTable10
   \   00000058   0x9001             STR      R0,[SP, #+4]
   \   0000005A   0xF44F 0x72F0      MOV      R2,#+480
   \   0000005E   0x2002             MOVS     R0,#+2
   \   00000060   0x9000             STR      R0,[SP, #+0]
   \   00000062   0x2124             MOVS     R1,#+36
   \   00000064   0x2000             MOVS     R0,#+0
   \   00000066   0x.... 0x....      BL       WM_CreateWindow
   \   0000006A   0x8028             STRH     R0,[R5, #+0]
    207          	if(gCfgItems.zoffset_display_flg == 1)
   \   0000006C   0xF204 0x16CF      ADDW     R6,R4,#+463
   \   00000070   0x.... 0x....      LDR.W    R10,??DataTable10_10
   \   00000074   0x7A70             LDRB     R0,[R6, #+9]
   \   00000076   0x.... 0x....      LDR.W    R8,??DataTable10_11
   \   0000007A   0x.... 0x....      LDR.W    R9,??DataTable10_12
   \   0000007E   0x2801             CMP      R0,#+1
   \   00000080   0xF040 0x80EE      BNE.W    ??draw_More_3
    208          	{
    209          		buttonzoffset.btnHandle= BUTTON_CreateEx(INTERVAL_V, 0,BTN_X_PIXEL, BTN_Y_PIXEL,hMoreWnd, BUTTON_CF_SHOW, 0, alloc_win_id());
   \   00000084   0x.... 0x....      BL       alloc_win_id
   \   00000088   0x9003             STR      R0,[SP, #+12]
   \   0000008A   0x238C             MOVS     R3,#+140
   \   0000008C   0x2000             MOVS     R0,#+0
   \   0000008E   0x9002             STR      R0,[SP, #+8]
   \   00000090   0x2275             MOVS     R2,#+117
   \   00000092   0x2002             MOVS     R0,#+2
   \   00000094   0x9001             STR      R0,[SP, #+4]
   \   00000096   0x2100             MOVS     R1,#+0
   \   00000098   0xF9B5 0x0000      LDRSH    R0,[R5, #+0]
   \   0000009C   0x9000             STR      R0,[SP, #+0]
   \   0000009E   0x2002             MOVS     R0,#+2
   \   000000A0   0x.... 0x....      BL       BUTTON_CreateEx
   \   000000A4   0x80A8             STRH     R0,[R5, #+4]
    210          		BUTTON_SetBmpFileName(buttonzoffset.btnHandle, "bmp_zoffset.bin",1);
   \   000000A6   0x2201             MOVS     R2,#+1
   \   000000A8   0x.... 0x....      ADR.W    R1,`?<Constant "bmp_zoffset.bin">`
   \   000000AC   0x.... 0x....      BL       BUTTON_SetBmpFileName
    211          		BUTTON_SetBitmapEx(buttonzoffset.btnHandle, 0, &bmp_struct, BMP_PIC_X, BMP_PIC_Y);
   \   000000B0   0xF999 0x0000      LDRSB    R0,[R9, #+0]
   \   000000B4   0xF998 0x3000      LDRSB    R3,[R8, #+0]
   \   000000B8   0x9000             STR      R0,[SP, #+0]
   \   000000BA   0x4652             MOV      R2,R10
   \   000000BC   0xF9B5 0x0004      LDRSH    R0,[R5, #+4]
   \   000000C0   0x2100             MOVS     R1,#+0
   \   000000C2   0x.... 0x....      BL       BUTTON_SetBitmapEx
    212          		if(gCfgItems.MoreItem_pic_cnt > 6)
   \   000000C6   0xF894 0x00E4      LDRB     R0,[R4, #+228]
   \   000000CA   0x2807             CMP      R0,#+7
   \   000000CC   0xDB03             BLT.N    ??draw_More_4
    213          			gCfgItems.MoreItem_pic_cnt = 6;
   \   000000CE   0x2006             MOVS     R0,#+6
   \   000000D0   0xF884 0x00E4      STRB     R0,[R4, #+228]
   \   000000D4   0xE00B             B.N      ??draw_More_5
    214          		
    215          		switch(gCfgItems.MoreItem_pic_cnt)
   \                     ??draw_More_4: (+1)
   \   000000D6   0x1E40             SUBS     R0,R0,#+1
   \   000000D8   0x2805             CMP      R0,#+5
   \   000000DA   0xF200 0x81BE      BHI.W    ??draw_More_6
   \   000000DE   0xE8DF 0xF010      TBH      [PC, R0, LSL #+1]
   \                     ??draw_More_0:
   \   000000E2   0x00B0 0x008F      DC16     0xB0,0x8F,0x6C,0x4A
   \              0x006C 0x004A
   \   000000EA   0x0029 0x0006      DC16     0x29,0x6
    216          		{
    217          			case 6:
    218          			   buttonCustom6.btnHandle= BUTTON_CreateEx(BTN_X_PIXEL*2+INTERVAL_V*3,  BTN_Y_PIXEL+INTERVAL_H,BTN_X_PIXEL, BTN_Y_PIXEL,hMoreWnd, BUTTON_CF_SHOW, 0, alloc_win_id());
   \                     ??draw_More_5: (+1)
   \   000000EE   0x.... 0x....      BL       alloc_win_id
   \   000000F2   0x9003             STR      R0,[SP, #+12]
   \   000000F4   0x238C             MOVS     R3,#+140
   \   000000F6   0x2000             MOVS     R0,#+0
   \   000000F8   0x9002             STR      R0,[SP, #+8]
   \   000000FA   0x2275             MOVS     R2,#+117
   \   000000FC   0x2002             MOVS     R0,#+2
   \   000000FE   0x9001             STR      R0,[SP, #+4]
   \   00000100   0x218E             MOVS     R1,#+142
   \   00000102   0xF9B5 0x0000      LDRSH    R0,[R5, #+0]
   \   00000106   0x9000             STR      R0,[SP, #+0]
   \   00000108   0x20F0             MOVS     R0,#+240
   \   0000010A   0x.... 0x....      BL       BUTTON_CreateEx
   \   0000010E   0x.... 0x....      LDR.W    R7,??DataTable10_3
    219          			   BUTTON_SetBmpFileName(buttonCustom6.btnHandle, "bmp_custom6.bin",1);
   \   00000112   0x.... 0x....      ADR.W    R1,`?<Constant "bmp_custom6.bin">`
   \   00000116   0x8338             STRH     R0,[R7, #+24]
   \   00000118   0x2201             MOVS     R2,#+1
   \   0000011A   0x.... 0x....      BL       BUTTON_SetBmpFileName
    220          			   BUTTON_SetBitmapEx(buttonCustom6.btnHandle, 0, &bmp_struct, BMP_PIC_X, BMP_PIC_Y);
   \   0000011E   0xF999 0x0000      LDRSB    R0,[R9, #+0]
   \   00000122   0xF998 0x3000      LDRSB    R3,[R8, #+0]
   \   00000126   0x9000             STR      R0,[SP, #+0]
   \   00000128   0x4652             MOV      R2,R10
   \   0000012A   0xF9B7 0x0018      LDRSH    R0,[R7, #+24]
   \   0000012E   0x2100             MOVS     R1,#+0
   \   00000130   0x.... 0x....      BL       BUTTON_SetBitmapEx
    221          			case 5:
    222          			   buttonCustom5.btnHandle= BUTTON_CreateEx(BTN_X_PIXEL+INTERVAL_V*2,  BTN_Y_PIXEL+INTERVAL_H,BTN_X_PIXEL, BTN_Y_PIXEL,hMoreWnd, BUTTON_CF_SHOW, 0, alloc_win_id());
   \                     ??draw_More_7: (+1)
   \   00000134   0x.... 0x....      BL       alloc_win_id
   \   00000138   0x9003             STR      R0,[SP, #+12]
   \   0000013A   0x238C             MOVS     R3,#+140
   \   0000013C   0x2000             MOVS     R0,#+0
   \   0000013E   0x9002             STR      R0,[SP, #+8]
   \   00000140   0x2275             MOVS     R2,#+117
   \   00000142   0x2002             MOVS     R0,#+2
   \   00000144   0x9001             STR      R0,[SP, #+4]
   \   00000146   0x218E             MOVS     R1,#+142
   \   00000148   0xF9B5 0x0000      LDRSH    R0,[R5, #+0]
   \   0000014C   0x9000             STR      R0,[SP, #+0]
   \   0000014E   0x2079             MOVS     R0,#+121
   \   00000150   0x.... 0x....      BL       BUTTON_CreateEx
   \   00000154   0x....             LDR.N    R7,??DataTable10_3
    223          			   BUTTON_SetBmpFileName(buttonCustom5.btnHandle, "bmp_custom5.bin",1);
   \   00000156   0x.... 0x....      ADR.W    R1,`?<Constant "bmp_custom5.bin">`
   \   0000015A   0x8038             STRH     R0,[R7, #+0]
   \   0000015C   0x2201             MOVS     R2,#+1
   \   0000015E   0x.... 0x....      BL       BUTTON_SetBmpFileName
    224          			   BUTTON_SetBitmapEx(buttonCustom5.btnHandle, 0, &bmp_struct, BMP_PIC_X, BMP_PIC_Y);
   \   00000162   0xF999 0x0000      LDRSB    R0,[R9, #+0]
   \   00000166   0x9000             STR      R0,[SP, #+0]
   \   00000168   0x2100             MOVS     R1,#+0
   \   0000016A   0xF998 0x3000      LDRSB    R3,[R8, #+0]
   \   0000016E   0x5E78             LDRSH    R0,[R7, R1]
   \   00000170   0x4652             MOV      R2,R10
   \   00000172   0x.... 0x....      BL       BUTTON_SetBitmapEx
    225          			case 4:
    226          			   buttonCustom4.btnHandle= BUTTON_CreateEx(INTERVAL_V,  BTN_Y_PIXEL+INTERVAL_H,BTN_X_PIXEL, BTN_Y_PIXEL,hMoreWnd, BUTTON_CF_SHOW, 0, alloc_win_id());
   \                     ??draw_More_8: (+1)
   \   00000176   0x.... 0x....      BL       alloc_win_id
   \   0000017A   0x9003             STR      R0,[SP, #+12]
   \   0000017C   0x238C             MOVS     R3,#+140
   \   0000017E   0x2000             MOVS     R0,#+0
   \   00000180   0x9002             STR      R0,[SP, #+8]
   \   00000182   0x2275             MOVS     R2,#+117
   \   00000184   0x2002             MOVS     R0,#+2
   \   00000186   0x9001             STR      R0,[SP, #+4]
   \   00000188   0x218E             MOVS     R1,#+142
   \   0000018A   0xF9B5 0x0000      LDRSH    R0,[R5, #+0]
   \   0000018E   0x9000             STR      R0,[SP, #+0]
   \   00000190   0x2002             MOVS     R0,#+2
   \   00000192   0x.... 0x....      BL       BUTTON_CreateEx
   \   00000196   0x....             LDR.N    R7,??DataTable10_2
    227          			   BUTTON_SetBmpFileName(buttonCustom4.btnHandle, "bmp_custom4.bin",1);
   \   00000198   0x.... 0x....      ADR.W    R1,`?<Constant "bmp_custom4.bin">`
   \   0000019C   0x8338             STRH     R0,[R7, #+24]
   \   0000019E   0x2201             MOVS     R2,#+1
   \   000001A0   0x.... 0x....      BL       BUTTON_SetBmpFileName
    228          			   BUTTON_SetBitmapEx(buttonCustom4.btnHandle, 0, &bmp_struct, BMP_PIC_X, BMP_PIC_Y);
   \   000001A4   0xF999 0x0000      LDRSB    R0,[R9, #+0]
   \   000001A8   0xF998 0x3000      LDRSB    R3,[R8, #+0]
   \   000001AC   0x9000             STR      R0,[SP, #+0]
   \   000001AE   0x4652             MOV      R2,R10
   \   000001B0   0xF9B7 0x0018      LDRSH    R0,[R7, #+24]
   \   000001B4   0x2100             MOVS     R1,#+0
   \   000001B6   0x.... 0x....      BL       BUTTON_SetBitmapEx
    229          			case 3:
    230          			   buttonCustom3.btnHandle= BUTTON_CreateEx(BTN_X_PIXEL*3+INTERVAL_V*4,  0,BTN_X_PIXEL, BTN_Y_PIXEL,hMoreWnd, BUTTON_CF_SHOW, 0, alloc_win_id());
   \                     ??draw_More_9: (+1)
   \   000001BA   0x.... 0x....      BL       alloc_win_id
   \   000001BE   0x4601             MOV      R1,R0
   \   000001C0   0x9103             STR      R1,[SP, #+12]
   \   000001C2   0xF240 0x1067      MOVW     R0,#+359
   \   000001C6   0x2100             MOVS     R1,#+0
   \   000001C8   0x9102             STR      R1,[SP, #+8]
   \   000001CA   0x238C             MOVS     R3,#+140
   \   000001CC   0x2102             MOVS     R1,#+2
   \   000001CE   0x9101             STR      R1,[SP, #+4]
   \   000001D0   0x2275             MOVS     R2,#+117
   \   000001D2   0xF9B5 0x1000      LDRSH    R1,[R5, #+0]
   \   000001D6   0x9100             STR      R1,[SP, #+0]
   \   000001D8   0x2100             MOVS     R1,#+0
   \   000001DA   0x.... 0x....      BL       BUTTON_CreateEx
   \   000001DE   0x....             LDR.N    R7,??DataTable10_2
    231          			   BUTTON_SetBmpFileName(buttonCustom3.btnHandle, "bmp_custom3.bin",1);
   \   000001E0   0x.... 0x....      ADR.W    R1,`?<Constant "bmp_custom3.bin">`
   \   000001E4   0x8038             STRH     R0,[R7, #+0]
   \   000001E6   0x2201             MOVS     R2,#+1
   \   000001E8   0x.... 0x....      BL       BUTTON_SetBmpFileName
    232          			   BUTTON_SetBitmapEx(buttonCustom3.btnHandle, 0, &bmp_struct, BMP_PIC_X, BMP_PIC_Y);
   \   000001EC   0xF999 0x0000      LDRSB    R0,[R9, #+0]
   \   000001F0   0x9000             STR      R0,[SP, #+0]
   \   000001F2   0x2100             MOVS     R1,#+0
   \   000001F4   0xF998 0x3000      LDRSB    R3,[R8, #+0]
   \   000001F8   0x5E78             LDRSH    R0,[R7, R1]
   \   000001FA   0x4652             MOV      R2,R10
   \   000001FC   0x.... 0x....      BL       BUTTON_SetBitmapEx
    233          			case 2:
    234          			   buttonCustom2.btnHandle= BUTTON_CreateEx(BTN_X_PIXEL*2+INTERVAL_V*3,  0,BTN_X_PIXEL, BTN_Y_PIXEL,hMoreWnd, BUTTON_CF_SHOW, 0, alloc_win_id());
   \                     ??draw_More_10: (+1)
   \   00000200   0x.... 0x....      BL       alloc_win_id
   \   00000204   0x9003             STR      R0,[SP, #+12]
   \   00000206   0x238C             MOVS     R3,#+140
   \   00000208   0x2000             MOVS     R0,#+0
   \   0000020A   0x9002             STR      R0,[SP, #+8]
   \   0000020C   0x2275             MOVS     R2,#+117
   \   0000020E   0x2002             MOVS     R0,#+2
   \   00000210   0x9001             STR      R0,[SP, #+4]
   \   00000212   0x2100             MOVS     R1,#+0
   \   00000214   0xF9B5 0x0000      LDRSH    R0,[R5, #+0]
   \   00000218   0x9000             STR      R0,[SP, #+0]
   \   0000021A   0x20F0             MOVS     R0,#+240
   \   0000021C   0x.... 0x....      BL       BUTTON_CreateEx
   \   00000220   0x86A8             STRH     R0,[R5, #+52]
    235          			   BUTTON_SetBmpFileName(buttonCustom2.btnHandle, "bmp_custom2.bin",1);
   \   00000222   0x2201             MOVS     R2,#+1
   \   00000224   0x.... 0x....      ADR.W    R1,`?<Constant "bmp_custom2.bin">`
   \   00000228   0x.... 0x....      BL       BUTTON_SetBmpFileName
    236          			   BUTTON_SetBitmapEx(buttonCustom2.btnHandle, 0, &bmp_struct, BMP_PIC_X, BMP_PIC_Y);
   \   0000022C   0xF999 0x0000      LDRSB    R0,[R9, #+0]
   \   00000230   0xF998 0x3000      LDRSB    R3,[R8, #+0]
   \   00000234   0x9000             STR      R0,[SP, #+0]
   \   00000236   0x4652             MOV      R2,R10
   \   00000238   0xF9B5 0x0034      LDRSH    R0,[R5, #+52]
   \   0000023C   0x2100             MOVS     R1,#+0
   \   0000023E   0x.... 0x....      BL       BUTTON_SetBitmapEx
    237          			case 1:
    238          			   buttonCustom1.btnHandle= BUTTON_CreateEx(BTN_X_PIXEL+INTERVAL_V*2,  0,BTN_X_PIXEL, BTN_Y_PIXEL,hMoreWnd, BUTTON_CF_SHOW, 0, alloc_win_id()); 	   
   \                     ??draw_More_11: (+1)
   \   00000242   0x.... 0x....      BL       alloc_win_id
   \   00000246   0x9003             STR      R0,[SP, #+12]
   \   00000248   0x238C             MOVS     R3,#+140
   \   0000024A   0x2000             MOVS     R0,#+0
   \   0000024C   0x9002             STR      R0,[SP, #+8]
   \   0000024E   0x2275             MOVS     R2,#+117
   \   00000250   0x2002             MOVS     R0,#+2
   \   00000252   0x9001             STR      R0,[SP, #+4]
   \   00000254   0x2100             MOVS     R1,#+0
   \   00000256   0xF9B5 0x0000      LDRSH    R0,[R5, #+0]
   \   0000025A   0x9000             STR      R0,[SP, #+0]
   \   0000025C   0x2079             MOVS     R0,#+121
   \   0000025E   0xE0E9             B.N      ??draw_More_12
    239          			   BUTTON_SetBmpFileName(buttonCustom1.btnHandle, "bmp_custom1.bin",1);
    240          			   BUTTON_SetBitmapEx(buttonCustom1.btnHandle, 0, &bmp_struct, BMP_PIC_X, BMP_PIC_Y);
    241          			//case 1:
    242          			//   buttonCustom1.btnHandle= BUTTON_CreateEx(INTERVAL_V, 0,BTN_X_PIXEL, BTN_Y_PIXEL,hMoreWnd, BUTTON_CF_SHOW, 0, 101);
    243          			//   BUTTON_SetBmpFileName(buttonCustom1.btnHandle, "bmp_custom1.bin",1);
    244          			//   BUTTON_SetBkColor(buttonCustom1.btnHandle, BUTTON_CI_PRESSED, gCfgItems.btn_state_color);
    245          			//   BUTTON_SetBkColor(buttonCustom1.btnHandle, BUTTON_CI_UNPRESSED, gCfgItems.btn_state_color);
    246          			//   BUTTON_SetBitmapEx(buttonCustom1.btnHandle, 0, &bmp_struct, BMP_PIC_X, BMP_PIC_Y);
    247          			break;
    248          			default:break;
    249          			}
    250          		}
    251          		else
    252          		{
    253          			if(gCfgItems.MoreItem_pic_cnt > 7)
   \                     ??draw_More_3: (+1)
   \   00000260   0xF894 0x00E4      LDRB     R0,[R4, #+228]
   \   00000264   0x2808             CMP      R0,#+8
   \   00000266   0xDB03             BLT.N    ??draw_More_13
    254          				gCfgItems.MoreItem_pic_cnt = 7;
   \   00000268   0x2007             MOVS     R0,#+7
   \   0000026A   0xF884 0x00E4      STRB     R0,[R4, #+228]
   \   0000026E   0xE009             B.N      ??draw_More_14
    255          			
    256          			switch(gCfgItems.MoreItem_pic_cnt)
   \                     ??draw_More_13: (+1)
   \   00000270   0x1E40             SUBS     R0,R0,#+1
   \   00000272   0x2806             CMP      R0,#+6
   \   00000274   0xF200 0x80F1      BHI.W    ??draw_More_6
   \   00000278   0xE8DF 0xF000      TBB      [PC, R0]
   \                     ??draw_More_1:
   \   0000027C   0xCE 0xAD          DC8      0xCE,0xAD,0x8C,0x68
   \              0x8C 0x68    
   \   00000280   0x47 0x25          DC8      0x47,0x25,0x4,0x0
   \              0x04 0x00    
    257          			{
    258          				case 7:
    259          				   buttonCustom7.btnHandle= BUTTON_CreateEx(BTN_X_PIXEL*2+INTERVAL_V*3,  BTN_Y_PIXEL+INTERVAL_H,BTN_X_PIXEL, BTN_Y_PIXEL,hMoreWnd, BUTTON_CF_SHOW, 0, alloc_win_id());
   \                     ??draw_More_14: (+1)
   \   00000284   0x.... 0x....      BL       alloc_win_id
   \   00000288   0x9003             STR      R0,[SP, #+12]
   \   0000028A   0x238C             MOVS     R3,#+140
   \   0000028C   0x2000             MOVS     R0,#+0
   \   0000028E   0x9002             STR      R0,[SP, #+8]
   \   00000290   0x2275             MOVS     R2,#+117
   \   00000292   0x2002             MOVS     R0,#+2
   \   00000294   0x9001             STR      R0,[SP, #+4]
   \   00000296   0x218E             MOVS     R1,#+142
   \   00000298   0xF9B5 0x0000      LDRSH    R0,[R5, #+0]
   \   0000029C   0x9000             STR      R0,[SP, #+0]
   \   0000029E   0x20F0             MOVS     R0,#+240
   \   000002A0   0x.... 0x....      BL       BUTTON_CreateEx
   \   000002A4   0x....             LDR.N    R7,??DataTable10_4
    260          				   BUTTON_SetBmpFileName(buttonCustom7.btnHandle, "bmp_custom6.bin",1);
   \   000002A6   0x.... 0x....      ADR.W    R1,`?<Constant "bmp_custom6.bin">`
   \   000002AA   0x8038             STRH     R0,[R7, #+0]
   \   000002AC   0x2201             MOVS     R2,#+1
   \   000002AE   0x.... 0x....      BL       BUTTON_SetBmpFileName
    261          				   BUTTON_SetBitmapEx(buttonCustom7.btnHandle, 0, &bmp_struct, BMP_PIC_X, BMP_PIC_Y);
   \   000002B2   0xF999 0x0000      LDRSB    R0,[R9, #+0]
   \   000002B6   0x9000             STR      R0,[SP, #+0]
   \   000002B8   0x2100             MOVS     R1,#+0
   \   000002BA   0xF998 0x3000      LDRSB    R3,[R8, #+0]
   \   000002BE   0x5E78             LDRSH    R0,[R7, R1]
   \   000002C0   0x4652             MOV      R2,R10
   \   000002C2   0x.... 0x....      BL       BUTTON_SetBitmapEx
    262          				case 6:
    263          				   buttonCustom6.btnHandle= BUTTON_CreateEx(BTN_X_PIXEL+INTERVAL_V*2,  BTN_Y_PIXEL+INTERVAL_H,BTN_X_PIXEL, BTN_Y_PIXEL,hMoreWnd, BUTTON_CF_SHOW, 0, alloc_win_id());
   \                     ??draw_More_15: (+1)
   \   000002C6   0x.... 0x....      BL       alloc_win_id
   \   000002CA   0x9003             STR      R0,[SP, #+12]
   \   000002CC   0x238C             MOVS     R3,#+140
   \   000002CE   0x2000             MOVS     R0,#+0
   \   000002D0   0x9002             STR      R0,[SP, #+8]
   \   000002D2   0x2275             MOVS     R2,#+117
   \   000002D4   0x2002             MOVS     R0,#+2
   \   000002D6   0x9001             STR      R0,[SP, #+4]
   \   000002D8   0x218E             MOVS     R1,#+142
   \   000002DA   0xF9B5 0x0000      LDRSH    R0,[R5, #+0]
   \   000002DE   0x9000             STR      R0,[SP, #+0]
   \   000002E0   0x2079             MOVS     R0,#+121
   \   000002E2   0x.... 0x....      BL       BUTTON_CreateEx
   \   000002E6   0x....             LDR.N    R7,??DataTable10_3
    264          				   BUTTON_SetBmpFileName(buttonCustom6.btnHandle, "bmp_custom5.bin",1);
   \   000002E8   0x.... 0x....      ADR.W    R1,`?<Constant "bmp_custom5.bin">`
   \   000002EC   0x8338             STRH     R0,[R7, #+24]
   \   000002EE   0x2201             MOVS     R2,#+1
   \   000002F0   0x.... 0x....      BL       BUTTON_SetBmpFileName
    265          				   BUTTON_SetBitmapEx(buttonCustom6.btnHandle, 0, &bmp_struct, BMP_PIC_X, BMP_PIC_Y);
   \   000002F4   0xF999 0x0000      LDRSB    R0,[R9, #+0]
   \   000002F8   0xF998 0x3000      LDRSB    R3,[R8, #+0]
   \   000002FC   0x9000             STR      R0,[SP, #+0]
   \   000002FE   0x4652             MOV      R2,R10
   \   00000300   0xF9B7 0x0018      LDRSH    R0,[R7, #+24]
   \   00000304   0x2100             MOVS     R1,#+0
   \   00000306   0x.... 0x....      BL       BUTTON_SetBitmapEx
    266          				case 5:
    267          				   buttonCustom5.btnHandle= BUTTON_CreateEx(INTERVAL_V,  BTN_Y_PIXEL+INTERVAL_H,BTN_X_PIXEL, BTN_Y_PIXEL,hMoreWnd, BUTTON_CF_SHOW, 0, alloc_win_id());
   \                     ??draw_More_16: (+1)
   \   0000030A   0x.... 0x....      BL       alloc_win_id
   \   0000030E   0x9003             STR      R0,[SP, #+12]
   \   00000310   0x238C             MOVS     R3,#+140
   \   00000312   0x2000             MOVS     R0,#+0
   \   00000314   0x9002             STR      R0,[SP, #+8]
   \   00000316   0x2275             MOVS     R2,#+117
   \   00000318   0x2002             MOVS     R0,#+2
   \   0000031A   0x9001             STR      R0,[SP, #+4]
   \   0000031C   0x218E             MOVS     R1,#+142
   \   0000031E   0xF9B5 0x0000      LDRSH    R0,[R5, #+0]
   \   00000322   0x9000             STR      R0,[SP, #+0]
   \   00000324   0x2002             MOVS     R0,#+2
   \   00000326   0x.... 0x....      BL       BUTTON_CreateEx
   \   0000032A   0x....             LDR.N    R7,??DataTable10_3
    268          				   BUTTON_SetBmpFileName(buttonCustom5.btnHandle, "bmp_custom4.bin",1);
   \   0000032C   0x.... 0x....      ADR.W    R1,`?<Constant "bmp_custom4.bin">`
   \   00000330   0x8038             STRH     R0,[R7, #+0]
   \   00000332   0x2201             MOVS     R2,#+1
   \   00000334   0x.... 0x....      BL       BUTTON_SetBmpFileName
    269          				   BUTTON_SetBitmapEx(buttonCustom5.btnHandle, 0, &bmp_struct, BMP_PIC_X, BMP_PIC_Y);
   \   00000338   0xF999 0x0000      LDRSB    R0,[R9, #+0]
   \   0000033C   0x9000             STR      R0,[SP, #+0]
   \   0000033E   0x2100             MOVS     R1,#+0
   \   00000340   0xF998 0x3000      LDRSB    R3,[R8, #+0]
   \   00000344   0x5E78             LDRSH    R0,[R7, R1]
   \   00000346   0x4652             MOV      R2,R10
   \   00000348   0x.... 0x....      BL       BUTTON_SetBitmapEx
    270          				case 4:
    271          				   buttonCustom4.btnHandle= BUTTON_CreateEx(BTN_X_PIXEL*3+INTERVAL_V*4,  0,BTN_X_PIXEL, BTN_Y_PIXEL,hMoreWnd, BUTTON_CF_SHOW, 0, alloc_win_id());
   \                     ??draw_More_17: (+1)
   \   0000034C   0x.... 0x....      BL       alloc_win_id
   \   00000350   0x4601             MOV      R1,R0
   \   00000352   0x9103             STR      R1,[SP, #+12]
   \   00000354   0xF240 0x1067      MOVW     R0,#+359
   \   00000358   0x2100             MOVS     R1,#+0
   \   0000035A   0x9102             STR      R1,[SP, #+8]
   \   0000035C   0x238C             MOVS     R3,#+140
   \   0000035E   0x2102             MOVS     R1,#+2
   \   00000360   0x9101             STR      R1,[SP, #+4]
   \   00000362   0x2275             MOVS     R2,#+117
   \   00000364   0xF9B5 0x1000      LDRSH    R1,[R5, #+0]
   \   00000368   0x9100             STR      R1,[SP, #+0]
   \   0000036A   0x2100             MOVS     R1,#+0
   \   0000036C   0x.... 0x....      BL       BUTTON_CreateEx
   \   00000370   0x....             LDR.N    R7,??DataTable10_2
    272          				   BUTTON_SetBmpFileName(buttonCustom4.btnHandle, "bmp_custom3.bin",1);
   \   00000372   0x.... 0x....      ADR.W    R1,`?<Constant "bmp_custom3.bin">`
   \   00000376   0x8338             STRH     R0,[R7, #+24]
   \   00000378   0x2201             MOVS     R2,#+1
   \   0000037A   0x.... 0x....      BL       BUTTON_SetBmpFileName
    273          				   BUTTON_SetBitmapEx(buttonCustom4.btnHandle, 0, &bmp_struct, BMP_PIC_X, BMP_PIC_Y);
   \   0000037E   0xF999 0x0000      LDRSB    R0,[R9, #+0]
   \   00000382   0xF998 0x3000      LDRSB    R3,[R8, #+0]
   \   00000386   0x9000             STR      R0,[SP, #+0]
   \   00000388   0x4652             MOV      R2,R10
   \   0000038A   0xF9B7 0x0018      LDRSH    R0,[R7, #+24]
   \   0000038E   0x2100             MOVS     R1,#+0
   \   00000390   0x.... 0x....      BL       BUTTON_SetBitmapEx
    274          				case 3:
    275          				   buttonCustom3.btnHandle= BUTTON_CreateEx(BTN_X_PIXEL*2+INTERVAL_V*3,  0,BTN_X_PIXEL, BTN_Y_PIXEL,hMoreWnd, BUTTON_CF_SHOW, 0, alloc_win_id());
   \                     ??draw_More_18: (+1)
   \   00000394   0x.... 0x....      BL       alloc_win_id
   \   00000398   0x9003             STR      R0,[SP, #+12]
   \   0000039A   0x238C             MOVS     R3,#+140
   \   0000039C   0x2000             MOVS     R0,#+0
   \   0000039E   0x9002             STR      R0,[SP, #+8]
   \   000003A0   0x2275             MOVS     R2,#+117
   \   000003A2   0x2002             MOVS     R0,#+2
   \   000003A4   0x9001             STR      R0,[SP, #+4]
   \   000003A6   0x2100             MOVS     R1,#+0
   \   000003A8   0xF9B5 0x0000      LDRSH    R0,[R5, #+0]
   \   000003AC   0x9000             STR      R0,[SP, #+0]
   \   000003AE   0x20F0             MOVS     R0,#+240
   \   000003B0   0x.... 0x....      BL       BUTTON_CreateEx
   \   000003B4   0x....             LDR.N    R7,??DataTable10_2
    276          				   BUTTON_SetBmpFileName(buttonCustom3.btnHandle, "bmp_custom2.bin",1);
   \   000003B6   0x.... 0x....      ADR.W    R1,`?<Constant "bmp_custom2.bin">`
   \   000003BA   0x8038             STRH     R0,[R7, #+0]
   \   000003BC   0x2201             MOVS     R2,#+1
   \   000003BE   0x.... 0x....      BL       BUTTON_SetBmpFileName
    277          				   BUTTON_SetBitmapEx(buttonCustom3.btnHandle, 0, &bmp_struct, BMP_PIC_X, BMP_PIC_Y);
   \   000003C2   0xF999 0x0000      LDRSB    R0,[R9, #+0]
   \   000003C6   0x9000             STR      R0,[SP, #+0]
   \   000003C8   0x2100             MOVS     R1,#+0
   \   000003CA   0xF998 0x3000      LDRSB    R3,[R8, #+0]
   \   000003CE   0x5E78             LDRSH    R0,[R7, R1]
   \   000003D0   0x4652             MOV      R2,R10
   \   000003D2   0x.... 0x....      BL       BUTTON_SetBitmapEx
    278          				case 2:
    279          				   buttonCustom2.btnHandle= BUTTON_CreateEx(BTN_X_PIXEL+INTERVAL_V*2,  0,BTN_X_PIXEL, BTN_Y_PIXEL,hMoreWnd, BUTTON_CF_SHOW, 0, alloc_win_id()); 	   
   \                     ??draw_More_19: (+1)
   \   000003D6   0x.... 0x....      BL       alloc_win_id
   \   000003DA   0x9003             STR      R0,[SP, #+12]
   \   000003DC   0x238C             MOVS     R3,#+140
   \   000003DE   0x2000             MOVS     R0,#+0
   \   000003E0   0x9002             STR      R0,[SP, #+8]
   \   000003E2   0x2275             MOVS     R2,#+117
   \   000003E4   0x2002             MOVS     R0,#+2
   \   000003E6   0x9001             STR      R0,[SP, #+4]
   \   000003E8   0x2100             MOVS     R1,#+0
   \   000003EA   0xF9B5 0x0000      LDRSH    R0,[R5, #+0]
   \   000003EE   0x9000             STR      R0,[SP, #+0]
   \   000003F0   0x2079             MOVS     R0,#+121
   \   000003F2   0x.... 0x....      BL       BUTTON_CreateEx
   \   000003F6   0x86A8             STRH     R0,[R5, #+52]
    280          				   BUTTON_SetBmpFileName(buttonCustom2.btnHandle, "bmp_custom1.bin",1);
   \   000003F8   0x2201             MOVS     R2,#+1
   \   000003FA   0x.... 0x....      ADR.W    R1,`?<Constant "bmp_custom1.bin">`
   \   000003FE   0x.... 0x....      BL       BUTTON_SetBmpFileName
    281          				   BUTTON_SetBitmapEx(buttonCustom2.btnHandle, 0, &bmp_struct, BMP_PIC_X, BMP_PIC_Y);
   \   00000402   0xF999 0x0000      LDRSB    R0,[R9, #+0]
   \   00000406   0xF998 0x3000      LDRSB    R3,[R8, #+0]
   \   0000040A   0x9000             STR      R0,[SP, #+0]
   \   0000040C   0x4652             MOV      R2,R10
   \   0000040E   0xF9B5 0x0034      LDRSH    R0,[R5, #+52]
   \   00000412   0x2100             MOVS     R1,#+0
   \   00000414   0x.... 0x....      BL       BUTTON_SetBitmapEx
    282          				case 1:
    283          				   buttonCustom1.btnHandle= BUTTON_CreateEx(INTERVAL_V, 0,BTN_X_PIXEL, BTN_Y_PIXEL,hMoreWnd, BUTTON_CF_SHOW, 0, alloc_win_id());
   \                     ??draw_More_20: (+1)
   \   00000418   0x.... 0x....      BL       alloc_win_id
   \   0000041C   0x9003             STR      R0,[SP, #+12]
   \   0000041E   0x238C             MOVS     R3,#+140
   \   00000420   0x2000             MOVS     R0,#+0
   \   00000422   0x9002             STR      R0,[SP, #+8]
   \   00000424   0x2275             MOVS     R2,#+117
   \   00000426   0x2002             MOVS     R0,#+2
   \   00000428   0x9001             STR      R0,[SP, #+4]
   \   0000042A   0x2100             MOVS     R1,#+0
   \   0000042C   0xF9B5 0x0000      LDRSH    R0,[R5, #+0]
   \   00000430   0x9000             STR      R0,[SP, #+0]
   \   00000432   0x2002             MOVS     R0,#+2
   \                     ??draw_More_12: (+1)
   \   00000434   0x.... 0x....      BL       BUTTON_CreateEx
   \   00000438   0x83A8             STRH     R0,[R5, #+28]
    284          				   BUTTON_SetBmpFileName(buttonCustom1.btnHandle, "bmp_custom1.bin",1);
   \   0000043A   0x2201             MOVS     R2,#+1
   \   0000043C   0x.... 0x....      ADR.W    R1,`?<Constant "bmp_custom1.bin">`
   \   00000440   0x.... 0x....      BL       BUTTON_SetBmpFileName
    285          				   BUTTON_SetBitmapEx(buttonCustom1.btnHandle, 0, &bmp_struct, BMP_PIC_X, BMP_PIC_Y);
   \   00000444   0xF999 0x0000      LDRSB    R0,[R9, #+0]
   \   00000448   0xF998 0x3000      LDRSB    R3,[R8, #+0]
   \   0000044C   0x9000             STR      R0,[SP, #+0]
   \   0000044E   0x4652             MOV      R2,R10
   \   00000450   0xF9B5 0x001C      LDRSH    R0,[R5, #+28]
   \   00000454   0x2100             MOVS     R1,#+0
   \   00000456   0x.... 0x....      BL       BUTTON_SetBitmapEx
    286          				break;
    287          				default:break;
    288          			 
    289          			}		
    290          		}
    291          	buttonRet.btnHandle = BUTTON_CreateEx(BTN_X_PIXEL*3+INTERVAL_V*4,  BTN_Y_PIXEL+INTERVAL_H,BTN_X_PIXEL, BTN_Y_PIXEL,hMoreWnd, BUTTON_CF_SHOW, 0, alloc_win_id());
   \                     ??draw_More_6: (+1)
   \   0000045A   0x.... 0x....      BL       alloc_win_id
   \   0000045E   0x4601             MOV      R1,R0
   \   00000460   0x9103             STR      R1,[SP, #+12]
   \   00000462   0xF240 0x1067      MOVW     R0,#+359
   \   00000466   0x2100             MOVS     R1,#+0
   \   00000468   0x9102             STR      R1,[SP, #+8]
   \   0000046A   0x238C             MOVS     R3,#+140
   \   0000046C   0x2102             MOVS     R1,#+2
   \   0000046E   0x9101             STR      R1,[SP, #+4]
   \   00000470   0x2275             MOVS     R2,#+117
   \   00000472   0xF9B5 0x1000      LDRSH    R1,[R5, #+0]
   \   00000476   0x9100             STR      R1,[SP, #+0]
   \   00000478   0x218E             MOVS     R1,#+142
   \   0000047A   0x.... 0x....      BL       BUTTON_CreateEx
   \   0000047E   0x....             LDR.N    R7,??DataTable10_4
    292          	BUTTON_SetBmpFileName(buttonRet.btnHandle, "bmp_return.bin",1);
   \   00000480   0x.... 0x....      ADR.W    R1,`?<Constant "bmp_return.bin">`
   \   00000484   0x8338             STRH     R0,[R7, #+24]
   \   00000486   0x2201             MOVS     R2,#+1
   \   00000488   0x.... 0x....      BL       BUTTON_SetBmpFileName
    293          	BUTTON_SetBitmapEx(buttonRet.btnHandle, 0, &bmp_struct, BMP_PIC_X, BMP_PIC_Y);
   \   0000048C   0xF999 0x0000      LDRSB    R0,[R9, #+0]
   \   00000490   0xF998 0x3000      LDRSB    R3,[R8, #+0]
   \   00000494   0x9000             STR      R0,[SP, #+0]
   \   00000496   0x4652             MOV      R2,R10
   \   00000498   0xF9B7 0x0018      LDRSH    R0,[R7, #+24]
   \   0000049C   0x2100             MOVS     R1,#+0
   \   0000049E   0x.... 0x....      BL       BUTTON_SetBitmapEx
    294          
    295          	if(gCfgItems.multiple_language != 0)
   \   000004A2   0xF894 0x01CF      LDRB     R0,[R4, #+463]
   \   000004A6   0xB188             CBZ.N    R0,??draw_More_21
    296          	{
    297          		if(gCfgItems.zoffset_display_flg == 1)
   \   000004A8   0x7A70             LDRB     R0,[R6, #+9]
   \   000004AA   0x2801             CMP      R0,#+1
   \   000004AC   0xD105             BNE.N    ??draw_More_22
    298          		{
    299          			BUTTON_SetText(buttonzoffset.btnHandle, more_menu.zoffset);
   \   000004AE   0x....             LDR.N    R0,??DataTable10_13
   \   000004B0   0x6841             LDR      R1,[R0, #+4]
   \   000004B2   0xF9B5 0x0004      LDRSH    R0,[R5, #+4]
   \   000004B6   0x.... 0x....      BL       BUTTON_SetText
    300          		}
    301          		BUTTON_SetText(buttonRet.btnHandle, common_menu.text_back);
   \                     ??draw_More_22: (+1)
   \   000004BA   0x....             LDR.N    R0,??DataTable10_14
   \   000004BC   0x6801             LDR      R1,[R0, #+0]
   \   000004BE   0xF9B7 0x0018      LDRSH    R0,[R7, #+24]
   \   000004C2   0xB004             ADD      SP,SP,#+16
   \   000004C4   0xE8BD 0x47F0      POP      {R4-R10,LR}
   \   000004C8   0x.... 0x....      B.W      BUTTON_SetText
    302          	}
    303          	
    304          
    305          	//GUI_Exec();
    306          
    307          	
    308          }
   \                     ??draw_More_21: (+1)
   \   000004CC   0xB004             ADD      SP,SP,#+16
   \   000004CE   0xE8BD 0x87F0      POP      {R4-R10,PC}      ;; return
    309          

   \                                 In section .text, align 2, keep-with-next
    310          void Clear_more()
    311          {
   \                     Clear_more: (+1)
   \   00000000   0xB510             PUSH     {R4,LR}
    312          	GUI_SetBkColor(gCfgItems.background_color);
   \   00000002   0x....             LDR.N    R0,??DataTable10_6
   \   00000004   0x6940             LDR      R0,[R0, #+20]
   \   00000006   0x.... 0x....      BL       GUI_SetBkColor
    313          	if(WM_IsWindow(hMoreWnd))
   \   0000000A   0x....             LDR.N    R4,??DataTable10
   \   0000000C   0xF9B4 0x0000      LDRSH    R0,[R4, #+0]
   \   00000010   0x.... 0x....      BL       WM_IsWindow
   \   00000014   0xB128             CBZ.N    R0,??Clear_more_0
    314          	{
    315          		WM_DeleteWindow(hMoreWnd);
   \   00000016   0xF9B4 0x0000      LDRSH    R0,[R4, #+0]
   \   0000001A   0xE8BD 0x4010      POP      {R4,LR}
   \   0000001E   0x.... 0x....      B.W      WM_DeleteWindow
    316          		//GUI_Exec();
    317          	}
    318          	
    319          	//GUI_Clear();
    320          }
   \                     ??Clear_more_0: (+1)
   \   00000022   0xBD10             POP      {R4,PC}          ;; return

   \                                 In section .text, align 4, keep-with-next
   \                     ??DataTable10:
   \   00000000   0x........         DC32     hMoreWnd

   \                                 In section .text, align 4, keep-with-next
   \                     ??DataTable10_1:
   \   00000000   0x........         DC32     cmd_code

   \                                 In section .text, align 4, keep-with-next
   \                     ??DataTable10_2:
   \   00000000   0x........         DC32     buttonCustom3

   \                                 In section .text, align 4, keep-with-next
   \                     ??DataTable10_3:
   \   00000000   0x........         DC32     buttonCustom5

   \                                 In section .text, align 4, keep-with-next
   \                     ??DataTable10_4:
   \   00000000   0x........         DC32     buttonCustom7

   \                                 In section .text, align 4, keep-with-next
   \                     ??DataTable10_5:
   \   00000000   0x........         DC32     last_disp_state

   \                                 In section .text, align 4, keep-with-next
   \                     ??DataTable10_6:
   \   00000000   0x........         DC32     gCfgItems

   \                                 In section .text, align 4, keep-with-next
   \                     ??DataTable10_7:
   \   00000000   0x........         DC32     disp_state_stack

   \                                 In section .text, align 4, keep-with-next
   \                     ??DataTable10_8:
   \   00000000   0x........         DC32     disp_state

   \                                 In section .text, align 4, keep-with-next
   \                     ??DataTable10_9:
   \   00000000   0x........         DC32     _Z9cbMoreWinP10WM_MESSAGE

   \                                 In section .text, align 4, keep-with-next
   \                     ??DataTable10_10:
   \   00000000   0x........         DC32     bmp_struct

   \                                 In section .text, align 4, keep-with-next
   \                     ??DataTable10_11:
   \   00000000   0x........         DC32     BMP_PIC_X

   \                                 In section .text, align 4, keep-with-next
   \                     ??DataTable10_12:
   \   00000000   0x........         DC32     BMP_PIC_Y

   \                                 In section .text, align 4, keep-with-next
   \                     ??DataTable10_13:
   \   00000000   0x........         DC32     more_menu

   \                                 In section .text, align 4, keep-with-next
   \                     ??DataTable10_14:
   \   00000000   0x........         DC32     common_menu

   \                                 In section .text, align 4, keep-with-next
   \                     `?<Constant "bmp_zoffset.bin">`:
   \   00000000   0x62 0x6D          DC8 "bmp_zoffset.bin"
   \              0x70 0x5F    
   \              0x7A 0x6F    
   \              0x66 0x66    
   \              0x73 0x65    
   \              0x74 0x2E    
   \              0x62 0x69    
   \              0x6E 0x00    

   \                                 In section .text, align 4, keep-with-next
   \                     `?<Constant "bmp_custom6.bin">`:
   \   00000000   0x62 0x6D          DC8 "bmp_custom6.bin"
   \              0x70 0x5F    
   \              0x63 0x75    
   \              0x73 0x74    
   \              0x6F 0x6D    
   \              0x36 0x2E    
   \              0x62 0x69    
   \              0x6E 0x00    

   \                                 In section .text, align 4, keep-with-next
   \                     `?<Constant "bmp_custom5.bin">`:
   \   00000000   0x62 0x6D          DC8 "bmp_custom5.bin"
   \              0x70 0x5F    
   \              0x63 0x75    
   \              0x73 0x74    
   \              0x6F 0x6D    
   \              0x35 0x2E    
   \              0x62 0x69    
   \              0x6E 0x00    

   \                                 In section .text, align 4, keep-with-next
   \                     `?<Constant "bmp_custom4.bin">`:
   \   00000000   0x62 0x6D          DC8 "bmp_custom4.bin"
   \              0x70 0x5F    
   \              0x63 0x75    
   \              0x73 0x74    
   \              0x6F 0x6D    
   \              0x34 0x2E    
   \              0x62 0x69    
   \              0x6E 0x00    

   \                                 In section .text, align 4, keep-with-next
   \                     `?<Constant "bmp_custom3.bin">`:
   \   00000000   0x62 0x6D          DC8 "bmp_custom3.bin"
   \              0x70 0x5F    
   \              0x63 0x75    
   \              0x73 0x74    
   \              0x6F 0x6D    
   \              0x33 0x2E    
   \              0x62 0x69    
   \              0x6E 0x00    

   \                                 In section .text, align 4, keep-with-next
   \                     `?<Constant "bmp_custom2.bin">`:
   \   00000000   0x62 0x6D          DC8 "bmp_custom2.bin"
   \              0x70 0x5F    
   \              0x63 0x75    
   \              0x73 0x74    
   \              0x6F 0x6D    
   \              0x32 0x2E    
   \              0x62 0x69    
   \              0x6E 0x00    

   \                                 In section .text, align 4, keep-with-next
   \                     `?<Constant "bmp_custom1.bin">`:
   \   00000000   0x62 0x6D          DC8 "bmp_custom1.bin"
   \              0x70 0x5F    
   \              0x63 0x75    
   \              0x73 0x74    
   \              0x6F 0x6D    
   \              0x31 0x2E    
   \              0x62 0x69    
   \              0x6E 0x00    

   \                                 In section .text, align 4, keep-with-next
   \                     `?<Constant "bmp_return.bin">`:
   \   00000000   0x62 0x6D          DC8 "bmp_return.bin"
   \              0x70 0x5F    
   \              0x72 0x65    
   \              0x74 0x75    
   \              0x72 0x6E    
   \              0x2E 0x62    
   \              0x69 0x6E    
   \              0x00         
   \   0000000F   0x00               DC8 0
    321          
    322          

   Maximum stack usage in bytes:

   .cstack Function
   ------- --------
       8   Clear_more
         8   -> GUI_SetBkColor
         0   -> WM_DeleteWindow
         8   -> WM_IsWindow
      16   cbMoreWin(WM_MESSAGE *)
        16   -> GUI_SetBkColor
        16   -> SPI_FLASH_BufferRead
         0   -> WM_DefaultProc
        16   -> WM_DeleteWindow
        16   -> WM_IsWindow
         0   -> draw_return_ui
      48   draw_More
        48   -> BUTTON_CreateEx
        48   -> BUTTON_SetBitmapEx
        48   -> BUTTON_SetBmpFileName
         0   -> BUTTON_SetText
        48   -> BUTTON_SetText
        48   -> GUI_Clear
        48   -> GUI_DispStringAt
        48   -> GUI_SetBkColor
        48   -> GUI_SetColor
        48   -> WM_CreateWindow
        48   -> alloc_win_id
        48   -> creat_title_text


   Section sizes:

   Bytes  Function/Label
   -----  --------------
      16  ?<Constant "bmp_custom1.bin">
      16  ?<Constant "bmp_custom2.bin">
      16  ?<Constant "bmp_custom3.bin">
      16  ?<Constant "bmp_custom4.bin">
      16  ?<Constant "bmp_custom5.bin">
      16  ?<Constant "bmp_custom6.bin">
      16  ?<Constant "bmp_return.bin">
      16  ?<Constant "bmp_zoffset.bin">
       4  ??DataTable10
       4  ??DataTable10_1
       4  ??DataTable10_10
       4  ??DataTable10_11
       4  ??DataTable10_12
       4  ??DataTable10_13
       4  ??DataTable10_14
       4  ??DataTable10_2
       4  ??DataTable10_3
       4  ??DataTable10_4
       4  ??DataTable10_5
       4  ??DataTable10_6
       4  ??DataTable10_7
       4  ??DataTable10_8
       4  ??DataTable10_9
      36  Clear_more
      48  buttonCustom3
          buttonCustom4
      48  buttonCustom5
          buttonCustom6
      48  buttonCustom7
          buttonRet
     254  cbMoreWin(WM_MESSAGE *)
     100  codebuff
    1234  draw_More
      80  hMoreWnd
          buttonzoffset
          buttonCustom1
          buttonCustom2
          codebufpoint
       1  x

 
   245 bytes in section .bss
    80 bytes in section .data
 1 712 bytes in section .text
 
 1 712 bytes of CODE memory
   325 bytes of DATA memory

Errors: none
Warnings: 33
