###############################################################################
#
# IAR ANSI C/C++ Compiler V7.10.1.6676/W32 for ARM        13/Apr/2020  09:24:40
# Copyright 1999-2014 IAR Systems AB.
#
#    Cpu mode     =  thumb
#    Endian       =  little
#    Source file  =  
#        D:\MKS-Robin-Nano-Firmware-v2.x.x\MKS-Robin-Nano-Firmware\User\ui\draw_wifi.cpp
#    Command line =  
#        D:\MKS-Robin-Nano-Firmware-v2.x.x\MKS-Robin-Nano-Firmware\User\ui\draw_wifi.cpp
#        -D USE_HAL_DRIVER -D STM32F103xE -D STM32F10X_HD -D USE_HAL_LIB -D
#        MKS_ROBIN_NANO -D TFT35 -lC
#        D:\MKS-Robin-Nano-Firmware-v2.x.x\MKS-Robin-Nano-Firmware\EWARM\mksRobinNano/List\
#        -lA
#        D:\MKS-Robin-Nano-Firmware-v2.x.x\MKS-Robin-Nano-Firmware\EWARM\mksRobinNano/List\
#        --diag_suppress Pa050 -o
#        D:\MKS-Robin-Nano-Firmware-v2.x.x\MKS-Robin-Nano-Firmware\EWARM\mksRobinNano/Obj\
#        --debug --endian=little --cpu=Cortex-M3 -e --char_is_signed --fpu=None
#        --dlib_config "C:\Program Files (x86)\IAR Systems\Embedded Workbench
#        7.0\arm\INC\c\DLib_Config_Full.h" -I
#        D:\MKS-Robin-Nano-Firmware-v2.x.x\MKS-Robin-Nano-Firmware\EWARM/../Inc\
#        -I
#        D:\MKS-Robin-Nano-Firmware-v2.x.x\MKS-Robin-Nano-Firmware\EWARM/../Src\
#        -I
#        D:\MKS-Robin-Nano-Firmware-v2.x.x\MKS-Robin-Nano-Firmware\EWARM/../Drivers/STM32F1xx_HAL_Driver/Inc\
#        -I
#        D:\MKS-Robin-Nano-Firmware-v2.x.x\MKS-Robin-Nano-Firmware\EWARM/../Drivers/STM32F1xx_HAL_Driver/Inc/Legacy\
#        -I
#        D:\MKS-Robin-Nano-Firmware-v2.x.x\MKS-Robin-Nano-Firmware\EWARM/../Middlewares/Third_Party/FatFs/src/drivers\
#        -I
#        D:\MKS-Robin-Nano-Firmware-v2.x.x\MKS-Robin-Nano-Firmware\EWARM/../Middlewares/ST/STM32_USB_Host_Library/Core/Inc\
#        -I
#        D:\MKS-Robin-Nano-Firmware-v2.x.x\MKS-Robin-Nano-Firmware\EWARM/../Middlewares/ST/STM32_USB_Host_Library/Class/MSC/Inc\
#        -I
#        D:\MKS-Robin-Nano-Firmware-v2.x.x\MKS-Robin-Nano-Firmware\EWARM/../Drivers/CMSIS/Device/ST/STM32F1xx/Include\
#        -I
#        D:\MKS-Robin-Nano-Firmware-v2.x.x\MKS-Robin-Nano-Firmware\EWARM/../Middlewares/Third_Party/FatFs/src\
#        -I
#        D:\MKS-Robin-Nano-Firmware-v2.x.x\MKS-Robin-Nano-Firmware\EWARM/../Middlewares/Third_Party/Marlin\
#        -I
#        D:\MKS-Robin-Nano-Firmware-v2.x.x\MKS-Robin-Nano-Firmware\EWARM/../Drivers/CMSIS/Include\
#        -I
#        D:\MKS-Robin-Nano-Firmware-v2.x.x\MKS-Robin-Nano-Firmware\EWARM/../Drivers/BSP/variant\
#        -I
#        D:\MKS-Robin-Nano-Firmware-v2.x.x\MKS-Robin-Nano-Firmware\EWARM/../Drivers/BSP/Components/at24cxx\
#        -I
#        D:\MKS-Robin-Nano-Firmware-v2.x.x\MKS-Robin-Nano-Firmware\EWARM/../Drivers/BSP/Components/w25qxx\
#        -I
#        D:\MKS-Robin-Nano-Firmware-v2.x.x\MKS-Robin-Nano-Firmware\EWARM/../Drivers/BSP/Components/lcd\
#        -I
#        D:\MKS-Robin-Nano-Firmware-v2.x.x\MKS-Robin-Nano-Firmware\EWARM/../Drivers/STM32F10x_StdPeriph_Driver/inc\
#        -I
#        D:\MKS-Robin-Nano-Firmware-v2.x.x\MKS-Robin-Nano-Firmware\EWARM/../Drivers/libstmf4/include\
#        -I
#        D:\MKS-Robin-Nano-Firmware-v2.x.x\MKS-Robin-Nano-Firmware\EWARM/../Middlewares/arduino/stm32/cores/arduino\
#        -I
#        D:\MKS-Robin-Nano-Firmware-v2.x.x\MKS-Robin-Nano-Firmware\EWARM/../User/ui\
#        -I
#        D:\MKS-Robin-Nano-Firmware-v2.x.x\MKS-Robin-Nano-Firmware\EWARM/../User/ui/Multi_language\
#        -I
#        D:\MKS-Robin-Nano-Firmware-v2.x.x\MKS-Robin-Nano-Firmware\EWARM/../User/ui/QRENCODE\
#        -I
#        D:\MKS-Robin-Nano-Firmware-v2.x.x\MKS-Robin-Nano-Firmware\EWARM\..\Middlewares\GUI\
#        -Oh --eec++ -I "C:\Program Files (x86)\IAR Systems\Embedded Workbench
#        7.0\arm\CMSIS\Include\"
#    List file    =  
#        D:\MKS-Robin-Nano-Firmware-v2.x.x\MKS-Robin-Nano-Firmware\EWARM\mksRobinNano/List\draw_wifi.lst
#    Object file  =  
#        D:\MKS-Robin-Nano-Firmware-v2.x.x\MKS-Robin-Nano-Firmware\EWARM\mksRobinNano/Obj\draw_wifi.o
#
###############################################################################

D:\MKS-Robin-Nano-Firmware-v2.x.x\MKS-Robin-Nano-Firmware\User\ui\draw_wifi.cpp
      1          #include "gui.h"
      2          #include "button.h"
      3          #include "PROGBAR.h"
      4          #include "draw_wifi.h"
      5          #include "draw_ui.h"

  #define UNUSED(x) ((void)(x))
          ^
"D:\MKS-Robin-Nano-Firmware-v2.x.x\MKS-Robin-Nano-Firmware\Drivers\STM32F1xx_HAL_Driver\Inc\stm32f1xx_hal_def.h",87  Warning[Pe047]: 
          incompatible redefinition of macro "UNUSED" (declared at line 101 of
          "D:\MKS-Robin-Nano-Firmware-v2.x.x\MKS-Robin-Nano-Firmware\EWARM/../M
          iddlewares/Third_Party/Marlin\macros.h")

  		volatile volatile float desireBedTempBak;
  		         ^
"D:\MKS-Robin-Nano-Firmware-v2.x.x\MKS-Robin-Nano-Firmware\Inc\mks_cfg.h",626  Warning[Pe083]: 
          type qualifier specified more than once

    #define FILAMENT_CHANGE_TEXT_EN				"Please click <Load> \nor <unload>,After \npinter pause."
            ^
"D:\MKS-Robin-Nano-Firmware-v2.x.x\MKS-Robin-Nano-Firmware\User\ui\Multi_language\Language_en.h",337  Warning[Pe047]: 
          incompatible redefinition of macro "FILAMENT_CHANGE_TEXT_EN"
          (declared at line 315)

  #define DIALOG_UNBIND_PRINTER_CN            "Ëß£Èô§ÁªëÂÆö?"
          ^
"D:\MKS-Robin-Nano-Firmware-v2.x.x\MKS-Robin-Nano-Firmware\User\ui\Multi_language\Language_s_cn.h",408  Warning[Pe047]: 
          incompatible redefinition of macro "DIALOG_UNBIND_PRINTER_CN"
          (declared at line 403)

    #define FILAMENT_CHANGE_TEXT_T_CN				"ÂæÖÊâìÂç∞Ê©üÊö´ÂÅúÂêé,\nË´ãÊåâ<ÈÄ≤Êñô>Êàñ<ÈÄÄÊñô>"
            ^
"D:\MKS-Robin-Nano-Firmware-v2.x.x\MKS-Robin-Nano-Firmware\User\ui\Multi_language\Language_t_cn.h",318  Warning[Pe047]: 
          incompatible redefinition of macro "FILAMENT_CHANGE_TEXT_T_CN"
          (declared at line 304)

    #define FILAMENT_CHANGE_TEXT_RU				"Please click <Load> \nor <unload>,After \npinter pause."
            ^
"D:\MKS-Robin-Nano-Firmware-v2.x.x\MKS-Robin-Nano-Firmware\User\ui\Multi_language\Language_ru.h",134  Warning[Pe047]: 
          incompatible redefinition of macro "FILAMENT_CHANGE_TEXT_RU"
          (declared at line 114)

  #define DIALOG_UNBIND_PRINTER_RU            "Unbind the printer?"
          ^
"D:\MKS-Robin-Nano-Firmware-v2.x.x\MKS-Robin-Nano-Firmware\User\ui\Multi_language\Language_ru.h",231  Warning[Pe047]: 
          incompatible redefinition of macro "DIALOG_UNBIND_PRINTER_RU"
          (declared at line 226)

    #define FILAMENT_CHANGE_TEXT_FR				"Please click <Load> \nor <unload>,After \npinter pause."
            ^
"D:\MKS-Robin-Nano-Firmware-v2.x.x\MKS-Robin-Nano-Firmware\User\ui\Multi_language\Language_fr.h",134  Warning[Pe047]: 
          incompatible redefinition of macro "FILAMENT_CHANGE_TEXT_FR"
          (declared at line 114)

  #define DIALOG_UNBIND_PRINTER_FR        "Unbind the printer?"
          ^
"D:\MKS-Robin-Nano-Firmware-v2.x.x\MKS-Robin-Nano-Firmware\User\ui\Multi_language\Language_fr.h",234  Warning[Pe047]: 
          incompatible redefinition of macro "DIALOG_UNBIND_PRINTER_FR"
          (declared at line 230)

    #define FILAMENT_CHANGE_TEXT_SP				"Please click <Load> \nor <unload>,After \npinter pause."
            ^
"D:\MKS-Robin-Nano-Firmware-v2.x.x\MKS-Robin-Nano-Firmware\User\ui\Multi_language\Language_sp.h",133  Warning[Pe047]: 
          incompatible redefinition of macro "FILAMENT_CHANGE_TEXT_SP"
          (declared at line 114)

    #define FILAMENT_CHANGE_TEXT_IT				"Please click <Load> \nor <unload>,After \npinter pause."
            ^
"D:\MKS-Robin-Nano-Firmware-v2.x.x\MKS-Robin-Nano-Firmware\User\ui\Multi_language\Language_it.h",134  Warning[Pe047]: 
          incompatible redefinition of macro "FILAMENT_CHANGE_TEXT_IT"
          (declared at line 114)

  #define DIALOG_UNBIND_PRINTER_IT                "Unbind the printer?"
          ^
"D:\MKS-Robin-Nano-Firmware-v2.x.x\MKS-Robin-Nano-Firmware\User\ui\Multi_language\Language_it.h",230  Warning[Pe047]: 
          incompatible redefinition of macro "DIALOG_UNBIND_PRINTER_IT"
          (declared at line 225)

  #define FILAMENT_CHANGE_TEXT_JP				"Please click <Load> \nor <unload>,After \npinter pause."
          ^
"D:\MKS-Robin-Nano-Firmware-v2.x.x\MKS-Robin-Nano-Firmware\User\ui\Multi_language\Multi_language.h",899  Warning[Pe047]: 
          incompatible redefinition of macro "FILAMENT_CHANGE_TEXT_JP"
          (declared at line 892)

  #define FILAMENT_CHANGE_TEXT_GN				"Please click <Load> \nor <unload>,After \npinter pause."
          ^
"D:\MKS-Robin-Nano-Firmware-v2.x.x\MKS-Robin-Nano-Firmware\User\ui\Multi_language\Multi_language.h",1107  Warning[Pe047]: 
          incompatible redefinition of macro "FILAMENT_CHANGE_TEXT_GN"
          (declared at line 1101)

  #define Simple_Dec"ºı…Ÿ"
                    ^
"D:\MKS-Robin-Nano-Firmware-v2.x.x\MKS-Robin-Nano-Firmware\User\ui\draw_ui.h",666  Warning[Pe1649]: 
          white space is required between the macro name "Simple_Dec" and its
          replacement text

  #define Simple_Speed "ÀŸ∂»"
          ^
"D:\MKS-Robin-Nano-Firmware-v2.x.x\MKS-Robin-Nano-Firmware\User\ui\draw_ui.h",721  Warning[Pe047]: 
          incompatible redefinition of macro "Simple_Speed" (declared at line
          718)

  #define Complex_Speed "ÀŸ∂»"
          ^
"D:\MKS-Robin-Nano-Firmware-v2.x.x\MKS-Robin-Nano-Firmware\User\ui\draw_ui.h",722  Warning[Pe047]: 
          incompatible redefinition of macro "Complex_Speed" (declared at line
          719)
      6          #include "fontLib.h"
      7          #include "LISTBOX.h"
      8          #include "draw_bind.h"
      9          #include "wifi_module.h"
     10          #include  <string.h>
     11          #include  "draw_set.h"
     12          #include "draw_wifi_list.h"
     13          
     14          #ifndef GUI_FLASH
     15          #define GUI_FLASH
     16          #endif
     17          

   \                                 In section .bss, align 4
     18          static GUI_HWIN hWifiWnd;
   \                     hWifiWnd:
   \   00000000                      DS8 2
   \   00000002                      DS8 2
   \   00000004                      DS8 24
   \   0000001C                      DS8 24
     19          
     20          
     21          extern GUI_FLASH const GUI_FONT GUI_FontHZ_fontHz18;
     22          extern int X_ADD,X_INTERVAL;   //**Õº∆¨º‰∏Ù
     23          
     24          
     25          	

   \                                 In section .bss, align 4
     26          static BUTTON_STRUCT  buttonCloud,buttonRet,buttonReconnect;
   \                     buttonReconnect:
   \   00000000                      DS8 24

   \                                 In section .text, align 2, keep-with-next
     27          static void cbWifiWin(WM_MESSAGE * pMsg) {
   \                     _Z9cbWifiWinP10WM_MESSAGE: (+1)
   \   00000000   0xB51C             PUSH     {R2-R4,LR}
     28          	char buf[6]={0};
   \   00000002   0xA900             ADD      R1,SP,#+0
   \   00000004   0x2200             MOVS     R2,#+0
   \   00000006   0x2300             MOVS     R3,#+0
   \   00000008   0xC10C             STM      R1!,{R2,R3}
     29          	struct PressEvt *press_event;
                 	                 ^
Warning[Pe550]: variable "press_event" was set but never used
     30          	switch (pMsg->MsgId)
   \   0000000A   0x6801             LDR      R1,[R0, #+0]
   \   0000000C   0x290C             CMP      R1,#+12
   \   0000000E   0xBF1C             ITT      NE 
   \   00000010   0x290D             CMPNE    R1,#+13
   \   00000012   0x290F             CMPNE    R1,#+15
   \   00000014   0xD061             BEQ.N    ??cbWifiWin_0
   \   00000016   0x2926             CMP      R1,#+38
   \   00000018   0xD15D             BNE.N    ??cbWifiWin_1
     31          	{
     32          		case WM_PAINT:
     33          			//GUI_SetBkColor(GUI_BLUE);
     34          			//GUI_Clear();
     35          			//GUI_DispString("window");
     36          			break;
     37          		case WM_TOUCH:
     38          		 	press_event = (struct PressEvt *)pMsg->Data.p;
     39          			
     40          			break;
     41          		case WM_TOUCH_CHILD:
     42          			press_event = (struct PressEvt *)pMsg->Data.p;
     43          
     44          			break;
     45          			
     46          		case WM_NOTIFY_PARENT:
     47          			if(pMsg->Data.v == WM_NOTIFICATION_RELEASED)
   \   0000001A   0x6881             LDR      R1,[R0, #+8]
   \   0000001C   0x2902             CMP      R1,#+2
   \   0000001E   0xD15C             BNE.N    ??cbWifiWin_0
     48          			{
     49          				if(pMsg->hWinSrc == buttonCloud.btnHandle)
   \   00000020   0x.... 0x....      LDR.W    R4,??DataTable8_1
   \   00000024   0xF9B0 0x0006      LDRSH    R0,[R0, #+6]
   \   00000028   0xF9B4 0x1004      LDRSH    R1,[R4, #+4]
   \   0000002C   0x4288             CMP      R0,R1
   \   0000002E   0xD110             BNE.N    ??cbWifiWin_2
     50          				{
     51          					Clear_Wifi();
   \   00000030   0x.... 0x....      LDR.W    R0,??DataTable8_2
   \   00000034   0x6940             LDR      R0,[R0, #+20]
   \   00000036   0x.... 0x....      BL       GUI_SetBkColor
   \   0000003A   0xF9B4 0x0000      LDRSH    R0,[R4, #+0]
   \   0000003E   0x.... 0x....      BL       WM_IsWindow
   \   00000042   0xB118             CBZ.N    R0,??cbWifiWin_3
   \   00000044   0xF9B4 0x0000      LDRSH    R0,[R4, #+0]
   \   00000048   0x.... 0x....      BL       WM_DeleteWindow
     52          					draw_bind();
   \                     ??cbWifiWin_3: (+1)
   \   0000004C   0x.... 0x....      BL       draw_bind
   \   00000050   0xBD13             POP      {R0,R1,R4,PC}
     53          				}
     54          				else if(pMsg->hWinSrc == buttonRet.btnHandle)
   \                     ??cbWifiWin_2: (+1)
   \   00000052   0xF9B4 0x101C      LDRSH    R1,[R4, #+28]
   \   00000056   0x4288             CMP      R0,R1
   \   00000058   0xD114             BNE.N    ??cbWifiWin_4
     55          				{
     56          					last_disp_state = WIFI_UI;
   \   0000005A   0x.... 0x....      LDR.W    R1,??DataTable8_3
   \   0000005E   0x2016             MOVS     R0,#+22
   \   00000060   0x7008             STRB     R0,[R1, #+0]
     57          					Clear_Wifi();
   \   00000062   0x.... 0x....      LDR.W    R0,??DataTable8_2
   \   00000066   0x6940             LDR      R0,[R0, #+20]
   \   00000068   0x.... 0x....      BL       GUI_SetBkColor
   \   0000006C   0xF9B4 0x0000      LDRSH    R0,[R4, #+0]
   \   00000070   0x.... 0x....      BL       WM_IsWindow
   \   00000074   0xB118             CBZ.N    R0,??cbWifiWin_5
   \   00000076   0xF9B4 0x0000      LDRSH    R0,[R4, #+0]
   \   0000007A   0x.... 0x....      BL       WM_DeleteWindow
     58          					//draw_return_ui();
     59          					draw_Set();
   \                     ??cbWifiWin_5: (+1)
   \   0000007E   0x.... 0x....      BL       draw_Set
   \   00000082   0xBD13             POP      {R0,R1,R4,PC}
     60          				}	
     61          				else if(pMsg->hWinSrc == buttonReconnect.btnHandle)
   \                     ??cbWifiWin_4: (+1)
   \   00000084   0x.... 0x....      LDR.W    R1,??DataTable8_4
   \   00000088   0x5E89             LDRSH    R1,[R1, R2]
   \   0000008A   0x4288             CMP      R0,R1
   \   0000008C   0xD125             BNE.N    ??cbWifiWin_0
     62          				{
     63          					
     64          					buf[0] = 0xA5;
   \   0000008E   0xF06F 0x005A      MVN      R0,#+90
   \   00000092   0xF88D 0x0000      STRB     R0,[SP, #+0]
     65          					buf[1] = 0x07;
     66          					buf[2] = 0x00;
     67          					buf[3] = 0x00;
     68          					buf[4] = 0xFC;
   \   00000096   0xF06F 0x0103      MVN      R1,#+3
   \   0000009A   0x2007             MOVS     R0,#+7
   \   0000009C   0xF88D 0x0001      STRB     R0,[SP, #+1]
   \   000000A0   0xA800             ADD      R0,SP,#+0
   \   000000A2   0x7101             STRB     R1,[R0, #+4]
   \   000000A4   0x8042             STRH     R2,[R0, #+2]
     69          					raw_send_to_wifi(buf, 5);
   \   000000A6   0x2105             MOVS     R1,#+5
   \   000000A8   0x.... 0x....      BL       _Z16raw_send_to_wifiPci
     70          				
     71          					last_disp_state = WIFI_UI;
   \   000000AC   0x.... 0x....      LDR.W    R1,??DataTable8_3
   \   000000B0   0x2016             MOVS     R0,#+22
   \   000000B2   0x7008             STRB     R0,[R1, #+0]
     72          					Clear_Wifi();
   \   000000B4   0x.... 0x....      LDR.W    R0,??DataTable8_2
   \   000000B8   0x6940             LDR      R0,[R0, #+20]
   \   000000BA   0x.... 0x....      BL       GUI_SetBkColor
   \   000000BE   0xF9B4 0x0000      LDRSH    R0,[R4, #+0]
   \   000000C2   0x.... 0x....      BL       WM_IsWindow
   \   000000C6   0xB118             CBZ.N    R0,??cbWifiWin_6
   \   000000C8   0xF9B4 0x0000      LDRSH    R0,[R4, #+0]
   \   000000CC   0x.... 0x....      BL       WM_DeleteWindow
     73          					draw_Wifi_list();
   \                     ??cbWifiWin_6: (+1)
   \   000000D0   0x.... 0x....      BL       draw_Wifi_list
   \   000000D4   0xBD13             POP      {R0,R1,R4,PC}
     74          				}
     75          				
     76          			}
     77          			break;
     78          			
     79          		default:
     80          			WM_DefaultProc(pMsg);
   \                     ??cbWifiWin_1: (+1)
   \   000000D6   0x.... 0x....      BL       WM_DefaultProc
     81          		}
     82          	}
   \                     ??cbWifiWin_0: (+1)
   \   000000DA   0xBD13             POP      {R0,R1,R4,PC}    ;; return
     83          
     84          //every key:22*23
     85          #define PAD_KEY_WIDTH	22
     86          #define PAD_KEY_HEIGH	23
     87          #define PAD_KEY_DIST	2
     88          

   \                                 In section .text, align 2, keep-with-next
     89          void draw_Wifi()
     90          {	
   \                     draw_Wifi: (+1)
   \   00000000   0xE92D 0x43F0      PUSH     {R4-R9,LR}
     91          	if(disp_state_stack._disp_state[disp_state_stack._disp_index] != WIFI_UI)
   \   00000004   0x.... 0x....      LDR.W    R0,??DataTable8_5
   \   00000008   0xF990 0x1064      LDRSB    R1,[R0, #+100]
   \   0000000C   0xB085             SUB      SP,SP,#+20
   \   0000000E   0x560A             LDRSB    R2,[R1, R0]
   \   00000010   0x2A16             CMP      R2,#+22
   \   00000012   0xD005             BEQ.N    ??draw_Wifi_0
     92          	{
     93          		disp_state_stack._disp_index++;
   \   00000014   0x1C49             ADDS     R1,R1,#+1
   \   00000016   0xF880 0x1064      STRB     R1,[R0, #+100]
     94          		disp_state_stack._disp_state[disp_state_stack._disp_index] = WIFI_UI;
   \   0000001A   0x2216             MOVS     R2,#+22
   \   0000001C   0xB249             SXTB     R1,R1
   \   0000001E   0x540A             STRB     R2,[R1, R0]
     95          	}
     96          	disp_state = WIFI_UI;
   \                     ??draw_Wifi_0: (+1)
   \   00000020   0x2016             MOVS     R0,#+22
   \   00000022   0x.... 0x....      LDR.W    R1,??DataTable8_6
   \   00000026   0x7008             STRB     R0,[R1, #+0]
     97          	GUI_Clear();	
   \   00000028   0x.... 0x....      BL       GUI_Clear
     98          
     99          	GUI_SetBkColor(gCfgItems.background_color);
   \   0000002C   0x.... 0x....      LDR.W    R4,??DataTable8_2
   \   00000030   0x6960             LDR      R0,[R4, #+20]
   \   00000032   0x.... 0x....      BL       GUI_SetBkColor
    100          	GUI_SetColor(gCfgItems.title_color);
   \   00000036   0x69A0             LDR      R0,[R4, #+24]
   \   00000038   0x.... 0x....      BL       GUI_SetColor
    101          	GUI_Clear();
   \   0000003C   0x.... 0x....      BL       GUI_Clear
    102          
    103          	GUI_DispStringAt(creat_title_text(),  TITLE_XPOS, TITLE_YPOS);
   \   00000040   0x.... 0x....      BL       creat_title_text
   \   00000044   0x2205             MOVS     R2,#+5
   \   00000046   0x2103             MOVS     R1,#+3
   \   00000048   0x.... 0x....      BL       GUI_DispStringAt
    104          	
    105          	disp_wifi_state();
   \   0000004C   0x.... 0x....      BL       disp_wifi_state
    106          	
    107          	hWifiWnd = WM_CreateWindow(0 , titleHeight+BTN_Y_PIXEL+INTERVAL_H,LCD_WIDTH,BTN_Y_PIXEL, WM_CF_SHOW, cbWifiWin, 0);
   \   00000050   0x2000             MOVS     R0,#+0
   \   00000052   0x9002             STR      R0,[SP, #+8]
   \   00000054   0x238C             MOVS     R3,#+140
   \   00000056   0x....             LDR.N    R0,??DataTable8_7
   \   00000058   0x....             LDR.N    R5,??DataTable8_1
   \   0000005A   0x9001             STR      R0,[SP, #+4]
   \   0000005C   0xF44F 0x72F0      MOV      R2,#+480
   \   00000060   0x2002             MOVS     R0,#+2
   \   00000062   0x9000             STR      R0,[SP, #+0]
   \   00000064   0x21B2             MOVS     R1,#+178
   \   00000066   0x2000             MOVS     R0,#+0
   \   00000068   0x.... 0x....      BL       WM_CreateWindow
   \   0000006C   0x8028             STRH     R0,[R5, #+0]
    108          
    109          	if(gCfgItems.wifi_type == ESP_WIFI)
   \   0000006E   0xF894 0x023C      LDRB     R0,[R4, #+572]
   \   00000072   0x2802             CMP      R0,#+2
   \   00000074   0xD17A             BNE.N    ??draw_Wifi_1
    110          	{
    111          		
    112          		if((gCfgItems.wifi_type == 0x02)&&(gCfgItems.cloud_enable == 1))
   \   00000076   0xF894 0x023C      LDRB     R0,[R4, #+572]
   \   0000007A   0x2802             CMP      R0,#+2
   \   0000007C   0xBF02             ITTT     EQ 
   \   0000007E   0xF504 0x700F      ADDEQ    R0,R4,#+572
   \   00000082   0xF990 0x0001      LDRSBEQ  R0,[R0, #+1]
   \   00000086   0x2801             CMPEQ    R0,#+1
   \   00000088   0xD149             BNE.N    ??draw_Wifi_2
    113          		{
    114          			buttonCloud.btnHandle = BUTTON_CreateEx(BTN_X_PIXEL*2+INTERVAL_V*3,  0, BTN_X_PIXEL, BTN_Y_PIXEL, hWifiWnd, BUTTON_CF_SHOW, 0, alloc_win_id());
   \   0000008A   0x.... 0x....      BL       alloc_win_id
   \   0000008E   0x9003             STR      R0,[SP, #+12]
   \   00000090   0x238C             MOVS     R3,#+140
   \   00000092   0x2000             MOVS     R0,#+0
   \   00000094   0x9002             STR      R0,[SP, #+8]
   \   00000096   0x2275             MOVS     R2,#+117
   \   00000098   0x2002             MOVS     R0,#+2
   \   0000009A   0x9001             STR      R0,[SP, #+4]
   \   0000009C   0x2100             MOVS     R1,#+0
   \   0000009E   0xF9B5 0x0000      LDRSH    R0,[R5, #+0]
   \   000000A2   0x9000             STR      R0,[SP, #+0]
   \   000000A4   0x20F0             MOVS     R0,#+240
   \   000000A6   0x.... 0x....      BL       BUTTON_CreateEx
   \   000000AA   0x80A8             STRH     R0,[R5, #+4]
    115          
    116          			BUTTON_SetBmpFileName(buttonCloud.btnHandle, "bmp_cloud.bin",1);
   \   000000AC   0x2201             MOVS     R2,#+1
   \   000000AE   0x.... 0x....      ADR.W    R1,`?<Constant "bmp_cloud.bin">`
   \   000000B2   0x.... 0x....      BL       BUTTON_SetBmpFileName
    117          			BUTTON_SetBitmapEx(buttonCloud.btnHandle, 0, &bmp_struct, BMP_PIC_X, BMP_PIC_Y);
   \   000000B6   0x.... 0x....      LDR.W    R8,??DataTable8_8
   \   000000BA   0x.... 0x....      LDR.W    R9,??DataTable8_9
   \   000000BE   0xF998 0x0000      LDRSB    R0,[R8, #+0]
   \   000000C2   0x....             LDR.N    R6,??DataTable8_10
   \   000000C4   0xF999 0x3000      LDRSB    R3,[R9, #+0]
   \   000000C8   0x9000             STR      R0,[SP, #+0]
   \   000000CA   0x4632             MOV      R2,R6
   \   000000CC   0xF9B5 0x0004      LDRSH    R0,[R5, #+4]
   \   000000D0   0x2100             MOVS     R1,#+0
   \   000000D2   0x.... 0x....      BL       BUTTON_SetBitmapEx
    118          		
    119          			//BUTTON_SetBkColor(buttonCloud.btnHandle, BUTTON_CI_PRESSED, gCfgItems.btn_color);
    120          			//BUTTON_SetBkColor(buttonCloud.btnHandle, BUTTON_CI_UNPRESSED, gCfgItems.btn_color);
    121          			//BUTTON_SetTextColor(buttonCloud.btnHandle, BUTTON_CI_PRESSED, gCfgItems.btn_textcolor);
    122          			//BUTTON_SetTextColor(buttonCloud.btnHandle, BUTTON_CI_UNPRESSED, gCfgItems.btn_textcolor);  
    123          
    124          			if(gCfgItems.wifi_scan == 1)
   \   000000D6   0xF894 0x02AC      LDRB     R0,[R4, #+684]
   \   000000DA   0x2801             CMP      R0,#+1
   \   000000DC   0xD146             BNE.N    ??draw_Wifi_1
    125          			{
    126          				buttonReconnect.btnHandle = BUTTON_CreateEx(BTN_X_PIXEL+INTERVAL_V*2, 0, BTN_X_PIXEL, BTN_Y_PIXEL, hWifiWnd, BUTTON_CF_SHOW, 0, alloc_win_id());
   \   000000DE   0x.... 0x....      BL       alloc_win_id
   \   000000E2   0x9003             STR      R0,[SP, #+12]
   \   000000E4   0x238C             MOVS     R3,#+140
   \   000000E6   0x2000             MOVS     R0,#+0
   \   000000E8   0x9002             STR      R0,[SP, #+8]
   \   000000EA   0x2275             MOVS     R2,#+117
   \   000000EC   0x2002             MOVS     R0,#+2
   \   000000EE   0x9001             STR      R0,[SP, #+4]
   \   000000F0   0x2100             MOVS     R1,#+0
   \   000000F2   0xF9B5 0x0000      LDRSH    R0,[R5, #+0]
   \   000000F6   0x9000             STR      R0,[SP, #+0]
   \   000000F8   0x2079             MOVS     R0,#+121
   \   000000FA   0x.... 0x....      BL       BUTTON_CreateEx
   \   000000FE   0x....             LDR.N    R7,??DataTable8_4
    127          
    128          				BUTTON_SetBmpFileName(buttonReconnect.btnHandle, "bmp_wifi.bin",1);
   \   00000100   0x.... 0x....      ADR.W    R1,`?<Constant "bmp_wifi.bin">`
   \   00000104   0x8038             STRH     R0,[R7, #+0]
   \   00000106   0x2201             MOVS     R2,#+1
   \   00000108   0x.... 0x....      BL       BUTTON_SetBmpFileName
    129          				BUTTON_SetBitmapEx(buttonReconnect.btnHandle, 0, &bmp_struct, BMP_PIC_X, BMP_PIC_Y);
   \   0000010C   0xF998 0x0000      LDRSB    R0,[R8, #+0]
   \   00000110   0x9000             STR      R0,[SP, #+0]
   \   00000112   0x2100             MOVS     R1,#+0
   \   00000114   0xF999 0x3000      LDRSB    R3,[R9, #+0]
   \   00000118   0x5E78             LDRSH    R0,[R7, R1]
   \   0000011A   0x4632             MOV      R2,R6
   \   0000011C   0xE024             B.N      ??draw_Wifi_3
    130          			}
    131          		}
    132          		else
    133          		{
    134          			if(gCfgItems.wifi_scan == 1)
   \                     ??draw_Wifi_2: (+1)
   \   0000011E   0xF894 0x02AC      LDRB     R0,[R4, #+684]
   \   00000122   0x2801             CMP      R0,#+1
   \   00000124   0xD122             BNE.N    ??draw_Wifi_1
    135          			{
    136          				buttonReconnect.btnHandle = BUTTON_CreateEx(BTN_X_PIXEL*2+INTERVAL_V*3,  0, BTN_X_PIXEL, BTN_Y_PIXEL, hWifiWnd, BUTTON_CF_SHOW, 0, alloc_win_id());
   \   00000126   0x.... 0x....      BL       alloc_win_id
   \   0000012A   0x9003             STR      R0,[SP, #+12]
   \   0000012C   0x238C             MOVS     R3,#+140
   \   0000012E   0x2000             MOVS     R0,#+0
   \   00000130   0x9002             STR      R0,[SP, #+8]
   \   00000132   0x2275             MOVS     R2,#+117
   \   00000134   0x2002             MOVS     R0,#+2
   \   00000136   0x9001             STR      R0,[SP, #+4]
   \   00000138   0x2100             MOVS     R1,#+0
   \   0000013A   0xF9B5 0x0000      LDRSH    R0,[R5, #+0]
   \   0000013E   0x9000             STR      R0,[SP, #+0]
   \   00000140   0x20F0             MOVS     R0,#+240
   \   00000142   0x.... 0x....      BL       BUTTON_CreateEx
   \   00000146   0x....             LDR.N    R6,??DataTable8_4
    137          
    138          				BUTTON_SetBmpFileName(buttonReconnect.btnHandle, "bmp_wifi.bin",1);
   \   00000148   0x.... 0x....      ADR.W    R1,`?<Constant "bmp_wifi.bin">`
   \   0000014C   0x8030             STRH     R0,[R6, #+0]
   \   0000014E   0x2201             MOVS     R2,#+1
   \   00000150   0x.... 0x....      BL       BUTTON_SetBmpFileName
    139          				BUTTON_SetBitmapEx(buttonReconnect.btnHandle, 0, &bmp_struct, BMP_PIC_X, BMP_PIC_Y);
   \   00000154   0x....             LDR.N    R0,??DataTable8_8
   \   00000156   0x....             LDR.N    R2,??DataTable8_10
   \   00000158   0xF990 0x0000      LDRSB    R0,[R0, #+0]
   \   0000015C   0x9000             STR      R0,[SP, #+0]
   \   0000015E   0x2100             MOVS     R1,#+0
   \   00000160   0x....             LDR.N    R0,??DataTable8_9
   \   00000162   0xF990 0x3000      LDRSB    R3,[R0, #+0]
   \   00000166   0x5E70             LDRSH    R0,[R6, R1]
   \                     ??draw_Wifi_3: (+1)
   \   00000168   0x.... 0x....      BL       BUTTON_SetBitmapEx
    140          			}
    141          		}
    142          		
    143          	}
    144          	
    145          	buttonRet.btnHandle = BUTTON_CreateEx(BTN_X_PIXEL*3+INTERVAL_V*4,  0, BTN_X_PIXEL, BTN_Y_PIXEL, hWifiWnd, BUTTON_CF_SHOW, 0, alloc_win_id());
   \                     ??draw_Wifi_1: (+1)
   \   0000016C   0x.... 0x....      BL       alloc_win_id
   \   00000170   0x9003             STR      R0,[SP, #+12]
   \   00000172   0x238C             MOVS     R3,#+140
   \   00000174   0x2000             MOVS     R0,#+0
   \   00000176   0x9002             STR      R0,[SP, #+8]
   \   00000178   0x2275             MOVS     R2,#+117
   \   0000017A   0x2002             MOVS     R0,#+2
   \   0000017C   0x9001             STR      R0,[SP, #+4]
   \   0000017E   0x2100             MOVS     R1,#+0
   \   00000180   0xF9B5 0x0000      LDRSH    R0,[R5, #+0]
   \   00000184   0x9000             STR      R0,[SP, #+0]
   \   00000186   0xF240 0x1067      MOVW     R0,#+359
   \   0000018A   0x.... 0x....      BL       BUTTON_CreateEx
   \   0000018E   0x83A8             STRH     R0,[R5, #+28]
    146          	
    147          #if VERSION_WITH_PIC	
    148          	BUTTON_SetBmpFileName(buttonRet.btnHandle, "bmp_return.bin",1);
   \   00000190   0x2201             MOVS     R2,#+1
   \   00000192   0x.... 0x....      ADR.W    R1,`?<Constant "bmp_return.bin">`
   \   00000196   0x.... 0x....      BL       BUTTON_SetBmpFileName
    149          	BUTTON_SetBitmapEx(buttonRet.btnHandle, 0, &bmp_struct,BMP_PIC_X, BMP_PIC_Y);
   \   0000019A   0x....             LDR.N    R0,??DataTable8_8
   \   0000019C   0x....             LDR.N    R2,??DataTable8_10
   \   0000019E   0xF990 0x0000      LDRSB    R0,[R0, #+0]
   \   000001A2   0x9000             STR      R0,[SP, #+0]
   \   000001A4   0x2100             MOVS     R1,#+0
   \   000001A6   0x....             LDR.N    R0,??DataTable8_9
   \   000001A8   0xF990 0x3000      LDRSB    R3,[R0, #+0]
   \   000001AC   0xF9B5 0x001C      LDRSH    R0,[R5, #+28]
   \   000001B0   0x.... 0x....      BL       BUTTON_SetBitmapEx
    150              
    151          	//BUTTON_SetBkColor(buttonRet.btnHandle, BUTTON_CI_PRESSED, gCfgItems.back_btn_color);
    152          	//BUTTON_SetBkColor(buttonRet.btnHandle, BUTTON_CI_UNPRESSED, gCfgItems.back_btn_color);
    153          	//BUTTON_SetTextColor(buttonRet.btnHandle, BUTTON_CI_PRESSED, gCfgItems.back_btn_textcolor);
    154          	//BUTTON_SetTextColor(buttonRet.btnHandle, BUTTON_CI_UNPRESSED, gCfgItems.back_btn_textcolor);        
    155          	if(gCfgItems.multiple_language != 0)	
   \   000001B4   0xF894 0x01CF      LDRB     R0,[R4, #+463]
   \   000001B8   0xB318             CBZ.N    R0,??draw_Wifi_4
    156          	{
    157          		//if(gCfgItems.wifi_type == ESP_WIFI)
    158          		if((gCfgItems.wifi_type == ESP_WIFI)&&(gCfgItems.cloud_enable == 1))
   \   000001BA   0xF894 0x023C      LDRB     R0,[R4, #+572]
   \   000001BE   0x2802             CMP      R0,#+2
   \   000001C0   0xBF02             ITTT     EQ 
   \   000001C2   0xF504 0x700F      ADDEQ    R0,R4,#+572
   \   000001C6   0xF990 0x0001      LDRSBEQ  R0,[R0, #+1]
   \   000001CA   0x2801             CMPEQ    R0,#+1
   \   000001CC   0xD105             BNE.N    ??draw_Wifi_5
    159          			BUTTON_SetText(buttonCloud.btnHandle,wifi_menu.cloud); 
   \   000001CE   0x....             LDR.N    R0,??DataTable8_11
   \   000001D0   0x6981             LDR      R1,[R0, #+24]
   \   000001D2   0xF9B5 0x0004      LDRSH    R0,[R5, #+4]
   \   000001D6   0x.... 0x....      BL       BUTTON_SetText
    160          		BUTTON_SetText(buttonRet.btnHandle, common_menu.text_back);
   \                     ??draw_Wifi_5: (+1)
   \   000001DA   0x....             LDR.N    R0,??DataTable8_12
   \   000001DC   0x6801             LDR      R1,[R0, #+0]
   \   000001DE   0xF9B5 0x001C      LDRSH    R0,[R5, #+28]
   \   000001E2   0x.... 0x....      BL       BUTTON_SetText
    161          		if(gCfgItems.wifi_scan == 1)
   \   000001E6   0xF894 0x02AC      LDRB     R0,[R4, #+684]
   \   000001EA   0x2801             CMP      R0,#+1
   \   000001EC   0xD109             BNE.N    ??draw_Wifi_4
    162          			BUTTON_SetText(buttonReconnect.btnHandle,wifi_menu.reconnect); 
   \   000001EE   0xB005             ADD      SP,SP,#+20
   \   000001F0   0x....             LDR.N    R0,??DataTable8_11
   \   000001F2   0x6AC1             LDR      R1,[R0, #+44]
   \   000001F4   0x....             LDR.N    R0,??DataTable8_4
   \   000001F6   0xF9B0 0x0000      LDRSH    R0,[R0, #+0]
   \   000001FA   0xE8BD 0x43F0      POP      {R4-R9,LR}
   \   000001FE   0x.... 0x....      B.W      BUTTON_SetText
    163          	}
    164          
    165          
    166          #endif
    167          
    168          	//GUI_Exec();
    169          
    170          
    171          	
    172          }
   \                     ??draw_Wifi_4: (+1)
   \   00000202   0xB005             ADD      SP,SP,#+20
   \   00000204   0xE8BD 0x83F0      POP      {R4-R9,PC}       ;; return
    173          
    174          

   \                                 In section .text, align 2, keep-with-next
    175          void disp_wifi_state()
    176          {
   \                     disp_wifi_state: (+1)
   \   00000000   0xE92D 0x43F0      PUSH     {R4-R9,LR}
   \   00000004   0xB099             SUB      SP,SP,#+100
    177          		char buf[100]={0};
   \   00000006   0xA800             ADD      R0,SP,#+0
   \   00000008   0x2164             MOVS     R1,#+100
   \   0000000A   0x.... 0x....      BL       __aeabi_memclr4
    178          		GUI_DispStringAt(wifi_menu.ip, 20, titleHeight	+ 25);
   \   0000000E   0x....             LDR.N    R4,??DataTable8_11
   \   00000010   0x6860             LDR      R0,[R4, #+4]
   \   00000012   0x223D             MOVS     R2,#+61
   \   00000014   0x2114             MOVS     R1,#+20
   \   00000016   0x.... 0x....      BL       GUI_DispStringAt
    179          		memset(buf, ' ', sizeof(buf)-1);
   \   0000001A   0x2663             MOVS     R6,#+99
   \   0000001C   0x2720             MOVS     R7,#+32
   \   0000001E   0x2220             MOVS     R2,#+32
   \   00000020   0x4631             MOV      R1,R6
   \   00000022   0xA800             ADD      R0,SP,#+0
   \   00000024   0x.... 0x....      BL       __aeabi_memset4
    180          		GUI_DispStringAt(buf, 20+30, titleHeight  + 25);		
   \   00000028   0x223D             MOVS     R2,#+61
   \   0000002A   0x2132             MOVS     R1,#+50
   \   0000002C   0xA800             ADD      R0,SP,#+0
   \   0000002E   0x.... 0x....      BL       GUI_DispStringAt
    181          		sprintf(buf, "%s", (char *)ipPara.ip_addr); 	
   \   00000032   0x....             ADR.N    R5,??DataTable8  ;; 0x25, 0x73, 0x00, 0x00
   \   00000034   0x....             LDR.N    R2,??DataTable8_13
   \   00000036   0x4629             MOV      R1,R5
   \   00000038   0xA800             ADD      R0,SP,#+0
   \   0000003A   0x.... 0x....      BL       sprintf
    182          		GUI_DispStringAt(buf, 20+30, titleHeight	+ 25);
   \   0000003E   0x223D             MOVS     R2,#+61
   \   00000040   0x2132             MOVS     R1,#+50
   \   00000042   0xA800             ADD      R0,SP,#+0
   \   00000044   0x.... 0x....      BL       GUI_DispStringAt
    183          		
    184          
    185          		GUI_DispStringAt(wifi_menu.wifi, 20, titleHeight	+ 60);
   \   00000048   0x68A0             LDR      R0,[R4, #+8]
   \   0000004A   0x2260             MOVS     R2,#+96
   \   0000004C   0x2114             MOVS     R1,#+20
   \   0000004E   0x.... 0x....      BL       GUI_DispStringAt
    186          		memset(buf, ' ', sizeof(buf)-1);
   \   00000052   0x463A             MOV      R2,R7
   \   00000054   0x4631             MOV      R1,R6
   \   00000056   0xA800             ADD      R0,SP,#+0
   \   00000058   0x.... 0x....      BL       __aeabi_memset4
    187          		GUI_DispStringAt(buf, 20+50, titleHeight  + 60);		
   \   0000005C   0x2260             MOVS     R2,#+96
   \   0000005E   0x2146             MOVS     R1,#+70
   \   00000060   0xA800             ADD      R0,SP,#+0
   \   00000062   0x.... 0x....      BL       GUI_DispStringAt
    188          		sprintf(buf, "%s", wifiPara.ap_name);
   \   00000066   0x.... 0x....      LDR.W    R9,??DataTable8_14
   \   0000006A   0x464A             MOV      R2,R9
   \   0000006C   0x4629             MOV      R1,R5
   \   0000006E   0xA800             ADD      R0,SP,#+0
   \   00000070   0x.... 0x....      BL       sprintf
    189          		GUI_DispStringAt(buf, 20+50, titleHeight	+ 60);
   \   00000074   0x2260             MOVS     R2,#+96
   \   00000076   0x2146             MOVS     R1,#+70
   \   00000078   0xA800             ADD      R0,SP,#+0
   \   0000007A   0x.... 0x....      BL       GUI_DispStringAt
    190          
    191          		if(wifiPara.mode == 0x01)
   \   0000007E   0xF8D9 0x0068      LDR      R0,[R9, #+104]
   \   00000082   0x.... 0x....      LDR.W    R8,??DataTable8_15
   \   00000086   0x2801             CMP      R0,#+1
   \   00000088   0xD147             BNE.N    ??disp_wifi_state_0
    192          		{
    193          			GUI_DispStringAt(wifi_menu.key, 20, titleHeight  + 95);
   \   0000008A   0x68E0             LDR      R0,[R4, #+12]
   \   0000008C   0x2283             MOVS     R2,#+131
   \   0000008E   0x2114             MOVS     R1,#+20
   \   00000090   0x.... 0x....      BL       GUI_DispStringAt
    194          			memset(buf, ' ', sizeof(buf)-1);
   \   00000094   0x2220             MOVS     R2,#+32
   \   00000096   0x4631             MOV      R1,R6
   \   00000098   0xA800             ADD      R0,SP,#+0
   \   0000009A   0x.... 0x....      BL       __aeabi_memset4
    195          			GUI_DispStringAt(buf, 20+40, titleHeight  + 95);		
   \   0000009E   0x2283             MOVS     R2,#+131
   \   000000A0   0x213C             MOVS     R1,#+60
   \   000000A2   0xA800             ADD      R0,SP,#+0
   \   000000A4   0x.... 0x....      BL       GUI_DispStringAt
    196          			sprintf(buf, "%s", wifiPara.keyCode);
   \   000000A8   0xF109 0x0220      ADD      R2,R9,#+32
   \   000000AC   0x4629             MOV      R1,R5
   \   000000AE   0xA800             ADD      R0,SP,#+0
   \   000000B0   0x.... 0x....      BL       sprintf
    197          			GUI_DispStringAt(buf, 20+40, titleHeight	+ 95);
   \   000000B4   0x2283             MOVS     R2,#+131
   \   000000B6   0x213C             MOVS     R1,#+60
   \   000000B8   0xA800             ADD      R0,SP,#+0
   \   000000BA   0x.... 0x....      BL       GUI_DispStringAt
    198          			
    199          			memset(buf, ' ', sizeof(buf)-1);
   \   000000BE   0x463A             MOV      R2,R7
   \   000000C0   0x4631             MOV      R1,R6
   \   000000C2   0xA800             ADD      R0,SP,#+0
   \   000000C4   0x.... 0x....      BL       __aeabi_memset4
    200          			GUI_DispStringAt(buf, 20, titleHeight + 130);				
   \   000000C8   0x22A6             MOVS     R2,#+166
   \   000000CA   0x2114             MOVS     R1,#+20
   \   000000CC   0xA800             ADD      R0,SP,#+0
   \   000000CE   0x.... 0x....      BL       GUI_DispStringAt
    201          			GUI_DispStringAt(wifi_menu.state_ap, 20, titleHeight + 130);
   \   000000D2   0x6920             LDR      R0,[R4, #+16]
   \   000000D4   0x22A6             MOVS     R2,#+166
   \   000000D6   0x2114             MOVS     R1,#+20
   \   000000D8   0x.... 0x....      BL       GUI_DispStringAt
    202          
    203          			
    204          			memset(buf, ' ', sizeof(buf)-1);
   \   000000DC   0x463A             MOV      R2,R7
   \   000000DE   0x4631             MOV      R1,R6
   \   000000E0   0xA800             ADD      R0,SP,#+0
   \   000000E2   0x.... 0x....      BL       __aeabi_memset4
    205          			GUI_DispStringAt(buf, 120, titleHeight + 130);			
   \   000000E6   0x22A6             MOVS     R2,#+166
   \   000000E8   0x2178             MOVS     R1,#+120
   \   000000EA   0xA800             ADD      R0,SP,#+0
   \   000000EC   0x.... 0x....      BL       GUI_DispStringAt
    206          			if(wifi_link_state == WIFI_CONNECTED)
   \   000000F0   0xF998 0x0000      LDRSB    R0,[R8, #+0]
   \   000000F4   0x280E             CMP      R0,#+14
   \   000000F6   0xD103             BNE.N    ??disp_wifi_state_1
    207          				GUI_DispStringAt(wifi_menu.connected, 120, titleHeight + 130);
   \   000000F8   0x69E0             LDR      R0,[R4, #+28]
   \   000000FA   0x22A6             MOVS     R2,#+166
   \   000000FC   0x2178             MOVS     R1,#+120
   \   000000FE   0xE009             B.N      ??disp_wifi_state_2
    208          			else if(wifi_link_state == WIFI_NOT_CONFIG)
   \                     ??disp_wifi_state_1: (+1)
   \   00000100   0xF998 0x0000      LDRSB    R0,[R8, #+0]
   \   00000104   0xB918             CBNZ.N   R0,??disp_wifi_state_3
    209          				GUI_DispStringAt(wifi_menu.disconnected, 120, titleHeight + 130);
   \   00000106   0x6A20             LDR      R0,[R4, #+32]
   \   00000108   0x22A6             MOVS     R2,#+166
   \   0000010A   0x2178             MOVS     R1,#+120
   \   0000010C   0xE002             B.N      ??disp_wifi_state_2
    210          			else 
    211          				GUI_DispStringAt(wifi_menu.exception, 120, titleHeight + 130);
   \                     ??disp_wifi_state_3: (+1)
   \   0000010E   0x6A60             LDR      R0,[R4, #+36]
   \   00000110   0x22A6             MOVS     R2,#+166
   \   00000112   0x2178             MOVS     R1,#+120
   \                     ??disp_wifi_state_2: (+1)
   \   00000114   0x.... 0x....      BL       GUI_DispStringAt
    212          		}
    213          		else
    214          		{
    215          			memset(buf, ' ', sizeof(buf)-1);
    216          			GUI_DispStringAt(buf, 20, titleHeight + 95);				
    217          			GUI_DispStringAt(wifi_menu.state_sta, 20, titleHeight + 95);
    218          			
    219          			memset(buf, ' ', sizeof(buf)-1);
    220          			GUI_DispStringAt(buf, 120, titleHeight + 95);			
    221          			if(wifi_link_state == WIFI_CONNECTED)
    222          				GUI_DispStringAt(wifi_menu.connected, 120, titleHeight + 95);
    223          			else if(wifi_link_state == WIFI_NOT_CONFIG)
    224          				GUI_DispStringAt(wifi_menu.disconnected, 120, titleHeight + 95);
    225          			else 
    226          				GUI_DispStringAt(wifi_menu.exception, 120, titleHeight + 95);	
    227          
    228          			memset(buf, ' ', sizeof(buf)-1);
    229          			GUI_DispStringAt(buf, 20, titleHeight + 130);	
    230          			//memset(buf, ' ', sizeof(buf)-1);
    231          			//GUI_DispStringAt(buf, 160, titleHeight + 130);
    232          		}
    233          }
   \   00000118   0x....             B.N      ?Subroutine0
   \                     ??disp_wifi_state_0: (+1)
   \   0000011A   0x2220             MOVS     R2,#+32
   \   0000011C   0x4631             MOV      R1,R6
   \   0000011E   0xA800             ADD      R0,SP,#+0
   \   00000120   0x.... 0x....      BL       __aeabi_memset4
   \   00000124   0x2283             MOVS     R2,#+131
   \   00000126   0x2114             MOVS     R1,#+20
   \   00000128   0xA800             ADD      R0,SP,#+0
   \   0000012A   0x.... 0x....      BL       GUI_DispStringAt
   \   0000012E   0x6960             LDR      R0,[R4, #+20]
   \   00000130   0x2283             MOVS     R2,#+131
   \   00000132   0x2114             MOVS     R1,#+20
   \   00000134   0x.... 0x....      BL       GUI_DispStringAt
   \   00000138   0x463A             MOV      R2,R7
   \   0000013A   0x4631             MOV      R1,R6
   \   0000013C   0xA800             ADD      R0,SP,#+0
   \   0000013E   0x.... 0x....      BL       __aeabi_memset4
   \   00000142   0x2283             MOVS     R2,#+131
   \   00000144   0x2178             MOVS     R1,#+120
   \   00000146   0xA800             ADD      R0,SP,#+0
   \   00000148   0x.... 0x....      BL       GUI_DispStringAt
   \   0000014C   0xF998 0x0000      LDRSB    R0,[R8, #+0]
   \   00000150   0x280E             CMP      R0,#+14
   \   00000152   0xD103             BNE.N    ??disp_wifi_state_4
   \   00000154   0x69E0             LDR      R0,[R4, #+28]
   \   00000156   0x2283             MOVS     R2,#+131
   \   00000158   0x2178             MOVS     R1,#+120
   \   0000015A   0xE009             B.N      ??disp_wifi_state_5
   \                     ??disp_wifi_state_4: (+1)
   \   0000015C   0xF998 0x0000      LDRSB    R0,[R8, #+0]
   \   00000160   0xB918             CBNZ.N   R0,??disp_wifi_state_6
   \   00000162   0x6A20             LDR      R0,[R4, #+32]
   \   00000164   0x2283             MOVS     R2,#+131
   \   00000166   0x2178             MOVS     R1,#+120
   \   00000168   0xE002             B.N      ??disp_wifi_state_5
   \                     ??disp_wifi_state_6: (+1)
   \   0000016A   0x6A60             LDR      R0,[R4, #+36]
   \   0000016C   0x2283             MOVS     R2,#+131
   \   0000016E   0x2178             MOVS     R1,#+120
   \                     ??disp_wifi_state_5: (+1)
   \   00000170   0x.... 0x....      BL       GUI_DispStringAt
   \   00000174   0x2220             MOVS     R2,#+32
   \   00000176   0x4631             MOV      R1,R6
   \   00000178   0xA800             ADD      R0,SP,#+0
   \   0000017A   0x.... 0x....      BL       __aeabi_memset4
   \   0000017E   0x22A6             MOVS     R2,#+166
   \   00000180   0x2114             MOVS     R1,#+20
   \   00000182   0xA800             ADD      R0,SP,#+0
   \   00000184   0x.... 0x....      BL       GUI_DispStringAt
   \   00000188                      REQUIRE ?Subroutine0
   \   00000188                      ;; // Fall through to label ?Subroutine0

   \                                 In section .text, align 2, keep-with-next
   \                     ?Subroutine0: (+1)
   \   00000000   0xB019             ADD      SP,SP,#+100
   \   00000002   0xE8BD 0x83F0      POP      {R4-R9,PC}       ;; return
    234          

   \                                 In section .text, align 2, keep-with-next
    235          void Clear_Wifi()
    236          {
   \                     Clear_Wifi: (+1)
   \   00000000   0xB510             PUSH     {R4,LR}
    237          	GUI_SetBkColor(gCfgItems.background_color);
   \   00000002   0x....             LDR.N    R0,??DataTable8_2
   \   00000004   0x6940             LDR      R0,[R0, #+20]
   \   00000006   0x.... 0x....      BL       GUI_SetBkColor
    238          	if(WM_IsWindow(hWifiWnd))
   \   0000000A   0x....             LDR.N    R4,??DataTable8_1
   \   0000000C   0xF9B4 0x0000      LDRSH    R0,[R4, #+0]
   \   00000010   0x.... 0x....      BL       WM_IsWindow
   \   00000014   0xB128             CBZ.N    R0,??Clear_Wifi_0
    239          	{
    240          		WM_DeleteWindow(hWifiWnd);
   \   00000016   0xF9B4 0x0000      LDRSH    R0,[R4, #+0]
   \   0000001A   0xE8BD 0x4010      POP      {R4,LR}
   \   0000001E   0x.... 0x....      B.W      WM_DeleteWindow
    241          	//	GUI_Exec();
    242          	}
    243          	
    244          	//GUI_Clear();
    245          }
   \                     ??Clear_Wifi_0: (+1)
   \   00000022   0xBD10             POP      {R4,PC}          ;; return

   \                                 In section .text, align 4, keep-with-next
   \                     ??DataTable8:
   \   00000000   0x25 0x73          DC8      0x25, 0x73, 0x00, 0x00
   \              0x00 0x00    

   \                                 In section .text, align 4, keep-with-next
   \                     ??DataTable8_1:
   \   00000000   0x........         DC32     hWifiWnd

   \                                 In section .text, align 4, keep-with-next
   \                     ??DataTable8_2:
   \   00000000   0x........         DC32     gCfgItems

   \                                 In section .text, align 4, keep-with-next
   \                     ??DataTable8_3:
   \   00000000   0x........         DC32     last_disp_state

   \                                 In section .text, align 4, keep-with-next
   \                     ??DataTable8_4:
   \   00000000   0x........         DC32     buttonReconnect

   \                                 In section .text, align 4, keep-with-next
   \                     ??DataTable8_5:
   \   00000000   0x........         DC32     disp_state_stack

   \                                 In section .text, align 4, keep-with-next
   \                     ??DataTable8_6:
   \   00000000   0x........         DC32     disp_state

   \                                 In section .text, align 4, keep-with-next
   \                     ??DataTable8_7:
   \   00000000   0x........         DC32     _Z9cbWifiWinP10WM_MESSAGE

   \                                 In section .text, align 4, keep-with-next
   \                     ??DataTable8_8:
   \   00000000   0x........         DC32     BMP_PIC_Y

   \                                 In section .text, align 4, keep-with-next
   \                     ??DataTable8_9:
   \   00000000   0x........         DC32     BMP_PIC_X

   \                                 In section .text, align 4, keep-with-next
   \                     ??DataTable8_10:
   \   00000000   0x........         DC32     bmp_struct

   \                                 In section .text, align 4, keep-with-next
   \                     ??DataTable8_11:
   \   00000000   0x........         DC32     wifi_menu

   \                                 In section .text, align 4, keep-with-next
   \                     ??DataTable8_12:
   \   00000000   0x........         DC32     common_menu

   \                                 In section .text, align 4, keep-with-next
   \                     ??DataTable8_13:
   \   00000000   0x........         DC32     ipPara+0x1

   \                                 In section .text, align 4, keep-with-next
   \                     ??DataTable8_14:
   \   00000000   0x........         DC32     wifiPara

   \                                 In section .text, align 4, keep-with-next
   \                     ??DataTable8_15:
   \   00000000   0x........         DC32     wifi_link_state

   \                                 In section .text, align 4, keep-with-next
   \                     `?<Constant "bmp_cloud.bin">`:
   \   00000000   0x62 0x6D          DC8 "bmp_cloud.bin"
   \              0x70 0x5F    
   \              0x63 0x6C    
   \              0x6F 0x75    
   \              0x64 0x2E    
   \              0x62 0x69    
   \              0x6E 0x00    
   \   0000000E   0x00 0x00          DC8 0, 0

   \                                 In section .text, align 4, keep-with-next
   \                     `?<Constant "bmp_wifi.bin">`:
   \   00000000   0x62 0x6D          DC8 "bmp_wifi.bin"
   \              0x70 0x5F    
   \              0x77 0x69    
   \              0x66 0x69    
   \              0x2E 0x62    
   \              0x69 0x6E    
   \              0x00         
   \   0000000D   0x00 0x00          DC8 0, 0, 0
   \              0x00         

   \                                 In section .text, align 4, keep-with-next
   \                     `?<Constant "bmp_return.bin">`:
   \   00000000   0x62 0x6D          DC8 "bmp_return.bin"
   \              0x70 0x5F    
   \              0x72 0x65    
   \              0x74 0x75    
   \              0x72 0x6E    
   \              0x2E 0x62    
   \              0x69 0x6E    
   \              0x00         
   \   0000000F   0x00               DC8 0

   \                                 In section .rodata, align 4, keep-with-next
   \                     `?<Constant {'\\000'}>`:
   \   00000000   0x00 0x00          DC8 0, 0, 0, 0, 0, 0, 0, 0
   \              0x00 0x00    
   \              0x00 0x00    
   \              0x00 0x00    

   \                                 In section .rodata, align 4, keep-with-next
   \                     `?<Constant {'\\000'}>_1`:
   \   00000000   0x00 0x00          DC8 0, 0, 0, 0, 0, 0, 0, 0, 0, 0, 0, 0, 0, 0, 0, 0, 0
   \              0x00 0x00    
   \              0x00 0x00    
   \              0x00 0x00    
   \              0x00 0x00    
   \              0x00 0x00    
   \              0x00 0x00    
   \              0x00 0x00    
   \              0x00         
   \   00000011   0x00 0x00          DC8 0, 0, 0, 0, 0, 0, 0, 0, 0, 0, 0, 0, 0, 0, 0, 0
   \              0x00 0x00    
   \              0x00 0x00    
   \              0x00 0x00    
   \              0x00 0x00    
   \              0x00 0x00    
   \              0x00 0x00    
   \              0x00 0x00    
   \   00000021   0x00 0x00          DC8 0, 0, 0, 0, 0, 0, 0, 0, 0, 0, 0, 0, 0, 0, 0, 0
   \              0x00 0x00    
   \              0x00 0x00    
   \              0x00 0x00    
   \              0x00 0x00    
   \              0x00 0x00    
   \              0x00 0x00    
   \              0x00 0x00    
   \   00000031   0x00 0x00          DC8 0, 0, 0, 0, 0, 0, 0, 0, 0, 0, 0, 0, 0, 0, 0, 0
   \              0x00 0x00    
   \              0x00 0x00    
   \              0x00 0x00    
   \              0x00 0x00    
   \              0x00 0x00    
   \              0x00 0x00    
   \              0x00 0x00    
   \   00000041   0x00 0x00          DC8 0, 0, 0, 0, 0, 0, 0, 0, 0, 0, 0, 0, 0, 0, 0, 0
   \              0x00 0x00    
   \              0x00 0x00    
   \              0x00 0x00    
   \              0x00 0x00    
   \              0x00 0x00    
   \              0x00 0x00    
   \              0x00 0x00    
   \   00000051   0x00 0x00          DC8 0, 0, 0, 0, 0, 0, 0, 0, 0, 0, 0, 0, 0, 0, 0, 0, 0, 0, 0
   \              0x00 0x00    
   \              0x00 0x00    
   \              0x00 0x00    
   \              0x00 0x00    
   \              0x00 0x00    
   \              0x00 0x00    
   \              0x00 0x00    
   \              0x00 0x00    
   \              0x00         

   \                                 In section .rodata, align 4, keep-with-next
   \                     `?<Constant "%s">`:
   \   00000000   0x25 0x73          DC8 "%s"
   \              0x00         
   \   00000003   0x00               DC8 0
    246          
    247          

   Maximum stack usage in bytes:

   .cstack Function
   ------- --------
       8   Clear_Wifi
         8   -> GUI_SetBkColor
         0   -> WM_DeleteWindow
         8   -> WM_IsWindow
      16   cbWifiWin(WM_MESSAGE *)
        16   -> GUI_SetBkColor
        16   -> WM_DefaultProc
        16   -> WM_DeleteWindow
        16   -> WM_IsWindow
        16   -> draw_Set
        16   -> draw_Wifi_list
        16   -> draw_bind
        16   -> raw_send_to_wifi(char *, int)
     128   disp_wifi_state
       128   -> GUI_DispStringAt
       128   -> __aeabi_memclr4
       128   -> __aeabi_memset4
       128   -> sprintf
      48   draw_Wifi
        48   -> BUTTON_CreateEx
        48   -> BUTTON_SetBitmapEx
        48   -> BUTTON_SetBmpFileName
         0   -> BUTTON_SetText
        48   -> BUTTON_SetText
        48   -> GUI_Clear
        48   -> GUI_DispStringAt
        48   -> GUI_SetBkColor
        48   -> GUI_SetColor
        48   -> WM_CreateWindow
        48   -> alloc_win_id
        48   -> creat_title_text
        48   -> disp_wifi_state


   Section sizes:

   Bytes  Function/Label
   -----  --------------
       4  ?<Constant "%s">
      16  ?<Constant "bmp_cloud.bin">
      16  ?<Constant "bmp_return.bin">
      16  ?<Constant "bmp_wifi.bin">
       8  ?<Constant {'\000'}>
     100  ?<Constant {'\000'}>_1
       4  ??DataTable8
       4  ??DataTable8_1
       4  ??DataTable8_10
       4  ??DataTable8_11
       4  ??DataTable8_12
       4  ??DataTable8_13
       4  ??DataTable8_14
       4  ??DataTable8_15
       4  ??DataTable8_2
       4  ??DataTable8_3
       4  ??DataTable8_4
       4  ??DataTable8_5
       4  ??DataTable8_6
       4  ??DataTable8_7
       4  ??DataTable8_8
       4  ??DataTable8_9
       6  ?Subroutine0
      36  Clear_Wifi
      24  buttonReconnect
     220  cbWifiWin(WM_MESSAGE *)
     392  disp_wifi_state
     520  draw_Wifi
      52  hWifiWnd
          buttonCloud
          buttonRet

 
    76 bytes in section .bss
   112 bytes in section .rodata
 1 286 bytes in section .text
 
 1 286 bytes of CODE  memory
   112 bytes of CONST memory
    76 bytes of DATA  memory

Errors: none
Warnings: 18
