###############################################################################
#
# IAR ANSI C/C++ Compiler V7.10.1.6676/W32 for ARM        13/Apr/2020  09:24:01
# Copyright 1999-2014 IAR Systems AB.
#
#    Cpu mode     =  thumb
#    Endian       =  little
#    Source file  =  
#        D:\MKS-Robin-Nano-Firmware-v2.x.x\MKS-Robin-Nano-Firmware\User\ui\draw_about.cpp
#    Command line =  
#        D:\MKS-Robin-Nano-Firmware-v2.x.x\MKS-Robin-Nano-Firmware\User\ui\draw_about.cpp
#        -D USE_HAL_DRIVER -D STM32F103xE -D STM32F10X_HD -D USE_HAL_LIB -D
#        MKS_ROBIN_NANO -D TFT35 -lC
#        D:\MKS-Robin-Nano-Firmware-v2.x.x\MKS-Robin-Nano-Firmware\EWARM\mksRobinNano/List\
#        -lA
#        D:\MKS-Robin-Nano-Firmware-v2.x.x\MKS-Robin-Nano-Firmware\EWARM\mksRobinNano/List\
#        --diag_suppress Pa050 -o
#        D:\MKS-Robin-Nano-Firmware-v2.x.x\MKS-Robin-Nano-Firmware\EWARM\mksRobinNano/Obj\
#        --debug --endian=little --cpu=Cortex-M3 -e --char_is_signed --fpu=None
#        --dlib_config "C:\Program Files (x86)\IAR Systems\Embedded Workbench
#        7.0\arm\INC\c\DLib_Config_Full.h" -I
#        D:\MKS-Robin-Nano-Firmware-v2.x.x\MKS-Robin-Nano-Firmware\EWARM/../Inc\
#        -I
#        D:\MKS-Robin-Nano-Firmware-v2.x.x\MKS-Robin-Nano-Firmware\EWARM/../Src\
#        -I
#        D:\MKS-Robin-Nano-Firmware-v2.x.x\MKS-Robin-Nano-Firmware\EWARM/../Drivers/STM32F1xx_HAL_Driver/Inc\
#        -I
#        D:\MKS-Robin-Nano-Firmware-v2.x.x\MKS-Robin-Nano-Firmware\EWARM/../Drivers/STM32F1xx_HAL_Driver/Inc/Legacy\
#        -I
#        D:\MKS-Robin-Nano-Firmware-v2.x.x\MKS-Robin-Nano-Firmware\EWARM/../Middlewares/Third_Party/FatFs/src/drivers\
#        -I
#        D:\MKS-Robin-Nano-Firmware-v2.x.x\MKS-Robin-Nano-Firmware\EWARM/../Middlewares/ST/STM32_USB_Host_Library/Core/Inc\
#        -I
#        D:\MKS-Robin-Nano-Firmware-v2.x.x\MKS-Robin-Nano-Firmware\EWARM/../Middlewares/ST/STM32_USB_Host_Library/Class/MSC/Inc\
#        -I
#        D:\MKS-Robin-Nano-Firmware-v2.x.x\MKS-Robin-Nano-Firmware\EWARM/../Drivers/CMSIS/Device/ST/STM32F1xx/Include\
#        -I
#        D:\MKS-Robin-Nano-Firmware-v2.x.x\MKS-Robin-Nano-Firmware\EWARM/../Middlewares/Third_Party/FatFs/src\
#        -I
#        D:\MKS-Robin-Nano-Firmware-v2.x.x\MKS-Robin-Nano-Firmware\EWARM/../Middlewares/Third_Party/Marlin\
#        -I
#        D:\MKS-Robin-Nano-Firmware-v2.x.x\MKS-Robin-Nano-Firmware\EWARM/../Drivers/CMSIS/Include\
#        -I
#        D:\MKS-Robin-Nano-Firmware-v2.x.x\MKS-Robin-Nano-Firmware\EWARM/../Drivers/BSP/variant\
#        -I
#        D:\MKS-Robin-Nano-Firmware-v2.x.x\MKS-Robin-Nano-Firmware\EWARM/../Drivers/BSP/Components/at24cxx\
#        -I
#        D:\MKS-Robin-Nano-Firmware-v2.x.x\MKS-Robin-Nano-Firmware\EWARM/../Drivers/BSP/Components/w25qxx\
#        -I
#        D:\MKS-Robin-Nano-Firmware-v2.x.x\MKS-Robin-Nano-Firmware\EWARM/../Drivers/BSP/Components/lcd\
#        -I
#        D:\MKS-Robin-Nano-Firmware-v2.x.x\MKS-Robin-Nano-Firmware\EWARM/../Drivers/STM32F10x_StdPeriph_Driver/inc\
#        -I
#        D:\MKS-Robin-Nano-Firmware-v2.x.x\MKS-Robin-Nano-Firmware\EWARM/../Drivers/libstmf4/include\
#        -I
#        D:\MKS-Robin-Nano-Firmware-v2.x.x\MKS-Robin-Nano-Firmware\EWARM/../Middlewares/arduino/stm32/cores/arduino\
#        -I
#        D:\MKS-Robin-Nano-Firmware-v2.x.x\MKS-Robin-Nano-Firmware\EWARM/../User/ui\
#        -I
#        D:\MKS-Robin-Nano-Firmware-v2.x.x\MKS-Robin-Nano-Firmware\EWARM/../User/ui/Multi_language\
#        -I
#        D:\MKS-Robin-Nano-Firmware-v2.x.x\MKS-Robin-Nano-Firmware\EWARM/../User/ui/QRENCODE\
#        -I
#        D:\MKS-Robin-Nano-Firmware-v2.x.x\MKS-Robin-Nano-Firmware\EWARM\..\Middlewares\GUI\
#        -Oh --eec++ -I "C:\Program Files (x86)\IAR Systems\Embedded Workbench
#        7.0\arm\CMSIS\Include\"
#    List file    =  
#        D:\MKS-Robin-Nano-Firmware-v2.x.x\MKS-Robin-Nano-Firmware\EWARM\mksRobinNano/List\draw_about.lst
#    Object file  =  
#        D:\MKS-Robin-Nano-Firmware-v2.x.x\MKS-Robin-Nano-Firmware\EWARM\mksRobinNano/Obj\draw_about.o
#
###############################################################################

D:\MKS-Robin-Nano-Firmware-v2.x.x\MKS-Robin-Nano-Firmware\User\ui\draw_about.cpp
      1          #include "draw_about.h"
      2          #include "draw_ui.h"

  #define UNUSED(x) ((void)(x))
          ^
"D:\MKS-Robin-Nano-Firmware-v2.x.x\MKS-Robin-Nano-Firmware\Drivers\STM32F1xx_HAL_Driver\Inc\stm32f1xx_hal_def.h",87  Warning[Pe047]: 
          incompatible redefinition of macro "UNUSED" (declared at line 101 of
          "D:\MKS-Robin-Nano-Firmware-v2.x.x\MKS-Robin-Nano-Firmware\EWARM/../M
          iddlewares/Third_Party/Marlin\macros.h")

  		volatile volatile float desireBedTempBak;
  		         ^
"D:\MKS-Robin-Nano-Firmware-v2.x.x\MKS-Robin-Nano-Firmware\Inc\mks_cfg.h",626  Warning[Pe083]: 
          type qualifier specified more than once

    #define FILAMENT_CHANGE_TEXT_EN				"Please click <Load> \nor <unload>,After \npinter pause."
            ^
"D:\MKS-Robin-Nano-Firmware-v2.x.x\MKS-Robin-Nano-Firmware\User\ui\Multi_language\Language_en.h",337  Warning[Pe047]: 
          incompatible redefinition of macro "FILAMENT_CHANGE_TEXT_EN"
          (declared at line 315)

  #define DIALOG_UNBIND_PRINTER_CN            "Ëß£Èô§ÁªëÂÆö?"
          ^
"D:\MKS-Robin-Nano-Firmware-v2.x.x\MKS-Robin-Nano-Firmware\User\ui\Multi_language\Language_s_cn.h",408  Warning[Pe047]: 
          incompatible redefinition of macro "DIALOG_UNBIND_PRINTER_CN"
          (declared at line 403)

    #define FILAMENT_CHANGE_TEXT_T_CN				"ÂæÖÊâìÂç∞Ê©üÊö´ÂÅúÂêé,\nË´ãÊåâ<ÈÄ≤Êñô>Êàñ<ÈÄÄÊñô>"
            ^
"D:\MKS-Robin-Nano-Firmware-v2.x.x\MKS-Robin-Nano-Firmware\User\ui\Multi_language\Language_t_cn.h",318  Warning[Pe047]: 
          incompatible redefinition of macro "FILAMENT_CHANGE_TEXT_T_CN"
          (declared at line 304)

    #define FILAMENT_CHANGE_TEXT_RU				"Please click <Load> \nor <unload>,After \npinter pause."
            ^
"D:\MKS-Robin-Nano-Firmware-v2.x.x\MKS-Robin-Nano-Firmware\User\ui\Multi_language\Language_ru.h",134  Warning[Pe047]: 
          incompatible redefinition of macro "FILAMENT_CHANGE_TEXT_RU"
          (declared at line 114)

  #define DIALOG_UNBIND_PRINTER_RU            "Unbind the printer?"
          ^
"D:\MKS-Robin-Nano-Firmware-v2.x.x\MKS-Robin-Nano-Firmware\User\ui\Multi_language\Language_ru.h",231  Warning[Pe047]: 
          incompatible redefinition of macro "DIALOG_UNBIND_PRINTER_RU"
          (declared at line 226)

    #define FILAMENT_CHANGE_TEXT_FR				"Please click <Load> \nor <unload>,After \npinter pause."
            ^
"D:\MKS-Robin-Nano-Firmware-v2.x.x\MKS-Robin-Nano-Firmware\User\ui\Multi_language\Language_fr.h",134  Warning[Pe047]: 
          incompatible redefinition of macro "FILAMENT_CHANGE_TEXT_FR"
          (declared at line 114)

  #define DIALOG_UNBIND_PRINTER_FR        "Unbind the printer?"
          ^
"D:\MKS-Robin-Nano-Firmware-v2.x.x\MKS-Robin-Nano-Firmware\User\ui\Multi_language\Language_fr.h",234  Warning[Pe047]: 
          incompatible redefinition of macro "DIALOG_UNBIND_PRINTER_FR"
          (declared at line 230)

    #define FILAMENT_CHANGE_TEXT_SP				"Please click <Load> \nor <unload>,After \npinter pause."
            ^
"D:\MKS-Robin-Nano-Firmware-v2.x.x\MKS-Robin-Nano-Firmware\User\ui\Multi_language\Language_sp.h",133  Warning[Pe047]: 
          incompatible redefinition of macro "FILAMENT_CHANGE_TEXT_SP"
          (declared at line 114)

    #define FILAMENT_CHANGE_TEXT_IT				"Please click <Load> \nor <unload>,After \npinter pause."
            ^
"D:\MKS-Robin-Nano-Firmware-v2.x.x\MKS-Robin-Nano-Firmware\User\ui\Multi_language\Language_it.h",134  Warning[Pe047]: 
          incompatible redefinition of macro "FILAMENT_CHANGE_TEXT_IT"
          (declared at line 114)

  #define DIALOG_UNBIND_PRINTER_IT                "Unbind the printer?"
          ^
"D:\MKS-Robin-Nano-Firmware-v2.x.x\MKS-Robin-Nano-Firmware\User\ui\Multi_language\Language_it.h",230  Warning[Pe047]: 
          incompatible redefinition of macro "DIALOG_UNBIND_PRINTER_IT"
          (declared at line 225)

  #define FILAMENT_CHANGE_TEXT_JP				"Please click <Load> \nor <unload>,After \npinter pause."
          ^
"D:\MKS-Robin-Nano-Firmware-v2.x.x\MKS-Robin-Nano-Firmware\User\ui\Multi_language\Multi_language.h",899  Warning[Pe047]: 
          incompatible redefinition of macro "FILAMENT_CHANGE_TEXT_JP"
          (declared at line 892)

  #define FILAMENT_CHANGE_TEXT_GN				"Please click <Load> \nor <unload>,After \npinter pause."
          ^
"D:\MKS-Robin-Nano-Firmware-v2.x.x\MKS-Robin-Nano-Firmware\User\ui\Multi_language\Multi_language.h",1107  Warning[Pe047]: 
          incompatible redefinition of macro "FILAMENT_CHANGE_TEXT_GN"
          (declared at line 1101)

  #define Simple_Dec"ºı…Ÿ"
                    ^
"D:\MKS-Robin-Nano-Firmware-v2.x.x\MKS-Robin-Nano-Firmware\User\ui\draw_ui.h",666  Warning[Pe1649]: 
          white space is required between the macro name "Simple_Dec" and its
          replacement text

  #define Simple_Speed "ÀŸ∂»"
          ^
"D:\MKS-Robin-Nano-Firmware-v2.x.x\MKS-Robin-Nano-Firmware\User\ui\draw_ui.h",721  Warning[Pe047]: 
          incompatible redefinition of macro "Simple_Speed" (declared at line
          718)

  #define Complex_Speed "ÀŸ∂»"
          ^
"D:\MKS-Robin-Nano-Firmware-v2.x.x\MKS-Robin-Nano-Firmware\User\ui\draw_ui.h",722  Warning[Pe047]: 
          incompatible redefinition of macro "Complex_Speed" (declared at line
          719)
      3          #include <string.h>
      4          #include <stdio.h>
      5          #include "pic_manager.h"
      6          #include "spi_flash.h"

  #define IS_SPI_DIRECTION_MODE(MODE) (((MODE) == SPI_Direction_2Lines_FullDuplex) || \
          ^
"D:\MKS-Robin-Nano-Firmware-v2.x.x\MKS-Robin-Nano-Firmware\Drivers\STM32F10x_StdPeriph_Driver\inc\stm32f10x_spi.h",132  Warning[Pe047]: 
          incompatible redefinition of macro "IS_SPI_DIRECTION_MODE" (declared
          at line 466 of
          "D:\MKS-Robin-Nano-Firmware-v2.x.x\MKS-Robin-Nano-Firmware\Drivers\ST
          M32F1xx_HAL_Driver\Inc\stm32f1xx_hal_spi.h")

  #define IS_SPI_MODE(MODE) (((MODE) == SPI_Mode_Master) || \
          ^
"D:\MKS-Robin-Nano-Firmware-v2.x.x\MKS-Robin-Nano-Firmware\Drivers\STM32F10x_StdPeriph_Driver\inc\stm32f10x_spi.h",146  Warning[Pe047]: 
          incompatible redefinition of macro "IS_SPI_MODE" (declared at line
          459 of
          "D:\MKS-Robin-Nano-Firmware-v2.x.x\MKS-Robin-Nano-Firmware\Drivers\ST
          M32F1xx_HAL_Driver\Inc\stm32f1xx_hal_spi.h")

  #define IS_SPI_DATASIZE(DATASIZE) (((DATASIZE) == SPI_DataSize_16b) || \
          ^
"D:\MKS-Robin-Nano-Firmware-v2.x.x\MKS-Robin-Nano-Firmware\Drivers\STM32F10x_StdPeriph_Driver\inc\stm32f10x_spi.h",158  Warning[Pe047]: 
          incompatible redefinition of macro "IS_SPI_DATASIZE" (declared at
          line 488 of
          "D:\MKS-Robin-Nano-Firmware-v2.x.x\MKS-Robin-Nano-Firmware\Drivers\ST
          M32F1xx_HAL_Driver\Inc\stm32f1xx_hal_spi.h")

  #define IS_SPI_CPOL(CPOL) (((CPOL) == SPI_CPOL_Low) || \
          ^
"D:\MKS-Robin-Nano-Firmware-v2.x.x\MKS-Robin-Nano-Firmware\Drivers\STM32F10x_StdPeriph_Driver\inc\stm32f10x_spi.h",170  Warning[Pe047]: 
          incompatible redefinition of macro "IS_SPI_CPOL" (declared at line
          496 of
          "D:\MKS-Robin-Nano-Firmware-v2.x.x\MKS-Robin-Nano-Firmware\Drivers\ST
          M32F1xx_HAL_Driver\Inc\stm32f1xx_hal_spi.h")

  #define IS_SPI_CPHA(CPHA) (((CPHA) == SPI_CPHA_1Edge) || \
          ^
"D:\MKS-Robin-Nano-Firmware-v2.x.x\MKS-Robin-Nano-Firmware\Drivers\STM32F10x_StdPeriph_Driver\inc\stm32f10x_spi.h",182  Warning[Pe047]: 
          incompatible redefinition of macro "IS_SPI_CPHA" (declared at line
          504 of
          "D:\MKS-Robin-Nano-Firmware-v2.x.x\MKS-Robin-Nano-Firmware\Drivers\ST
          M32F1xx_HAL_Driver\Inc\stm32f1xx_hal_spi.h")

  #define IS_SPI_NSS(NSS) (((NSS) == SPI_NSS_Soft) || \
          ^
"D:\MKS-Robin-Nano-Firmware-v2.x.x\MKS-Robin-Nano-Firmware\Drivers\STM32F10x_StdPeriph_Driver\inc\stm32f10x_spi.h",194  Warning[Pe047]: 
          incompatible redefinition of macro "IS_SPI_NSS" (declared at line
          512 of
          "D:\MKS-Robin-Nano-Firmware-v2.x.x\MKS-Robin-Nano-Firmware\Drivers\ST
          M32F1xx_HAL_Driver\Inc\stm32f1xx_hal_spi.h")

  #define IS_SPI_BAUDRATE_PRESCALER(PRESCALER) (((PRESCALER) == SPI_BaudRatePrescaler_2) || \
          ^
"D:\MKS-Robin-Nano-Firmware-v2.x.x\MKS-Robin-Nano-Firmware\Drivers\STM32F10x_StdPeriph_Driver\inc\stm32f10x_spi.h",212  Warning[Pe047]: 
          incompatible redefinition of macro "IS_SPI_BAUDRATE_PRESCALER"
          (declared at line 521 of
          "D:\MKS-Robin-Nano-Firmware-v2.x.x\MKS-Robin-Nano-Firmware\Drivers\ST
          M32F1xx_HAL_Driver\Inc\stm32f1xx_hal_spi.h")

  #define IS_SPI_FIRST_BIT(BIT) (((BIT) == SPI_FirstBit_MSB) || \
          ^
"D:\MKS-Robin-Nano-Firmware-v2.x.x\MKS-Robin-Nano-Firmware\Drivers\STM32F10x_StdPeriph_Driver\inc\stm32f10x_spi.h",230  Warning[Pe047]: 
          incompatible redefinition of macro "IS_SPI_FIRST_BIT" (declared at
          line 535 of
          "D:\MKS-Robin-Nano-Firmware-v2.x.x\MKS-Robin-Nano-Firmware\Drivers\ST
          M32F1xx_HAL_Driver\Inc\stm32f1xx_hal_spi.h")

  #define SPI_FLAG_CRCERR                 ((uint16_t)0x0010)
          ^
"D:\MKS-Robin-Nano-Firmware-v2.x.x\MKS-Robin-Nano-Firmware\Drivers\STM32F10x_StdPeriph_Driver\inc\stm32f10x_spi.h",408  Warning[Pe047]: 
          incompatible redefinition of macro "SPI_FLAG_CRCERR" (declared at
          line 308 of
          "D:\MKS-Robin-Nano-Firmware-v2.x.x\MKS-Robin-Nano-Firmware\Drivers\ST
          M32F1xx_HAL_Driver\Inc\stm32f1xx_hal_spi.h")

  #define SPI_FLAG_MODF                   ((uint16_t)0x0020)
          ^
"D:\MKS-Robin-Nano-Firmware-v2.x.x\MKS-Robin-Nano-Firmware\Drivers\STM32F10x_StdPeriph_Driver\inc\stm32f10x_spi.h",409  Warning[Pe047]: 
          incompatible redefinition of macro "SPI_FLAG_MODF" (declared at line
          309 of
          "D:\MKS-Robin-Nano-Firmware-v2.x.x\MKS-Robin-Nano-Firmware\Drivers\ST
          M32F1xx_HAL_Driver\Inc\stm32f1xx_hal_spi.h")

  #define IS_SPI_CRC_POLYNOMIAL(POLYNOMIAL) ((POLYNOMIAL) >= 0x1)
          ^
"D:\MKS-Robin-Nano-Firmware-v2.x.x\MKS-Robin-Nano-Firmware\Drivers\STM32F10x_StdPeriph_Driver\inc\stm32f10x_spi.h",425  Warning[Pe047]: 
          incompatible redefinition of macro "IS_SPI_CRC_POLYNOMIAL" (declared
          at line 558 of
          "D:\MKS-Robin-Nano-Firmware-v2.x.x\MKS-Robin-Nano-Firmware\Drivers\ST
          M32F1xx_HAL_Driver\Inc\stm32f1xx_hal_spi.h")

  #else defined(MKS_ROBIN_NANO)
        ^
"D:\MKS-Robin-Nano-Firmware-v2.x.x\MKS-Robin-Nano-Firmware\Drivers\BSP\Components\w25qxx\spi_flash.h",40  Warning[Pe014]: 
          extra text after expected end of preprocessing directive
      7          
      8          #ifndef GUI_FLASH
      9          #define GUI_FLASH
     10          #endif
     11          

   \                                 In section .bss, align 4
     12          static GUI_HWIN hAboutWnd;
   \                     hAboutWnd:
   \   00000000                      DS8 2
   \   00000002                      DS8 2
   \   00000004                      DS8 2
   \   00000006                      DS8 2
   \   00000008                      DS8 2
   \   0000000A                      DS8 2
   \   0000000C                      DS8 24
     13          
     14          extern char wifi_firm_ver[20];
     15          //char wifi_firm_ver[20] = {0};
     16          
     17          //extern GUI_FLASH const GUI_FONT GUI_FontHZ_fontHz18;
     18          extern GUI_CONST_STORAGE GUI_BITMAP bmp_logo;
     19          extern int X_ADD,X_INTERVAL;   //**Õº∆¨º‰∏Ù
     20          
     21          static BUTTON_STRUCT buttonRet;
     22          static TEXT_Handle TFT_Version_text,TFT_Type_text,Wifi_Ver_text,Shengma_text;
     23          

   \                                 In section .text, align 2, keep-with-next
     24          static void cbAboutWin(WM_MESSAGE * pMsg) {
     25          
     26          	switch (pMsg->MsgId)
   \                     _Z10cbAboutWinP10WM_MESSAGE: (+1)
   \   00000000   0x6801             LDR      R1,[R0, #+0]
   \   00000002   0x290C             CMP      R1,#+12
   \   00000004   0xD100             BNE.N    ??cbAboutWin_0
   \   00000006   0x4770             BX       LR
   \                     ??cbAboutWin_0: (+1)
   \   00000008   0xB510             PUSH     {R4,LR}
   \   0000000A   0x290D             CMP      R1,#+13
   \   0000000C   0xBF18             IT       NE 
   \   0000000E   0x290F             CMPNE    R1,#+15
   \   00000010   0xD020             BEQ.N    ??cbAboutWin_1
   \   00000012   0x2926             CMP      R1,#+38
   \   00000014   0xD11A             BNE.N    ??cbAboutWin_2
     27          	{
     28          		case WM_PAINT:
     29          			//GUI_SetBkColor(GUI_BLUE);
     30          			//GUI_Clear();
     31          			//GUI_DispString("window");
     32          			break;
     33          		case WM_TOUCH:
     34          		 	
     35          			break;
     36          		case WM_TOUCH_CHILD:
     37          			
     38          			break;
     39          			
     40          		case WM_NOTIFY_PARENT:
     41          			if(pMsg->Data.v == WM_NOTIFICATION_RELEASED)
   \   00000016   0x6881             LDR      R1,[R0, #+8]
   \   00000018   0x2902             CMP      R1,#+2
   \   0000001A   0xBF01             ITTTT    EQ 
     42          			{
     43          				if(pMsg->hWinSrc == buttonRet.btnHandle)
   \   0000001C   0x....             LDREQ.N  R4,??DataTable6_1
   \   0000001E   0xF9B0 0x0006      LDRSHEQ  R0,[R0, #+6]
   \   00000022   0xF9B4 0x100C      LDRSHEQ  R1,[R4, #+12]
   \   00000026   0x4288             CMPEQ    R0,R1
   \   00000028   0xD114             BNE.N    ??cbAboutWin_1
     44          				{
     45          					
     46          					Clear_About();
   \   0000002A   0x....             LDR.N    R0,??DataTable6_2
   \   0000002C   0x6940             LDR      R0,[R0, #+20]
   \   0000002E   0x.... 0x....      BL       GUI_SetBkColor
   \   00000032   0xF9B4 0x0000      LDRSH    R0,[R4, #+0]
   \   00000036   0x.... 0x....      BL       WM_IsWindow
   \   0000003A   0xB118             CBZ.N    R0,??cbAboutWin_3
   \   0000003C   0xF9B4 0x0000      LDRSH    R0,[R4, #+0]
   \   00000040   0x.... 0x....      BL       WM_DeleteWindow
     47          					draw_return_ui();
   \                     ??cbAboutWin_3: (+1)
   \   00000044   0xE8BD 0x4010      POP      {R4,LR}
   \   00000048   0x.... 0x....      B.W      draw_return_ui
     48          				}
     49          				
     50          			}
     51          			break;
     52          			
     53          		default:
     54          			WM_DefaultProc(pMsg);
   \                     ??cbAboutWin_2: (+1)
   \   0000004C   0xE8BD 0x4010      POP      {R4,LR}
   \   00000050   0x.... 0x....      B.W      WM_DefaultProc
     55          		}
     56          	}
   \                     ??cbAboutWin_1: (+1)
   \   00000054   0xBD10             POP      {R4,PC}          ;; return
     57          
     58          #define ESP_WIFI		0x02
     59          extern char cmd_code[CMD_CODE_LEN+1];
     60          

   \                                 In section .text, align 2, keep-with-next
     61          void draw_About()
     62          {
   \                     draw_About: (+1)
   \   00000000   0xE92D 0x43F0      PUSH     {R4-R9,LR}
     63          		
     64          //	int titleHeight = 30;
     65          
     66          //	int imgHeight = LCD_HEIGHT - titleHeight;	
     67          	
     68          	int i;
                 	    ^
Warning[Pe177]: variable "i" was declared but never referenced
     69          	uint8_t buf[101];
     70          	
     71          	if(disp_state_stack._disp_state[disp_state_stack._disp_index] != ABOUT_UI)
   \   00000004   0x....             LDR.N    R0,??DataTable6_3
   \   00000006   0xF990 0x1064      LDRSB    R1,[R0, #+100]
   \   0000000A   0xB09F             SUB      SP,SP,#+124
   \   0000000C   0x560A             LDRSB    R2,[R1, R0]
   \   0000000E   0x2A11             CMP      R2,#+17
   \   00000010   0xD005             BEQ.N    ??draw_About_0
     72          	{
     73          		disp_state_stack._disp_index++;
   \   00000012   0x1C49             ADDS     R1,R1,#+1
   \   00000014   0xF880 0x1064      STRB     R1,[R0, #+100]
     74          		disp_state_stack._disp_state[disp_state_stack._disp_index] = ABOUT_UI;
   \   00000018   0x2211             MOVS     R2,#+17
   \   0000001A   0xB249             SXTB     R1,R1
   \   0000001C   0x540A             STRB     R2,[R1, R0]
     75          	}
     76          	disp_state = ABOUT_UI;
   \                     ??draw_About_0: (+1)
   \   0000001E   0x2011             MOVS     R0,#+17
   \   00000020   0x....             LDR.N    R1,??DataTable6_4
     77          /*
     78          	GUI_SetBkColor(gCfgItems.state_background_color);
     79          	GUI_SetColor(gCfgItems.state_text_color);
     80          	GUI_Clear();
     81          */
     82          	GUI_SetBkColor(gCfgItems.background_color);
   \   00000022   0x....             LDR.N    R4,??DataTable6_2
   \   00000024   0x7008             STRB     R0,[R1, #+0]
   \   00000026   0x6960             LDR      R0,[R4, #+20]
   \   00000028   0x.... 0x....      BL       GUI_SetBkColor
     83          	GUI_SetColor(gCfgItems.title_color);
   \   0000002C   0xF104 0x0614      ADD      R6,R4,#+20
   \   00000030   0x6870             LDR      R0,[R6, #+4]
   \   00000032   0x.... 0x....      BL       GUI_SetColor
     84          	GUI_Clear();
   \   00000036   0x.... 0x....      BL       GUI_Clear
     85          
     86          
     87          	
     88          	//GUI_DispStringAt(about_menu.type, 240, titleHeight  + 135);
     89          	//GUI_DispStringAt(about_menu.version, 240, titleHeight + 175);
     90          
     91          	GUI_DispStringAt(creat_title_text(),  TITLE_XPOS, TITLE_YPOS);
   \   0000003A   0x.... 0x....      BL       creat_title_text
   \   0000003E   0x2205             MOVS     R2,#+5
   \   00000040   0x2103             MOVS     R1,#+3
   \   00000042   0x.... 0x....      BL       GUI_DispStringAt
     92          	
     93          	hAboutWnd = WM_CreateWindow(0,titleHeight, LCD_WIDTH, imgHeight, WM_CF_SHOW, cbAboutWin, 0);
   \   00000046   0x2000             MOVS     R0,#+0
   \   00000048   0x9002             STR      R0,[SP, #+8]
   \   0000004A   0xF44F 0x738E      MOV      R3,#+284
   \   0000004E   0x....             LDR.N    R0,??DataTable6_5
   \   00000050   0x9001             STR      R0,[SP, #+4]
   \   00000052   0xF44F 0x72F0      MOV      R2,#+480
   \   00000056   0x2002             MOVS     R0,#+2
   \   00000058   0x9000             STR      R0,[SP, #+0]
   \   0000005A   0x2124             MOVS     R1,#+36
   \   0000005C   0x2000             MOVS     R0,#+0
   \   0000005E   0x.... 0x....      BL       WM_CreateWindow
   \   00000062   0x....             LDR.N    R5,??DataTable6_1
     94          
     95          	TFT_Type_text = TEXT_CreateEx(BTN_X_PIXEL-25,BTN_Y_PIXEL-90, LCD_WIDTH-BTN_X_PIXEL, 30, hAboutWnd, WM_CF_SHOW,TEXT_CF_LEFT|GUI_TA_VCENTER, GUI_ID_TEXT1, "Type:MKS TFT");
   \   00000064   0x.... 0x....      ADR.W    R1,`?<Constant "Type:MKS TFT">`
   \   00000068   0x9104             STR      R1,[SP, #+16]
   \   0000006A   0x8028             STRH     R0,[R5, #+0]
   \   0000006C   0xF240 0x1761      MOVW     R7,#+353
   \   00000070   0x9703             STR      R7,[SP, #+12]
   \   00000072   0x210C             MOVS     R1,#+12
   \   00000074   0x9102             STR      R1,[SP, #+8]
   \   00000076   0x9000             STR      R0,[SP, #+0]
   \   00000078   0x2102             MOVS     R1,#+2
   \   0000007A   0x9101             STR      R1,[SP, #+4]
   \   0000007C   0xF240 0x186B      MOVW     R8,#+363
   \   00000080   0x231E             MOVS     R3,#+30
   \   00000082   0x4642             MOV      R2,R8
   \   00000084   0x2132             MOVS     R1,#+50
   \   00000086   0x205C             MOVS     R0,#+92
   \   00000088   0x.... 0x....      BL       TEXT_CreateEx
   \   0000008C   0x80A8             STRH     R0,[R5, #+4]
     96          	TFT_Version_text = TEXT_CreateEx(BTN_X_PIXEL-25,BTN_Y_PIXEL-60, LCD_WIDTH-BTN_X_PIXEL, 30, hAboutWnd, WM_CF_SHOW,TEXT_CF_LEFT|GUI_TA_VCENTER, GUI_ID_TEXT1, "Version:1.0.0");
   \   0000008E   0x231E             MOVS     R3,#+30
   \   00000090   0x.... 0x....      ADR.W    R0,`?<Constant "Version:1.0.0">`
   \   00000094   0x9004             STR      R0,[SP, #+16]
   \   00000096   0x9703             STR      R7,[SP, #+12]
   \   00000098   0x200C             MOVS     R0,#+12
   \   0000009A   0x9002             STR      R0,[SP, #+8]
   \   0000009C   0x4642             MOV      R2,R8
   \   0000009E   0x2002             MOVS     R0,#+2
   \   000000A0   0x9001             STR      R0,[SP, #+4]
   \   000000A2   0x2150             MOVS     R1,#+80
   \   000000A4   0xF9B5 0x0000      LDRSH    R0,[R5, #+0]
   \   000000A8   0x9000             STR      R0,[SP, #+0]
   \   000000AA   0x205C             MOVS     R0,#+92
   \   000000AC   0x.... 0x....      BL       TEXT_CreateEx
   \   000000B0   0x8068             STRH     R0,[R5, #+2]
     97          	Wifi_Ver_text = TEXT_CreateEx(BTN_X_PIXEL-25,BTN_Y_PIXEL-30, LCD_WIDTH-BTN_X_PIXEL, 30, hAboutWnd, WM_CF_SHOW,TEXT_CF_LEFT|GUI_TA_VCENTER, GUI_ID_TEXT1, "");
   \   000000B2   0x.... 0x....      ADR.W    R9,??DataTable6  ;; ""
   \   000000B6   0xF8CD 0x9010      STR      R9,[SP, #+16]
   \   000000BA   0x9703             STR      R7,[SP, #+12]
   \   000000BC   0x200C             MOVS     R0,#+12
   \   000000BE   0x9002             STR      R0,[SP, #+8]
   \   000000C0   0x231E             MOVS     R3,#+30
   \   000000C2   0x2002             MOVS     R0,#+2
   \   000000C4   0x9001             STR      R0,[SP, #+4]
   \   000000C6   0x4642             MOV      R2,R8
   \   000000C8   0xF9B5 0x0000      LDRSH    R0,[R5, #+0]
   \   000000CC   0x9000             STR      R0,[SP, #+0]
   \   000000CE   0x216E             MOVS     R1,#+110
   \   000000D0   0x205C             MOVS     R0,#+92
   \   000000D2   0x.... 0x....      BL       TEXT_CreateEx
   \   000000D6   0x80E8             STRH     R0,[R5, #+6]
     98          	Shengma_text = TEXT_CreateEx(BTN_X_PIXEL-25,BTN_Y_PIXEL, LCD_WIDTH-2*BTN_X_PIXEL, 30, hAboutWnd, WM_CF_SHOW,TEXT_CF_LEFT|GUI_TA_VCENTER, GUI_ID_TEXT1, "");
   \   000000D8   0xF8CD 0x9010      STR      R9,[SP, #+16]
   \   000000DC   0x9703             STR      R7,[SP, #+12]
   \   000000DE   0x200C             MOVS     R0,#+12
   \   000000E0   0x9002             STR      R0,[SP, #+8]
   \   000000E2   0x231E             MOVS     R3,#+30
   \   000000E4   0x2002             MOVS     R0,#+2
   \   000000E6   0x9001             STR      R0,[SP, #+4]
   \   000000E8   0x22F6             MOVS     R2,#+246
   \   000000EA   0xF9B5 0x0000      LDRSH    R0,[R5, #+0]
   \   000000EE   0x9000             STR      R0,[SP, #+0]
   \   000000F0   0x218C             MOVS     R1,#+140
   \   000000F2   0x205C             MOVS     R0,#+92
   \   000000F4   0x.... 0x....      BL       TEXT_CreateEx
   \   000000F8   0x8128             STRH     R0,[R5, #+8]
     99          
    100          	buttonRet.btnHandle = BUTTON_CreateEx(BTN_X_PIXEL*3+INTERVAL_V*4 , BTN_Y_PIXEL+INTERVAL_H,BTN_X_PIXEL, BTN_Y_PIXEL, hAboutWnd, BUTTON_CF_SHOW, 0, alloc_win_id());
   \   000000FA   0x.... 0x....      BL       alloc_win_id
   \   000000FE   0x9003             STR      R0,[SP, #+12]
   \   00000100   0x238C             MOVS     R3,#+140
   \   00000102   0x2000             MOVS     R0,#+0
   \   00000104   0x9002             STR      R0,[SP, #+8]
   \   00000106   0x2275             MOVS     R2,#+117
   \   00000108   0x2002             MOVS     R0,#+2
   \   0000010A   0x9001             STR      R0,[SP, #+4]
   \   0000010C   0x218E             MOVS     R1,#+142
   \   0000010E   0xF9B5 0x0000      LDRSH    R0,[R5, #+0]
   \   00000112   0x9000             STR      R0,[SP, #+0]
   \   00000114   0xF240 0x1067      MOVW     R0,#+359
   \   00000118   0x.... 0x....      BL       BUTTON_CreateEx
   \   0000011C   0x81A8             STRH     R0,[R5, #+12]
    101          	//TEXT_SetDefaultFont(&FONT_STATE_INF);	
    102          
    103          	BUTTON_SetBmpFileName(buttonRet.btnHandle, "bmp_return.bin",1);	
   \   0000011E   0x2201             MOVS     R2,#+1
   \   00000120   0x.... 0x....      ADR.W    R1,`?<Constant "bmp_return.bin">`
   \   00000124   0x.... 0x....      BL       BUTTON_SetBmpFileName
    104          	BUTTON_SetBitmapEx(buttonRet.btnHandle, 0, &bmp_struct,BMP_PIC_X, BMP_PIC_Y);
   \   00000128   0x....             LDR.N    R0,??DataTable6_6
   \   0000012A   0x....             LDR.N    R2,??DataTable6_7
   \   0000012C   0xF990 0x0000      LDRSB    R0,[R0, #+0]
   \   00000130   0x9000             STR      R0,[SP, #+0]
   \   00000132   0x2100             MOVS     R1,#+0
   \   00000134   0x....             LDR.N    R0,??DataTable6_8
   \   00000136   0xF990 0x3000      LDRSB    R3,[R0, #+0]
   \   0000013A   0xF9B5 0x000C      LDRSH    R0,[R5, #+12]
   \   0000013E   0x.... 0x....      BL       BUTTON_SetBitmapEx
    105          
    106          	TEXT_SetBkColor(TFT_Type_text, gCfgItems.background_color);
   \   00000142   0x6961             LDR      R1,[R4, #+20]
   \   00000144   0xF9B5 0x0004      LDRSH    R0,[R5, #+4]
   \   00000148   0x.... 0x....      BL       TEXT_SetBkColor
    107          	TEXT_SetTextColor(TFT_Type_text, gCfgItems.title_color);
   \   0000014C   0x6871             LDR      R1,[R6, #+4]
   \   0000014E   0xF9B5 0x0004      LDRSH    R0,[R5, #+4]
   \   00000152   0x.... 0x....      BL       TEXT_SetTextColor
    108          	TEXT_SetBkColor(TFT_Version_text, gCfgItems.background_color);
   \   00000156   0x6961             LDR      R1,[R4, #+20]
   \   00000158   0xF9B5 0x0002      LDRSH    R0,[R5, #+2]
   \   0000015C   0x.... 0x....      BL       TEXT_SetBkColor
    109          	TEXT_SetTextColor(TFT_Version_text, gCfgItems.title_color);
   \   00000160   0x6871             LDR      R1,[R6, #+4]
   \   00000162   0xF9B5 0x0002      LDRSH    R0,[R5, #+2]
   \   00000166   0x.... 0x....      BL       TEXT_SetTextColor
    110          	TEXT_SetBkColor(Wifi_Ver_text, gCfgItems.background_color);
   \   0000016A   0x6961             LDR      R1,[R4, #+20]
   \   0000016C   0xF9B5 0x0006      LDRSH    R0,[R5, #+6]
   \   00000170   0x.... 0x....      BL       TEXT_SetBkColor
    111          	TEXT_SetTextColor(Wifi_Ver_text, gCfgItems.title_color);
   \   00000174   0x6871             LDR      R1,[R6, #+4]
   \   00000176   0xF9B5 0x0006      LDRSH    R0,[R5, #+6]
   \   0000017A   0x.... 0x....      BL       TEXT_SetTextColor
    112          	TEXT_SetBkColor(Shengma_text, gCfgItems.background_color);
   \   0000017E   0x6961             LDR      R1,[R4, #+20]
   \   00000180   0xF9B5 0x0008      LDRSH    R0,[R5, #+8]
   \   00000184   0x.... 0x....      BL       TEXT_SetBkColor
    113          	TEXT_SetTextColor(Shengma_text, gCfgItems.title_color);
   \   00000188   0x6871             LDR      R1,[R6, #+4]
   \   0000018A   0xF9B5 0x0008      LDRSH    R0,[R5, #+8]
   \   0000018E   0x.... 0x....      BL       TEXT_SetTextColor
    114          
    115          	
    116                 //HAL_Delay(10);
    117                 memset(cmd_code,0,sizeof(cmd_code));
   \   00000192   0x....             LDR.N    R6,??DataTable6_9
   \   00000194   0xF04F 0x08C9      MOV      R8,#+201
   \   00000198   0x2700             MOVS     R7,#+0
   \   0000019A   0x2200             MOVS     R2,#+0
   \   0000019C   0x4641             MOV      R1,R8
   \   0000019E   0x4630             MOV      R0,R6
   \   000001A0   0x.... 0x....      BL       __aeabi_memset
    118          	strcpy((char*)cmd_code,(const char *)about_menu.type);
   \   000001A4   0x.... 0x....      LDR.W    R9,??DataTable6_10
   \   000001A8   0xF8D9 0x100C      LDR      R1,[R9, #+12]
   \   000001AC   0x4630             MOV      R0,R6
   \   000001AE   0x.... 0x....      BL       strcpy
    119          	SPI_FLASH_BufferRead((u8 *)buf,ABOUT_TYPE_ADDR,100);
   \   000001B2   0x2264             MOVS     R2,#+100
   \   000001B4   0xF241 0x11F8      MOVW     R1,#+4600
   \   000001B8   0xA805             ADD      R0,SP,#+20
   \   000001BA   0x.... 0x....      BL       SPI_FLASH_BufferRead
    120          	//strcat((char*)cmd_code,(const char *)about_menu.type_name);
    121          	strcat((char*)cmd_code,(const char *)buf);
   \   000001BE   0xA905             ADD      R1,SP,#+20
   \   000001C0   0x4630             MOV      R0,R6
   \   000001C2   0x.... 0x....      BL       strcat
   \   000001C6   0x4601             MOV      R1,R0
    122          	TEXT_SetText(TFT_Type_text,(char *)cmd_code);
   \   000001C8   0xF9B5 0x0004      LDRSH    R0,[R5, #+4]
   \   000001CC   0x.... 0x....      BL       TEXT_SetText
    123          	HAL_Delay(10);
   \   000001D0   0x200A             MOVS     R0,#+10
   \   000001D2   0x.... 0x....      BL       HAL_Delay
    124          	memset(cmd_code,0,sizeof(cmd_code));
   \   000001D6   0x463A             MOV      R2,R7
   \   000001D8   0x4641             MOV      R1,R8
   \   000001DA   0x4630             MOV      R0,R6
   \   000001DC   0x.... 0x....      BL       __aeabi_memset
    125          	strcpy((char*)cmd_code,(const char *)about_menu.version);
   \   000001E0   0xF8D9 0x1010      LDR      R1,[R9, #+16]
   \   000001E4   0x4630             MOV      R0,R6
   \   000001E6   0x.... 0x....      BL       strcpy
    126          	SPI_FLASH_BufferRead((u8 *)buf,ABOUT_VERSION_ADDR,100);
   \   000001EA   0x2264             MOVS     R2,#+100
   \   000001EC   0xF241 0x215C      MOVW     R1,#+4700
   \   000001F0   0xA805             ADD      R0,SP,#+20
   \   000001F2   0x.... 0x....      BL       SPI_FLASH_BufferRead
    127          	//strcat((char*)cmd_code,(const char *)about_menu.firmware_v);	
    128          	strcat((char*)cmd_code,(const char *)buf);	
   \   000001F6   0xA905             ADD      R1,SP,#+20
   \   000001F8   0x4630             MOV      R0,R6
   \   000001FA   0x.... 0x....      BL       strcat
    129          	TEXT_SetText(TFT_Version_text,(char *)cmd_code);
   \   000001FE   0x4601             MOV      R1,R0
   \   00000200   0xF9B5 0x0002      LDRSH    R0,[R5, #+2]
   \   00000204   0x.... 0x....      BL       TEXT_SetText
    130          
    131          	//GUI_DispStringAt(about_menu.type, 40, titleHeight  + 50);
    132          	//GUI_DispStringAt(about_menu.version, 40, titleHeight + 75); 
    133          	HAL_Delay(100);
   \   00000208   0x2064             MOVS     R0,#+100
   \   0000020A   0x.... 0x....      BL       HAL_Delay
    134          	SPI_FLASH_BufferRead((u8 *)cmd_code,ABOUT_COMPANY_ADDR,100);
   \   0000020E   0x2264             MOVS     R2,#+100
   \   00000210   0xF44F 0x5196      MOV      R1,#+4800
   \   00000214   0x4630             MOV      R0,R6
   \   00000216   0x.... 0x....      BL       SPI_FLASH_BufferRead
    135          	TEXT_SetText(Wifi_Ver_text,(char*)cmd_code);
   \   0000021A   0xF9B5 0x0006      LDRSH    R0,[R5, #+6]
   \   0000021E   0x4631             MOV      R1,R6
   \   00000220   0x.... 0x....      BL       TEXT_SetText
    136          	
    137          	HAL_Delay(100);
   \   00000224   0x2064             MOVS     R0,#+100
   \   00000226   0x.... 0x....      BL       HAL_Delay
    138          	SPI_FLASH_BufferRead((u8 *)cmd_code,ABOUT_EMAINL_ADDR,100);
   \   0000022A   0x2264             MOVS     R2,#+100
   \   0000022C   0xF241 0x3124      MOVW     R1,#+4900
   \   00000230   0x4630             MOV      R0,R6
   \   00000232   0x.... 0x....      BL       SPI_FLASH_BufferRead
    139          	TEXT_SetText(Shengma_text,(char*)cmd_code);
   \   00000236   0xF9B5 0x0008      LDRSH    R0,[R5, #+8]
   \   0000023A   0x4631             MOV      R1,R6
   \   0000023C   0x.... 0x....      BL       TEXT_SetText
    140          	
    141          	if(gCfgItems.wifi_type == ESP_WIFI)
   \   00000240   0xF894 0x023C      LDRB     R0,[R4, #+572]
    142          	{
    143          		//GUI_DispStringAt(about_menu.wifi, 40, titleHeight + 100);
    144          		//TEXT_SetText(TFT_Version_text,about_menu.wifi);
    145          		if(wifi_firm_ver[0] != 0)
    146          		{
    147          			/*memset(cmd_code,0,sizeof(cmd_code));
    148          			//GUI_DispStringAt((const char *)wifi_firm_ver, 90, titleHeight + 100); 
    149          			strcpy((char*)cmd_code,(const char *)about_menu.wifi);
    150          			strcat((char*)cmd_code,(const char *)wifi_firm_ver);
    151          			TEXT_SetText(Wifi_Ver_text,(char*)cmd_code);*/
    152          			//memset(buf,0,sizeof(buf));
    153          			//SPI_FLASH_BufferRead((u8 *)cmd_code,ABOUT_COMPANY_ADDR,100);
    154          			//strncpy(buf,(const char *)&cmd_code[37],100-37);
    155          			//cmd_code[36]='\n';
    156          			//cmd_code[37]=0;
    157          			//strcat(cmd_code,buf);
    158          			//TEXT_SetText(Wifi_Ver_text,(char*)SHENMA_MASSEGE_TEXT);
    159          			//TEXT_SetText(Shengma_text,(char*)SHENMA_MASSEGE2_TEXT);
    160          			//TEXT_SetText(Wifi_Ver_text,(char*)cmd_code);
    161          			
    162          			//SPI_FLASH_BufferRead((u8 *)cmd_code,ABOUT_EMAINL_ADDR,100);
    163          			//TEXT_SetText(Shengma_text,(char*)cmd_code);
    164          		}
    165          	}
    166          
    167          	if(gCfgItems.multiple_language != 0)
   \   00000244   0xF894 0x01CF      LDRB     R0,[R4, #+463]
   \   00000248   0xB128             CBZ.N    R0,??draw_About_1
    168          	{
    169              	BUTTON_SetText(buttonRet.btnHandle, common_menu.text_back);
   \   0000024A   0x....             LDR.N    R0,??DataTable6_11
   \   0000024C   0x6801             LDR      R1,[R0, #+0]
   \   0000024E   0xF9B5 0x000C      LDRSH    R0,[R5, #+12]
   \   00000252   0x.... 0x....      BL       BUTTON_SetText
    170          	}
    171          
    172          	
    173          	
    174          }
   \                     ??draw_About_1: (+1)
   \   00000256   0xB01F             ADD      SP,SP,#+124
   \   00000258   0xE8BD 0x83F0      POP      {R4-R9,PC}       ;; return
    175          

   \                                 In section .text, align 2, keep-with-next
    176          void Clear_About()
    177          {
   \                     Clear_About: (+1)
   \   00000000   0xB510             PUSH     {R4,LR}
    178          	GUI_SetBkColor(gCfgItems.background_color);
   \   00000002   0x....             LDR.N    R0,??DataTable6_2
   \   00000004   0x6940             LDR      R0,[R0, #+20]
   \   00000006   0x.... 0x....      BL       GUI_SetBkColor
    179          	if(WM_IsWindow(hAboutWnd))
   \   0000000A   0x....             LDR.N    R4,??DataTable6_1
   \   0000000C   0xF9B4 0x0000      LDRSH    R0,[R4, #+0]
   \   00000010   0x.... 0x....      BL       WM_IsWindow
   \   00000014   0xB128             CBZ.N    R0,??Clear_About_0
    180          	{
    181          		WM_DeleteWindow(hAboutWnd);
   \   00000016   0xF9B4 0x0000      LDRSH    R0,[R4, #+0]
   \   0000001A   0xE8BD 0x4010      POP      {R4,LR}
   \   0000001E   0x.... 0x....      B.W      WM_DeleteWindow
    182          		//GUI_Exec();
    183          	}
    184          	//GUI_Clear();
    185          }
   \                     ??Clear_About_0: (+1)
   \   00000022   0xBD10             POP      {R4,PC}          ;; return

   \                                 In section .text, align 4, keep-with-next
   \                     ??DataTable6:
   \   00000000   0x00 0x00          DC8      "",0x0,0x0,0x0
   \              0x00 0x00    

   \                                 In section .text, align 4, keep-with-next
   \                     ??DataTable6_1:
   \   00000000   0x........         DC32     hAboutWnd

   \                                 In section .text, align 4, keep-with-next
   \                     ??DataTable6_2:
   \   00000000   0x........         DC32     gCfgItems

   \                                 In section .text, align 4, keep-with-next
   \                     ??DataTable6_3:
   \   00000000   0x........         DC32     disp_state_stack

   \                                 In section .text, align 4, keep-with-next
   \                     ??DataTable6_4:
   \   00000000   0x........         DC32     disp_state

   \                                 In section .text, align 4, keep-with-next
   \                     ??DataTable6_5:
   \   00000000   0x........         DC32     _Z10cbAboutWinP10WM_MESSAGE

   \                                 In section .text, align 4, keep-with-next
   \                     ??DataTable6_6:
   \   00000000   0x........         DC32     BMP_PIC_Y

   \                                 In section .text, align 4, keep-with-next
   \                     ??DataTable6_7:
   \   00000000   0x........         DC32     bmp_struct

   \                                 In section .text, align 4, keep-with-next
   \                     ??DataTable6_8:
   \   00000000   0x........         DC32     BMP_PIC_X

   \                                 In section .text, align 4, keep-with-next
   \                     ??DataTable6_9:
   \   00000000   0x........         DC32     cmd_code

   \                                 In section .text, align 4, keep-with-next
   \                     ??DataTable6_10:
   \   00000000   0x........         DC32     about_menu

   \                                 In section .text, align 4, keep-with-next
   \                     ??DataTable6_11:
   \   00000000   0x........         DC32     common_menu

   \                                 In section .rodata, align 1, keep-with-next
   \                     `?<Constant "">`:
   \   00000000   0x00               DC8 ""

   \                                 In section .text, align 4, keep-with-next
   \                     `?<Constant "Type:MKS TFT">`:
   \   00000000   0x54 0x79          DC8 "Type:MKS TFT"
   \              0x70 0x65    
   \              0x3A 0x4D    
   \              0x4B 0x53    
   \              0x20 0x54    
   \              0x46 0x54    
   \              0x00         
   \   0000000D   0x00 0x00          DC8 0, 0, 0
   \              0x00         

   \                                 In section .text, align 4, keep-with-next
   \                     `?<Constant "Version:1.0.0">`:
   \   00000000   0x56 0x65          DC8 "Version:1.0.0"
   \              0x72 0x73    
   \              0x69 0x6F    
   \              0x6E 0x3A    
   \              0x31 0x2E    
   \              0x30 0x2E    
   \              0x30 0x00    
   \   0000000E   0x00 0x00          DC8 0, 0

   \                                 In section .text, align 4, keep-with-next
   \                     `?<Constant "bmp_return.bin">`:
   \   00000000   0x62 0x6D          DC8 "bmp_return.bin"
   \              0x70 0x5F    
   \              0x72 0x65    
   \              0x74 0x75    
   \              0x72 0x6E    
   \              0x2E 0x62    
   \              0x69 0x6E    
   \              0x00         
   \   0000000F   0x00               DC8 0
    186          
    187          

   Maximum stack usage in bytes:

   .cstack Function
   ------- --------
       8   Clear_About
         8   -> GUI_SetBkColor
         0   -> WM_DeleteWindow
         8   -> WM_IsWindow
       8   cbAboutWin(WM_MESSAGE *)
         8   -> GUI_SetBkColor
         0   -> WM_DefaultProc
         8   -> WM_DeleteWindow
         8   -> WM_IsWindow
         0   -> draw_return_ui
     152   draw_About
       152   -> BUTTON_CreateEx
       152   -> BUTTON_SetBitmapEx
       152   -> BUTTON_SetBmpFileName
       152   -> BUTTON_SetText
       152   -> GUI_Clear
       152   -> GUI_DispStringAt
       152   -> GUI_SetBkColor
       152   -> GUI_SetColor
       152   -> HAL_Delay
       152   -> SPI_FLASH_BufferRead
       152   -> TEXT_CreateEx
       152   -> TEXT_SetBkColor
       152   -> TEXT_SetText
       152   -> TEXT_SetTextColor
       152   -> WM_CreateWindow
       152   -> __aeabi_memset
       152   -> alloc_win_id
       152   -> creat_title_text
       152   -> strcat
       152   -> strcpy


   Section sizes:

   Bytes  Function/Label
   -----  --------------
       1  ?<Constant "">
      16  ?<Constant "Type:MKS TFT">
      16  ?<Constant "Version:1.0.0">
      16  ?<Constant "bmp_return.bin">
       4  ??DataTable6
       4  ??DataTable6_1
       4  ??DataTable6_10
       4  ??DataTable6_11
       4  ??DataTable6_2
       4  ??DataTable6_3
       4  ??DataTable6_4
       4  ??DataTable6_5
       4  ??DataTable6_6
       4  ??DataTable6_7
       4  ??DataTable6_8
       4  ??DataTable6_9
      36  Clear_About
      86  cbAboutWin(WM_MESSAGE *)
     604  draw_About
      36  hAboutWnd
          TFT_Version_text
          TFT_Type_text
          Wifi_Ver_text
          Shengma_text
          buttonRet

 
  36 bytes in section .bss
   1 byte  in section .rodata
 822 bytes in section .text
 
 822 bytes of CODE  memory
   1 byte  of CONST memory
  36 bytes of DATA  memory

Errors: none
Warnings: 30
