###############################################################################
#
# IAR ANSI C/C++ Compiler V7.10.1.6676/W32 for ARM        13/Apr/2020  10:56:27
# Copyright 1999-2014 IAR Systems AB.
#
#    Cpu mode     =  thumb
#    Endian       =  little
#    Source file  =  
#        D:\MKS-Robin-Nano-Firmware-v2.x.x\MKS-Robin-Nano-Firmware\User\ui\draw_filamentchange.cpp
#    Command line =  
#        D:\MKS-Robin-Nano-Firmware-v2.x.x\MKS-Robin-Nano-Firmware\User\ui\draw_filamentchange.cpp
#        -D USE_HAL_DRIVER -D STM32F103xE -D STM32F10X_HD -D USE_HAL_LIB -D
#        MKS_ROBIN_NANO -D TFT35 -lC
#        D:\MKS-Robin-Nano-Firmware-v2.x.x\MKS-Robin-Nano-Firmware\EWARM\mksRobinNano/List\
#        -lA
#        D:\MKS-Robin-Nano-Firmware-v2.x.x\MKS-Robin-Nano-Firmware\EWARM\mksRobinNano/List\
#        --diag_suppress Pa050 -o
#        D:\MKS-Robin-Nano-Firmware-v2.x.x\MKS-Robin-Nano-Firmware\EWARM\mksRobinNano/Obj\
#        --debug --endian=little --cpu=Cortex-M3 -e --char_is_signed --fpu=None
#        --dlib_config "C:\Program Files (x86)\IAR Systems\Embedded Workbench
#        7.0\arm\INC\c\DLib_Config_Full.h" -I
#        D:\MKS-Robin-Nano-Firmware-v2.x.x\MKS-Robin-Nano-Firmware\EWARM/../Inc\
#        -I
#        D:\MKS-Robin-Nano-Firmware-v2.x.x\MKS-Robin-Nano-Firmware\EWARM/../Src\
#        -I
#        D:\MKS-Robin-Nano-Firmware-v2.x.x\MKS-Robin-Nano-Firmware\EWARM/../Drivers/STM32F1xx_HAL_Driver/Inc\
#        -I
#        D:\MKS-Robin-Nano-Firmware-v2.x.x\MKS-Robin-Nano-Firmware\EWARM/../Drivers/STM32F1xx_HAL_Driver/Inc/Legacy\
#        -I
#        D:\MKS-Robin-Nano-Firmware-v2.x.x\MKS-Robin-Nano-Firmware\EWARM/../Middlewares/Third_Party/FatFs/src/drivers\
#        -I
#        D:\MKS-Robin-Nano-Firmware-v2.x.x\MKS-Robin-Nano-Firmware\EWARM/../Middlewares/ST/STM32_USB_Host_Library/Core/Inc\
#        -I
#        D:\MKS-Robin-Nano-Firmware-v2.x.x\MKS-Robin-Nano-Firmware\EWARM/../Middlewares/ST/STM32_USB_Host_Library/Class/MSC/Inc\
#        -I
#        D:\MKS-Robin-Nano-Firmware-v2.x.x\MKS-Robin-Nano-Firmware\EWARM/../Drivers/CMSIS/Device/ST/STM32F1xx/Include\
#        -I
#        D:\MKS-Robin-Nano-Firmware-v2.x.x\MKS-Robin-Nano-Firmware\EWARM/../Middlewares/Third_Party/FatFs/src\
#        -I
#        D:\MKS-Robin-Nano-Firmware-v2.x.x\MKS-Robin-Nano-Firmware\EWARM/../Middlewares/Third_Party/Marlin\
#        -I
#        D:\MKS-Robin-Nano-Firmware-v2.x.x\MKS-Robin-Nano-Firmware\EWARM/../Drivers/CMSIS/Include\
#        -I
#        D:\MKS-Robin-Nano-Firmware-v2.x.x\MKS-Robin-Nano-Firmware\EWARM/../Drivers/BSP/variant\
#        -I
#        D:\MKS-Robin-Nano-Firmware-v2.x.x\MKS-Robin-Nano-Firmware\EWARM/../Drivers/BSP/Components/at24cxx\
#        -I
#        D:\MKS-Robin-Nano-Firmware-v2.x.x\MKS-Robin-Nano-Firmware\EWARM/../Drivers/BSP/Components/w25qxx\
#        -I
#        D:\MKS-Robin-Nano-Firmware-v2.x.x\MKS-Robin-Nano-Firmware\EWARM/../Drivers/BSP/Components/lcd\
#        -I
#        D:\MKS-Robin-Nano-Firmware-v2.x.x\MKS-Robin-Nano-Firmware\EWARM/../Drivers/STM32F10x_StdPeriph_Driver/inc\
#        -I
#        D:\MKS-Robin-Nano-Firmware-v2.x.x\MKS-Robin-Nano-Firmware\EWARM/../Drivers/libstmf4/include\
#        -I
#        D:\MKS-Robin-Nano-Firmware-v2.x.x\MKS-Robin-Nano-Firmware\EWARM/../Middlewares/arduino/stm32/cores/arduino\
#        -I
#        D:\MKS-Robin-Nano-Firmware-v2.x.x\MKS-Robin-Nano-Firmware\EWARM/../User/ui\
#        -I
#        D:\MKS-Robin-Nano-Firmware-v2.x.x\MKS-Robin-Nano-Firmware\EWARM/../User/ui/Multi_language\
#        -I
#        D:\MKS-Robin-Nano-Firmware-v2.x.x\MKS-Robin-Nano-Firmware\EWARM/../User/ui/QRENCODE\
#        -I
#        D:\MKS-Robin-Nano-Firmware-v2.x.x\MKS-Robin-Nano-Firmware\EWARM\..\Middlewares\GUI\
#        -Oh --eec++ -I "C:\Program Files (x86)\IAR Systems\Embedded Workbench
#        7.0\arm\CMSIS\Include\"
#    List file    =  
#        D:\MKS-Robin-Nano-Firmware-v2.x.x\MKS-Robin-Nano-Firmware\EWARM\mksRobinNano/List\draw_filamentchange.lst
#    Object file  =  
#        D:\MKS-Robin-Nano-Firmware-v2.x.x\MKS-Robin-Nano-Firmware\EWARM\mksRobinNano/Obj\draw_filamentchange.o
#
###############################################################################

D:\MKS-Robin-Nano-Firmware-v2.x.x\MKS-Robin-Nano-Firmware\User\ui\draw_filamentchange.cpp
      1          #include "gui.h"
      2          #include "button.h"
      3          #include "draw_filamentchange.h"
      4          #include "draw_ui.h"

  #define UNUSED(x) ((void)(x))
          ^
"D:\MKS-Robin-Nano-Firmware-v2.x.x\MKS-Robin-Nano-Firmware\Drivers\STM32F1xx_HAL_Driver\Inc\stm32f1xx_hal_def.h",87  Warning[Pe047]: 
          incompatible redefinition of macro "UNUSED" (declared at line 101 of
          "D:\MKS-Robin-Nano-Firmware-v2.x.x\MKS-Robin-Nano-Firmware\EWARM/../M
          iddlewares/Third_Party/Marlin\macros.h")

  		volatile volatile float desireBedTempBak;
  		         ^
"D:\MKS-Robin-Nano-Firmware-v2.x.x\MKS-Robin-Nano-Firmware\Inc\mks_cfg.h",626  Warning[Pe083]: 
          type qualifier specified more than once

    #define FILAMENT_CHANGE_TEXT_EN				"Please click <Load> \nor <unload>,After \npinter pause."
            ^
"D:\MKS-Robin-Nano-Firmware-v2.x.x\MKS-Robin-Nano-Firmware\User\ui\Multi_language\Language_en.h",337  Warning[Pe047]: 
          incompatible redefinition of macro "FILAMENT_CHANGE_TEXT_EN"
          (declared at line 315)

  #define DIALOG_UNBIND_PRINTER_CN            "Ëß£Èô§ÁªëÂÆö?"
          ^
"D:\MKS-Robin-Nano-Firmware-v2.x.x\MKS-Robin-Nano-Firmware\User\ui\Multi_language\Language_s_cn.h",408  Warning[Pe047]: 
          incompatible redefinition of macro "DIALOG_UNBIND_PRINTER_CN"
          (declared at line 403)

    #define FILAMENT_CHANGE_TEXT_T_CN				"ÂæÖÊâìÂç∞Ê©üÊö´ÂÅúÂêé,\nË´ãÊåâ<ÈÄ≤Êñô>Êàñ<ÈÄÄÊñô>"
            ^
"D:\MKS-Robin-Nano-Firmware-v2.x.x\MKS-Robin-Nano-Firmware\User\ui\Multi_language\Language_t_cn.h",318  Warning[Pe047]: 
          incompatible redefinition of macro "FILAMENT_CHANGE_TEXT_T_CN"
          (declared at line 304)

    #define FILAMENT_CHANGE_TEXT_RU				"Please click <Load> \nor <unload>,After \npinter pause."
            ^
"D:\MKS-Robin-Nano-Firmware-v2.x.x\MKS-Robin-Nano-Firmware\User\ui\Multi_language\Language_ru.h",134  Warning[Pe047]: 
          incompatible redefinition of macro "FILAMENT_CHANGE_TEXT_RU"
          (declared at line 114)

  #define DIALOG_UNBIND_PRINTER_RU            "Unbind the printer?"
          ^
"D:\MKS-Robin-Nano-Firmware-v2.x.x\MKS-Robin-Nano-Firmware\User\ui\Multi_language\Language_ru.h",231  Warning[Pe047]: 
          incompatible redefinition of macro "DIALOG_UNBIND_PRINTER_RU"
          (declared at line 226)

    #define FILAMENT_CHANGE_TEXT_FR				"Please click <Load> \nor <unload>,After \npinter pause."
            ^
"D:\MKS-Robin-Nano-Firmware-v2.x.x\MKS-Robin-Nano-Firmware\User\ui\Multi_language\Language_fr.h",134  Warning[Pe047]: 
          incompatible redefinition of macro "FILAMENT_CHANGE_TEXT_FR"
          (declared at line 114)

  #define DIALOG_UNBIND_PRINTER_FR        "Unbind the printer?"
          ^
"D:\MKS-Robin-Nano-Firmware-v2.x.x\MKS-Robin-Nano-Firmware\User\ui\Multi_language\Language_fr.h",234  Warning[Pe047]: 
          incompatible redefinition of macro "DIALOG_UNBIND_PRINTER_FR"
          (declared at line 230)

    #define FILAMENT_CHANGE_TEXT_SP				"Please click <Load> \nor <unload>,After \npinter pause."
            ^
"D:\MKS-Robin-Nano-Firmware-v2.x.x\MKS-Robin-Nano-Firmware\User\ui\Multi_language\Language_sp.h",133  Warning[Pe047]: 
          incompatible redefinition of macro "FILAMENT_CHANGE_TEXT_SP"
          (declared at line 114)

    #define FILAMENT_CHANGE_TEXT_IT				"Please click <Load> \nor <unload>,After \npinter pause."
            ^
"D:\MKS-Robin-Nano-Firmware-v2.x.x\MKS-Robin-Nano-Firmware\User\ui\Multi_language\Language_it.h",134  Warning[Pe047]: 
          incompatible redefinition of macro "FILAMENT_CHANGE_TEXT_IT"
          (declared at line 114)

  #define DIALOG_UNBIND_PRINTER_IT                "Unbind the printer?"
          ^
"D:\MKS-Robin-Nano-Firmware-v2.x.x\MKS-Robin-Nano-Firmware\User\ui\Multi_language\Language_it.h",230  Warning[Pe047]: 
          incompatible redefinition of macro "DIALOG_UNBIND_PRINTER_IT"
          (declared at line 225)

  #define FILAMENT_CHANGE_TEXT_JP				"Please click <Load> \nor <unload>,After \npinter pause."
          ^
"D:\MKS-Robin-Nano-Firmware-v2.x.x\MKS-Robin-Nano-Firmware\User\ui\Multi_language\Multi_language.h",899  Warning[Pe047]: 
          incompatible redefinition of macro "FILAMENT_CHANGE_TEXT_JP"
          (declared at line 892)

  #define FILAMENT_CHANGE_TEXT_GN				"Please click <Load> \nor <unload>,After \npinter pause."
          ^
"D:\MKS-Robin-Nano-Firmware-v2.x.x\MKS-Robin-Nano-Firmware\User\ui\Multi_language\Multi_language.h",1107  Warning[Pe047]: 
          incompatible redefinition of macro "FILAMENT_CHANGE_TEXT_GN"
          (declared at line 1101)

  #define Simple_Dec"ºı…Ÿ"
                    ^
"D:\MKS-Robin-Nano-Firmware-v2.x.x\MKS-Robin-Nano-Firmware\User\ui\draw_ui.h",666  Warning[Pe1649]: 
          white space is required between the macro name "Simple_Dec" and its
          replacement text

  #define Simple_Speed "ÀŸ∂»"
          ^
"D:\MKS-Robin-Nano-Firmware-v2.x.x\MKS-Robin-Nano-Firmware\User\ui\draw_ui.h",721  Warning[Pe047]: 
          incompatible redefinition of macro "Simple_Speed" (declared at line
          718)

  #define Complex_Speed "ÀŸ∂»"
          ^
"D:\MKS-Robin-Nano-Firmware-v2.x.x\MKS-Robin-Nano-Firmware\User\ui\draw_ui.h",722  Warning[Pe047]: 
          incompatible redefinition of macro "Complex_Speed" (declared at line
          719)
      5          //#include "printer.h"
      6          #include "text.h"
      7          //#include "gcode.h"
      8          #include "draw_pre_heat.h"
      9          //#include "mks_tft_fifo.h"
     10          //#include "mks_tft_com.h"
     11          #include "draw_printing.h"
     12          #include "marlin.h"

  #define strcpy_P(dest, src) strcpy((dest), (src))
          ^
"D:\MKS-Robin-Nano-Firmware-v2.x.x\MKS-Robin-Nano-Firmware\Middlewares\arduino\stm32\cores\arduino\avr\pgmspace.h",23  Warning[Pe047]: 
          incompatible redefinition of macro "strcpy_P" (declared at line 93
          of
          "D:\MKS-Robin-Nano-Firmware-v2.x.x\MKS-Robin-Nano-Firmware\Middleware
          s\Third_Party\Marlin\Marlin_export.h")

  #define strstr_P(a, b) strstr((a), (b))
          ^
"D:\MKS-Robin-Nano-Firmware-v2.x.x\MKS-Robin-Nano-Firmware\Middlewares\arduino\stm32\cores\arduino\avr\pgmspace.h",26  Warning[Pe047]: 
          incompatible redefinition of macro "strstr_P" (declared at line 94
          of
          "D:\MKS-Robin-Nano-Firmware-v2.x.x\MKS-Robin-Nano-Firmware\Middleware
          s\Third_Party\Marlin\Marlin_export.h")

  #define sprintf_P(s, f, ...) sprintf((s), (f), __VA_ARGS__)
          ^
"D:\MKS-Robin-Nano-Firmware-v2.x.x\MKS-Robin-Nano-Firmware\Middlewares\arduino\stm32\cores\arduino\avr\pgmspace.h",28  Warning[Pe047]: 
          incompatible redefinition of macro "sprintf_P" (declared at line 95
          of
          "D:\MKS-Robin-Nano-Firmware-v2.x.x\MKS-Robin-Nano-Firmware\Middleware
          s\Third_Party\Marlin\Marlin_export.h")

  #define pgm_read_word_near(addr) pgm_read_word(addr)
          ^
"D:\MKS-Robin-Nano-Firmware-v2.x.x\MKS-Robin-Nano-Firmware\Middlewares\arduino\stm32\cores\arduino\avr\pgmspace.h",38  Warning[Pe047]: 
          incompatible redefinition of macro "pgm_read_word_near" (declared at
          line 65 of
          "D:\MKS-Robin-Nano-Firmware-v2.x.x\MKS-Robin-Nano-Firmware\Middleware
          s\Third_Party\Marlin\Marlin_export.h")

    }
    ^
"D:\MKS-Robin-Nano-Firmware-v2.x.x\MKS-Robin-Nano-Firmware\Middlewares\Third_Party\Marlin\marlin.h",537  Warning[Pe940]: 
          missing return statement at end of non-void function
          "position_is_reachable_IS_KINEMATIC"
     13          #include "temperature.h"

        target_temperature[HOTEND_INDEX] = celsius;
                                         ^
"D:\MKS-Robin-Nano-Firmware-v2.x.x\MKS-Robin-Nano-Firmware\Middlewares\Third_Party\Marlin\temperature.h",406  Warning[Pa093]: 
          implicit conversion from floating point to integer

          target_temperature_bed =
                                 ^
"D:\MKS-Robin-Nano-Firmware-v2.x.x\MKS-Robin-Nano-Firmware\Middlewares\Third_Party\Marlin\temperature.h",414  Warning[Pa093]: 
          implicit conversion from floating point to integer
     14          #include "mks_reprint.h"

  #define SD_DETECT_INVERTED false
          ^
"D:\MKS-Robin-Nano-Firmware-v2.x.x\MKS-Robin-Nano-Firmware\Middlewares\Third_Party\Marlin\cardreader.h",27  Warning[Pe047]: 
          incompatible redefinition of macro "SD_DETECT_INVERTED" (declared at
          line 524 of
          "D:\MKS-Robin-Nano-Firmware-v2.x.x\MKS-Robin-Nano-Firmware\Middleware
          s\Third_Party\Marlin\Configuration_adv.h")

  #define PSTR(s) s
          ^
"D:\MKS-Robin-Nano-Firmware-v2.x.x\MKS-Robin-Nano-Firmware\Middlewares\Third_Party\Marlin\cardreader.h",31  Warning[Pe047]: 
          incompatible redefinition of macro "PSTR" (declared at line 63 of
          "D:\MKS-Robin-Nano-Firmware-v2.x.x\MKS-Robin-Nano-Firmware\EWARM/../M
          iddlewares/Third_Party/Marlin\marlin.h")

  #define pgm_read_byte(x) (*(char*)x)
          ^
"D:\MKS-Robin-Nano-Firmware-v2.x.x\MKS-Robin-Nano-Firmware\Middlewares\Third_Party\Marlin\cardreader.h",32  Warning[Pe047]: 
          incompatible redefinition of macro "pgm_read_byte" (declared at line
          64 of
          "D:\MKS-Robin-Nano-Firmware-v2.x.x\MKS-Robin-Nano-Firmware\Middleware
          s\Third_Party\Marlin\Marlin_export.h")

      static constexpr int8_t next_block_index(const int8_t block_index) { return BLOCK_MOD(block_index + 1); }
             ^
"D:\MKS-Robin-Nano-Firmware-v2.x.x\MKS-Robin-Nano-Firmware\Middlewares\Third_Party\Marlin\planner.h",627  Warning[Pe815]: 
          type qualifier on return type is meaningless

      static constexpr int8_t prev_block_index(const int8_t block_index) { return BLOCK_MOD(block_index - 1); }
             ^
"D:\MKS-Robin-Nano-Firmware-v2.x.x\MKS-Robin-Nano-Firmware\Middlewares\Third_Party\Marlin\planner.h",628  Warning[Pe815]: 
          type qualifier on return type is meaningless

  #define LONG_FILENAME_LENGTH (13*MAX_VFAT_ENTRIES+1)
          ^
"D:\MKS-Robin-Nano-Firmware-v2.x.x\MKS-Robin-Nano-Firmware\Middlewares\Third_Party\Marlin\cardreader.h",61  Warning[Pe047]: 
          incompatible redefinition of macro "LONG_FILENAME_LENGTH" (declared
          at line 119 of
          "D:\MKS-Robin-Nano-Firmware-v2.x.x\MKS-Robin-Nano-Firmware\Middleware
          s\Third_Party\Marlin\SdFatConfig.h")

  #define ALLOW_DEPRECATED_FUNCTIONS 0
          ^
"D:\MKS-Robin-Nano-Firmware-v2.x.x\MKS-Robin-Nano-Firmware\Middlewares\Third_Party\Marlin\SdFat.h",635  Warning[Pe047]: 
          incompatible redefinition of macro "ALLOW_DEPRECATED_FUNCTIONS"
          (declared at line 67 of
          "D:\MKS-Robin-Nano-Firmware-v2.x.x\MKS-Robin-Nano-Firmware\Middleware
          s\Third_Party\Marlin\SdFatConfig.h")

  #define SPI_SD_INIT_RATE 11
          ^
"D:\MKS-Robin-Nano-Firmware-v2.x.x\MKS-Robin-Nano-Firmware\Middlewares\Third_Party\Marlin\SdFat.h",647  Warning[Pe047]: 
          incompatible redefinition of macro "SPI_SD_INIT_RATE" (declared at
          line 79 of
          "D:\MKS-Robin-Nano-Firmware-v2.x.x\MKS-Robin-Nano-Firmware\Middleware
          s\Third_Party\Marlin\SdFatConfig.h")
     15          #include "draw_pause_ui.h"
     16          extern float feedrate_mm_s;
     17          
     18          //extern TFT_FIFO gcodeCmdTxFIFO;		//gcode ÷∏¡Ó∑¢ÀÕ∂”¡–
     19          //extern TFT_FIFO gcodeCmdRxFIFO;		//gcode	÷∏¡ÓΩ” ’∂”¡–
     20          extern int X_ADD,X_INTERVAL;
     21          

   \                                 In section .bss, align 4
     22          GUI_HWIN hFilamentChangeWnd;
     23          static TEXT_Handle textExtruTemp, textExtruMsg;
     24          
     25          static BUTTON_STRUCT buttonFilamentChangeIn, buttonFilamentChangeOut, buttonSprayType,buttonFilamentChangepreheat,buttonFilamentChangeStop, buttonRet;
     26          
     27          extern volatile uint8_t get_temp_flag;
     28          extern uint8_t Get_Temperature_Flg;
     29          extern unsigned char positionSaveFlag;
     30          
     31          uint8_t filamentchange_Process = 0;
     32          
     33          extern uint8_t link_mutex_detect_time;
     34          
     35          void disp_filament_sprayer_type();
     36          void disp_filament_sprayer_temp();
     37          
     38          uint8_t Filament_in_flg;
     39          uint8_t Filament_out_flg;
     40          uint8_t filament_loading_complete;
     41          uint8_t filament_heating_flg;
     42          uint8_t filament_loading_flg;
     43          uint8_t filament_load_cmd_flg;
     44          uint8_t filament_load_timing_flg;
     45          uint16_t filament_load_timing_cnt;
     46          
     47          uint8_t filament_load_heat_flg;
   \                     filament_load_heat_flg:
   \   00000000                      DS8 1
     48          uint8_t filament_unload_heat_flg;
   \                     filament_unload_heat_flg:
   \   00000001                      DS8 1
   \                     hFilamentChangeWnd:
   \   00000002                      DS8 2
   \   00000004                      DS8 2
   \   00000006                      DS8 2
   \   00000008                      DS8 24
   \   00000020                      DS8 24

   \                                 In section .bss, align 4
   \                     buttonSprayType:
   \   00000000                      DS8 24
   \   00000018                      DS8 24

   \                                 In section .bss, align 1
   \                     filamentchange_Process:
   \   00000000                      DS8 1

   \                                 In section .bss, align 1
   \                     Filament_in_flg:
   \   00000000                      DS8 1

   \                                 In section .bss, align 1
   \                     Filament_out_flg:
   \   00000000                      DS8 1

   \                                 In section .bss, align 1
   \                     filament_loading_complete:
   \   00000000                      DS8 1

   \                                 In section .bss, align 1
   \                     filament_heating_flg:
   \   00000000                      DS8 1

   \                                 In section .bss, align 1
   \                     filament_loading_flg:
   \   00000000                      DS8 1

   \                                 In section .bss, align 1
   \                     filament_load_cmd_flg:
   \   00000000                      DS8 1

   \                                 In section .bss, align 1
   \                     filament_load_timing_flg:
   \   00000000                      DS8 1

   \                                 In section .bss, align 2
   \                     filament_load_timing_cnt:
   \   00000000                      DS8 2
     49          

   \                                 In section .bss, align 1
   \   00000000                      DS8 1
     50          static uint8_t filament_in_out_flg;
     51          
     52          extern uint8_t pause_flag;
     53          
     54          extern void filament_sprayer_temp();
     55          
     56          

   \                                 In section .text, align 4, keep-with-next
     57          static void cbFilamentChangeWin(WM_MESSAGE * pMsg) {
   \                     _Z19cbFilamentChangeWinP10WM_MESSAGE: (+1)
   \   00000000   0xE92D 0x41F0      PUSH     {R4-R8,LR}
   \   00000004   0xB08E             SUB      SP,SP,#+56
   \   00000006   0x4604             MOV      R4,R0
     58          
     59          	char buf[50] = {0};
   \   00000008   0xA800             ADD      R0,SP,#+0
   \   0000000A   0x2134             MOVS     R1,#+52
   \   0000000C   0x.... 0x....      BL       __aeabi_memclr4
     60          
     61          	switch (pMsg->MsgId)
   \   00000010   0x6820             LDR      R0,[R4, #+0]
   \   00000012   0x280C             CMP      R0,#+12
   \   00000014   0xBF1C             ITT      NE 
   \   00000016   0x280D             CMPNE    R0,#+13
   \   00000018   0x280F             CMPNE    R0,#+15
   \   0000001A   0xF000 0x8154      BEQ.W    ??cbFilamentChangeWin_0
   \   0000001E   0x2826             CMP      R0,#+38
   \   00000020   0xF040 0x814E      BNE.W    ??cbFilamentChangeWin_1
     62          	{
     63          		case WM_PAINT:			
     64          			//GUI_SetColor(gCfgItems.state_background_color);
     65          			//GUI_SetColor(gCfgItems.state_background_color);
     66          			//GUI_DrawRect(LCD_WIDTH/4+X_ADD, 0, LCD_WIDTH *3 / 4-X_INTERVAL, imgHeight /2 -15);
     67          			//GUI_SetColor(gCfgItems.state_background_color);
     68          			//GUI_FillRect(LCD_WIDTH/4+X_ADD, 0, LCD_WIDTH *3 / 4-X_INTERVAL, imgHeight /2 -15);		
     69          			break;
     70          		case WM_TOUCH:
     71          		 	
     72          			break;
     73          		case WM_TOUCH_CHILD:
     74          			
     75          			break;
     76          			
     77          		case WM_NOTIFY_PARENT:
     78          			if(pMsg->Data.v == WM_NOTIFICATION_RELEASED)
   \   00000024   0x68A0             LDR      R0,[R4, #+8]
   \   00000026   0x2802             CMP      R0,#+2
   \   00000028   0xF040 0x814D      BNE.W    ??cbFilamentChangeWin_0
     79          			{
     80          				if(pMsg->hWinSrc == buttonRet.btnHandle)
   \   0000002C   0x.... 0x....      LDR.W    R1,??DataTable16_1
   \   00000030   0xF9B4 0x0006      LDRSH    R0,[R4, #+6]
   \   00000034   0xF9B1 0x2018      LDRSH    R2,[R1, #+24]
   \   00000038   0x.... 0x....      LDR.W    R4,??DataTable16_2
   \   0000003C   0x4290             CMP      R0,R2
   \   0000003E   0xD142             BNE.N    ??cbFilamentChangeWin_2
     81          				{
     82          #if tan_mask
     83          					//if(last_disp_state != PAUSE_UI)
     84          					//{
     85          					//Get_Temperature_Flg = 0;
     86          					//}
     87          					#if 0
     88          					if((printerStaus== pr_pause)&&(pause_flag != 1))
     89          					{
     90          						pause_flag = 0;
     91          						//I2C_EE_Init(400000);
     92          						MX_I2C1_Init(400000);
     93          						start_print_time();
     94          						printerStaus = pr_working;
     95          					}
     96          					#endif
     97          					if(filament_in_out_flg == 1)
     98          					{
     99          						if((gCfgItems.sprayerNum == 2)&&(printerStaus != pr_idle))
    100          						{
    101          							gCfgItems.curSprayerChoose = gCfgItems.curSprayerChoose_bak;
    102          						}
    103          						sprintf(buf,"M104 T%d S%.f\n",gCfgItems.curSprayerChoose,gCfgItems.desireSprayerTempBak_1[gCfgItems.curSprayerChoose]);
    104          						pushFIFO(&gcodeCmdTxFIFO,(unsigned char *)buf);
    105          					}
    106          #endif
    107          					if((mksCfg.extruders == 2)
    108          						&&(mksReprint.mks_printer_state!=MKS_IDLE)
    109          						&&(mksReprint.mks_printer_state!=MKS_REPRINTED))
   \   00000040   0x.... 0x....      LDR.W    R0,??DataTable16_3
   \   00000044   0xF890 0x00F7      LDRB     R0,[R0, #+247]
   \   00000048   0x2802             CMP      R0,#+2
   \   0000004A   0xD11B             BNE.N    ??cbFilamentChangeWin_3
   \   0000004C   0x.... 0x....      LDR.W    R0,??DataTable16_4
   \   00000050   0xF890 0x00AC      LDRB     R0,[R0, #+172]
   \   00000054   0x28A6             CMP      R0,#+166
   \   00000056   0xBF18             IT       NE 
   \   00000058   0x28AC             CMPNE    R0,#+172
   \   0000005A   0xD013             BEQ.N    ??cbFilamentChangeWin_3
    110          					{
    111          						if(gCfgItems.curSprayerChoose_bak == 1)
   \   0000005C   0x.... 0x....      LDR.W    R5,??DataTable16_5
   \   00000060   0x35AC             ADDS     R5,R5,#+172
   \   00000062   0xF995 0x0001      LDRSB    R0,[R5, #+1]
   \   00000066   0x2801             CMP      R0,#+1
   \   00000068   0xBF07             ITTEE    EQ 
    112          						{
    113          							enqueue_and_echo_command("T1");
   \   0000006A   0x2100             MOVEQ    R1,#+0
   \   0000006C   0xA08E             ADREQ.N  R0,??cbFilamentChangeWin_4  ;; 0x54, 0x31, 0x00, 0x00
    114          						}
    115          						else
    116          						{
    117          							enqueue_and_echo_command("T0");
   \   0000006E   0x2100             MOVNE    R1,#+0
   \   00000070   0xA08E             ADRNE.N  R0,??cbFilamentChangeWin_4+0x4  ;; 0x54, 0x30, 0x00, 0x00
   \   00000072   0x.... 0x....      BL       _Z24enqueue_and_echo_commandPKcb
    118          						}
    119          						
    120          						feedrate_mm_s = gCfgItems.moveSpeed_bak ;
   \   00000076   0xF9B5 0x0016      LDRSH    R0,[R5, #+22]
   \   0000007A   0x.... 0x....      BL       __aeabi_i2f
   \   0000007E   0x.... 0x....      LDR.W    R1,??DataTable16_6
   \   00000082   0x6008             STR      R0,[R1, #+0]
    121          					}
    122          
    123          					thermalManager.target_temperature[gCfgItems.curSprayerChoose]= gCfgItems.desireSprayerTempBak;
                 					                                                             ^
Warning[Pa093]: implicit conversion from floating point to integer
   \                     ??cbFilamentChangeWin_3: (+1)
   \   00000084   0x.... 0x....      LDR.W    R5,??DataTable16_5
   \   00000088   0xF995 0x60AC      LDRSB    R6,[R5, #+172]
   \   0000008C   0xF8D5 0x014C      LDR      R0,[R5, #+332]
   \   00000090   0x.... 0x....      BL       __aeabi_f2iz
   \   00000094   0x.... 0x....      LDR.W    R1,??DataTable16_7
   \   00000098   0xF841 0x0026      STR      R0,[R1, R6, LSL #+2]
    124          
    125          					filament_in_out_flg = 0;	
    126          					last_disp_state = FILAMENTCHANGE_UI;
   \   0000009C   0x201B             MOVS     R0,#+27
   \   0000009E   0x.... 0x....      LDR.W    R1,??DataTable16_8
   \   000000A2   0x7008             STRB     R0,[R1, #+0]
    127          					Clear_FilamentChange();
   \   000000A4   0x6968             LDR      R0,[R5, #+20]
   \   000000A6   0x.... 0x....      BL       GUI_SetBkColor
   \   000000AA   0xF9B4 0x0002      LDRSH    R0,[R4, #+2]
   \   000000AE   0x.... 0x....      BL       WM_IsWindow
   \   000000B2   0xB128             CBZ.N    R0,??cbFilamentChangeWin_5
   \   000000B4   0xF9B4 0x0002      LDRSH    R0,[R4, #+2]
   \   000000B8   0x.... 0x....      BL       WM_DeleteWindow
   \   000000BC   0x.... 0x....      BL       GUI_Exec
    128          				     #if defined(TFT35)
    129          				     draw_return_ui();
   \                     ??cbFilamentChangeWin_5: (+1)
   \   000000C0   0x.... 0x....      BL       draw_return_ui
    130          				     #else
    131          		                    if(mksReprint.mks_printer_state== MKS_IDLE)
    132          				         draw_return_ui();
    133          		                    else
    134          		                    {
    135          		                        draw_pause();
    136          		                    }
    137                                  	     #endif
    138                                  
    139          				}
    140                         
    141          				else if(pMsg->hWinSrc == buttonFilamentChangeIn.btnHandle)
    142          				{
    143          					temperature_change_frequency = 1;
    144          					filament_load_heat_flg=1;
    145          					if((abs(thermalManager.target_temperature[gCfgItems.curSprayerChoose]-thermalManager.current_temperature[gCfgItems.curSprayerChoose])<=1)
    146          					||(gCfgItems.filament_load_limit_temper<=thermalManager.current_temperature[gCfgItems.curSprayerChoose]))
    147          					{
    148          						last_disp_state = FILAMENTCHANGE_UI;
    149          						Clear_FilamentChange();
    150          						draw_dialog(DIALOG_TYPE_FILAMENT_HEAT_LOAD_COMPLETED);
    151          					}
    152          					else
    153          					{
    154          						last_disp_state = FILAMENTCHANGE_UI;
    155          						Clear_FilamentChange();
    156          						draw_dialog(DIALOG_TYPE_FILAMENT_LOAD_HEAT);
    157          						if(thermalManager.target_temperature[gCfgItems.curSprayerChoose]<gCfgItems.filament_load_limit_temper)
    158          						{
    159          							memset(buf,0,sizeof(buf));
    160          							sprintf(buf,"M104 T%d S%d\n",gCfgItems.curSprayerChoose,gCfgItems.filament_load_limit_temper);
    161          							enqueue_and_echo_commands_P(PSTR(buf));
    162          						}
    163          						filament_sprayer_temp();
    164          					}
    165          
    166          				}
    167          				
    168          				else if(pMsg->hWinSrc == buttonFilamentChangeOut.btnHandle)
    169          				{
    170          					temperature_change_frequency=1;
    171          					filament_unload_heat_flg=1;
    172          					if((thermalManager.target_temperature[gCfgItems.curSprayerChoose] > 0)
    173          						&&((abs((int)((int)thermalManager.target_temperature[gCfgItems.curSprayerChoose] - thermalManager.current_temperature[gCfgItems.curSprayerChoose]))<=1)
    174          						||((int)thermalManager.current_temperature[gCfgItems.curSprayerChoose] >= gCfgItems.filament_unload_limit_temper)))
    175          					{
    176          						last_disp_state = FILAMENTCHANGE_UI;
    177          						Clear_FilamentChange();
    178          						draw_dialog(DIALOG_TYPE_FILAMENT_HEAT_UNLOAD_COMPLETED);
    179          					}
    180          					else
    181          					{
    182          						last_disp_state = FILAMENTCHANGE_UI;
    183          						Clear_FilamentChange();
    184          						draw_dialog(DIALOG_TYPE_FILAMENT_UNLOAD_HEAT);
    185          						if(thermalManager.target_temperature[gCfgItems.curSprayerChoose]<gCfgItems.filament_unload_limit_temper)
    186          						{
    187          							memset(buf,0,sizeof(buf));
    188          							sprintf(buf,"M104 T%d S%d\n",gCfgItems.curSprayerChoose,gCfgItems.filament_unload_limit_temper);
    189          							enqueue_and_echo_commands_P(PSTR(buf));
    190          						}
    191          						filament_sprayer_temp();
    192          
    193          						//gCfgItems.desireSprayerTemp[gCfgItems.curSprayerChoose] = gCfgItems.filament_unload_limit_temper;
    194          						//Extruder::setTemperatureForExtruder(gCfgItems.filament_unload_limit_temper,gCfgItems.curSprayerChoose);
    195          					}				
    196          				}
    197          				else if(pMsg->hWinSrc == buttonSprayType.btnHandle)
    198          				{
    199          					if(mksCfg.extruders == 2)
    200          					{
    201          						if(gCfgItems.curSprayerChoose == 0)
    202          						{
    203          							gCfgItems.curSprayerChoose = 1;
    204          							//enqueue_and_echo_commands_P("T1");
    205          						}
    206          						else
    207          						{
    208          							gCfgItems.curSprayerChoose = 0;
    209          							//enqueue_and_echo_commands_P("T0");
    210          						}
    211          					}
    212          					else
    213          					{
    214          						gCfgItems.curSprayerChoose = 0;
    215          					}
    216          					
    217          					disp_filament_sprayer_temp();
    218          					disp_filament_sprayer_type();
    219          				}	
    220          
    221          			}		
    222          			break;
    223          		default:
    224          			WM_DefaultProc(pMsg);
    225          	}
    226          }
   \   000000C4   0x....             B.N      ?Subroutine0
   \                     ??cbFilamentChangeWin_2: (+1)
   \   000000C6   0xF9B4 0x2008      LDRSH    R2,[R4, #+8]
   \   000000CA   0x4290             CMP      R0,R2
   \   000000CC   0xD160             BNE.N    ??cbFilamentChangeWin_6
   \   000000CE   0x.... 0x....      LDR.W    R1,??DataTable16_9
   \   000000D2   0x.... 0x....      LDR.W    R5,??DataTable16_5
   \   000000D6   0x.... 0x....      LDR.W    R8,??DataTable16_10
   \   000000DA   0x.... 0x....      LDR.W    R6,??DataTable16_7
   \   000000DE   0x2001             MOVS     R0,#+1
   \   000000E0   0x7008             STRB     R0,[R1, #+0]
   \   000000E2   0x7020             STRB     R0,[R4, #+0]
   \   000000E4   0xF995 0x00AC      LDRSB    R0,[R5, #+172]
   \   000000E8   0xF995 0x70AC      LDRSB    R7,[R5, #+172]
   \   000000EC   0xF856 0x0020      LDR      R0,[R6, R0, LSL #+2]
   \   000000F0   0x.... 0x....      BL       __aeabi_i2f
   \   000000F4   0xF858 0x1027      LDR      R1,[R8, R7, LSL #+2]
   \   000000F8   0x.... 0x....      BL       __aeabi_fsub
   \   000000FC   0x.... 0x....      LDR.W    R1,??DataTable16_11  ;; 0x3f800001
   \   00000100   0xF020 0x4000      BIC      R0,R0,#0x80000000
   \   00000104   0x.... 0x....      BL       __aeabi_cfcmple
   \   00000108   0xD30C             BCC.N    ??cbFilamentChangeWin_7
   \   0000010A   0xF105 0x07AC      ADD      R7,R5,#+172
   \   0000010E   0x6D38             LDR      R0,[R7, #+80]
   \   00000110   0x.... 0x....      BL       __aeabi_ui2f
   \   00000114   0x4601             MOV      R1,R0
   \   00000116   0xF995 0x00AC      LDRSB    R0,[R5, #+172]
   \   0000011A   0xF858 0x0020      LDR      R0,[R8, R0, LSL #+2]
   \   0000011E   0x.... 0x....      BL       __aeabi_cfrcmple
   \   00000122   0xD813             BHI.N    ??cbFilamentChangeWin_8
   \                     ??cbFilamentChangeWin_7: (+1)
   \   00000124   0x.... 0x....      LDR.W    R1,??DataTable16_8
   \   00000128   0x201B             MOVS     R0,#+27
   \   0000012A   0x7008             STRB     R0,[R1, #+0]
   \   0000012C   0x6968             LDR      R0,[R5, #+20]
   \   0000012E   0x.... 0x....      BL       GUI_SetBkColor
   \   00000132   0xF9B4 0x0002      LDRSH    R0,[R4, #+2]
   \   00000136   0x.... 0x....      BL       WM_IsWindow
   \   0000013A   0xB128             CBZ.N    R0,??cbFilamentChangeWin_9
   \   0000013C   0xF9B4 0x0002      LDRSH    R0,[R4, #+2]
   \   00000140   0x.... 0x....      BL       WM_DeleteWindow
   \   00000144   0x.... 0x....      BL       GUI_Exec
   \                     ??cbFilamentChangeWin_9: (+1)
   \   00000148   0x200A             MOVS     R0,#+10
   \   0000014A   0xE067             B.N      ??cbFilamentChangeWin_10
   \                     ??cbFilamentChangeWin_8: (+1)
   \   0000014C   0x.... 0x....      LDR.W    R1,??DataTable16_8
   \   00000150   0x201B             MOVS     R0,#+27
   \   00000152   0x7008             STRB     R0,[R1, #+0]
   \   00000154   0x6968             LDR      R0,[R5, #+20]
   \   00000156   0x.... 0x....      BL       GUI_SetBkColor
   \   0000015A   0xF9B4 0x0002      LDRSH    R0,[R4, #+2]
   \   0000015E   0x.... 0x....      BL       WM_IsWindow
   \   00000162   0xB128             CBZ.N    R0,??cbFilamentChangeWin_11
   \   00000164   0xF9B4 0x0002      LDRSH    R0,[R4, #+2]
   \   00000168   0x.... 0x....      BL       WM_DeleteWindow
   \   0000016C   0x.... 0x....      BL       GUI_Exec
   \                     ??cbFilamentChangeWin_11: (+1)
   \   00000170   0x2009             MOVS     R0,#+9
   \   00000172   0x.... 0x....      BL       draw_dialog
   \   00000176   0xF995 0x00AC      LDRSB    R0,[R5, #+172]
   \   0000017A   0xF856 0x0020      LDR      R0,[R6, R0, LSL #+2]
   \   0000017E   0x6D39             LDR      R1,[R7, #+80]
   \   00000180   0x4288             CMP      R0,R1
   \   00000182   0xD27B             BCS.N    ??cbFilamentChangeWin_12
   \   00000184   0x2132             MOVS     R1,#+50
   \   00000186   0xA800             ADD      R0,SP,#+0
   \   00000188   0x.... 0x....      BL       __aeabi_memclr4
   \   0000018C   0x6D3B             LDR      R3,[R7, #+80]
   \   0000018E   0xE06B             B.N      ??cbFilamentChangeWin_13
   \                     ??cbFilamentChangeWin_6: (+1)
   \   00000190   0xF9B4 0x2020      LDRSH    R2,[R4, #+32]
   \   00000194   0x4290             CMP      R0,R2
   \   00000196   0xD174             BNE.N    ??cbFilamentChangeWin_14
   \   00000198   0x.... 0x....      LDR.W    R1,??DataTable16_9
   \   0000019C   0x.... 0x....      LDR.W    R6,??DataTable16_7
   \   000001A0   0x.... 0x....      LDR.W    R5,??DataTable16_5
   \   000001A4   0x2001             MOVS     R0,#+1
   \   000001A6   0x7008             STRB     R0,[R1, #+0]
   \   000001A8   0x7060             STRB     R0,[R4, #+1]
   \   000001AA   0xF995 0x00AC      LDRSB    R0,[R5, #+172]
   \   000001AE   0xF856 0x0020      LDR      R0,[R6, R0, LSL #+2]
   \   000001B2   0x2801             CMP      R0,#+1
   \   000001B4   0xDB35             BLT.N    ??cbFilamentChangeWin_15
   \   000001B6   0xF995 0x00AC      LDRSB    R0,[R5, #+172]
   \   000001BA   0xF856 0x0020      LDR      R0,[R6, R0, LSL #+2]
   \   000001BE   0x.... 0x....      LDR.W    R7,??DataTable16_10
   \   000001C2   0x.... 0x....      BL       __aeabi_i2f
   \   000001C6   0xF995 0x10AC      LDRSB    R1,[R5, #+172]
   \   000001CA   0xF857 0x1021      LDR      R1,[R7, R1, LSL #+2]
   \   000001CE   0x.... 0x....      BL       __aeabi_fsub
   \   000001D2   0x.... 0x....      BL       __aeabi_f2iz
   \   000001D6   0x2800             CMP      R0,#+0
   \   000001D8   0xBF48             IT       MI 
   \   000001DA   0x4240             RSBMI    R0,R0,#+0
   \   000001DC   0x2802             CMP      R0,#+2
   \   000001DE   0xDB0A             BLT.N    ??cbFilamentChangeWin_16
   \   000001E0   0xF995 0x00AC      LDRSB    R0,[R5, #+172]
   \   000001E4   0xF857 0x0020      LDR      R0,[R7, R0, LSL #+2]
   \   000001E8   0x.... 0x....      BL       __aeabi_f2iz
   \   000001EC   0xF105 0x01AC      ADD      R1,R5,#+172
   \   000001F0   0x6D49             LDR      R1,[R1, #+84]
   \   000001F2   0x4288             CMP      R0,R1
   \   000001F4   0xD315             BCC.N    ??cbFilamentChangeWin_15
   \                     ??cbFilamentChangeWin_16: (+1)
   \   000001F6   0x.... 0x....      LDR.W    R1,??DataTable16_8
   \   000001FA   0x201B             MOVS     R0,#+27
   \   000001FC   0x7008             STRB     R0,[R1, #+0]
   \   000001FE   0x6968             LDR      R0,[R5, #+20]
   \   00000200   0x.... 0x....      BL       GUI_SetBkColor
   \   00000204   0xF9B4 0x0002      LDRSH    R0,[R4, #+2]
   \   00000208   0x.... 0x....      BL       WM_IsWindow
   \   0000020C   0xB128             CBZ.N    R0,??cbFilamentChangeWin_17
   \   0000020E   0xF9B4 0x0002      LDRSH    R0,[R4, #+2]
   \   00000212   0x.... 0x....      BL       WM_DeleteWindow
   \   00000216   0x.... 0x....      BL       GUI_Exec
   \                     ??cbFilamentChangeWin_17: (+1)
   \   0000021A   0x200E             MOVS     R0,#+14
   \                     ??cbFilamentChangeWin_10: (+1)
   \   0000021C   0x.... 0x....      BL       draw_dialog
   \   00000220   0x....             B.N      ?Subroutine0
   \                     ??cbFilamentChangeWin_15: (+1)
   \   00000222   0x.... 0x....      LDR.W    R1,??DataTable16_8
   \   00000226   0x201B             MOVS     R0,#+27
   \   00000228   0x7008             STRB     R0,[R1, #+0]
   \   0000022A   0x6968             LDR      R0,[R5, #+20]
   \   0000022C   0x.... 0x....      BL       GUI_SetBkColor
   \   00000230   0xF9B4 0x0002      LDRSH    R0,[R4, #+2]
   \   00000234   0x.... 0x....      BL       WM_IsWindow
   \   00000238   0xB128             CBZ.N    R0,??cbFilamentChangeWin_18
   \   0000023A   0xF9B4 0x0002      LDRSH    R0,[R4, #+2]
   \   0000023E   0x.... 0x....      BL       WM_DeleteWindow
   \   00000242   0x.... 0x....      BL       GUI_Exec
   \                     ??cbFilamentChangeWin_18: (+1)
   \   00000246   0x200D             MOVS     R0,#+13
   \   00000248   0x.... 0x....      BL       draw_dialog
   \   0000024C   0xF995 0x00AC      LDRSB    R0,[R5, #+172]
   \   00000250   0xF856 0x0020      LDR      R0,[R6, R0, LSL #+2]
   \   00000254   0xF105 0x04AC      ADD      R4,R5,#+172
   \   00000258   0x6D61             LDR      R1,[R4, #+84]
   \   0000025A   0x4288             CMP      R0,R1
   \   0000025C   0xD20E             BCS.N    ??cbFilamentChangeWin_12
   \   0000025E   0x2132             MOVS     R1,#+50
   \   00000260   0xA800             ADD      R0,SP,#+0
   \   00000262   0x.... 0x....      BL       __aeabi_memclr4
   \   00000266   0x6D63             LDR      R3,[R4, #+84]
   \                     ??cbFilamentChangeWin_13: (+1)
   \   00000268   0xF995 0x20AC      LDRSB    R2,[R5, #+172]
   \   0000026C   0x.... 0x....      ADR.W    R1,`?<Constant "M104 T%d S%d\\n">`
   \   00000270   0xA800             ADD      R0,SP,#+0
   \   00000272   0x.... 0x....      BL       sprintf
   \   00000276   0xA800             ADD      R0,SP,#+0
   \   00000278   0x.... 0x....      BL       _Z27enqueue_and_echo_commands_PPKc
   \                     ??cbFilamentChangeWin_12: (+1)
   \   0000027C   0x.... 0x....      BL       _Z21filament_sprayer_tempv
   \   00000280   0x....             B.N      ?Subroutine0
   \                     ??cbFilamentChangeWin_14: (+1)
   \   00000282   0xF9B1 0x1000      LDRSH    R1,[R1, #+0]
   \   00000286   0x4288             CMP      R0,R1
   \   00000288   0xD11D             BNE.N    ??cbFilamentChangeWin_0
   \   0000028A   0x....             LDR.N    R0,??DataTable16_3
   \   0000028C   0x....             LDR.N    R5,??DataTable16_5
   \   0000028E   0xF890 0x00F7      LDRB     R0,[R0, #+247]
   \   00000292   0x2802             CMP      R0,#+2
   \   00000294   0xD10C             BNE.N    ??cbFilamentChangeWin_19
   \   00000296   0xF995 0x00AC      LDRSB    R0,[R5, #+172]
   \   0000029A   0x1E41             SUBS     R1,R0,#+1
   \   0000029C   0x4189             SBCS     R1,R1,R1
   \   0000029E   0x0FC9             LSRS     R1,R1,#+31
   \   000002A0   0xF885 0x10AC      STRB     R1,[R5, #+172]
   \   000002A4   0xE007             B.N      ??cbFilamentChangeWin_20
   \   000002A6   0xBF00             Nop      
   \                     ??cbFilamentChangeWin_4:
   \   000002A8   0x54 0x31          DC8      0x54, 0x31, 0x00, 0x00
   \              0x00 0x00    
   \   000002AC   0x54 0x30          DC8      0x54, 0x30, 0x00, 0x00
   \              0x00 0x00    
   \                     ??cbFilamentChangeWin_19: (+1)
   \   000002B0   0x2000             MOVS     R0,#+0
   \   000002B2   0xF885 0x00AC      STRB     R0,[R5, #+172]
   \                     ??cbFilamentChangeWin_20: (+1)
   \   000002B6   0x.... 0x....      BL       disp_filament_sprayer_temp
   \   000002BA   0x.... 0x....      BL       _Z26disp_filament_sprayer_typev
   \   000002BE   0x....             B.N      ?Subroutine0
   \                     ??cbFilamentChangeWin_1: (+1)
   \   000002C0   0x4620             MOV      R0,R4
   \   000002C2   0x.... 0x....      BL       WM_DefaultProc
   \                     ??cbFilamentChangeWin_0: (+1)
   \   000002C6                      REQUIRE ?Subroutine0
   \   000002C6                      ;; // Fall through to label ?Subroutine0

   \                                 In section .text, align 2, keep-with-next
   \                     ?Subroutine0: (+1)
   \   00000000   0xB00E             ADD      SP,SP,#+56
   \   00000002   0xE8BD 0x81F0      POP      {R4-R8,PC}       ;; return
    227          

   \                                 In section .text, align 2, keep-with-next
    228          void draw_FilamentChange()
    229          {
   \                     draw_FilamentChange: (+1)
   \   00000000   0xE92D 0x43F0      PUSH     {R4-R9,LR}
    230          	int8_t buf[100] = {0};
                 	       ^
Warning[Pe177]: variable "buf" was declared but never referenced

  static TEXT_Handle textExtruTemp, textExtruMsg;
                                    ^
"D:\MKS-Robin-Nano-Firmware-v2.x.x\MKS-Robin-Nano-Firmware\User\ui\draw_filamentchange.cpp",23  Warning[Pe177]: 
          variable "textExtruMsg" was declared but never referenced

  static BUTTON_STRUCT buttonFilamentChangeIn, buttonFilamentChangeOut, buttonSprayType,buttonFilamentChangepreheat,buttonFilamentChangeStop, buttonRet;
                                                                                        ^
"D:\MKS-Robin-Nano-Firmware-v2.x.x\MKS-Robin-Nano-Firmware\User\ui\draw_filamentchange.cpp",25  Warning[Pe177]: 
          variable "buttonFilamentChangepreheat" was declared but never
          referenced

  static BUTTON_STRUCT buttonFilamentChangeIn, buttonFilamentChangeOut, buttonSprayType,buttonFilamentChangepreheat,buttonFilamentChangeStop, buttonRet;
                                                                                                                    ^
"D:\MKS-Robin-Nano-Firmware-v2.x.x\MKS-Robin-Nano-Firmware\User\ui\draw_filamentchange.cpp",25  Warning[Pe177]: 
          variable "buttonFilamentChangeStop" was declared but never referenced

  static uint8_t filament_in_out_flg;
                 ^
"D:\MKS-Robin-Nano-Firmware-v2.x.x\MKS-Robin-Nano-Firmware\User\ui\draw_filamentchange.cpp",50  Warning[Pe550]: 
          variable "filament_in_out_flg" was set but never used

  					thermalManager.target_temperature[gCfgItems.curSprayerChoose]= gCfgItems.desireSprayerTempBak;
  					^
"D:\MKS-Robin-Nano-Firmware-v2.x.x\MKS-Robin-Nano-Firmware\User\ui\draw_filamentchange.cpp",123  Warning[Pa082]: 
          undefined behavior: the order of volatile accesses is undefined in
          this statement

  					if((abs(thermalManager.target_temperature[gCfgItems.curSprayerChoose]-thermalManager.current_temperature[gCfgItems.curSprayerChoose])<=1)
  					^
"D:\MKS-Robin-Nano-Firmware-v2.x.x\MKS-Robin-Nano-Firmware\User\ui\draw_filamentchange.cpp",145  Warning[Pa082]: 
          undefined behavior: the order of volatile accesses is undefined in
          this statement

  					if((thermalManager.target_temperature[gCfgItems.curSprayerChoose] > 0)
  					^
"D:\MKS-Robin-Nano-Firmware-v2.x.x\MKS-Robin-Nano-Firmware\User\ui\draw_filamentchange.cpp",172  Warning[Pa082]: 
          undefined behavior: the order of volatile accesses is undefined in
          this statement
    231          	//link_mutex_detect_time = 5;
    232          	//Get_Temperature_Flg = 1;
    233          	//get_temp_flag = 1;
    234          
    235          	
    236          	if(disp_state_stack._disp_state[disp_state_stack._disp_index] != FILAMENTCHANGE_UI)
   \   00000004   0x....             LDR.N    R0,??DataTable16_12
   \   00000006   0xF990 0x1064      LDRSB    R1,[R0, #+100]
   \   0000000A   0xB085             SUB      SP,SP,#+20
   \   0000000C   0x560A             LDRSB    R2,[R1, R0]
   \   0000000E   0x2A1B             CMP      R2,#+27
   \   00000010   0xD005             BEQ.N    ??draw_FilamentChange_0
    237          	{
    238          		disp_state_stack._disp_index++;
   \   00000012   0x1C49             ADDS     R1,R1,#+1
   \   00000014   0xF880 0x1064      STRB     R1,[R0, #+100]
    239          		disp_state_stack._disp_state[disp_state_stack._disp_index] = FILAMENTCHANGE_UI;
   \   00000018   0x221B             MOVS     R2,#+27
   \   0000001A   0xB249             SXTB     R1,R1
   \   0000001C   0x540A             STRB     R2,[R1, R0]
    240          	}
    241          	disp_state = FILAMENTCHANGE_UI;
   \                     ??draw_FilamentChange_0: (+1)
   \   0000001E   0x201B             MOVS     R0,#+27
   \   00000020   0x....             LDR.N    R1,??DataTable16_13
    242          		
    243          	GUI_SetBkColor(gCfgItems.background_color);
   \   00000022   0x....             LDR.N    R4,??DataTable16_5
   \   00000024   0x7008             STRB     R0,[R1, #+0]
   \   00000026   0x6960             LDR      R0,[R4, #+20]
   \   00000028   0x.... 0x....      BL       GUI_SetBkColor
    244          	GUI_SetColor(gCfgItems.title_color);
   \   0000002C   0x69A0             LDR      R0,[R4, #+24]
   \   0000002E   0x.... 0x....      BL       GUI_SetColor
    245          	GUI_Clear();
   \   00000032   0x.... 0x....      BL       GUI_Clear
    246          	#if 0
    247          	if(gCfgItems.language == LANG_COMPLEX_CHINESE)
    248          	{
    249          		GUI_SetFont(&GUI_FontHZ16);
    250          	}
    251          	else if(gCfgItems.language == LANG_SIMPLE_CHINESE)
    252          	{
    253          		GUI_SetFont(&FONT_TITLE);
    254          	}
    255          	else
    256          	{
    257          		GUI_SetFont(&GUI_FontHZ_fontHz18);
    258          	}
    259          	#endif
    260          	
    261          	GUI_DispStringAt(creat_title_text(),  TITLE_XPOS, TITLE_YPOS);
   \   00000036   0x.... 0x....      BL       creat_title_text
   \   0000003A   0x2205             MOVS     R2,#+5
   \   0000003C   0x2103             MOVS     R1,#+3
   \   0000003E   0x.... 0x....      BL       GUI_DispStringAt
    262          
    263          	hFilamentChangeWnd = WM_CreateWindow(0, titleHeight, LCD_WIDTH, imgHeight, WM_CF_SHOW, cbFilamentChangeWin, 0);
   \   00000042   0x2000             MOVS     R0,#+0
   \   00000044   0x9002             STR      R0,[SP, #+8]
   \   00000046   0xF44F 0x738E      MOV      R3,#+284
   \   0000004A   0x....             LDR.N    R0,??DataTable16_14
   \   0000004C   0x....             LDR.N    R5,??DataTable16_2
   \   0000004E   0x9001             STR      R0,[SP, #+4]
   \   00000050   0xF44F 0x72F0      MOV      R2,#+480
   \   00000054   0x2002             MOVS     R0,#+2
   \   00000056   0x9000             STR      R0,[SP, #+0]
   \   00000058   0x2124             MOVS     R1,#+36
   \   0000005A   0x2000             MOVS     R0,#+0
   \   0000005C   0x.... 0x....      BL       WM_CreateWindow
   \   00000060   0x8068             STRH     R0,[R5, #+2]
    264          
    265          	buttonFilamentChangeIn.btnHandle = BUTTON_CreateEx(INTERVAL_V,0,BTN_X_PIXEL, BTN_Y_PIXEL, hFilamentChangeWnd, BUTTON_CF_SHOW, 0, alloc_win_id());
   \   00000062   0x.... 0x....      BL       alloc_win_id
   \   00000066   0x9003             STR      R0,[SP, #+12]
   \   00000068   0x238C             MOVS     R3,#+140
   \   0000006A   0x2000             MOVS     R0,#+0
   \   0000006C   0x9002             STR      R0,[SP, #+8]
   \   0000006E   0x2275             MOVS     R2,#+117
   \   00000070   0x2002             MOVS     R0,#+2
   \   00000072   0x9001             STR      R0,[SP, #+4]
   \   00000074   0x2100             MOVS     R1,#+0
   \   00000076   0x5E28             LDRSH    R0,[R5, R0]
   \   00000078   0x9000             STR      R0,[SP, #+0]
   \   0000007A   0x2002             MOVS     R0,#+2
   \   0000007C   0x.... 0x....      BL       BUTTON_CreateEx
   \   00000080   0x8128             STRH     R0,[R5, #+8]
    266          	buttonFilamentChangeOut.btnHandle = BUTTON_CreateEx(BTN_X_PIXEL*3+INTERVAL_V*4,0,BTN_X_PIXEL, BTN_Y_PIXEL, hFilamentChangeWnd, BUTTON_CF_SHOW, 0, alloc_win_id());
   \   00000082   0x.... 0x....      BL       alloc_win_id
   \   00000086   0x9003             STR      R0,[SP, #+12]
   \   00000088   0xF240 0x1767      MOVW     R7,#+359
   \   0000008C   0x2000             MOVS     R0,#+0
   \   0000008E   0x9002             STR      R0,[SP, #+8]
   \   00000090   0x238C             MOVS     R3,#+140
   \   00000092   0x2002             MOVS     R0,#+2
   \   00000094   0x9001             STR      R0,[SP, #+4]
   \   00000096   0x2275             MOVS     R2,#+117
   \   00000098   0x5E28             LDRSH    R0,[R5, R0]
   \   0000009A   0x9000             STR      R0,[SP, #+0]
   \   0000009C   0x2100             MOVS     R1,#+0
   \   0000009E   0x4638             MOV      R0,R7
   \   000000A0   0x.... 0x....      BL       BUTTON_CreateEx
   \   000000A4   0x8428             STRH     R0,[R5, #+32]
    267          	buttonSprayType.btnHandle = BUTTON_CreateEx(INTERVAL_V,BTN_Y_PIXEL+INTERVAL_H,BTN_X_PIXEL, BTN_Y_PIXEL, hFilamentChangeWnd, BUTTON_CF_SHOW, 0, alloc_win_id());
   \   000000A6   0x.... 0x....      BL       alloc_win_id
   \   000000AA   0x9003             STR      R0,[SP, #+12]
   \   000000AC   0x2000             MOVS     R0,#+0
   \   000000AE   0x9002             STR      R0,[SP, #+8]
   \   000000B0   0x2002             MOVS     R0,#+2
   \   000000B2   0x9001             STR      R0,[SP, #+4]
   \   000000B4   0x238C             MOVS     R3,#+140
   \   000000B6   0x5E28             LDRSH    R0,[R5, R0]
   \   000000B8   0x....             LDR.N    R6,??DataTable16_1
   \   000000BA   0x9000             STR      R0,[SP, #+0]
   \   000000BC   0x2275             MOVS     R2,#+117
   \   000000BE   0x218E             MOVS     R1,#+142
   \   000000C0   0x2002             MOVS     R0,#+2
   \   000000C2   0x.... 0x....      BL       BUTTON_CreateEx
   \   000000C6   0x8030             STRH     R0,[R6, #+0]
    268          	buttonRet.btnHandle = BUTTON_CreateEx(BTN_X_PIXEL*3+INTERVAL_V*4, BTN_Y_PIXEL+INTERVAL_H,BTN_X_PIXEL,BTN_Y_PIXEL, hFilamentChangeWnd, BUTTON_CF_SHOW, 0, alloc_win_id());
   \   000000C8   0x.... 0x....      BL       alloc_win_id
   \   000000CC   0x9003             STR      R0,[SP, #+12]
   \   000000CE   0x238C             MOVS     R3,#+140
   \   000000D0   0x2000             MOVS     R0,#+0
   \   000000D2   0x9002             STR      R0,[SP, #+8]
   \   000000D4   0x2275             MOVS     R2,#+117
   \   000000D6   0x2002             MOVS     R0,#+2
   \   000000D8   0x9001             STR      R0,[SP, #+4]
   \   000000DA   0x218E             MOVS     R1,#+142
   \   000000DC   0x5E28             LDRSH    R0,[R5, R0]
   \   000000DE   0x9000             STR      R0,[SP, #+0]
   \   000000E0   0x4638             MOV      R0,R7
   \   000000E2   0x.... 0x....      BL       BUTTON_CreateEx
   \   000000E6   0x8330             STRH     R0,[R6, #+24]
    269          
    270          	BUTTON_SetBmpFileName(buttonFilamentChangeIn.btnHandle, "bmp_in.bin",1);
   \   000000E8   0x2201             MOVS     R2,#+1
   \   000000EA   0xF9B5 0x0008      LDRSH    R0,[R5, #+8]
   \   000000EE   0x.... 0x....      ADR.W    R1,`?<Constant "bmp_in.bin">`
   \   000000F2   0x.... 0x....      BL       BUTTON_SetBmpFileName
    271          	BUTTON_SetBmpFileName(buttonFilamentChangeOut.btnHandle, "bmp_out.bin",1);
   \   000000F6   0xF9B5 0x0020      LDRSH    R0,[R5, #+32]
   \   000000FA   0x.... 0x....      ADR.W    R1,`?<Constant "bmp_out.bin">`
   \   000000FE   0x2201             MOVS     R2,#+1
   \   00000100   0x.... 0x....      BL       BUTTON_SetBmpFileName
    272          	BUTTON_SetBmpFileName(buttonRet.btnHandle, "bmp_return.bin",1);
   \   00000104   0xF9B6 0x0018      LDRSH    R0,[R6, #+24]
   \   00000108   0x.... 0x....      ADR.W    R1,`?<Constant "bmp_return.bin">`
   \   0000010C   0x2201             MOVS     R2,#+1
   \   0000010E   0x.... 0x....      BL       BUTTON_SetBmpFileName
    273          	
    274          	BUTTON_SetBitmapEx(buttonFilamentChangeIn.btnHandle, 0, &bmp_struct, BMP_PIC_X, BMP_PIC_Y);
   \   00000112   0x.... 0x....      LDR.W    R9,??DataTable16_15
   \   00000116   0x.... 0x....      LDR.W    R8,??DataTable16_16
   \   0000011A   0xF999 0x0000      LDRSB    R0,[R9, #+0]
   \   0000011E   0x....             LDR.N    R7,??DataTable16_17
   \   00000120   0xF998 0x3000      LDRSB    R3,[R8, #+0]
   \   00000124   0x9000             STR      R0,[SP, #+0]
   \   00000126   0x463A             MOV      R2,R7
   \   00000128   0xF9B5 0x0008      LDRSH    R0,[R5, #+8]
   \   0000012C   0x2100             MOVS     R1,#+0
   \   0000012E   0x.... 0x....      BL       BUTTON_SetBitmapEx
    275          	BUTTON_SetBitmapEx(buttonFilamentChangeOut.btnHandle, 0, &bmp_struct, BMP_PIC_X, BMP_PIC_Y);
   \   00000132   0xF999 0x0000      LDRSB    R0,[R9, #+0]
   \   00000136   0xF998 0x3000      LDRSB    R3,[R8, #+0]
   \   0000013A   0x9000             STR      R0,[SP, #+0]
   \   0000013C   0x463A             MOV      R2,R7
   \   0000013E   0xF9B5 0x0020      LDRSH    R0,[R5, #+32]
   \   00000142   0x2100             MOVS     R1,#+0
   \   00000144   0x.... 0x....      BL       BUTTON_SetBitmapEx
    276          	BUTTON_SetBitmapEx(buttonRet.btnHandle, 0, &bmp_struct, BMP_PIC_X, BMP_PIC_Y);
   \   00000148   0xF999 0x0000      LDRSB    R0,[R9, #+0]
   \   0000014C   0xF998 0x3000      LDRSB    R3,[R8, #+0]
   \   00000150   0x9000             STR      R0,[SP, #+0]
   \   00000152   0x463A             MOV      R2,R7
   \   00000154   0xF9B6 0x0018      LDRSH    R0,[R6, #+24]
   \   00000158   0x2100             MOVS     R1,#+0
   \   0000015A   0x.... 0x....      BL       BUTTON_SetBitmapEx
    277          	
    278          	textExtruTemp = TEXT_CreateEx(BTN_X_PIXEL+INTERVAL_V*2,(BTN_Y_PIXEL-90)/2,BTN_X_PIXEL*2+INTERVAL_V,60, hFilamentChangeWnd, WM_CF_SHOW, TEXT_CF_HCENTER|TEXT_CF_VCENTER,GUI_ID_TEXT2, " ");
   \   0000015E   0x....             ADR.N    R0,??DataTable16  ;; " "
   \   00000160   0x9004             STR      R0,[SP, #+16]
   \   00000162   0x233C             MOVS     R3,#+60
   \   00000164   0xF44F 0x70B1      MOV      R0,#+354
   \   00000168   0x9003             STR      R0,[SP, #+12]
   \   0000016A   0x22EC             MOVS     R2,#+236
   \   0000016C   0x200E             MOVS     R0,#+14
   \   0000016E   0x9002             STR      R0,[SP, #+8]
   \   00000170   0x2119             MOVS     R1,#+25
   \   00000172   0x2002             MOVS     R0,#+2
   \   00000174   0x9001             STR      R0,[SP, #+4]
   \   00000176   0x5E28             LDRSH    R0,[R5, R0]
   \   00000178   0x9000             STR      R0,[SP, #+0]
   \   0000017A   0x2079             MOVS     R0,#+121
   \   0000017C   0x.... 0x....      BL       TEXT_CreateEx
   \   00000180   0x80A8             STRH     R0,[R5, #+4]
    279          	//textExtruMsg = TEXT_CreateEx(BTN_X_PIXEL+INTERVAL_V*2,(BTN_Y_PIXEL-30)/2+30, BTN_X_PIXEL*2+INTERVAL_V,30, hFilamentChangeWnd, WM_CF_SHOW, TEXT_CF_HCENTER|TEXT_CF_VCENTER,GUI_ID_TEXT1, " ");
    280          
    281          	if(gCfgItems.multiple_language != 0)
   \   00000182   0xF894 0x01CF      LDRB     R0,[R4, #+463]
   \   00000186   0xB180             CBZ.N    R0,??draw_FilamentChange_1
    282          	{
    283          		BUTTON_SetText(buttonFilamentChangeIn.btnHandle,filament_menu.in);
   \   00000188   0x....             LDR.N    R7,??DataTable16_18
   \   0000018A   0xF9B5 0x0008      LDRSH    R0,[R5, #+8]
   \   0000018E   0x6879             LDR      R1,[R7, #+4]
   \   00000190   0x.... 0x....      BL       BUTTON_SetText
    284          		BUTTON_SetText(buttonFilamentChangeOut.btnHandle,filament_menu.out);	
   \   00000194   0x68B9             LDR      R1,[R7, #+8]
   \   00000196   0xF9B5 0x0020      LDRSH    R0,[R5, #+32]
   \   0000019A   0x.... 0x....      BL       BUTTON_SetText
    285          		BUTTON_SetText(buttonRet.btnHandle,common_menu.text_back);
   \   0000019E   0x....             LDR.N    R0,??DataTable16_19
   \   000001A0   0x6801             LDR      R1,[R0, #+0]
   \   000001A2   0xF9B6 0x0018      LDRSH    R0,[R6, #+24]
   \   000001A6   0x.... 0x....      BL       BUTTON_SetText
    286          	}
    287          
    288          	//TEXT_SetTextAlign(textExtruMsg,  GUI_TA_BOTTOM | GUI_TA_HCENTER);
    289          	//TEXT_SetTextAlign(textExtruTemp,  GUI_TA_TOP| GUI_TA_HCENTER);
    290          
    291          	
    292          	gCfgItems.curSprayerChoose = active_extruder;
   \                     ??draw_FilamentChange_1: (+1)
   \   000001AA   0x....             LDR.N    R0,??DataTable16_20
   \   000001AC   0xF990 0x0000      LDRSB    R0,[R0, #+0]
   \   000001B0   0xF884 0x00AC      STRB     R0,[R4, #+172]
    293          	disp_filament_sprayer_temp();
   \   000001B4   0x.... 0x....      BL       disp_filament_sprayer_temp
    294          	disp_filament_sprayer_type();
   \   000001B8   0xB005             ADD      SP,SP,#+20
   \   000001BA   0xE8BD 0x43F0      POP      {R4-R9,LR}
   \   000001BE   0x....             B.N      _Z26disp_filament_sprayer_typev
    295          	//TEXT_SetTextColor(textExtruMsg, gCfgItems.state_text_color);
    296          	//TEXT_SetBkColor(textExtruMsg, gCfgItems.state_background_color);
    297          	
    298          	//sprintf((char*)buf,filament_menu.ready_replace);
    299          	//TEXT_SetText(textExtruMsg, (const char *)buf);	
    300          }
    301          
    302          

   \                                 In section .text, align 2, keep-with-next
    303          void disp_filament_sprayer_temp()
    304          {
   \                     disp_filament_sprayer_temp: (+1)
   \   00000000   0xB570             PUSH     {R4-R6,LR}
   \   00000002   0xB08E             SUB      SP,SP,#+56
    305          	int8_t buf[30] = {0};
   \   00000004   0xA805             ADD      R0,SP,#+20
   \   00000006   0x2100             MOVS     R1,#+0
   \   00000008   0x2200             MOVS     R2,#+0
   \   0000000A   0x460B             MOV      R3,R1
   \   0000000C   0x460C             MOV      R4,R1
   \   0000000E   0xC01E             STM      R0!,{R1-R4}
   \   00000010   0xC01E             STM      R0!,{R1-R4}
    306          	int8_t buf1[20] = {0};
   \   00000012   0xA800             ADD      R0,SP,#+0
    307          
    308          	TEXT_SetTextColor(textExtruTemp, gCfgItems.title_color);
   \   00000014   0x....             LDR.N    R4,??DataTable16_2
   \   00000016   0x....             LDR.N    R5,??DataTable16_5
   \   00000018   0xC00E             STM      R0!,{R1-R3}
   \   0000001A   0xC006             STM      R0!,{R1,R2}
   \   0000001C   0x69A9             LDR      R1,[R5, #+24]
   \   0000001E   0xF9B4 0x0004      LDRSH    R0,[R4, #+4]
   \   00000022   0x.... 0x....      BL       TEXT_SetTextColor
    309          	TEXT_SetBkColor(textExtruTemp, gCfgItems.background_color);
   \   00000026   0x6969             LDR      R1,[R5, #+20]
   \   00000028   0xF9B4 0x0004      LDRSH    R0,[R4, #+4]
   \   0000002C   0x.... 0x....      BL       TEXT_SetBkColor
    310          	//TEXT_SetTextAlign(textExtruTemp,  GUI_TA_VERTICAL| GUI_TA_HCENTER);
    311          	sprintf((char*)buf,"E%d: ",gCfgItems.curSprayerChoose+1);
   \   00000030   0xF995 0x00AC      LDRSB    R0,[R5, #+172]
   \   00000034   0x.... 0x....      ADR.W    R1,`?<Constant "E%d: ">`
   \   00000038   0x1C42             ADDS     R2,R0,#+1
   \   0000003A   0xA805             ADD      R0,SP,#+20
   \   0000003C   0x.... 0x....      BL       sprintf
    312          	sprintf((char*)buf1, filament_menu.stat_temp, (int)thermalManager.current_temperature[gCfgItems.curSprayerChoose],(int)thermalManager.target_temperature[gCfgItems.curSprayerChoose]);
                 	^
Warning[Pa082]: undefined behavior: the order of volatile accesses is
          undefined in this statement
   \   00000040   0xF995 0x00AC      LDRSB    R0,[R5, #+172]
   \   00000044   0x....             LDR.N    R1,??DataTable16_7
   \   00000046   0xF851 0x6020      LDR      R6,[R1, R0, LSL #+2]
   \   0000004A   0xF995 0x00AC      LDRSB    R0,[R5, #+172]
   \   0000004E   0x....             LDR.N    R1,??DataTable16_10
   \   00000050   0xF851 0x0020      LDR      R0,[R1, R0, LSL #+2]
   \   00000054   0x.... 0x....      BL       __aeabi_f2iz
   \   00000058   0x4602             MOV      R2,R0
   \   0000005A   0x....             LDR.N    R0,??DataTable16_18
   \   0000005C   0x6981             LDR      R1,[R0, #+24]
   \   0000005E   0x4633             MOV      R3,R6
   \   00000060   0xA800             ADD      R0,SP,#+0
   \   00000062   0x.... 0x....      BL       sprintf
    313          	strcat((char*)buf,(char*)buf1);
   \   00000066   0xA900             ADD      R1,SP,#+0
   \   00000068   0xA805             ADD      R0,SP,#+20
   \   0000006A   0x.... 0x....      BL       strcat
    314          	TEXT_SetText(textExtruTemp, (const char *)buf);
   \   0000006E   0xF9B4 0x0004      LDRSH    R0,[R4, #+4]
   \   00000072   0xA905             ADD      R1,SP,#+20
   \   00000074   0x.... 0x....      BL       TEXT_SetText
    315          }
   \   00000078   0xB00E             ADD      SP,SP,#+56
   \   0000007A   0xBD70             POP      {R4-R6,PC}       ;; return
    316          

   \                                 In section .text, align 2, keep-with-next
    317          void disp_filament_sprayer_type()
    318          {
   \                     _Z26disp_filament_sprayer_typev: (+1)
   \   00000000   0xE92D 0x41F0      PUSH     {R4-R8,LR}
    319          	if(gCfgItems.curSprayerChoose == 0)
   \   00000004   0x....             LDR.N    R4,??DataTable16_1
   \   00000006   0x....             LDR.N    R5,??DataTable16_5
   \   00000008   0xF9B4 0x0000      LDRSH    R0,[R4, #+0]
   \   0000000C   0x....             LDR.N    R6,??DataTable16_17
   \   0000000E   0x....             LDR.N    R7,??DataTable16_16
   \   00000010   0x.... 0x....      LDR.W    R8,??DataTable16_15
   \   00000014   0xB082             SUB      SP,SP,#+8
   \   00000016   0xF995 0x10AC      LDRSB    R1,[R5, #+172]
   \   0000001A   0x2900             CMP      R1,#+0
   \   0000001C   0xBF07             ITTEE    EQ 
    320          	{			
    321          		#if VERSION_WITH_PIC
    322          		BUTTON_SetBmpFileName(buttonSprayType.btnHandle, "bmp_extru1.bin",1);
   \   0000001E   0x2201             MOVEQ    R2,#+1
   \   00000020   0x.... 0x....      ADREQ.W  R1,`?<Constant "bmp_extru1.bin">`
    323          		BUTTON_SetBitmapEx(buttonSprayType.btnHandle, 0, &bmp_struct, BMP_PIC_X, BMP_PIC_Y);
    324          		#endif
    325          	}
    326          	else
    327          	{
    328          		#if VERSION_WITH_PIC
    329          		BUTTON_SetBmpFileName(buttonSprayType.btnHandle, "bmp_extru2.bin",1);
   \   00000024   0x2201             MOVNE    R2,#+1
   \   00000026   0x.... 0x....      ADRNE.W  R1,`?<Constant "bmp_extru2.bin">`
   \   0000002A   0x.... 0x....      BL       BUTTON_SetBmpFileName
    330          		BUTTON_SetBitmapEx(buttonSprayType.btnHandle, 0, &bmp_struct, BMP_PIC_X, BMP_PIC_Y);
   \   0000002E   0xF998 0x0000      LDRSB    R0,[R8, #+0]
   \   00000032   0x9000             STR      R0,[SP, #+0]
   \   00000034   0x2100             MOVS     R1,#+0
   \   00000036   0xF997 0x3000      LDRSB    R3,[R7, #+0]
   \   0000003A   0x5E60             LDRSH    R0,[R4, R1]
   \   0000003C   0x4632             MOV      R2,R6
   \   0000003E   0x.... 0x....      BL       BUTTON_SetBitmapEx
    331          		#endif
    332          	}
    333          	if(gCfgItems.multiple_language != 0)
   \   00000042   0xF895 0x01CF      LDRB     R0,[R5, #+463]
   \   00000046   0xB188             CBZ.N    R0,??disp_filament_sprayer_type_0
    334          	{
    335          		if(gCfgItems.curSprayerChoose == 0)
   \   00000048   0xF995 0x00AC      LDRSB    R0,[R5, #+172]
   \   0000004C   0xB910             CBNZ.N   R0,??disp_filament_sprayer_type_1
    336          		{
    337          			BUTTON_SetText(buttonSprayType.btnHandle,filament_menu.ext1);
   \   0000004E   0x....             LDR.N    R0,??DataTable16_18
   \   00000050   0x68C1             LDR      R1,[R0, #+12]
   \   00000052   0xE005             B.N      ??disp_filament_sprayer_type_2
    338          		}
    339          		else if(gCfgItems.curSprayerChoose == 1)
   \                     ??disp_filament_sprayer_type_1: (+1)
   \   00000054   0xF995 0x00AC      LDRSB    R0,[R5, #+172]
   \   00000058   0x2801             CMP      R0,#+1
   \   0000005A   0xD107             BNE.N    ??disp_filament_sprayer_type_0
    340          		{
    341          			BUTTON_SetText(buttonSprayType.btnHandle,filament_menu.ext2);
   \   0000005C   0x....             LDR.N    R0,??DataTable16_18
   \   0000005E   0x6901             LDR      R1,[R0, #+16]
   \                     ??disp_filament_sprayer_type_2: (+1)
   \   00000060   0xF9B4 0x0000      LDRSH    R0,[R4, #+0]
   \   00000064   0xE8BD 0x41FC      POP      {R2-R8,LR}
   \   00000068   0x.... 0x....      B.W      BUTTON_SetText
    342          		}		
    343          	}	
    344          }
   \                     ??disp_filament_sprayer_type_0: (+1)
   \   0000006C   0xE8BD 0x81F3      POP      {R0,R1,R4-R8,PC}  ;; return
    345          #if 0
    346          void FilamentChange_handle()
    347          {
    348          	char buf[15] = {0};
    349          
    350          	switch(filamentchange_Process)
    351          	{
    352          	case 1:
    353          
    354          		if(gcodeCmdTxFIFO.count <= 12)
    355          		{
    356          			//pushFIFO(&gcodeCmdTxFIFO, RELATIVE_COORD_COMMAN);
    357          			
    358          			if(gCfgItems.sprayerNum == 2)
    359          			{							
    360          				sprintf(buf,"T%d\n",gCfgItems.curSprayerChoose);
    361          				pushFIFO(&gcodeCmdTxFIFO, (unsigned char *)buf);
    362          				memset(buf,0,sizeof(buf));
    363          				sprintf(buf, "G1 E%d F%d\n", gCfgItems.filamentchange_step, gCfgItems.filamentchange_speed);
    364          				pushFIFO(&gcodeCmdTxFIFO, (unsigned char *)buf);	
    365          			}
    366          			else
    367          			{
    368          				MOVE_E_COMMAN(buf, gCfgItems.filamentchange_step, gCfgItems.filamentchange_speed);
    369          				pushFIFO(&gcodeCmdTxFIFO, (unsigned char *)buf);
    370          			} 	
    371          
    372          			//pushFIFO(&gcodeCmdTxFIFO, ABSOLUTE_COORD_COMMAN);		
    373          		}
    374          
    375          		break;
    376          	case 2:
    377          	
    378          		if(gcodeCmdTxFIFO.count <= 12)
    379          		{
    380          			//pushFIFO(&gcodeCmdTxFIFO, RELATIVE_COORD_COMMAN);
    381          					
    382          			if(gCfgItems.sprayerNum == 2)
    383          			{							
    384          				sprintf(buf,"T%d\n",gCfgItems.curSprayerChoose);
    385          				pushFIFO(&gcodeCmdTxFIFO, (unsigned char *)buf);
    386          				memset(buf,0,sizeof(buf));
    387          				sprintf(buf, "G1 E%d F%d\n", 0-gCfgItems.filamentchange_step, gCfgItems.filamentchange_speed);
    388          				pushFIFO(&gcodeCmdTxFIFO, (unsigned char *)buf);	
    389          			}
    390          			else
    391          			{
    392          				MOVE_E_COMMAN(buf, 0-gCfgItems.filamentchange_step, gCfgItems.filamentchange_speed);
    393          				pushFIFO(&gcodeCmdTxFIFO, (unsigned char *)buf);
    394          			} 	
    395          
    396          			//pushFIFO(&gcodeCmdTxFIFO, ABSOLUTE_COORD_COMMAN);			
    397          		}
    398          		break;
    399          	case 3:
    400          		initFIFO(&gcodeCmdTxFIFO);
    401          		filamentchange_Process = 0;	
    402          		pushFIFO(&gcodeCmdTxFIFO, (unsigned char *)ABSOLUTE_COORD_COMMAN);//»∑±£∫Û–¯“‘æ¯∂‘◊¯±Í÷¥––
    403          		//“∆∂Ø∫Û¬Ì…œ±£¥Ê ˝æ›
    404          		if(last_disp_state == PRINT_MORE_UI)
    405          			positionSaveFlag = 1;		
    406          		break;
    407          	default:break;		
    408          	}
    409          }
    410          #endif

   \                                 In section .text, align 2, keep-with-next
    411          void Clear_FilamentChange()
    412          {
   \                     Clear_FilamentChange: (+1)
   \   00000000   0xB510             PUSH     {R4,LR}
    413          	GUI_SetBkColor(gCfgItems.background_color);
   \   00000002   0x....             LDR.N    R0,??DataTable16_5
   \   00000004   0x6940             LDR      R0,[R0, #+20]
   \   00000006   0x.... 0x....      BL       GUI_SetBkColor
    414          	if(WM_IsWindow(hFilamentChangeWnd))
   \   0000000A   0x....             LDR.N    R4,??DataTable16_2
   \   0000000C   0xF9B4 0x0002      LDRSH    R0,[R4, #+2]
   \   00000010   0x.... 0x....      BL       WM_IsWindow
   \   00000014   0xB138             CBZ.N    R0,??Clear_FilamentChange_0
    415          	{
    416          		WM_DeleteWindow(hFilamentChangeWnd);
   \   00000016   0xF9B4 0x0002      LDRSH    R0,[R4, #+2]
   \   0000001A   0x.... 0x....      BL       WM_DeleteWindow
    417          		GUI_Exec();
   \   0000001E   0xE8BD 0x4010      POP      {R4,LR}
   \   00000022   0x.... 0x....      B.W      GUI_Exec
    418          	}
    419          	//GUI_Clear();
    420          }
   \                     ??Clear_FilamentChange_0: (+1)
   \   00000026   0xBD10             POP      {R4,PC}          ;; return

   \                                 In section .text, align 4, keep-with-next
   \                     ??DataTable16:
   \   00000000   0x20 0x00          DC8      " ",0x0,0x0
   \              0x00 0x00    

   \                                 In section .text, align 4, keep-with-next
   \                     ??DataTable16_1:
   \   00000000   0x........         DC32     buttonSprayType

   \                                 In section .text, align 4, keep-with-next
   \                     ??DataTable16_2:
   \   00000000   0x........         DC32     filament_load_heat_flg

   \                                 In section .text, align 4, keep-with-next
   \                     ??DataTable16_3:
   \   00000000   0x........         DC32     mksCfg

   \                                 In section .text, align 4, keep-with-next
   \                     ??DataTable16_4:
   \   00000000   0x........         DC32     mksReprint

   \                                 In section .text, align 4, keep-with-next
   \                     ??DataTable16_5:
   \   00000000   0x........         DC32     gCfgItems

   \                                 In section .text, align 4, keep-with-next
   \                     ??DataTable16_6:
   \   00000000   0x........         DC32     feedrate_mm_s

   \                                 In section .text, align 4, keep-with-next
   \                     ??DataTable16_7:
   \   00000000   0x........         DC32     _ZN11Temperature18target_temperatureE

   \                                 In section .text, align 4, keep-with-next
   \                     ??DataTable16_8:
   \   00000000   0x........         DC32     last_disp_state

   \                                 In section .text, align 4, keep-with-next
   \                     ??DataTable16_9:
   \   00000000   0x........         DC32     temperature_change_frequency

   \                                 In section .text, align 4, keep-with-next
   \                     ??DataTable16_10:
   \   00000000   0x........         DC32     _ZN11Temperature19current_temperatureE

   \                                 In section .text, align 4, keep-with-next
   \                     ??DataTable16_11:
   \   00000000   0x3F800001         DC32     0x3f800001

   \                                 In section .text, align 4, keep-with-next
   \                     ??DataTable16_12:
   \   00000000   0x........         DC32     disp_state_stack

   \                                 In section .text, align 4, keep-with-next
   \                     ??DataTable16_13:
   \   00000000   0x........         DC32     disp_state

   \                                 In section .text, align 4, keep-with-next
   \                     ??DataTable16_14:
   \   00000000   0x........         DC32     _Z19cbFilamentChangeWinP10WM_MESSAGE

   \                                 In section .text, align 4, keep-with-next
   \                     ??DataTable16_15:
   \   00000000   0x........         DC32     BMP_PIC_Y

   \                                 In section .text, align 4, keep-with-next
   \                     ??DataTable16_16:
   \   00000000   0x........         DC32     BMP_PIC_X

   \                                 In section .text, align 4, keep-with-next
   \                     ??DataTable16_17:
   \   00000000   0x........         DC32     bmp_struct

   \                                 In section .text, align 4, keep-with-next
   \                     ??DataTable16_18:
   \   00000000   0x........         DC32     filament_menu

   \                                 In section .text, align 4, keep-with-next
   \                     ??DataTable16_19:
   \   00000000   0x........         DC32     common_menu

   \                                 In section .text, align 4, keep-with-next
   \                     ??DataTable16_20:
   \   00000000   0x........         DC32     active_extruder

   \                                 In section .text, align 4, keep-with-next
   \                     `?<Constant "M104 T%d S%d\\n">`:
   \   00000000   0x4D 0x31          DC8 "M104 T%d S%d\012"
   \              0x30 0x34    
   \              0x20 0x54    
   \              0x25 0x64    
   \              0x20 0x53    
   \              0x25 0x64    
   \              0x0A 0x00    
   \   0000000E   0x00 0x00          DC8 0, 0

   \                                 In section .text, align 4, keep-with-next
   \                     `?<Constant "bmp_in.bin">`:
   \   00000000   0x62 0x6D          DC8 "bmp_in.bin"
   \              0x70 0x5F    
   \              0x69 0x6E    
   \              0x2E 0x62    
   \              0x69 0x6E    
   \              0x00         
   \   0000000B   0x00               DC8 0

   \                                 In section .text, align 4, keep-with-next
   \                     `?<Constant "bmp_out.bin">`:
   \   00000000   0x62 0x6D          DC8 "bmp_out.bin"
   \              0x70 0x5F    
   \              0x6F 0x75    
   \              0x74 0x2E    
   \              0x62 0x69    
   \              0x6E 0x00    

   \                                 In section .text, align 4, keep-with-next
   \                     `?<Constant "bmp_return.bin">`:
   \   00000000   0x62 0x6D          DC8 "bmp_return.bin"
   \              0x70 0x5F    
   \              0x72 0x65    
   \              0x74 0x75    
   \              0x72 0x6E    
   \              0x2E 0x62    
   \              0x69 0x6E    
   \              0x00         
   \   0000000F   0x00               DC8 0

   \                                 In section .text, align 4, keep-with-next
   \                     `?<Constant "E%d: ">`:
   \   00000000   0x45 0x25          DC8 "E%d: "
   \              0x64 0x3A    
   \              0x20 0x00    
   \   00000006   0x00 0x00          DC8 0, 0

   \                                 In section .text, align 4, keep-with-next
   \                     `?<Constant "bmp_extru1.bin">`:
   \   00000000   0x62 0x6D          DC8 "bmp_extru1.bin"
   \              0x70 0x5F    
   \              0x65 0x78    
   \              0x74 0x72    
   \              0x75 0x31    
   \              0x2E 0x62    
   \              0x69 0x6E    
   \              0x00         
   \   0000000F   0x00               DC8 0

   \                                 In section .text, align 4, keep-with-next
   \                     `?<Constant "bmp_extru2.bin">`:
   \   00000000   0x62 0x6D          DC8 "bmp_extru2.bin"
   \              0x70 0x5F    
   \              0x65 0x78    
   \              0x74 0x72    
   \              0x75 0x32    
   \              0x2E 0x62    
   \              0x69 0x6E    
   \              0x00         
   \   0000000F   0x00               DC8 0

   \                                 In section .rodata, align 4, keep-with-next
   \                     `?<Constant {'\\000'}>`:
   \   00000000   0x00 0x00          DC8 0, 0, 0, 0, 0, 0, 0, 0, 0, 0, 0, 0, 0, 0, 0, 0, 0
   \              0x00 0x00    
   \              0x00 0x00    
   \              0x00 0x00    
   \              0x00 0x00    
   \              0x00 0x00    
   \              0x00 0x00    
   \              0x00 0x00    
   \              0x00         
   \   00000011   0x00 0x00          DC8 0, 0, 0, 0, 0, 0, 0, 0, 0, 0, 0, 0, 0, 0, 0, 0
   \              0x00 0x00    
   \              0x00 0x00    
   \              0x00 0x00    
   \              0x00 0x00    
   \              0x00 0x00    
   \              0x00 0x00    
   \              0x00 0x00    
   \   00000021   0x00 0x00          DC8 0, 0, 0, 0, 0, 0, 0, 0, 0, 0, 0, 0, 0, 0, 0, 0, 0, 0, 0
   \              0x00 0x00    
   \              0x00 0x00    
   \              0x00 0x00    
   \              0x00 0x00    
   \              0x00 0x00    
   \              0x00 0x00    
   \              0x00 0x00    
   \              0x00 0x00    
   \              0x00         

   \                                 In section .rodata, align 4, keep-with-next
   \                     `?<Constant "T1">`:
   \   00000000   0x54 0x31          DC8 "T1"
   \              0x00         
   \   00000003   0x00               DC8 0

   \                                 In section .rodata, align 4, keep-with-next
   \                     `?<Constant "T0">`:
   \   00000000   0x54 0x30          DC8 "T0"
   \              0x00         
   \   00000003   0x00               DC8 0

   \                                 In section .rodata, align 2, keep-with-next
   \                     `?<Constant " ">`:
   \   00000000   0x20 0x00          DC8 " "

   \                                 In section .rodata, align 4, keep-with-next
   \                     `?<Constant {(int8_t)'\\000'}>`:
   \   00000000   0x00 0x00          DC8 0, 0, 0, 0, 0, 0, 0, 0, 0, 0, 0, 0, 0, 0, 0, 0, 0
   \              0x00 0x00    
   \              0x00 0x00    
   \              0x00 0x00    
   \              0x00 0x00    
   \              0x00 0x00    
   \              0x00 0x00    
   \              0x00 0x00    
   \              0x00         
   \   00000011   0x00 0x00          DC8 0, 0, 0, 0, 0, 0, 0, 0, 0, 0, 0, 0, 0, 0, 0
   \              0x00 0x00    
   \              0x00 0x00    
   \              0x00 0x00    
   \              0x00 0x00    
   \              0x00 0x00    
   \              0x00 0x00    
   \              0x00         

   \                                 In section .rodata, align 4, keep-with-next
   \                     `?<Constant {(int8_t)'\\000'}>_1`:
   \   00000000   0x00 0x00          DC8 0, 0, 0, 0, 0, 0, 0, 0, 0, 0, 0, 0, 0, 0, 0, 0, 0, 0, 0, 0
   \              0x00 0x00    
   \              0x00 0x00    
   \              0x00 0x00    
   \              0x00 0x00    
   \              0x00 0x00    
   \              0x00 0x00    
   \              0x00 0x00    
   \              0x00 0x00    
   \              0x00 0x00    
    421          
    422          

   Maximum stack usage in bytes:

   .cstack Function
   ------- --------
       8   Clear_FilamentChange
         0   -> GUI_Exec
         8   -> GUI_SetBkColor
         8   -> WM_DeleteWindow
         8   -> WM_IsWindow
      80   cbFilamentChangeWin(WM_MESSAGE *)
        80   -> GUI_Exec
        80   -> GUI_SetBkColor
        80   -> WM_DefaultProc
        80   -> WM_DeleteWindow
        80   -> WM_IsWindow
        80   -> __aeabi_cfcmple
        80   -> __aeabi_cfrcmple
        80   -> __aeabi_f2iz
        80   -> __aeabi_fsub
        80   -> __aeabi_i2f
        80   -> __aeabi_memclr4
        80   -> __aeabi_ui2f
        80   -> disp_filament_sprayer_temp
        80   -> disp_filament_sprayer_type()
        80   -> draw_dialog
        80   -> draw_return_ui
        80   -> enqueue_and_echo_command(char const *, bool)
        80   -> enqueue_and_echo_commands_P(char const *)
        80   -> filament_sprayer_temp()
        80   -> sprintf
      72   disp_filament_sprayer_temp
        72   -> TEXT_SetBkColor
        72   -> TEXT_SetText
        72   -> TEXT_SetTextColor
        72   -> __aeabi_f2iz
        72   -> sprintf
        72   -> strcat
      32   disp_filament_sprayer_type()
        32   -> BUTTON_SetBitmapEx
        32   -> BUTTON_SetBmpFileName
         0   -> BUTTON_SetText
      48   draw_FilamentChange
        48   -> BUTTON_CreateEx
        48   -> BUTTON_SetBitmapEx
        48   -> BUTTON_SetBmpFileName
        48   -> BUTTON_SetText
        48   -> GUI_Clear
        48   -> GUI_DispStringAt
        48   -> GUI_SetBkColor
        48   -> GUI_SetColor
        48   -> TEXT_CreateEx
        48   -> WM_CreateWindow
        48   -> alloc_win_id
        48   -> creat_title_text
        48   -> disp_filament_sprayer_temp
         0   -> disp_filament_sprayer_type()


   Section sizes:

   Bytes  Function/Label
   -----  --------------
       2  ?<Constant " ">
       8  ?<Constant "E%d: ">
      16  ?<Constant "M104 T%d S%d\n">
       4  ?<Constant "T0">
       4  ?<Constant "T1">
      16  ?<Constant "bmp_extru1.bin">
      16  ?<Constant "bmp_extru2.bin">
      12  ?<Constant "bmp_in.bin">
      12  ?<Constant "bmp_out.bin">
      16  ?<Constant "bmp_return.bin">
      52  ?<Constant {'\000'}>
      32  ?<Constant {(int8_t)'\000'}>
      20  ?<Constant {(int8_t)'\000'}>_1
       4  ??DataTable16
       4  ??DataTable16_1
       4  ??DataTable16_10
       4  ??DataTable16_11
       4  ??DataTable16_12
       4  ??DataTable16_13
       4  ??DataTable16_14
       4  ??DataTable16_15
       4  ??DataTable16_16
       4  ??DataTable16_17
       4  ??DataTable16_18
       4  ??DataTable16_19
       4  ??DataTable16_2
       4  ??DataTable16_20
       4  ??DataTable16_3
       4  ??DataTable16_4
       4  ??DataTable16_5
       4  ??DataTable16_6
       4  ??DataTable16_7
       4  ??DataTable16_8
       4  ??DataTable16_9
       6  ?Subroutine0
      40  Clear_FilamentChange
       1  Filament_in_flg
       1  Filament_out_flg
      48  buttonSprayType
          buttonRet
     710  cbFilamentChangeWin(WM_MESSAGE *)
     124  disp_filament_sprayer_temp
     112  disp_filament_sprayer_type()
     448  draw_FilamentChange
       1  filament_heating_flg
       1  filament_in_out_flg
       1  filament_load_cmd_flg
      56  filament_load_heat_flg
          filament_unload_heat_flg
          hFilamentChangeWnd
          textExtruTemp
          buttonFilamentChangeIn
          buttonFilamentChangeOut
       2  filament_load_timing_cnt
       1  filament_load_timing_flg
       1  filament_loading_complete
       1  filament_loading_flg
       1  filamentchange_Process
       1  -- Other

 
   115 bytes in section .bss
   115 bytes in section .rodata
 1 620 bytes in section .text
 
 1 620 bytes of CODE  memory
   114 bytes of CONST memory (+ 1 byte shared)
   115 bytes of DATA  memory

Errors: none
Warnings: 42
