###############################################################################
#
# IAR ANSI C/C++ Compiler V7.10.1.6676/W32 for ARM        13/Apr/2020  09:24:11
# Copyright 1999-2014 IAR Systems AB.
#
#    Cpu mode     =  thumb
#    Endian       =  little
#    Source file  =  
#        D:\MKS-Robin-Nano-Firmware-v2.x.x\MKS-Robin-Nano-Firmware\User\ui\draw_FileTransfer_ui.cpp
#    Command line =  
#        D:\MKS-Robin-Nano-Firmware-v2.x.x\MKS-Robin-Nano-Firmware\User\ui\draw_FileTransfer_ui.cpp
#        -D USE_HAL_DRIVER -D STM32F103xE -D STM32F10X_HD -D USE_HAL_LIB -D
#        MKS_ROBIN_NANO -D TFT35 -lC
#        D:\MKS-Robin-Nano-Firmware-v2.x.x\MKS-Robin-Nano-Firmware\EWARM\mksRobinNano/List\
#        -lA
#        D:\MKS-Robin-Nano-Firmware-v2.x.x\MKS-Robin-Nano-Firmware\EWARM\mksRobinNano/List\
#        --diag_suppress Pa050 -o
#        D:\MKS-Robin-Nano-Firmware-v2.x.x\MKS-Robin-Nano-Firmware\EWARM\mksRobinNano/Obj\
#        --debug --endian=little --cpu=Cortex-M3 -e --char_is_signed --fpu=None
#        --dlib_config "C:\Program Files (x86)\IAR Systems\Embedded Workbench
#        7.0\arm\INC\c\DLib_Config_Full.h" -I
#        D:\MKS-Robin-Nano-Firmware-v2.x.x\MKS-Robin-Nano-Firmware\EWARM/../Inc\
#        -I
#        D:\MKS-Robin-Nano-Firmware-v2.x.x\MKS-Robin-Nano-Firmware\EWARM/../Src\
#        -I
#        D:\MKS-Robin-Nano-Firmware-v2.x.x\MKS-Robin-Nano-Firmware\EWARM/../Drivers/STM32F1xx_HAL_Driver/Inc\
#        -I
#        D:\MKS-Robin-Nano-Firmware-v2.x.x\MKS-Robin-Nano-Firmware\EWARM/../Drivers/STM32F1xx_HAL_Driver/Inc/Legacy\
#        -I
#        D:\MKS-Robin-Nano-Firmware-v2.x.x\MKS-Robin-Nano-Firmware\EWARM/../Middlewares/Third_Party/FatFs/src/drivers\
#        -I
#        D:\MKS-Robin-Nano-Firmware-v2.x.x\MKS-Robin-Nano-Firmware\EWARM/../Middlewares/ST/STM32_USB_Host_Library/Core/Inc\
#        -I
#        D:\MKS-Robin-Nano-Firmware-v2.x.x\MKS-Robin-Nano-Firmware\EWARM/../Middlewares/ST/STM32_USB_Host_Library/Class/MSC/Inc\
#        -I
#        D:\MKS-Robin-Nano-Firmware-v2.x.x\MKS-Robin-Nano-Firmware\EWARM/../Drivers/CMSIS/Device/ST/STM32F1xx/Include\
#        -I
#        D:\MKS-Robin-Nano-Firmware-v2.x.x\MKS-Robin-Nano-Firmware\EWARM/../Middlewares/Third_Party/FatFs/src\
#        -I
#        D:\MKS-Robin-Nano-Firmware-v2.x.x\MKS-Robin-Nano-Firmware\EWARM/../Middlewares/Third_Party/Marlin\
#        -I
#        D:\MKS-Robin-Nano-Firmware-v2.x.x\MKS-Robin-Nano-Firmware\EWARM/../Drivers/CMSIS/Include\
#        -I
#        D:\MKS-Robin-Nano-Firmware-v2.x.x\MKS-Robin-Nano-Firmware\EWARM/../Drivers/BSP/variant\
#        -I
#        D:\MKS-Robin-Nano-Firmware-v2.x.x\MKS-Robin-Nano-Firmware\EWARM/../Drivers/BSP/Components/at24cxx\
#        -I
#        D:\MKS-Robin-Nano-Firmware-v2.x.x\MKS-Robin-Nano-Firmware\EWARM/../Drivers/BSP/Components/w25qxx\
#        -I
#        D:\MKS-Robin-Nano-Firmware-v2.x.x\MKS-Robin-Nano-Firmware\EWARM/../Drivers/BSP/Components/lcd\
#        -I
#        D:\MKS-Robin-Nano-Firmware-v2.x.x\MKS-Robin-Nano-Firmware\EWARM/../Drivers/STM32F10x_StdPeriph_Driver/inc\
#        -I
#        D:\MKS-Robin-Nano-Firmware-v2.x.x\MKS-Robin-Nano-Firmware\EWARM/../Drivers/libstmf4/include\
#        -I
#        D:\MKS-Robin-Nano-Firmware-v2.x.x\MKS-Robin-Nano-Firmware\EWARM/../Middlewares/arduino/stm32/cores/arduino\
#        -I
#        D:\MKS-Robin-Nano-Firmware-v2.x.x\MKS-Robin-Nano-Firmware\EWARM/../User/ui\
#        -I
#        D:\MKS-Robin-Nano-Firmware-v2.x.x\MKS-Robin-Nano-Firmware\EWARM/../User/ui/Multi_language\
#        -I
#        D:\MKS-Robin-Nano-Firmware-v2.x.x\MKS-Robin-Nano-Firmware\EWARM/../User/ui/QRENCODE\
#        -I
#        D:\MKS-Robin-Nano-Firmware-v2.x.x\MKS-Robin-Nano-Firmware\EWARM\..\Middlewares\GUI\
#        -Oh --eec++ -I "C:\Program Files (x86)\IAR Systems\Embedded Workbench
#        7.0\arm\CMSIS\Include\"
#    List file    =  
#        D:\MKS-Robin-Nano-Firmware-v2.x.x\MKS-Robin-Nano-Firmware\EWARM\mksRobinNano/List\draw_FileTransfer_ui.lst
#    Object file  =  
#        D:\MKS-Robin-Nano-Firmware-v2.x.x\MKS-Robin-Nano-Firmware\EWARM\mksRobinNano/Obj\draw_FileTransfer_ui.o
#
###############################################################################

D:\MKS-Robin-Nano-Firmware-v2.x.x\MKS-Robin-Nano-Firmware\User\ui\draw_FileTransfer_ui.cpp
      1          #include "gui.h"
      2          #include "button.h"
      3          #include "PROGBAR.h"
      4          #include "draw_ui.h"

  #define UNUSED(x) ((void)(x))
          ^
"D:\MKS-Robin-Nano-Firmware-v2.x.x\MKS-Robin-Nano-Firmware\Drivers\STM32F1xx_HAL_Driver\Inc\stm32f1xx_hal_def.h",87  Warning[Pe047]: 
          incompatible redefinition of macro "UNUSED" (declared at line 101 of
          "D:\MKS-Robin-Nano-Firmware-v2.x.x\MKS-Robin-Nano-Firmware\EWARM/../M
          iddlewares/Third_Party/Marlin\macros.h")

  		volatile volatile float desireBedTempBak;
  		         ^
"D:\MKS-Robin-Nano-Firmware-v2.x.x\MKS-Robin-Nano-Firmware\Inc\mks_cfg.h",626  Warning[Pe083]: 
          type qualifier specified more than once

    #define FILAMENT_CHANGE_TEXT_EN				"Please click <Load> \nor <unload>,After \npinter pause."
            ^
"D:\MKS-Robin-Nano-Firmware-v2.x.x\MKS-Robin-Nano-Firmware\User\ui\Multi_language\Language_en.h",337  Warning[Pe047]: 
          incompatible redefinition of macro "FILAMENT_CHANGE_TEXT_EN"
          (declared at line 315)

  #define DIALOG_UNBIND_PRINTER_CN            "Ëß£Èô§ÁªëÂÆö?"
          ^
"D:\MKS-Robin-Nano-Firmware-v2.x.x\MKS-Robin-Nano-Firmware\User\ui\Multi_language\Language_s_cn.h",408  Warning[Pe047]: 
          incompatible redefinition of macro "DIALOG_UNBIND_PRINTER_CN"
          (declared at line 403)

    #define FILAMENT_CHANGE_TEXT_T_CN				"ÂæÖÊâìÂç∞Ê©üÊö´ÂÅúÂêé,\nË´ãÊåâ<ÈÄ≤Êñô>Êàñ<ÈÄÄÊñô>"
            ^
"D:\MKS-Robin-Nano-Firmware-v2.x.x\MKS-Robin-Nano-Firmware\User\ui\Multi_language\Language_t_cn.h",318  Warning[Pe047]: 
          incompatible redefinition of macro "FILAMENT_CHANGE_TEXT_T_CN"
          (declared at line 304)

    #define FILAMENT_CHANGE_TEXT_RU				"Please click <Load> \nor <unload>,After \npinter pause."
            ^
"D:\MKS-Robin-Nano-Firmware-v2.x.x\MKS-Robin-Nano-Firmware\User\ui\Multi_language\Language_ru.h",134  Warning[Pe047]: 
          incompatible redefinition of macro "FILAMENT_CHANGE_TEXT_RU"
          (declared at line 114)

  #define DIALOG_UNBIND_PRINTER_RU            "Unbind the printer?"
          ^
"D:\MKS-Robin-Nano-Firmware-v2.x.x\MKS-Robin-Nano-Firmware\User\ui\Multi_language\Language_ru.h",231  Warning[Pe047]: 
          incompatible redefinition of macro "DIALOG_UNBIND_PRINTER_RU"
          (declared at line 226)

    #define FILAMENT_CHANGE_TEXT_FR				"Please click <Load> \nor <unload>,After \npinter pause."
            ^
"D:\MKS-Robin-Nano-Firmware-v2.x.x\MKS-Robin-Nano-Firmware\User\ui\Multi_language\Language_fr.h",134  Warning[Pe047]: 
          incompatible redefinition of macro "FILAMENT_CHANGE_TEXT_FR"
          (declared at line 114)

  #define DIALOG_UNBIND_PRINTER_FR        "Unbind the printer?"
          ^
"D:\MKS-Robin-Nano-Firmware-v2.x.x\MKS-Robin-Nano-Firmware\User\ui\Multi_language\Language_fr.h",234  Warning[Pe047]: 
          incompatible redefinition of macro "DIALOG_UNBIND_PRINTER_FR"
          (declared at line 230)

    #define FILAMENT_CHANGE_TEXT_SP				"Please click <Load> \nor <unload>,After \npinter pause."
            ^
"D:\MKS-Robin-Nano-Firmware-v2.x.x\MKS-Robin-Nano-Firmware\User\ui\Multi_language\Language_sp.h",133  Warning[Pe047]: 
          incompatible redefinition of macro "FILAMENT_CHANGE_TEXT_SP"
          (declared at line 114)

    #define FILAMENT_CHANGE_TEXT_IT				"Please click <Load> \nor <unload>,After \npinter pause."
            ^
"D:\MKS-Robin-Nano-Firmware-v2.x.x\MKS-Robin-Nano-Firmware\User\ui\Multi_language\Language_it.h",134  Warning[Pe047]: 
          incompatible redefinition of macro "FILAMENT_CHANGE_TEXT_IT"
          (declared at line 114)

  #define DIALOG_UNBIND_PRINTER_IT                "Unbind the printer?"
          ^
"D:\MKS-Robin-Nano-Firmware-v2.x.x\MKS-Robin-Nano-Firmware\User\ui\Multi_language\Language_it.h",230  Warning[Pe047]: 
          incompatible redefinition of macro "DIALOG_UNBIND_PRINTER_IT"
          (declared at line 225)

  #define FILAMENT_CHANGE_TEXT_JP				"Please click <Load> \nor <unload>,After \npinter pause."
          ^
"D:\MKS-Robin-Nano-Firmware-v2.x.x\MKS-Robin-Nano-Firmware\User\ui\Multi_language\Multi_language.h",899  Warning[Pe047]: 
          incompatible redefinition of macro "FILAMENT_CHANGE_TEXT_JP"
          (declared at line 892)

  #define FILAMENT_CHANGE_TEXT_GN				"Please click <Load> \nor <unload>,After \npinter pause."
          ^
"D:\MKS-Robin-Nano-Firmware-v2.x.x\MKS-Robin-Nano-Firmware\User\ui\Multi_language\Multi_language.h",1107  Warning[Pe047]: 
          incompatible redefinition of macro "FILAMENT_CHANGE_TEXT_GN"
          (declared at line 1101)

  #define Simple_Dec"ºı…Ÿ"
                    ^
"D:\MKS-Robin-Nano-Firmware-v2.x.x\MKS-Robin-Nano-Firmware\User\ui\draw_ui.h",666  Warning[Pe1649]: 
          white space is required between the macro name "Simple_Dec" and its
          replacement text

  #define Simple_Speed "ÀŸ∂»"
          ^
"D:\MKS-Robin-Nano-Firmware-v2.x.x\MKS-Robin-Nano-Firmware\User\ui\draw_ui.h",721  Warning[Pe047]: 
          incompatible redefinition of macro "Simple_Speed" (declared at line
          718)

  #define Complex_Speed "ÀŸ∂»"
          ^
"D:\MKS-Robin-Nano-Firmware-v2.x.x\MKS-Robin-Nano-Firmware\User\ui\draw_ui.h",722  Warning[Pe047]: 
          incompatible redefinition of macro "Complex_Speed" (declared at line
          719)
      5          #include "fontLib.h"
      6          #include "LISTBOX.h"
      7          #include "text.h"
      8          #include "draw_FileTransfer_ui.h"
      9          #include "draw_ready_print.h"
     10          
     11          #ifndef GUI_FLASH
     12          #define GUI_FLASH
     13          #endif
     14          
     15          extern uint8_t WifiFileProcess;
     16          extern uint32_t WifiFileUnzipSize;
     17          
     18          

   \                                 In section .bss, align 2
     19          static GUI_HWIN hFileTransferWnd;
   \                     hFileTransferWnd:
   \   00000000                      DS8 2
   \   00000002                      DS8 2
     20          static PROGBAR_Handle fileTransferBar;
     21          

   \                                 In section .bss, align 4
     22          static GUI_HWIN hWifiFileDlgWnd;
   \                     hWifiFileDlgWnd:
   \   00000000                      DS8 2
   \   00000002                      DS8 2
   \   00000004                      DS8 24
     23          
     24          static TEXT_Handle WifiFilestateDlgText,FileTransferText;
     25          static BUTTON_STRUCT buttonReturn;
     26          
     27          //extern uint8_t  Get_Temperature_Flg;
     28          
     29          

   \                                 In section .text, align 2, keep-with-next
     30          static void cbWifiFileDlgWin(WM_MESSAGE * pMsg) {
     31          
     32          	switch (pMsg->MsgId)
   \                     _Z16cbWifiFileDlgWinP10WM_MESSAGE: (+1)
   \   00000000   0x6801             LDR      R1,[R0, #+0]
   \   00000002   0x290C             CMP      R1,#+12
   \   00000004   0xD100             BNE.N    ??cbWifiFileDlgWin_0
   \   00000006   0x4770             BX       LR
   \                     ??cbWifiFileDlgWin_0: (+1)
   \   00000008   0xB510             PUSH     {R4,LR}
   \   0000000A   0x290D             CMP      R1,#+13
   \   0000000C   0xBF18             IT       NE 
   \   0000000E   0x290F             CMPNE    R1,#+15
   \   00000010   0xD020             BEQ.N    ??cbWifiFileDlgWin_1
   \   00000012   0x2926             CMP      R1,#+38
   \   00000014   0xD11A             BNE.N    ??cbWifiFileDlgWin_2
     33          	{
     34          		case WM_PAINT:
     35          			//GUI_SetBkColor(GUI_BLUE);
     36          			//GUI_Clear();
     37          			//GUI_DispString("window");
     38          			break;
     39          		case WM_TOUCH:
     40          		 	
     41          			break;
     42          		case WM_TOUCH_CHILD:
     43          			
     44          			break;
     45          			
     46          		case WM_NOTIFY_PARENT:
     47          			if(pMsg->Data.v == WM_NOTIFICATION_RELEASED)
   \   00000016   0x6881             LDR      R1,[R0, #+8]
   \   00000018   0x2902             CMP      R1,#+2
   \   0000001A   0xBF01             ITTTT    EQ 
     48          			{
     49          				if(pMsg->hWinSrc == buttonReturn.btnHandle)
   \   0000001C   0x....             LDREQ.N  R4,??DataTable18_1
   \   0000001E   0xF9B0 0x0006      LDRSHEQ  R0,[R0, #+6]
   \   00000022   0xF9B4 0x1004      LDRSHEQ  R1,[R4, #+4]
   \   00000026   0x4288             CMPEQ    R0,R1
   \   00000028   0xD114             BNE.N    ??cbWifiFileDlgWin_1
     50          				{
     51          					
     52          					Clear_WifiFileTransferdialog();
   \   0000002A   0x....             LDR.N    R0,??DataTable18_2
   \   0000002C   0x6940             LDR      R0,[R0, #+20]
   \   0000002E   0x.... 0x....      BL       GUI_SetBkColor
   \   00000032   0xF9B4 0x0000      LDRSH    R0,[R4, #+0]
   \   00000036   0x.... 0x....      BL       WM_IsWindow
   \   0000003A   0xB118             CBZ.N    R0,??cbWifiFileDlgWin_3
   \   0000003C   0xF9B4 0x0000      LDRSH    R0,[R4, #+0]
   \   00000040   0x.... 0x....      BL       WM_DeleteWindow
     53          					//Get_Temperature_Flg = 0;
     54          					draw_ready_print();
   \                     ??cbWifiFileDlgWin_3: (+1)
   \   00000044   0xE8BD 0x4010      POP      {R4,LR}
   \   00000048   0x.... 0x....      B.W      draw_ready_print
     55          
     56          				}
     57          				
     58          			}
     59          			break;
     60          			
     61          		default:
     62          			WM_DefaultProc(pMsg);
   \                     ??cbWifiFileDlgWin_2: (+1)
   \   0000004C   0xE8BD 0x4010      POP      {R4,LR}
   \   00000050   0x.... 0x....      B.W      WM_DefaultProc
     63          		}
     64          	}
   \                     ??cbWifiFileDlgWin_1: (+1)
   \   00000054   0xBD10             POP      {R4,PC}          ;; return
     65          
     66          

   \                                 In section .text, align 2, keep-with-next
     67          void draw_dialog_filetransfer(uint8_t WifiTransferDialogType)
     68          {
   \                     draw_dialog_filetransfer: (+1)
   \   00000000   0xB570             PUSH     {R4-R6,LR}
   \   00000002   0x4604             MOV      R4,R0
     69          	
     70          	int i;
                 	    ^
Warning[Pe177]: variable "i" was declared but never referenced
     71          	
     72          	if(disp_state_stack._disp_state[disp_state_stack._disp_index] != FILETRANSFERSTATE_UI)
   \   00000004   0x....             LDR.N    R0,??DataTable18_3
   \   00000006   0xF990 0x1064      LDRSB    R1,[R0, #+100]
   \   0000000A   0xB084             SUB      SP,SP,#+16
   \   0000000C   0x560A             LDRSB    R2,[R1, R0]
   \   0000000E   0x2A19             CMP      R2,#+25
   \   00000010   0xD005             BEQ.N    ??draw_dialog_filetransfer_0
     73          	{
     74          		disp_state_stack._disp_index++;
   \   00000012   0x1C49             ADDS     R1,R1,#+1
   \   00000014   0xF880 0x1064      STRB     R1,[R0, #+100]
     75          		disp_state_stack._disp_state[disp_state_stack._disp_index] = FILETRANSFERSTATE_UI;
   \   00000018   0x2219             MOVS     R2,#+25
   \   0000001A   0xB249             SXTB     R1,R1
   \   0000001C   0x540A             STRB     R2,[R1, R0]
     76          	}
     77          	disp_state = FILETRANSFERSTATE_UI;
   \                     ??draw_dialog_filetransfer_0: (+1)
   \   0000001E   0x2019             MOVS     R0,#+25
   \   00000020   0x....             LDR.N    R1,??DataTable18_4
     78          
     79          	GUI_SetBkColor(gCfgItems.background_color);
   \   00000022   0x....             LDR.N    R5,??DataTable18_2
   \   00000024   0x7008             STRB     R0,[R1, #+0]
   \   00000026   0x6968             LDR      R0,[R5, #+20]
   \   00000028   0x.... 0x....      BL       GUI_SetBkColor
     80          	GUI_SetColor(gCfgItems.title_color);
   \   0000002C   0x69A8             LDR      R0,[R5, #+24]
   \   0000002E   0x.... 0x....      BL       GUI_SetColor
     81          	GUI_Clear();
   \   00000032   0x.... 0x....      BL       GUI_Clear
     82          	
     83          	//GUI_SetFont(&FONT_TITLE);
     84          	if(gCfgItems.language == LANG_ENGLISH)
   \   00000036   0xF995 0x00C8      LDRSB    R0,[R5, #+200]
   \   0000003A   0x2803             CMP      R0,#+3
   \   0000003C   0xD113             BNE.N    ??draw_dialog_filetransfer_1
     85          	{
     86          		if(WifiTransferDialogType == 0)
   \   0000003E   0xB924             CBNZ.N   R4,??draw_dialog_filetransfer_2
     87          		{
     88          			GUI_DispStringAt("file transfer fail!", 80, titleHeight  + 75);
   \   00000040   0x226F             MOVS     R2,#+111
   \   00000042   0x2150             MOVS     R1,#+80
   \   00000044   0x.... 0x....      ADR.W    R0,`?<Constant "file transfer fail!">`
   \   00000048   0xE020             B.N      ??draw_dialog_filetransfer_3
     89          
     90          		}
     91          		else if(WifiTransferDialogType == 1)
   \                     ??draw_dialog_filetransfer_2: (+1)
   \   0000004A   0x2C01             CMP      R4,#+1
   \   0000004C   0xD104             BNE.N    ??draw_dialog_filetransfer_4
     92          		{
     93          			GUI_DispStringAt("file transfer success!", 80, titleHeight  + 75);
   \   0000004E   0x.... 0x....      ADR.W    R0,`?<Constant "file transfer success!">`
   \   00000052   0x226F             MOVS     R2,#+111
   \   00000054   0x2150             MOVS     R1,#+80
   \   00000056   0xE019             B.N      ??draw_dialog_filetransfer_3
     94          		}
     95          		else if(WifiTransferDialogType == 2)
   \                     ??draw_dialog_filetransfer_4: (+1)
   \   00000058   0x2C02             CMP      R4,#+2
   \   0000005A   0xD119             BNE.N    ??draw_dialog_filetransfer_5
     96          		{
     97          			GUI_DispStringAt("please check \nwether memory device insert!", 40, titleHeight  + 70);
   \   0000005C   0x226A             MOVS     R2,#+106
   \   0000005E   0x2128             MOVS     R1,#+40
   \   00000060   0x.... 0x....      ADR.W    R0,`?<Constant "please check \\nwether ...">`
   \   00000064   0xE012             B.N      ??draw_dialog_filetransfer_3
     98          		}
     99          		
    100          	}
    101          	else
    102          	{
    103          		if(WifiTransferDialogType == 0)
   \                     ??draw_dialog_filetransfer_1: (+1)
   \   00000066   0xB924             CBNZ.N   R4,??draw_dialog_filetransfer_6
    104          		{
    105          			GUI_DispStringAt("Œƒº˛¥´ ‰ ß∞‹!", 80, titleHeight  + 75);
   \   00000068   0x.... 0x....      ADR.W    R0,`?<Constant "\\316\\304\\274\\376\\264\\253\\312\\344\\3`
   \   0000006C   0x226F             MOVS     R2,#+111
   \   0000006E   0x2150             MOVS     R1,#+80
   \   00000070   0xE00C             B.N      ??draw_dialog_filetransfer_3
    106          
    107          		}
    108          		else if(WifiTransferDialogType == 1)
   \                     ??draw_dialog_filetransfer_6: (+1)
   \   00000072   0x2C01             CMP      R4,#+1
   \   00000074   0xD104             BNE.N    ??draw_dialog_filetransfer_7
    109          		{
    110          			GUI_DispStringAt("Œƒº˛¥´ ‰≥…π¶!", 80, titleHeight  + 75);
   \   00000076   0x226F             MOVS     R2,#+111
   \   00000078   0x2150             MOVS     R1,#+80
   \   0000007A   0x.... 0x....      ADR.W    R0,`?<Constant "\\316\\304\\274\\376\\264\\253\\312\\344\\2`
   \   0000007E   0xE005             B.N      ??draw_dialog_filetransfer_3
    111          		}
    112          		else if(WifiTransferDialogType == 2)
   \                     ??draw_dialog_filetransfer_7: (+1)
   \   00000080   0x2C02             CMP      R4,#+2
   \   00000082   0xD105             BNE.N    ??draw_dialog_filetransfer_5
    113          		{	
    114          			GUI_DispStringAt("«ÎºÏ≤È «∑Ò≤Â»Î¥Ê¥¢…Ë±∏!", 40, titleHeight  + 75);
   \   00000084   0x.... 0x....      ADR.W    R0,`?<Constant "\\307\\353\\274\\354\\262\\351\\312\\307\\2`
   \   00000088   0x226F             MOVS     R2,#+111
   \   0000008A   0x2128             MOVS     R1,#+40
   \                     ??draw_dialog_filetransfer_3: (+1)
   \   0000008C   0x.... 0x....      BL       GUI_DispStringAt
    115          		}
    116          
    117          	}
    118          	
    119          	//GUI_SetFont(&FONT_TITLE);
    120          	
    121          	hWifiFileDlgWnd = WM_CreateWindow(LCD_WIDTH * 3 / 4 , titleHeight + imgHeight / 2, LCD_WIDTH / 4 - 1, imgHeight / 2 - 1, WM_CF_SHOW, cbWifiFileDlgWin, 0);
   \                     ??draw_dialog_filetransfer_5: (+1)
   \   00000090   0x2000             MOVS     R0,#+0
   \   00000092   0x9002             STR      R0,[SP, #+8]
   \   00000094   0x238D             MOVS     R3,#+141
   \   00000096   0x....             LDR.N    R0,??DataTable18_5
   \   00000098   0x....             LDR.N    R4,??DataTable18_1
   \   0000009A   0x9001             STR      R0,[SP, #+4]
   \   0000009C   0x2277             MOVS     R2,#+119
   \   0000009E   0x2002             MOVS     R0,#+2
   \   000000A0   0x9000             STR      R0,[SP, #+0]
   \   000000A2   0x21B2             MOVS     R1,#+178
   \   000000A4   0xF44F 0x70B4      MOV      R0,#+360
   \   000000A8   0x.... 0x....      BL       WM_CreateWindow
   \   000000AC   0x8020             STRH     R0,[R4, #+0]
    122          
    123          	BUTTON_SetDefaultTextAlign(GUI_TA_VCENTER | GUI_TA_HCENTER);
   \   000000AE   0x200E             MOVS     R0,#+14
   \   000000B0   0x.... 0x....      BL       BUTTON_SetDefaultTextAlign
    124          	BUTTON_SetDefaultFont(&FONT_BUTTON);
   \   000000B4   0x....             LDR.N    R6,??DataTable18_6
   \   000000B6   0x4630             MOV      R0,R6
   \   000000B8   0x.... 0x....      BL       BUTTON_SetDefaultFont
    125          
    126          	buttonReturn.btnHandle = BUTTON_CreateEx(0 , 0, LCD_WIDTH / 4 - 2, imgHeight / 2 - 1, hWifiFileDlgWnd, BUTTON_CF_SHOW, 0, alloc_win_id());
   \   000000BC   0x.... 0x....      BL       alloc_win_id
   \   000000C0   0x9003             STR      R0,[SP, #+12]
   \   000000C2   0x238D             MOVS     R3,#+141
   \   000000C4   0x2000             MOVS     R0,#+0
   \   000000C6   0x9002             STR      R0,[SP, #+8]
   \   000000C8   0x2276             MOVS     R2,#+118
   \   000000CA   0x2002             MOVS     R0,#+2
   \   000000CC   0x9001             STR      R0,[SP, #+4]
   \   000000CE   0x2100             MOVS     R1,#+0
   \   000000D0   0xF9B4 0x0000      LDRSH    R0,[R4, #+0]
   \   000000D4   0x9000             STR      R0,[SP, #+0]
   \   000000D6   0x2000             MOVS     R0,#+0
   \   000000D8   0x.... 0x....      BL       BUTTON_CreateEx
   \   000000DC   0x80A0             STRH     R0,[R4, #+4]
    127          	TEXT_SetDefaultFont(&FONT_STATE_INF);	
   \   000000DE   0x4630             MOV      R0,R6
   \   000000E0   0x.... 0x....      BL       TEXT_SetDefaultFont
    128          
    129          	if(gCfgItems.language == LANG_ENGLISH)
   \   000000E4   0xF9B4 0x0004      LDRSH    R0,[R4, #+4]
   \   000000E8   0xF995 0x10C8      LDRSB    R1,[R5, #+200]
   \   000000EC   0x2903             CMP      R1,#+3
   \   000000EE   0xBF0C             ITE      EQ 
    130          	{
    131          		BUTTON_SetText(buttonReturn.btnHandle, "Back");
   \   000000F0   0x.... 0x....      ADREQ.W  R1,`?<Constant "Back">`
    132          	}
    133          	else
    134          	{
    135          		BUTTON_SetText(buttonReturn.btnHandle, "∑µªÿ\n");
   \   000000F4   0x.... 0x....      ADRNE.W  R1,`?<Constant "\\267\\265\\273\\330\\n">`
   \   000000F8   0x.... 0x....      BL       BUTTON_SetText
    136          	}	
    137          
    138          	BUTTON_SetBkColor(buttonReturn.btnHandle, BUTTON_CI_UNPRESSED, gCfgItems.background_color);
   \   000000FC   0x696A             LDR      R2,[R5, #+20]
   \   000000FE   0xF9B4 0x0004      LDRSH    R0,[R4, #+4]
   \   00000102   0x2100             MOVS     R1,#+0
   \   00000104   0x.... 0x....      BL       BUTTON_SetBkColor
    139          	BUTTON_SetBkColor(buttonReturn.btnHandle, BUTTON_CI_PRESSED, gCfgItems.background_color);
   \   00000108   0x696A             LDR      R2,[R5, #+20]
   \   0000010A   0xF9B4 0x0004      LDRSH    R0,[R4, #+4]
   \   0000010E   0xB004             ADD      SP,SP,#+16
   \   00000110   0xE8BD 0x4070      POP      {R4-R6,LR}
   \   00000114   0x2101             MOVS     R1,#+1
   \   00000116   0x.... 0x....      B.W      BUTTON_SetBkColor
    140          
    141          	
    142          	//GUI_Exec();
    143          
    144          }
    145          

   \                                 In section .text, align 2, keep-with-next
    146          void Clear_WifiFileTransferdialog()
    147          {
   \                     Clear_WifiFileTransferdialog: (+1)
   \   00000000   0xB510             PUSH     {R4,LR}
    148          	GUI_SetBkColor(gCfgItems.background_color);
   \   00000002   0x....             LDR.N    R0,??DataTable18_2
   \   00000004   0x6940             LDR      R0,[R0, #+20]
   \   00000006   0x.... 0x....      BL       GUI_SetBkColor
    149          	if(WM_IsWindow(hWifiFileDlgWnd))
   \   0000000A   0x....             LDR.N    R4,??DataTable18_1
   \   0000000C   0xF9B4 0x0000      LDRSH    R0,[R4, #+0]
   \   00000010   0x.... 0x....      BL       WM_IsWindow
   \   00000014   0xB100             CBZ.N    R0,??Clear_WifiFileTransferdialog_0
    150          	{
    151          		WM_DeleteWindow(hWifiFileDlgWnd);
   \   00000016   0x....             B.N      ?Subroutine0
    152          		//GUI_Exec();
    153          	}
    154          	//GUI_Clear();
    155          }
   \                     ??Clear_WifiFileTransferdialog_0: (+1)
   \   00000018   0xBD10             POP      {R4,PC}          ;; return

   \                                 In section .text, align 2, keep-with-next
   \                     ?Subroutine0: (+1)
   \   00000000   0xF9B4 0x0000      LDRSH    R0,[R4, #+0]
   \   00000004   0xE8BD 0x4010      POP      {R4,LR}
   \   00000008   0x.... 0x....      B.W      WM_DeleteWindow
    156          
    157          

   \                                 In section .text, align 2, keep-with-next
    158          static void cbFileTransferWin(WM_MESSAGE * pMsg) {
    159          
    160          struct PressEvt *press_event;
                                  ^
Warning[Pe550]: variable "press_event" was set but never used
    161          switch (pMsg->MsgId)
   \                     _Z17cbFileTransferWinP10WM_MESSAGE: (+1)
   \   00000000   0x6801             LDR      R1,[R0, #+0]
   \   00000002   0x290C             CMP      R1,#+12
   \   00000004   0xBF1C             ITT      NE 
   \   00000006   0x290D             CMPNE    R1,#+13
   \   00000008   0x290F             CMPNE    R1,#+15
   \   0000000A   0xD003             BEQ.N    ??cbFileTransferWin_0
   \   0000000C   0x2926             CMP      R1,#+38
   \   0000000E   0xBF18             IT       NE 
    162          {
    163          	case WM_PAINT:
    164          
    165          				
    166          		break;
    167          	case WM_TOUCH:
    168          	 	press_event = (struct PressEvt *)pMsg->Data.p;
    169          		
    170          		break;
    171          	case WM_TOUCH_CHILD:
    172          		press_event = (struct PressEvt *)pMsg->Data.p;
    173          
    174          		break;
    175          		
    176          	case WM_NOTIFY_PARENT:
    177          
    178          		break;
    179          		
    180          	default:
    181          		WM_DefaultProc(pMsg);
   \   00000010   0x.... 0x....      BNE.W    WM_DefaultProc
    182          	}
    183          }
   \                     ??cbFileTransferWin_0: (+1)
   \   00000014   0x4770             BX       LR               ;; return
    184          
    185          

   \                                 In section .text, align 2, keep-with-next
    186          void draw_filetansfer(uint8_t file_unzip_flg)
    187          {
   \                     draw_filetansfer: (+1)
   \   00000000   0xB5F0             PUSH     {R4-R7,LR}
   \   00000002   0x4604             MOV      R4,R0
    188          	int8_t buf[50] = {0};
                 	       ^
Warning[Pe177]: variable "buf" was declared but never referenced
    189          	int i;
                 	    ^
Warning[Pe177]: variable "i" was declared but never referenced

  static PROGBAR_Handle fileTransferBar;
                        ^
"D:\MKS-Robin-Nano-Firmware-v2.x.x\MKS-Robin-Nano-Firmware\User\ui\draw_FileTransfer_ui.cpp",20  Warning[Pe177]: 
          variable "fileTransferBar" was declared but never referenced

  static TEXT_Handle WifiFilestateDlgText,FileTransferText;
                     ^
"D:\MKS-Robin-Nano-Firmware-v2.x.x\MKS-Robin-Nano-Firmware\User\ui\draw_FileTransfer_ui.cpp",24  Warning[Pe177]: 
          variable "WifiFilestateDlgText" was declared but never referenced
    190          	
    191          	if(disp_state_stack._disp_state[disp_state_stack._disp_index] != FILETRANSFER_UI)
   \   00000004   0x....             LDR.N    R0,??DataTable18_3
   \   00000006   0xF990 0x1064      LDRSB    R1,[R0, #+100]
   \   0000000A   0xB085             SUB      SP,SP,#+20
   \   0000000C   0x560A             LDRSB    R2,[R1, R0]
   \   0000000E   0x2A18             CMP      R2,#+24
   \   00000010   0xD005             BEQ.N    ??draw_filetansfer_0
    192          	{
    193          		disp_state_stack._disp_index++;
   \   00000012   0x1C49             ADDS     R1,R1,#+1
   \   00000014   0xF880 0x1064      STRB     R1,[R0, #+100]
    194          		disp_state_stack._disp_state[disp_state_stack._disp_index] = FILETRANSFER_UI;
   \   00000018   0x2218             MOVS     R2,#+24
   \   0000001A   0xB249             SXTB     R1,R1
   \   0000001C   0x540A             STRB     R2,[R1, R0]
    195          	}
    196          	disp_state = FILETRANSFER_UI;
   \                     ??draw_filetansfer_0: (+1)
   \   0000001E   0x2018             MOVS     R0,#+24
   \   00000020   0x....             LDR.N    R1,??DataTable18_4
    197          
    198          	GUI_SetBkColor(gCfgItems.background_color);
   \   00000022   0x....             LDR.N    R5,??DataTable18_2
   \   00000024   0x7008             STRB     R0,[R1, #+0]
   \   00000026   0x6968             LDR      R0,[R5, #+20]
   \   00000028   0x.... 0x....      BL       GUI_SetBkColor
    199          	GUI_SetColor(gCfgItems.title_color);
   \   0000002C   0xF105 0x0614      ADD      R6,R5,#+20
   \   00000030   0x6870             LDR      R0,[R6, #+4]
   \   00000032   0x.... 0x....      BL       GUI_SetColor
    200          	GUI_Clear();
   \   00000036   0x.... 0x....      BL       GUI_Clear
    201          	//GUI_SetFont(&FONT_TITLE);
    202          
    203          	hFileTransferWnd = WM_CreateWindow(0, 0, LCD_WIDTH, LCD_HEIGHT, WM_CF_SHOW, cbFileTransferWin, 0);
   \   0000003A   0x....             LDR.N    R7,??DataTable18_7
   \   0000003C   0x2000             MOVS     R0,#+0
   \   0000003E   0x9002             STR      R0,[SP, #+8]
   \   00000040   0xF44F 0x73A0      MOV      R3,#+320
   \   00000044   0x....             LDR.N    R0,??DataTable18_8
   \   00000046   0x9001             STR      R0,[SP, #+4]
   \   00000048   0xF44F 0x72F0      MOV      R2,#+480
   \   0000004C   0x2002             MOVS     R0,#+2
   \   0000004E   0x9000             STR      R0,[SP, #+0]
   \   00000050   0x2100             MOVS     R1,#+0
   \   00000052   0x2000             MOVS     R0,#+0
   \   00000054   0x.... 0x....      BL       WM_CreateWindow
   \   00000058   0x8038             STRH     R0,[R7, #+0]
    204          
    205          	FileTransferText = TEXT_CreateEx(0,120, LCD_WIDTH, 30, hFileTransferWnd, WM_CF_SHOW, TEXT_CF_LEFT,  alloc_win_id(), "");
   \   0000005A   0x.... 0x....      BL       alloc_win_id
   \   0000005E   0x9003             STR      R0,[SP, #+12]
   \   00000060   0x....             ADR.N    R1,??DataTable18  ;; ""
   \   00000062   0x2000             MOVS     R0,#+0
   \   00000064   0x9002             STR      R0,[SP, #+8]
   \   00000066   0x9104             STR      R1,[SP, #+16]
   \   00000068   0x2002             MOVS     R0,#+2
   \   0000006A   0x9001             STR      R0,[SP, #+4]
   \   0000006C   0x231E             MOVS     R3,#+30
   \   0000006E   0xF9B7 0x0000      LDRSH    R0,[R7, #+0]
   \   00000072   0x9000             STR      R0,[SP, #+0]
   \   00000074   0xF44F 0x72F0      MOV      R2,#+480
   \   00000078   0x2178             MOVS     R1,#+120
   \   0000007A   0x2000             MOVS     R0,#+0
   \   0000007C   0x.... 0x....      BL       TEXT_CreateEx
    206          	
    207          	TEXT_SetBkColor(FileTransferText, gCfgItems.background_color);
   \   00000080   0x6969             LDR      R1,[R5, #+20]
   \   00000082   0x8078             STRH     R0,[R7, #+2]
   \   00000084   0x.... 0x....      BL       TEXT_SetBkColor
    208          #if 1
    209              if(gCfgItems.fileSysType == FILE_SYS_SD)
   \   00000088   0xF105 0x00C8      ADD      R0,R5,#+200
   \   0000008C   0xF990 0x1002      LDRSB    R1,[R0, #+2]
   \   00000090   0x2901             CMP      R1,#+1
   \   00000092   0xD10A             BNE.N    ??draw_filetansfer_1
    210          	{
    211          		if(gCfgItems.language == LANG_ENGLISH)
   \   00000094   0xF9B7 0x0002      LDRSH    R0,[R7, #+2]
   \   00000098   0xF995 0x10C8      LDRSB    R1,[R5, #+200]
   \   0000009C   0x2903             CMP      R1,#+3
   \   0000009E   0xBF14             ITE      NE 
    212          		{
    213          			TEXT_SetText(FileTransferText,"Recieving file");
    214          		}
    215          		else
    216          		{
    217          			TEXT_SetText(FileTransferText,"Ω” ’Œƒº˛÷–");
   \   000000A0   0x.... 0x....      ADRNE.W  R1,`?<Constant "\\275\\323\\312\\325\\316\\304\\274\\376\\3`
    218          		}
   \   000000A4   0x.... 0x....      ADREQ.W  R1,`?<Constant "Recieving file">`
   \   000000A8   0xE015             B.N      ??draw_filetansfer_2
    219          	}
    220          	else if(gCfgItems.fileSysType == FILE_SYS_USB)
   \                     ??draw_filetansfer_1: (+1)
   \   000000AA   0xF990 0x0002      LDRSB    R0,[R0, #+2]
   \   000000AE   0xB9A0             CBNZ.N   R0,??draw_filetansfer_3
    221          	{
    222          		if(gCfgItems.language == LANG_ENGLISH)
   \   000000B0   0xF9B7 0x0002      LDRSH    R0,[R7, #+2]
   \   000000B4   0xF995 0x10C8      LDRSB    R1,[R5, #+200]
   \   000000B8   0x2903             CMP      R1,#+3
   \   000000BA   0xD106             BNE.N    ??draw_filetansfer_4
    223          		{
    224          			if(file_unzip_flg == 1)
   \   000000BC   0x2C01             CMP      R4,#+1
   \   000000BE   0xBF14             ITE      NE 
    225          			{
    226          				TEXT_SetText(FileTransferText,"unziping file");
    227          			}
    228          			else
    229          			{
    230          				TEXT_SetText(FileTransferText,"Recieving file");
   \   000000C0   0x.... 0x....      ADRNE.W  R1,`?<Constant "Recieving file">`
    231          			}
   \   000000C4   0x.... 0x....      ADREQ.W  R1,`?<Constant "unziping file">`
   \   000000C8   0xE005             B.N      ??draw_filetansfer_2
    232          		}
    233          		else
    234          		{
    235          			if(file_unzip_flg == 1)
   \                     ??draw_filetansfer_4: (+1)
   \   000000CA   0x2C01             CMP      R4,#+1
   \   000000CC   0xBF0C             ITE      EQ 
    236          			{
    237          				TEXT_SetText(FileTransferText,"Œƒº˛Ω‚—π÷–");
   \   000000CE   0x.... 0x....      ADREQ.W  R1,`?<Constant "\\316\\304\\274\\376\\275\\342\\321\\271\\3`
    238          			}
    239          			else
    240          			{
    241          				TEXT_SetText(FileTransferText,"Œƒº˛Ω” ’÷–");
   \   000000D2   0x.... 0x....      ADRNE.W  R1,`?<Constant "\\316\\304\\274\\376\\275\\323\\312\\325\\3`
   \                     ??draw_filetansfer_2: (+1)
   \   000000D6   0x.... 0x....      BL       TEXT_SetText
    242          			}
    243          		}		
    244          	}
    245          #endif
    246          	TEXT_SetTextColor(FileTransferText, gCfgItems.title_color);
   \                     ??draw_filetansfer_3: (+1)
   \   000000DA   0x6871             LDR      R1,[R6, #+4]
   \   000000DC   0xF9B7 0x0002      LDRSH    R0,[R7, #+2]
   \   000000E0   0x.... 0x....      BL       TEXT_SetTextColor
    247          	TEXT_SetTextAlign(FileTransferText, GUI_TA_VCENTER | GUI_TA_HCENTER);
   \   000000E4   0xF9B7 0x0002      LDRSH    R0,[R7, #+2]
   \   000000E8   0xB005             ADD      SP,SP,#+20
   \   000000EA   0xE8BD 0x40F0      POP      {R4-R7,LR}
   \   000000EE   0x210E             MOVS     R1,#+14
   \   000000F0   0x.... 0x....      B.W      TEXT_SetTextAlign
    248          
    249          	//GUI_Exec();
    250          }
    251          
    252          
    253          

   \                                 In section .text, align 2, keep-with-next
    254          void Clear_fileTransfer()
    255          {
   \                     Clear_fileTransfer: (+1)
   \   00000000   0xB510             PUSH     {R4,LR}
    256          	GUI_SetBkColor(gCfgItems.background_color);
   \   00000002   0x....             LDR.N    R0,??DataTable18_2
   \   00000004   0x6940             LDR      R0,[R0, #+20]
   \   00000006   0x.... 0x....      BL       GUI_SetBkColor
    257          	if(WM_IsWindow(hFileTransferWnd))
   \   0000000A   0x....             LDR.N    R4,??DataTable18_7
   \   0000000C   0xF9B4 0x0000      LDRSH    R0,[R4, #+0]
   \   00000010   0x.... 0x....      BL       WM_IsWindow
   \   00000014   0xB100             CBZ.N    R0,??Clear_fileTransfer_0
    258          	{
    259          		WM_DeleteWindow(hFileTransferWnd);
   \   00000016   0x....             B.N      ?Subroutine0
    260          		//GUI_Exec();
    261          	}
    262          	
    263          	//GUI_Clear();
    264          }
   \                     ??Clear_fileTransfer_0: (+1)
   \   00000018   0xBD10             POP      {R4,PC}          ;; return

   \                                 In section .text, align 4, keep-with-next
   \                     ??DataTable18:
   \   00000000   0x00 0x00          DC8      "",0x0,0x0,0x0
   \              0x00 0x00    

   \                                 In section .text, align 4, keep-with-next
   \                     ??DataTable18_1:
   \   00000000   0x........         DC32     hWifiFileDlgWnd

   \                                 In section .text, align 4, keep-with-next
   \                     ??DataTable18_2:
   \   00000000   0x........         DC32     gCfgItems

   \                                 In section .text, align 4, keep-with-next
   \                     ??DataTable18_3:
   \   00000000   0x........         DC32     disp_state_stack

   \                                 In section .text, align 4, keep-with-next
   \                     ??DataTable18_4:
   \   00000000   0x........         DC32     disp_state

   \                                 In section .text, align 4, keep-with-next
   \                     ??DataTable18_5:
   \   00000000   0x........         DC32     _Z16cbWifiFileDlgWinP10WM_MESSAGE

   \                                 In section .text, align 4, keep-with-next
   \                     ??DataTable18_6:
   \   00000000   0x........         DC32     GUI_FontHZ_fontHz14

   \                                 In section .text, align 4, keep-with-next
   \                     ??DataTable18_7:
   \   00000000   0x........         DC32     hFileTransferWnd

   \                                 In section .text, align 4, keep-with-next
   \                     ??DataTable18_8:
   \   00000000   0x........         DC32     _Z17cbFileTransferWinP10WM_MESSAGE

   \                                 In section .rodata, align 1, keep-with-next
   \                     `?<Constant "">`:
   \   00000000   0x00               DC8 ""

   \                                 In section .text, align 4, keep-with-next
   \                     `?<Constant "file transfer fail!">`:
   \   00000000   0x66 0x69          DC8 "file transfer fail!"
   \              0x6C 0x65    
   \              0x20 0x74    
   \              0x72 0x61    
   \              0x6E 0x73    
   \              0x66 0x65    
   \              0x72 0x20    
   \              0x66 0x61    
   \              0x69 0x6C    
   \              0x21 0x00    

   \                                 In section .text, align 4, keep-with-next
   \                     `?<Constant "file transfer success!">`:
   \   00000000   0x66 0x69          DC8 "file transfer success!"
   \              0x6C 0x65    
   \              0x20 0x74    
   \              0x72 0x61    
   \              0x6E 0x73    
   \              0x66 0x65    
   \              0x72 0x20    
   \              0x73 0x75    
   \              0x63 0x63    
   \              0x65 0x73    
   \              0x73 0x21    
   \              0x00         
   \   00000017   0x00               DC8 0

   \                                 In section .text, align 4, keep-with-next
   \                     `?<Constant "please check \\nwether ...">`:
   \   00000000   0x70 0x6C          DC8 "please check \012wether memory device insert!"
   \              0x65 0x61    
   \              0x73 0x65    
   \              0x20 0x63    
   \              0x68 0x65    
   \              0x63 0x6B    
   \              0x20 0x0A    
   \              0x77 0x65    
   \              0x74 0x68    
   \              0x65 0x72    
   \              0x20 0x6D    
   \              0x65 0x6D    
   \              0x6F 0x72    
   \              0x79 0x20    
   \              0x64 0x65    
   \              0x76 0x69    
   \              0x63 0x65    
   \              0x20 0x69    
   \              0x6E 0x73    
   \              0x65 0x72    
   \              0x74 0x21    
   \              0x00         
   \   0000002B   0x00               DC8 0

   \                                 In section .text, align 4, keep-with-next
   \                     `?<Constant "\\316\\304\\274\\376\\264\\253\\312\\344\\3`:
   \   00000000   0xCE 0xC4          DC8 "\316\304\274\376\264\253\312\344\312\247\260\334!"
   \              0xBC 0xFE    
   \              0xB4 0xAB    
   \              0xCA 0xE4    
   \              0xCA 0xA7    
   \              0xB0 0xDC    
   \              0x21 0x00    
   \   0000000E   0x00 0x00          DC8 0, 0

   \                                 In section .text, align 4, keep-with-next
   \                     `?<Constant "\\316\\304\\274\\376\\264\\253\\312\\344\\2`:
   \   00000000   0xCE 0xC4          DC8 "\316\304\274\376\264\253\312\344\263\311\271\246!"
   \              0xBC 0xFE    
   \              0xB4 0xAB    
   \              0xCA 0xE4    
   \              0xB3 0xC9    
   \              0xB9 0xA6    
   \              0x21 0x00    
   \   0000000E   0x00 0x00          DC8 0, 0

   \                                 In section .text, align 4, keep-with-next
   \                     `?<Constant "\\307\\353\\274\\354\\262\\351\\312\\307\\2`:
   \   00000000   0xC7 0xEB          DC8 "\307\353\274\354\262\351\312\307\267\361\262\345\310\353\264\346\264\242\311\350\261\270!"
   \              0xBC 0xEC    
   \              0xB2 0xE9    
   \              0xCA 0xC7    
   \              0xB7 0xF1    
   \              0xB2 0xE5    
   \              0xC8 0xEB    
   \              0xB4 0xE6    
   \              0xB4 0xA2    
   \              0xC9 0xE8    
   \              0xB1 0xB8    
   \              0x21 0x00    

   \                                 In section .text, align 4, keep-with-next
   \                     `?<Constant "Back">`:
   \   00000000   0x42 0x61          DC8 "Back"
   \              0x63 0x6B    
   \              0x00         
   \   00000005   0x00 0x00          DC8 0, 0, 0
   \              0x00         

   \                                 In section .text, align 4, keep-with-next
   \                     `?<Constant "\\267\\265\\273\\330\\n">`:
   \   00000000   0xB7 0xB5          DC8 "\267\265\273\330\012"
   \              0xBB 0xD8    
   \              0x0A 0x00    
   \   00000006   0x00 0x00          DC8 0, 0

   \                                 In section .text, align 4, keep-with-next
   \                     `?<Constant "Recieving file">`:
   \   00000000   0x52 0x65          DC8 "Recieving file"
   \              0x63 0x69    
   \              0x65 0x76    
   \              0x69 0x6E    
   \              0x67 0x20    
   \              0x66 0x69    
   \              0x6C 0x65    
   \              0x00         
   \   0000000F   0x00               DC8 0

   \                                 In section .text, align 4, keep-with-next
   \                     `?<Constant "\\275\\323\\312\\325\\316\\304\\274\\376\\3`:
   \   00000000   0xBD 0xD3          DC8 "\275\323\312\325\316\304\274\376\326\320"
   \              0xCA 0xD5    
   \              0xCE 0xC4    
   \              0xBC 0xFE    
   \              0xD6 0xD0    
   \              0x00         
   \   0000000B   0x00               DC8 0

   \                                 In section .text, align 4, keep-with-next
   \                     `?<Constant "unziping file">`:
   \   00000000   0x75 0x6E          DC8 "unziping file"
   \              0x7A 0x69    
   \              0x70 0x69    
   \              0x6E 0x67    
   \              0x20 0x66    
   \              0x69 0x6C    
   \              0x65 0x00    
   \   0000000E   0x00 0x00          DC8 0, 0

   \                                 In section .text, align 4, keep-with-next
   \                     `?<Constant "\\316\\304\\274\\376\\275\\342\\321\\271\\3`:
   \   00000000   0xCE 0xC4          DC8 "\316\304\274\376\275\342\321\271\326\320"
   \              0xBC 0xFE    
   \              0xBD 0xE2    
   \              0xD1 0xB9    
   \              0xD6 0xD0    
   \              0x00         
   \   0000000B   0x00               DC8 0

   \                                 In section .text, align 4, keep-with-next
   \                     `?<Constant "\\316\\304\\274\\376\\275\\323\\312\\325\\3`:
   \   00000000   0xCE 0xC4          DC8 "\316\304\274\376\275\323\312\325\326\320"
   \              0xBC 0xFE    
   \              0xBD 0xD3    
   \              0xCA 0xD5    
   \              0xD6 0xD0    
   \              0x00         
   \   0000000B   0x00               DC8 0
    265          /*
    266          void Clear_WifiFileTransferdialog()
    267          {
    268          	GUI_SetBkColor(gCfgItems.background_color);	
    269          	if(WM_IsWindow(hWifiFileDlgWnd))
    270          	{
    271          		WM_DeleteWindow(hWifiFileDlgWnd);
    272          		GUI_Exec();
    273          	}
    274          	
    275          	GUI_Clear();
    276          }
    277          */
    278          

   Maximum stack usage in bytes:

   .cstack Function
   ------- --------
       8   Clear_WifiFileTransferdialog
         8   -> GUI_SetBkColor
         0   -> WM_DeleteWindow
         8   -> WM_IsWindow
       8   Clear_fileTransfer
         8   -> GUI_SetBkColor
         0   -> WM_DeleteWindow
         8   -> WM_IsWindow
       0   cbFileTransferWin(WM_MESSAGE *)
         0   -> WM_DefaultProc
       8   cbWifiFileDlgWin(WM_MESSAGE *)
         8   -> GUI_SetBkColor
         0   -> WM_DefaultProc
         8   -> WM_DeleteWindow
         8   -> WM_IsWindow
         0   -> draw_ready_print
      32   draw_dialog_filetransfer
        32   -> BUTTON_CreateEx
         0   -> BUTTON_SetBkColor
        32   -> BUTTON_SetBkColor
        32   -> BUTTON_SetDefaultFont
        32   -> BUTTON_SetDefaultTextAlign
        32   -> BUTTON_SetText
        32   -> GUI_Clear
        32   -> GUI_DispStringAt
        32   -> GUI_SetBkColor
        32   -> GUI_SetColor
        32   -> TEXT_SetDefaultFont
        32   -> WM_CreateWindow
        32   -> alloc_win_id
      40   draw_filetansfer
        40   -> GUI_Clear
        40   -> GUI_SetBkColor
        40   -> GUI_SetColor
        40   -> TEXT_CreateEx
        40   -> TEXT_SetBkColor
        40   -> TEXT_SetText
         0   -> TEXT_SetTextAlign
        40   -> TEXT_SetTextColor
        40   -> WM_CreateWindow
        40   -> alloc_win_id


   Section sizes:

   Bytes  Function/Label
   -----  --------------
       1  ?<Constant "">
       8  ?<Constant "Back">
      16  ?<Constant "Recieving file">
       8  ?<Constant "\267\265\273\330\n">
      12  ?<Constant "\275\323\312\325\316\304\274\376\3
      24  ?<Constant "\307\353\274\354\262\351\312\307\2
      16  ?<Constant "\316\304\274\376\264\253\312\344\2
      16  ?<Constant "\316\304\274\376\264\253\312\344\3
      12  ?<Constant "\316\304\274\376\275\323\312\325\3
      12  ?<Constant "\316\304\274\376\275\342\321\271\3
      20  ?<Constant "file transfer fail!">
      24  ?<Constant "file transfer success!">
      44  ?<Constant "please check \nwether ...">
      16  ?<Constant "unziping file">
       4  ??DataTable18
       4  ??DataTable18_1
       4  ??DataTable18_2
       4  ??DataTable18_3
       4  ??DataTable18_4
       4  ??DataTable18_5
       4  ??DataTable18_6
       4  ??DataTable18_7
       4  ??DataTable18_8
      12  ?Subroutine0
      26  Clear_WifiFileTransferdialog
      26  Clear_fileTransfer
      22  cbFileTransferWin(WM_MESSAGE *)
      86  cbWifiFileDlgWin(WM_MESSAGE *)
     282  draw_dialog_filetransfer
     244  draw_filetansfer
       4  hFileTransferWnd
          FileTransferText
      28  hWifiFileDlgWnd
          buttonReturn

 
  32 bytes in section .bss
   1 byte  in section .rodata
 962 bytes in section .text
 
 962 bytes of CODE  memory
   1 byte  of CONST memory
  32 bytes of DATA  memory

Errors: none
Warnings: 23
