###############################################################################
#
# IAR ANSI C/C++ Compiler V7.10.1.6676/W32 for ARM        13/Apr/2020  09:24:16
# Copyright 1999-2014 IAR Systems AB.
#
#    Cpu mode     =  thumb
#    Endian       =  little
#    Source file  =  
#        D:\MKS-Robin-Nano-Firmware-v2.x.x\MKS-Robin-Nano-Firmware\User\ui\draw_language.cpp
#    Command line =  
#        D:\MKS-Robin-Nano-Firmware-v2.x.x\MKS-Robin-Nano-Firmware\User\ui\draw_language.cpp
#        -D USE_HAL_DRIVER -D STM32F103xE -D STM32F10X_HD -D USE_HAL_LIB -D
#        MKS_ROBIN_NANO -D TFT35 -lC
#        D:\MKS-Robin-Nano-Firmware-v2.x.x\MKS-Robin-Nano-Firmware\EWARM\mksRobinNano/List\
#        -lA
#        D:\MKS-Robin-Nano-Firmware-v2.x.x\MKS-Robin-Nano-Firmware\EWARM\mksRobinNano/List\
#        --diag_suppress Pa050 -o
#        D:\MKS-Robin-Nano-Firmware-v2.x.x\MKS-Robin-Nano-Firmware\EWARM\mksRobinNano/Obj\
#        --debug --endian=little --cpu=Cortex-M3 -e --char_is_signed --fpu=None
#        --dlib_config "C:\Program Files (x86)\IAR Systems\Embedded Workbench
#        7.0\arm\INC\c\DLib_Config_Full.h" -I
#        D:\MKS-Robin-Nano-Firmware-v2.x.x\MKS-Robin-Nano-Firmware\EWARM/../Inc\
#        -I
#        D:\MKS-Robin-Nano-Firmware-v2.x.x\MKS-Robin-Nano-Firmware\EWARM/../Src\
#        -I
#        D:\MKS-Robin-Nano-Firmware-v2.x.x\MKS-Robin-Nano-Firmware\EWARM/../Drivers/STM32F1xx_HAL_Driver/Inc\
#        -I
#        D:\MKS-Robin-Nano-Firmware-v2.x.x\MKS-Robin-Nano-Firmware\EWARM/../Drivers/STM32F1xx_HAL_Driver/Inc/Legacy\
#        -I
#        D:\MKS-Robin-Nano-Firmware-v2.x.x\MKS-Robin-Nano-Firmware\EWARM/../Middlewares/Third_Party/FatFs/src/drivers\
#        -I
#        D:\MKS-Robin-Nano-Firmware-v2.x.x\MKS-Robin-Nano-Firmware\EWARM/../Middlewares/ST/STM32_USB_Host_Library/Core/Inc\
#        -I
#        D:\MKS-Robin-Nano-Firmware-v2.x.x\MKS-Robin-Nano-Firmware\EWARM/../Middlewares/ST/STM32_USB_Host_Library/Class/MSC/Inc\
#        -I
#        D:\MKS-Robin-Nano-Firmware-v2.x.x\MKS-Robin-Nano-Firmware\EWARM/../Drivers/CMSIS/Device/ST/STM32F1xx/Include\
#        -I
#        D:\MKS-Robin-Nano-Firmware-v2.x.x\MKS-Robin-Nano-Firmware\EWARM/../Middlewares/Third_Party/FatFs/src\
#        -I
#        D:\MKS-Robin-Nano-Firmware-v2.x.x\MKS-Robin-Nano-Firmware\EWARM/../Middlewares/Third_Party/Marlin\
#        -I
#        D:\MKS-Robin-Nano-Firmware-v2.x.x\MKS-Robin-Nano-Firmware\EWARM/../Drivers/CMSIS/Include\
#        -I
#        D:\MKS-Robin-Nano-Firmware-v2.x.x\MKS-Robin-Nano-Firmware\EWARM/../Drivers/BSP/variant\
#        -I
#        D:\MKS-Robin-Nano-Firmware-v2.x.x\MKS-Robin-Nano-Firmware\EWARM/../Drivers/BSP/Components/at24cxx\
#        -I
#        D:\MKS-Robin-Nano-Firmware-v2.x.x\MKS-Robin-Nano-Firmware\EWARM/../Drivers/BSP/Components/w25qxx\
#        -I
#        D:\MKS-Robin-Nano-Firmware-v2.x.x\MKS-Robin-Nano-Firmware\EWARM/../Drivers/BSP/Components/lcd\
#        -I
#        D:\MKS-Robin-Nano-Firmware-v2.x.x\MKS-Robin-Nano-Firmware\EWARM/../Drivers/STM32F10x_StdPeriph_Driver/inc\
#        -I
#        D:\MKS-Robin-Nano-Firmware-v2.x.x\MKS-Robin-Nano-Firmware\EWARM/../Drivers/libstmf4/include\
#        -I
#        D:\MKS-Robin-Nano-Firmware-v2.x.x\MKS-Robin-Nano-Firmware\EWARM/../Middlewares/arduino/stm32/cores/arduino\
#        -I
#        D:\MKS-Robin-Nano-Firmware-v2.x.x\MKS-Robin-Nano-Firmware\EWARM/../User/ui\
#        -I
#        D:\MKS-Robin-Nano-Firmware-v2.x.x\MKS-Robin-Nano-Firmware\EWARM/../User/ui/Multi_language\
#        -I
#        D:\MKS-Robin-Nano-Firmware-v2.x.x\MKS-Robin-Nano-Firmware\EWARM/../User/ui/QRENCODE\
#        -I
#        D:\MKS-Robin-Nano-Firmware-v2.x.x\MKS-Robin-Nano-Firmware\EWARM\..\Middlewares\GUI\
#        -Oh --eec++ -I "C:\Program Files (x86)\IAR Systems\Embedded Workbench
#        7.0\arm\CMSIS\Include\"
#    List file    =  
#        D:\MKS-Robin-Nano-Firmware-v2.x.x\MKS-Robin-Nano-Firmware\EWARM\mksRobinNano/List\draw_language.lst
#    Object file  =  
#        D:\MKS-Robin-Nano-Firmware-v2.x.x\MKS-Robin-Nano-Firmware\EWARM\mksRobinNano/Obj\draw_language.o
#
###############################################################################

D:\MKS-Robin-Nano-Firmware-v2.x.x\MKS-Robin-Nano-Firmware\User\ui\draw_language.cpp
      1          #include "gui.h"
      2          #include "button.h"
      3          #include "PROGBAR.h"
      4          #include "draw_language.h"
      5          #include "draw_ui.h"

  #define UNUSED(x) ((void)(x))
          ^
"D:\MKS-Robin-Nano-Firmware-v2.x.x\MKS-Robin-Nano-Firmware\Drivers\STM32F1xx_HAL_Driver\Inc\stm32f1xx_hal_def.h",87  Warning[Pe047]: 
          incompatible redefinition of macro "UNUSED" (declared at line 101 of
          "D:\MKS-Robin-Nano-Firmware-v2.x.x\MKS-Robin-Nano-Firmware\EWARM/../M
          iddlewares/Third_Party/Marlin\macros.h")

  		volatile volatile float desireBedTempBak;
  		         ^
"D:\MKS-Robin-Nano-Firmware-v2.x.x\MKS-Robin-Nano-Firmware\Inc\mks_cfg.h",626  Warning[Pe083]: 
          type qualifier specified more than once

    #define FILAMENT_CHANGE_TEXT_EN				"Please click <Load> \nor <unload>,After \npinter pause."
            ^
"D:\MKS-Robin-Nano-Firmware-v2.x.x\MKS-Robin-Nano-Firmware\User\ui\Multi_language\Language_en.h",337  Warning[Pe047]: 
          incompatible redefinition of macro "FILAMENT_CHANGE_TEXT_EN"
          (declared at line 315)

  #define DIALOG_UNBIND_PRINTER_CN            "Ëß£Èô§ÁªëÂÆö?"
          ^
"D:\MKS-Robin-Nano-Firmware-v2.x.x\MKS-Robin-Nano-Firmware\User\ui\Multi_language\Language_s_cn.h",408  Warning[Pe047]: 
          incompatible redefinition of macro "DIALOG_UNBIND_PRINTER_CN"
          (declared at line 403)

    #define FILAMENT_CHANGE_TEXT_T_CN				"ÂæÖÊâìÂç∞Ê©üÊö´ÂÅúÂêé,\nË´ãÊåâ<ÈÄ≤Êñô>Êàñ<ÈÄÄÊñô>"
            ^
"D:\MKS-Robin-Nano-Firmware-v2.x.x\MKS-Robin-Nano-Firmware\User\ui\Multi_language\Language_t_cn.h",318  Warning[Pe047]: 
          incompatible redefinition of macro "FILAMENT_CHANGE_TEXT_T_CN"
          (declared at line 304)

    #define FILAMENT_CHANGE_TEXT_RU				"Please click <Load> \nor <unload>,After \npinter pause."
            ^
"D:\MKS-Robin-Nano-Firmware-v2.x.x\MKS-Robin-Nano-Firmware\User\ui\Multi_language\Language_ru.h",134  Warning[Pe047]: 
          incompatible redefinition of macro "FILAMENT_CHANGE_TEXT_RU"
          (declared at line 114)

  #define DIALOG_UNBIND_PRINTER_RU            "Unbind the printer?"
          ^
"D:\MKS-Robin-Nano-Firmware-v2.x.x\MKS-Robin-Nano-Firmware\User\ui\Multi_language\Language_ru.h",231  Warning[Pe047]: 
          incompatible redefinition of macro "DIALOG_UNBIND_PRINTER_RU"
          (declared at line 226)

    #define FILAMENT_CHANGE_TEXT_FR				"Please click <Load> \nor <unload>,After \npinter pause."
            ^
"D:\MKS-Robin-Nano-Firmware-v2.x.x\MKS-Robin-Nano-Firmware\User\ui\Multi_language\Language_fr.h",134  Warning[Pe047]: 
          incompatible redefinition of macro "FILAMENT_CHANGE_TEXT_FR"
          (declared at line 114)

  #define DIALOG_UNBIND_PRINTER_FR        "Unbind the printer?"
          ^
"D:\MKS-Robin-Nano-Firmware-v2.x.x\MKS-Robin-Nano-Firmware\User\ui\Multi_language\Language_fr.h",234  Warning[Pe047]: 
          incompatible redefinition of macro "DIALOG_UNBIND_PRINTER_FR"
          (declared at line 230)

    #define FILAMENT_CHANGE_TEXT_SP				"Please click <Load> \nor <unload>,After \npinter pause."
            ^
"D:\MKS-Robin-Nano-Firmware-v2.x.x\MKS-Robin-Nano-Firmware\User\ui\Multi_language\Language_sp.h",133  Warning[Pe047]: 
          incompatible redefinition of macro "FILAMENT_CHANGE_TEXT_SP"
          (declared at line 114)

    #define FILAMENT_CHANGE_TEXT_IT				"Please click <Load> \nor <unload>,After \npinter pause."
            ^
"D:\MKS-Robin-Nano-Firmware-v2.x.x\MKS-Robin-Nano-Firmware\User\ui\Multi_language\Language_it.h",134  Warning[Pe047]: 
          incompatible redefinition of macro "FILAMENT_CHANGE_TEXT_IT"
          (declared at line 114)

  #define DIALOG_UNBIND_PRINTER_IT                "Unbind the printer?"
          ^
"D:\MKS-Robin-Nano-Firmware-v2.x.x\MKS-Robin-Nano-Firmware\User\ui\Multi_language\Language_it.h",230  Warning[Pe047]: 
          incompatible redefinition of macro "DIALOG_UNBIND_PRINTER_IT"
          (declared at line 225)

  #define FILAMENT_CHANGE_TEXT_JP				"Please click <Load> \nor <unload>,After \npinter pause."
          ^
"D:\MKS-Robin-Nano-Firmware-v2.x.x\MKS-Robin-Nano-Firmware\User\ui\Multi_language\Multi_language.h",899  Warning[Pe047]: 
          incompatible redefinition of macro "FILAMENT_CHANGE_TEXT_JP"
          (declared at line 892)

  #define FILAMENT_CHANGE_TEXT_GN				"Please click <Load> \nor <unload>,After \npinter pause."
          ^
"D:\MKS-Robin-Nano-Firmware-v2.x.x\MKS-Robin-Nano-Firmware\User\ui\Multi_language\Multi_language.h",1107  Warning[Pe047]: 
          incompatible redefinition of macro "FILAMENT_CHANGE_TEXT_GN"
          (declared at line 1101)

  #define Simple_Dec"ºı…Ÿ"
                    ^
"D:\MKS-Robin-Nano-Firmware-v2.x.x\MKS-Robin-Nano-Firmware\User\ui\draw_ui.h",666  Warning[Pe1649]: 
          white space is required between the macro name "Simple_Dec" and its
          replacement text

  #define Simple_Speed "ÀŸ∂»"
          ^
"D:\MKS-Robin-Nano-Firmware-v2.x.x\MKS-Robin-Nano-Firmware\User\ui\draw_ui.h",721  Warning[Pe047]: 
          incompatible redefinition of macro "Simple_Speed" (declared at line
          718)

  #define Complex_Speed "ÀŸ∂»"
          ^
"D:\MKS-Robin-Nano-Firmware-v2.x.x\MKS-Robin-Nano-Firmware\User\ui\draw_ui.h",722  Warning[Pe047]: 
          incompatible redefinition of macro "Complex_Speed" (declared at line
          719)
      6          #include "fontLib.h"
      7          #include "LISTBOX.h"
      8          #include "at24cxx.h"
      9          
     10          #ifndef GUI_FLASH
     11          #define GUI_FLASH
     12          #endif
     13          

   \                                 In section .bss, align 4
     14          static GUI_HWIN hLanguageWnd;
   \                     hLanguageWnd:
   \   00000000                      DS8 2
   \   00000002                      DS8 2
   \   00000004                      DS8 24
   \   0000001C                      DS8 24
     15          
     16          //extern GUI_CONST_STORAGE GUI_FONT GUI_FontFont24_MS;
     17          
     18          //extern GUI_FLASH const GUI_FONT GUI_FontHZ_fontHz18;
     19          
     20          //static BUTTON_STRUCT buttonSingCh, buttonCompCh, buttonEng, buttonRet;

   \                                 In section .bss, align 4
     21          static BUTTON_STRUCT /*buttonUp,buttonNext,*/buttonRet;
   \                     buttonRet:
   \   00000000                      DS8 24
   \   00000018                      DS8 24

   \                                 In section .bss, align 4
     22          static BUTTON_STRUCT buttonSimple_Ch,buttontraditional_Ch,buttonEng,/*buttonJapan,buttonGerman,*/buttonFrench,buttonRussian;
   \                     buttonEng:
   \   00000000                      DS8 24
   \   00000018                      DS8 24

   \                                 In section .bss, align 4
   \                     buttonRussian:
   \   00000000                      DS8 24
   \   00000018                      DS8 24
     23          static BUTTON_STRUCT /*buttonTurkish,*/buttonSpanish,/*buttonPortuguese,buttonKorean,*/buttonItaly;
     24          
     25          //static uint8_t page_nub = 1;
     26          
     27          

   \                                 In section .text, align 2, keep-with-next
     28          static void cbLanguageWin(WM_MESSAGE * pMsg) {
     29          
     30          	struct PressEvt *press_event;
                 	                 ^
Warning[Pe177]: variable "press_event" was declared but never referenced
     31          	switch (pMsg->MsgId)
   \                     _Z13cbLanguageWinP10WM_MESSAGE: (+1)
   \   00000000   0x6801             LDR      R1,[R0, #+0]
   \   00000002   0x290F             CMP      R1,#+15
   \   00000004   0xD100             BNE.N    ??cbLanguageWin_0
   \   00000006   0x4770             BX       LR
   \                     ??cbLanguageWin_0: (+1)
   \   00000008   0xB538             PUSH     {R3-R5,LR}
   \   0000000A   0x2926             CMP      R1,#+38
   \   0000000C   0xF040 0x8095      BNE.W    ??cbLanguageWin_1
     32          	{
     33          		case WM_PAINT:
     34          			//GUI_SetBkColor(GUI_BLUE);
     35          			//GUI_Clear();
     36          			//GUI_DispString("window");
     37          			break;
     38          
     39          		case WM_NOTIFY_PARENT:
     40          			if(pMsg->Data.v == WM_NOTIFICATION_RELEASED)
   \   00000010   0x6881             LDR      R1,[R0, #+8]
   \   00000012   0x2902             CMP      R1,#+2
   \   00000014   0xF040 0x8095      BNE.W    ??cbLanguageWin_2
     41          			{
     42          				if(pMsg->hWinSrc == buttonRet.btnHandle)
   \   00000018   0x.... 0x....      LDR.W    R1,??DataTable18
   \   0000001C   0xF9B0 0x0006      LDRSH    R0,[R0, #+6]
   \   00000020   0xF9B1 0x2000      LDRSH    R2,[R1, #+0]
   \   00000024   0x4290             CMP      R0,R2
   \   00000026   0xD13A             BNE.N    ??cbLanguageWin_3
     43          				{
     44                              if((gCfgItems.language == LANG_SIMPLE_CHINESE)||(gCfgItems.language == LANG_COMPLEX_CHINESE))
   \   00000028   0x.... 0x....      LDR.W    R4,??DataTable18_1
   \   0000002C   0xF994 0x00C8      LDRSB    R0,[R4, #+200]
   \   00000030   0x2801             CMP      R0,#+1
   \   00000032   0xBF1C             ITT      NE 
   \   00000034   0xF994 0x00C8      LDRSBNE  R0,[R4, #+200]
   \   00000038   0x2802             CMPNE    R0,#+2
   \   0000003A   0xD10D             BNE.N    ??cbLanguageWin_4
     45                              {
     46                                GUI_SetFont(&GUI_FontHZ16);
   \   0000003C   0x.... 0x....      LDR.W    R5,??DataTable18_2
   \   00000040   0x4628             MOV      R0,R5
   \   00000042   0x.... 0x....      BL       GUI_SetFont
     47                                BUTTON_SetDefaultFont(&GUI_FontHZ16);
   \   00000046   0x4628             MOV      R0,R5
   \   00000048   0x.... 0x....      BL       BUTTON_SetDefaultFont
     48                                TEXT_SetDefaultFont(&GUI_FontHZ16);  
   \   0000004C   0x4628             MOV      R0,R5
   \   0000004E   0x.... 0x....      BL       TEXT_SetDefaultFont
     49                                GUI_UC_SetEncodeNone();
   \   00000052   0x.... 0x....      BL       GUI_UC_SetEncodeNone
   \   00000056   0xE00C             B.N      ??cbLanguageWin_5
     50                              }
     51                              else
     52                              {
     53                                GUI_SetFont(&FONT_TITLE);
   \                     ??cbLanguageWin_4: (+1)
   \   00000058   0x.... 0x....      LDR.W    R5,??DataTable18_3
   \   0000005C   0x4628             MOV      R0,R5
   \   0000005E   0x.... 0x....      BL       GUI_SetFont
     54                                BUTTON_SetDefaultFont(&FONT_TITLE);
   \   00000062   0x4628             MOV      R0,R5
   \   00000064   0x.... 0x....      BL       BUTTON_SetDefaultFont
     55                                TEXT_SetDefaultFont(&FONT_TITLE);                    
   \   00000068   0x4628             MOV      R0,R5
   \   0000006A   0x.... 0x....      BL       TEXT_SetDefaultFont
     56                                GUI_UC_SetEncodeUTF8();
   \   0000006E   0x.... 0x....      BL       GUI_UC_SetEncodeUTF8
     57                              }				
     58          					last_disp_state = LANGUAGE_UI;
   \                     ??cbLanguageWin_5: (+1)
   \   00000072   0x.... 0x....      LDR.W    R1,??DataTable18_4
   \   00000076   0x2010             MOVS     R0,#+16
   \   00000078   0x7008             STRB     R0,[R1, #+0]
     59          					Clear_Language();
   \   0000007A   0x6960             LDR      R0,[R4, #+20]
   \   0000007C   0x.... 0x....      BL       GUI_SetBkColor
   \   00000080   0x.... 0x....      LDR.W    R4,??DataTable18_5
   \   00000084   0xF9B4 0x0000      LDRSH    R0,[R4, #+0]
   \   00000088   0x.... 0x....      BL       WM_IsWindow
   \   0000008C   0xB118             CBZ.N    R0,??cbLanguageWin_6
   \   0000008E   0xF9B4 0x0000      LDRSH    R0,[R4, #+0]
   \   00000092   0x.... 0x....      BL       WM_DeleteWindow
     60          					draw_return_ui();
   \                     ??cbLanguageWin_6: (+1)
   \   00000096   0xE8BD 0x4031      POP      {R0,R4,R5,LR}
   \   0000009A   0x.... 0x....      B.W      draw_return_ui
     61          				}
     62          				else if(pMsg->hWinSrc == buttonSimple_Ch.btnHandle)
   \                     ??cbLanguageWin_3: (+1)
   \   0000009E   0x.... 0x....      LDR.W    R4,??DataTable18_5
   \   000000A2   0xF9B4 0x2004      LDRSH    R2,[R4, #+4]
   \   000000A6   0x4290             CMP      R0,R2
   \   000000A8   0xD106             BNE.N    ??cbLanguageWin_7
     63          				{
     64          					
     65          					gCfgItems.language = LANG_SIMPLE_CHINESE;
   \   000000AA   0x.... 0x....      LDR.W    R4,??DataTable18_1
   \   000000AE   0x2001             MOVS     R0,#+1
   \   000000B0   0xF884 0x00C8      STRB     R0,[R4, #+200]
     66          					//bakup_cfg_inf(BAK_LANG_ID,	gCfgItems.language);
     67          					AT24CXX_Write(EPR_LANGUAGE,(uint8_t *)&gCfgItems.language,1);	
   \   000000B4   0x2201             MOVS     R2,#+1
   \   000000B6   0xE035             B.N      ??cbLanguageWin_8
     68          					disp_language_init();
     69          					disp_sel_item();
     70          				}
     71          				else if(pMsg->hWinSrc == buttontraditional_Ch.btnHandle)
   \                     ??cbLanguageWin_7: (+1)
   \   000000B8   0xF9B4 0x201C      LDRSH    R2,[R4, #+28]
   \   000000BC   0x4290             CMP      R0,R2
   \   000000BE   0xD103             BNE.N    ??cbLanguageWin_9
     72          				{
     73          
     74          					gCfgItems.language = LANG_COMPLEX_CHINESE;
   \   000000C0   0x.... 0x....      LDR.W    R4,??DataTable18_1
   \   000000C4   0x2002             MOVS     R0,#+2
   \   000000C6   0xE02A             B.N      ??cbLanguageWin_10
     75          					//bakup_cfg_inf(BAK_LANG_ID,	gCfgItems.language);
     76          					AT24CXX_Write(EPR_LANGUAGE,(uint8_t *)&gCfgItems.language,1);	
     77          					disp_language_init();
     78          					disp_sel_item();
     79          				}
     80          				else if(pMsg->hWinSrc == buttonEng.btnHandle)
   \                     ??cbLanguageWin_9: (+1)
   \   000000C8   0x.... 0x....      LDR.W    R2,??DataTable18_6
   \   000000CC   0xF9B2 0x3000      LDRSH    R3,[R2, #+0]
   \   000000D0   0x4298             CMP      R0,R3
   \   000000D2   0xD103             BNE.N    ??cbLanguageWin_11
     81          				{
     82          
     83          					gCfgItems.language = LANG_ENGLISH;
   \   000000D4   0x.... 0x....      LDR.W    R4,??DataTable18_1
   \   000000D8   0x2003             MOVS     R0,#+3
   \   000000DA   0xE020             B.N      ??cbLanguageWin_10
     84          					//bakup_cfg_inf(BAK_LANG_ID,	gCfgItems.language);
     85          					AT24CXX_Write(EPR_LANGUAGE,(uint8_t *)&gCfgItems.language,1);	
     86          					disp_language_init();
     87          					disp_sel_item();
     88          				}
     89          #if 0
     90          				else if(pMsg->hWinSrc == buttonJapan.btnHandle)
     91          				{
     92          
     93          					gCfgItems.language = LANG_JAPAN;
     94          					bakup_cfg_inf(BAK_LANG_ID,	gCfgItems.language);
     95          					disp_language_init();
     96          					disp_sel_item();
     97          				}				
     98          				else if(pMsg->hWinSrc == buttonGerman.btnHandle)
     99          				{
    100          
    101          					gCfgItems.language = LANG_GERMAN;
    102          					bakup_cfg_inf(BAK_LANG_ID,	gCfgItems.language);
    103          					disp_language_init();
    104          					disp_sel_item();
    105          				}
    106          				else if(pMsg->hWinSrc == buttonPortuguese.btnHandle)
    107          				{
    108          
    109          					gCfgItems.language = LANG_GREEK;
    110          					bakup_cfg_inf(BAK_LANG_ID,	gCfgItems.language);
    111          					disp_language_init();
    112          					disp_sel_item();
    113          				}	
    114          				else if(pMsg->hWinSrc == buttonTurkish.btnHandle)
    115          				{
    116          
    117          					gCfgItems.language = LANG_TURKISH;
    118          					bakup_cfg_inf(BAK_LANG_ID,	gCfgItems.language);
    119          					disp_language_init();
    120          					disp_sel_item();
    121          				}		
    122          				else if(pMsg->hWinSrc == buttonKorean.btnHandle)
    123          				{
    124          
    125          					gCfgItems.language = LANG_KOREAN;
    126          					bakup_cfg_inf(BAK_LANG_ID,	gCfgItems.language);
    127          					disp_language_init();
    128          					disp_sel_item();
    129          				}					
    130          #endif
    131          					
    132          				else if(pMsg->hWinSrc == buttonRussian.btnHandle)
   \                     ??cbLanguageWin_11: (+1)
   \   000000DC   0x.... 0x....      LDR.W    R3,??DataTable18_7
   \   000000E0   0xF9B3 0x4000      LDRSH    R4,[R3, #+0]
   \   000000E4   0x42A0             CMP      R0,R4
   \   000000E6   0xD103             BNE.N    ??cbLanguageWin_12
    133          				{
    134          
    135          					gCfgItems.language = LANG_RUSSIAN;
   \   000000E8   0x.... 0x....      LDR.W    R4,??DataTable18_1
   \   000000EC   0x2007             MOVS     R0,#+7
   \   000000EE   0xE016             B.N      ??cbLanguageWin_10
    136          					//bakup_cfg_inf(BAK_LANG_ID,	gCfgItems.language);
    137          					AT24CXX_Write(EPR_LANGUAGE,(uint8_t *)&gCfgItems.language,1);	
    138          					disp_language_init();
    139          					disp_sel_item();
    140          				}	
    141          				else if(pMsg->hWinSrc == buttonSpanish.btnHandle)
   \                     ??cbLanguageWin_12: (+1)
   \   000000F0   0xF9B3 0x3018      LDRSH    R3,[R3, #+24]
   \   000000F4   0x4298             CMP      R0,R3
   \   000000F6   0xD103             BNE.N    ??cbLanguageWin_13
    142          				{
    143          		
    144          					gCfgItems.language = LANG_SPANISH;
   \   000000F8   0x.... 0x....      LDR.W    R4,??DataTable18_1
   \   000000FC   0x200A             MOVS     R0,#+10
   \   000000FE   0xE00E             B.N      ??cbLanguageWin_10
    145          					//bakup_cfg_inf(BAK_LANG_ID,	gCfgItems.language);
    146          					AT24CXX_Write(EPR_LANGUAGE,(uint8_t *)&gCfgItems.language,1);	
    147          					disp_language_init();
    148          					disp_sel_item();
    149          				}	
    150          				else if(pMsg->hWinSrc == buttonFrench.btnHandle)
   \                     ??cbLanguageWin_13: (+1)
   \   00000100   0xF9B2 0x2018      LDRSH    R2,[R2, #+24]
   \   00000104   0x4290             CMP      R0,R2
   \   00000106   0xD103             BNE.N    ??cbLanguageWin_14
    151          				{
    152          
    153          					gCfgItems.language = LANG_FRENCH;
   \   00000108   0x.... 0x....      LDR.W    R4,??DataTable18_1
   \   0000010C   0x2006             MOVS     R0,#+6
   \   0000010E   0xE006             B.N      ??cbLanguageWin_10
    154          					//bakup_cfg_inf(BAK_LANG_ID,	gCfgItems.language);
    155          					AT24CXX_Write(EPR_LANGUAGE,(uint8_t *)&gCfgItems.language,1);	
    156          					disp_language_init();
    157          					disp_sel_item();
    158          				}	
    159          
    160          				else if(pMsg->hWinSrc == buttonItaly.btnHandle)
   \                     ??cbLanguageWin_14: (+1)
   \   00000110   0xF9B1 0x1018      LDRSH    R1,[R1, #+24]
   \   00000114   0x4288             CMP      R0,R1
   \   00000116   0xD114             BNE.N    ??cbLanguageWin_2
    161          				{
    162          
    163          					gCfgItems.language = LANG_ITALY;
   \   00000118   0x.... 0x....      LDR.W    R4,??DataTable18_1
   \   0000011C   0x200C             MOVS     R0,#+12
   \                     ??cbLanguageWin_10: (+1)
   \   0000011E   0xF884 0x00C8      STRB     R0,[R4, #+200]
    164          					//bakup_cfg_inf(BAK_LANG_ID,	gCfgItems.language);
    165          					AT24CXX_Write(EPR_LANGUAGE,(uint8_t *)&gCfgItems.language,1);	
   \   00000122   0x2201             MOVS     R2,#+1
   \                     ??cbLanguageWin_8: (+1)
   \   00000124   0xF104 0x01C8      ADD      R1,R4,#+200
   \   00000128   0xF240 0x60DF      MOVW     R0,#+1759
   \   0000012C   0x.... 0x....      BL       AT24CXX_Write
    166          					disp_language_init();
   \   00000130   0x.... 0x....      BL       _Z18disp_language_initv
    167          					disp_sel_item();
   \   00000134   0xE8BD 0x4031      POP      {R0,R4,R5,LR}
   \   00000138   0x....             B.N      disp_sel_item
    168          				}	
    169          					#if 0		
    170          				else if(pMsg->hWinSrc == buttonNext.btnHandle)
    171          				{
    172          					buttonSimple_Ch.btnHandle = 0;
    173          					buttontraditional_Ch.btnHandle = 0;
    174          					buttonEng.btnHandle = 0;
    175          					buttonRussian.btnHandle= 0;
    176          					buttonSpanish.btnHandle= 0;
    177          					buttonJapan.btnHandle = 0;
    178          					
    179          					buttonNext.btnHandle = 0;
    180          					last_disp_state = LANGUAGE_UI;
    181          					Clear_Language();
    182          					page_nub=2; 			
    183          					draw_Language();
    184          				}
    185          				else if(pMsg->hWinSrc == buttonUp.btnHandle)
    186          				{
    187          					buttonFrench.btnHandle= 0;
    188          					buttonGerman.btnHandle= 0;
    189          					buttonPortuguese.btnHandle= 0;
    190          					buttonTurkish.btnHandle= 0;
    191          					buttonKorean.btnHandle= 0;
    192          					buttonItaly.btnHandle= 0;
    193          					buttonUp.btnHandle = 0;
    194          
    195          					last_disp_state = LANGUAGE_UI;
    196          					Clear_Language();
    197          					page_nub=1; 			
    198          					draw_Language();
    199          				}
    200                          #endif
    201          			}
    202          			break;
    203          
    204          			
    205          		default:
    206          			WM_DefaultProc(pMsg);
   \                     ??cbLanguageWin_1: (+1)
   \   0000013A   0xE8BD 0x4032      POP      {R1,R4,R5,LR}
   \   0000013E   0x.... 0x....      B.W      WM_DefaultProc
    207          		}
    208          	}
   \                     ??cbLanguageWin_2: (+1)
   \   00000142   0xBD31             POP      {R0,R4,R5,PC}    ;; return
    209          
    210          

   \                                 In section .text, align 2, keep-with-next
    211          void draw_Language()
    212          {
   \                     draw_Language: (+1)
   \   00000000   0xE92D 0x4FF0      PUSH     {R4-R11,LR}
    213          		
    214          //	int titleHeight = 30;
    215          
    216          //	int imgHeight = LCD_HEIGHT - titleHeight;	
    217          	
    218          	int i;
                 	    ^
Warning[Pe177]: variable "i" was declared but never referenced
    219          
    220          	if(disp_state_stack._disp_state[disp_state_stack._disp_index] != LANGUAGE_UI)
   \   00000004   0x.... 0x....      LDR.W    R0,??DataTable18_8
   \   00000008   0xF990 0x1064      LDRSB    R1,[R0, #+100]
   \   0000000C   0xB085             SUB      SP,SP,#+20
   \   0000000E   0x560A             LDRSB    R2,[R1, R0]
   \   00000010   0x2A10             CMP      R2,#+16
   \   00000012   0xD005             BEQ.N    ??draw_Language_0
    221          	{
    222          		disp_state_stack._disp_index++;
   \   00000014   0x1C49             ADDS     R1,R1,#+1
   \   00000016   0xF880 0x1064      STRB     R1,[R0, #+100]
    223          		disp_state_stack._disp_state[disp_state_stack._disp_index] = LANGUAGE_UI;
   \   0000001A   0x2210             MOVS     R2,#+16
   \   0000001C   0xB249             SXTB     R1,R1
   \   0000001E   0x540A             STRB     R2,[R1, R0]
    224          	}
    225          	disp_state = LANGUAGE_UI;
   \                     ??draw_Language_0: (+1)
   \   00000020   0x2010             MOVS     R0,#+16
   \   00000022   0x.... 0x....      LDR.W    R1,??DataTable18_9
    226          		
    227          	GUI_SetBkColor(gCfgItems.background_color);
   \   00000026   0x.... 0x....      LDR.W    R4,??DataTable18_1
   \   0000002A   0x7008             STRB     R0,[R1, #+0]
   \   0000002C   0x6960             LDR      R0,[R4, #+20]
   \   0000002E   0x.... 0x....      BL       GUI_SetBkColor
    228          	GUI_SetColor(gCfgItems.title_color);
   \   00000032   0x69A0             LDR      R0,[R4, #+24]
   \   00000034   0x.... 0x....      BL       GUI_SetColor
    229          	GUI_Clear();
   \   00000038   0x.... 0x....      BL       GUI_Clear
    230              if((gCfgItems.language == LANG_SIMPLE_CHINESE)||(gCfgItems.language == LANG_COMPLEX_CHINESE))
   \   0000003C   0xF994 0x00C8      LDRSB    R0,[R4, #+200]
   \   00000040   0x2801             CMP      R0,#+1
   \   00000042   0xBF1C             ITT      NE 
   \   00000044   0xF994 0x00C8      LDRSBNE  R0,[R4, #+200]
   \   00000048   0x2802             CMPNE    R0,#+2
   \   0000004A   0xD120             BNE.N    ??draw_Language_1
    231              {
    232                GUI_SetFont(&GUI_FontHZ16);
   \   0000004C   0x.... 0x....      LDR.W    R5,??DataTable18_2
   \   00000050   0x4628             MOV      R0,R5
   \   00000052   0x.... 0x....      BL       GUI_SetFont
    233                BUTTON_SetDefaultFont(&GUI_FontHZ16);
   \   00000056   0x4628             MOV      R0,R5
   \   00000058   0x.... 0x....      BL       BUTTON_SetDefaultFont
    234                TEXT_SetDefaultFont(&GUI_FontHZ16);  
   \   0000005C   0x4628             MOV      R0,R5
   \   0000005E   0x.... 0x....      BL       TEXT_SetDefaultFont
    235                GUI_UC_SetEncodeNone();
   \   00000062   0x.... 0x....      BL       GUI_UC_SetEncodeNone
    236                GUI_DispStringAt(creat_title_text(), TITLE_XPOS, TITLE_YPOS);
   \   00000066   0x.... 0x....      BL       creat_title_text
   \   0000006A   0x2205             MOVS     R2,#+5
   \   0000006C   0x2103             MOVS     R1,#+3
   \   0000006E   0x.... 0x....      BL       GUI_DispStringAt
    237                GUI_UC_SetEncodeUTF8();
   \   00000072   0x.... 0x....      BL       GUI_UC_SetEncodeUTF8
    238                GUI_SetFont(&FONT_TITLE);
   \   00000076   0x.... 0x....      LDR.W    R5,??DataTable18_3
   \   0000007A   0x4628             MOV      R0,R5
   \   0000007C   0x.... 0x....      BL       GUI_SetFont
    239                BUTTON_SetDefaultFont(&FONT_TITLE);
   \   00000080   0x4628             MOV      R0,R5
   \   00000082   0x.... 0x....      BL       BUTTON_SetDefaultFont
    240                TEXT_SetDefaultFont(&FONT_TITLE);
   \   00000086   0x4628             MOV      R0,R5
   \   00000088   0x.... 0x....      BL       TEXT_SetDefaultFont
   \   0000008C   0xE012             B.N      ??draw_Language_2
    241              }
    242              else
    243              {
    244                GUI_SetFont(&FONT_TITLE);
   \                     ??draw_Language_1: (+1)
   \   0000008E   0x.... 0x....      LDR.W    R5,??DataTable18_3
   \   00000092   0x4628             MOV      R0,R5
   \   00000094   0x.... 0x....      BL       GUI_SetFont
    245                BUTTON_SetDefaultFont(&FONT_TITLE);
   \   00000098   0x4628             MOV      R0,R5
   \   0000009A   0x.... 0x....      BL       BUTTON_SetDefaultFont
    246                TEXT_SetDefaultFont(&FONT_TITLE);                    
   \   0000009E   0x4628             MOV      R0,R5
   \   000000A0   0x.... 0x....      BL       TEXT_SetDefaultFont
    247                GUI_UC_SetEncodeUTF8();
   \   000000A4   0x.... 0x....      BL       GUI_UC_SetEncodeUTF8
    248                GUI_DispStringAt(creat_title_text(), TITLE_XPOS, TITLE_YPOS);
   \   000000A8   0x.... 0x....      BL       creat_title_text
   \   000000AC   0x2205             MOVS     R2,#+5
   \   000000AE   0x2103             MOVS     R1,#+3
   \   000000B0   0x.... 0x....      BL       GUI_DispStringAt
    249              }
    250          
    251          	//GUI_DispStringAt("◊º±∏¥Ú”°->…Ë÷√->”Ô—‘", 0, 0);
    252          	//GUI_DispStringAt(creat_title_text(), TITLE_XPOS, TITLE_YPOS);
    253          	
    254          	hLanguageWnd = WM_CreateWindow(0, titleHeight, LCD_WIDTH, imgHeight, WM_CF_SHOW, cbLanguageWin, 0);
   \                     ??draw_Language_2: (+1)
   \   000000B4   0x2000             MOVS     R0,#+0
   \   000000B6   0x9002             STR      R0,[SP, #+8]
   \   000000B8   0xF44F 0x738E      MOV      R3,#+284
   \   000000BC   0x.... 0x....      LDR.W    R0,??DataTable18_10
   \   000000C0   0x.... 0x....      LDR.W    R5,??DataTable18_5
   \   000000C4   0x9001             STR      R0,[SP, #+4]
   \   000000C6   0xF44F 0x72F0      MOV      R2,#+480
   \   000000CA   0x2002             MOVS     R0,#+2
   \   000000CC   0x9000             STR      R0,[SP, #+0]
   \   000000CE   0x2124             MOVS     R1,#+36
   \   000000D0   0x2000             MOVS     R0,#+0
   \   000000D2   0x.... 0x....      BL       WM_CreateWindow
   \   000000D6   0x8028             STRH     R0,[R5, #+0]
    255          
    256          	buttonSimple_Ch.btnHandle = BUTTON_CreateEx(INTERVAL_V, 0, BTN_X_PIXEL, BTN_Y_PIXEL, hLanguageWnd, BUTTON_CF_SHOW, 0, alloc_win_id());
   \   000000D8   0x.... 0x....      BL       alloc_win_id
   \   000000DC   0x9003             STR      R0,[SP, #+12]
   \   000000DE   0x238C             MOVS     R3,#+140
   \   000000E0   0x2000             MOVS     R0,#+0
   \   000000E2   0x9002             STR      R0,[SP, #+8]
   \   000000E4   0x2275             MOVS     R2,#+117
   \   000000E6   0x2002             MOVS     R0,#+2
   \   000000E8   0x9001             STR      R0,[SP, #+4]
   \   000000EA   0x2100             MOVS     R1,#+0
   \   000000EC   0xF9B5 0x0000      LDRSH    R0,[R5, #+0]
   \   000000F0   0x9000             STR      R0,[SP, #+0]
   \   000000F2   0x2002             MOVS     R0,#+2
   \   000000F4   0x.... 0x....      BL       BUTTON_CreateEx
   \   000000F8   0x80A8             STRH     R0,[R5, #+4]
    257          	buttontraditional_Ch.btnHandle = BUTTON_CreateEx(BTN_X_PIXEL+INTERVAL_V*2,	0, BTN_X_PIXEL, BTN_Y_PIXEL, hLanguageWnd, BUTTON_CF_SHOW, 0, alloc_win_id());
   \   000000FA   0x.... 0x....      BL       alloc_win_id
   \   000000FE   0x9003             STR      R0,[SP, #+12]
   \   00000100   0x238C             MOVS     R3,#+140
   \   00000102   0x2000             MOVS     R0,#+0
   \   00000104   0x9002             STR      R0,[SP, #+8]
   \   00000106   0x2275             MOVS     R2,#+117
   \   00000108   0x2002             MOVS     R0,#+2
   \   0000010A   0x9001             STR      R0,[SP, #+4]
   \   0000010C   0x2100             MOVS     R1,#+0
   \   0000010E   0xF9B5 0x0000      LDRSH    R0,[R5, #+0]
   \   00000112   0x9000             STR      R0,[SP, #+0]
   \   00000114   0x2079             MOVS     R0,#+121
   \   00000116   0x.... 0x....      BL       BUTTON_CreateEx
   \   0000011A   0x83A8             STRH     R0,[R5, #+28]
    258          	buttonEng.btnHandle = BUTTON_CreateEx(BTN_X_PIXEL*2+INTERVAL_V*3,  0, BTN_X_PIXEL, BTN_Y_PIXEL, hLanguageWnd, BUTTON_CF_SHOW, 0, alloc_win_id());
   \   0000011C   0x.... 0x....      BL       alloc_win_id
   \   00000120   0x9003             STR      R0,[SP, #+12]
   \   00000122   0x2000             MOVS     R0,#+0
   \   00000124   0x9002             STR      R0,[SP, #+8]
   \   00000126   0x2002             MOVS     R0,#+2
   \   00000128   0x9001             STR      R0,[SP, #+4]
   \   0000012A   0x238C             MOVS     R3,#+140
   \   0000012C   0xF9B5 0x0000      LDRSH    R0,[R5, #+0]
   \   00000130   0x.... 0x....      LDR.W    R6,??DataTable18_6
   \   00000134   0x9000             STR      R0,[SP, #+0]
   \   00000136   0x2275             MOVS     R2,#+117
   \   00000138   0x2100             MOVS     R1,#+0
   \   0000013A   0x20F0             MOVS     R0,#+240
   \   0000013C   0x.... 0x....      BL       BUTTON_CreateEx
   \   00000140   0x8030             STRH     R0,[R6, #+0]
    259          	buttonRussian.btnHandle = BUTTON_CreateEx(BTN_X_PIXEL*3+INTERVAL_V*4,  0, BTN_X_PIXEL, BTN_Y_PIXEL, hLanguageWnd, BUTTON_CF_SHOW, 0, alloc_win_id());
   \   00000142   0x.... 0x....      BL       alloc_win_id
   \   00000146   0x9003             STR      R0,[SP, #+12]
   \   00000148   0xF240 0x1867      MOVW     R8,#+359
   \   0000014C   0x2000             MOVS     R0,#+0
   \   0000014E   0x9002             STR      R0,[SP, #+8]
   \   00000150   0x2002             MOVS     R0,#+2
   \   00000152   0x9001             STR      R0,[SP, #+4]
   \   00000154   0x238C             MOVS     R3,#+140
   \   00000156   0xF9B5 0x0000      LDRSH    R0,[R5, #+0]
   \   0000015A   0x.... 0x....      LDR.W    R7,??DataTable18_7
   \   0000015E   0x9000             STR      R0,[SP, #+0]
   \   00000160   0x2275             MOVS     R2,#+117
   \   00000162   0x2100             MOVS     R1,#+0
   \   00000164   0x4640             MOV      R0,R8
   \   00000166   0x.... 0x....      BL       BUTTON_CreateEx
   \   0000016A   0x8038             STRH     R0,[R7, #+0]
    260          	buttonSpanish.btnHandle = BUTTON_CreateEx(INTERVAL_V, BTN_Y_PIXEL+INTERVAL_H, BTN_X_PIXEL,BTN_Y_PIXEL, hLanguageWnd, BUTTON_CF_SHOW, 0, alloc_win_id());
   \   0000016C   0x.... 0x....      BL       alloc_win_id
   \   00000170   0x9003             STR      R0,[SP, #+12]
   \   00000172   0x238C             MOVS     R3,#+140
   \   00000174   0x2000             MOVS     R0,#+0
   \   00000176   0x9002             STR      R0,[SP, #+8]
   \   00000178   0x2275             MOVS     R2,#+117
   \   0000017A   0x2002             MOVS     R0,#+2
   \   0000017C   0x9001             STR      R0,[SP, #+4]
   \   0000017E   0x218E             MOVS     R1,#+142
   \   00000180   0xF9B5 0x0000      LDRSH    R0,[R5, #+0]
   \   00000184   0x9000             STR      R0,[SP, #+0]
   \   00000186   0x2002             MOVS     R0,#+2
   \   00000188   0x.... 0x....      BL       BUTTON_CreateEx
   \   0000018C   0x8338             STRH     R0,[R7, #+24]
    261          	
    262          	buttonFrench.btnHandle = BUTTON_CreateEx(BTN_X_PIXEL+INTERVAL_V*2, BTN_Y_PIXEL+INTERVAL_H, BTN_X_PIXEL, BTN_Y_PIXEL, hLanguageWnd, BUTTON_CF_SHOW, 0, alloc_win_id());	
   \   0000018E   0x.... 0x....      BL       alloc_win_id
   \   00000192   0x9003             STR      R0,[SP, #+12]
   \   00000194   0x238C             MOVS     R3,#+140
   \   00000196   0x2000             MOVS     R0,#+0
   \   00000198   0x9002             STR      R0,[SP, #+8]
   \   0000019A   0x2275             MOVS     R2,#+117
   \   0000019C   0x2002             MOVS     R0,#+2
   \   0000019E   0x9001             STR      R0,[SP, #+4]
   \   000001A0   0x218E             MOVS     R1,#+142
   \   000001A2   0xF9B5 0x0000      LDRSH    R0,[R5, #+0]
   \   000001A6   0x9000             STR      R0,[SP, #+0]
   \   000001A8   0x2079             MOVS     R0,#+121
   \   000001AA   0x.... 0x....      BL       BUTTON_CreateEx
   \   000001AE   0x8330             STRH     R0,[R6, #+24]
    263          	buttonItaly.btnHandle = BUTTON_CreateEx(BTN_X_PIXEL*2+INTERVAL_V*3,BTN_Y_PIXEL+INTERVAL_H, BTN_X_PIXEL, BTN_Y_PIXEL, hLanguageWnd, BUTTON_CF_SHOW, 0, alloc_win_id());
   \   000001B0   0x.... 0x....      BL       alloc_win_id
   \   000001B4   0x9003             STR      R0,[SP, #+12]
   \   000001B6   0x2000             MOVS     R0,#+0
   \   000001B8   0x9002             STR      R0,[SP, #+8]
   \   000001BA   0x2002             MOVS     R0,#+2
   \   000001BC   0x9001             STR      R0,[SP, #+4]
   \   000001BE   0x238C             MOVS     R3,#+140
   \   000001C0   0xF9B5 0x0000      LDRSH    R0,[R5, #+0]
   \   000001C4   0x.... 0x....      LDR.W    R9,??DataTable18
   \   000001C8   0x9000             STR      R0,[SP, #+0]
   \   000001CA   0x2275             MOVS     R2,#+117
   \   000001CC   0x218E             MOVS     R1,#+142
   \   000001CE   0x20F0             MOVS     R0,#+240
   \   000001D0   0x.... 0x....      BL       BUTTON_CreateEx
   \   000001D4   0xF8A9 0x0018      STRH     R0,[R9, #+24]
    264          
    265          	
    266          	buttonRet.btnHandle = BUTTON_CreateEx(BTN_X_PIXEL*3+INTERVAL_V*4 , BTN_Y_PIXEL+INTERVAL_H, BTN_X_PIXEL, BTN_Y_PIXEL, hLanguageWnd, BUTTON_CF_SHOW, 0, alloc_win_id());
   \   000001D8   0x.... 0x....      BL       alloc_win_id
   \   000001DC   0x9003             STR      R0,[SP, #+12]
   \   000001DE   0x238C             MOVS     R3,#+140
   \   000001E0   0x2000             MOVS     R0,#+0
   \   000001E2   0x9002             STR      R0,[SP, #+8]
   \   000001E4   0x2275             MOVS     R2,#+117
   \   000001E6   0x2002             MOVS     R0,#+2
   \   000001E8   0x9001             STR      R0,[SP, #+4]
   \   000001EA   0x218E             MOVS     R1,#+142
   \   000001EC   0xF9B5 0x0000      LDRSH    R0,[R5, #+0]
   \   000001F0   0x9000             STR      R0,[SP, #+0]
   \   000001F2   0x4640             MOV      R0,R8
   \   000001F4   0x.... 0x....      BL       BUTTON_CreateEx
   \   000001F8   0xF8A9 0x0000      STRH     R0,[R9, #+0]
    267          
    268          	disp_sel_item();
   \   000001FC   0x.... 0x....      BL       disp_sel_item
    269          
    270          	BUTTON_SetBitmapEx(buttonSimple_Ch.btnHandle, 0, &bmp_struct,BMP_PIC_X, BMP_PIC_Y);
   \   00000200   0x.... 0x....      LDR.W    R11,??DataTable18_11
   \   00000204   0x.... 0x....      LDR.W    R10,??DataTable18_12
   \   00000208   0xF99B 0x0000      LDRSB    R0,[R11, #+0]
   \   0000020C   0x.... 0x....      LDR.W    R8,??DataTable18_13
   \   00000210   0xF99A 0x3000      LDRSB    R3,[R10, #+0]
   \   00000214   0x9000             STR      R0,[SP, #+0]
   \   00000216   0x4642             MOV      R2,R8
   \   00000218   0xF9B5 0x0004      LDRSH    R0,[R5, #+4]
   \   0000021C   0x2100             MOVS     R1,#+0
   \   0000021E   0x.... 0x....      BL       BUTTON_SetBitmapEx
    271          	BUTTON_SetBitmapEx(buttontraditional_Ch.btnHandle, 0, &bmp_struct,BMP_PIC_X, BMP_PIC_Y);
   \   00000222   0xF99B 0x0000      LDRSB    R0,[R11, #+0]
   \   00000226   0xF99A 0x3000      LDRSB    R3,[R10, #+0]
   \   0000022A   0x9000             STR      R0,[SP, #+0]
   \   0000022C   0x4642             MOV      R2,R8
   \   0000022E   0xF9B5 0x001C      LDRSH    R0,[R5, #+28]
   \   00000232   0x2100             MOVS     R1,#+0
   \   00000234   0x.... 0x....      BL       BUTTON_SetBitmapEx
    272          	BUTTON_SetBitmapEx(buttonEng.btnHandle, 0, &bmp_struct,BMP_PIC_X, BMP_PIC_Y);
   \   00000238   0xF99B 0x0000      LDRSB    R0,[R11, #+0]
   \   0000023C   0x9000             STR      R0,[SP, #+0]
   \   0000023E   0x2100             MOVS     R1,#+0
   \   00000240   0xF99A 0x3000      LDRSB    R3,[R10, #+0]
   \   00000244   0x5E70             LDRSH    R0,[R6, R1]
   \   00000246   0x4642             MOV      R2,R8
   \   00000248   0x.... 0x....      BL       BUTTON_SetBitmapEx
    273          	BUTTON_SetBitmapEx(buttonRussian.btnHandle, 0, &bmp_struct,BMP_PIC_X, BMP_PIC_Y);
   \   0000024C   0xF99B 0x0000      LDRSB    R0,[R11, #+0]
   \   00000250   0x9000             STR      R0,[SP, #+0]
   \   00000252   0x2100             MOVS     R1,#+0
   \   00000254   0xF99A 0x3000      LDRSB    R3,[R10, #+0]
   \   00000258   0x5E78             LDRSH    R0,[R7, R1]
   \   0000025A   0x4642             MOV      R2,R8
   \   0000025C   0x.... 0x....      BL       BUTTON_SetBitmapEx
    274          	BUTTON_SetBitmapEx(buttonSpanish.btnHandle, 0, &bmp_struct,BMP_PIC_X, BMP_PIC_Y);
   \   00000260   0xF99B 0x0000      LDRSB    R0,[R11, #+0]
   \   00000264   0xF99A 0x3000      LDRSB    R3,[R10, #+0]
   \   00000268   0x9000             STR      R0,[SP, #+0]
   \   0000026A   0x4642             MOV      R2,R8
   \   0000026C   0xF9B7 0x0018      LDRSH    R0,[R7, #+24]
   \   00000270   0x2100             MOVS     R1,#+0
   \   00000272   0x.... 0x....      BL       BUTTON_SetBitmapEx
    275          	BUTTON_SetBitmapEx(buttonFrench.btnHandle, 0, &bmp_struct,BMP_PIC_X, BMP_PIC_Y);
   \   00000276   0xF99B 0x0000      LDRSB    R0,[R11, #+0]
   \   0000027A   0xF99A 0x3000      LDRSB    R3,[R10, #+0]
   \   0000027E   0x9000             STR      R0,[SP, #+0]
   \   00000280   0x4642             MOV      R2,R8
   \   00000282   0xF9B6 0x0018      LDRSH    R0,[R6, #+24]
   \   00000286   0x2100             MOVS     R1,#+0
   \   00000288   0x.... 0x....      BL       BUTTON_SetBitmapEx
    276          	BUTTON_SetBitmapEx(buttonItaly.btnHandle, 0, &bmp_struct,BMP_PIC_X, BMP_PIC_Y);
   \   0000028C   0xF99B 0x0000      LDRSB    R0,[R11, #+0]
   \   00000290   0xF99A 0x3000      LDRSB    R3,[R10, #+0]
   \   00000294   0x9000             STR      R0,[SP, #+0]
   \   00000296   0x4642             MOV      R2,R8
   \   00000298   0xF9B9 0x0018      LDRSH    R0,[R9, #+24]
   \   0000029C   0x2100             MOVS     R1,#+0
   \   0000029E   0x.... 0x....      BL       BUTTON_SetBitmapEx
    277          	BUTTON_SetBitmapEx(buttonRet.btnHandle, 0, &bmp_struct,BMP_PIC_X, BMP_PIC_Y);
   \   000002A2   0xF99B 0x0000      LDRSB    R0,[R11, #+0]
   \   000002A6   0xF99A 0x3000      LDRSB    R3,[R10, #+0]
   \   000002AA   0x9000             STR      R0,[SP, #+0]
   \   000002AC   0x4642             MOV      R2,R8
   \   000002AE   0xF9B9 0x0000      LDRSH    R0,[R9, #+0]
   \   000002B2   0x2100             MOVS     R1,#+0
   \   000002B4   0x.... 0x....      BL       BUTTON_SetBitmapEx
    278          
    279          	
    280          	BUTTON_SetBmpFileName(buttonRet.btnHandle, "bmp_return.bin",1); 
   \   000002B8   0xF9B9 0x0000      LDRSH    R0,[R9, #+0]
   \   000002BC   0x.... 0x....      ADR.W    R1,`?<Constant "bmp_return.bin">`
   \   000002C0   0x2201             MOVS     R2,#+1
   \   000002C2   0x.... 0x....      BL       BUTTON_SetBmpFileName
    281          	
    282          	if(gCfgItems.multiple_language != 0)
   \   000002C6   0xF894 0x01CF      LDRB     R0,[R4, #+463]
   \   000002CA   0xB148             CBZ.N    R0,??draw_Language_3
    283          	{
    284          		BUTTON_SetText(buttonRet.btnHandle,common_menu.text_back);
   \   000002CC   0x.... 0x....      LDR.W    R0,??DataTable18_14
   \   000002D0   0x6801             LDR      R1,[R0, #+0]
   \   000002D2   0xF9B9 0x0000      LDRSH    R0,[R9, #+0]
   \   000002D6   0xB005             ADD      SP,SP,#+20
   \   000002D8   0xE8BD 0x4FF0      POP      {R4-R11,LR}
   \   000002DC   0x.... 0x....      B.W      BUTTON_SetText
    285          	}
    286          
    287          	//GUI_Exec();
    288          
    289          
    290          	
    291          }
   \                     ??draw_Language_3: (+1)
   \   000002E0   0xB005             ADD      SP,SP,#+20
   \   000002E2   0xE8BD 0x8FF0      POP      {R4-R11,PC}      ;; return

   \                                 In section .bss, align 1
    292          uint8_t last_time_languge;
   \                     last_time_languge:
   \   00000000                      DS8 1
    293          

   \                                 In section .text, align 4, keep-with-next
    294          void disp_sel_item()
    295          	{
   \                     disp_sel_item: (+1)
   \   00000000   0xB570             PUSH     {R4-R6,LR}
    296          		//if(page_nub == 1)
    297          		{		
    298          			switch(gCfgItems.language)
   \   00000002   0x....             LDR.N    R4,??DataTable18_1
   \   00000004   0xF994 0x00C8      LDRSB    R0,[R4, #+200]
   \   00000008   0x1E40             SUBS     R0,R0,#+1
   \   0000000A   0x280B             CMP      R0,#+11
   \   0000000C   0xF200 0x813D      BHI.W    ??disp_sel_item_1
   \   00000010   0xE8DF 0xF010      TBH      [PC, R0, LSL #+1]
   \                     ??disp_sel_item_0:
   \   00000014   0x000C 0x0040      DC16     0xC,0x40,0x74,0x13B
   \              0x0074 0x013B
   \   0000001C   0x013B 0x0109      DC16     0x13B,0x109,0x88,0x13B
   \              0x0088 0x013B
   \   00000024   0x013B 0x00BC      DC16     0x13B,0xBC,0x13B,0xDF
   \              0x013B 0x00DF
    299          			{
    300          			case LANG_SIMPLE_CHINESE:
    301          			BUTTON_SetBmpFileName(buttonSimple_Ch.btnHandle, "bmp_simplified_cn_sel.bin",1);
   \                     ??disp_sel_item_2: (+1)
   \   0000002C   0x....             LDR.N    R5,??DataTable18_5
   \   0000002E   0x.... 0x....      ADR.W    R1,`?<Constant "bmp_simplified_cn_sel...">`
   \   00000032   0xF9B5 0x0004      LDRSH    R0,[R5, #+4]
   \   00000036   0x2201             MOVS     R2,#+1
   \   00000038   0x.... 0x....      BL       BUTTON_SetBmpFileName
    302          			BUTTON_SetBmpFileName(buttontraditional_Ch.btnHandle, "bmp_traditional_cn.bin",1);
   \   0000003C   0xF9B5 0x001C      LDRSH    R0,[R5, #+28]
   \   00000040   0x.... 0x....      ADR.W    R1,`?<Constant "bmp_traditional_cn.bin">`
   \   00000044   0x2201             MOVS     R2,#+1
   \   00000046   0x.... 0x....      BL       BUTTON_SetBmpFileName
    303          			BUTTON_SetBmpFileName(buttonEng.btnHandle, "bmp_english.bin",1);
   \   0000004A   0x....             LDR.N    R5,??DataTable18_6
   \   0000004C   0x.... 0x....      ADR.W    R1,`?<Constant "bmp_english.bin">`
   \   00000050   0xF9B5 0x0000      LDRSH    R0,[R5, #+0]
   \   00000054   0x2201             MOVS     R2,#+1
   \   00000056   0x.... 0x....      BL       BUTTON_SetBmpFileName
    304          			BUTTON_SetBmpFileName(buttonRussian.btnHandle, "bmp_russian.bin",1);
   \   0000005A   0x....             LDR.N    R6,??DataTable18_7
   \   0000005C   0x.... 0x....      ADR.W    R1,`?<Constant "bmp_russian.bin">`
   \   00000060   0xF9B6 0x0000      LDRSH    R0,[R6, #+0]
   \   00000064   0x2201             MOVS     R2,#+1
   \   00000066   0x.... 0x....      BL       BUTTON_SetBmpFileName
    305          			BUTTON_SetBmpFileName(buttonSpanish.btnHandle, "bmp_spanish.bin",1);
   \   0000006A   0xF9B6 0x0018      LDRSH    R0,[R6, #+24]
   \   0000006E   0x.... 0x....      ADR.W    R1,`?<Constant "bmp_spanish.bin">`
   \   00000072   0x2201             MOVS     R2,#+1
   \   00000074   0x.... 0x....      BL       BUTTON_SetBmpFileName
    306          			BUTTON_SetBmpFileName(buttonFrench.btnHandle, "bmp_french.bin",1);	
   \   00000078   0xF9B5 0x0018      LDRSH    R0,[R5, #+24]
   \   0000007C   0x.... 0x....      ADR.W    R1,`?<Constant "bmp_french.bin">`
   \   00000080   0x2201             MOVS     R2,#+1
   \   00000082   0x.... 0x....      BL       BUTTON_SetBmpFileName
    307          			BUTTON_SetBmpFileName(buttonItaly.btnHandle, "bmp_italy.bin",1);
   \   00000086   0x....             LDR.N    R0,??DataTable18
   \   00000088   0x.... 0x....      ADR.W    R1,`?<Constant "bmp_italy.bin">`
   \   0000008C   0xF9B0 0x0018      LDRSH    R0,[R0, #+24]
   \   00000090   0x2201             MOVS     R2,#+1
   \   00000092   0xE12D             B.N      ??disp_sel_item_3
    308          			break;
    309          			case LANG_COMPLEX_CHINESE:
    310          
    311          			BUTTON_SetBmpFileName(buttonSimple_Ch.btnHandle, "bmp_simplified_cn.bin",1);
   \                     ??disp_sel_item_4: (+1)
   \   00000094   0x....             LDR.N    R5,??DataTable18_5
   \   00000096   0x.... 0x....      ADR.W    R1,`?<Constant "bmp_simplified_cn.bin">`
   \   0000009A   0xF9B5 0x0004      LDRSH    R0,[R5, #+4]
   \   0000009E   0x2201             MOVS     R2,#+1
   \   000000A0   0x.... 0x....      BL       BUTTON_SetBmpFileName
    312          			BUTTON_SetBmpFileName(buttontraditional_Ch.btnHandle, "bmp_traditional_cn_sel.bin",1);
   \   000000A4   0xF9B5 0x001C      LDRSH    R0,[R5, #+28]
   \   000000A8   0x.... 0x....      ADR.W    R1,`?<Constant "bmp_traditional_cn_se...">`
   \   000000AC   0x2201             MOVS     R2,#+1
   \   000000AE   0x.... 0x....      BL       BUTTON_SetBmpFileName
    313          			BUTTON_SetBmpFileName(buttonEng.btnHandle, "bmp_english.bin",1);
   \   000000B2   0x....             LDR.N    R5,??DataTable18_6
   \   000000B4   0x.... 0x....      ADR.W    R1,`?<Constant "bmp_english.bin">`
   \   000000B8   0xF9B5 0x0000      LDRSH    R0,[R5, #+0]
   \   000000BC   0x2201             MOVS     R2,#+1
   \   000000BE   0x.... 0x....      BL       BUTTON_SetBmpFileName
    314          			BUTTON_SetBmpFileName(buttonRussian.btnHandle, "bmp_russian.bin",1);
   \   000000C2   0x....             LDR.N    R6,??DataTable18_7
   \   000000C4   0x.... 0x....      ADR.W    R1,`?<Constant "bmp_russian.bin">`
   \   000000C8   0xF9B6 0x0000      LDRSH    R0,[R6, #+0]
   \   000000CC   0x2201             MOVS     R2,#+1
   \   000000CE   0x.... 0x....      BL       BUTTON_SetBmpFileName
    315          			BUTTON_SetBmpFileName(buttonSpanish.btnHandle, "bmp_spanish.bin",1);
   \   000000D2   0xF9B6 0x0018      LDRSH    R0,[R6, #+24]
   \   000000D6   0x.... 0x....      ADR.W    R1,`?<Constant "bmp_spanish.bin">`
   \   000000DA   0x2201             MOVS     R2,#+1
   \   000000DC   0x.... 0x....      BL       BUTTON_SetBmpFileName
    316          			BUTTON_SetBmpFileName(buttonFrench.btnHandle, "bmp_french.bin",1);
   \   000000E0   0xF9B5 0x0018      LDRSH    R0,[R5, #+24]
   \   000000E4   0x.... 0x....      ADR.W    R1,`?<Constant "bmp_french.bin">`
   \   000000E8   0x2201             MOVS     R2,#+1
   \   000000EA   0x.... 0x....      BL       BUTTON_SetBmpFileName
    317          			BUTTON_SetBmpFileName(buttonItaly.btnHandle, "bmp_italy.bin",1);
   \   000000EE   0x....             LDR.N    R0,??DataTable18
   \   000000F0   0x.... 0x....      ADR.W    R1,`?<Constant "bmp_italy.bin">`
   \   000000F4   0xF9B0 0x0018      LDRSH    R0,[R0, #+24]
   \   000000F8   0x2201             MOVS     R2,#+1
   \   000000FA   0xE0F9             B.N      ??disp_sel_item_3
    318          			break;
    319          			case LANG_ENGLISH:
    320          			BUTTON_SetBmpFileName(buttonSimple_Ch.btnHandle, "bmp_simplified_cn.bin",1);
   \                     ??disp_sel_item_5: (+1)
   \   000000FC   0x....             LDR.N    R5,??DataTable18_5
   \   000000FE   0x.... 0x....      ADR.W    R1,`?<Constant "bmp_simplified_cn.bin">`
   \   00000102   0xF9B5 0x0004      LDRSH    R0,[R5, #+4]
   \   00000106   0x2201             MOVS     R2,#+1
   \   00000108   0x.... 0x....      BL       BUTTON_SetBmpFileName
    321          			BUTTON_SetBmpFileName(buttontraditional_Ch.btnHandle, "bmp_traditional_cn.bin",1);
   \   0000010C   0xF9B5 0x001C      LDRSH    R0,[R5, #+28]
   \   00000110   0x.... 0x....      ADR.W    R1,`?<Constant "bmp_traditional_cn.bin">`
   \   00000114   0x2201             MOVS     R2,#+1
   \   00000116   0x.... 0x....      BL       BUTTON_SetBmpFileName
    322          			BUTTON_SetBmpFileName(buttonEng.btnHandle, "bmp_english_sel.bin",1);
   \   0000011A   0x....             LDR.N    R5,??DataTable18_6
   \   0000011C   0x.... 0x....      ADR.W    R1,`?<Constant "bmp_english_sel.bin">`
   \   00000120   0x2201             MOVS     R2,#+1
   \   00000122   0xE0C5             B.N      ??disp_sel_item_6
    323          			BUTTON_SetBmpFileName(buttonRussian.btnHandle, "bmp_russian.bin",1);
    324          			BUTTON_SetBmpFileName(buttonSpanish.btnHandle, "bmp_spanish.bin",1);
    325          			BUTTON_SetBmpFileName(buttonItaly.btnHandle, "bmp_italy.bin",1);
    326          			BUTTON_SetBmpFileName(buttonFrench.btnHandle, "bmp_french.bin",1);
    327          			break;
    328          	
    329          			case LANG_RUSSIAN:
    330          			BUTTON_SetBmpFileName(buttonSimple_Ch.btnHandle, "bmp_simplified_cn.bin",1);
   \                     ??disp_sel_item_7: (+1)
   \   00000124   0x....             LDR.N    R5,??DataTable18_5
   \   00000126   0x.... 0x....      ADR.W    R1,`?<Constant "bmp_simplified_cn.bin">`
   \   0000012A   0xF9B5 0x0004      LDRSH    R0,[R5, #+4]
   \   0000012E   0x2201             MOVS     R2,#+1
   \   00000130   0x.... 0x....      BL       BUTTON_SetBmpFileName
    331          			BUTTON_SetBmpFileName(buttontraditional_Ch.btnHandle, "bmp_traditional_cn.bin",1);
   \   00000134   0xF9B5 0x001C      LDRSH    R0,[R5, #+28]
   \   00000138   0x.... 0x....      ADR.W    R1,`?<Constant "bmp_traditional_cn.bin">`
   \   0000013C   0x2201             MOVS     R2,#+1
   \   0000013E   0x.... 0x....      BL       BUTTON_SetBmpFileName
    332          			BUTTON_SetBmpFileName(buttonEng.btnHandle, "bmp_english.bin",1);
   \   00000142   0x....             LDR.N    R5,??DataTable18_6
   \   00000144   0x.... 0x....      ADR.W    R1,`?<Constant "bmp_english.bin">`
   \   00000148   0xF9B5 0x0000      LDRSH    R0,[R5, #+0]
   \   0000014C   0x2201             MOVS     R2,#+1
   \   0000014E   0x.... 0x....      BL       BUTTON_SetBmpFileName
    333          			BUTTON_SetBmpFileName(buttonRussian.btnHandle, "bmp_russian_sel.bin",1);
   \   00000152   0x....             LDR.N    R6,??DataTable18_7
   \   00000154   0x.... 0x....      ADR.W    R1,`?<Constant "bmp_russian_sel.bin">`
   \   00000158   0xF9B6 0x0000      LDRSH    R0,[R6, #+0]
   \   0000015C   0x2201             MOVS     R2,#+1
   \   0000015E   0x.... 0x....      BL       BUTTON_SetBmpFileName
    334          			BUTTON_SetBmpFileName(buttonSpanish.btnHandle, "bmp_spanish.bin",1);	
   \   00000162   0xF9B6 0x0018      LDRSH    R0,[R6, #+24]
   \   00000166   0x.... 0x....      ADR.W    R1,`?<Constant "bmp_spanish.bin">`
   \   0000016A   0x2201             MOVS     R2,#+1
   \   0000016C   0x.... 0x....      BL       BUTTON_SetBmpFileName
    335          			BUTTON_SetBmpFileName(buttonFrench.btnHandle, "bmp_french.bin",1);	
   \   00000170   0xF9B5 0x0018      LDRSH    R0,[R5, #+24]
   \   00000174   0x.... 0x....      ADR.W    R1,`?<Constant "bmp_french.bin">`
   \   00000178   0x2201             MOVS     R2,#+1
   \   0000017A   0x.... 0x....      BL       BUTTON_SetBmpFileName
    336          			BUTTON_SetBmpFileName(buttonItaly.btnHandle, "bmp_italy.bin",1);
   \   0000017E   0x....             LDR.N    R0,??DataTable18
   \   00000180   0x.... 0x....      ADR.W    R1,`?<Constant "bmp_italy.bin">`
   \   00000184   0xF9B0 0x0018      LDRSH    R0,[R0, #+24]
   \   00000188   0x2201             MOVS     R2,#+1
   \   0000018A   0xE0B1             B.N      ??disp_sel_item_3
    337          			break;
    338          			case LANG_SPANISH:			
    339          			BUTTON_SetBmpFileName(buttonSimple_Ch.btnHandle, "bmp_simplified_cn.bin",1);
   \                     ??disp_sel_item_8: (+1)
   \   0000018C   0x....             LDR.N    R5,??DataTable18_5
   \   0000018E   0x.... 0x....      ADR.W    R1,`?<Constant "bmp_simplified_cn.bin">`
   \   00000192   0xF9B5 0x0004      LDRSH    R0,[R5, #+4]
   \   00000196   0x2201             MOVS     R2,#+1
   \   00000198   0x.... 0x....      BL       BUTTON_SetBmpFileName
    340          			BUTTON_SetBmpFileName(buttontraditional_Ch.btnHandle, "bmp_traditional_cn.bin",1);
   \   0000019C   0xF9B5 0x001C      LDRSH    R0,[R5, #+28]
   \   000001A0   0x.... 0x....      ADR.W    R1,`?<Constant "bmp_traditional_cn.bin">`
   \   000001A4   0x2201             MOVS     R2,#+1
   \   000001A6   0x.... 0x....      BL       BUTTON_SetBmpFileName
    341          			BUTTON_SetBmpFileName(buttonEng.btnHandle, "bmp_english.bin",1);
   \   000001AA   0x....             LDR.N    R5,??DataTable18_6
   \   000001AC   0x.... 0x....      ADR.W    R1,`?<Constant "bmp_english.bin">`
   \   000001B0   0xF9B5 0x0000      LDRSH    R0,[R5, #+0]
   \   000001B4   0x2201             MOVS     R2,#+1
   \   000001B6   0x.... 0x....      BL       BUTTON_SetBmpFileName
    342          			BUTTON_SetBmpFileName(buttonRussian.btnHandle, "bmp_russian.bin",1);
   \   000001BA   0x....             LDR.N    R6,??DataTable18_7
   \   000001BC   0x.... 0x....      ADR.W    R1,`?<Constant "bmp_russian.bin">`
   \   000001C0   0xF9B6 0x0000      LDRSH    R0,[R6, #+0]
   \   000001C4   0x2201             MOVS     R2,#+1
   \   000001C6   0x.... 0x....      BL       BUTTON_SetBmpFileName
    343          			BUTTON_SetBmpFileName(buttonSpanish.btnHandle, "bmp_spanish_sel.bin",1);	
   \   000001CA   0x2201             MOVS     R2,#+1
   \   000001CC   0x.... 0x....      ADR.W    R1,`?<Constant "bmp_spanish_sel.bin">`
   \   000001D0   0xE07D             B.N      ??disp_sel_item_9
    344          			BUTTON_SetBmpFileName(buttonItaly.btnHandle, "bmp_italy.bin",1);
    345          			BUTTON_SetBmpFileName(buttonFrench.btnHandle, "bmp_french.bin",1);	
    346          			break;
    347          			
    348          			case LANG_ITALY:			
    349          			BUTTON_SetBmpFileName(buttonSimple_Ch.btnHandle, "bmp_simplified_cn.bin",1);
   \                     ??disp_sel_item_10: (+1)
   \   000001D2   0x....             LDR.N    R5,??DataTable18_5
   \   000001D4   0x.... 0x....      ADR.W    R1,`?<Constant "bmp_simplified_cn.bin">`
   \   000001D8   0xF9B5 0x0004      LDRSH    R0,[R5, #+4]
   \   000001DC   0x2201             MOVS     R2,#+1
   \   000001DE   0x.... 0x....      BL       BUTTON_SetBmpFileName
    350          			BUTTON_SetBmpFileName(buttontraditional_Ch.btnHandle, "bmp_traditional_cn.bin",1);
   \   000001E2   0xF9B5 0x001C      LDRSH    R0,[R5, #+28]
   \   000001E6   0x.... 0x....      ADR.W    R1,`?<Constant "bmp_traditional_cn.bin">`
   \   000001EA   0x2201             MOVS     R2,#+1
   \   000001EC   0x.... 0x....      BL       BUTTON_SetBmpFileName
    351          			BUTTON_SetBmpFileName(buttonEng.btnHandle, "bmp_english.bin",1);
   \   000001F0   0x....             LDR.N    R5,??DataTable18_6
   \   000001F2   0x.... 0x....      ADR.W    R1,`?<Constant "bmp_english.bin">`
   \   000001F6   0xF9B5 0x0000      LDRSH    R0,[R5, #+0]
   \   000001FA   0x2201             MOVS     R2,#+1
   \   000001FC   0x.... 0x....      BL       BUTTON_SetBmpFileName
    352          			BUTTON_SetBmpFileName(buttonRussian.btnHandle, "bmp_russian.bin",1);
   \   00000200   0x....             LDR.N    R6,??DataTable18_7
   \   00000202   0x.... 0x....      ADR.W    R1,`?<Constant "bmp_russian.bin">`
   \   00000206   0xF9B6 0x0000      LDRSH    R0,[R6, #+0]
   \   0000020A   0x2201             MOVS     R2,#+1
   \   0000020C   0x.... 0x....      BL       BUTTON_SetBmpFileName
    353          			BUTTON_SetBmpFileName(buttonSpanish.btnHandle, "bmp_spanish.bin",1);	
   \   00000210   0xF9B6 0x0018      LDRSH    R0,[R6, #+24]
   \   00000214   0x.... 0x....      ADR.W    R1,`?<Constant "bmp_spanish.bin">`
   \   00000218   0x2201             MOVS     R2,#+1
   \   0000021A   0x.... 0x....      BL       BUTTON_SetBmpFileName
    354          			BUTTON_SetBmpFileName(buttonItaly.btnHandle, "bmp_italy_sel.bin",1);
   \   0000021E   0x2201             MOVS     R2,#+1
   \   00000220   0x.... 0x....      ADR.W    R1,`?<Constant "bmp_italy_sel.bin">`
   \   00000224   0xE05A             B.N      ??disp_sel_item_11
    355          			BUTTON_SetBmpFileName(buttonFrench.btnHandle, "bmp_french.bin",1);	
    356          			break;	
    357          			case LANG_FRENCH:				
    358          			BUTTON_SetBmpFileName(buttonSimple_Ch.btnHandle, "bmp_simplified_cn.bin",1);
   \                     ??disp_sel_item_12: (+1)
   \   00000226   0x....             LDR.N    R5,??DataTable18_5
   \   00000228   0x.... 0x....      ADR.W    R1,`?<Constant "bmp_simplified_cn.bin">`
   \   0000022C   0xF9B5 0x0004      LDRSH    R0,[R5, #+4]
   \   00000230   0x2201             MOVS     R2,#+1
   \   00000232   0x.... 0x....      BL       BUTTON_SetBmpFileName
    359          			BUTTON_SetBmpFileName(buttontraditional_Ch.btnHandle, "bmp_traditional_cn.bin",1);
   \   00000236   0xF9B5 0x001C      LDRSH    R0,[R5, #+28]
   \   0000023A   0x.... 0x....      ADR.W    R1,`?<Constant "bmp_traditional_cn.bin">`
   \   0000023E   0x2201             MOVS     R2,#+1
   \   00000240   0x.... 0x....      BL       BUTTON_SetBmpFileName
    360          			BUTTON_SetBmpFileName(buttonEng.btnHandle, "bmp_english.bin",1);
   \   00000244   0x....             LDR.N    R5,??DataTable18_6
   \   00000246   0x.... 0x....      ADR.W    R1,`?<Constant "bmp_english.bin">`
   \   0000024A   0xF9B5 0x0000      LDRSH    R0,[R5, #+0]
   \   0000024E   0x2201             MOVS     R2,#+1
   \   00000250   0x.... 0x....      BL       BUTTON_SetBmpFileName
    361          			BUTTON_SetBmpFileName(buttonRussian.btnHandle, "bmp_russian.bin",1);
   \   00000254   0x....             LDR.N    R6,??DataTable18_7
   \   00000256   0x.... 0x....      ADR.W    R1,`?<Constant "bmp_russian.bin">`
   \   0000025A   0xF9B6 0x0000      LDRSH    R0,[R6, #+0]
   \   0000025E   0x2201             MOVS     R2,#+1
   \   00000260   0x.... 0x....      BL       BUTTON_SetBmpFileName
    362          			BUTTON_SetBmpFileName(buttonSpanish.btnHandle, "bmp_spanish.bin",1);	
   \   00000264   0xF9B6 0x0018      LDRSH    R0,[R6, #+24]
   \   00000268   0x.... 0x....      ADR.W    R1,`?<Constant "bmp_spanish.bin">`
   \   0000026C   0x2201             MOVS     R2,#+1
   \   0000026E   0x.... 0x....      BL       BUTTON_SetBmpFileName
    363          			BUTTON_SetBmpFileName(buttonItaly.btnHandle, "bmp_italy.bin",1);
   \   00000272   0x....             LDR.N    R0,??DataTable18
   \   00000274   0x.... 0x....      ADR.W    R1,`?<Constant "bmp_italy.bin">`
   \   00000278   0xF9B0 0x0018      LDRSH    R0,[R0, #+24]
   \   0000027C   0x2201             MOVS     R2,#+1
   \   0000027E   0x.... 0x....      BL       BUTTON_SetBmpFileName
    364          			BUTTON_SetBmpFileName(buttonFrench.btnHandle, "bmp_french_sel.bin",1);	
   \   00000282   0x2201             MOVS     R2,#+1
   \   00000284   0x.... 0x....      ADR.W    R1,`?<Constant "bmp_french_sel.bin">`
   \   00000288   0xE030             B.N      ??disp_sel_item_13
    365          			break;			
    366          			default:
    367          			BUTTON_SetBmpFileName(buttonSimple_Ch.btnHandle, "bmp_simplified_cn.bin",1);
   \                     ??disp_sel_item_1: (+1)
   \   0000028A   0x....             LDR.N    R5,??DataTable18_5
   \   0000028C   0x.... 0x....      ADR.W    R1,`?<Constant "bmp_simplified_cn.bin">`
   \   00000290   0xF9B5 0x0004      LDRSH    R0,[R5, #+4]
   \   00000294   0x2201             MOVS     R2,#+1
   \   00000296   0x.... 0x....      BL       BUTTON_SetBmpFileName
    368          			BUTTON_SetBmpFileName(buttontraditional_Ch.btnHandle, "bmp_traditional_cn.bin",1);
   \   0000029A   0xF9B5 0x001C      LDRSH    R0,[R5, #+28]
   \   0000029E   0x.... 0x....      ADR.W    R1,`?<Constant "bmp_traditional_cn.bin">`
   \   000002A2   0x2201             MOVS     R2,#+1
   \   000002A4   0x.... 0x....      BL       BUTTON_SetBmpFileName
    369          			BUTTON_SetBmpFileName(buttonEng.btnHandle, "bmp_english.bin",1);
   \   000002A8   0x....             LDR.N    R5,??DataTable18_6
   \   000002AA   0x.... 0x....      ADR.W    R1,`?<Constant "bmp_english.bin">`
   \   000002AE   0x2201             MOVS     R2,#+1
   \                     ??disp_sel_item_6: (+1)
   \   000002B0   0xF9B5 0x0000      LDRSH    R0,[R5, #+0]
   \   000002B4   0x.... 0x....      BL       BUTTON_SetBmpFileName
    370          			BUTTON_SetBmpFileName(buttonRussian.btnHandle, "bmp_russian.bin",1);
   \   000002B8   0x....             LDR.N    R6,??DataTable18_7
   \   000002BA   0x.... 0x....      ADR.W    R1,`?<Constant "bmp_russian.bin">`
   \   000002BE   0xF9B6 0x0000      LDRSH    R0,[R6, #+0]
   \   000002C2   0x2201             MOVS     R2,#+1
   \   000002C4   0x.... 0x....      BL       BUTTON_SetBmpFileName
    371          			BUTTON_SetBmpFileName(buttonSpanish.btnHandle, "bmp_spanish.bin",1);
   \   000002C8   0x2201             MOVS     R2,#+1
   \   000002CA   0x.... 0x....      ADR.W    R1,`?<Constant "bmp_spanish.bin">`
   \                     ??disp_sel_item_9: (+1)
   \   000002CE   0xF9B6 0x0018      LDRSH    R0,[R6, #+24]
   \   000002D2   0x.... 0x....      BL       BUTTON_SetBmpFileName
    372          			BUTTON_SetBmpFileName(buttonItaly.btnHandle, "bmp_italy.bin",1);
   \   000002D6   0x.... 0x....      ADR.W    R1,`?<Constant "bmp_italy.bin">`
   \   000002DA   0x2201             MOVS     R2,#+1
   \                     ??disp_sel_item_11: (+1)
   \   000002DC   0x....             LDR.N    R0,??DataTable18
   \   000002DE   0xF9B0 0x0018      LDRSH    R0,[R0, #+24]
   \   000002E2   0x.... 0x....      BL       BUTTON_SetBmpFileName
    373          			BUTTON_SetBmpFileName(buttonFrench.btnHandle, "bmp_french.bin",1);	
   \   000002E6   0x.... 0x....      ADR.W    R1,`?<Constant "bmp_french.bin">`
   \   000002EA   0x2201             MOVS     R2,#+1
   \                     ??disp_sel_item_13: (+1)
   \   000002EC   0xF9B5 0x0018      LDRSH    R0,[R5, #+24]
   \                     ??disp_sel_item_3: (+1)
   \   000002F0   0x.... 0x....      BL       BUTTON_SetBmpFileName
    374          
    375          			break;
    376          			}
    377          	
    378          			if(gCfgItems.multiple_language != 0)
   \   000002F4   0xF894 0x01CF      LDRB     R0,[R4, #+463]
   \   000002F8   0xB340             CBZ.N    R0,??disp_sel_item_14
    379          			{
    380          				BUTTON_SetText(buttonSimple_Ch.btnHandle,language_menu.chinese_s);
   \   000002FA   0x....             LDR.N    R4,??DataTable18_15
   \   000002FC   0x....             LDR.N    R5,??DataTable18_5
   \   000002FE   0x6861             LDR      R1,[R4, #+4]
   \   00000300   0xF9B5 0x0004      LDRSH    R0,[R5, #+4]
   \   00000304   0x.... 0x....      BL       BUTTON_SetText
    381          				BUTTON_SetText(buttontraditional_Ch.btnHandle,language_menu.chinese_t);
   \   00000308   0x68A1             LDR      R1,[R4, #+8]
   \   0000030A   0xF9B5 0x001C      LDRSH    R0,[R5, #+28]
   \   0000030E   0x.... 0x....      BL       BUTTON_SetText
    382          				BUTTON_SetText(buttonEng.btnHandle,language_menu.english);
   \   00000312   0x....             LDR.N    R5,??DataTable18_6
   \   00000314   0x68E1             LDR      R1,[R4, #+12]
   \   00000316   0xF9B5 0x0000      LDRSH    R0,[R5, #+0]
   \   0000031A   0x.... 0x....      BL       BUTTON_SetText
    383          				BUTTON_SetText(buttonItaly.btnHandle,language_menu.italy);
   \   0000031E   0x....             LDR.N    R0,??DataTable18
   \   00000320   0x69A1             LDR      R1,[R4, #+24]
   \   00000322   0xF9B0 0x0018      LDRSH    R0,[R0, #+24]
   \   00000326   0x.... 0x....      BL       BUTTON_SetText
    384          				BUTTON_SetText(buttonRussian.btnHandle,language_menu.russian);	
   \   0000032A   0x6921             LDR      R1,[R4, #+16]
   \   0000032C   0xF9B6 0x0000      LDRSH    R0,[R6, #+0]
   \   00000330   0x.... 0x....      BL       BUTTON_SetText
    385          				BUTTON_SetText(buttonFrench.btnHandle,language_menu.french);	
   \   00000334   0x6AA1             LDR      R1,[R4, #+40]
   \   00000336   0xF9B5 0x0018      LDRSH    R0,[R5, #+24]
   \   0000033A   0x.... 0x....      BL       BUTTON_SetText
    386          				BUTTON_SetText(buttonSpanish.btnHandle,language_menu.spanish);
   \   0000033E   0x6A21             LDR      R1,[R4, #+32]
   \   00000340   0xF9B6 0x0018      LDRSH    R0,[R6, #+24]
   \   00000344   0xE8BD 0x4070      POP      {R4-R6,LR}
   \   00000348   0x.... 0x....      B.W      BUTTON_SetText
    387          			}
    388          		}
    389          	#if 0
    390          		
    391          		else
    392          		{
    393          			switch(gCfgItems.language)
    394          			{
    395          			//µ⁄∂˛“≥”Ô—‘œ‘ æ
    396          			case LANG_GERMAN:
    397          			BUTTON_SetBmpFileName(buttonGerman, "bmp_german_sel.bin",0);
    398          			BUTTON_SetBmpFileName(buttonFrench, "bmp_french.bin",0);
    399          			BUTTON_SetBmpFileName(buttonPortuguese, "bmp_protuguese.bin",0);
    400          			BUTTON_SetBmpFileName(buttonTurkish, "bmp_turkish.bin",0);
    401          			//BUTTON_SetBmpFileName(buttonKorean, "bmp_korean.bin",0);
    402          			BUTTON_SetBmpFileName(buttonItaly, "bmp_italy.bin",0);			
    403          			break;
    404          			case LANG_FRENCH:
    405          			BUTTON_SetBmpFileName(buttonGerman, "bmp_german.bin",0);
    406          			BUTTON_SetBmpFileName(buttonFrench, "bmp_french_sel.bin",0);
    407          			BUTTON_SetBmpFileName(buttonPortuguese, "bmp_protuguese.bin",0);
    408          			BUTTON_SetBmpFileName(buttonTurkish, "bmp_turkish.bin",0);
    409          			//BUTTON_SetBmpFileName(buttonKorean, "bmp_korean.bin",0);
    410          			BUTTON_SetBmpFileName(buttonItaly, "bmp_italy.bin",0);			
    411          			break;
    412          			case LANG_PORTUGUESE:
    413          			BUTTON_SetBmpFileName(buttonGerman, "bmp_german.bin",0);
    414          			BUTTON_SetBmpFileName(buttonFrench, "bmp_french.bin",0);
    415          			BUTTON_SetBmpFileName(buttonPortuguese, "bmp_protuguese_sel.bin",0);
    416          			BUTTON_SetBmpFileName(buttonTurkish, "bmp_turkish.bin",0);
    417          			//BUTTON_SetBmpFileName(buttonKorean, "bmp_korean.bin",0);
    418          			BUTTON_SetBmpFileName(buttonItaly, "bmp_italy.bin",0);			
    419          			break;
    420          			case LANG_TURKISH:
    421          			BUTTON_SetBmpFileName(buttonGerman, "bmp_german.bin",0);
    422          			BUTTON_SetBmpFileName(buttonFrench, "bmp_french.bin",0);
    423          			BUTTON_SetBmpFileName(buttonPortuguese, "bmp_protuguese.bin",0);
    424          			BUTTON_SetBmpFileName(buttonTurkish, "bmp_turkish_sel.bin",0);
    425          			//BUTTON_SetBmpFileName(buttonKorean, "bmp_korean.bin",0);
    426          			BUTTON_SetBmpFileName(buttonItaly, "bmp_italy.bin",0);
    427          			break;
    428          	
    429          			case LANG_KOREAN:
    430          			BUTTON_SetBmpFileName(buttonGerman, "bmp_german.bin",0);
    431          			BUTTON_SetBmpFileName(buttonFrench, "bmp_french.bin",0);
    432          			BUTTON_SetBmpFileName(buttonPortuguese, "bmp_protuguese.bin",0);
    433          			BUTTON_SetBmpFileName(buttonTurkish, "bmp_turkish.bin",0);
    434          			//BUTTON_SetBmpFileName(buttonKorean, "bmp_korean_sel.bin",0);
    435          			BUTTON_SetBmpFileName(buttonItaly, "bmp_italy.bin",0);
    436          			break;
    437          	
    438          			case LANG_ITALY:
    439          			BUTTON_SetBmpFileName(buttonGerman, "bmp_german.bin",0);
    440          			BUTTON_SetBmpFileName(buttonFrench, "bmp_french.bin",0);
    441          			BUTTON_SetBmpFileName(buttonPortuguese, "bmp_protuguese.bin",0);
    442          			BUTTON_SetBmpFileName(buttonTurkish, "bmp_turkish.bin",0);
    443          			//BUTTON_SetBmpFileName(buttonKorean, "bmp_korean.bin",0);
    444          			BUTTON_SetBmpFileName(buttonItaly, "bmp_italy_sel.bin",0);
    445          			break;
    446          			default:
    447          			BUTTON_SetBmpFileName(buttonGerman, "bmp_german.bin",0);
    448          			BUTTON_SetBmpFileName(buttonFrench, "bmp_french.bin",0);
    449          			BUTTON_SetBmpFileName(buttonPortuguese, "bmp_protuguese.bin",0);
    450          			BUTTON_SetBmpFileName(buttonTurkish, "bmp_turkish.bin",0);
    451          			//BUTTON_SetBmpFileName(buttonKorean, "bmp_korean.bin",0);
    452          			BUTTON_SetBmpFileName(buttonItaly, "bmp_italy.bin",0);
    453          			break;
    454          			}
    455          			if(gCfgItems.multiple_language != 0)
    456          			{
    457          				//BUTTON_SetText(buttonGerman.btnHandle,language_menu.german);
    458          				//BUTTON_SetText(buttonFrench,language_menu.french);
    459          				//BUTTON_SetText(buttonKorean.btnHandle,language_menu.korean);
    460          				//BUTTON_SetText(buttonPortuguese.btnHandle,language_menu.portuguese);
    461          				//BUTTON_SetText(buttonTurkish.btnHandle,language_menu.brazil); 
    462          				//BUTTON_SetText(buttonItaly,language_menu.italy);	
    463          			}		
    464          		}
    465          	#endif
    466          	}
   \                     ??disp_sel_item_14: (+1)
   \   0000034C   0xBD70             POP      {R4-R6,PC}       ;; return
    467          
    468          
    469          

   \                                 In section .text, align 2, keep-with-next
    470          void Clear_Language()
    471          {
   \                     Clear_Language: (+1)
   \   00000000   0xB510             PUSH     {R4,LR}
    472          	GUI_SetBkColor(gCfgItems.background_color);
   \   00000002   0x....             LDR.N    R0,??DataTable18_1
   \   00000004   0x6940             LDR      R0,[R0, #+20]
   \   00000006   0x.... 0x....      BL       GUI_SetBkColor
    473          	if(WM_IsWindow(hLanguageWnd))
   \   0000000A   0x....             LDR.N    R4,??DataTable18_5
   \   0000000C   0xF9B4 0x0000      LDRSH    R0,[R4, #+0]
   \   00000010   0x.... 0x....      BL       WM_IsWindow
   \   00000014   0xB128             CBZ.N    R0,??Clear_Language_0
    474          	{
    475          		WM_DeleteWindow(hLanguageWnd);
   \   00000016   0xF9B4 0x0000      LDRSH    R0,[R4, #+0]
   \   0000001A   0xE8BD 0x4010      POP      {R4,LR}
   \   0000001E   0x.... 0x....      B.W      WM_DeleteWindow
    476          		//GUI_Exec();
    477          	}
    478          	
    479          	//GUI_Clear();
    480          }
   \                     ??Clear_Language_0: (+1)
   \   00000022   0xBD10             POP      {R4,PC}          ;; return

   \                                 In section .text, align 4, keep-with-next
   \                     ??DataTable18:
   \   00000000   0x........         DC32     buttonRet

   \                                 In section .text, align 4, keep-with-next
   \                     ??DataTable18_1:
   \   00000000   0x........         DC32     gCfgItems

   \                                 In section .text, align 4, keep-with-next
   \                     ??DataTable18_2:
   \   00000000   0x........         DC32     GUI_FontHZ16

   \                                 In section .text, align 4, keep-with-next
   \                     ??DataTable18_3:
   \   00000000   0x........         DC32     GUI_FontHZ_fontHz14

   \                                 In section .text, align 4, keep-with-next
   \                     ??DataTable18_4:
   \   00000000   0x........         DC32     last_disp_state

   \                                 In section .text, align 4, keep-with-next
   \                     ??DataTable18_5:
   \   00000000   0x........         DC32     hLanguageWnd

   \                                 In section .text, align 4, keep-with-next
   \                     ??DataTable18_6:
   \   00000000   0x........         DC32     buttonEng

   \                                 In section .text, align 4, keep-with-next
   \                     ??DataTable18_7:
   \   00000000   0x........         DC32     buttonRussian

   \                                 In section .text, align 4, keep-with-next
   \                     ??DataTable18_8:
   \   00000000   0x........         DC32     disp_state_stack

   \                                 In section .text, align 4, keep-with-next
   \                     ??DataTable18_9:
   \   00000000   0x........         DC32     disp_state

   \                                 In section .text, align 4, keep-with-next
   \                     ??DataTable18_10:
   \   00000000   0x........         DC32     _Z13cbLanguageWinP10WM_MESSAGE

   \                                 In section .text, align 4, keep-with-next
   \                     ??DataTable18_11:
   \   00000000   0x........         DC32     BMP_PIC_Y

   \                                 In section .text, align 4, keep-with-next
   \                     ??DataTable18_12:
   \   00000000   0x........         DC32     BMP_PIC_X

   \                                 In section .text, align 4, keep-with-next
   \                     ??DataTable18_13:
   \   00000000   0x........         DC32     bmp_struct

   \                                 In section .text, align 4, keep-with-next
   \                     ??DataTable18_14:
   \   00000000   0x........         DC32     common_menu

   \                                 In section .text, align 4, keep-with-next
   \                     ??DataTable18_15:
   \   00000000   0x........         DC32     language_menu

   \                                 In section .text, align 4, keep-with-next
   \                     `?<Constant "bmp_return.bin">`:
   \   00000000   0x62 0x6D          DC8 "bmp_return.bin"
   \              0x70 0x5F    
   \              0x72 0x65    
   \              0x74 0x75    
   \              0x72 0x6E    
   \              0x2E 0x62    
   \              0x69 0x6E    
   \              0x00         
   \   0000000F   0x00               DC8 0

   \                                 In section .text, align 4, keep-with-next
   \                     `?<Constant "bmp_simplified_cn_sel...">`:
   \   00000000   0x62 0x6D          DC8 "bmp_simplified_cn_sel.bin"
   \              0x70 0x5F    
   \              0x73 0x69    
   \              0x6D 0x70    
   \              0x6C 0x69    
   \              0x66 0x69    
   \              0x65 0x64    
   \              0x5F 0x63    
   \              0x6E 0x5F    
   \              0x73 0x65    
   \              0x6C 0x2E    
   \              0x62 0x69    
   \              0x6E 0x00    
   \   0000001A   0x00 0x00          DC8 0, 0

   \                                 In section .text, align 4, keep-with-next
   \                     `?<Constant "bmp_traditional_cn.bin">`:
   \   00000000   0x62 0x6D          DC8 "bmp_traditional_cn.bin"
   \              0x70 0x5F    
   \              0x74 0x72    
   \              0x61 0x64    
   \              0x69 0x74    
   \              0x69 0x6F    
   \              0x6E 0x61    
   \              0x6C 0x5F    
   \              0x63 0x6E    
   \              0x2E 0x62    
   \              0x69 0x6E    
   \              0x00         
   \   00000017   0x00               DC8 0

   \                                 In section .text, align 4, keep-with-next
   \                     `?<Constant "bmp_english.bin">`:
   \   00000000   0x62 0x6D          DC8 "bmp_english.bin"
   \              0x70 0x5F    
   \              0x65 0x6E    
   \              0x67 0x6C    
   \              0x69 0x73    
   \              0x68 0x2E    
   \              0x62 0x69    
   \              0x6E 0x00    

   \                                 In section .text, align 4, keep-with-next
   \                     `?<Constant "bmp_russian.bin">`:
   \   00000000   0x62 0x6D          DC8 "bmp_russian.bin"
   \              0x70 0x5F    
   \              0x72 0x75    
   \              0x73 0x73    
   \              0x69 0x61    
   \              0x6E 0x2E    
   \              0x62 0x69    
   \              0x6E 0x00    

   \                                 In section .text, align 4, keep-with-next
   \                     `?<Constant "bmp_spanish.bin">`:
   \   00000000   0x62 0x6D          DC8 "bmp_spanish.bin"
   \              0x70 0x5F    
   \              0x73 0x70    
   \              0x61 0x6E    
   \              0x69 0x73    
   \              0x68 0x2E    
   \              0x62 0x69    
   \              0x6E 0x00    

   \                                 In section .text, align 4, keep-with-next
   \                     `?<Constant "bmp_french.bin">`:
   \   00000000   0x62 0x6D          DC8 "bmp_french.bin"
   \              0x70 0x5F    
   \              0x66 0x72    
   \              0x65 0x6E    
   \              0x63 0x68    
   \              0x2E 0x62    
   \              0x69 0x6E    
   \              0x00         
   \   0000000F   0x00               DC8 0

   \                                 In section .text, align 4, keep-with-next
   \                     `?<Constant "bmp_italy.bin">`:
   \   00000000   0x62 0x6D          DC8 "bmp_italy.bin"
   \              0x70 0x5F    
   \              0x69 0x74    
   \              0x61 0x6C    
   \              0x79 0x2E    
   \              0x62 0x69    
   \              0x6E 0x00    
   \   0000000E   0x00 0x00          DC8 0, 0

   \                                 In section .text, align 4, keep-with-next
   \                     `?<Constant "bmp_simplified_cn.bin">`:
   \   00000000   0x62 0x6D          DC8 "bmp_simplified_cn.bin"
   \              0x70 0x5F    
   \              0x73 0x69    
   \              0x6D 0x70    
   \              0x6C 0x69    
   \              0x66 0x69    
   \              0x65 0x64    
   \              0x5F 0x63    
   \              0x6E 0x2E    
   \              0x62 0x69    
   \              0x6E 0x00    
   \   00000016   0x00 0x00          DC8 0, 0

   \                                 In section .text, align 4, keep-with-next
   \                     `?<Constant "bmp_traditional_cn_se...">`:
   \   00000000   0x62 0x6D          DC8 "bmp_traditional_cn_sel.bin"
   \              0x70 0x5F    
   \              0x74 0x72    
   \              0x61 0x64    
   \              0x69 0x74    
   \              0x69 0x6F    
   \              0x6E 0x61    
   \              0x6C 0x5F    
   \              0x63 0x6E    
   \              0x5F 0x73    
   \              0x65 0x6C    
   \              0x2E 0x62    
   \              0x69 0x6E    
   \              0x00         
   \   0000001B   0x00               DC8 0

   \                                 In section .text, align 4, keep-with-next
   \                     `?<Constant "bmp_english_sel.bin">`:
   \   00000000   0x62 0x6D          DC8 "bmp_english_sel.bin"
   \              0x70 0x5F    
   \              0x65 0x6E    
   \              0x67 0x6C    
   \              0x69 0x73    
   \              0x68 0x5F    
   \              0x73 0x65    
   \              0x6C 0x2E    
   \              0x62 0x69    
   \              0x6E 0x00    

   \                                 In section .text, align 4, keep-with-next
   \                     `?<Constant "bmp_russian_sel.bin">`:
   \   00000000   0x62 0x6D          DC8 "bmp_russian_sel.bin"
   \              0x70 0x5F    
   \              0x72 0x75    
   \              0x73 0x73    
   \              0x69 0x61    
   \              0x6E 0x5F    
   \              0x73 0x65    
   \              0x6C 0x2E    
   \              0x62 0x69    
   \              0x6E 0x00    

   \                                 In section .text, align 4, keep-with-next
   \                     `?<Constant "bmp_spanish_sel.bin">`:
   \   00000000   0x62 0x6D          DC8 "bmp_spanish_sel.bin"
   \              0x70 0x5F    
   \              0x73 0x70    
   \              0x61 0x6E    
   \              0x69 0x73    
   \              0x68 0x5F    
   \              0x73 0x65    
   \              0x6C 0x2E    
   \              0x62 0x69    
   \              0x6E 0x00    

   \                                 In section .text, align 4, keep-with-next
   \                     `?<Constant "bmp_italy_sel.bin">`:
   \   00000000   0x62 0x6D          DC8 "bmp_italy_sel.bin"
   \              0x70 0x5F    
   \              0x69 0x74    
   \              0x61 0x6C    
   \              0x79 0x5F    
   \              0x73 0x65    
   \              0x6C 0x2E    
   \              0x62 0x69    
   \              0x6E 0x00    
   \   00000012   0x00 0x00          DC8 0, 0

   \                                 In section .text, align 4, keep-with-next
   \                     `?<Constant "bmp_french_sel.bin">`:
   \   00000000   0x62 0x6D          DC8 "bmp_french_sel.bin"
   \              0x70 0x5F    
   \              0x66 0x72    
   \              0x65 0x6E    
   \              0x63 0x68    
   \              0x5F 0x73    
   \              0x65 0x6C    
   \              0x2E 0x62    
   \              0x69 0x6E    
   \              0x00         
   \   00000013   0x00               DC8 0
    481          
    482          

   Maximum stack usage in bytes:

   .cstack Function
   ------- --------
       8   Clear_Language
         8   -> GUI_SetBkColor
         0   -> WM_DeleteWindow
         8   -> WM_IsWindow
      16   cbLanguageWin(WM_MESSAGE *)
        16   -> AT24CXX_Write
        16   -> BUTTON_SetDefaultFont
        16   -> GUI_SetBkColor
        16   -> GUI_SetFont
        16   -> GUI_UC_SetEncodeNone
        16   -> GUI_UC_SetEncodeUTF8
        16   -> TEXT_SetDefaultFont
         0   -> WM_DefaultProc
        16   -> WM_DeleteWindow
        16   -> WM_IsWindow
        16   -> disp_language_init()
         0   -> disp_sel_item
         0   -> draw_return_ui
      16   disp_sel_item
        16   -> BUTTON_SetBmpFileName
         0   -> BUTTON_SetText
        16   -> BUTTON_SetText
      56   draw_Language
        56   -> BUTTON_CreateEx
        56   -> BUTTON_SetBitmapEx
        56   -> BUTTON_SetBmpFileName
        56   -> BUTTON_SetDefaultFont
         0   -> BUTTON_SetText
        56   -> GUI_Clear
        56   -> GUI_DispStringAt
        56   -> GUI_SetBkColor
        56   -> GUI_SetColor
        56   -> GUI_SetFont
        56   -> GUI_UC_SetEncodeNone
        56   -> GUI_UC_SetEncodeUTF8
        56   -> TEXT_SetDefaultFont
        56   -> WM_CreateWindow
        56   -> alloc_win_id
        56   -> creat_title_text
        56   -> disp_sel_item


   Section sizes:

   Bytes  Function/Label
   -----  --------------
      16  ?<Constant "bmp_english.bin">
      20  ?<Constant "bmp_english_sel.bin">
      16  ?<Constant "bmp_french.bin">
      20  ?<Constant "bmp_french_sel.bin">
      16  ?<Constant "bmp_italy.bin">
      20  ?<Constant "bmp_italy_sel.bin">
      16  ?<Constant "bmp_return.bin">
      16  ?<Constant "bmp_russian.bin">
      20  ?<Constant "bmp_russian_sel.bin">
      24  ?<Constant "bmp_simplified_cn.bin">
      28  ?<Constant "bmp_simplified_cn_sel...">
      16  ?<Constant "bmp_spanish.bin">
      20  ?<Constant "bmp_spanish_sel.bin">
      24  ?<Constant "bmp_traditional_cn.bin">
      28  ?<Constant "bmp_traditional_cn_se...">
       4  ??DataTable18
       4  ??DataTable18_1
       4  ??DataTable18_10
       4  ??DataTable18_11
       4  ??DataTable18_12
       4  ??DataTable18_13
       4  ??DataTable18_14
       4  ??DataTable18_15
       4  ??DataTable18_2
       4  ??DataTable18_3
       4  ??DataTable18_4
       4  ??DataTable18_5
       4  ??DataTable18_6
       4  ??DataTable18_7
       4  ??DataTable18_8
       4  ??DataTable18_9
      36  Clear_Language
      48  buttonEng
          buttonFrench
      48  buttonRet
          buttonItaly
      48  buttonRussian
          buttonSpanish
     324  cbLanguageWin(WM_MESSAGE *)
     846  disp_sel_item
     742  draw_Language
      52  hLanguageWnd
          buttonSimple_Ch
          buttontraditional_Ch
       1  last_time_languge

 
   197 bytes in section .bss
 2 312 bytes in section .text
 
 2 312 bytes of CODE memory
   197 bytes of DATA memory

Errors: none
Warnings: 19
