###############################################################################
#
# IAR ANSI C/C++ Compiler V7.10.1.6676/W32 for ARM        13/Apr/2020  09:24:42
# Copyright 1999-2014 IAR Systems AB.
#
#    Cpu mode     =  thumb
#    Endian       =  little
#    Source file  =  
#        D:\MKS-Robin-Nano-Firmware-v2.x.x\MKS-Robin-Nano-Firmware\User\ui\draw_zero.cpp
#    Command line =  
#        D:\MKS-Robin-Nano-Firmware-v2.x.x\MKS-Robin-Nano-Firmware\User\ui\draw_zero.cpp
#        -D USE_HAL_DRIVER -D STM32F103xE -D STM32F10X_HD -D USE_HAL_LIB -D
#        MKS_ROBIN_NANO -D TFT35 -lC
#        D:\MKS-Robin-Nano-Firmware-v2.x.x\MKS-Robin-Nano-Firmware\EWARM\mksRobinNano/List\
#        -lA
#        D:\MKS-Robin-Nano-Firmware-v2.x.x\MKS-Robin-Nano-Firmware\EWARM\mksRobinNano/List\
#        --diag_suppress Pa050 -o
#        D:\MKS-Robin-Nano-Firmware-v2.x.x\MKS-Robin-Nano-Firmware\EWARM\mksRobinNano/Obj\
#        --debug --endian=little --cpu=Cortex-M3 -e --char_is_signed --fpu=None
#        --dlib_config "C:\Program Files (x86)\IAR Systems\Embedded Workbench
#        7.0\arm\INC\c\DLib_Config_Full.h" -I
#        D:\MKS-Robin-Nano-Firmware-v2.x.x\MKS-Robin-Nano-Firmware\EWARM/../Inc\
#        -I
#        D:\MKS-Robin-Nano-Firmware-v2.x.x\MKS-Robin-Nano-Firmware\EWARM/../Src\
#        -I
#        D:\MKS-Robin-Nano-Firmware-v2.x.x\MKS-Robin-Nano-Firmware\EWARM/../Drivers/STM32F1xx_HAL_Driver/Inc\
#        -I
#        D:\MKS-Robin-Nano-Firmware-v2.x.x\MKS-Robin-Nano-Firmware\EWARM/../Drivers/STM32F1xx_HAL_Driver/Inc/Legacy\
#        -I
#        D:\MKS-Robin-Nano-Firmware-v2.x.x\MKS-Robin-Nano-Firmware\EWARM/../Middlewares/Third_Party/FatFs/src/drivers\
#        -I
#        D:\MKS-Robin-Nano-Firmware-v2.x.x\MKS-Robin-Nano-Firmware\EWARM/../Middlewares/ST/STM32_USB_Host_Library/Core/Inc\
#        -I
#        D:\MKS-Robin-Nano-Firmware-v2.x.x\MKS-Robin-Nano-Firmware\EWARM/../Middlewares/ST/STM32_USB_Host_Library/Class/MSC/Inc\
#        -I
#        D:\MKS-Robin-Nano-Firmware-v2.x.x\MKS-Robin-Nano-Firmware\EWARM/../Drivers/CMSIS/Device/ST/STM32F1xx/Include\
#        -I
#        D:\MKS-Robin-Nano-Firmware-v2.x.x\MKS-Robin-Nano-Firmware\EWARM/../Middlewares/Third_Party/FatFs/src\
#        -I
#        D:\MKS-Robin-Nano-Firmware-v2.x.x\MKS-Robin-Nano-Firmware\EWARM/../Middlewares/Third_Party/Marlin\
#        -I
#        D:\MKS-Robin-Nano-Firmware-v2.x.x\MKS-Robin-Nano-Firmware\EWARM/../Drivers/CMSIS/Include\
#        -I
#        D:\MKS-Robin-Nano-Firmware-v2.x.x\MKS-Robin-Nano-Firmware\EWARM/../Drivers/BSP/variant\
#        -I
#        D:\MKS-Robin-Nano-Firmware-v2.x.x\MKS-Robin-Nano-Firmware\EWARM/../Drivers/BSP/Components/at24cxx\
#        -I
#        D:\MKS-Robin-Nano-Firmware-v2.x.x\MKS-Robin-Nano-Firmware\EWARM/../Drivers/BSP/Components/w25qxx\
#        -I
#        D:\MKS-Robin-Nano-Firmware-v2.x.x\MKS-Robin-Nano-Firmware\EWARM/../Drivers/BSP/Components/lcd\
#        -I
#        D:\MKS-Robin-Nano-Firmware-v2.x.x\MKS-Robin-Nano-Firmware\EWARM/../Drivers/STM32F10x_StdPeriph_Driver/inc\
#        -I
#        D:\MKS-Robin-Nano-Firmware-v2.x.x\MKS-Robin-Nano-Firmware\EWARM/../Drivers/libstmf4/include\
#        -I
#        D:\MKS-Robin-Nano-Firmware-v2.x.x\MKS-Robin-Nano-Firmware\EWARM/../Middlewares/arduino/stm32/cores/arduino\
#        -I
#        D:\MKS-Robin-Nano-Firmware-v2.x.x\MKS-Robin-Nano-Firmware\EWARM/../User/ui\
#        -I
#        D:\MKS-Robin-Nano-Firmware-v2.x.x\MKS-Robin-Nano-Firmware\EWARM/../User/ui/Multi_language\
#        -I
#        D:\MKS-Robin-Nano-Firmware-v2.x.x\MKS-Robin-Nano-Firmware\EWARM/../User/ui/QRENCODE\
#        -I
#        D:\MKS-Robin-Nano-Firmware-v2.x.x\MKS-Robin-Nano-Firmware\EWARM\..\Middlewares\GUI\
#        -Oh --eec++ -I "C:\Program Files (x86)\IAR Systems\Embedded Workbench
#        7.0\arm\CMSIS\Include\"
#    List file    =  
#        D:\MKS-Robin-Nano-Firmware-v2.x.x\MKS-Robin-Nano-Firmware\EWARM\mksRobinNano/List\draw_zero.lst
#    Object file  =  
#        D:\MKS-Robin-Nano-Firmware-v2.x.x\MKS-Robin-Nano-Firmware\EWARM\mksRobinNano/Obj\draw_zero.o
#
###############################################################################

D:\MKS-Robin-Nano-Firmware-v2.x.x\MKS-Robin-Nano-Firmware\User\ui\draw_zero.cpp
      1          #include "gui.h"
      2          #include "button.h"
      3          #include "PROGBAR.h"
      4          #include "draw_zero.h"
      5          #include "draw_ui.h"

  #define UNUSED(x) ((void)(x))
          ^
"D:\MKS-Robin-Nano-Firmware-v2.x.x\MKS-Robin-Nano-Firmware\Drivers\STM32F1xx_HAL_Driver\Inc\stm32f1xx_hal_def.h",87  Warning[Pe047]: 
          incompatible redefinition of macro "UNUSED" (declared at line 101 of
          "D:\MKS-Robin-Nano-Firmware-v2.x.x\MKS-Robin-Nano-Firmware\EWARM/../M
          iddlewares/Third_Party/Marlin\macros.h")

  		volatile volatile float desireBedTempBak;
  		         ^
"D:\MKS-Robin-Nano-Firmware-v2.x.x\MKS-Robin-Nano-Firmware\Inc\mks_cfg.h",626  Warning[Pe083]: 
          type qualifier specified more than once

    #define FILAMENT_CHANGE_TEXT_EN				"Please click <Load> \nor <unload>,After \npinter pause."
            ^
"D:\MKS-Robin-Nano-Firmware-v2.x.x\MKS-Robin-Nano-Firmware\User\ui\Multi_language\Language_en.h",337  Warning[Pe047]: 
          incompatible redefinition of macro "FILAMENT_CHANGE_TEXT_EN"
          (declared at line 315)

  #define DIALOG_UNBIND_PRINTER_CN            "Ëß£Èô§ÁªëÂÆö?"
          ^
"D:\MKS-Robin-Nano-Firmware-v2.x.x\MKS-Robin-Nano-Firmware\User\ui\Multi_language\Language_s_cn.h",408  Warning[Pe047]: 
          incompatible redefinition of macro "DIALOG_UNBIND_PRINTER_CN"
          (declared at line 403)

    #define FILAMENT_CHANGE_TEXT_T_CN				"ÂæÖÊâìÂç∞Ê©üÊö´ÂÅúÂêé,\nË´ãÊåâ<ÈÄ≤Êñô>Êàñ<ÈÄÄÊñô>"
            ^
"D:\MKS-Robin-Nano-Firmware-v2.x.x\MKS-Robin-Nano-Firmware\User\ui\Multi_language\Language_t_cn.h",318  Warning[Pe047]: 
          incompatible redefinition of macro "FILAMENT_CHANGE_TEXT_T_CN"
          (declared at line 304)

    #define FILAMENT_CHANGE_TEXT_RU				"Please click <Load> \nor <unload>,After \npinter pause."
            ^
"D:\MKS-Robin-Nano-Firmware-v2.x.x\MKS-Robin-Nano-Firmware\User\ui\Multi_language\Language_ru.h",134  Warning[Pe047]: 
          incompatible redefinition of macro "FILAMENT_CHANGE_TEXT_RU"
          (declared at line 114)

  #define DIALOG_UNBIND_PRINTER_RU            "Unbind the printer?"
          ^
"D:\MKS-Robin-Nano-Firmware-v2.x.x\MKS-Robin-Nano-Firmware\User\ui\Multi_language\Language_ru.h",231  Warning[Pe047]: 
          incompatible redefinition of macro "DIALOG_UNBIND_PRINTER_RU"
          (declared at line 226)

    #define FILAMENT_CHANGE_TEXT_FR				"Please click <Load> \nor <unload>,After \npinter pause."
            ^
"D:\MKS-Robin-Nano-Firmware-v2.x.x\MKS-Robin-Nano-Firmware\User\ui\Multi_language\Language_fr.h",134  Warning[Pe047]: 
          incompatible redefinition of macro "FILAMENT_CHANGE_TEXT_FR"
          (declared at line 114)

  #define DIALOG_UNBIND_PRINTER_FR        "Unbind the printer?"
          ^
"D:\MKS-Robin-Nano-Firmware-v2.x.x\MKS-Robin-Nano-Firmware\User\ui\Multi_language\Language_fr.h",234  Warning[Pe047]: 
          incompatible redefinition of macro "DIALOG_UNBIND_PRINTER_FR"
          (declared at line 230)

    #define FILAMENT_CHANGE_TEXT_SP				"Please click <Load> \nor <unload>,After \npinter pause."
            ^
"D:\MKS-Robin-Nano-Firmware-v2.x.x\MKS-Robin-Nano-Firmware\User\ui\Multi_language\Language_sp.h",133  Warning[Pe047]: 
          incompatible redefinition of macro "FILAMENT_CHANGE_TEXT_SP"
          (declared at line 114)

    #define FILAMENT_CHANGE_TEXT_IT				"Please click <Load> \nor <unload>,After \npinter pause."
            ^
"D:\MKS-Robin-Nano-Firmware-v2.x.x\MKS-Robin-Nano-Firmware\User\ui\Multi_language\Language_it.h",134  Warning[Pe047]: 
          incompatible redefinition of macro "FILAMENT_CHANGE_TEXT_IT"
          (declared at line 114)

  #define DIALOG_UNBIND_PRINTER_IT                "Unbind the printer?"
          ^
"D:\MKS-Robin-Nano-Firmware-v2.x.x\MKS-Robin-Nano-Firmware\User\ui\Multi_language\Language_it.h",230  Warning[Pe047]: 
          incompatible redefinition of macro "DIALOG_UNBIND_PRINTER_IT"
          (declared at line 225)

  #define FILAMENT_CHANGE_TEXT_JP				"Please click <Load> \nor <unload>,After \npinter pause."
          ^
"D:\MKS-Robin-Nano-Firmware-v2.x.x\MKS-Robin-Nano-Firmware\User\ui\Multi_language\Multi_language.h",899  Warning[Pe047]: 
          incompatible redefinition of macro "FILAMENT_CHANGE_TEXT_JP"
          (declared at line 892)

  #define FILAMENT_CHANGE_TEXT_GN				"Please click <Load> \nor <unload>,After \npinter pause."
          ^
"D:\MKS-Robin-Nano-Firmware-v2.x.x\MKS-Robin-Nano-Firmware\User\ui\Multi_language\Multi_language.h",1107  Warning[Pe047]: 
          incompatible redefinition of macro "FILAMENT_CHANGE_TEXT_GN"
          (declared at line 1101)

  #define Simple_Dec"ºı…Ÿ"
                    ^
"D:\MKS-Robin-Nano-Firmware-v2.x.x\MKS-Robin-Nano-Firmware\User\ui\draw_ui.h",666  Warning[Pe1649]: 
          white space is required between the macro name "Simple_Dec" and its
          replacement text

  #define Simple_Speed "ÀŸ∂»"
          ^
"D:\MKS-Robin-Nano-Firmware-v2.x.x\MKS-Robin-Nano-Firmware\User\ui\draw_ui.h",721  Warning[Pe047]: 
          incompatible redefinition of macro "Simple_Speed" (declared at line
          718)

  #define Complex_Speed "ÀŸ∂»"
          ^
"D:\MKS-Robin-Nano-Firmware-v2.x.x\MKS-Robin-Nano-Firmware\User\ui\draw_ui.h",722  Warning[Pe047]: 
          incompatible redefinition of macro "Complex_Speed" (declared at line
          719)
      6          #include "fontLib.h"
      7          #include "LISTBOX.h"
      8          //#include "mks_tft_fifo.h"
      9          //#include "mks_tft_com.h"
     10          #include "Marlin.h"

  #define strcpy_P(dest, src) strcpy((dest), (src))
          ^
"D:\MKS-Robin-Nano-Firmware-v2.x.x\MKS-Robin-Nano-Firmware\Middlewares\arduino\stm32\cores\arduino\avr\pgmspace.h",23  Warning[Pe047]: 
          incompatible redefinition of macro "strcpy_P" (declared at line 93
          of
          "D:\MKS-Robin-Nano-Firmware-v2.x.x\MKS-Robin-Nano-Firmware\Middleware
          s\Third_Party\Marlin\Marlin_export.h")

  #define strstr_P(a, b) strstr((a), (b))
          ^
"D:\MKS-Robin-Nano-Firmware-v2.x.x\MKS-Robin-Nano-Firmware\Middlewares\arduino\stm32\cores\arduino\avr\pgmspace.h",26  Warning[Pe047]: 
          incompatible redefinition of macro "strstr_P" (declared at line 94
          of
          "D:\MKS-Robin-Nano-Firmware-v2.x.x\MKS-Robin-Nano-Firmware\Middleware
          s\Third_Party\Marlin\Marlin_export.h")

  #define sprintf_P(s, f, ...) sprintf((s), (f), __VA_ARGS__)
          ^
"D:\MKS-Robin-Nano-Firmware-v2.x.x\MKS-Robin-Nano-Firmware\Middlewares\arduino\stm32\cores\arduino\avr\pgmspace.h",28  Warning[Pe047]: 
          incompatible redefinition of macro "sprintf_P" (declared at line 95
          of
          "D:\MKS-Robin-Nano-Firmware-v2.x.x\MKS-Robin-Nano-Firmware\Middleware
          s\Third_Party\Marlin\Marlin_export.h")

  #define pgm_read_word_near(addr) pgm_read_word(addr)
          ^
"D:\MKS-Robin-Nano-Firmware-v2.x.x\MKS-Robin-Nano-Firmware\Middlewares\arduino\stm32\cores\arduino\avr\pgmspace.h",38  Warning[Pe047]: 
          incompatible redefinition of macro "pgm_read_word_near" (declared at
          line 65 of
          "D:\MKS-Robin-Nano-Firmware-v2.x.x\MKS-Robin-Nano-Firmware\Middleware
          s\Third_Party\Marlin\Marlin_export.h")

    }
    ^
"D:\MKS-Robin-Nano-Firmware-v2.x.x\MKS-Robin-Nano-Firmware\Middlewares\Third_Party\Marlin\Marlin.h",537  Warning[Pe940]: 
          missing return statement at end of non-void function
          "position_is_reachable_IS_KINEMATIC"
     11          #ifndef GUI_FLASH
     12          #define GUI_FLASH
     13          #endif
     14          

   \                                 In section .bss, align 4
     15          static GUI_HWIN hZeroWnd;
   \                     hZeroWnd:
   \   00000000                      DS8 2
   \   00000002                      DS8 2
   \   00000004                      DS8 24
   \   0000001C                      DS8 24
     16          //extern TFT_FIFO gcodeCmdTxFIFO;		//gcode ÷∏¡Ó∑¢ÀÕ∂”¡–
     17          //extern TFT_FIFO gcodeCmdRxFIFO;		//gcode	÷∏¡ÓΩ” ’∂”¡–
     18          extern int X_ADD,X_INTERVAL;   //**Õº∆¨º‰∏Ù
     19          
     20          
     21          
     22          extern GUI_FLASH const GUI_FONT GUI_FontHZ_fontHz18;
     23          

   \                                 In section .bss, align 4
     24          static BUTTON_STRUCT buttonAllZero, buttonXZero, buttonYZero, buttonZZero, buttonRet,buttonQuickstop,buttonDisable;
   \                     buttonYZero:
   \   00000000                      DS8 24
   \   00000018                      DS8 24

   \                                 In section .bss, align 4
   \                     buttonRet:
   \   00000000                      DS8 24
   \   00000018                      DS8 24

   \                                 In section .bss, align 4
   \   00000000                      DS8 24
     25          

   \                                 In section .text, align 2, keep-with-next
     26          static void cbZeroWin(WM_MESSAGE * pMsg) {
     27          
     28          	struct PressEvt *press_event;
                 	                 ^
Warning[Pe550]: variable "press_event" was set but never used
     29          	switch (pMsg->MsgId)
   \                     _Z9cbZeroWinP10WM_MESSAGE: (+1)
   \   00000000   0x6801             LDR      R1,[R0, #+0]
   \   00000002   0x290C             CMP      R1,#+12
   \   00000004   0xD100             BNE.N    ??cbZeroWin_0
   \   00000006   0x4770             BX       LR
   \                     ??cbZeroWin_0: (+1)
   \   00000008   0xB510             PUSH     {R4,LR}
   \   0000000A   0x290D             CMP      R1,#+13
   \   0000000C   0xBF18             IT       NE 
   \   0000000E   0x290F             CMPNE    R1,#+15
   \   00000010   0xD049             BEQ.N    ??cbZeroWin_1
   \   00000012   0x2926             CMP      R1,#+38
   \   00000014   0xD143             BNE.N    ??cbZeroWin_2
     30          	{
     31          		case WM_PAINT:
     32          			//GUI_SetBkColor(GUI_BLUE);
     33          			//GUI_Clear();
     34          			//GUI_DispString("window");
     35          			break;
     36          		case WM_TOUCH:
     37          		 	press_event = (struct PressEvt *)pMsg->Data.p;
     38          			
     39          			break;
     40          		case WM_TOUCH_CHILD:
     41          			press_event = (struct PressEvt *)pMsg->Data.p;
     42          
     43          			break;
     44          			
     45          		case WM_NOTIFY_PARENT:
     46          			if(pMsg->Data.v == WM_NOTIFICATION_RELEASED)
   \   00000016   0x6881             LDR      R1,[R0, #+8]
   \   00000018   0x2902             CMP      R1,#+2
   \   0000001A   0xD144             BNE.N    ??cbZeroWin_1
     47          			{
     48          				if(pMsg->hWinSrc == buttonRet.btnHandle)
   \   0000001C   0x....             LDR.N    R1,??DataTable13_2
   \   0000001E   0xF9B0 0x0006      LDRSH    R0,[R0, #+6]
   \   00000022   0xF9B1 0x2000      LDRSH    R2,[R1, #+0]
   \   00000026   0x....             LDR.N    R4,??DataTable13_3
   \   00000028   0x4290             CMP      R0,R2
   \   0000002A   0xD112             BNE.N    ??cbZeroWin_3
     49          				{
     50          					Clear_Zero();
   \   0000002C   0x....             LDR.N    R0,??DataTable13_4
   \   0000002E   0x6940             LDR      R0,[R0, #+20]
   \   00000030   0x.... 0x....      BL       GUI_SetBkColor
   \   00000034   0xF9B4 0x0000      LDRSH    R0,[R4, #+0]
   \   00000038   0x.... 0x....      BL       WM_IsWindow
   \   0000003C   0xB118             CBZ.N    R0,??cbZeroWin_4
   \   0000003E   0xF9B4 0x0000      LDRSH    R0,[R4, #+0]
   \   00000042   0x.... 0x....      BL       WM_DeleteWindow
   \                     ??cbZeroWin_4: (+1)
   \   00000046   0x.... 0x....      BL       GUI_Clear
     51          					draw_return_ui();
   \   0000004A   0xE8BD 0x4010      POP      {R4,LR}
   \   0000004E   0x.... 0x....      B.W      draw_return_ui
     52          				}
     53          				else if(pMsg->hWinSrc == buttonAllZero.btnHandle)
   \                     ??cbZeroWin_3: (+1)
   \   00000052   0xF9B4 0x2004      LDRSH    R2,[R4, #+4]
   \   00000056   0x4290             CMP      R0,R2
   \   00000058   0xBF08             IT       EQ 
     54          				{
     55          				//if(printer_state >= PRINTER_CONNECT_OK)
     56          					{												
     57          						//**push_cb_stack(UI_ACTION_HOME_ALL);
     58          						//pushFIFO(&gcodeCmdTxFIFO, (unsigned char *)HOME_A_COMMAND);
     59          					}
     60          					enqueue_and_echo_commands_P(PSTR("G28"));
   \   0000005A   0x....             ADREQ.N  R0,??DataTable13  ;; "G28"
   \   0000005C   0xD01B             BEQ.N    ??cbZeroWin_5
     61          				}
     62          				else if(pMsg->hWinSrc == buttonXZero.btnHandle)
   \   0000005E   0xF9B4 0x201C      LDRSH    R2,[R4, #+28]
   \   00000062   0x4290             CMP      R0,R2
   \   00000064   0xBF08             IT       EQ 
     63          				{
     64          				//if(printer_state >= PRINTER_CONNECT_OK)
     65          					{											
     66          						//**push_cb_stack(UI_ACTION_HOME_X);
     67          						//pushFIFO(&gcodeCmdTxFIFO, (unsigned char *)HOME_X_COMMAND);
     68          					}
     69          					enqueue_and_echo_commands_P(PSTR("G28 X0"));
   \   00000066   0x.... 0x....      ADREQ.W  R0,`?<Constant "G28 X0">`
   \   0000006A   0xD014             BEQ.N    ??cbZeroWin_5
     70          				}
     71          				else if(pMsg->hWinSrc == buttonYZero.btnHandle)
   \   0000006C   0x....             LDR.N    R2,??DataTable13_5
   \   0000006E   0xF9B2 0x3000      LDRSH    R3,[R2, #+0]
   \   00000072   0x4298             CMP      R0,R3
   \   00000074   0xBF08             IT       EQ 
     72          				{
     73          				//if(printer_state >= PRINTER_CONNECT_OK)
     74          					{												
     75          						//**push_cb_stack(UI_ACTION_HOME_Y);
     76          						//pushFIFO(&gcodeCmdTxFIFO, (unsigned char *)HOME_Y_COMMAND);
     77          					}
     78          				enqueue_and_echo_commands_P(PSTR("G28 Y0"));
   \   00000076   0x.... 0x....      ADREQ.W  R0,`?<Constant "G28 Y0">`
   \   0000007A   0xD00C             BEQ.N    ??cbZeroWin_5
     79          				}
     80          				else if(pMsg->hWinSrc == buttonZZero.btnHandle)
   \   0000007C   0xF9B2 0x2018      LDRSH    R2,[R2, #+24]
   \   00000080   0x4290             CMP      R0,R2
   \   00000082   0xBF08             IT       EQ 
     81          				{
     82          				//if(printer_state >= PRINTER_CONNECT_OK)
     83          					{												
     84          						//**push_cb_stack(UI_ACTION_HOME_Z);
     85          						//pushFIFO(&gcodeCmdTxFIFO, (unsigned char *)HOME_Z_COMMAND);
     86          					}
     87          				enqueue_and_echo_commands_P(PSTR("G28 Z0"));
   \   00000084   0x.... 0x....      ADREQ.W  R0,`?<Constant "G28 Z0">`
   \   00000088   0xD005             BEQ.N    ??cbZeroWin_5
     88          				}
     89          				else if(pMsg->hWinSrc == buttonQuickstop.btnHandle)
   \   0000008A   0xB160             CBZ.N    R0,??cbZeroWin_1
     90          				{
     91          #if tan_mask
     92          				//if(printer_state >= PRINTER_CONNECT_OK)
     93          					{												
     94          						//**push_cb_stack(UI_ACTION_HOME_Z);
     95          						initFIFO(&gcodeCmdTxFIFO);
     96          						usart2Data.usart2Txbuf[0]='M';
     97          						usart2Data.usart2Txbuf[1]='4';
     98          						usart2Data.usart2Txbuf[2]='1';
     99          						usart2Data.usart2Txbuf[3]='0';
    100          						usart2Data.usart2Txbuf[4]='\n';
    101          						usart2Data.prWaitStatus = pr_wait_cmd;
    102          						usart2TxStart();						
    103          						//pushFIFO(&gcodeCmdTxFIFO, (unsigned char *)QUICKSTOP_COMMAND);
    104          					}	
    105          #endif
    106          				}	
    107          				else if(pMsg->hWinSrc == buttonDisable.btnHandle)
   \   0000008C   0xF9B1 0x1018      LDRSH    R1,[R1, #+24]
   \   00000090   0x4288             CMP      R0,R1
   \   00000092   0xD108             BNE.N    ??cbZeroWin_1
    108          				{
    109          					enqueue_and_echo_commands_P(PSTR("M84"));
   \   00000094   0x....             ADR.N    R0,??DataTable13_1  ;; "M84"
   \                     ??cbZeroWin_5: (+1)
   \   00000096   0xE8BD 0x4010      POP      {R4,LR}
   \   0000009A   0x.... 0x....      B.W      _Z27enqueue_and_echo_commands_PPKc
    110          				}
    111          			}
    112          			break;
    113          			
    114          		default:
    115          			WM_DefaultProc(pMsg);
   \                     ??cbZeroWin_2: (+1)
   \   0000009E   0xE8BD 0x4010      POP      {R4,LR}
   \   000000A2   0x.... 0x....      B.W      WM_DefaultProc
    116          		}
    117          	}
   \                     ??cbZeroWin_1: (+1)
   \   000000A6   0xBD10             POP      {R4,PC}          ;; return
    118          
    119          

   \                                 In section .text, align 2, keep-with-next
    120          void draw_Zero()
    121          {	
   \                     draw_Zero: (+1)
   \   00000000   0xE92D 0x47F0      PUSH     {R4-R10,LR}
    122          	
    123          	int i;
                 	    ^
Warning[Pe177]: variable "i" was declared but never referenced
    124          
    125          	if(disp_state_stack._disp_state[disp_state_stack._disp_index] != ZERO_UI)
   \   00000004   0x....             LDR.N    R0,??DataTable13_6
   \   00000006   0xF990 0x1064      LDRSB    R1,[R0, #+100]
   \   0000000A   0xB084             SUB      SP,SP,#+16
   \   0000000C   0x560A             LDRSB    R2,[R1, R0]
   \   0000000E   0x2A0D             CMP      R2,#+13
   \   00000010   0xD005             BEQ.N    ??draw_Zero_0
    126          	{
    127          		disp_state_stack._disp_index++;
   \   00000012   0x1C49             ADDS     R1,R1,#+1
   \   00000014   0xF880 0x1064      STRB     R1,[R0, #+100]
    128          		disp_state_stack._disp_state[disp_state_stack._disp_index] = ZERO_UI;
   \   00000018   0x220D             MOVS     R2,#+13
   \   0000001A   0xB249             SXTB     R1,R1
   \   0000001C   0x540A             STRB     R2,[R1, R0]
    129          	}
    130          	disp_state = ZERO_UI;
   \                     ??draw_Zero_0: (+1)
   \   0000001E   0x200D             MOVS     R0,#+13
   \   00000020   0x....             LDR.N    R1,??DataTable13_7
    131          		
    132          	GUI_SetBkColor(gCfgItems.background_color);
   \   00000022   0x....             LDR.N    R4,??DataTable13_4
   \   00000024   0x7008             STRB     R0,[R1, #+0]
   \   00000026   0x6960             LDR      R0,[R4, #+20]
   \   00000028   0x.... 0x....      BL       GUI_SetBkColor
    133          	GUI_SetColor(gCfgItems.title_color);
   \   0000002C   0x69A0             LDR      R0,[R4, #+24]
   \   0000002E   0x.... 0x....      BL       GUI_SetColor
    134          	GUI_Clear();
   \   00000032   0x.... 0x....      BL       GUI_Clear
    135          
    136          	GUI_DispStringAt(creat_title_text(), TITLE_XPOS, TITLE_YPOS);
   \   00000036   0x.... 0x....      BL       creat_title_text
   \   0000003A   0x2205             MOVS     R2,#+5
   \   0000003C   0x2103             MOVS     R1,#+3
   \   0000003E   0x.... 0x....      BL       GUI_DispStringAt
    137          	
    138          	hZeroWnd = WM_CreateWindow(0, titleHeight, LCD_WIDTH, imgHeight, WM_CF_SHOW, cbZeroWin, 0);
   \   00000042   0x2000             MOVS     R0,#+0
   \   00000044   0x9002             STR      R0,[SP, #+8]
   \   00000046   0xF44F 0x738E      MOV      R3,#+284
   \   0000004A   0x....             LDR.N    R0,??DataTable13_8
   \   0000004C   0x....             LDR.N    R5,??DataTable13_3
   \   0000004E   0x9001             STR      R0,[SP, #+4]
   \   00000050   0xF44F 0x72F0      MOV      R2,#+480
   \   00000054   0x2002             MOVS     R0,#+2
   \   00000056   0x9000             STR      R0,[SP, #+0]
   \   00000058   0x2124             MOVS     R1,#+36
   \   0000005A   0x2000             MOVS     R0,#+0
   \   0000005C   0x.... 0x....      BL       WM_CreateWindow
   \   00000060   0x8028             STRH     R0,[R5, #+0]
    139          
    140          	buttonAllZero.btnHandle = BUTTON_CreateEx(INTERVAL_V, 0,BTN_X_PIXEL, BTN_Y_PIXEL, hZeroWnd, BUTTON_CF_SHOW, 0, alloc_win_id());
   \   00000062   0x.... 0x....      BL       alloc_win_id
   \   00000066   0x9003             STR      R0,[SP, #+12]
   \   00000068   0x238C             MOVS     R3,#+140
   \   0000006A   0x2000             MOVS     R0,#+0
   \   0000006C   0x9002             STR      R0,[SP, #+8]
   \   0000006E   0x2275             MOVS     R2,#+117
   \   00000070   0x2002             MOVS     R0,#+2
   \   00000072   0x9001             STR      R0,[SP, #+4]
   \   00000074   0x2100             MOVS     R1,#+0
   \   00000076   0xF9B5 0x0000      LDRSH    R0,[R5, #+0]
   \   0000007A   0x9000             STR      R0,[SP, #+0]
   \   0000007C   0x2002             MOVS     R0,#+2
   \   0000007E   0x.... 0x....      BL       BUTTON_CreateEx
   \   00000082   0x80A8             STRH     R0,[R5, #+4]
    141          	buttonXZero.btnHandle = BUTTON_CreateEx(BTN_X_PIXEL+INTERVAL_V*2, 0,BTN_X_PIXEL, BTN_Y_PIXEL, hZeroWnd, BUTTON_CF_SHOW, 0, alloc_win_id());
   \   00000084   0x.... 0x....      BL       alloc_win_id
   \   00000088   0x9003             STR      R0,[SP, #+12]
   \   0000008A   0x238C             MOVS     R3,#+140
   \   0000008C   0x2000             MOVS     R0,#+0
   \   0000008E   0x9002             STR      R0,[SP, #+8]
   \   00000090   0x2275             MOVS     R2,#+117
   \   00000092   0x2002             MOVS     R0,#+2
   \   00000094   0x9001             STR      R0,[SP, #+4]
   \   00000096   0x2100             MOVS     R1,#+0
   \   00000098   0xF9B5 0x0000      LDRSH    R0,[R5, #+0]
   \   0000009C   0x9000             STR      R0,[SP, #+0]
   \   0000009E   0x2079             MOVS     R0,#+121
   \   000000A0   0x.... 0x....      BL       BUTTON_CreateEx
   \   000000A4   0x83A8             STRH     R0,[R5, #+28]
    142          	buttonYZero.btnHandle = BUTTON_CreateEx(BTN_X_PIXEL*2+INTERVAL_V*3,  0,BTN_X_PIXEL, BTN_Y_PIXEL, hZeroWnd, BUTTON_CF_SHOW, 0, alloc_win_id());
   \   000000A6   0x.... 0x....      BL       alloc_win_id
   \   000000AA   0x9003             STR      R0,[SP, #+12]
   \   000000AC   0x2000             MOVS     R0,#+0
   \   000000AE   0x9002             STR      R0,[SP, #+8]
   \   000000B0   0x2002             MOVS     R0,#+2
   \   000000B2   0x9001             STR      R0,[SP, #+4]
   \   000000B4   0x238C             MOVS     R3,#+140
   \   000000B6   0xF9B5 0x0000      LDRSH    R0,[R5, #+0]
   \   000000BA   0x....             LDR.N    R6,??DataTable13_5
   \   000000BC   0x9000             STR      R0,[SP, #+0]
   \   000000BE   0x2275             MOVS     R2,#+117
   \   000000C0   0x2100             MOVS     R1,#+0
   \   000000C2   0x20F0             MOVS     R0,#+240
   \   000000C4   0x.... 0x....      BL       BUTTON_CreateEx
   \   000000C8   0x8030             STRH     R0,[R6, #+0]
    143          	buttonZZero.btnHandle = BUTTON_CreateEx(BTN_X_PIXEL*3+INTERVAL_V*4,  0,BTN_X_PIXEL, BTN_Y_PIXEL, hZeroWnd, BUTTON_CF_SHOW, 0, alloc_win_id());
   \   000000CA   0x.... 0x....      BL       alloc_win_id
   \   000000CE   0x9003             STR      R0,[SP, #+12]
   \   000000D0   0xF240 0x1867      MOVW     R8,#+359
   \   000000D4   0x2000             MOVS     R0,#+0
   \   000000D6   0x9002             STR      R0,[SP, #+8]
   \   000000D8   0x238C             MOVS     R3,#+140
   \   000000DA   0x2002             MOVS     R0,#+2
   \   000000DC   0x9001             STR      R0,[SP, #+4]
   \   000000DE   0x2275             MOVS     R2,#+117
   \   000000E0   0xF9B5 0x0000      LDRSH    R0,[R5, #+0]
   \   000000E4   0x9000             STR      R0,[SP, #+0]
   \   000000E6   0x2100             MOVS     R1,#+0
   \   000000E8   0x4640             MOV      R0,R8
   \   000000EA   0x.... 0x....      BL       BUTTON_CreateEx
   \   000000EE   0x8330             STRH     R0,[R6, #+24]
    144          	buttonRet.btnHandle = BUTTON_CreateEx(BTN_X_PIXEL*3+INTERVAL_V*4,  BTN_Y_PIXEL+INTERVAL_H,BTN_X_PIXEL, BTN_Y_PIXEL, hZeroWnd, BUTTON_CF_SHOW, 0, alloc_win_id());
   \   000000F0   0x.... 0x....      BL       alloc_win_id
   \   000000F4   0x9003             STR      R0,[SP, #+12]
   \   000000F6   0x2000             MOVS     R0,#+0
   \   000000F8   0x9002             STR      R0,[SP, #+8]
   \   000000FA   0x2002             MOVS     R0,#+2
   \   000000FC   0x9001             STR      R0,[SP, #+4]
   \   000000FE   0x238C             MOVS     R3,#+140
   \   00000100   0xF9B5 0x0000      LDRSH    R0,[R5, #+0]
   \   00000104   0x....             LDR.N    R7,??DataTable13_2
   \   00000106   0x9000             STR      R0,[SP, #+0]
   \   00000108   0x2275             MOVS     R2,#+117
   \   0000010A   0x218E             MOVS     R1,#+142
   \   0000010C   0x4640             MOV      R0,R8
   \   0000010E   0x.... 0x....      BL       BUTTON_CreateEx
   \   00000112   0x8038             STRH     R0,[R7, #+0]
    145          	
    146          #if 0
    147          	if(gCfgItems.quickstop_display_flg == 1)
    148          	{
    149          		buttonQuickstop.btnHandle = BUTTON_CreateEx(INTERVAL_V, BTN_Y_PIXEL+INTERVAL_H,BTN_X_PIXEL, BTN_Y_PIXEL, hZeroWnd, BUTTON_CF_SHOW, 0, alloc_win_id());
    150          		BUTTON_SetBmpFileName(buttonQuickstop.btnHandle, "bmp_quickstop.bin",1);
    151          		BUTTON_SetBitmapEx(buttonQuickstop.btnHandle, 0, &bmp_struct,BMP_PIC_X, BMP_PIC_Y);
    152          		BUTTON_SetBkColor(buttonQuickstop.btnHandle, BUTTON_CI_PRESSED, gCfgItems.btn_state_color);
    153          		BUTTON_SetBkColor(buttonQuickstop.btnHandle, BUTTON_CI_UNPRESSED, gCfgItems.btn_state_color);
    154          		BUTTON_SetTextColor(buttonQuickstop.btnHandle, BUTTON_CI_PRESSED, gCfgItems.btn_state_textcolor);
    155          		BUTTON_SetTextColor(buttonQuickstop.btnHandle, BUTTON_CI_UNPRESSED, gCfgItems.btn_state_textcolor);
    156          
    157          		buttonDisable.btnHandle = BUTTON_CreateEx(BTN_X_PIXEL+INTERVAL_V*2,BTN_Y_PIXEL+INTERVAL_H,BTN_X_PIXEL, BTN_Y_PIXEL, hZeroWnd, BUTTON_CF_SHOW, 0, alloc_win_id());
    158          	}
    159          	else
    160          	{
    161          		buttonDisable.btnHandle = BUTTON_CreateEx(INTERVAL_V, BTN_Y_PIXEL+INTERVAL_H,BTN_X_PIXEL, BTN_Y_PIXEL, hZeroWnd, BUTTON_CF_SHOW, 0, alloc_win_id());
    162          	}
    163          
    164          	BUTTON_SetBmpFileName(buttonDisable.btnHandle, "bmp_function1.bin",1);
    165          	BUTTON_SetBitmapEx(buttonDisable.btnHandle, 0, &bmp_struct,BMP_PIC_X, BMP_PIC_Y);
    166          #endif	
    167          	#if VERSION_WITH_PIC	
    168          	buttonDisable.btnHandle = BUTTON_CreateEx(INTERVAL_V, BTN_Y_PIXEL+INTERVAL_H,BTN_X_PIXEL, BTN_Y_PIXEL, hZeroWnd, BUTTON_CF_SHOW, 0, alloc_win_id());
   \   00000114   0x.... 0x....      BL       alloc_win_id
   \   00000118   0x9003             STR      R0,[SP, #+12]
   \   0000011A   0x238C             MOVS     R3,#+140
   \   0000011C   0x2000             MOVS     R0,#+0
   \   0000011E   0x9002             STR      R0,[SP, #+8]
   \   00000120   0x2275             MOVS     R2,#+117
   \   00000122   0x2002             MOVS     R0,#+2
   \   00000124   0x9001             STR      R0,[SP, #+4]
   \   00000126   0x218E             MOVS     R1,#+142
   \   00000128   0xF9B5 0x0000      LDRSH    R0,[R5, #+0]
   \   0000012C   0x9000             STR      R0,[SP, #+0]
   \   0000012E   0x2002             MOVS     R0,#+2
   \   00000130   0x.... 0x....      BL       BUTTON_CreateEx
   \   00000134   0x8338             STRH     R0,[R7, #+24]
    169          	BUTTON_SetBmpFileName(buttonDisable.btnHandle, "bmp_function1.bin",1);
   \   00000136   0x2201             MOVS     R2,#+1
   \   00000138   0x.... 0x....      ADR.W    R1,`?<Constant "bmp_function1.bin">`
   \   0000013C   0x.... 0x....      BL       BUTTON_SetBmpFileName
    170          	BUTTON_SetBitmapEx(buttonDisable.btnHandle, 0, &bmp_struct,BMP_PIC_X, BMP_PIC_Y);
   \   00000140   0x.... 0x....      LDR.W    R10,??DataTable13_9
   \   00000144   0x.... 0x....      LDR.W    R9,??DataTable13_10
   \   00000148   0xF99A 0x0000      LDRSB    R0,[R10, #+0]
   \   0000014C   0x.... 0x....      LDR.W    R8,??DataTable13_11
   \   00000150   0xF999 0x3000      LDRSB    R3,[R9, #+0]
   \   00000154   0x9000             STR      R0,[SP, #+0]
   \   00000156   0x4642             MOV      R2,R8
   \   00000158   0xF9B7 0x0018      LDRSH    R0,[R7, #+24]
   \   0000015C   0x2100             MOVS     R1,#+0
   \   0000015E   0x.... 0x....      BL       BUTTON_SetBitmapEx
    171          	
    172          	BUTTON_SetBmpFileName(buttonAllZero.btnHandle, "bmp_zero.bin",1);
   \   00000162   0xF9B5 0x0004      LDRSH    R0,[R5, #+4]
   \   00000166   0x.... 0x....      ADR.W    R1,`?<Constant "bmp_zero.bin">`
   \   0000016A   0x2201             MOVS     R2,#+1
   \   0000016C   0x.... 0x....      BL       BUTTON_SetBmpFileName
    173          	BUTTON_SetBmpFileName(buttonXZero.btnHandle, "bmp_zeroX.bin",1);
   \   00000170   0xF9B5 0x001C      LDRSH    R0,[R5, #+28]
   \   00000174   0x.... 0x....      ADR.W    R1,`?<Constant "bmp_zeroX.bin">`
   \   00000178   0x2201             MOVS     R2,#+1
   \   0000017A   0x.... 0x....      BL       BUTTON_SetBmpFileName
    174          	BUTTON_SetBmpFileName(buttonYZero.btnHandle, "bmp_zeroY.bin",1);
   \   0000017E   0xF9B6 0x0000      LDRSH    R0,[R6, #+0]
   \   00000182   0x.... 0x....      ADR.W    R1,`?<Constant "bmp_zeroY.bin">`
   \   00000186   0x2201             MOVS     R2,#+1
   \   00000188   0x.... 0x....      BL       BUTTON_SetBmpFileName
    175          	BUTTON_SetBmpFileName(buttonZZero.btnHandle, "bmp_zeroZ.bin",1);
   \   0000018C   0xF9B6 0x0018      LDRSH    R0,[R6, #+24]
   \   00000190   0x.... 0x....      ADR.W    R1,`?<Constant "bmp_zeroZ.bin">`
   \   00000194   0x2201             MOVS     R2,#+1
   \   00000196   0x.... 0x....      BL       BUTTON_SetBmpFileName
    176          	BUTTON_SetBmpFileName(buttonRet.btnHandle, "bmp_return.bin",1);
   \   0000019A   0xF9B7 0x0000      LDRSH    R0,[R7, #+0]
   \   0000019E   0x.... 0x....      ADR.W    R1,`?<Constant "bmp_return.bin">`
   \   000001A2   0x2201             MOVS     R2,#+1
   \   000001A4   0x.... 0x....      BL       BUTTON_SetBmpFileName
    177          	
    178          	BUTTON_SetBitmapEx(buttonAllZero.btnHandle, 0, &bmp_struct,BMP_PIC_X, BMP_PIC_Y);
   \   000001A8   0xF99A 0x0000      LDRSB    R0,[R10, #+0]
   \   000001AC   0xF999 0x3000      LDRSB    R3,[R9, #+0]
   \   000001B0   0x9000             STR      R0,[SP, #+0]
   \   000001B2   0x4642             MOV      R2,R8
   \   000001B4   0xF9B5 0x0004      LDRSH    R0,[R5, #+4]
   \   000001B8   0x2100             MOVS     R1,#+0
   \   000001BA   0x.... 0x....      BL       BUTTON_SetBitmapEx
    179          	BUTTON_SetBitmapEx(buttonXZero.btnHandle, 0, &bmp_struct,BMP_PIC_X, BMP_PIC_Y);
   \   000001BE   0xF99A 0x0000      LDRSB    R0,[R10, #+0]
   \   000001C2   0xF999 0x3000      LDRSB    R3,[R9, #+0]
   \   000001C6   0x9000             STR      R0,[SP, #+0]
   \   000001C8   0x4642             MOV      R2,R8
   \   000001CA   0xF9B5 0x001C      LDRSH    R0,[R5, #+28]
   \   000001CE   0x2100             MOVS     R1,#+0
   \   000001D0   0x.... 0x....      BL       BUTTON_SetBitmapEx
    180          	BUTTON_SetBitmapEx(buttonYZero.btnHandle, 0, &bmp_struct,BMP_PIC_X, BMP_PIC_Y);
   \   000001D4   0xF99A 0x0000      LDRSB    R0,[R10, #+0]
   \   000001D8   0x9000             STR      R0,[SP, #+0]
   \   000001DA   0x2100             MOVS     R1,#+0
   \   000001DC   0xF999 0x3000      LDRSB    R3,[R9, #+0]
   \   000001E0   0x5E70             LDRSH    R0,[R6, R1]
   \   000001E2   0x4642             MOV      R2,R8
   \   000001E4   0x.... 0x....      BL       BUTTON_SetBitmapEx
    181          	BUTTON_SetBitmapEx(buttonZZero.btnHandle, 0, &bmp_struct,BMP_PIC_X, BMP_PIC_Y);
   \   000001E8   0xF99A 0x0000      LDRSB    R0,[R10, #+0]
   \   000001EC   0xF999 0x3000      LDRSB    R3,[R9, #+0]
   \   000001F0   0x9000             STR      R0,[SP, #+0]
   \   000001F2   0x4642             MOV      R2,R8
   \   000001F4   0xF9B6 0x0018      LDRSH    R0,[R6, #+24]
   \   000001F8   0x2100             MOVS     R1,#+0
   \   000001FA   0x.... 0x....      BL       BUTTON_SetBitmapEx
    182          	
    183          
    184          	BUTTON_SetBitmapEx(buttonRet.btnHandle, 0, &bmp_struct,BMP_PIC_X, BMP_PIC_Y);
   \   000001FE   0xF99A 0x0000      LDRSB    R0,[R10, #+0]
   \   00000202   0x9000             STR      R0,[SP, #+0]
   \   00000204   0x2100             MOVS     R1,#+0
   \   00000206   0xF999 0x3000      LDRSB    R3,[R9, #+0]
   \   0000020A   0x5E78             LDRSH    R0,[R7, R1]
   \   0000020C   0x4642             MOV      R2,R8
   \   0000020E   0x.... 0x....      BL       BUTTON_SetBitmapEx
    185          
    186          	if(gCfgItems.multiple_language != 0)
   \   00000212   0xF894 0x01CF      LDRB     R0,[R4, #+463]
   \   00000216   0xB318             CBZ.N    R0,??draw_Zero_1
    187          	{
    188          			BUTTON_SetText(buttonXZero.btnHandle,home_menu.home_x);
   \   00000218   0x....             LDR.N    R4,??DataTable13_12
   \   0000021A   0xF9B5 0x001C      LDRSH    R0,[R5, #+28]
   \   0000021E   0x68A1             LDR      R1,[R4, #+8]
   \   00000220   0x.... 0x....      BL       BUTTON_SetText
    189          			BUTTON_SetText(buttonYZero.btnHandle,home_menu.home_y);
   \   00000224   0x68E1             LDR      R1,[R4, #+12]
   \   00000226   0xF9B6 0x0000      LDRSH    R0,[R6, #+0]
   \   0000022A   0x.... 0x....      BL       BUTTON_SetText
    190          			BUTTON_SetText(buttonZZero.btnHandle,home_menu.home_z);
   \   0000022E   0x6921             LDR      R1,[R4, #+16]
   \   00000230   0xF9B6 0x0018      LDRSH    R0,[R6, #+24]
   \   00000234   0x.... 0x....      BL       BUTTON_SetText
    191          			BUTTON_SetText(buttonAllZero.btnHandle,home_menu.home_all);
   \   00000238   0x6861             LDR      R1,[R4, #+4]
   \   0000023A   0xF9B5 0x0004      LDRSH    R0,[R5, #+4]
   \   0000023E   0x.... 0x....      BL       BUTTON_SetText
    192          			//if(gCfgItems.quickstop_display_flg == 1)
    193          			//	BUTTON_SetText(buttonQuickstop.btnHandle,home_menu.stopmove);
    194          			BUTTON_SetText(buttonRet.btnHandle,common_menu.text_back);
   \   00000242   0x....             LDR.N    R0,??DataTable13_13
   \   00000244   0x6801             LDR      R1,[R0, #+0]
   \   00000246   0xF9B7 0x0000      LDRSH    R0,[R7, #+0]
   \   0000024A   0x.... 0x....      BL       BUTTON_SetText
    195          			BUTTON_SetText(buttonDisable.btnHandle, set_menu.motoroff);
   \   0000024E   0x....             LDR.N    R0,??DataTable13_14
   \   00000250   0x69C1             LDR      R1,[R0, #+28]
   \   00000252   0xF9B7 0x0018      LDRSH    R0,[R7, #+24]
   \   00000256   0xB004             ADD      SP,SP,#+16
   \   00000258   0xE8BD 0x47F0      POP      {R4-R10,LR}
   \   0000025C   0x.... 0x....      B.W      BUTTON_SetText
    196          	}
    197          
    198          
    199          	#endif
    200          	
    201          	//GUI_Exec();
    202          
    203          
    204          	
    205          }
   \                     ??draw_Zero_1: (+1)
   \   00000260   0xB004             ADD      SP,SP,#+16
   \   00000262   0xE8BD 0x87F0      POP      {R4-R10,PC}      ;; return
    206          

   \                                 In section .text, align 2, keep-with-next
    207          void Clear_Zero()
    208          {
   \                     Clear_Zero: (+1)
   \   00000000   0xB510             PUSH     {R4,LR}
    209          	GUI_SetBkColor(gCfgItems.background_color);
   \   00000002   0x....             LDR.N    R0,??DataTable13_4
   \   00000004   0x6940             LDR      R0,[R0, #+20]
   \   00000006   0x.... 0x....      BL       GUI_SetBkColor
    210          	if(WM_IsWindow(hZeroWnd))
   \   0000000A   0x....             LDR.N    R4,??DataTable13_3
   \   0000000C   0xF9B4 0x0000      LDRSH    R0,[R4, #+0]
   \   00000010   0x.... 0x....      BL       WM_IsWindow
   \   00000014   0xB118             CBZ.N    R0,??Clear_Zero_0
    211          	{
    212          		WM_DeleteWindow(hZeroWnd);
   \   00000016   0xF9B4 0x0000      LDRSH    R0,[R4, #+0]
   \   0000001A   0x.... 0x....      BL       WM_DeleteWindow
    213          		//GUI_Exec();
    214          	}
    215          	GUI_Clear();
   \                     ??Clear_Zero_0: (+1)
   \   0000001E   0xE8BD 0x4010      POP      {R4,LR}
   \   00000022   0x.... 0x....      B.W      GUI_Clear
    216          }

   \                                 In section .text, align 4, keep-with-next
   \                     ??DataTable13:
   \   00000000   0x47 0x32          DC8      "G28"
   \              0x38 0x00    

   \                                 In section .text, align 4, keep-with-next
   \                     ??DataTable13_1:
   \   00000000   0x4D 0x38          DC8      "M84"
   \              0x34 0x00    

   \                                 In section .text, align 4, keep-with-next
   \                     ??DataTable13_2:
   \   00000000   0x........         DC32     buttonRet

   \                                 In section .text, align 4, keep-with-next
   \                     ??DataTable13_3:
   \   00000000   0x........         DC32     hZeroWnd

   \                                 In section .text, align 4, keep-with-next
   \                     ??DataTable13_4:
   \   00000000   0x........         DC32     gCfgItems

   \                                 In section .text, align 4, keep-with-next
   \                     ??DataTable13_5:
   \   00000000   0x........         DC32     buttonYZero

   \                                 In section .text, align 4, keep-with-next
   \                     ??DataTable13_6:
   \   00000000   0x........         DC32     disp_state_stack

   \                                 In section .text, align 4, keep-with-next
   \                     ??DataTable13_7:
   \   00000000   0x........         DC32     disp_state

   \                                 In section .text, align 4, keep-with-next
   \                     ??DataTable13_8:
   \   00000000   0x........         DC32     _Z9cbZeroWinP10WM_MESSAGE

   \                                 In section .text, align 4, keep-with-next
   \                     ??DataTable13_9:
   \   00000000   0x........         DC32     BMP_PIC_Y

   \                                 In section .text, align 4, keep-with-next
   \                     ??DataTable13_10:
   \   00000000   0x........         DC32     BMP_PIC_X

   \                                 In section .text, align 4, keep-with-next
   \                     ??DataTable13_11:
   \   00000000   0x........         DC32     bmp_struct

   \                                 In section .text, align 4, keep-with-next
   \                     ??DataTable13_12:
   \   00000000   0x........         DC32     home_menu

   \                                 In section .text, align 4, keep-with-next
   \                     ??DataTable13_13:
   \   00000000   0x........         DC32     common_menu

   \                                 In section .text, align 4, keep-with-next
   \                     ??DataTable13_14:
   \   00000000   0x........         DC32     set_menu

   \                                 In section .text, align 4, keep-with-next
   \                     `?<Constant "G28 X0">`:
   \   00000000   0x47 0x32          DC8 "G28 X0"
   \              0x38 0x20    
   \              0x58 0x30    
   \              0x00         
   \   00000007   0x00               DC8 0

   \                                 In section .text, align 4, keep-with-next
   \                     `?<Constant "G28 Y0">`:
   \   00000000   0x47 0x32          DC8 "G28 Y0"
   \              0x38 0x20    
   \              0x59 0x30    
   \              0x00         
   \   00000007   0x00               DC8 0

   \                                 In section .text, align 4, keep-with-next
   \                     `?<Constant "G28 Z0">`:
   \   00000000   0x47 0x32          DC8 "G28 Z0"
   \              0x38 0x20    
   \              0x5A 0x30    
   \              0x00         
   \   00000007   0x00               DC8 0

   \                                 In section .text, align 4, keep-with-next
   \                     `?<Constant "bmp_function1.bin">`:
   \   00000000   0x62 0x6D          DC8 "bmp_function1.bin"
   \              0x70 0x5F    
   \              0x66 0x75    
   \              0x6E 0x63    
   \              0x74 0x69    
   \              0x6F 0x6E    
   \              0x31 0x2E    
   \              0x62 0x69    
   \              0x6E 0x00    
   \   00000012   0x00 0x00          DC8 0, 0

   \                                 In section .text, align 4, keep-with-next
   \                     `?<Constant "bmp_zero.bin">`:
   \   00000000   0x62 0x6D          DC8 "bmp_zero.bin"
   \              0x70 0x5F    
   \              0x7A 0x65    
   \              0x72 0x6F    
   \              0x2E 0x62    
   \              0x69 0x6E    
   \              0x00         
   \   0000000D   0x00 0x00          DC8 0, 0, 0
   \              0x00         

   \                                 In section .text, align 4, keep-with-next
   \                     `?<Constant "bmp_zeroX.bin">`:
   \   00000000   0x62 0x6D          DC8 "bmp_zeroX.bin"
   \              0x70 0x5F    
   \              0x7A 0x65    
   \              0x72 0x6F    
   \              0x58 0x2E    
   \              0x62 0x69    
   \              0x6E 0x00    
   \   0000000E   0x00 0x00          DC8 0, 0

   \                                 In section .text, align 4, keep-with-next
   \                     `?<Constant "bmp_zeroY.bin">`:
   \   00000000   0x62 0x6D          DC8 "bmp_zeroY.bin"
   \              0x70 0x5F    
   \              0x7A 0x65    
   \              0x72 0x6F    
   \              0x59 0x2E    
   \              0x62 0x69    
   \              0x6E 0x00    
   \   0000000E   0x00 0x00          DC8 0, 0

   \                                 In section .text, align 4, keep-with-next
   \                     `?<Constant "bmp_zeroZ.bin">`:
   \   00000000   0x62 0x6D          DC8 "bmp_zeroZ.bin"
   \              0x70 0x5F    
   \              0x7A 0x65    
   \              0x72 0x6F    
   \              0x5A 0x2E    
   \              0x62 0x69    
   \              0x6E 0x00    
   \   0000000E   0x00 0x00          DC8 0, 0

   \                                 In section .text, align 4, keep-with-next
   \                     `?<Constant "bmp_return.bin">`:
   \   00000000   0x62 0x6D          DC8 "bmp_return.bin"
   \              0x70 0x5F    
   \              0x72 0x65    
   \              0x74 0x75    
   \              0x72 0x6E    
   \              0x2E 0x62    
   \              0x69 0x6E    
   \              0x00         
   \   0000000F   0x00               DC8 0

   \                                 In section .rodata, align 4, keep-with-next
   \                     `?<Constant "G28">`:
   \   00000000   0x47 0x32          DC8 "G28"
   \              0x38 0x00    

   \                                 In section .rodata, align 4, keep-with-next
   \                     `?<Constant "M84">`:
   \   00000000   0x4D 0x38          DC8 "M84"
   \              0x34 0x00    
    217          
    218          

   Maximum stack usage in bytes:

   .cstack Function
   ------- --------
       8   Clear_Zero
         0   -> GUI_Clear
         8   -> GUI_SetBkColor
         8   -> WM_DeleteWindow
         8   -> WM_IsWindow
       8   cbZeroWin(WM_MESSAGE *)
         8   -> GUI_Clear
         8   -> GUI_SetBkColor
         0   -> WM_DefaultProc
         8   -> WM_DeleteWindow
         8   -> WM_IsWindow
         0   -> draw_return_ui
         0   -> enqueue_and_echo_commands_P(char const *)
      48   draw_Zero
        48   -> BUTTON_CreateEx
        48   -> BUTTON_SetBitmapEx
        48   -> BUTTON_SetBmpFileName
         0   -> BUTTON_SetText
        48   -> BUTTON_SetText
        48   -> GUI_Clear
        48   -> GUI_DispStringAt
        48   -> GUI_SetBkColor
        48   -> GUI_SetColor
        48   -> WM_CreateWindow
        48   -> alloc_win_id
        48   -> creat_title_text


   Section sizes:

   Bytes  Function/Label
   -----  --------------
       8  ?<Constant "G28 X0">
       8  ?<Constant "G28 Y0">
       8  ?<Constant "G28 Z0">
       4  ?<Constant "G28">
       4  ?<Constant "M84">
      20  ?<Constant "bmp_function1.bin">
      16  ?<Constant "bmp_return.bin">
      16  ?<Constant "bmp_zero.bin">
      16  ?<Constant "bmp_zeroX.bin">
      16  ?<Constant "bmp_zeroY.bin">
      16  ?<Constant "bmp_zeroZ.bin">
       4  ??DataTable13
       4  ??DataTable13_1
       4  ??DataTable13_10
       4  ??DataTable13_11
       4  ??DataTable13_12
       4  ??DataTable13_13
       4  ??DataTable13_14
       4  ??DataTable13_2
       4  ??DataTable13_3
       4  ??DataTable13_4
       4  ??DataTable13_5
       4  ??DataTable13_6
       4  ??DataTable13_7
       4  ??DataTable13_8
       4  ??DataTable13_9
      38  Clear_Zero
      24  buttonQuickstop
      48  buttonRet
          buttonDisable
      48  buttonYZero
          buttonZZero
     168  cbZeroWin(WM_MESSAGE *)
     614  draw_Zero
      52  hZeroWnd
          buttonAllZero
          buttonXZero
       1  -- Other

 
   172 bytes in section .bss
     9 bytes in section .rodata
 1 004 bytes in section .text
 
 1 004 bytes of CODE  memory
     8 bytes of CONST memory (+ 1 byte shared)
   172 bytes of DATA  memory

Errors: none
Warnings: 24
