###############################################################################
#
# IAR ANSI C/C++ Compiler V7.10.1.6676/W32 for ARM        13/Apr/2020  09:24:51
# Copyright 1999-2014 IAR Systems AB.
#
#    Cpu mode     =  thumb
#    Endian       =  little
#    Source file  =  
#        D:\MKS-Robin-Nano-Firmware-v2.x.x\MKS-Robin-Nano-Firmware\User\ui\id_manage.c
#    Command line =  
#        D:\MKS-Robin-Nano-Firmware-v2.x.x\MKS-Robin-Nano-Firmware\User\ui\id_manage.c
#        -D USE_HAL_DRIVER -D STM32F103xE -D STM32F10X_HD -D USE_HAL_LIB -D
#        MKS_ROBIN_NANO -D TFT35 -lC
#        D:\MKS-Robin-Nano-Firmware-v2.x.x\MKS-Robin-Nano-Firmware\EWARM\mksRobinNano/List\
#        -lA
#        D:\MKS-Robin-Nano-Firmware-v2.x.x\MKS-Robin-Nano-Firmware\EWARM\mksRobinNano/List\
#        --diag_suppress Pa050 -o
#        D:\MKS-Robin-Nano-Firmware-v2.x.x\MKS-Robin-Nano-Firmware\EWARM\mksRobinNano/Obj\
#        --debug --endian=little --cpu=Cortex-M3 -e --char_is_signed --fpu=None
#        --dlib_config "C:\Program Files (x86)\IAR Systems\Embedded Workbench
#        7.0\arm\INC\c\DLib_Config_Full.h" -I
#        D:\MKS-Robin-Nano-Firmware-v2.x.x\MKS-Robin-Nano-Firmware\EWARM/../Inc\
#        -I
#        D:\MKS-Robin-Nano-Firmware-v2.x.x\MKS-Robin-Nano-Firmware\EWARM/../Src\
#        -I
#        D:\MKS-Robin-Nano-Firmware-v2.x.x\MKS-Robin-Nano-Firmware\EWARM/../Drivers/STM32F1xx_HAL_Driver/Inc\
#        -I
#        D:\MKS-Robin-Nano-Firmware-v2.x.x\MKS-Robin-Nano-Firmware\EWARM/../Drivers/STM32F1xx_HAL_Driver/Inc/Legacy\
#        -I
#        D:\MKS-Robin-Nano-Firmware-v2.x.x\MKS-Robin-Nano-Firmware\EWARM/../Middlewares/Third_Party/FatFs/src/drivers\
#        -I
#        D:\MKS-Robin-Nano-Firmware-v2.x.x\MKS-Robin-Nano-Firmware\EWARM/../Middlewares/ST/STM32_USB_Host_Library/Core/Inc\
#        -I
#        D:\MKS-Robin-Nano-Firmware-v2.x.x\MKS-Robin-Nano-Firmware\EWARM/../Middlewares/ST/STM32_USB_Host_Library/Class/MSC/Inc\
#        -I
#        D:\MKS-Robin-Nano-Firmware-v2.x.x\MKS-Robin-Nano-Firmware\EWARM/../Drivers/CMSIS/Device/ST/STM32F1xx/Include\
#        -I
#        D:\MKS-Robin-Nano-Firmware-v2.x.x\MKS-Robin-Nano-Firmware\EWARM/../Middlewares/Third_Party/FatFs/src\
#        -I
#        D:\MKS-Robin-Nano-Firmware-v2.x.x\MKS-Robin-Nano-Firmware\EWARM/../Middlewares/Third_Party/Marlin\
#        -I
#        D:\MKS-Robin-Nano-Firmware-v2.x.x\MKS-Robin-Nano-Firmware\EWARM/../Drivers/CMSIS/Include\
#        -I
#        D:\MKS-Robin-Nano-Firmware-v2.x.x\MKS-Robin-Nano-Firmware\EWARM/../Drivers/BSP/variant\
#        -I
#        D:\MKS-Robin-Nano-Firmware-v2.x.x\MKS-Robin-Nano-Firmware\EWARM/../Drivers/BSP/Components/at24cxx\
#        -I
#        D:\MKS-Robin-Nano-Firmware-v2.x.x\MKS-Robin-Nano-Firmware\EWARM/../Drivers/BSP/Components/w25qxx\
#        -I
#        D:\MKS-Robin-Nano-Firmware-v2.x.x\MKS-Robin-Nano-Firmware\EWARM/../Drivers/BSP/Components/lcd\
#        -I
#        D:\MKS-Robin-Nano-Firmware-v2.x.x\MKS-Robin-Nano-Firmware\EWARM/../Drivers/STM32F10x_StdPeriph_Driver/inc\
#        -I
#        D:\MKS-Robin-Nano-Firmware-v2.x.x\MKS-Robin-Nano-Firmware\EWARM/../Drivers/libstmf4/include\
#        -I
#        D:\MKS-Robin-Nano-Firmware-v2.x.x\MKS-Robin-Nano-Firmware\EWARM/../Middlewares/arduino/stm32/cores/arduino\
#        -I
#        D:\MKS-Robin-Nano-Firmware-v2.x.x\MKS-Robin-Nano-Firmware\EWARM/../User/ui\
#        -I
#        D:\MKS-Robin-Nano-Firmware-v2.x.x\MKS-Robin-Nano-Firmware\EWARM/../User/ui/Multi_language\
#        -I
#        D:\MKS-Robin-Nano-Firmware-v2.x.x\MKS-Robin-Nano-Firmware\EWARM/../User/ui/QRENCODE\
#        -I
#        D:\MKS-Robin-Nano-Firmware-v2.x.x\MKS-Robin-Nano-Firmware\EWARM\..\Middlewares\GUI\
#        -Oh --use_c++_inline -I "C:\Program Files (x86)\IAR Systems\Embedded
#        Workbench 7.0\arm\CMSIS\Include\"
#    List file    =  
#        D:\MKS-Robin-Nano-Firmware-v2.x.x\MKS-Robin-Nano-Firmware\EWARM\mksRobinNano/List\id_manage.lst
#    Object file  =  
#        D:\MKS-Robin-Nano-Firmware-v2.x.x\MKS-Robin-Nano-Firmware\EWARM\mksRobinNano/Obj\id_manage.o
#
###############################################################################

D:\MKS-Robin-Nano-Firmware-v2.x.x\MKS-Robin-Nano-Firmware\User\ui\id_manage.c
      1          #include "stdint.h"
      2          #include "gui.h"
      3          #include "id_manage.h"
      4          
      5          #define ID_USED 	1
      6          #define ID_NOT_USED	0
      7          
      8          static int32_t nextId = GUI_ID_USER;
      9          

   \                                 In section .bss, align 4
     10          static ID_STACK gId_stack[100];
   \                     gId_stack:
   \   00000000                      DS8 800
     11          

   \                                 In section .text, align 2, keep-with-next
     12          void init_win_id()
     13          {
     14          	uint32_t i; 
     15          	for(i = 0; i < sizeof(gId_stack) / sizeof(ID_STACK); i++)
   \                     init_win_id: (+1)
   \   00000000   0x2000             MOVS     R0,#+0
   \   00000002   0x....             LDR.N    R1,??DataTable2
     16          	{
     17          		gId_stack[i].flag = ID_NOT_USED;
   \                     ??init_win_id_0: (+1)
   \   00000004   0x2200             MOVS     R2,#+0
   \   00000006   0x710A             STRB     R2,[R1, #+4]
     18          		gId_stack[i].id = GUI_ID_USER + i;
   \   00000008   0xF500 0x6200      ADD      R2,R0,#+2048
   \   0000000C   0x600A             STR      R2,[R1, #+0]
   \   0000000E   0x1C40             ADDS     R0,R0,#+1
   \   00000010   0x2200             MOVS     R2,#+0
   \   00000012   0x730A             STRB     R2,[R1, #+12]
   \   00000014   0xF500 0x6200      ADD      R2,R0,#+2048
   \   00000018   0x608A             STR      R2,[R1, #+8]
   \   0000001A   0x1C40             ADDS     R0,R0,#+1
   \   0000001C   0x2200             MOVS     R2,#+0
   \   0000001E   0x750A             STRB     R2,[R1, #+20]
   \   00000020   0xF500 0x6200      ADD      R2,R0,#+2048
   \   00000024   0x610A             STR      R2,[R1, #+16]
   \   00000026   0x1C40             ADDS     R0,R0,#+1
   \   00000028   0x2200             MOVS     R2,#+0
   \   0000002A   0x770A             STRB     R2,[R1, #+28]
   \   0000002C   0xF500 0x6200      ADD      R2,R0,#+2048
   \   00000030   0x618A             STR      R2,[R1, #+24]
     19          	}
   \   00000032   0x1C40             ADDS     R0,R0,#+1
   \   00000034   0x3120             ADDS     R1,R1,#+32
   \   00000036   0x2864             CMP      R0,#+100
   \   00000038   0xD3E4             BCC.N    ??init_win_id_0
     20          	//HAL_Delay(50);
     21          }
   \   0000003A   0x4770             BX       LR               ;; return
     22          

   \                                 In section .text, align 2, keep-with-next
     23          uint32_t alloc_win_id()
     24          {
     25          	int32_t curId = nextId;
     26          	uint32_t i; 
     27          	
     28          	for(i = 0; i < sizeof(gId_stack) / sizeof(ID_STACK); i++)
   \                     alloc_win_id: (+1)
   \   00000000   0x....             LDR.N    R1,??DataTable2
   \   00000002   0x2000             MOVS     R0,#+0
   \   00000004   0x1D0A             ADDS     R2,R1,#+4
     29          	{
     30          		if(gId_stack[i].flag == ID_NOT_USED)
   \                     ??alloc_win_id_0: (+1)
   \   00000006   0xF812 0x3B08      LDRB     R3,[R2], #+8
   \   0000000A   0xB913             CBNZ.N   R3,??alloc_win_id_1
     31          		{
     32          			gId_stack[i].flag == ID_USED;
                 			^
Warning[Pe174]: expression has no effect

  	int32_t curId = nextId;
  	        ^
"D:\MKS-Robin-Nano-Firmware-v2.x.x\MKS-Robin-Nano-Firmware\User\ui\id_manage.c",25  Warning[Pe177]: 
          variable "curId" was declared but never referenced
     33          			return gId_stack[i].id;
   \                     ??alloc_win_id_2: (+1)
   \   0000000C   0xF851 0x0030      LDR      R0,[R1, R0, LSL #+3]
   \   00000010   0x4770             BX       LR
     34          		}
   \                     ??alloc_win_id_1: (+1)
   \   00000012   0xF812 0x3B08      LDRB     R3,[R2], #+8
   \   00000016   0x1C40             ADDS     R0,R0,#+1
   \   00000018   0x2B00             CMP      R3,#+0
   \   0000001A   0xBF1E             ITTT     NE 
   \   0000001C   0x1C40             ADDNE    R0,R0,#+1
   \   0000001E   0xF812 0x3B08      LDRBNE   R3,[R2], #+8
   \   00000022   0x2B00             CMPNE    R3,#+0
   \   00000024   0xBF1E             ITTT     NE 
   \   00000026   0x1C40             ADDNE    R0,R0,#+1
   \   00000028   0xF812 0x3B08      LDRBNE   R3,[R2], #+8
   \   0000002C   0x2B00             CMPNE    R3,#+0
   \   0000002E   0xD0ED             BEQ.N    ??alloc_win_id_2
     35          	}
   \   00000030   0x1C40             ADDS     R0,R0,#+1
   \   00000032   0x2864             CMP      R0,#+100
   \   00000034   0xD3E7             BCC.N    ??alloc_win_id_0
     36          	return 0;
   \   00000036   0x2000             MOVS     R0,#+0
   \   00000038   0x4770             BX       LR               ;; return
     37          }
     38          

   \                                 In section .text, align 2, keep-with-next
     39          void del_win_id(int32_t id)
     40          {
     41          	uint32_t i; 
     42          	
     43          	for(i = 0; i < sizeof(gId_stack) / sizeof(ID_STACK); i++)
   \                     del_win_id: (+1)
   \   00000000   0x2100             MOVS     R1,#+0
   \   00000002   0x....             LDR.N    R2,??DataTable2
     44          	{
     45          		if(gId_stack[i].id == id)
   \                     ??del_win_id_0: (+1)
   \   00000004   0x6813             LDR      R3,[R2, #+0]
   \   00000006   0x4283             CMP      R3,R0
   \   00000008   0xBF04             ITT      EQ 
     46          		{
     47          			gId_stack[i].flag = ID_NOT_USED;
   \   0000000A   0x2300             MOVEQ    R3,#+0
   \   0000000C   0x7113             STRBEQ   R3,[R2, #+4]
   \   0000000E   0x6893             LDR      R3,[R2, #+8]
   \   00000010   0x1C49             ADDS     R1,R1,#+1
   \   00000012   0x4283             CMP      R3,R0
   \   00000014   0xBF04             ITT      EQ 
   \   00000016   0x2300             MOVEQ    R3,#+0
   \   00000018   0x7313             STRBEQ   R3,[R2, #+12]
   \   0000001A   0x6913             LDR      R3,[R2, #+16]
   \   0000001C   0x1C49             ADDS     R1,R1,#+1
   \   0000001E   0x4283             CMP      R3,R0
   \   00000020   0xBF04             ITT      EQ 
   \   00000022   0x2300             MOVEQ    R3,#+0
   \   00000024   0x7513             STRBEQ   R3,[R2, #+20]
   \   00000026   0x6993             LDR      R3,[R2, #+24]
   \   00000028   0x1C49             ADDS     R1,R1,#+1
   \   0000002A   0x4283             CMP      R3,R0
   \   0000002C   0xBF04             ITT      EQ 
   \   0000002E   0x2300             MOVEQ    R3,#+0
   \   00000030   0x7713             STRBEQ   R3,[R2, #+28]
     48          		}
     49          	}
   \   00000032   0x1C49             ADDS     R1,R1,#+1
   \   00000034   0x3220             ADDS     R2,R2,#+32
   \   00000036   0x2964             CMP      R1,#+100
   \   00000038   0xD3E4             BCC.N    ??del_win_id_0
     50          }
   \   0000003A   0x4770             BX       LR               ;; return

   \                                 In section .text, align 4, keep-with-next
   \                     ??DataTable2:
   \   00000000   0x........         DC32     gId_stack
     51          
     52          

   Maximum stack usage in bytes:

   .cstack Function
   ------- --------
       0   alloc_win_id
       0   del_win_id
       0   init_win_id


   Section sizes:

   Bytes  Function/Label
   -----  --------------
       4  ??DataTable2
      58  alloc_win_id
      60  del_win_id
     800  gId_stack
      60  init_win_id

 
 800 bytes in section .bss
 182 bytes in section .text
 
 182 bytes of CODE memory
 800 bytes of DATA memory

Errors: none
Warnings: 2
