###############################################################################
#
# IAR ANSI C/C++ Compiler V7.10.1.6676/W32 for ARM        13/Apr/2020  09:25:03
# Copyright 1999-2014 IAR Systems AB.
#
#    Cpu mode     =  thumb
#    Endian       =  little
#    Source file  =  
#        D:\MKS-Robin-Nano-Firmware-v2.x.x\MKS-Robin-Nano-Firmware\Middlewares\Third_Party\Marlin\mesh_bed_leveling.cpp
#    Command line =  
#        D:\MKS-Robin-Nano-Firmware-v2.x.x\MKS-Robin-Nano-Firmware\Middlewares\Third_Party\Marlin\mesh_bed_leveling.cpp
#        -D USE_HAL_DRIVER -D STM32F103xE -D STM32F10X_HD -D USE_HAL_LIB -D
#        MKS_ROBIN_NANO -D TFT35 -lC
#        D:\MKS-Robin-Nano-Firmware-v2.x.x\MKS-Robin-Nano-Firmware\EWARM\mksRobinNano/List\
#        -lA
#        D:\MKS-Robin-Nano-Firmware-v2.x.x\MKS-Robin-Nano-Firmware\EWARM\mksRobinNano/List\
#        --diag_suppress Pa050 -o
#        D:\MKS-Robin-Nano-Firmware-v2.x.x\MKS-Robin-Nano-Firmware\EWARM\mksRobinNano/Obj\
#        --debug --endian=little --cpu=Cortex-M3 -e --char_is_signed --fpu=None
#        --dlib_config "C:\Program Files (x86)\IAR Systems\Embedded Workbench
#        7.0\arm\INC\c\DLib_Config_Full.h" -I
#        D:\MKS-Robin-Nano-Firmware-v2.x.x\MKS-Robin-Nano-Firmware\EWARM/../Inc\
#        -I
#        D:\MKS-Robin-Nano-Firmware-v2.x.x\MKS-Robin-Nano-Firmware\EWARM/../Src\
#        -I
#        D:\MKS-Robin-Nano-Firmware-v2.x.x\MKS-Robin-Nano-Firmware\EWARM/../Drivers/STM32F1xx_HAL_Driver/Inc\
#        -I
#        D:\MKS-Robin-Nano-Firmware-v2.x.x\MKS-Robin-Nano-Firmware\EWARM/../Drivers/STM32F1xx_HAL_Driver/Inc/Legacy\
#        -I
#        D:\MKS-Robin-Nano-Firmware-v2.x.x\MKS-Robin-Nano-Firmware\EWARM/../Middlewares/Third_Party/FatFs/src/drivers\
#        -I
#        D:\MKS-Robin-Nano-Firmware-v2.x.x\MKS-Robin-Nano-Firmware\EWARM/../Middlewares/ST/STM32_USB_Host_Library/Core/Inc\
#        -I
#        D:\MKS-Robin-Nano-Firmware-v2.x.x\MKS-Robin-Nano-Firmware\EWARM/../Middlewares/ST/STM32_USB_Host_Library/Class/MSC/Inc\
#        -I
#        D:\MKS-Robin-Nano-Firmware-v2.x.x\MKS-Robin-Nano-Firmware\EWARM/../Drivers/CMSIS/Device/ST/STM32F1xx/Include\
#        -I
#        D:\MKS-Robin-Nano-Firmware-v2.x.x\MKS-Robin-Nano-Firmware\EWARM/../Middlewares/Third_Party/FatFs/src\
#        -I
#        D:\MKS-Robin-Nano-Firmware-v2.x.x\MKS-Robin-Nano-Firmware\EWARM/../Middlewares/Third_Party/Marlin\
#        -I
#        D:\MKS-Robin-Nano-Firmware-v2.x.x\MKS-Robin-Nano-Firmware\EWARM/../Drivers/CMSIS/Include\
#        -I
#        D:\MKS-Robin-Nano-Firmware-v2.x.x\MKS-Robin-Nano-Firmware\EWARM/../Drivers/BSP/variant\
#        -I
#        D:\MKS-Robin-Nano-Firmware-v2.x.x\MKS-Robin-Nano-Firmware\EWARM/../Drivers/BSP/Components/at24cxx\
#        -I
#        D:\MKS-Robin-Nano-Firmware-v2.x.x\MKS-Robin-Nano-Firmware\EWARM/../Drivers/BSP/Components/w25qxx\
#        -I
#        D:\MKS-Robin-Nano-Firmware-v2.x.x\MKS-Robin-Nano-Firmware\EWARM/../Drivers/BSP/Components/lcd\
#        -I
#        D:\MKS-Robin-Nano-Firmware-v2.x.x\MKS-Robin-Nano-Firmware\EWARM/../Drivers/STM32F10x_StdPeriph_Driver/inc\
#        -I
#        D:\MKS-Robin-Nano-Firmware-v2.x.x\MKS-Robin-Nano-Firmware\EWARM/../Drivers/libstmf4/include\
#        -I
#        D:\MKS-Robin-Nano-Firmware-v2.x.x\MKS-Robin-Nano-Firmware\EWARM/../Middlewares/arduino/stm32/cores/arduino\
#        -I
#        D:\MKS-Robin-Nano-Firmware-v2.x.x\MKS-Robin-Nano-Firmware\EWARM/../User/ui\
#        -I
#        D:\MKS-Robin-Nano-Firmware-v2.x.x\MKS-Robin-Nano-Firmware\EWARM/../User/ui/Multi_language\
#        -I
#        D:\MKS-Robin-Nano-Firmware-v2.x.x\MKS-Robin-Nano-Firmware\EWARM/../User/ui/QRENCODE\
#        -I
#        D:\MKS-Robin-Nano-Firmware-v2.x.x\MKS-Robin-Nano-Firmware\EWARM\..\Middlewares\GUI\
#        -Oh --eec++ -I "C:\Program Files (x86)\IAR Systems\Embedded Workbench
#        7.0\arm\CMSIS\Include\"
#    List file    =  
#        D:\MKS-Robin-Nano-Firmware-v2.x.x\MKS-Robin-Nano-Firmware\EWARM\mksRobinNano/List\mesh_bed_leveling.lst
#    Object file  =  
#        D:\MKS-Robin-Nano-Firmware-v2.x.x\MKS-Robin-Nano-Firmware\EWARM\mksRobinNano/Obj\mesh_bed_leveling.o
#
###############################################################################

D:\MKS-Robin-Nano-Firmware-v2.x.x\MKS-Robin-Nano-Firmware\Middlewares\Third_Party\Marlin\mesh_bed_leveling.cpp
      1          /**
      2           * Marlin 3D Printer Firmware
      3           * Copyright (C) 2016 MarlinFirmware [https://github.com/MarlinFirmware/Marlin]
      4           *
      5           * Based on Sprinter and grbl.
      6           * Copyright (C) 2011 Camiel Gubbels / Erik van der Zalm
      7           *
      8           * This program is free software: you can redistribute it and/or modify
      9           * it under the terms of the GNU General Public License as published by
     10           * the Free Software Foundation, either version 3 of the License, or
     11           * (at your option) any later version.
     12           *
     13           * This program is distributed in the hope that it will be useful,
     14           * but WITHOUT ANY WARRANTY; without even the implied warranty of
     15           * MERCHANTABILITY or FITNESS FOR A PARTICULAR PURPOSE.  See the
     16           * GNU General Public License for more details.
     17           *
     18           * You should have received a copy of the GNU General Public License
     19           * along with this program.  If not, see <http://www.gnu.org/licenses/>.
     20           *
     21           */
     22          
     23          #include "mesh_bed_leveling.h"

  #define UNUSED(x) ((void)(x))
          ^
"D:\MKS-Robin-Nano-Firmware-v2.x.x\MKS-Robin-Nano-Firmware\Drivers\STM32F1xx_HAL_Driver\Inc\stm32f1xx_hal_def.h",87  Warning[Pe047]: 
          incompatible redefinition of macro "UNUSED" (declared at line 101 of
          "D:\MKS-Robin-Nano-Firmware-v2.x.x\MKS-Robin-Nano-Firmware\Middleware
          s\Third_Party\Marlin\macros.h")

  		volatile volatile float desireBedTempBak;
  		         ^
"D:\MKS-Robin-Nano-Firmware-v2.x.x\MKS-Robin-Nano-Firmware\Inc\mks_cfg.h",626  Warning[Pe083]: 
          type qualifier specified more than once

  #define DISABLE_INACTIVE_X true
          ^
"D:\MKS-Robin-Nano-Firmware-v2.x.x\MKS-Robin-Nano-Firmware\Middlewares\Third_Party\Marlin\Configuration_adv.h",391  Warning[Pe047]: 
          incompatible redefinition of macro "DISABLE_INACTIVE_X" (declared at
          line 287 of
          "D:\MKS-Robin-Nano-Firmware-v2.x.x\MKS-Robin-Nano-Firmware\Middleware
          s\Third_Party\Marlin\conditionals_post.h")

  #define DISABLE_INACTIVE_Y true
          ^
"D:\MKS-Robin-Nano-Firmware-v2.x.x\MKS-Robin-Nano-Firmware\Middlewares\Third_Party\Marlin\Configuration_adv.h",392  Warning[Pe047]: 
          incompatible redefinition of macro "DISABLE_INACTIVE_Y" (declared at
          line 290 of
          "D:\MKS-Robin-Nano-Firmware-v2.x.x\MKS-Robin-Nano-Firmware\Middleware
          s\Third_Party\Marlin\conditionals_post.h")

  #define DISABLE_INACTIVE_Z true  // set to false if the nozzle will fall down on your printed part when print has finished.
          ^
"D:\MKS-Robin-Nano-Firmware-v2.x.x\MKS-Robin-Nano-Firmware\Middlewares\Third_Party\Marlin\Configuration_adv.h",393  Warning[Pe047]: 
          incompatible redefinition of macro "DISABLE_INACTIVE_Z" (declared at
          line 293 of
          "D:\MKS-Robin-Nano-Firmware-v2.x.x\MKS-Robin-Nano-Firmware\Middleware
          s\Third_Party\Marlin\conditionals_post.h")

  #define DISABLE_INACTIVE_E true
          ^
"D:\MKS-Robin-Nano-Firmware-v2.x.x\MKS-Robin-Nano-Firmware\Middlewares\Third_Party\Marlin\Configuration_adv.h",394  Warning[Pe047]: 
          incompatible redefinition of macro "DISABLE_INACTIVE_E" (declared at
          line 296 of
          "D:\MKS-Robin-Nano-Firmware-v2.x.x\MKS-Robin-Nano-Firmware\Middleware
          s\Third_Party\Marlin\conditionals_post.h")

  #define strcpy_P(dest, src) strcpy((dest), (src))
          ^
"D:\MKS-Robin-Nano-Firmware-v2.x.x\MKS-Robin-Nano-Firmware\Middlewares\arduino\stm32\cores\arduino\avr\pgmspace.h",23  Warning[Pe047]: 
          incompatible redefinition of macro "strcpy_P" (declared at line 93
          of
          "D:\MKS-Robin-Nano-Firmware-v2.x.x\MKS-Robin-Nano-Firmware\Middleware
          s\Third_Party\Marlin\Marlin_export.h")

  #define strstr_P(a, b) strstr((a), (b))
          ^
"D:\MKS-Robin-Nano-Firmware-v2.x.x\MKS-Robin-Nano-Firmware\Middlewares\arduino\stm32\cores\arduino\avr\pgmspace.h",26  Warning[Pe047]: 
          incompatible redefinition of macro "strstr_P" (declared at line 94
          of
          "D:\MKS-Robin-Nano-Firmware-v2.x.x\MKS-Robin-Nano-Firmware\Middleware
          s\Third_Party\Marlin\Marlin_export.h")

  #define sprintf_P(s, f, ...) sprintf((s), (f), __VA_ARGS__)
          ^
"D:\MKS-Robin-Nano-Firmware-v2.x.x\MKS-Robin-Nano-Firmware\Middlewares\arduino\stm32\cores\arduino\avr\pgmspace.h",28  Warning[Pe047]: 
          incompatible redefinition of macro "sprintf_P" (declared at line 95
          of
          "D:\MKS-Robin-Nano-Firmware-v2.x.x\MKS-Robin-Nano-Firmware\Middleware
          s\Third_Party\Marlin\Marlin_export.h")

  #define pgm_read_word_near(addr) pgm_read_word(addr)
          ^
"D:\MKS-Robin-Nano-Firmware-v2.x.x\MKS-Robin-Nano-Firmware\Middlewares\arduino\stm32\cores\arduino\avr\pgmspace.h",38  Warning[Pe047]: 
          incompatible redefinition of macro "pgm_read_word_near" (declared at
          line 65 of
          "D:\MKS-Robin-Nano-Firmware-v2.x.x\MKS-Robin-Nano-Firmware\Middleware
          s\Third_Party\Marlin\Marlin_export.h")

    }
    ^
"D:\MKS-Robin-Nano-Firmware-v2.x.x\MKS-Robin-Nano-Firmware\Middlewares\Third_Party\Marlin\Marlin.h",537  Warning[Pe940]: 
          missing return statement at end of non-void function
          "position_is_reachable_IS_KINEMATIC"

  				cx= (x - (MESH_MIN_X_IS_KINEMATIC)) * (1.0 / (MESH_X_DIST_IS_KINEMATIC));
  				  ^
"D:\MKS-Robin-Nano-Firmware-v2.x.x\MKS-Robin-Nano-Firmware\Middlewares\Third_Party\Marlin\mesh_bed_leveling.h",83  Warning[Pa093]: 
          implicit conversion from floating point to integer

  				cx= (x - (MESH_MIN_X_IS_Cartesian)) * (1.0 / (MESH_X_DIST_IS_Cartesian));
  				  ^
"D:\MKS-Robin-Nano-Firmware-v2.x.x\MKS-Robin-Nano-Firmware\Middlewares\Third_Party\Marlin\mesh_bed_leveling.h",87  Warning[Pa093]: 
          implicit conversion from floating point to integer

  				cy= (y - (MESH_MIN_Y_IS_KINEMATIC)) * (1.0 / (MESH_Y_DIST_IS_KINEMATIC));
  				  ^
"D:\MKS-Robin-Nano-Firmware-v2.x.x\MKS-Robin-Nano-Firmware\Middlewares\Third_Party\Marlin\mesh_bed_leveling.h",95  Warning[Pa093]: 
          implicit conversion from floating point to integer

  				cy= (y - (MESH_MIN_Y_IS_Cartesian)) * (1.0 / (MESH_Y_DIST_IS_Cartesian));
  				  ^
"D:\MKS-Robin-Nano-Firmware-v2.x.x\MKS-Robin-Nano-Firmware\Middlewares\Third_Party\Marlin\mesh_bed_leveling.h",97  Warning[Pa093]: 
          implicit conversion from floating point to integer

  				px = (x - (MESH_MIN_X_IS_KINEMATIC) + 0.5 * (MESH_X_DIST_IS_KINEMATIC)) * (1.0 / (MESH_X_DIST_IS_KINEMATIC));
  				   ^
"D:\MKS-Robin-Nano-Firmware-v2.x.x\MKS-Robin-Nano-Firmware\Middlewares\Third_Party\Marlin\mesh_bed_leveling.h",105  Warning[Pa093]: 
          implicit conversion from floating point to integer

  				px = (x - (MESH_MIN_X_IS_Cartesian) + 0.5 * (MESH_X_DIST_IS_Cartesian)) * (1.0 / (MESH_X_DIST_IS_Cartesian));
  				   ^
"D:\MKS-Robin-Nano-Firmware-v2.x.x\MKS-Robin-Nano-Firmware\Middlewares\Third_Party\Marlin\mesh_bed_leveling.h",107  Warning[Pa093]: 
          implicit conversion from floating point to integer

        	py = (y - (MESH_MIN_Y_IS_KINEMATIC) + 0.5 * (MESH_Y_DIST_IS_KINEMATIC)) * (1.0 / (MESH_Y_DIST_IS_KINEMATIC));
        	   ^
"D:\MKS-Robin-Nano-Firmware-v2.x.x\MKS-Robin-Nano-Firmware\Middlewares\Third_Party\Marlin\mesh_bed_leveling.h",115  Warning[Pa093]: 
          implicit conversion from floating point to integer

  				py = (y - (MESH_MIN_Y_IS_Cartesian) + 0.5 * (MESH_Y_DIST_IS_Cartesian)) * (1.0 / (MESH_Y_DIST_IS_Cartesian));
  				   ^
"D:\MKS-Robin-Nano-Firmware-v2.x.x\MKS-Robin-Nano-Firmware\Middlewares\Third_Party\Marlin\mesh_bed_leveling.h",117  Warning[Pa093]: 
          implicit conversion from floating point to integer
     24          
     25          #if 1//ENABLED(MESH_BED_LEVELING)
     26          

   \                                 In section .bss, align 4
     27            mesh_bed_leveling mbl;
   \                     mbl:
   \   00000000                      DS8 4
     28          

   \                                 In section .bss, align 4
     29            bool mesh_bed_leveling::has_mesh;
   \                     _ZN17mesh_bed_leveling8has_meshE:
   \   00000000                      DS8 1
   \   00000001                      DS8 3
     30          
     31            float mesh_bed_leveling::z_offset,
   \                     _ZN17mesh_bed_leveling8z_offsetE:
   \   00000004                      DS8 4
     32            	#if 0
     33                  mesh_bed_leveling::z_values[GRID_MAX_POINTS_X][GRID_MAX_POINTS_Y],
     34                  mesh_bed_leveling::index_to_xpos[GRID_MAX_POINTS_X],
     35                  mesh_bed_leveling::index_to_ypos[GRID_MAX_POINTS_Y];
     36          	#else
     37          		mesh_bed_leveling::z_values[GRID_MAX_POINTS_X_MAX][GRID_MAX_POINTS_Y_MAX],
     38          		mesh_bed_leveling::index_to_xpos[GRID_MAX_POINTS_X_MAX],
   \                     _ZN17mesh_bed_leveling13index_to_xposE:
   \   00000008                      DS8 48
     39          		mesh_bed_leveling::index_to_ypos[GRID_MAX_POINTS_Y_MAX];
   \                     _ZN17mesh_bed_leveling13index_to_yposE:
   \   00000038                      DS8 48
   \                     _ZN17mesh_bed_leveling8z_valuesE:
   \   00000068                      DS8 576
     40          	#endif
     41          

   \                                 In section .text, align 2, keep-with-next
     42            mesh_bed_leveling::mesh_bed_leveling() {
   \                     _ZN17mesh_bed_levelingC1Ev: (+1)
   \   00000000   0xE92D 0x4FF1      PUSH     {R0,R4-R11,LR}
   \   00000004   0xB082             SUB      SP,SP,#+8
     43            if(MACHINETPYE&IS_KINEMATIC)
   \   00000006   0x.... 0x....      LDR.W    R8,??DataTable2_1
   \   0000000A   0xF898 0x4060      LDRB     R4,[R8, #+96]
   \   0000000E   0xF108 0x0008      ADD      R0,R8,#+8
   \   00000012   0x9000             STR      R0,[SP, #+0]
   \   00000014   0xF240 0x3102      MOVW     R1,#+770
   \   00000018   0xF8B0 0x0050      LDRH     R0,[R0, #+80]
   \   0000001C   0x4208             TST      R0,R1
   \   0000001E   0xD061             BEQ.N    ??mesh_bed_leveling_0
     44              {
     45                  for (uint8_t i = 0; i < GRID_MAX_POINTS_X; ++i)
   \   00000020   0x2600             MOVS     R6,#+0
   \   00000022   0xB35C             CBZ.N    R4,??mesh_bed_leveling_1
   \   00000024   0x.... 0x....      LDR.W    R7,??DataTable2_2
   \   00000028   0x.... 0x....      LDR.W    R5,??DataTable2_3
     46                    index_to_xpos[i] = MESH_MIN_X_IS_KINEMATIC+ i * (MESH_X_DIST_IS_KINEMATIC);
   \                     ??mesh_bed_leveling_2: (+1)
   \   0000002C   0xF898 0x0098      LDRB     R0,[R8, #+152]
   \   00000030   0x.... 0x....      BL       __aeabi_ui2f
   \   00000034   0x4682             MOV      R10,R0
   \   00000036   0x6828             LDR      R0,[R5, #+0]
   \   00000038   0x4651             MOV      R1,R10
   \   0000003A   0x.... 0x....      BL       __aeabi_fadd
   \   0000003E   0x4681             MOV      R9,R0
   \   00000040   0xB2F0             UXTB     R0,R6
   \   00000042   0x.... 0x....      BL       __aeabi_ui2f
   \   00000046   0x4683             MOV      R11,R0
   \   00000048   0x6868             LDR      R0,[R5, #+4]
   \   0000004A   0x4651             MOV      R1,R10
   \   0000004C   0x.... 0x....      BL       __aeabi_fsub
   \   00000050   0x4649             MOV      R1,R9
   \   00000052   0x.... 0x....      BL       __aeabi_fsub
   \   00000056   0x4682             MOV      R10,R0
   \   00000058   0x1E60             SUBS     R0,R4,#+1
   \   0000005A   0x.... 0x....      BL       __aeabi_i2f
   \   0000005E   0x4601             MOV      R1,R0
   \   00000060   0x4650             MOV      R0,R10
   \   00000062   0x.... 0x....      BL       __aeabi_fdiv
   \   00000066   0x4659             MOV      R1,R11
   \   00000068   0x.... 0x....      BL       __aeabi_fmul
   \   0000006C   0x4649             MOV      R1,R9
   \   0000006E   0x.... 0x....      BL       __aeabi_fadd
   \   00000072   0x1C76             ADDS     R6,R6,#+1
   \   00000074   0xF847 0x0B04      STR      R0,[R7], #+4
   \   00000078   0x42A6             CMP      R6,R4
   \   0000007A   0xDBD7             BLT.N    ??mesh_bed_leveling_2
     47                  for (uint8_t i = 0; i < GRID_MAX_POINTS_Y; ++i)
   \                     ??mesh_bed_leveling_1: (+1)
   \   0000007C   0xF108 0x0060      ADD      R0,R8,#+96
   \   00000080   0x2600             MOVS     R6,#+0
   \   00000082   0x7844             LDRB     R4,[R0, #+1]
   \   00000084   0x2C00             CMP      R4,#+0
   \   00000086   0xF000 0x80C3      BEQ.W    ??mesh_bed_leveling_3
   \   0000008A   0x.... 0x....      LDR.W    R7,??DataTable2_4
   \   0000008E   0x.... 0x....      LDR.W    R5,??DataTable2_3
     48                    index_to_ypos[i] = MESH_MIN_Y_IS_KINEMATIC+ i * (MESH_Y_DIST_IS_KINEMATIC);
   \                     ??mesh_bed_leveling_4: (+1)
   \   00000092   0xF898 0x0098      LDRB     R0,[R8, #+152]
   \   00000096   0x.... 0x....      BL       __aeabi_ui2f
   \   0000009A   0x4682             MOV      R10,R0
   \   0000009C   0x68A8             LDR      R0,[R5, #+8]
   \   0000009E   0x4651             MOV      R1,R10
   \   000000A0   0x.... 0x....      BL       __aeabi_fadd
   \   000000A4   0x4681             MOV      R9,R0
   \   000000A6   0xB2F0             UXTB     R0,R6
   \   000000A8   0x.... 0x....      BL       __aeabi_ui2f
   \   000000AC   0x4683             MOV      R11,R0
   \   000000AE   0x68E8             LDR      R0,[R5, #+12]
   \   000000B0   0x4651             MOV      R1,R10
   \   000000B2   0x.... 0x....      BL       __aeabi_fsub
   \   000000B6   0x4649             MOV      R1,R9
   \   000000B8   0x.... 0x....      BL       __aeabi_fsub
   \   000000BC   0x4682             MOV      R10,R0
   \   000000BE   0x1E60             SUBS     R0,R4,#+1
   \   000000C0   0x.... 0x....      BL       __aeabi_i2f
   \   000000C4   0x4601             MOV      R1,R0
   \   000000C6   0x4650             MOV      R0,R10
   \   000000C8   0x.... 0x....      BL       __aeabi_fdiv
   \   000000CC   0x4659             MOV      R1,R11
   \   000000CE   0x.... 0x....      BL       __aeabi_fmul
   \   000000D2   0x4649             MOV      R1,R9
   \   000000D4   0x.... 0x....      BL       __aeabi_fadd
   \   000000D8   0x1C76             ADDS     R6,R6,#+1
   \   000000DA   0xF847 0x0B04      STR      R0,[R7], #+4
   \   000000DE   0x42A6             CMP      R6,R4
   \   000000E0   0xDBD7             BLT.N    ??mesh_bed_leveling_4
   \   000000E2   0xE095             B.N      ??mesh_bed_leveling_3
     49              }
     50            else
     51              {
     52                  for (uint8_t i = 0; i < GRID_MAX_POINTS_X; ++i)
   \                     ??mesh_bed_leveling_0: (+1)
   \   000000E4   0x2500             MOVS     R5,#+0
   \   000000E6   0x2C00             CMP      R4,#+0
   \   000000E8   0xD046             BEQ.N    ??mesh_bed_leveling_5
   \   000000EA   0x.... 0x....      LDR.W    R9,??DataTable2_2
     53                    index_to_xpos[i] = MESH_MIN_X_IS_Cartesian+ i * (MESH_X_DIST_IS_Cartesian);
   \                     ??mesh_bed_leveling_6: (+1)
   \   000000EE   0x9800             LDR      R0,[SP, #+0]
   \   000000F0   0x68C7             LDR      R7,[R0, #+12]
   \   000000F2   0xF04F 0x507C      MOV      R0,#+1056964608
   \   000000F6   0x4639             MOV      R1,R7
   \   000000F8   0x.... 0x....      BL       __aeabi_fmul
   \   000000FC   0x4683             MOV      R11,R0
   \   000000FE   0xF898 0x0098      LDRB     R0,[R8, #+152]
   \   00000102   0x.... 0x....      BL       __aeabi_ui2f
   \   00000106   0x4682             MOV      R10,R0
   \   00000108   0x4658             MOV      R0,R11
   \   0000010A   0x4659             MOV      R1,R11
   \   0000010C   0x.... 0x....      BL       __aeabi_fsub
   \   00000110   0x4651             MOV      R1,R10
   \   00000112   0x.... 0x....      BL       __aeabi_fadd
   \   00000116   0x4601             MOV      R1,R0
   \   00000118   0xF8D8 0x0008      LDR      R0,[R8, #+8]
   \   0000011C   0x.... 0x....      BL       __aeabi_cfcmple
   \   00000120   0xBF34             ITE      CC 
   \   00000122   0x460E             MOVCC    R6,R1
   \   00000124   0x4606             MOVCS    R6,R0
   \   00000126   0xF04F 0x4080      MOV      R0,#+1073741824
   \   0000012A   0x4659             MOV      R1,R11
   \   0000012C   0x.... 0x....      BL       __aeabi_fmul
   \   00000130   0x4651             MOV      R1,R10
   \   00000132   0x.... 0x....      BL       __aeabi_fsub
   \   00000136   0x4639             MOV      R1,R7
   \   00000138   0x.... 0x....      BL       __aeabi_cfcmple
   \   0000013C   0xBF34             ITE      CC 
   \   0000013E   0x4682             MOVCC    R10,R0
   \   00000140   0x46BA             MOVCS    R10,R7
   \   00000142   0xB2E8             UXTB     R0,R5
   \   00000144   0x.... 0x....      BL       __aeabi_ui2f
   \   00000148   0x4607             MOV      R7,R0
   \   0000014A   0x4650             MOV      R0,R10
   \   0000014C   0x4631             MOV      R1,R6
   \   0000014E   0x.... 0x....      BL       __aeabi_fsub
   \   00000152   0x4682             MOV      R10,R0
   \   00000154   0x1E60             SUBS     R0,R4,#+1
   \   00000156   0x.... 0x....      BL       __aeabi_i2f
   \   0000015A   0x4601             MOV      R1,R0
   \   0000015C   0x4650             MOV      R0,R10
   \   0000015E   0x.... 0x....      BL       __aeabi_fdiv
   \   00000162   0x4639             MOV      R1,R7
   \   00000164   0x.... 0x....      BL       __aeabi_fmul
   \   00000168   0x4631             MOV      R1,R6
   \   0000016A   0x.... 0x....      BL       __aeabi_fadd
   \   0000016E   0x1C6D             ADDS     R5,R5,#+1
   \   00000170   0xF849 0x0B04      STR      R0,[R9], #+4
   \   00000174   0x42A5             CMP      R5,R4
   \   00000176   0xDBBA             BLT.N    ??mesh_bed_leveling_6
     54                  for (uint8_t i = 0; i < GRID_MAX_POINTS_Y; ++i)
   \                     ??mesh_bed_leveling_5: (+1)
   \   00000178   0xF108 0x0060      ADD      R0,R8,#+96
   \   0000017C   0x2700             MOVS     R7,#+0
   \   0000017E   0x7844             LDRB     R4,[R0, #+1]
   \   00000180   0x2C00             CMP      R4,#+0
   \   00000182   0xD045             BEQ.N    ??mesh_bed_leveling_3
   \   00000184   0x....             LDR.N    R5,??DataTable2_4
     55                    index_to_ypos[i] = MESH_MIN_Y_IS_Cartesian+ i * (MESH_Y_DIST_IS_Cartesian);    
   \                     ??mesh_bed_leveling_7: (+1)
   \   00000186   0x9800             LDR      R0,[SP, #+0]
   \   00000188   0x6906             LDR      R6,[R0, #+16]
   \   0000018A   0xF04F 0x507C      MOV      R0,#+1056964608
   \   0000018E   0x4631             MOV      R1,R6
   \   00000190   0x.... 0x....      BL       __aeabi_fmul
   \   00000194   0x4683             MOV      R11,R0
   \   00000196   0xF898 0x0098      LDRB     R0,[R8, #+152]
   \   0000019A   0x.... 0x....      BL       __aeabi_ui2f
   \   0000019E   0x4682             MOV      R10,R0
   \   000001A0   0x4658             MOV      R0,R11
   \   000001A2   0x4659             MOV      R1,R11
   \   000001A4   0x.... 0x....      BL       __aeabi_fsub
   \   000001A8   0x4651             MOV      R1,R10
   \   000001AA   0x.... 0x....      BL       __aeabi_fadd
   \   000001AE   0x4601             MOV      R1,R0
   \   000001B0   0x9800             LDR      R0,[SP, #+0]
   \   000001B2   0x6840             LDR      R0,[R0, #+4]
   \   000001B4   0x.... 0x....      BL       __aeabi_cfcmple
   \   000001B8   0xBF34             ITE      CC 
   \   000001BA   0x4689             MOVCC    R9,R1
   \   000001BC   0x4681             MOVCS    R9,R0
   \   000001BE   0xF04F 0x4080      MOV      R0,#+1073741824
   \   000001C2   0x4659             MOV      R1,R11
   \   000001C4   0x.... 0x....      BL       __aeabi_fmul
   \   000001C8   0x4651             MOV      R1,R10
   \   000001CA   0x.... 0x....      BL       __aeabi_fsub
   \   000001CE   0x4631             MOV      R1,R6
   \   000001D0   0x.... 0x....      BL       __aeabi_cfcmple
   \   000001D4   0xBF34             ITE      CC 
   \   000001D6   0x4682             MOVCC    R10,R0
   \   000001D8   0x46B2             MOVCS    R10,R6
   \   000001DA   0xB2F8             UXTB     R0,R7
   \   000001DC   0x.... 0x....      BL       __aeabi_ui2f
   \   000001E0   0x4606             MOV      R6,R0
   \   000001E2   0x4650             MOV      R0,R10
   \   000001E4   0x4649             MOV      R1,R9
   \   000001E6   0x.... 0x....      BL       __aeabi_fsub
   \   000001EA   0x4682             MOV      R10,R0
   \   000001EC   0x1E60             SUBS     R0,R4,#+1
   \   000001EE   0x.... 0x....      BL       __aeabi_i2f
   \   000001F2   0x4601             MOV      R1,R0
   \   000001F4   0x4650             MOV      R0,R10
   \   000001F6   0x.... 0x....      BL       __aeabi_fdiv
   \   000001FA   0x4631             MOV      R1,R6
   \   000001FC   0x.... 0x....      BL       __aeabi_fmul
   \   00000200   0x4649             MOV      R1,R9
   \   00000202   0x.... 0x....      BL       __aeabi_fadd
   \   00000206   0x1C7F             ADDS     R7,R7,#+1
   \   00000208   0xF845 0x0B04      STR      R0,[R5], #+4
   \   0000020C   0x42A7             CMP      R7,R4
   \   0000020E   0xDBBA             BLT.N    ??mesh_bed_leveling_7
     56              }
     57              reset();
   \                     ??mesh_bed_leveling_3: (+1)
   \   00000210   0x....             LDR.N    R0,??DataTable2_5
   \   00000212   0x2100             MOVS     R1,#+0
   \   00000214   0x7001             STRB     R1,[R0, #+0]
   \   00000216   0x6041             STR      R1,[R0, #+4]
   \   00000218   0x3068             ADDS     R0,R0,#+104
   \   0000021A   0xF44F 0x7110      MOV      R1,#+576
   \   0000021E   0x.... 0x....      BL       __aeabi_memclr4
     58            }
   \   00000222   0x9802             LDR      R0,[SP, #+8]
   \   00000224   0xB003             ADD      SP,SP,#+12
   \   00000226   0xE8BD 0x8FF0      POP      {R4-R11,PC}      ;; return
     59          

   \                                 In section .text, align 2, keep-with-next
     60            void mesh_bed_leveling::reset() {
     61              has_mesh = false;
   \                     _ZN17mesh_bed_leveling5resetEv: (+1)
   \   00000000   0x....             LDR.N    R0,??DataTable2_5
   \   00000002   0x2100             MOVS     R1,#+0
   \   00000004   0x7001             STRB     R1,[R0, #+0]
     62              z_offset = 0;
   \   00000006   0x6041             STR      R1,[R0, #+4]
     63              ZERO(z_values);
   \   00000008   0x3068             ADDS     R0,R0,#+104
   \   0000000A   0xF44F 0x7110      MOV      R1,#+576
   \   0000000E   0x.... 0x....      B.W      __aeabi_memclr4
     64            }
     65          	/*--mks cfg-- LCD_ MESH_BED_LEVELING */

   \                                 In section .text, align 2, keep-with-next
     66            void mesh_bed_leveling::meshInit() {
   \                     _ZN17mesh_bed_leveling8meshInitEv: (+1)
   \   00000000   0xE92D 0x4FF8      PUSH     {R3-R11,LR}
     67              if(MACHINETPYE&IS_KINEMATIC)
   \   00000004   0x.... 0x....      LDR.W    R8,??DataTable2_1
   \   00000008   0xF898 0x4060      LDRB     R4,[R8, #+96]
   \   0000000C   0xF108 0x0008      ADD      R0,R8,#+8
   \   00000010   0x9000             STR      R0,[SP, #+0]
   \   00000012   0xF240 0x3102      MOVW     R1,#+770
   \   00000016   0xF8B0 0x0050      LDRH     R0,[R0, #+80]
   \   0000001A   0x4208             TST      R0,R1
   \   0000001C   0xD05E             BEQ.N    ??meshInit_0
     68              {
     69          		for (uint8_t i = 0; i < GRID_MAX_POINTS_X; ++i)
   \   0000001E   0x2600             MOVS     R6,#+0
   \   00000020   0xB34C             CBZ.N    R4,??meshInit_1
   \   00000022   0x....             LDR.N    R7,??DataTable2_2
   \   00000024   0x....             LDR.N    R5,??DataTable2_3
     70          		  index_to_xpos[i] = MESH_MIN_X_IS_KINEMATIC+ i * (MESH_X_DIST_IS_KINEMATIC);	  // #define MESH_MIN_X (X_MIN_POS + MESH_INSET)
   \                     ??meshInit_2: (+1)
   \   00000026   0xF898 0x0098      LDRB     R0,[R8, #+152]
   \   0000002A   0x.... 0x....      BL       __aeabi_ui2f
   \   0000002E   0x4682             MOV      R10,R0
   \   00000030   0x6828             LDR      R0,[R5, #+0]
   \   00000032   0x4651             MOV      R1,R10
   \   00000034   0x.... 0x....      BL       __aeabi_fadd
   \   00000038   0x4681             MOV      R9,R0
   \   0000003A   0xB2F0             UXTB     R0,R6
   \   0000003C   0x.... 0x....      BL       __aeabi_ui2f
   \   00000040   0x4683             MOV      R11,R0
   \   00000042   0x6868             LDR      R0,[R5, #+4]
   \   00000044   0x4651             MOV      R1,R10
   \   00000046   0x.... 0x....      BL       __aeabi_fsub
   \   0000004A   0x4649             MOV      R1,R9
   \   0000004C   0x.... 0x....      BL       __aeabi_fsub
   \   00000050   0x4682             MOV      R10,R0
   \   00000052   0x1E60             SUBS     R0,R4,#+1
   \   00000054   0x.... 0x....      BL       __aeabi_i2f
   \   00000058   0x4601             MOV      R1,R0
   \   0000005A   0x4650             MOV      R0,R10
   \   0000005C   0x.... 0x....      BL       __aeabi_fdiv
   \   00000060   0x4659             MOV      R1,R11
   \   00000062   0x.... 0x....      BL       __aeabi_fmul
   \   00000066   0x4649             MOV      R1,R9
   \   00000068   0x.... 0x....      BL       __aeabi_fadd
   \   0000006C   0x1C76             ADDS     R6,R6,#+1
   \   0000006E   0xF847 0x0B04      STR      R0,[R7], #+4
   \   00000072   0x42A6             CMP      R6,R4
   \   00000074   0xDBD7             BLT.N    ??meshInit_2
     71          		for (uint8_t i = 0; i < GRID_MAX_POINTS_Y; ++i)
   \                     ??meshInit_1: (+1)
   \   00000076   0xF108 0x0060      ADD      R0,R8,#+96
   \   0000007A   0x2600             MOVS     R6,#+0
   \   0000007C   0x7844             LDRB     R4,[R0, #+1]
   \   0000007E   0x2C00             CMP      R4,#+0
   \   00000080   0xF000 0x80C2      BEQ.W    ??meshInit_3
   \   00000084   0x....             LDR.N    R7,??DataTable2_4
   \   00000086   0x....             LDR.N    R5,??DataTable2_3
     72          		  index_to_ypos[i] = MESH_MIN_Y_IS_KINEMATIC+ i * (MESH_Y_DIST_IS_KINEMATIC);	  // #define MESH_MIN_Y (Y_MIN_POS + MESH_INSET)
   \                     ??meshInit_4: (+1)
   \   00000088   0xF898 0x0098      LDRB     R0,[R8, #+152]
   \   0000008C   0x.... 0x....      BL       __aeabi_ui2f
   \   00000090   0x4682             MOV      R10,R0
   \   00000092   0x68A8             LDR      R0,[R5, #+8]
   \   00000094   0x4651             MOV      R1,R10
   \   00000096   0x.... 0x....      BL       __aeabi_fadd
   \   0000009A   0x4681             MOV      R9,R0
   \   0000009C   0xB2F0             UXTB     R0,R6
   \   0000009E   0x.... 0x....      BL       __aeabi_ui2f
   \   000000A2   0x4683             MOV      R11,R0
   \   000000A4   0x68E8             LDR      R0,[R5, #+12]
   \   000000A6   0x4651             MOV      R1,R10
   \   000000A8   0x.... 0x....      BL       __aeabi_fsub
   \   000000AC   0x4649             MOV      R1,R9
   \   000000AE   0x.... 0x....      BL       __aeabi_fsub
   \   000000B2   0x4682             MOV      R10,R0
   \   000000B4   0x1E60             SUBS     R0,R4,#+1
   \   000000B6   0x.... 0x....      BL       __aeabi_i2f
   \   000000BA   0x4601             MOV      R1,R0
   \   000000BC   0x4650             MOV      R0,R10
   \   000000BE   0x.... 0x....      BL       __aeabi_fdiv
   \   000000C2   0x4659             MOV      R1,R11
   \   000000C4   0x.... 0x....      BL       __aeabi_fmul
   \   000000C8   0x4649             MOV      R1,R9
   \   000000CA   0x.... 0x....      BL       __aeabi_fadd
   \   000000CE   0x1C76             ADDS     R6,R6,#+1
   \   000000D0   0xF847 0x0B04      STR      R0,[R7], #+4
   \   000000D4   0x42A6             CMP      R6,R4
   \   000000D6   0xDBD7             BLT.N    ??meshInit_4
     73          	}
     74              else
     75              {
     76                for (uint8_t i = 0; i < GRID_MAX_POINTS_X; ++i)
     77                  index_to_xpos[i] = MESH_MIN_X_IS_Cartesian + i * (MESH_X_DIST_IS_Cartesian);      // #define MESH_MIN_X (X_MIN_POS + MESH_INSET)
     78                for (uint8_t i = 0; i < GRID_MAX_POINTS_Y; ++i)
     79                  index_to_ypos[i] = MESH_MIN_Y_IS_Cartesian + i * (MESH_Y_DIST_IS_Cartesian);      // #define MESH_MIN_Y (Y_MIN_POS + MESH_INSET)
     80              
     81              }
     82             }
   \   000000D8   0xE8BD 0x8FF1      POP      {R0,R4-R11,PC}
   \                     ??meshInit_0: (+1)
   \   000000DC   0x2500             MOVS     R5,#+0
   \   000000DE   0x2C00             CMP      R4,#+0
   \   000000E0   0xD046             BEQ.N    ??meshInit_5
   \   000000E2   0x.... 0x....      LDR.W    R9,??DataTable2_2
   \                     ??meshInit_6: (+1)
   \   000000E6   0x9800             LDR      R0,[SP, #+0]
   \   000000E8   0x68C7             LDR      R7,[R0, #+12]
   \   000000EA   0xF04F 0x507C      MOV      R0,#+1056964608
   \   000000EE   0x4639             MOV      R1,R7
   \   000000F0   0x.... 0x....      BL       __aeabi_fmul
   \   000000F4   0x4683             MOV      R11,R0
   \   000000F6   0xF898 0x0098      LDRB     R0,[R8, #+152]
   \   000000FA   0x.... 0x....      BL       __aeabi_ui2f
   \   000000FE   0x4682             MOV      R10,R0
   \   00000100   0x4658             MOV      R0,R11
   \   00000102   0x4659             MOV      R1,R11
   \   00000104   0x.... 0x....      BL       __aeabi_fsub
   \   00000108   0x4651             MOV      R1,R10
   \   0000010A   0x.... 0x....      BL       __aeabi_fadd
   \   0000010E   0x4601             MOV      R1,R0
   \   00000110   0xF8D8 0x0008      LDR      R0,[R8, #+8]
   \   00000114   0x.... 0x....      BL       __aeabi_cfcmple
   \   00000118   0xBF34             ITE      CC 
   \   0000011A   0x460E             MOVCC    R6,R1
   \   0000011C   0x4606             MOVCS    R6,R0
   \   0000011E   0xF04F 0x4080      MOV      R0,#+1073741824
   \   00000122   0x4659             MOV      R1,R11
   \   00000124   0x.... 0x....      BL       __aeabi_fmul
   \   00000128   0x4651             MOV      R1,R10
   \   0000012A   0x.... 0x....      BL       __aeabi_fsub
   \   0000012E   0x4639             MOV      R1,R7
   \   00000130   0x.... 0x....      BL       __aeabi_cfcmple
   \   00000134   0xBF34             ITE      CC 
   \   00000136   0x4682             MOVCC    R10,R0
   \   00000138   0x46BA             MOVCS    R10,R7
   \   0000013A   0xB2E8             UXTB     R0,R5
   \   0000013C   0x.... 0x....      BL       __aeabi_ui2f
   \   00000140   0x4607             MOV      R7,R0
   \   00000142   0x4650             MOV      R0,R10
   \   00000144   0x4631             MOV      R1,R6
   \   00000146   0x.... 0x....      BL       __aeabi_fsub
   \   0000014A   0x4682             MOV      R10,R0
   \   0000014C   0x1E60             SUBS     R0,R4,#+1
   \   0000014E   0x.... 0x....      BL       __aeabi_i2f
   \   00000152   0x4601             MOV      R1,R0
   \   00000154   0x4650             MOV      R0,R10
   \   00000156   0x.... 0x....      BL       __aeabi_fdiv
   \   0000015A   0x4639             MOV      R1,R7
   \   0000015C   0x.... 0x....      BL       __aeabi_fmul
   \   00000160   0x4631             MOV      R1,R6
   \   00000162   0x.... 0x....      BL       __aeabi_fadd
   \   00000166   0x1C6D             ADDS     R5,R5,#+1
   \   00000168   0xF849 0x0B04      STR      R0,[R9], #+4
   \   0000016C   0x42A5             CMP      R5,R4
   \   0000016E   0xDBBA             BLT.N    ??meshInit_6
   \                     ??meshInit_5: (+1)
   \   00000170   0xF108 0x0060      ADD      R0,R8,#+96
   \   00000174   0x2700             MOVS     R7,#+0
   \   00000176   0x7844             LDRB     R4,[R0, #+1]
   \   00000178   0x2C00             CMP      R4,#+0
   \   0000017A   0xD045             BEQ.N    ??meshInit_3
   \   0000017C   0x....             LDR.N    R5,??DataTable2_4
   \                     ??meshInit_7: (+1)
   \   0000017E   0x9800             LDR      R0,[SP, #+0]
   \   00000180   0x6906             LDR      R6,[R0, #+16]
   \   00000182   0xF04F 0x507C      MOV      R0,#+1056964608
   \   00000186   0x4631             MOV      R1,R6
   \   00000188   0x.... 0x....      BL       __aeabi_fmul
   \   0000018C   0x4683             MOV      R11,R0
   \   0000018E   0xF898 0x0098      LDRB     R0,[R8, #+152]
   \   00000192   0x.... 0x....      BL       __aeabi_ui2f
   \   00000196   0x4682             MOV      R10,R0
   \   00000198   0x4658             MOV      R0,R11
   \   0000019A   0x4659             MOV      R1,R11
   \   0000019C   0x.... 0x....      BL       __aeabi_fsub
   \   000001A0   0x4651             MOV      R1,R10
   \   000001A2   0x.... 0x....      BL       __aeabi_fadd
   \   000001A6   0x4601             MOV      R1,R0
   \   000001A8   0x9800             LDR      R0,[SP, #+0]
   \   000001AA   0x6840             LDR      R0,[R0, #+4]
   \   000001AC   0x.... 0x....      BL       __aeabi_cfcmple
   \   000001B0   0xBF34             ITE      CC 
   \   000001B2   0x4689             MOVCC    R9,R1
   \   000001B4   0x4681             MOVCS    R9,R0
   \   000001B6   0xF04F 0x4080      MOV      R0,#+1073741824
   \   000001BA   0x4659             MOV      R1,R11
   \   000001BC   0x.... 0x....      BL       __aeabi_fmul
   \   000001C0   0x4651             MOV      R1,R10
   \   000001C2   0x.... 0x....      BL       __aeabi_fsub
   \   000001C6   0x4631             MOV      R1,R6
   \   000001C8   0x.... 0x....      BL       __aeabi_cfcmple
   \   000001CC   0xBF34             ITE      CC 
   \   000001CE   0x4682             MOVCC    R10,R0
   \   000001D0   0x46B2             MOVCS    R10,R6
   \   000001D2   0xB2F8             UXTB     R0,R7
   \   000001D4   0x.... 0x....      BL       __aeabi_ui2f
   \   000001D8   0x4606             MOV      R6,R0
   \   000001DA   0x4650             MOV      R0,R10
   \   000001DC   0x4649             MOV      R1,R9
   \   000001DE   0x.... 0x....      BL       __aeabi_fsub
   \   000001E2   0x4682             MOV      R10,R0
   \   000001E4   0x1E60             SUBS     R0,R4,#+1
   \   000001E6   0x.... 0x....      BL       __aeabi_i2f
   \   000001EA   0x4601             MOV      R1,R0
   \   000001EC   0x4650             MOV      R0,R10
   \   000001EE   0x.... 0x....      BL       __aeabi_fdiv
   \   000001F2   0x4631             MOV      R1,R6
   \   000001F4   0x.... 0x....      BL       __aeabi_fmul
   \   000001F8   0x4649             MOV      R1,R9
   \   000001FA   0x.... 0x....      BL       __aeabi_fadd
   \   000001FE   0x1C7F             ADDS     R7,R7,#+1
   \   00000200   0xF845 0x0B04      STR      R0,[R5], #+4
   \   00000204   0x42A7             CMP      R7,R4
   \   00000206   0xDBBA             BLT.N    ??meshInit_7
   \                     ??meshInit_3: (+1)
   \   00000208   0xE8BD 0x8FF1      POP      {R0,R4-R11,PC}   ;; return

   \                                 In section .text, align 2, keep-with-next
   \   __code __interwork __softfp mesh_bed_leveling::subobject mesh_bed_leveling()
   \                     _ZN17mesh_bed_levelingC2Ev: (+1)
   \   00000000   0x....             B.N      _ZN17mesh_bed_levelingC1Ev

   \                                 In section .text, align 2, keep-with-next
   \   static __intrinsic __interwork __softfp void __sti__routine()
   \                     __sti__routine: (+1)
   \   00000000   0x.... 0x....      LDR.W    R0,??DataTable2
   \   00000004                      REQUIRE _ZN17mesh_bed_levelingC1Ev
   \   00000004                      ;; // Fall through to label mesh_bed_leveling::mesh_bed_leveling()

   \                                 In section .text, align 4, keep-with-next
   \                     ??DataTable2:
   \   00000000   0x........         DC32     mbl

   \                                 In section .text, align 4, keep-with-next
   \                     ??DataTable2_1:
   \   00000000   0x........         DC32     mksCfg

   \                                 In section .text, align 4, keep-with-next
   \                     ??DataTable2_2:
   \   00000000   0x........         DC32     _ZN17mesh_bed_leveling8has_meshE+0x8

   \                                 In section .text, align 4, keep-with-next
   \                     ??DataTable2_3:
   \   00000000   0x........         DC32     mksTmp

   \                                 In section .text, align 4, keep-with-next
   \                     ??DataTable2_4:
   \   00000000   0x........         DC32     _ZN17mesh_bed_leveling8has_meshE+0x38

   \                                 In section .text, align 4, keep-with-next
   \                     ??DataTable2_5:
   \   00000000   0x........         DC32     _ZN17mesh_bed_leveling8has_meshE
     83          
     84          #endif // MESH_BED_LEVELING

   Maximum stack usage in bytes:

   .cstack Function
   ------- --------
       0   __sti__routine()
         0   -> mesh_bed_leveling::mesh_bed_leveling()
      40   mesh_bed_leveling::meshInit()
        40   -> __aeabi_cfcmple
        40   -> __aeabi_fadd
        40   -> __aeabi_fdiv
        40   -> __aeabi_fmul
        40   -> __aeabi_fsub
        40   -> __aeabi_i2f
        40   -> __aeabi_ui2f
      48   mesh_bed_leveling::mesh_bed_leveling()
        48   -> __aeabi_cfcmple
        48   -> __aeabi_fadd
        48   -> __aeabi_fdiv
        48   -> __aeabi_fmul
        48   -> __aeabi_fsub
        48   -> __aeabi_i2f
        48   -> __aeabi_memclr4
        48   -> __aeabi_ui2f
       0   mesh_bed_leveling::reset()
         0   -> __aeabi_memclr4
       0   mesh_bed_leveling::subobject mesh_bed_leveling()
         0   -> mesh_bed_leveling::mesh_bed_leveling()


   Section sizes:

   Bytes  Function/Label
   -----  --------------
       4  ??DataTable2
       4  ??DataTable2_1
       4  ??DataTable2_2
       4  ??DataTable2_3
       4  ??DataTable2_4
       4  ??DataTable2_5
       4  __sti__routine()
       4  mbl
     680  mesh_bed_leveling::has_mesh
          mesh_bed_leveling::z_offset
          mesh_bed_leveling::index_to_xpos
          mesh_bed_leveling::index_to_ypos
          mesh_bed_leveling::z_values
     524  mesh_bed_leveling::meshInit()
     554  mesh_bed_leveling::mesh_bed_leveling()
      18  mesh_bed_leveling::reset()
       2  mesh_bed_leveling::subobject mesh_bed_leveling()
       5  -- Other

 
   684 bytes in section .bss
     4 bytes in section .init_array
     1 byte  in section .rodata
 1 126 bytes in section .text
 
 1 130 bytes of CODE  memory
     0 bytes of CONST memory (+ 1 byte shared)
   684 bytes of DATA  memory

Errors: none
Warnings: 19
