###############################################################################
#
# IAR ANSI C/C++ Compiler V7.10.1.6676/W32 for ARM        13/Apr/2020  09:25:11
# Copyright 1999-2014 IAR Systems AB.
#
#    Cpu mode     =  thumb
#    Endian       =  little
#    Source file  =  
#        D:\MKS-Robin-Nano-Firmware-v2.x.x\MKS-Robin-Nano-Firmware\Src\pic_manager.cpp
#    Command line =  
#        D:\MKS-Robin-Nano-Firmware-v2.x.x\MKS-Robin-Nano-Firmware\Src\pic_manager.cpp
#        -D USE_HAL_DRIVER -D STM32F103xE -D STM32F10X_HD -D USE_HAL_LIB -D
#        MKS_ROBIN_NANO -D TFT35 -lC
#        D:\MKS-Robin-Nano-Firmware-v2.x.x\MKS-Robin-Nano-Firmware\EWARM\mksRobinNano/List\
#        -lA
#        D:\MKS-Robin-Nano-Firmware-v2.x.x\MKS-Robin-Nano-Firmware\EWARM\mksRobinNano/List\
#        --diag_suppress Pa050 -o
#        D:\MKS-Robin-Nano-Firmware-v2.x.x\MKS-Robin-Nano-Firmware\EWARM\mksRobinNano/Obj\
#        --debug --endian=little --cpu=Cortex-M3 -e --char_is_signed --fpu=None
#        --dlib_config "C:\Program Files (x86)\IAR Systems\Embedded Workbench
#        7.0\arm\INC\c\DLib_Config_Full.h" -I
#        D:\MKS-Robin-Nano-Firmware-v2.x.x\MKS-Robin-Nano-Firmware\EWARM/../Inc\
#        -I
#        D:\MKS-Robin-Nano-Firmware-v2.x.x\MKS-Robin-Nano-Firmware\EWARM/../Src\
#        -I
#        D:\MKS-Robin-Nano-Firmware-v2.x.x\MKS-Robin-Nano-Firmware\EWARM/../Drivers/STM32F1xx_HAL_Driver/Inc\
#        -I
#        D:\MKS-Robin-Nano-Firmware-v2.x.x\MKS-Robin-Nano-Firmware\EWARM/../Drivers/STM32F1xx_HAL_Driver/Inc/Legacy\
#        -I
#        D:\MKS-Robin-Nano-Firmware-v2.x.x\MKS-Robin-Nano-Firmware\EWARM/../Middlewares/Third_Party/FatFs/src/drivers\
#        -I
#        D:\MKS-Robin-Nano-Firmware-v2.x.x\MKS-Robin-Nano-Firmware\EWARM/../Middlewares/ST/STM32_USB_Host_Library/Core/Inc\
#        -I
#        D:\MKS-Robin-Nano-Firmware-v2.x.x\MKS-Robin-Nano-Firmware\EWARM/../Middlewares/ST/STM32_USB_Host_Library/Class/MSC/Inc\
#        -I
#        D:\MKS-Robin-Nano-Firmware-v2.x.x\MKS-Robin-Nano-Firmware\EWARM/../Drivers/CMSIS/Device/ST/STM32F1xx/Include\
#        -I
#        D:\MKS-Robin-Nano-Firmware-v2.x.x\MKS-Robin-Nano-Firmware\EWARM/../Middlewares/Third_Party/FatFs/src\
#        -I
#        D:\MKS-Robin-Nano-Firmware-v2.x.x\MKS-Robin-Nano-Firmware\EWARM/../Middlewares/Third_Party/Marlin\
#        -I
#        D:\MKS-Robin-Nano-Firmware-v2.x.x\MKS-Robin-Nano-Firmware\EWARM/../Drivers/CMSIS/Include\
#        -I
#        D:\MKS-Robin-Nano-Firmware-v2.x.x\MKS-Robin-Nano-Firmware\EWARM/../Drivers/BSP/variant\
#        -I
#        D:\MKS-Robin-Nano-Firmware-v2.x.x\MKS-Robin-Nano-Firmware\EWARM/../Drivers/BSP/Components/at24cxx\
#        -I
#        D:\MKS-Robin-Nano-Firmware-v2.x.x\MKS-Robin-Nano-Firmware\EWARM/../Drivers/BSP/Components/w25qxx\
#        -I
#        D:\MKS-Robin-Nano-Firmware-v2.x.x\MKS-Robin-Nano-Firmware\EWARM/../Drivers/BSP/Components/lcd\
#        -I
#        D:\MKS-Robin-Nano-Firmware-v2.x.x\MKS-Robin-Nano-Firmware\EWARM/../Drivers/STM32F10x_StdPeriph_Driver/inc\
#        -I
#        D:\MKS-Robin-Nano-Firmware-v2.x.x\MKS-Robin-Nano-Firmware\EWARM/../Drivers/libstmf4/include\
#        -I
#        D:\MKS-Robin-Nano-Firmware-v2.x.x\MKS-Robin-Nano-Firmware\EWARM/../Middlewares/arduino/stm32/cores/arduino\
#        -I
#        D:\MKS-Robin-Nano-Firmware-v2.x.x\MKS-Robin-Nano-Firmware\EWARM/../User/ui\
#        -I
#        D:\MKS-Robin-Nano-Firmware-v2.x.x\MKS-Robin-Nano-Firmware\EWARM/../User/ui/Multi_language\
#        -I
#        D:\MKS-Robin-Nano-Firmware-v2.x.x\MKS-Robin-Nano-Firmware\EWARM/../User/ui/QRENCODE\
#        -I
#        D:\MKS-Robin-Nano-Firmware-v2.x.x\MKS-Robin-Nano-Firmware\EWARM\..\Middlewares\GUI\
#        -Oh --eec++ -I "C:\Program Files (x86)\IAR Systems\Embedded Workbench
#        7.0\arm\CMSIS\Include\"
#    List file    =  
#        D:\MKS-Robin-Nano-Firmware-v2.x.x\MKS-Robin-Nano-Firmware\EWARM\mksRobinNano/List\pic_manager.lst
#    Object file  =  
#        D:\MKS-Robin-Nano-Firmware-v2.x.x\MKS-Robin-Nano-Firmware\EWARM\mksRobinNano/Obj\pic_manager.o
#
###############################################################################

D:\MKS-Robin-Nano-Firmware-v2.x.x\MKS-Robin-Nano-Firmware\Src\pic_manager.cpp
      1          #include "type_define.h"
      2          #include "string.h"
      3          #include "pic_manager.h"
      4          #include "gui.h"
      5          #include "spi_flash.h"

  #define IS_SPI_DIRECTION_MODE(MODE) (((MODE) == SPI_Direction_2Lines_FullDuplex) || \
          ^
"D:\MKS-Robin-Nano-Firmware-v2.x.x\MKS-Robin-Nano-Firmware\Drivers\STM32F10x_StdPeriph_Driver\inc\stm32f10x_spi.h",132  Warning[Pe047]: 
          incompatible redefinition of macro "IS_SPI_DIRECTION_MODE" (declared
          at line 466 of
          "D:\MKS-Robin-Nano-Firmware-v2.x.x\MKS-Robin-Nano-Firmware\Drivers\ST
          M32F1xx_HAL_Driver\Inc\stm32f1xx_hal_spi.h")

  #define IS_SPI_MODE(MODE) (((MODE) == SPI_Mode_Master) || \
          ^
"D:\MKS-Robin-Nano-Firmware-v2.x.x\MKS-Robin-Nano-Firmware\Drivers\STM32F10x_StdPeriph_Driver\inc\stm32f10x_spi.h",146  Warning[Pe047]: 
          incompatible redefinition of macro "IS_SPI_MODE" (declared at line
          459 of
          "D:\MKS-Robin-Nano-Firmware-v2.x.x\MKS-Robin-Nano-Firmware\Drivers\ST
          M32F1xx_HAL_Driver\Inc\stm32f1xx_hal_spi.h")

  #define IS_SPI_DATASIZE(DATASIZE) (((DATASIZE) == SPI_DataSize_16b) || \
          ^
"D:\MKS-Robin-Nano-Firmware-v2.x.x\MKS-Robin-Nano-Firmware\Drivers\STM32F10x_StdPeriph_Driver\inc\stm32f10x_spi.h",158  Warning[Pe047]: 
          incompatible redefinition of macro "IS_SPI_DATASIZE" (declared at
          line 488 of
          "D:\MKS-Robin-Nano-Firmware-v2.x.x\MKS-Robin-Nano-Firmware\Drivers\ST
          M32F1xx_HAL_Driver\Inc\stm32f1xx_hal_spi.h")

  #define IS_SPI_CPOL(CPOL) (((CPOL) == SPI_CPOL_Low) || \
          ^
"D:\MKS-Robin-Nano-Firmware-v2.x.x\MKS-Robin-Nano-Firmware\Drivers\STM32F10x_StdPeriph_Driver\inc\stm32f10x_spi.h",170  Warning[Pe047]: 
          incompatible redefinition of macro "IS_SPI_CPOL" (declared at line
          496 of
          "D:\MKS-Robin-Nano-Firmware-v2.x.x\MKS-Robin-Nano-Firmware\Drivers\ST
          M32F1xx_HAL_Driver\Inc\stm32f1xx_hal_spi.h")

  #define IS_SPI_CPHA(CPHA) (((CPHA) == SPI_CPHA_1Edge) || \
          ^
"D:\MKS-Robin-Nano-Firmware-v2.x.x\MKS-Robin-Nano-Firmware\Drivers\STM32F10x_StdPeriph_Driver\inc\stm32f10x_spi.h",182  Warning[Pe047]: 
          incompatible redefinition of macro "IS_SPI_CPHA" (declared at line
          504 of
          "D:\MKS-Robin-Nano-Firmware-v2.x.x\MKS-Robin-Nano-Firmware\Drivers\ST
          M32F1xx_HAL_Driver\Inc\stm32f1xx_hal_spi.h")

  #define IS_SPI_NSS(NSS) (((NSS) == SPI_NSS_Soft) || \
          ^
"D:\MKS-Robin-Nano-Firmware-v2.x.x\MKS-Robin-Nano-Firmware\Drivers\STM32F10x_StdPeriph_Driver\inc\stm32f10x_spi.h",194  Warning[Pe047]: 
          incompatible redefinition of macro "IS_SPI_NSS" (declared at line
          512 of
          "D:\MKS-Robin-Nano-Firmware-v2.x.x\MKS-Robin-Nano-Firmware\Drivers\ST
          M32F1xx_HAL_Driver\Inc\stm32f1xx_hal_spi.h")

  #define IS_SPI_BAUDRATE_PRESCALER(PRESCALER) (((PRESCALER) == SPI_BaudRatePrescaler_2) || \
          ^
"D:\MKS-Robin-Nano-Firmware-v2.x.x\MKS-Robin-Nano-Firmware\Drivers\STM32F10x_StdPeriph_Driver\inc\stm32f10x_spi.h",212  Warning[Pe047]: 
          incompatible redefinition of macro "IS_SPI_BAUDRATE_PRESCALER"
          (declared at line 521 of
          "D:\MKS-Robin-Nano-Firmware-v2.x.x\MKS-Robin-Nano-Firmware\Drivers\ST
          M32F1xx_HAL_Driver\Inc\stm32f1xx_hal_spi.h")

  #define IS_SPI_FIRST_BIT(BIT) (((BIT) == SPI_FirstBit_MSB) || \
          ^
"D:\MKS-Robin-Nano-Firmware-v2.x.x\MKS-Robin-Nano-Firmware\Drivers\STM32F10x_StdPeriph_Driver\inc\stm32f10x_spi.h",230  Warning[Pe047]: 
          incompatible redefinition of macro "IS_SPI_FIRST_BIT" (declared at
          line 535 of
          "D:\MKS-Robin-Nano-Firmware-v2.x.x\MKS-Robin-Nano-Firmware\Drivers\ST
          M32F1xx_HAL_Driver\Inc\stm32f1xx_hal_spi.h")

  #define SPI_FLAG_CRCERR                 ((uint16_t)0x0010)
          ^
"D:\MKS-Robin-Nano-Firmware-v2.x.x\MKS-Robin-Nano-Firmware\Drivers\STM32F10x_StdPeriph_Driver\inc\stm32f10x_spi.h",408  Warning[Pe047]: 
          incompatible redefinition of macro "SPI_FLAG_CRCERR" (declared at
          line 308 of
          "D:\MKS-Robin-Nano-Firmware-v2.x.x\MKS-Robin-Nano-Firmware\Drivers\ST
          M32F1xx_HAL_Driver\Inc\stm32f1xx_hal_spi.h")

  #define SPI_FLAG_MODF                   ((uint16_t)0x0020)
          ^
"D:\MKS-Robin-Nano-Firmware-v2.x.x\MKS-Robin-Nano-Firmware\Drivers\STM32F10x_StdPeriph_Driver\inc\stm32f10x_spi.h",409  Warning[Pe047]: 
          incompatible redefinition of macro "SPI_FLAG_MODF" (declared at line
          309 of
          "D:\MKS-Robin-Nano-Firmware-v2.x.x\MKS-Robin-Nano-Firmware\Drivers\ST
          M32F1xx_HAL_Driver\Inc\stm32f1xx_hal_spi.h")

  #define IS_SPI_CRC_POLYNOMIAL(POLYNOMIAL) ((POLYNOMIAL) >= 0x1)
          ^
"D:\MKS-Robin-Nano-Firmware-v2.x.x\MKS-Robin-Nano-Firmware\Drivers\STM32F10x_StdPeriph_Driver\inc\stm32f10x_spi.h",425  Warning[Pe047]: 
          incompatible redefinition of macro "IS_SPI_CRC_POLYNOMIAL" (declared
          at line 558 of
          "D:\MKS-Robin-Nano-Firmware-v2.x.x\MKS-Robin-Nano-Firmware\Drivers\ST
          M32F1xx_HAL_Driver\Inc\stm32f1xx_hal_spi.h")

  #else defined(MKS_ROBIN_NANO)
        ^
"D:\MKS-Robin-Nano-Firmware-v2.x.x\MKS-Robin-Nano-Firmware\Drivers\BSP\Components\w25qxx\spi_flash.h",40  Warning[Pe014]: 
          extra text after expected end of preprocessing directive
      6          #include "mks_cfg.h"

  #define UNUSED(x) (void) (x)
          ^
"D:\MKS-Robin-Nano-Firmware-v2.x.x\MKS-Robin-Nano-Firmware\Middlewares\Third_Party\Marlin\macros.h",101  Warning[Pe047]: 
          incompatible redefinition of macro "UNUSED" (declared at line 87 of
          "D:\MKS-Robin-Nano-Firmware-v2.x.x\MKS-Robin-Nano-Firmware\Drivers\ST
          M32F1xx_HAL_Driver\Inc\stm32f1xx_hal_def.h")

  		volatile volatile float desireBedTempBak;
  		         ^
"D:\MKS-Robin-Nano-Firmware-v2.x.x\MKS-Robin-Nano-Firmware\Inc\mks_cfg.h",626  Warning[Pe083]: 
          type qualifier specified more than once
      7          #include "draw_ui.h"

    #define FILAMENT_CHANGE_TEXT_EN				"Please click <Load> \nor <unload>,After \npinter pause."
            ^
"D:\MKS-Robin-Nano-Firmware-v2.x.x\MKS-Robin-Nano-Firmware\User\ui\Multi_language\Language_en.h",337  Warning[Pe047]: 
          incompatible redefinition of macro "FILAMENT_CHANGE_TEXT_EN"
          (declared at line 315)

  #define DIALOG_UNBIND_PRINTER_CN            "Ëß£Èô§ÁªëÂÆö?"
          ^
"D:\MKS-Robin-Nano-Firmware-v2.x.x\MKS-Robin-Nano-Firmware\User\ui\Multi_language\Language_s_cn.h",408  Warning[Pe047]: 
          incompatible redefinition of macro "DIALOG_UNBIND_PRINTER_CN"
          (declared at line 403)

    #define FILAMENT_CHANGE_TEXT_T_CN				"ÂæÖÊâìÂç∞Ê©üÊö´ÂÅúÂêé,\nË´ãÊåâ<ÈÄ≤Êñô>Êàñ<ÈÄÄÊñô>"
            ^
"D:\MKS-Robin-Nano-Firmware-v2.x.x\MKS-Robin-Nano-Firmware\User\ui\Multi_language\Language_t_cn.h",318  Warning[Pe047]: 
          incompatible redefinition of macro "FILAMENT_CHANGE_TEXT_T_CN"
          (declared at line 304)

    #define FILAMENT_CHANGE_TEXT_RU				"Please click <Load> \nor <unload>,After \npinter pause."
            ^
"D:\MKS-Robin-Nano-Firmware-v2.x.x\MKS-Robin-Nano-Firmware\User\ui\Multi_language\Language_ru.h",134  Warning[Pe047]: 
          incompatible redefinition of macro "FILAMENT_CHANGE_TEXT_RU"
          (declared at line 114)

  #define DIALOG_UNBIND_PRINTER_RU            "Unbind the printer?"
          ^
"D:\MKS-Robin-Nano-Firmware-v2.x.x\MKS-Robin-Nano-Firmware\User\ui\Multi_language\Language_ru.h",231  Warning[Pe047]: 
          incompatible redefinition of macro "DIALOG_UNBIND_PRINTER_RU"
          (declared at line 226)

    #define FILAMENT_CHANGE_TEXT_FR				"Please click <Load> \nor <unload>,After \npinter pause."
            ^
"D:\MKS-Robin-Nano-Firmware-v2.x.x\MKS-Robin-Nano-Firmware\User\ui\Multi_language\Language_fr.h",134  Warning[Pe047]: 
          incompatible redefinition of macro "FILAMENT_CHANGE_TEXT_FR"
          (declared at line 114)

  #define DIALOG_UNBIND_PRINTER_FR        "Unbind the printer?"
          ^
"D:\MKS-Robin-Nano-Firmware-v2.x.x\MKS-Robin-Nano-Firmware\User\ui\Multi_language\Language_fr.h",234  Warning[Pe047]: 
          incompatible redefinition of macro "DIALOG_UNBIND_PRINTER_FR"
          (declared at line 230)

    #define FILAMENT_CHANGE_TEXT_SP				"Please click <Load> \nor <unload>,After \npinter pause."
            ^
"D:\MKS-Robin-Nano-Firmware-v2.x.x\MKS-Robin-Nano-Firmware\User\ui\Multi_language\Language_sp.h",133  Warning[Pe047]: 
          incompatible redefinition of macro "FILAMENT_CHANGE_TEXT_SP"
          (declared at line 114)

    #define FILAMENT_CHANGE_TEXT_IT				"Please click <Load> \nor <unload>,After \npinter pause."
            ^
"D:\MKS-Robin-Nano-Firmware-v2.x.x\MKS-Robin-Nano-Firmware\User\ui\Multi_language\Language_it.h",134  Warning[Pe047]: 
          incompatible redefinition of macro "FILAMENT_CHANGE_TEXT_IT"
          (declared at line 114)

  #define DIALOG_UNBIND_PRINTER_IT                "Unbind the printer?"
          ^
"D:\MKS-Robin-Nano-Firmware-v2.x.x\MKS-Robin-Nano-Firmware\User\ui\Multi_language\Language_it.h",230  Warning[Pe047]: 
          incompatible redefinition of macro "DIALOG_UNBIND_PRINTER_IT"
          (declared at line 225)

  #define FILAMENT_CHANGE_TEXT_JP				"Please click <Load> \nor <unload>,After \npinter pause."
          ^
"D:\MKS-Robin-Nano-Firmware-v2.x.x\MKS-Robin-Nano-Firmware\User\ui\Multi_language\Multi_language.h",899  Warning[Pe047]: 
          incompatible redefinition of macro "FILAMENT_CHANGE_TEXT_JP"
          (declared at line 892)

  #define FILAMENT_CHANGE_TEXT_GN				"Please click <Load> \nor <unload>,After \npinter pause."
          ^
"D:\MKS-Robin-Nano-Firmware-v2.x.x\MKS-Robin-Nano-Firmware\User\ui\Multi_language\Multi_language.h",1107  Warning[Pe047]: 
          incompatible redefinition of macro "FILAMENT_CHANGE_TEXT_GN"
          (declared at line 1101)

  #define Simple_Dec"ºı…Ÿ"
                    ^
"D:\MKS-Robin-Nano-Firmware-v2.x.x\MKS-Robin-Nano-Firmware\User\ui\draw_ui.h",666  Warning[Pe1649]: 
          white space is required between the macro name "Simple_Dec" and its
          replacement text

  #define Simple_Speed "ÀŸ∂»"
          ^
"D:\MKS-Robin-Nano-Firmware-v2.x.x\MKS-Robin-Nano-Firmware\User\ui\draw_ui.h",721  Warning[Pe047]: 
          incompatible redefinition of macro "Simple_Speed" (declared at line
          718)

  #define Complex_Speed "ÀŸ∂»"
          ^
"D:\MKS-Robin-Nano-Firmware-v2.x.x\MKS-Robin-Nano-Firmware\User\ui\draw_ui.h",722  Warning[Pe047]: 
          incompatible redefinition of macro "Complex_Speed" (declared at line
          719)
      8          extern uint8_t DMA_ERRO_FLAG;
      9          
     10          
     11          /***************************************************************************
     12           ∫Ø ˝√˚£∫PicMsg_Init()
     13           ‰»Î≤Œ ˝£∫Œﬁ
     14           ‰≥ˆ≤Œ ˝£∫Œﬁ
     15          π¶ƒ‹√Ë ˆ£∫ µœ÷∂¡»°¥Ê¥¢‘⁄flash÷–µƒÕº∆¨–≈œ¢£¨Ω¯––≥ı ºªØ∏≥÷µ
     16          ****************************************************************************/
     17          /*
     18          void PicMsg_Init(void)
     19          {
     20          	uint8_t i,j;
     21          	uint32_t tmp_cnt = 0;
     22          	uint8_t Pic_cnt1;
     23          	uint16_t *tmp_16bit_addr;
     24          	uint8_t *tmp_8bit_addr;
     25          	
     26          	W25QXX_Read(&Pic_cnt1,PIC_COUNTER_ADDR,1);
     27          	if(Pic_cnt1 == 0xff)
     28          	{
     29          		Pic_cnt1 = 0;
     30          	}
     31          
     32          	for(i = 0;i < Pic_cnt1;i++)
     33          	{
     34          		//∂¡»°Õº∆¨√˚≥∆
     35          		j = 0;
     36          		do
     37          		{
     38          			W25QXX_Read(&PIC[i].name[j],PIC_NAME_ADDR + tmp_cnt,1);
     39          			tmp_cnt++;
     40          		}while(PIC[i].name[j++] != '\0');
     41          		//∂¡»°Õº∆¨¥Û–°÷µ
     42          		W25QXX_Read(PIC[i].size.bytes,PIC_SIZE_ADDR+i*4,4);
     43          	}
     44          	
     45          }
     46          */
     47          #if 0
     48          void Pic_Read(uint8_t *Pname,uint8_t *P_Rbuff)
     49          {
     50          	uint8_t i, j;
     51          	uint8_t Pic_cnt;
     52          	uint32_t tmp_cnt = 0;
     53          	PIC_MSG PIC;
     54          	uint16_t *tmp_16bit_addr;
     55          	uint8_t *tmp_8bit_addr;
     56            //void SPI_FLASH_BufferRead(u8* pBuffer, u32 ReadAddr, u16 NumByteToRead);
     57          
     58          	SPI_FLASH_BufferRead(&Pic_cnt,PIC_COUNTER_ADDR,1);
     59          	if(Pic_cnt == 0xff)
     60          	{
     61          		Pic_cnt = 0;
     62          	}
     63          	
     64          	for(i=0;i<Pic_cnt;i++)
     65          	{
     66          		//∂¡»°Õº∆¨√˚≥∆
     67          		j = 0;
     68          		do
     69          		{
     70          			SPI_FLASH_BufferRead(&PIC.name[j],PIC_NAME_ADDR + tmp_cnt,1);
     71          			tmp_cnt++;
     72          		}while(PIC.name[j++] != '\0');
     73          		//∂¡»°Õº∆¨¥Û–°÷µ
     74          		SPI_FLASH_BufferRead(PIC.size.bytes,PIC_SIZE_ADDR+i*4,4);
     75          		
     76          		if((strcmp((char*)Pname,(char*)PIC.name))==0)
     77          		{
     78          			SPI_FLASH_BufferRead((uint8_t *)P_Rbuff,PIC_DATA_ADDR+i*PER_PIC_MAX_SPACE,PIC.size.dwords);
     79          			if(DMA_ERRO_FLAG)
     80          			{
     81          				DMA_ERRO_FLAG = 0;
     82          				SPI_FLASH_BufferRead((uint8_t *)P_Rbuff,PIC_DATA_ADDR+i*PER_PIC_MAX_SPACE,PIC.size.dwords);
     83          			}
     84          			break;
     85          		}
     86          	}
     87          }
     88          #else

   \                                 In section .bss, align 4
     89          uint32_t pic_addr_offset;
     90          uint16_t pic_row;
     91          uint8_t little_image_flag=0;
   \                     little_image_flag:
   \   00000000                      DS8 1
   \   00000001                      DS8 1
   \                     pic_row:
   \   00000002                      DS8 2
   \                     pic_addr_offset:
   \   00000004                      DS8 4

   \                                 In section .text, align 2, keep-with-next
     92          void Pic_Read(uint8_t *Pname,uint8_t *P_Rbuff,uint8_t part,uint8_t allcnt)
     93          {
   \                     Pic_Read: (+1)
   \   00000000   0xE92D 0x4FF1      PUSH     {R0,R4-R11,LR}
   \   00000004   0x4690             MOV      R8,R2
     94          	uint8_t i, j;
     95          	uint8_t Pic_cnt;
                 	        ^
Warning[Pe177]: variable "Pic_cnt" was declared but never referenced
     96          	uint32_t tmp_cnt = 0;
   \   00000006   0x2400             MOVS     R4,#+0
   \   00000008   0xB08E             SUB      SP,SP,#+56
   \   0000000A   0x468A             MOV      R10,R1
     97          	PIC_MSG PIC;
     98          	uint16_t *tmp_16bit_addr;
                 	          ^
Warning[Pe177]: variable "tmp_16bit_addr" was declared but never referenced
     99          	uint8_t *tmp_8bit_addr;
                 	         ^
Warning[Pe177]: variable "tmp_8bit_addr" was declared but never referenced
    100              
    101          
    102          /*
    103          	SPI_FLASH_BufferRead(&Pic_cnt,PIC_COUNTER_ADDR,1);
    104          	if(Pic_cnt == 0xff)
    105          	{
    106          		Pic_cnt = 0;
    107          	}
    108          */	
    109              if(part==0)
   \   0000000C   0x....             LDR.N    R6,??DataTable3
   \   0000000E   0xF1B8 0x0F00      CMP      R8,#+0
   \   00000012   0xD130             BNE.N    ??Pic_Read_0
    110              {
    111              	for(i=0;i<gCfgItems.total_pic;i++)
   \   00000014   0x2700             MOVS     R7,#+0
   \   00000016   0x.... 0x....      LDR.W    R9,??DataTable3_1
   \   0000001A   0xE000             B.N      ??Pic_Read_1
   \                     ??Pic_Read_2: (+1)
   \   0000001C   0x1C7F             ADDS     R7,R7,#+1
   \                     ??Pic_Read_1: (+1)
   \   0000001E   0xF899 0x012F      LDRB     R0,[R9, #+303]
   \   00000022   0xB2FF             UXTB     R7,R7
   \   00000024   0x4287             CMP      R7,R0
   \   00000026   0xD226             BCS.N    ??Pic_Read_0
    112              	{
    113              		//∂¡»°Õº∆¨√˚≥∆
    114              		j = 0;
   \   00000028   0x2500             MOVS     R5,#+0
    115              		do
    116              		{
    117              			SPI_FLASH_BufferRead(&PIC.name[j],PIC_NAME_ADDR + tmp_cnt,1);
   \                     ??Pic_Read_3: (+1)
   \   0000002A   0xB2ED             UXTB     R5,R5
   \   0000002C   0x46AB             MOV      R11,R5
   \   0000002E   0xA800             ADD      R0,SP,#+0
   \   00000030   0x2201             MOVS     R2,#+1
   \   00000032   0xF504 0x5140      ADD      R1,R4,#+12288
   \   00000036   0x4458             ADD      R0,R11,R0
   \   00000038   0x.... 0x....      BL       SPI_FLASH_BufferRead
    118              			tmp_cnt++;
    119              		}while(PIC.name[j++] != '\0');
   \   0000003C   0xA800             ADD      R0,SP,#+0
   \   0000003E   0x1C64             ADDS     R4,R4,#+1
   \   00000040   0xF81B 0x0000      LDRB     R0,[R11, R0]
   \   00000044   0x1C6D             ADDS     R5,R5,#+1
   \   00000046   0x2800             CMP      R0,#+0
   \   00000048   0xD1EF             BNE.N    ??Pic_Read_3
    120          
    121              		if((strcmp((char*)Pname,(char*)PIC.name))==0)
   \   0000004A   0x980E             LDR      R0,[SP, #+56]
   \   0000004C   0xA900             ADD      R1,SP,#+0
   \   0000004E   0x.... 0x....      BL       strcmp
   \   00000052   0x2800             CMP      R0,#+0
   \   00000054   0xD1E2             BNE.N    ??Pic_Read_2
    122              		{
    123                  		//∂¡»°Õº∆¨¥Û–°÷µ
    124                  		SPI_FLASH_BufferRead(PIC.size.bytes,PIC_SIZE_ADDR+i*4,4);
   \   00000056   0x00B8             LSLS     R0,R7,#+2
   \   00000058   0xF500 0x41E0      ADD      R1,R0,#+28672
   \   0000005C   0x2204             MOVS     R2,#+4
   \   0000005E   0xA80D             ADD      R0,SP,#+52
   \   00000060   0x.... 0x....      BL       SPI_FLASH_BufferRead
    125          				if(PIC.size.dwords < sizeof(bmp_public_buf))//–°Õº∆¨
   \   00000064   0x980D             LDR      R0,[SP, #+52]
   \   00000066   0xF5B0 0x5F00      CMP      R0,#+8192
   \   0000006A   0xBF3C             ITT      CC 
    126          				{
    127          					little_image_flag=1;
   \   0000006C   0x2101             MOVCC    R1,#+1
   \   0000006E   0x7031             STRBCC   R1,[R6, #+0]
    128          				}
    129                          pic_addr_offset=PIC.size.dwords>>2;   //∑÷¡Ω≤ø∑÷œ‘ æ 		
   \   00000070   0x0880             LSRS     R0,R0,#+2
   \   00000072   0x6070             STR      R0,[R6, #+4]
    130              		    pic_row=i;
   \   00000074   0x8077             STRH     R7,[R6, #+2]
    131              		    break;
    132              		}
    133                    }
    134              }
    135          
    136              if(little_image_flag == 1)
   \                     ??Pic_Read_0: (+1)
   \   00000076   0x8870             LDRH     R0,[R6, #+2]
   \   00000078   0x....             LDR.N    R7,??DataTable3_2  ;; 0x147800
   \   0000007A   0x....             LDR.N    R4,??DataTable3_3
   \   0000007C   0xEB07 0x31C0      ADD      R1,R7,R0, LSL #+15
   \   00000080   0x7830             LDRB     R0,[R6, #+0]
   \   00000082   0x2801             CMP      R0,#+1
   \   00000084   0xD10E             BNE.N    ??Pic_Read_4
    137              {
    138              	SPI_FLASH_BufferRead((uint8_t *)P_Rbuff,PIC_DATA_ADDR+pic_row*PER_PIC_MAX_SPACE,PIC.size.dwords);
   \   00000086   0x9A0D             LDR      R2,[SP, #+52]
   \   00000088   0xB292             UXTH     R2,R2
   \   0000008A   0x4650             MOV      R0,R10
   \   0000008C   0x.... 0x....      BL       SPI_FLASH_BufferRead
    139          	if(DMA_ERRO_FLAG)
   \   00000090   0x7820             LDRB     R0,[R4, #+0]
   \   00000092   0xB1E0             CBZ.N    R0,??Pic_Read_5
    140          	{
    141          		DMA_ERRO_FLAG = 0;
   \   00000094   0x2000             MOVS     R0,#+0
   \   00000096   0x7020             STRB     R0,[R4, #+0]
    142          		SPI_FLASH_BufferRead((uint8_t *)P_Rbuff,PIC_DATA_ADDR+pic_row*PER_PIC_MAX_SPACE,PIC.size.dwords);
   \   00000098   0x9A0D             LDR      R2,[SP, #+52]
   \   0000009A   0x8870             LDRH     R0,[R6, #+2]
   \   0000009C   0xB292             UXTH     R2,R2
   \   0000009E   0xEB07 0x31C0      ADD      R1,R7,R0, LSL #+15
   \   000000A2   0xE011             B.N      ??Pic_Read_6
    143          	}
    144              }
    145              else
    146              {
    147              	SPI_FLASH_BufferRead((uint8_t *)P_Rbuff,PIC_DATA_ADDR+pic_row*PER_PIC_MAX_SPACE+part*pic_addr_offset,pic_addr_offset);
   \                     ??Pic_Read_4: (+1)
   \   000000A4   0x6870             LDR      R0,[R6, #+4]
   \   000000A6   0xB282             UXTH     R2,R0
   \   000000A8   0xFB00 0x1108      MLA      R1,R0,R8,R1
   \   000000AC   0x4650             MOV      R0,R10
   \   000000AE   0x.... 0x....      BL       SPI_FLASH_BufferRead
    148              	if(DMA_ERRO_FLAG)
   \   000000B2   0x7820             LDRB     R0,[R4, #+0]
   \   000000B4   0xB158             CBZ.N    R0,??Pic_Read_5
    149              	{
    150              		DMA_ERRO_FLAG = 0;
   \   000000B6   0x2000             MOVS     R0,#+0
   \   000000B8   0x7020             STRB     R0,[R4, #+0]
    151              		SPI_FLASH_BufferRead((uint8_t *)P_Rbuff,PIC_DATA_ADDR+pic_row*PER_PIC_MAX_SPACE+part*pic_addr_offset,pic_addr_offset);
   \   000000BA   0x8871             LDRH     R1,[R6, #+2]
   \   000000BC   0x6870             LDR      R0,[R6, #+4]
   \   000000BE   0xEB07 0x31C1      ADD      R1,R7,R1, LSL #+15
   \   000000C2   0xB282             UXTH     R2,R0
   \   000000C4   0xFB00 0x1108      MLA      R1,R0,R8,R1
   \                     ??Pic_Read_6: (+1)
   \   000000C8   0x4650             MOV      R0,R10
   \   000000CA   0x.... 0x....      BL       SPI_FLASH_BufferRead
    152              	}
    153              }	
    154          	
    155          }
   \                     ??Pic_Read_5: (+1)
   \   000000CE   0xB00F             ADD      SP,SP,#+60
   \   000000D0   0xE8BD 0x8FF0      POP      {R4-R11,PC}      ;; return
    156          
    157          #endif
    158          

   \                                 In section .bss, align 4
    159          uint32_t logo_addroffset = 0;
   \                     logo_addroffset:
   \   00000000                      DS8 4

   \                                 In section .text, align 2, keep-with-next
    160          void Pic_Logo_Read(uint8_t *LogoName,uint8_t *Logo_Rbuff,uint32_t LogoReadsize)
    161          {
   \                     Pic_Logo_Read: (+1)
   \   00000000   0xB538             PUSH     {R3-R5,LR}
    162          	SPI_FLASH_BufferRead(Logo_Rbuff,PIC_LOGO_ADDR+logo_addroffset,LogoReadsize);
   \   00000002   0x....             LDR.N    R5,??DataTable3_4
   \   00000004   0x4608             MOV      R0,R1
   \   00000006   0x6829             LDR      R1,[R5, #+0]
   \   00000008   0x4614             MOV      R4,R2
   \   0000000A   0xB292             UXTH     R2,R2
   \   0000000C   0xF501 0x4110      ADD      R1,R1,#+36864
   \   00000010   0x.... 0x....      BL       SPI_FLASH_BufferRead
    163          	logo_addroffset += LogoReadsize;
   \   00000014   0x6828             LDR      R0,[R5, #+0]
   \   00000016   0x1820             ADDS     R0,R4,R0
    164          	if(logo_addroffset >= LOGO_MAX_SIZE)
   \   00000018   0xF5B0 0x2F96      CMP      R0,#+307200
   \   0000001C   0xBF28             IT       CS 
    165          	{
    166          		logo_addroffset = 0;
   \   0000001E   0x2000             MOVCS    R0,#+0
   \   00000020   0x6028             STR      R0,[R5, #+0]
    167          	}
    168          }
   \   00000022   0xBD31             POP      {R0,R4,R5,PC}    ;; return
    169          

   \                                 In section .bss, align 4
    170          uint32_t default_view_addroffset = 0;
   \                     default_view_addroffset:
   \   00000000                      DS8 4

   \                                 In section .text, align 2, keep-with-next
    171          void default_view_Read(uint8_t *default_view_Rbuff,uint32_t default_view_Readsize)
    172          {
   \                     default_view_Read: (+1)
   \   00000000   0xB538             PUSH     {R3-R5,LR}
    173          #if defined(TFT35)
    174          	SPI_FLASH_BufferRead(default_view_Rbuff,DEFAULT_VIEW_ADDR+default_view_addroffset,default_view_Readsize);
   \   00000002   0x....             LDR.N    R5,??DataTable3_5
   \   00000004   0x460C             MOV      R4,R1
   \   00000006   0x6829             LDR      R1,[R5, #+0]
   \   00000008   0xF501 0x2100      ADD      R1,R1,#+524288
   \   0000000C   0xB2A2             UXTH     R2,R4
   \   0000000E   0xF501 0x218B      ADD      R1,R1,#+284672
   \   00000012   0x.... 0x....      BL       SPI_FLASH_BufferRead
    175          	default_view_addroffset += default_view_Readsize;
   \   00000016   0x6828             LDR      R0,[R5, #+0]
    176          	if(default_view_addroffset >= DEFAULT_VIEW_MAX_SIZE)
   \   00000018   0x....             LDR.N    R1,??DataTable3_6  ;; 0x13880
   \   0000001A   0x1820             ADDS     R0,R4,R0
   \   0000001C   0x4288             CMP      R0,R1
   \   0000001E   0xBF28             IT       CS 
    177          	{
    178          		default_view_addroffset = 0;
   \   00000020   0x2000             MOVCS    R0,#+0
   \   00000022   0x6028             STR      R0,[R5, #+0]
    179          	}
    180          #endif
    181          }
   \   00000024   0xBD31             POP      {R0,R4,R5,PC}    ;; return
    182          

   \                                 In section .bss, align 4
    183          uint32_t flash_view_addroffset = 0;
   \                     flash_view_addroffset:
   \   00000000                      DS8 4

   \                                 In section .text, align 2, keep-with-next
    184          void flash_view_Read(uint8_t *flash_view_Rbuff,uint32_t flash_view_Readsize)
    185          {
   \                     flash_view_Read: (+1)
   \   00000000   0xB538             PUSH     {R3-R5,LR}
    186          #if defined(TFT35)
    187          	SPI_FLASH_BufferRead(flash_view_Rbuff,BAK_VIEW_ADDR+flash_view_addroffset,flash_view_Readsize);
   \   00000002   0x....             LDR.N    R5,??DataTable3_7
   \   00000004   0x460C             MOV      R4,R1
   \   00000006   0x6829             LDR      R1,[R5, #+0]
   \   00000008   0xB2A2             UXTH     R2,R4
   \   0000000A   0xF501 0x215C      ADD      R1,R1,#+901120
   \   0000000E   0x.... 0x....      BL       SPI_FLASH_BufferRead
    188          	flash_view_addroffset += flash_view_Readsize;
   \   00000012   0x6828             LDR      R0,[R5, #+0]
    189          	if(flash_view_addroffset >= FLASH_VIEW_MAX_SIZE)
   \   00000014   0x....             LDR.N    R1,??DataTable3_6  ;; 0x13880
   \   00000016   0x1820             ADDS     R0,R4,R0
   \   00000018   0x4288             CMP      R0,R1
   \   0000001A   0xBF28             IT       CS 
    190          	{
    191          		flash_view_addroffset = 0;
   \   0000001C   0x2000             MOVCS    R0,#+0
   \   0000001E   0x6028             STR      R0,[R5, #+0]
    192          	}
    193          #endif
    194          }
   \   00000020   0xBD31             POP      {R0,R4,R5,PC}    ;; return

   \                                 In section .text, align 4, keep-with-next
   \                     ??DataTable3:
   \   00000000   0x........         DC32     little_image_flag

   \                                 In section .text, align 4, keep-with-next
   \                     ??DataTable3_1:
   \   00000000   0x........         DC32     gCfgItems

   \                                 In section .text, align 4, keep-with-next
   \                     ??DataTable3_2:
   \   00000000   0x00147800         DC32     0x147800

   \                                 In section .text, align 4, keep-with-next
   \                     ??DataTable3_3:
   \   00000000   0x........         DC32     DMA_ERRO_FLAG

   \                                 In section .text, align 4, keep-with-next
   \                     ??DataTable3_4:
   \   00000000   0x........         DC32     logo_addroffset

   \                                 In section .text, align 4, keep-with-next
   \                     ??DataTable3_5:
   \   00000000   0x........         DC32     default_view_addroffset

   \                                 In section .text, align 4, keep-with-next
   \                     ??DataTable3_6:
   \   00000000   0x00013880         DC32     0x13880

   \                                 In section .text, align 4, keep-with-next
   \                     ??DataTable3_7:
   \   00000000   0x........         DC32     flash_view_addroffset
    195          
    196          

   Maximum stack usage in bytes:

   .cstack Function
   ------- --------
      16   Pic_Logo_Read
        16   -> SPI_FLASH_BufferRead
      96   Pic_Read
        96   -> SPI_FLASH_BufferRead
        96   -> strcmp
      16   default_view_Read
        16   -> SPI_FLASH_BufferRead
      16   flash_view_Read
        16   -> SPI_FLASH_BufferRead


   Section sizes:

   Bytes  Function/Label
   -----  --------------
       4  ??DataTable3
       4  ??DataTable3_1
       4  ??DataTable3_2
       4  ??DataTable3_3
       4  ??DataTable3_4
       4  ??DataTable3_5
       4  ??DataTable3_6
       4  ??DataTable3_7
      36  Pic_Logo_Read
     212  Pic_Read
      38  default_view_Read
       4  default_view_addroffset
      34  flash_view_Read
       4  flash_view_addroffset
       8  little_image_flag
          pic_row
          pic_addr_offset
       4  logo_addroffset

 
  20 bytes in section .bss
 352 bytes in section .text
 
 352 bytes of CODE memory
  20 bytes of DATA memory

Errors: none
Warnings: 32
