###############################################################################
#
# IAR ANSI C/C++ Compiler V7.10.1.6676/W32 for ARM        13/Apr/2020  09:25:15
# Copyright 1999-2014 IAR Systems AB.
#
#    Cpu mode     =  thumb
#    Endian       =  little
#    Source file  =  
#        D:\MKS-Robin-Nano-Firmware-v2.x.x\MKS-Robin-Nano-Firmware\Middlewares\Third_Party\Marlin\printcounter.cpp
#    Command line =  
#        D:\MKS-Robin-Nano-Firmware-v2.x.x\MKS-Robin-Nano-Firmware\Middlewares\Third_Party\Marlin\printcounter.cpp
#        -D USE_HAL_DRIVER -D STM32F103xE -D STM32F10X_HD -D USE_HAL_LIB -D
#        MKS_ROBIN_NANO -D TFT35 -lC
#        D:\MKS-Robin-Nano-Firmware-v2.x.x\MKS-Robin-Nano-Firmware\EWARM\mksRobinNano/List\
#        -lA
#        D:\MKS-Robin-Nano-Firmware-v2.x.x\MKS-Robin-Nano-Firmware\EWARM\mksRobinNano/List\
#        --diag_suppress Pa050 -o
#        D:\MKS-Robin-Nano-Firmware-v2.x.x\MKS-Robin-Nano-Firmware\EWARM\mksRobinNano/Obj\
#        --debug --endian=little --cpu=Cortex-M3 -e --char_is_signed --fpu=None
#        --dlib_config "C:\Program Files (x86)\IAR Systems\Embedded Workbench
#        7.0\arm\INC\c\DLib_Config_Full.h" -I
#        D:\MKS-Robin-Nano-Firmware-v2.x.x\MKS-Robin-Nano-Firmware\EWARM/../Inc\
#        -I
#        D:\MKS-Robin-Nano-Firmware-v2.x.x\MKS-Robin-Nano-Firmware\EWARM/../Src\
#        -I
#        D:\MKS-Robin-Nano-Firmware-v2.x.x\MKS-Robin-Nano-Firmware\EWARM/../Drivers/STM32F1xx_HAL_Driver/Inc\
#        -I
#        D:\MKS-Robin-Nano-Firmware-v2.x.x\MKS-Robin-Nano-Firmware\EWARM/../Drivers/STM32F1xx_HAL_Driver/Inc/Legacy\
#        -I
#        D:\MKS-Robin-Nano-Firmware-v2.x.x\MKS-Robin-Nano-Firmware\EWARM/../Middlewares/Third_Party/FatFs/src/drivers\
#        -I
#        D:\MKS-Robin-Nano-Firmware-v2.x.x\MKS-Robin-Nano-Firmware\EWARM/../Middlewares/ST/STM32_USB_Host_Library/Core/Inc\
#        -I
#        D:\MKS-Robin-Nano-Firmware-v2.x.x\MKS-Robin-Nano-Firmware\EWARM/../Middlewares/ST/STM32_USB_Host_Library/Class/MSC/Inc\
#        -I
#        D:\MKS-Robin-Nano-Firmware-v2.x.x\MKS-Robin-Nano-Firmware\EWARM/../Drivers/CMSIS/Device/ST/STM32F1xx/Include\
#        -I
#        D:\MKS-Robin-Nano-Firmware-v2.x.x\MKS-Robin-Nano-Firmware\EWARM/../Middlewares/Third_Party/FatFs/src\
#        -I
#        D:\MKS-Robin-Nano-Firmware-v2.x.x\MKS-Robin-Nano-Firmware\EWARM/../Middlewares/Third_Party/Marlin\
#        -I
#        D:\MKS-Robin-Nano-Firmware-v2.x.x\MKS-Robin-Nano-Firmware\EWARM/../Drivers/CMSIS/Include\
#        -I
#        D:\MKS-Robin-Nano-Firmware-v2.x.x\MKS-Robin-Nano-Firmware\EWARM/../Drivers/BSP/variant\
#        -I
#        D:\MKS-Robin-Nano-Firmware-v2.x.x\MKS-Robin-Nano-Firmware\EWARM/../Drivers/BSP/Components/at24cxx\
#        -I
#        D:\MKS-Robin-Nano-Firmware-v2.x.x\MKS-Robin-Nano-Firmware\EWARM/../Drivers/BSP/Components/w25qxx\
#        -I
#        D:\MKS-Robin-Nano-Firmware-v2.x.x\MKS-Robin-Nano-Firmware\EWARM/../Drivers/BSP/Components/lcd\
#        -I
#        D:\MKS-Robin-Nano-Firmware-v2.x.x\MKS-Robin-Nano-Firmware\EWARM/../Drivers/STM32F10x_StdPeriph_Driver/inc\
#        -I
#        D:\MKS-Robin-Nano-Firmware-v2.x.x\MKS-Robin-Nano-Firmware\EWARM/../Drivers/libstmf4/include\
#        -I
#        D:\MKS-Robin-Nano-Firmware-v2.x.x\MKS-Robin-Nano-Firmware\EWARM/../Middlewares/arduino/stm32/cores/arduino\
#        -I
#        D:\MKS-Robin-Nano-Firmware-v2.x.x\MKS-Robin-Nano-Firmware\EWARM/../User/ui\
#        -I
#        D:\MKS-Robin-Nano-Firmware-v2.x.x\MKS-Robin-Nano-Firmware\EWARM/../User/ui/Multi_language\
#        -I
#        D:\MKS-Robin-Nano-Firmware-v2.x.x\MKS-Robin-Nano-Firmware\EWARM/../User/ui/QRENCODE\
#        -I
#        D:\MKS-Robin-Nano-Firmware-v2.x.x\MKS-Robin-Nano-Firmware\EWARM\..\Middlewares\GUI\
#        -Oh --eec++ -I "C:\Program Files (x86)\IAR Systems\Embedded Workbench
#        7.0\arm\CMSIS\Include\"
#    List file    =  
#        D:\MKS-Robin-Nano-Firmware-v2.x.x\MKS-Robin-Nano-Firmware\EWARM\mksRobinNano/List\printcounter.lst
#    Object file  =  
#        D:\MKS-Robin-Nano-Firmware-v2.x.x\MKS-Robin-Nano-Firmware\EWARM\mksRobinNano/Obj\printcounter.o
#
###############################################################################

D:\MKS-Robin-Nano-Firmware-v2.x.x\MKS-Robin-Nano-Firmware\Middlewares\Third_Party\Marlin\printcounter.cpp
      1          /**
      2           * Marlin 3D Printer Firmware
      3           * Copyright (C) 2016 MarlinFirmware [https://github.com/MarlinFirmware/Marlin]
      4           *
      5           * Based on Sprinter and grbl.
      6           * Copyright (C) 2011 Camiel Gubbels / Erik van der Zalm
      7           *
      8           * This program is free software: you can redistribute it and/or modify
      9           * it under the terms of the GNU General Public License as published by
     10           * the Free Software Foundation, either version 3 of the License, or
     11           * (at your option) any later version.
     12           *
     13           * This program is distributed in the hope that it will be useful,
     14           * but WITHOUT ANY WARRANTY; without even the implied warranty of
     15           * MERCHANTABILITY or FITNESS FOR A PARTICULAR PURPOSE.  See the
     16           * GNU General Public License for more details.
     17           *
     18           * You should have received a copy of the GNU General Public License
     19           * along with this program.  If not, see <http://www.gnu.org/licenses/>.
     20           *
     21           */
     22          
     23          #include "Marlin.h"

  #define UNUSED(x) ((void)(x))
          ^
"D:\MKS-Robin-Nano-Firmware-v2.x.x\MKS-Robin-Nano-Firmware\Drivers\STM32F1xx_HAL_Driver\Inc\stm32f1xx_hal_def.h",87  Warning[Pe047]: 
          incompatible redefinition of macro "UNUSED" (declared at line 101 of
          "D:\MKS-Robin-Nano-Firmware-v2.x.x\MKS-Robin-Nano-Firmware\Middleware
          s\Third_Party\Marlin\macros.h")

  		volatile volatile float desireBedTempBak;
  		         ^
"D:\MKS-Robin-Nano-Firmware-v2.x.x\MKS-Robin-Nano-Firmware\Inc\mks_cfg.h",626  Warning[Pe083]: 
          type qualifier specified more than once

  #define strcpy_P(dest, src) strcpy((dest), (src))
          ^
"D:\MKS-Robin-Nano-Firmware-v2.x.x\MKS-Robin-Nano-Firmware\Middlewares\arduino\stm32\cores\arduino\avr\pgmspace.h",23  Warning[Pe047]: 
          incompatible redefinition of macro "strcpy_P" (declared at line 93
          of
          "D:\MKS-Robin-Nano-Firmware-v2.x.x\MKS-Robin-Nano-Firmware\Middleware
          s\Third_Party\Marlin\Marlin_export.h")

  #define strstr_P(a, b) strstr((a), (b))
          ^
"D:\MKS-Robin-Nano-Firmware-v2.x.x\MKS-Robin-Nano-Firmware\Middlewares\arduino\stm32\cores\arduino\avr\pgmspace.h",26  Warning[Pe047]: 
          incompatible redefinition of macro "strstr_P" (declared at line 94
          of
          "D:\MKS-Robin-Nano-Firmware-v2.x.x\MKS-Robin-Nano-Firmware\Middleware
          s\Third_Party\Marlin\Marlin_export.h")

  #define sprintf_P(s, f, ...) sprintf((s), (f), __VA_ARGS__)
          ^
"D:\MKS-Robin-Nano-Firmware-v2.x.x\MKS-Robin-Nano-Firmware\Middlewares\arduino\stm32\cores\arduino\avr\pgmspace.h",28  Warning[Pe047]: 
          incompatible redefinition of macro "sprintf_P" (declared at line 95
          of
          "D:\MKS-Robin-Nano-Firmware-v2.x.x\MKS-Robin-Nano-Firmware\Middleware
          s\Third_Party\Marlin\Marlin_export.h")

  #define pgm_read_word_near(addr) pgm_read_word(addr)
          ^
"D:\MKS-Robin-Nano-Firmware-v2.x.x\MKS-Robin-Nano-Firmware\Middlewares\arduino\stm32\cores\arduino\avr\pgmspace.h",38  Warning[Pe047]: 
          incompatible redefinition of macro "pgm_read_word_near" (declared at
          line 65 of
          "D:\MKS-Robin-Nano-Firmware-v2.x.x\MKS-Robin-Nano-Firmware\Middleware
          s\Third_Party\Marlin\Marlin_export.h")

   \                                 In section .text, align 4
   \   __interwork __softfp void serialprintPGM(char const *)
   \                     _Z14serialprintPGMPKc: (+1)
   \   00000000   0xB538             PUSH     {R3-R5,LR}
   \   00000002   0x4604             MOV      R4,R0
   \   00000004   0x4D05             LDR.N    R5,??serialprintPGM_0
   \   00000006   0xE003             B.N      ??serialprintPGM_1
   \                     ??serialprintPGM_2: (+1)
   \   00000008   0xB2C9             UXTB     R1,R1
   \   0000000A   0x4628             MOV      R0,R5
   \   0000000C   0x.... 0x....      BL       _ZN10USARTClass5writeEh
   \                     ??serialprintPGM_1: (+1)
   \   00000010   0xF914 0x1B01      LDRSB    R1,[R4], #+1
   \   00000014   0x0008             MOVS     R0,R1
   \   00000016   0xD1F7             BNE.N    ??serialprintPGM_2
   \   00000018   0xBD31             POP      {R0,R4,R5,PC}    ;; return
   \   0000001A   0xBF00             Nop      
   \                     ??serialprintPGM_0:
   \   0000001C   0x........         DC32     Serial3

    }
    ^
"D:\MKS-Robin-Nano-Firmware-v2.x.x\MKS-Robin-Nano-Firmware\Middlewares\Third_Party\Marlin\Marlin.h",537  Warning[Pe940]: 
          missing return statement at end of non-void function
          "position_is_reachable_IS_KINEMATIC"
     24          #include "printcounter.h"

      const uint16_t address = 0x32;
                             ^
"D:\MKS-Robin-Nano-Firmware-v2.x.x\MKS-Robin-Nano-Firmware\Middlewares\Third_Party\Marlin\printcounter.h",54  Warning[Pe382]: 
          in-class initializer for nonstatic member is nonstandard

      const uint16_t updateInterval = 10;
                                    ^
"D:\MKS-Robin-Nano-Firmware-v2.x.x\MKS-Robin-Nano-Firmware\Middlewares\Third_Party\Marlin\printcounter.h",64  Warning[Pe382]: 
          in-class initializer for nonstatic member is nonstandard

      const uint16_t saveInterval = 3600;
                                  ^
"D:\MKS-Robin-Nano-Firmware-v2.x.x\MKS-Robin-Nano-Firmware\Middlewares\Third_Party\Marlin\printcounter.h",72  Warning[Pe382]: 
          in-class initializer for nonstatic member is nonstandard
     25          #include "duration_t.h"

   \                                 In section .text, align 4
   \   __interwork __softfp void duration_t::toString(char *) const
   \                     _ZNK10duration_t8toStringEPc: (+1)
   \   00000000   0xB5F0             PUSH     {R4-R7,LR}
   \   00000002   0x4602             MOV      R2,R0
   \   00000004   0xB083             SUB      SP,SP,#+12
   \   00000006   0x4608             MOV      R0,R1
   \   00000008   0x6811             LDR      R1,[R2, #+0]
   \   0000000A   0x233C             MOVS     R3,#+60
   \   0000000C   0xFBB1 0xF1F3      UDIV     R1,R1,R3
   \   00000010   0xFBB1 0xF3F3      UDIV     R3,R1,R3
   \   00000014   0x2118             MOVS     R1,#+24
   \   00000016   0xFBB3 0xF5F1      UDIV     R5,R3,R1
   \   0000001A   0xB2AC             UXTH     R4,R5
   \   0000001C   0xF240 0x116D      MOVW     R1,#+365
   \   00000020   0xFB94 0xF6F1      SDIV     R6,R4,R1
   \   00000024   0xF240 0x176D      MOVW     R7,#+365
   \   00000028   0xB2F1             UXTB     R1,R6
   \   0000002A   0xFB07 0x4416      MLS      R4,R7,R6,R4
   \   0000002E   0xEB05 0x0645      ADD      R6,R5,R5, LSL #+1
   \   00000032   0xEBA3 0x05C6      SUB      R5,R3,R6, LSL #+3
   \   00000036   0x6813             LDR      R3,[R2, #+0]
   \   00000038   0x223C             MOVS     R2,#+60
   \   0000003A   0xFBB3 0xF6F2      UDIV     R6,R3,R2
   \   0000003E   0xFBB6 0xF2F2      UDIV     R2,R6,R2
   \   00000042   0xEBC2 0x1702      RSB      R7,R2,R2, LSL #+4
   \   00000046   0xEBA6 0x0287      SUB      R2,R6,R7, LSL #+2
   \   0000004A   0xEBC6 0x1706      RSB      R7,R6,R6, LSL #+4
   \   0000004E   0xEBA3 0x0387      SUB      R3,R3,R7, LSL #+2
   \   00000052   0xB131             CBZ.N    R1,??toString_0
   \   00000054   0x9201             STR      R2,[SP, #+4]
   \   00000056   0x9302             STR      R3,[SP, #+8]
   \   00000058   0x460A             MOV      R2,R1
   \   0000005A   0x9500             STR      R5,[SP, #+0]
   \   0000005C   0x4623             MOV      R3,R4
   \   0000005E   0x4910             LDR.N    R1,??toString_1
   \   00000060   0xE00B             B.N      ??toString_2
   \                     ??toString_0: (+1)
   \   00000062   0xB12C             CBZ.N    R4,??toString_3
   \   00000064   0x9301             STR      R3,[SP, #+4]
   \   00000066   0x9200             STR      R2,[SP, #+0]
   \   00000068   0x462B             MOV      R3,R5
   \   0000006A   0x4622             MOV      R2,R4
   \   0000006C   0x490D             LDR.N    R1,??toString_1+0x4
   \   0000006E   0xE004             B.N      ??toString_2
   \                     ??toString_3: (+1)
   \   00000070   0xB13D             CBZ.N    R5,??toString_4
   \   00000072   0x490D             LDR.N    R1,??toString_1+0x8
   \   00000074   0x9300             STR      R3,[SP, #+0]
   \   00000076   0x4613             MOV      R3,R2
   \   00000078   0x462A             MOV      R2,R5
   \                     ??toString_2: (+1)
   \   0000007A   0x.... 0x....      BL       sprintf
   \   0000007E   0xB003             ADD      SP,SP,#+12
   \   00000080   0xBDF0             POP      {R4-R7,PC}
   \                     ??toString_4: (+1)
   \   00000082   0xB12A             CBZ.N    R2,??toString_5
   \   00000084   0xB003             ADD      SP,SP,#+12
   \   00000086   0xE8BD 0x40F0      POP      {R4-R7,LR}
   \   0000008A   0x4908             LDR.N    R1,??toString_1+0xC
   \   0000008C   0x.... 0x....      B.W      sprintf
   \                     ??toString_5: (+1)
   \   00000090   0x4907             LDR.N    R1,??toString_1+0x10
   \   00000092   0xB003             ADD      SP,SP,#+12
   \   00000094   0xE8BD 0x40F0      POP      {R4-R7,LR}
   \   00000098   0x461A             MOV      R2,R3
   \   0000009A   0x.... 0x....      B.W      sprintf
   \   0000009E   0xBF00             Nop      
   \                     ??toString_1:
   \   000000A0   0x........         DC32     _ZZNK10duration_t8toStringEPcEs
   \   000000A4   0x........         DC32     _ZZNK10duration_t8toStringEPcEs_0
   \   000000A8   0x........         DC32     _ZZNK10duration_t8toStringEPcEs_1
   \   000000AC   0x........         DC32     _ZZNK10duration_t8toStringEPcEs_2
   \   000000B0   0x........         DC32     _ZZNK10duration_t8toStringEPcEs_3
     26          

   \                                 In section .text, align 2, keep-with-next
     27          PrintCounter::PrintCounter(): super() {
   \                     _ZN12PrintCounterC1Ev: (+1)
   \   00000000   0xB510             PUSH     {R4,LR}
   \   00000002                      REQUIRE ?Subroutine0
   \   00000002                      ;; // Fall through to label ?Subroutine0

   \                                 In section .text, align 2, keep-with-next
   \                     ?Subroutine0: (+1)
   \   00000000   0x4604             MOV      R4,R0
   \   00000002   0x.... 0x....      BL       _ZN9StopwatchC2Ev
     28            this->loadStats();
   \   00000006   0x4620             MOV      R0,R4
   \   00000008   0x.... 0x....      BL       _ZN12PrintCounter9loadStatsEv
     29          }
   \   0000000C   0x4620             MOV      R0,R4
   \   0000000E   0xBD10             POP      {R4,PC}          ;; return
     30          

   \                                 In section .text, align 2, keep-with-next
     31          millis_t PrintCounter::deltaDuration() {
   \                     _ZN12PrintCounter13deltaDurationEv: (+1)
   \   00000000   0xB538             PUSH     {R3-R5,LR}
   \   00000002   0x4604             MOV      R4,R0
     32            #if ENABLED(DEBUG_PRINTCOUNTER)
     33              PrintCounter::debug(PSTR("deltaDuration"));
     34            #endif
     35          
     36            millis_t tmp = this->lastDuration;
   \   00000004   0x6AA5             LDR      R5,[R4, #+40]
     37            this->lastDuration = this->duration();
   \   00000006   0x.... 0x....      BL       _ZN9Stopwatch8durationEv
   \   0000000A   0x62A0             STR      R0,[R4, #+40]
     38            return this->lastDuration - tmp;
   \   0000000C   0x1B40             SUBS     R0,R0,R5
   \   0000000E   0xBD32             POP      {R1,R4,R5,PC}    ;; return
     39          }
     40          

   \                                 In section .text, align 2, keep-with-next
     41          bool PrintCounter::isLoaded() {
     42            return this->loaded;
   \                     _ZN12PrintCounter8isLoadedEv: (+1)
   \   00000000   0xF890 0x002C      LDRB     R0,[R0, #+44]
   \   00000004   0x4770             BX       LR               ;; return
     43          }
     44          

   \                                 In section .text, align 2, keep-with-next
     45          void PrintCounter::incFilamentUsed(double const &amount) {
   \                     _ZN12PrintCounter15incFilamentUsedERKd: (+1)
   \   00000000   0xB570             PUSH     {R4-R6,LR}
   \   00000002   0x4606             MOV      R6,R0
     46            #if ENABLED(DEBUG_PRINTCOUNTER)
     47              PrintCounter::debug(PSTR("incFilamentUsed"));
     48            #endif
     49          
     50            // Refuses to update data if object is not loaded
     51            if (!this->isLoaded()) return;
   \   00000004   0xF896 0x002C      LDRB     R0,[R6, #+44]
   \   00000008   0xB148             CBZ.N    R0,??incFilamentUsed_0
     52          
     53            this->data.filamentUsed += amount; // mm
   \   0000000A   0xE9D6 0x4508      LDRD     R4,R5,[R6, #+32]
   \   0000000E   0xE9D1 0x2300      LDRD     R2,R3,[R1, #+0]
   \   00000012   0x4620             MOV      R0,R4
   \   00000014   0x4629             MOV      R1,R5
   \   00000016   0x.... 0x....      BL       __aeabi_dadd
   \   0000001A   0xE9C6 0x0108      STRD     R0,R1,[R6, #+32]
     54          }
   \                     ??incFilamentUsed_0: (+1)
   \   0000001E   0xBD70             POP      {R4-R6,PC}       ;; return
     55          
     56          

   \                                 In section .text, align 2, keep-with-next
     57          void PrintCounter::initStats() {
   \                     _ZN12PrintCounter9initStatsEv: (+1)
   \   00000000   0xB580             PUSH     {R7,LR}
     58            #if ENABLED(DEBUG_PRINTCOUNTER)
     59              PrintCounter::debug(PSTR("initStats"));
     60            #endif
     61          
     62            this->loaded = true;
   \   00000002   0xF100 0x0110      ADD      R1,R0,#+16
   \   00000006   0x2201             MOVS     R2,#+1
   \   00000008   0x770A             STRB     R2,[R1, #+28]
     63            //  this->data = { 0, 0, 0, 0, 0.0 };	/*--mks--*/
     64          	this->data.totalPrints=0;
   \   0000000A   0x2200             MOVS     R2,#+0
   \   0000000C   0x8202             STRH     R2,[R0, #+16]
     65          	this->data.finishedPrints=0;
   \   0000000E   0x804A             STRH     R2,[R1, #+2]
     66          	this->data.printTime=0;
   \   00000010   0x604A             STR      R2,[R1, #+4]
     67          	this->data.longestPrint=0;
   \   00000012   0x608A             STR      R2,[R1, #+8]
     68          	this->data.filamentUsed=0.0;
   \   00000014   0xE9C1 0x2204      STRD     R2,R2,[R1, #+16]
     69          
     70            this->saveStats();
   \   00000018   0x2033             MOVS     R0,#+51
   \   0000001A   0x2218             MOVS     R2,#+24
   \   0000001C   0x.... 0x....      BL       AT24CXX_Write
     71            //eeprom_write_byte((uint8_t *) this->address, 0x16);
     72            uint8_t eppr_w=0x16;
   \   00000020   0x2016             MOVS     R0,#+22
   \   00000022   0xF88D 0x0000      STRB     R0,[SP, #+0]
     73            AT24CXX_Write((uint16_t ) this->address,&eppr_w,1); 
   \   00000026   0x2201             MOVS     R2,#+1
   \   00000028   0xA900             ADD      R1,SP,#+0
   \   0000002A   0x2032             MOVS     R0,#+50
   \   0000002C   0x.... 0x....      BL       AT24CXX_Write
     74          }
   \   00000030   0xBD01             POP      {R0,PC}          ;; return
     75          

   \                                 In section .text, align 2, keep-with-next
     76          void PrintCounter::loadStats() {
   \                     _ZN12PrintCounter9loadStatsEv: (+1)
   \   00000000   0xB510             PUSH     {R4,LR}
   \   00000002   0xB082             SUB      SP,SP,#+8
   \   00000004   0x4604             MOV      R4,R0
     77            #if ENABLED(DEBUG_PRINTCOUNTER)
     78              PrintCounter::debug(PSTR("loadStats"));
     79            #endif
     80          
     81            // Checks if the EEPROM block is initialized
     82            /*
     83            if (eeprom_read_byte((uint8_t *) this->address) != 0x16) this->initStats();
     84            else eeprom_read_block(&this->data,
     85              (void *)(this->address + sizeof(uint8_t)), sizeof(printStatistics));
     86              */ /*--mks--*/
     87              uint8_t eppr_r;
     88              AT24CXX_Read((uint16_t )this->address,&eppr_r,1);
   \   00000006   0x2201             MOVS     R2,#+1
   \   00000008   0xA900             ADD      R1,SP,#+0
   \   0000000A   0x2032             MOVS     R0,#+50
   \   0000000C   0x.... 0x....      BL       AT24CXX_Read
     89              if(eppr_r != 0x16) this->initStats();
   \   00000010   0xF89D 0x0000      LDRB     R0,[SP, #+0]
   \   00000014   0x2816             CMP      R0,#+22
   \   00000016   0xD003             BEQ.N    ??loadStats_0
   \   00000018   0x4620             MOV      R0,R4
   \   0000001A   0x.... 0x....      BL       _ZN12PrintCounter9initStatsEv
   \   0000001E   0xE005             B.N      ??loadStats_1
     90          	else 
     91          	{
     92          	  int BufferSize=sizeof(printStatistics);	  //sizeof(printStatistics) = 24 ???
     93          	  uint16_t MemAddress =this->address + sizeof(uint8_t);
     94          	  uint16_t* pBuffer = &(this->data.totalPrints); //????¡ì??data??¡ì?¨¦11|¡§??|¡§??¡ì2?¡ì??????¡ìoy?Y
     95          	  AT24CXX_Read(MemAddress,(uint8_t*)pBuffer,BufferSize);
   \                     ??loadStats_0: (+1)
   \   00000020   0x2218             MOVS     R2,#+24
   \   00000022   0xF104 0x0110      ADD      R1,R4,#+16
   \   00000026   0x2033             MOVS     R0,#+51
   \   00000028   0x.... 0x....      BL       AT24CXX_Read
     96          	}
     97          
     98            this->loaded = true;
   \                     ??loadStats_1: (+1)
   \   0000002C   0x2001             MOVS     R0,#+1
   \   0000002E   0xF884 0x002C      STRB     R0,[R4, #+44]
     99          }
   \   00000032   0xBD13             POP      {R0,R1,R4,PC}    ;; return
    100          

   \                                 In section .text, align 2, keep-with-next
    101          void PrintCounter::saveStats() {
    102            #if ENABLED(DEBUG_PRINTCOUNTER)
    103              PrintCounter::debug(PSTR("saveStats"));
    104            #endif
    105          
    106            // Refuses to save data if object is not loaded
    107            if (!this->isLoaded()) return;
   \                     _ZN12PrintCounter9saveStatsEv: (+1)
   \   00000000   0xF890 0x102C      LDRB     R1,[R0, #+44]
   \   00000004   0xB111             CBZ.N    R1,??saveStats_0
    108          
    109            // Saves the struct to EEPROM
    110            //eeprom_update_block(&this->data,
    111            //  (void *)(this->address + sizeof(uint8_t)), sizeof(printStatistics));
    112          	int BufferSize=sizeof(printStatistics); 	//sizeof(printStatistics) = 24 ???
    113          	uint16_t MemAddress =this->address + sizeof(uint8_t);
    114          	uint16_t* pBuffer = &(this->data.totalPrints); //????¡ì??data??¡ì?¨¦11|¡§??|¡§??¡ì2?¡ì??????¡ìoy?Y
    115          	AT24CXX_Write(MemAddress,(uint8_t*)pBuffer,BufferSize);  
   \   00000006   0xF100 0x0110      ADD      R1,R0,#+16
   \   0000000A   0x....             B.N      ?Subroutine1
   \                     ??saveStats_0: (+1)
   \   0000000C   0x4770             BX       LR               ;; return
    116          }

   \                                 In section .text, align 2, keep-with-next
   \                     ?Subroutine1: (+1)
   \   00000000   0x2218             MOVS     R2,#+24
   \   00000002   0x2033             MOVS     R0,#+51
   \   00000004   0x.... 0x....      B.W      AT24CXX_Write
    117          

   \                                 In section .text, align 2, keep-with-next
    118          void PrintCounter::showStats() {
   \                     _ZN12PrintCounter9showStatsEv: (+1)
   \   00000000   0xB5F0             PUSH     {R4-R7,LR}
   \   00000002   0xB089             SUB      SP,SP,#+36
   \   00000004   0x4605             MOV      R5,R0
    119            char buffer[21];
    120            duration_t elapsed;
   \   00000006   0xA801             ADD      R0,SP,#+4
   \   00000008   0x.... 0x....      BL       _ZN10duration_tC1Ev
    121          
    122            SERIAL_PROTOCOLPGM(MSG_STATS);
   \   0000000C   0x.... 0x....      ADR.W    R6,`?<Constant "Stats: ">`
   \   00000010   0x4630             MOV      R0,R6
   \   00000012   0x.... 0x....      BL       _Z14serialprintPGMPKc
    123          
    124            SERIAL_ECHOPGM("Prints: ");
   \   00000016   0x.... 0x....      ADR.W    R0,`?<Constant "Prints: ">`
   \   0000001A   0x.... 0x....      BL       _Z14serialprintPGMPKc
    125            SERIAL_ECHO(this->data.totalPrints);
   \   0000001E   0x....             LDR.N    R4,??DataTable9_1
   \   00000020   0x8A29             LDRH     R1,[R5, #+16]
   \   00000022   0x220A             MOVS     R2,#+10
   \   00000024   0x4620             MOV      R0,R4
   \   00000026   0x.... 0x....      BL       _ZN5Print5printEii
    126          
    127            SERIAL_ECHOPGM(", Finished: ");
   \   0000002A   0x.... 0x....      ADR.W    R0,`?<Constant ", Finished: ">`
   \   0000002E   0x.... 0x....      BL       _Z14serialprintPGMPKc
    128            SERIAL_ECHO(this->data.finishedPrints);
   \   00000032   0x8A69             LDRH     R1,[R5, #+18]
   \   00000034   0x220A             MOVS     R2,#+10
   \   00000036   0x4620             MOV      R0,R4
   \   00000038   0x.... 0x....      BL       _ZN5Print5printEii
    129          
    130            SERIAL_ECHOPGM(", Failed: "); // Note: Removes 1 from failures with an active counter
   \   0000003C   0x.... 0x....      ADR.W    R0,`?<Constant ", Failed: ">`
   \   00000040   0x.... 0x....      BL       _Z14serialprintPGMPKc
    131            SERIAL_ECHO(this->data.totalPrints - this->data.finishedPrints
    132              - ((this->isRunning() || this->isPaused()) ? 1 : 0));
   \   00000044   0x4628             MOV      R0,R5
   \   00000046   0x.... 0x....      BL       _ZN9Stopwatch9isRunningEv
   \   0000004A   0xB918             CBNZ.N   R0,??showStats_0
   \   0000004C   0x4628             MOV      R0,R5
   \   0000004E   0x.... 0x....      BL       _ZN9Stopwatch8isPausedEv
   \   00000052   0xE000             B.N      ??showStats_1
   \                     ??showStats_0: (+1)
   \   00000054   0x2001             MOVS     R0,#+1
   \                     ??showStats_1: (+1)
   \   00000056   0x8A29             LDRH     R1,[R5, #+16]
   \   00000058   0x8A6B             LDRH     R3,[R5, #+18]
   \   0000005A   0x1AC9             SUBS     R1,R1,R3
   \   0000005C   0x1A09             SUBS     R1,R1,R0
   \   0000005E   0x220A             MOVS     R2,#+10
   \   00000060   0x4620             MOV      R0,R4
   \   00000062   0x.... 0x....      BL       _ZN5Print5printEii
    133          
    134            SERIAL_EOL();
   \   00000066   0x210A             MOVS     R1,#+10
   \   00000068   0x4620             MOV      R0,R4
   \   0000006A   0x.... 0x....      BL       _ZN10USARTClass5writeEh
    135            SERIAL_PROTOCOLPGM(MSG_STATS);
   \   0000006E   0x4637             MOV      R7,R6
   \   00000070   0xE003             B.N      ??showStats_2
   \                     ??showStats_3: (+1)
   \   00000072   0xB2C9             UXTB     R1,R1
   \   00000074   0x4620             MOV      R0,R4
   \   00000076   0x.... 0x....      BL       _ZN10USARTClass5writeEh
   \                     ??showStats_2: (+1)
   \   0000007A   0xF917 0x1B01      LDRSB    R1,[R7], #+1
   \   0000007E   0x0008             MOVS     R0,R1
   \   00000080   0xD1F7             BNE.N    ??showStats_3
    136          
    137            elapsed = this->data.printTime;
   \   00000082   0x6968             LDR      R0,[R5, #+20]
   \   00000084   0x9001             STR      R0,[SP, #+4]
    138            elapsed.toString(buffer);
   \   00000086   0xA902             ADD      R1,SP,#+8
   \   00000088   0xA801             ADD      R0,SP,#+4
   \   0000008A   0x.... 0x....      BL       _ZNK10duration_t8toStringEPc
    139          
    140            SERIAL_ECHOPGM("Total time: ");
   \   0000008E   0x.... 0x....      ADR.W    R7,`?<Constant "Total time: ">`
   \   00000092   0xE003             B.N      ??showStats_4
   \                     ??showStats_5: (+1)
   \   00000094   0xB2C9             UXTB     R1,R1
   \   00000096   0x4620             MOV      R0,R4
   \   00000098   0x.... 0x....      BL       _ZN10USARTClass5writeEh
   \                     ??showStats_4: (+1)
   \   0000009C   0xF917 0x1B01      LDRSB    R1,[R7], #+1
   \   000000A0   0x0008             MOVS     R0,R1
   \   000000A2   0xD1F7             BNE.N    ??showStats_5
    141            SERIAL_ECHO(buffer);
   \   000000A4   0xA902             ADD      R1,SP,#+8
   \   000000A6   0x4620             MOV      R0,R4
   \   000000A8   0x.... 0x....      BL       _ZN5Print5printEPKc
    142          
    143            #if ENABLED(DEBUG_PRINTCOUNTER)
    144              SERIAL_ECHOPGM(" (");
    145              SERIAL_ECHO(this->data.printTime);
    146              SERIAL_CHAR(')');
    147            #endif
    148          
    149            elapsed = this->data.longestPrint;
   \   000000AC   0x69A8             LDR      R0,[R5, #+24]
   \   000000AE   0x9001             STR      R0,[SP, #+4]
    150            elapsed.toString(buffer);
   \   000000B0   0xA902             ADD      R1,SP,#+8
   \   000000B2   0xA801             ADD      R0,SP,#+4
   \   000000B4   0x.... 0x....      BL       _ZNK10duration_t8toStringEPc
    151          
    152            SERIAL_ECHOPGM(", Longest job: ");
   \   000000B8   0x.... 0x....      ADR.W    R7,`?<Constant ", Longest job: ">`
   \   000000BC   0xE003             B.N      ??showStats_6
   \                     ??showStats_7: (+1)
   \   000000BE   0xB2C9             UXTB     R1,R1
   \   000000C0   0x4620             MOV      R0,R4
   \   000000C2   0x.... 0x....      BL       _ZN10USARTClass5writeEh
   \                     ??showStats_6: (+1)
   \   000000C6   0xF917 0x1B01      LDRSB    R1,[R7], #+1
   \   000000CA   0x0008             MOVS     R0,R1
   \   000000CC   0xD1F7             BNE.N    ??showStats_7
    153            SERIAL_ECHO(buffer);
   \   000000CE   0xA902             ADD      R1,SP,#+8
   \   000000D0   0x4620             MOV      R0,R4
   \   000000D2   0x.... 0x....      BL       _ZN5Print5printEPKc
    154          
    155            #if ENABLED(DEBUG_PRINTCOUNTER)
    156              SERIAL_ECHOPGM(" (");
    157              SERIAL_ECHO(this->data.longestPrint);
    158              SERIAL_CHAR(')');
    159            #endif
    160          
    161            SERIAL_EOL();
   \   000000D6   0x210A             MOVS     R1,#+10
   \   000000D8   0xE000             B.N      ??showStats_8
   \                     ??showStats_9: (+1)
   \   000000DA   0xB2C9             UXTB     R1,R1
   \                     ??showStats_8: (+1)
   \   000000DC   0x4620             MOV      R0,R4
   \   000000DE   0x.... 0x....      BL       _ZN10USARTClass5writeEh
   \   000000E2   0xF916 0x1B01      LDRSB    R1,[R6], #+1
   \   000000E6   0x0008             MOVS     R0,R1
   \   000000E8   0xD1F7             BNE.N    ??showStats_9
    162            SERIAL_PROTOCOLPGM(MSG_STATS);
    163          
    164            SERIAL_ECHOPGM("Filament used: ");
   \   000000EA   0x.... 0x....      ADR.W    R6,`?<Constant "Filament used: ">`
   \   000000EE   0xE003             B.N      ??showStats_10
   \                     ??showStats_11: (+1)
   \   000000F0   0xB2C9             UXTB     R1,R1
   \   000000F2   0x4620             MOV      R0,R4
   \   000000F4   0x.... 0x....      BL       _ZN10USARTClass5writeEh
   \                     ??showStats_10: (+1)
   \   000000F8   0xF916 0x1B01      LDRSB    R1,[R6], #+1
   \   000000FC   0x0008             MOVS     R0,R1
   \   000000FE   0xD1F7             BNE.N    ??showStats_11
    165            SERIAL_ECHO(this->data.filamentUsed / 1000);
   \   00000100   0x2002             MOVS     R0,#+2
   \   00000102   0x9000             STR      R0,[SP, #+0]
   \   00000104   0x2200             MOVS     R2,#+0
   \   00000106   0xE9D5 0x0108      LDRD     R0,R1,[R5, #+32]
   \   0000010A   0x....             LDR.N    R3,??DataTable9_2  ;; 0x408f4000
   \   0000010C   0x.... 0x....      BL       __aeabi_ddiv
   \   00000110   0x4602             MOV      R2,R0
   \   00000112   0x460B             MOV      R3,R1
   \   00000114   0x4620             MOV      R0,R4
   \   00000116   0x.... 0x....      BL       _ZN5Print5printEdi
    166            SERIAL_ECHOPGM("m");
   \   0000011A   0x....             ADR.N    R5,??DataTable9  ;; "m"
   \   0000011C   0xE003             B.N      ??showStats_12
   \                     ??showStats_13: (+1)
   \   0000011E   0xB2C9             UXTB     R1,R1
   \   00000120   0x4620             MOV      R0,R4
   \   00000122   0x.... 0x....      BL       _ZN10USARTClass5writeEh
   \                     ??showStats_12: (+1)
   \   00000126   0xF915 0x1B01      LDRSB    R1,[R5], #+1
   \   0000012A   0x0008             MOVS     R0,R1
   \   0000012C   0xD1F7             BNE.N    ??showStats_13
    167          
    168            SERIAL_EOL();
   \   0000012E   0x210A             MOVS     R1,#+10
   \   00000130   0x4620             MOV      R0,R4
   \   00000132   0x.... 0x....      BL       _ZN10USARTClass5writeEh
    169          }
   \   00000136   0xB009             ADD      SP,SP,#+36
   \   00000138   0xBDF0             POP      {R4-R7,PC}       ;; return
    170          

   \                                 In section .text, align 2, keep-with-next
    171          void PrintCounter::tick() {
   \                     _ZN12PrintCounter4tickEv: (+1)
   \   00000000   0xB570             PUSH     {R4-R6,LR}
   \   00000002   0x4604             MOV      R4,R0
    172            if (!this->isRunning()) return;
   \   00000004   0x.... 0x....      BL       _ZN9Stopwatch9isRunningEv
   \   00000008   0x2800             CMP      R0,#+0
   \   0000000A   0xD038             BEQ.N    ??tick_0
   \   0000000C   0x....             LDR.N    R5,??DataTable9_3
   \   0000000E   0x7828             LDRB     R0,[R5, #+0]
   \   00000010   0xB920             CBNZ.N   R0,??tick_1
   \   00000012   0x2001             MOVS     R0,#+1
   \   00000014   0x7028             STRB     R0,[R5, #+0]
    173          
    174            static uint32_t update_last = millis(),
   \   00000016   0x.... 0x....      BL       HAL_GetTick
   \   0000001A   0x60A8             STR      R0,[R5, #+8]
   \                     ??tick_1: (+1)
   \   0000001C   0x7868             LDRB     R0,[R5, #+1]
   \   0000001E   0xB920             CBNZ.N   R0,??tick_2
   \   00000020   0x2001             MOVS     R0,#+1
   \   00000022   0x7068             STRB     R0,[R5, #+1]
    175                            eeprom_last = millis();
   \   00000024   0x.... 0x....      BL       HAL_GetTick
   \   00000028   0x60E8             STR      R0,[R5, #+12]
    176          
    177            millis_t now = millis();
   \                     ??tick_2: (+1)
   \   0000002A   0x.... 0x....      BL       HAL_GetTick
   \   0000002E   0x4606             MOV      R6,R0
   \   00000030   0x78A8             LDRB     R0,[R5, #+2]
   \   00000032   0xB920             CBNZ.N   R0,??tick_3
   \   00000034   0x2001             MOVS     R0,#+1
   \   00000036   0x70A8             STRB     R0,[R5, #+2]
    178          
    179            // Trying to get the amount of calculations down to the bare min
    180            const static uint16_t i = this->updateInterval * 1000;
   \   00000038   0xF242 0x7010      MOVW     R0,#+10000
   \   0000003C   0x80A8             STRH     R0,[R5, #+4]
    181          
    182            if (now - update_last >= i) {
   \                     ??tick_3: (+1)
   \   0000003E   0x68A8             LDR      R0,[R5, #+8]
   \   00000040   0x88A9             LDRH     R1,[R5, #+4]
   \   00000042   0x1A30             SUBS     R0,R6,R0
   \   00000044   0x4288             CMP      R0,R1
   \   00000046   0xD306             BCC.N    ??tick_4
    183              #if ENABLED(DEBUG_PRINTCOUNTER)
    184                PrintCounter::debug(PSTR("tick"));
    185              #endif
    186          
    187              this->data.printTime += this->deltaDuration();
   \   00000048   0x4620             MOV      R0,R4
   \   0000004A   0x.... 0x....      BL       _ZN12PrintCounter13deltaDurationEv
   \   0000004E   0x6961             LDR      R1,[R4, #+20]
   \   00000050   0x1840             ADDS     R0,R0,R1
   \   00000052   0x6160             STR      R0,[R4, #+20]
    188              update_last = now;
   \   00000054   0x60AE             STR      R6,[R5, #+8]
   \                     ??tick_4: (+1)
   \   00000056   0x78E8             LDRB     R0,[R5, #+3]
   \   00000058   0xB918             CBNZ.N   R0,??tick_5
   \   0000005A   0x2001             MOVS     R0,#+1
   \   0000005C   0x70E8             STRB     R0,[R5, #+3]
    189            }
    190          
    191            // Trying to get the amount of calculations down to the bare min
    192            const static millis_t j = this->saveInterval * 1000;
   \   0000005E   0x....             LDR.N    R0,??DataTable9_4  ;; 0x36ee80
   \   00000060   0x6128             STR      R0,[R5, #+16]
    193            if (now - eeprom_last >= j) {
   \                     ??tick_5: (+1)
   \   00000062   0x68E8             LDR      R0,[R5, #+12]
   \   00000064   0x6929             LDR      R1,[R5, #+16]
   \   00000066   0x1A30             SUBS     R0,R6,R0
   \   00000068   0x4288             CMP      R0,R1
   \   0000006A   0xD308             BCC.N    ??tick_0
    194              eeprom_last = now;
   \   0000006C   0x60EE             STR      R6,[R5, #+12]
    195              this->saveStats();
   \   0000006E   0xF894 0x002C      LDRB     R0,[R4, #+44]
   \   00000072   0xB120             CBZ.N    R0,??tick_0
   \   00000074   0xF104 0x0110      ADD      R1,R4,#+16
   \   00000078   0xE8BD 0x4070      POP      {R4-R6,LR}
   \   0000007C   0x....             B.N      ?Subroutine1
    196            }
    197          }
   \                     ??tick_0: (+1)
   \   0000007E   0xBD70             POP      {R4-R6,PC}       ;; return

   \                                 In section .bss, align 4
   \   __absolute unsigned char PrintCounter::tick()::_ZGVupdate_last
   \                     ??_ZGVupdate_last:
   \   00000000                      DS8 1
   \   00000001                      DS8 1
   \   00000002                      DS8 1
   \   00000003                      DS8 1
   \   00000004                      DS8 2
   \   00000006                      DS8 2
   \   00000008                      DS8 4
   \   0000000C                      DS8 4
   \   00000010                      DS8 4
    198          
    199          // @Override

   \                                 In section .text, align 2, keep-with-next
    200          bool PrintCounter::start() {
   \                     _ZN12PrintCounter5startEv: (+1)
   \   00000000   0xB538             PUSH     {R3-R5,LR}
   \   00000002   0x4604             MOV      R4,R0
    201            #if ENABLED(DEBUG_PRINTCOUNTER)
    202              PrintCounter::debug(PSTR("start"));
    203            #endif
    204          
    205            bool paused = this->isPaused();
   \   00000004   0x.... 0x....      BL       _ZN9Stopwatch8isPausedEv
   \   00000008   0x4605             MOV      R5,R0
    206          
    207            if (super::start()) {
   \   0000000A   0x4620             MOV      R0,R4
   \   0000000C   0x.... 0x....      BL       _ZN9Stopwatch5startEv
   \   00000010   0xB130             CBZ.N    R0,??start_0
    208              if (!paused) {
   \   00000012   0xB925             CBNZ.N   R5,??start_1
    209                this->data.totalPrints++;
   \   00000014   0x8A20             LDRH     R0,[R4, #+16]
   \   00000016   0x1C40             ADDS     R0,R0,#+1
   \   00000018   0x8220             STRH     R0,[R4, #+16]
    210                this->lastDuration = 0;
   \   0000001A   0x2000             MOVS     R0,#+0
   \   0000001C   0x62A0             STR      R0,[R4, #+40]
    211              }
    212              return true;
   \                     ??start_1: (+1)
   \   0000001E   0x2001             MOVS     R0,#+1
    213            }
    214          
    215            return false;
   \                     ??start_0: (+1)
   \   00000020   0xBD32             POP      {R1,R4,R5,PC}    ;; return
    216          }
    217          
    218          // @Override

   \                                 In section .text, align 2, keep-with-next
    219          bool PrintCounter::stop() {
   \                     _ZN12PrintCounter4stopEv: (+1)
   \   00000000   0xB538             PUSH     {R3-R5,LR}
   \   00000002   0x4604             MOV      R4,R0
    220            #if ENABLED(DEBUG_PRINTCOUNTER)
    221              PrintCounter::debug(PSTR("stop"));
    222            #endif
    223          
    224            if (super::stop()) {
   \   00000004   0x.... 0x....      BL       _ZN9Stopwatch4stopEv
   \   00000008   0xB1E8             CBZ.N    R0,??stop_0
    225              this->data.finishedPrints++;
   \   0000000A   0x8A60             LDRH     R0,[R4, #+18]
   \   0000000C   0x1C40             ADDS     R0,R0,#+1
   \   0000000E   0x8260             STRH     R0,[R4, #+18]
    226              this->data.printTime += this->deltaDuration();
   \   00000010   0x4620             MOV      R0,R4
   \   00000012   0x.... 0x....      BL       _ZN12PrintCounter13deltaDurationEv
   \   00000016   0x6961             LDR      R1,[R4, #+20]
   \   00000018   0x1840             ADDS     R0,R0,R1
   \   0000001A   0x6160             STR      R0,[R4, #+20]
    227          
    228              if (this->duration() > this->data.longestPrint)
   \   0000001C   0x4620             MOV      R0,R4
   \   0000001E   0x.... 0x....      BL       _ZN9Stopwatch8durationEv
   \   00000022   0xF104 0x0514      ADD      R5,R4,#+20
   \   00000026   0x6869             LDR      R1,[R5, #+4]
   \   00000028   0x4281             CMP      R1,R0
   \   0000002A   0xD203             BCS.N    ??stop_1
    229                this->data.longestPrint = this->duration();
   \   0000002C   0x4620             MOV      R0,R4
   \   0000002E   0x.... 0x....      BL       _ZN9Stopwatch8durationEv
   \   00000032   0x6068             STR      R0,[R5, #+4]
    230          
    231              this->saveStats();
   \                     ??stop_1: (+1)
   \   00000034   0x7E28             LDRB     R0,[R5, #+24]
   \   00000036   0xB128             CBZ.N    R0,??stop_2
   \   00000038   0x2218             MOVS     R2,#+24
   \   0000003A   0xF104 0x0110      ADD      R1,R4,#+16
   \   0000003E   0x2033             MOVS     R0,#+51
   \   00000040   0x.... 0x....      BL       AT24CXX_Write
    232              return true;
   \                     ??stop_2: (+1)
   \   00000044   0x2001             MOVS     R0,#+1
    233            }
    234            else return false;
   \                     ??stop_0: (+1)
   \   00000046   0xBD32             POP      {R1,R4,R5,PC}    ;; return
    235          }
    236          
    237          // @Override

   \                                 In section .text, align 2, keep-with-next
    238          void PrintCounter::reset() {
   \                     _ZN12PrintCounter5resetEv: (+1)
   \   00000000   0xB510             PUSH     {R4,LR}
   \   00000002   0x4604             MOV      R4,R0
    239            #if ENABLED(DEBUG_PRINTCOUNTER)
    240              PrintCounter::debug(PSTR("stop"));
    241            #endif
    242          
    243            super::reset();
   \   00000004   0x.... 0x....      BL       _ZN9Stopwatch5resetEv
    244            this->lastDuration = 0;
   \   00000008   0x2000             MOVS     R0,#+0
   \   0000000A   0x62A0             STR      R0,[R4, #+40]
    245          }
   \   0000000C   0xBD10             POP      {R4,PC}          ;; return

   \                                 In section .rodata, align 2, keep-with-next
   \                     `?<Constant "m">`:
   \   00000000   0x6D 0x00          DC8 "m"

   \                                 In section .text, align 2, keep-with-next
   \   __code __interwork __softfp PrintCounter::subobject PrintCounter()
   \                     _ZN12PrintCounterC2Ev: (+1)
   \   00000000   0xB510             PUSH     {R4,LR}
   \   00000002   0x....             B.N      ?Subroutine0

   \                                 In section .text, align 4, keep-with-next
   \                     ??DataTable9:
   \   00000000   0x6D 0x00          DC8      "m",0x0,0x0
   \              0x00 0x00    

   \                                 In section .text, align 4, keep-with-next
   \                     ??DataTable9_1:
   \   00000000   0x........         DC32     Serial3

   \                                 In section .text, align 4, keep-with-next
   \                     ??DataTable9_2:
   \   00000000   0x408F4000         DC32     0x408f4000

   \                                 In section .text, align 4, keep-with-next
   \                     ??DataTable9_3:
   \   00000000   0x........         DC32     ??_ZGVupdate_last

   \                                 In section .text, align 4, keep-with-next
   \                     ??DataTable9_4:
   \   00000000   0x0036EE80         DC32     0x36ee80

   \                                 In section .text, align 4, keep-with-next
   \                     `?<Constant "Stats: ">`:
   \   00000000   0x53 0x74          DC8 "Stats: "
   \              0x61 0x74    
   \              0x73 0x3A    
   \              0x20 0x00    

   \                                 In section .text, align 4, keep-with-next
   \                     `?<Constant "Prints: ">`:
   \   00000000   0x50 0x72          DC8 "Prints: "
   \              0x69 0x6E    
   \              0x74 0x73    
   \              0x3A 0x20    
   \              0x00         
   \   00000009   0x00 0x00          DC8 0, 0, 0
   \              0x00         

   \                                 In section .text, align 4, keep-with-next
   \                     `?<Constant ", Finished: ">`:
   \   00000000   0x2C 0x20          DC8 ", Finished: "
   \              0x46 0x69    
   \              0x6E 0x69    
   \              0x73 0x68    
   \              0x65 0x64    
   \              0x3A 0x20    
   \              0x00         
   \   0000000D   0x00 0x00          DC8 0, 0, 0
   \              0x00         

   \                                 In section .text, align 4, keep-with-next
   \                     `?<Constant ", Failed: ">`:
   \   00000000   0x2C 0x20          DC8 ", Failed: "
   \              0x46 0x61    
   \              0x69 0x6C    
   \              0x65 0x64    
   \              0x3A 0x20    
   \              0x00         
   \   0000000B   0x00               DC8 0

   \                                 In section .text, align 4, keep-with-next
   \                     `?<Constant "Total time: ">`:
   \   00000000   0x54 0x6F          DC8 "Total time: "
   \              0x74 0x61    
   \              0x6C 0x20    
   \              0x74 0x69    
   \              0x6D 0x65    
   \              0x3A 0x20    
   \              0x00         
   \   0000000D   0x00 0x00          DC8 0, 0, 0
   \              0x00         

   \                                 In section .text, align 4, keep-with-next
   \                     `?<Constant ", Longest job: ">`:
   \   00000000   0x2C 0x20          DC8 ", Longest job: "
   \              0x4C 0x6F    
   \              0x6E 0x67    
   \              0x65 0x73    
   \              0x74 0x20    
   \              0x6A 0x6F    
   \              0x62 0x3A    
   \              0x20 0x00    

   \                                 In section .text, align 4, keep-with-next
   \                     `?<Constant "Filament used: ">`:
   \   00000000   0x46 0x69          DC8 "Filament used: "
   \              0x6C 0x61    
   \              0x6D 0x65    
   \              0x6E 0x74    
   \              0x20 0x75    
   \              0x73 0x65    
   \              0x64 0x3A    
   \              0x20 0x00    
    246          
    247          #if ENABLED(DEBUG_PRINTCOUNTER)
    248          
    249            void PrintCounter::debug(const char func[]) {
    250              if (DEBUGGING(INFO)) {
    251                SERIAL_ECHOPGM("PrintCounter::");
    252                serialprintPGM(func);
    253                SERIAL_ECHOLNPGM("()");
    254              }
    255            }
    256          
    257          #endif

   Maximum stack usage in bytes:

   .cstack Function
   ------- --------
       0   PrintCounter::PrintCounter()
         8   -> PrintCounter::loadStats()
         8   -> Stopwatch::subobject Stopwatch()
      16   PrintCounter::deltaDuration()
        16   -> Stopwatch::duration()
      16   PrintCounter::incFilamentUsed(double const &)
        16   -> __aeabi_dadd
       8   PrintCounter::initStats()
         8   -> AT24CXX_Write
       0   PrintCounter::isLoaded()
      16   PrintCounter::loadStats()
        16   -> AT24CXX_Read
        16   -> PrintCounter::initStats()
       8   PrintCounter::reset()
         8   -> Stopwatch::reset()
       0   PrintCounter::saveStats()
         0   -> AT24CXX_Write
      56   PrintCounter::showStats()
        56   -> Print::print(char const *)
        56   -> Print::print(double, int)
        56   -> Print::print(int, int)
        56   -> Stopwatch::isPaused()
        56   -> Stopwatch::isRunning()
        56   -> USARTClass::write(uint8_t)
        56   -> __aeabi_ddiv
        56   -> duration_t::duration_t()
        56   -> duration_t::toString(char *) const
        56   -> serialprintPGM(char const *)
      16   PrintCounter::start()
        16   -> Stopwatch::isPaused()
        16   -> Stopwatch::start()
      16   PrintCounter::stop()
        16   -> AT24CXX_Write
        16   -> PrintCounter::deltaDuration()
        16   -> Stopwatch::duration()
        16   -> Stopwatch::stop()
       8   PrintCounter::subobject PrintCounter()
         8   -> PrintCounter::loadStats()
         8   -> Stopwatch::subobject Stopwatch()
      16   PrintCounter::tick()
         0   -> AT24CXX_Write
        16   -> HAL_GetTick
        16   -> PrintCounter::deltaDuration()
        16   -> Stopwatch::isRunning()
      32   duration_t::toString(char *) const
         0   -> sprintf
        32   -> sprintf
      16   serialprintPGM(char const *)
        16   -> USARTClass::write(uint8_t)


   Section sizes:

   Bytes  Function/Label
   -----  --------------
      12  ?<Constant ", Failed: ">
      16  ?<Constant ", Finished: ">
      16  ?<Constant ", Longest job: ">
      16  ?<Constant "Filament used: ">
      12  ?<Constant "Prints: ">
       8  ?<Constant "Stats: ">
      16  ?<Constant "Total time: ">
       2  ?<Constant "m">
       4  ??DataTable9
       4  ??DataTable9_1
       4  ??DataTable9_2
       4  ??DataTable9_3
       4  ??DataTable9_4
      16  ?Subroutine0
       8  ?Subroutine1
       2  PrintCounter::PrintCounter()
      16  PrintCounter::deltaDuration()
      32  PrintCounter::incFilamentUsed(double const &)
      50  PrintCounter::initStats()
       6  PrintCounter::isLoaded()
      52  PrintCounter::loadStats()
      14  PrintCounter::reset()
      14  PrintCounter::saveStats()
     314  PrintCounter::showStats()
      34  PrintCounter::start()
      72  PrintCounter::stop()
       4  PrintCounter::subobject PrintCounter()
     128  PrintCounter::tick()
      20  _ZGVupdate_last
          _ZGVeeprom_last
          _ZGVi
          _ZGVj
          i
          update_last
          eeprom_last
          j
     180  duration_t::toString(char *) const
      32  serialprintPGM(char const *)
      61  -- Other

 
    20 bytes in section .bss
    63 bytes in section .rodata
 1 090 bytes in section .text
 
 878 bytes of CODE  memory (+ 212 bytes shared)
   2 bytes of CONST memory (+  61 bytes shared)
  20 bytes of DATA  memory

Errors: none
Warnings: 10
