###############################################################################
#
# IAR ANSI C/C++ Compiler V7.10.1.6676/W32 for ARM        14/Feb/2020  17:05:56
# Copyright 1999-2014 IAR Systems AB.
#
#    Cpu mode     =  thumb
#    Endian       =  little
#    Source file  =  
#        E:\code\Robin_Nano_SVN\branches\robin_nano35源码\robin_nano35_v1.0.4_source\Middlewares\Third_Party\Marlin\stepper_dac.cpp
#    Command line =  
#        E:\code\Robin_Nano_SVN\branches\robin_nano35源码\robin_nano35_v1.0.4_source\Middlewares\Third_Party\Marlin\stepper_dac.cpp
#        -D USE_HAL_DRIVER -D STM32F103xE -D STM32F10X_HD -D USE_HAL_LIB -D
#        MKS_ROBIN_NANO -D TFT35 -lC
#        E:\code\Robin_Nano_SVN\branches\robin_nano35源码\robin_nano35_v1.0.4_source\EWARM\mksRobinNano/List\
#        -lA
#        E:\code\Robin_Nano_SVN\branches\robin_nano35源码\robin_nano35_v1.0.4_source\EWARM\mksRobinNano/List\
#        --diag_suppress Pa050 -o
#        E:\code\Robin_Nano_SVN\branches\robin_nano35源码\robin_nano35_v1.0.4_source\EWARM\mksRobinNano/Obj\
#        --no_unroll --no_inline --no_tbaa --no_scheduling --debug
#        --endian=little --cpu=Cortex-M3 -e --char_is_signed --fpu=None
#        --dlib_config "C:\Program Files (x86)\IAR Systems\Embedded Workbench
#        7.0\arm\INC\c\DLib_Config_Full.h" -I
#        E:\code\Robin_Nano_SVN\branches\robin_nano35源码\robin_nano35_v1.0.4_source\EWARM/../Inc\
#        -I
#        E:\code\Robin_Nano_SVN\branches\robin_nano35源码\robin_nano35_v1.0.4_source\EWARM/../Src\
#        -I
#        E:\code\Robin_Nano_SVN\branches\robin_nano35源码\robin_nano35_v1.0.4_source\EWARM/../Drivers/STM32F1xx_HAL_Driver/Inc\
#        -I
#        E:\code\Robin_Nano_SVN\branches\robin_nano35源码\robin_nano35_v1.0.4_source\EWARM/../Drivers/STM32F1xx_HAL_Driver/Inc/Legacy\
#        -I
#        E:\code\Robin_Nano_SVN\branches\robin_nano35源码\robin_nano35_v1.0.4_source\EWARM/../Middlewares/Third_Party/FatFs/src/drivers\
#        -I
#        E:\code\Robin_Nano_SVN\branches\robin_nano35源码\robin_nano35_v1.0.4_source\EWARM/../Middlewares/ST/STM32_USB_Host_Library/Core/Inc\
#        -I
#        E:\code\Robin_Nano_SVN\branches\robin_nano35源码\robin_nano35_v1.0.4_source\EWARM/../Middlewares/ST/STM32_USB_Host_Library/Class/MSC/Inc\
#        -I
#        E:\code\Robin_Nano_SVN\branches\robin_nano35源码\robin_nano35_v1.0.4_source\EWARM/../Drivers/CMSIS/Device/ST/STM32F1xx/Include\
#        -I
#        E:\code\Robin_Nano_SVN\branches\robin_nano35源码\robin_nano35_v1.0.4_source\EWARM/../Middlewares/Third_Party/FatFs/src\
#        -I
#        E:\code\Robin_Nano_SVN\branches\robin_nano35源码\robin_nano35_v1.0.4_source\EWARM/../Drivers/CMSIS/Include\
#        -I
#        E:\code\Robin_Nano_SVN\branches\robin_nano35源码\robin_nano35_v1.0.4_source\EWARM/../Drivers/BSP/variant\
#        -I
#        E:\code\Robin_Nano_SVN\branches\robin_nano35源码\robin_nano35_v1.0.4_source\EWARM/../Drivers/BSP/Components/at24cxx\
#        -I
#        E:\code\Robin_Nano_SVN\branches\robin_nano35源码\robin_nano35_v1.0.4_source\EWARM/../Drivers/BSP/Components/w25qxx\
#        -I
#        E:\code\Robin_Nano_SVN\branches\robin_nano35源码\robin_nano35_v1.0.4_source\EWARM/../Drivers/BSP/Components/lcd\
#        -I
#        E:\code\Robin_Nano_SVN\branches\robin_nano35源码\robin_nano35_v1.0.4_source\EWARM/../Drivers/STM32F10x_StdPeriph_Driver/inc\
#        -I
#        E:\code\Robin_Nano_SVN\branches\robin_nano35源码\robin_nano35_v1.0.4_source\EWARM/../Drivers/libstmf4/include\
#        -I
#        E:\code\Robin_Nano_SVN\branches\robin_nano35源码\robin_nano35_v1.0.4_source\EWARM/../Middlewares/arduino/stm32/cores/arduino\
#        -I
#        E:\code\Robin_Nano_SVN\branches\robin_nano35源码\robin_nano35_v1.0.4_source\EWARM/../User/ui\
#        -I
#        E:\code\Robin_Nano_SVN\branches\robin_nano35源码\robin_nano35_v1.0.4_source\EWARM/../User/ui/Multi_language\
#        -I
#        E:\code\Robin_Nano_SVN\branches\robin_nano35源码\robin_nano35_v1.0.4_source\EWARM/../User/ui/QRENCODE\
#        -I
#        E:\code\Robin_Nano_SVN\branches\robin_nano35源码\robin_nano35_v1.0.4_source\EWARM\..\Middlewares\
#        -I
#        E:\code\Robin_Nano_SVN\branches\robin_nano35源码\robin_nano35_v1.0.4_source\EWARM\..\Middlewares\GUI\
#        -I
#        E:\code\Robin_Nano_SVN\branches\robin_nano35源码\robin_nano35_v1.0.4_source\EWARM\..\Middlewares\Third_Party\Marlin\
#        -Om --eec++ -I "C:\Program Files (x86)\IAR Systems\Embedded Workbench
#        7.0\arm\CMSIS\Include\"
#    List file    =  
#        E:\code\Robin_Nano_SVN\branches\robin_nano35源码\robin_nano35_v1.0.4_source\EWARM\mksRobinNano/List\stepper_dac.lst
#    Object file  =  
#        E:\code\Robin_Nano_SVN\branches\robin_nano35源码\robin_nano35_v1.0.4_source\EWARM\mksRobinNano/Obj\stepper_dac.o
#
###############################################################################

E:\code\Robin_Nano_SVN\branches\robin_nano35源码\robin_nano35_v1.0.4_source\Middlewares\Third_Party\Marlin\stepper_dac.cpp
      1          /**
      2           * Marlin 3D Printer Firmware
      3           * Copyright (C) 2016 MarlinFirmware [https://github.com/MarlinFirmware/Marlin]
      4           *
      5           * Based on Sprinter and grbl.
      6           * Copyright (C) 2011 Camiel Gubbels / Erik van der Zalm
      7           *
      8           * This program is free software: you can redistribute it and/or modify
      9           * it under the terms of the GNU General Public License as published by
     10           * the Free Software Foundation, either version 3 of the License, or
     11           * (at your option) any later version.
     12           *
     13           * This program is distributed in the hope that it will be useful,
     14           * but WITHOUT ANY WARRANTY; without even the implied warranty of
     15           * MERCHANTABILITY or FITNESS FOR A PARTICULAR PURPOSE.  See the
     16           * GNU General Public License for more details.
     17           *
     18           * You should have received a copy of the GNU General Public License
     19           * along with this program.  If not, see <http://www.gnu.org/licenses/>.
     20           *
     21           */
     22          
     23          /**
     24            stepper_dac.cpp - To set stepper current via DAC
     25          
     26            Part of Marlin
     27          
     28            Copyright (c) 2016 MarlinFirmware
     29          
     30            Marlin is free software: you can redistribute it and/or modify
     31            it under the terms of the GNU General Public License as published by
     32            the Free Software Foundation, either version 3 of the License, or
     33            (at your option) any later version.
     34          
     35            Marlin is distributed in the hope that it will be useful,
     36            but WITHOUT ANY WARRANTY; without even the implied warranty of
     37            MERCHANTABILITY or FITNESS FOR A PARTICULAR PURPOSE.  See the
     38            GNU General Public License for more details.
     39          
     40            You should have received a copy of the GNU General Public License
     41            along with Marlin.  If not, see <http://www.gnu.org/licenses/>.
     42          */
     43          
     44          #include "Marlin.h"

  #define UNUSED(x) ((void)(x))
          ^
"E:\code\Robin_Nano_SVN\branches\robin_nano35源码\robin_nano35_v1.0.4_source\Drivers\STM32F1xx_HAL_Driver\Inc\stm32f1xx_hal_def.h",87  Warning[Pe047]: 
          incompatible redefinition of macro "UNUSED" (declared at line 101 of
          "E:\code\Robin_Nano_SVN\branches\robin_nano35源码\robin_nano35_v1.0.4
          _source\Middlewares\Third_Party\Marlin\macros.h")

  		volatile volatile float desireBedTempBak;
  		         ^
"E:\code\Robin_Nano_SVN\branches\robin_nano35源码\robin_nano35_v1.0.4_source\Inc\mks_cfg.h",613  Warning[Pe083]: 
          type qualifier specified more than once

  #define strcpy_P(dest, src) strcpy((dest), (src))
          ^
"E:\code\Robin_Nano_SVN\branches\robin_nano35源码\robin_nano35_v1.0.4_source\Middlewares\arduino\stm32\cores\arduino\avr\pgmspace.h",23  Warning[Pe047]: 
          incompatible redefinition of macro "strcpy_P" (declared at line 93
          of
          "E:\code\Robin_Nano_SVN\branches\robin_nano35源码\robin_nano35_v1.0.4
          _source\Middlewares\Third_Party\Marlin\Marlin_export.h")

  #define strstr_P(a, b) strstr((a), (b))
          ^
"E:\code\Robin_Nano_SVN\branches\robin_nano35源码\robin_nano35_v1.0.4_source\Middlewares\arduino\stm32\cores\arduino\avr\pgmspace.h",26  Warning[Pe047]: 
          incompatible redefinition of macro "strstr_P" (declared at line 94
          of
          "E:\code\Robin_Nano_SVN\branches\robin_nano35源码\robin_nano35_v1.0.4
          _source\Middlewares\Third_Party\Marlin\Marlin_export.h")

  #define sprintf_P(s, f, ...) sprintf((s), (f), __VA_ARGS__)
          ^
"E:\code\Robin_Nano_SVN\branches\robin_nano35源码\robin_nano35_v1.0.4_source\Middlewares\arduino\stm32\cores\arduino\avr\pgmspace.h",28  Warning[Pe047]: 
          incompatible redefinition of macro "sprintf_P" (declared at line 95
          of
          "E:\code\Robin_Nano_SVN\branches\robin_nano35源码\robin_nano35_v1.0.4
          _source\Middlewares\Third_Party\Marlin\Marlin_export.h")

  #define pgm_read_word_near(addr) pgm_read_word(addr)
          ^
"E:\code\Robin_Nano_SVN\branches\robin_nano35源码\robin_nano35_v1.0.4_source\Middlewares\arduino\stm32\cores\arduino\avr\pgmspace.h",38  Warning[Pe047]: 
          incompatible redefinition of macro "pgm_read_word_near" (declared at
          line 65 of
          "E:\code\Robin_Nano_SVN\branches\robin_nano35源码\robin_nano35_v1.0.4
          _source\Middlewares\Third_Party\Marlin\Marlin_export.h")

    }
    ^
"E:\code\Robin_Nano_SVN\branches\robin_nano35源码\robin_nano35_v1.0.4_source\Middlewares\Third_Party\Marlin\Marlin.h",537  Warning[Pe940]: 
          missing return statement at end of non-void function
          "position_is_reachable_IS_KINEMATIC"
     45          
     46          #if ENABLED(DAC_STEPPER_CURRENT)
     47          
     48            #include "stepper_dac.h"
     49          
     50            bool dac_present = false;
     51            const uint8_t dac_order[NUM_AXIS] = DAC_STEPPER_ORDER;
     52            uint8_t dac_channel_pct[XYZE] = DAC_MOTOR_CURRENT_DEFAULT;
     53          
     54            int dac_init() {
     55              #if PIN_EXISTS(DAC_DISABLE)
     56                OUT_WRITE(DAC_DISABLE_PIN, LOW);  // set pin low to enable DAC
     57              #endif
     58          
     59              mcp4728_init();
     60          
     61              if (mcp4728_simpleCommand(RESET)) return -1;
     62          
     63              dac_present = true;
     64          
     65              mcp4728_setVref_all(DAC_STEPPER_VREF);
     66              mcp4728_setGain_all(DAC_STEPPER_GAIN);
     67          
     68              if (mcp4728_getDrvPct(0) < 1 || mcp4728_getDrvPct(1) < 1 || mcp4728_getDrvPct(2) < 1 || mcp4728_getDrvPct(3) < 1 ) {
     69                mcp4728_setDrvPct(dac_channel_pct);
     70                mcp4728_eepromWrite();
     71              }
     72          
     73              return 0;
     74            }
     75          
     76            void dac_current_percent(uint8_t channel, float val) {
     77              if (!dac_present) return;
     78          
     79              NOMORE(val, 100);
     80          
     81              mcp4728_analogWrite(dac_order[channel], val * 0.01 * (DAC_STEPPER_MAX));
     82              mcp4728_simpleCommand(UPDATE);
     83            }
     84          
     85            void dac_current_raw(uint8_t channel, uint16_t val) {
     86              if (!dac_present) return;
     87          
     88              NOMORE(val, DAC_STEPPER_MAX);
     89          
     90              mcp4728_analogWrite(dac_order[channel], val);
     91              mcp4728_simpleCommand(UPDATE);
     92            }
     93          
     94            static float dac_perc(int8_t n) { return 100.0 * mcp4728_getValue(dac_order[n]) * (1.0 / (DAC_STEPPER_MAX)); }
     95            static float dac_amps(int8_t n) { return mcp4728_getDrvPct(dac_order[n]) * (DAC_STEPPER_MAX) * 0.125 * (1.0 / (DAC_STEPPER_SENSE)); }
     96          
     97            uint8_t dac_current_get_percent(const AxisEnum axis) { return mcp4728_getDrvPct(dac_order[axis]); }
     98            void dac_current_set_percents(const uint8_t pct[XYZE]) {
     99              LOOP_XYZE(i) dac_channel_pct[i] = pct[dac_order[i]];
    100              mcp4728_setDrvPct(dac_channel_pct);
    101            }
    102          
    103            void dac_print_values() {
    104              if (!dac_present) return;
    105          
    106              SERIAL_ECHO_START();
    107              SERIAL_ECHOLNPGM("Stepper current values in % (Amps):");
    108              SERIAL_ECHO_START();
    109              SERIAL_ECHOPAIR(" X:",  dac_perc(X_AXIS));
    110              SERIAL_ECHOPAIR(" (",   dac_amps(X_AXIS));
    111              SERIAL_ECHOPAIR(") Y:", dac_perc(Y_AXIS));
    112              SERIAL_ECHOPAIR(" (",   dac_amps(Y_AXIS));
    113              SERIAL_ECHOPAIR(") Z:", dac_perc(Z_AXIS));
    114              SERIAL_ECHOPAIR(" (",   dac_amps(Z_AXIS));
    115              SERIAL_ECHOPAIR(") E:", dac_perc(E_AXIS));
    116              SERIAL_ECHOPAIR(" (",   dac_amps(E_AXIS));
    117              SERIAL_ECHOLN(")");
    118            }
    119          
    120            void dac_commit_eeprom() {
    121              if (!dac_present) return;
    122              mcp4728_eepromWrite();
    123            }
    124          
    125          #endif // DAC_STEPPER_CURRENT


   Section sizes:

   Bytes  Function/Label
   -----  --------------
       1  -- Other

 
 1 byte in section .rodata
 
 0 bytes of CONST memory (+ 1 byte shared)

Errors: none
Warnings: 7
