###############################################################################
#
# IAR ANSI C/C++ Compiler V7.10.1.6676/W32 for ARM        14/Feb/2020  17:06:03
# Copyright 1999-2014 IAR Systems AB.
#
#    Cpu mode     =  thumb
#    Endian       =  little
#    Source file  =  
#        E:\code\Robin_Nano_SVN\branches\robin_nano35源码\robin_nano35_v1.0.4_source\Src\stm32f1xx_hal_msp.c
#    Command line =  
#        E:\code\Robin_Nano_SVN\branches\robin_nano35源码\robin_nano35_v1.0.4_source\Src\stm32f1xx_hal_msp.c
#        -D USE_HAL_DRIVER -D STM32F103xE -D STM32F10X_HD -D USE_HAL_LIB -D
#        MKS_ROBIN_NANO -D TFT35 -lC
#        E:\code\Robin_Nano_SVN\branches\robin_nano35源码\robin_nano35_v1.0.4_source\EWARM\mksRobinNano/List\
#        -lA
#        E:\code\Robin_Nano_SVN\branches\robin_nano35源码\robin_nano35_v1.0.4_source\EWARM\mksRobinNano/List\
#        --diag_suppress Pa050 -o
#        E:\code\Robin_Nano_SVN\branches\robin_nano35源码\robin_nano35_v1.0.4_source\EWARM\mksRobinNano/Obj\
#        --no_unroll --no_inline --no_tbaa --no_scheduling --debug
#        --endian=little --cpu=Cortex-M3 -e --char_is_signed --fpu=None
#        --dlib_config "C:\Program Files (x86)\IAR Systems\Embedded Workbench
#        7.0\arm\INC\c\DLib_Config_Full.h" -I
#        E:\code\Robin_Nano_SVN\branches\robin_nano35源码\robin_nano35_v1.0.4_source\EWARM/../Inc\
#        -I
#        E:\code\Robin_Nano_SVN\branches\robin_nano35源码\robin_nano35_v1.0.4_source\EWARM/../Src\
#        -I
#        E:\code\Robin_Nano_SVN\branches\robin_nano35源码\robin_nano35_v1.0.4_source\EWARM/../Drivers/STM32F1xx_HAL_Driver/Inc\
#        -I
#        E:\code\Robin_Nano_SVN\branches\robin_nano35源码\robin_nano35_v1.0.4_source\EWARM/../Drivers/STM32F1xx_HAL_Driver/Inc/Legacy\
#        -I
#        E:\code\Robin_Nano_SVN\branches\robin_nano35源码\robin_nano35_v1.0.4_source\EWARM/../Middlewares/Third_Party/FatFs/src/drivers\
#        -I
#        E:\code\Robin_Nano_SVN\branches\robin_nano35源码\robin_nano35_v1.0.4_source\EWARM/../Middlewares/ST/STM32_USB_Host_Library/Core/Inc\
#        -I
#        E:\code\Robin_Nano_SVN\branches\robin_nano35源码\robin_nano35_v1.0.4_source\EWARM/../Middlewares/ST/STM32_USB_Host_Library/Class/MSC/Inc\
#        -I
#        E:\code\Robin_Nano_SVN\branches\robin_nano35源码\robin_nano35_v1.0.4_source\EWARM/../Drivers/CMSIS/Device/ST/STM32F1xx/Include\
#        -I
#        E:\code\Robin_Nano_SVN\branches\robin_nano35源码\robin_nano35_v1.0.4_source\EWARM/../Middlewares/Third_Party/FatFs/src\
#        -I
#        E:\code\Robin_Nano_SVN\branches\robin_nano35源码\robin_nano35_v1.0.4_source\EWARM/../Drivers/CMSIS/Include\
#        -I
#        E:\code\Robin_Nano_SVN\branches\robin_nano35源码\robin_nano35_v1.0.4_source\EWARM/../Drivers/BSP/variant\
#        -I
#        E:\code\Robin_Nano_SVN\branches\robin_nano35源码\robin_nano35_v1.0.4_source\EWARM/../Drivers/BSP/Components/at24cxx\
#        -I
#        E:\code\Robin_Nano_SVN\branches\robin_nano35源码\robin_nano35_v1.0.4_source\EWARM/../Drivers/BSP/Components/w25qxx\
#        -I
#        E:\code\Robin_Nano_SVN\branches\robin_nano35源码\robin_nano35_v1.0.4_source\EWARM/../Drivers/BSP/Components/lcd\
#        -I
#        E:\code\Robin_Nano_SVN\branches\robin_nano35源码\robin_nano35_v1.0.4_source\EWARM/../Drivers/STM32F10x_StdPeriph_Driver/inc\
#        -I
#        E:\code\Robin_Nano_SVN\branches\robin_nano35源码\robin_nano35_v1.0.4_source\EWARM/../Drivers/libstmf4/include\
#        -I
#        E:\code\Robin_Nano_SVN\branches\robin_nano35源码\robin_nano35_v1.0.4_source\EWARM/../Middlewares/arduino/stm32/cores/arduino\
#        -I
#        E:\code\Robin_Nano_SVN\branches\robin_nano35源码\robin_nano35_v1.0.4_source\EWARM/../User/ui\
#        -I
#        E:\code\Robin_Nano_SVN\branches\robin_nano35源码\robin_nano35_v1.0.4_source\EWARM/../User/ui/Multi_language\
#        -I
#        E:\code\Robin_Nano_SVN\branches\robin_nano35源码\robin_nano35_v1.0.4_source\EWARM/../User/ui/QRENCODE\
#        -I
#        E:\code\Robin_Nano_SVN\branches\robin_nano35源码\robin_nano35_v1.0.4_source\EWARM\..\Middlewares\
#        -I
#        E:\code\Robin_Nano_SVN\branches\robin_nano35源码\robin_nano35_v1.0.4_source\EWARM\..\Middlewares\GUI\
#        -I
#        E:\code\Robin_Nano_SVN\branches\robin_nano35源码\robin_nano35_v1.0.4_source\EWARM\..\Middlewares\Third_Party\Marlin\
#        -Om --use_c++_inline -I "C:\Program Files (x86)\IAR Systems\Embedded
#        Workbench 7.0\arm\CMSIS\Include\"
#    List file    =  
#        E:\code\Robin_Nano_SVN\branches\robin_nano35源码\robin_nano35_v1.0.4_source\EWARM\mksRobinNano/List\stm32f1xx_hal_msp.lst
#    Object file  =  
#        E:\code\Robin_Nano_SVN\branches\robin_nano35源码\robin_nano35_v1.0.4_source\EWARM\mksRobinNano/Obj\stm32f1xx_hal_msp.o
#
###############################################################################

E:\code\Robin_Nano_SVN\branches\robin_nano35源码\robin_nano35_v1.0.4_source\Src\stm32f1xx_hal_msp.c
      1          /**
      2            ******************************************************************************
      3            * File Name          : stm32f1xx_hal_msp.c
      4            * Description        : This file provides code for the MSP Initialization 
      5            *                      and de-Initialization codes.
      6            ******************************************************************************
      7            *
      8            * Copyright (c) 2018 STMicroelectronics International N.V. 
      9            * All rights reserved.
     10            *
     11            * Redistribution and use in source and binary forms, with or without 
     12            * modification, are permitted, provided that the following conditions are met:
     13            *
     14            * 1. Redistribution of source code must retain the above copyright notice, 
     15            *    this list of conditions and the following disclaimer.
     16            * 2. Redistributions in binary form must reproduce the above copyright notice,
     17            *    this list of conditions and the following disclaimer in the documentation
     18            *    and/or other materials provided with the distribution.
     19            * 3. Neither the name of STMicroelectronics nor the names of other 
     20            *    contributors to this software may be used to endorse or promote products 
     21            *    derived from this software without specific written permission.
     22            * 4. This software, including modifications and/or derivative works of this 
     23            *    software, must execute solely and exclusively on microcontroller or
     24            *    microprocessor devices manufactured by or for STMicroelectronics.
     25            * 5. Redistribution and use of this software other than as permitted under 
     26            *    this license is void and will automatically terminate your rights under 
     27            *    this license. 
     28            *
     29            * THIS SOFTWARE IS PROVIDED BY STMICROELECTRONICS AND CONTRIBUTORS "AS IS" 
     30            * AND ANY EXPRESS, IMPLIED OR STATUTORY WARRANTIES, INCLUDING, BUT NOT 
     31            * LIMITED TO, THE IMPLIED WARRANTIES OF MERCHANTABILITY, FITNESS FOR A 
     32            * PARTICULAR PURPOSE AND NON-INFRINGEMENT OF THIRD PARTY INTELLECTUAL PROPERTY
     33            * RIGHTS ARE DISCLAIMED TO THE FULLEST EXTENT PERMITTED BY LAW. IN NO EVENT 
     34            * SHALL STMICROELECTRONICS OR CONTRIBUTORS BE LIABLE FOR ANY DIRECT, INDIRECT,
     35            * INCIDENTAL, SPECIAL, EXEMPLARY, OR CONSEQUENTIAL DAMAGES (INCLUDING, BUT NOT
     36            * LIMITED TO, PROCUREMENT OF SUBSTITUTE GOODS OR SERVICES; LOSS OF USE, DATA, 
     37            * OR PROFITS; OR BUSINESS INTERRUPTION) HOWEVER CAUSED AND ON ANY THEORY OF 
     38            * LIABILITY, WHETHER IN CONTRACT, STRICT LIABILITY, OR TORT (INCLUDING 
     39            * NEGLIGENCE OR OTHERWISE) ARISING IN ANY WAY OUT OF THE USE OF THIS SOFTWARE,
     40            * EVEN IF ADVISED OF THE POSSIBILITY OF SUCH DAMAGE.
     41            *
     42            ******************************************************************************
     43            */
     44          /* Includes ------------------------------------------------------------------*/
     45          #include "stm32f1xx_hal.h"
     46          
     47          extern void Error_Handler(void);
     48          /* USER CODE BEGIN 0 */
     49          
     50          /* USER CODE END 0 */
     51          /**
     52            * Initializes the Global MSP.
     53            */

   \                                 In section .text, align 4, keep-with-next
     54          void HAL_MspInit(void)
     55          {
   \                     HAL_MspInit: (+1)
   \   00000000   0xB580             PUSH     {R7,LR}
     56            /* USER CODE BEGIN MspInit 0 */
     57          
     58            /* USER CODE END MspInit 0 */
     59          
     60            __HAL_RCC_AFIO_CLK_ENABLE();
   \   00000002   0x481F             LDR.N    R0,??HAL_MspInit_0  ;; 0x40021018
   \   00000004   0x6801             LDR      R1,[R0, #+0]
   \   00000006   0xF041 0x0101      ORR      R1,R1,#0x1
   \   0000000A   0x6001             STR      R1,[R0, #+0]
   \   0000000C   0x6800             LDR      R0,[R0, #+0]
   \   0000000E   0xF000 0x0001      AND      R0,R0,#0x1
   \   00000012   0x9000             STR      R0,[SP, #+0]
   \   00000014   0x9800             LDR      R0,[SP, #+0]
     61          
     62            HAL_NVIC_SetPriorityGrouping(NVIC_PRIORITYGROUP_4);
   \   00000016   0x2003             MOVS     R0,#+3
   \   00000018   0x.... 0x....      BL       HAL_NVIC_SetPriorityGrouping
     63          
     64            /* System interrupt init*/
     65            /* MemoryManagement_IRQn interrupt configuration */
     66            HAL_NVIC_SetPriority(MemoryManagement_IRQn, 0, 0);
   \   0000001C   0x2200             MOVS     R2,#+0
   \   0000001E   0x4611             MOV      R1,R2
   \   00000020   0xF06F 0x000B      MVN      R0,#+11
   \   00000024   0x.... 0x....      BL       HAL_NVIC_SetPriority
     67            /* BusFault_IRQn interrupt configuration */
     68            HAL_NVIC_SetPriority(BusFault_IRQn, 0, 0);
   \   00000028   0x2200             MOVS     R2,#+0
   \   0000002A   0x4611             MOV      R1,R2
   \   0000002C   0xF06F 0x000A      MVN      R0,#+10
   \   00000030   0x.... 0x....      BL       HAL_NVIC_SetPriority
     69            /* UsageFault_IRQn interrupt configuration */
     70            HAL_NVIC_SetPriority(UsageFault_IRQn, 0, 0);
   \   00000034   0x2200             MOVS     R2,#+0
   \   00000036   0x4611             MOV      R1,R2
   \   00000038   0xF06F 0x0009      MVN      R0,#+9
   \   0000003C   0x.... 0x....      BL       HAL_NVIC_SetPriority
     71            /* SVCall_IRQn interrupt configuration */
     72            HAL_NVIC_SetPriority(SVCall_IRQn, 0, 0);
   \   00000040   0x2200             MOVS     R2,#+0
   \   00000042   0x4611             MOV      R1,R2
   \   00000044   0xF06F 0x0004      MVN      R0,#+4
   \   00000048   0x.... 0x....      BL       HAL_NVIC_SetPriority
     73            /* DebugMonitor_IRQn interrupt configuration */
     74            HAL_NVIC_SetPriority(DebugMonitor_IRQn, 0, 0);
   \   0000004C   0x2200             MOVS     R2,#+0
   \   0000004E   0x4611             MOV      R1,R2
   \   00000050   0xF06F 0x0003      MVN      R0,#+3
   \   00000054   0x.... 0x....      BL       HAL_NVIC_SetPriority
     75            /* PendSV_IRQn interrupt configuration */
     76            HAL_NVIC_SetPriority(PendSV_IRQn, 0, 0);
   \   00000058   0x2200             MOVS     R2,#+0
   \   0000005A   0x4611             MOV      R1,R2
   \   0000005C   0xF06F 0x0001      MVN      R0,#+1
   \   00000060   0x.... 0x....      BL       HAL_NVIC_SetPriority
     77            /* SysTick_IRQn interrupt configuration */
     78            HAL_NVIC_SetPriority(SysTick_IRQn, 0, 0);
   \   00000064   0x2200             MOVS     R2,#+0
   \   00000066   0x4611             MOV      R1,R2
   \   00000068   0xF04F 0x30FF      MOV      R0,#-1
   \   0000006C   0x.... 0x....      BL       HAL_NVIC_SetPriority
     79          
     80              /**NOJTAG: JTAG-DP Disabled and SW-DP Enabled 
     81              */
     82            __HAL_AFIO_REMAP_SWJ_NOJTAG();
   \   00000070   0x4804             LDR.N    R0,??HAL_MspInit_0+0x4  ;; 0x40010004
   \   00000072   0x6801             LDR      R1,[R0, #+0]
   \   00000074   0xF021 0x61E0      BIC      R1,R1,#0x7000000
   \   00000078   0xF041 0x7100      ORR      R1,R1,#0x2000000
   \   0000007C   0x6001             STR      R1,[R0, #+0]
     83          
     84            /* USER CODE BEGIN MspInit 1 */
     85          
     86            /* USER CODE END MspInit 1 */
     87          }
   \   0000007E   0xBD01             POP      {R0,PC}          ;; return
   \                     ??HAL_MspInit_0:
   \   00000080   0x40021018         DC32     0x40021018
   \   00000084   0x40010004         DC32     0x40010004
     88          
     89          /* USER CODE BEGIN 1 */
     90          
     91          /* USER CODE END 1 */
     92          
     93          /**
     94            * @}
     95            */
     96          
     97          /**
     98            * @}
     99            */
    100          
    101          /************************ (C) COPYRIGHT STMicroelectronics *****END OF FILE****/

   Maximum stack usage in bytes:

   .cstack Function
   ------- --------
       8   HAL_MspInit
         8   -> HAL_NVIC_SetPriority
         8   -> HAL_NVIC_SetPriorityGrouping


   Section sizes:

   Bytes  Function/Label
   -----  --------------
     136  HAL_MspInit

 
 136 bytes in section .text
 
 136 bytes of CODE memory

Errors: none
Warnings: none
