###############################################################################
#
# IAR ANSI C/C++ Compiler V7.10.1.6676/W32 for ARM        13/Apr/2020  09:25:21
# Copyright 1999-2014 IAR Systems AB.
#
#    Cpu mode     =  thumb
#    Endian       =  little
#    Source file  =  
#        D:\MKS-Robin-Nano-Firmware-v2.x.x\MKS-Robin-Nano-Firmware\Middlewares\arduino\stm32\cores\arduino\Stream.cpp
#    Command line =  
#        D:\MKS-Robin-Nano-Firmware-v2.x.x\MKS-Robin-Nano-Firmware\Middlewares\arduino\stm32\cores\arduino\Stream.cpp
#        -D USE_HAL_DRIVER -D STM32F103xE -D STM32F10X_HD -D USE_HAL_LIB -D
#        MKS_ROBIN_NANO -D TFT35 -lC
#        D:\MKS-Robin-Nano-Firmware-v2.x.x\MKS-Robin-Nano-Firmware\EWARM\mksRobinNano/List\
#        -lA
#        D:\MKS-Robin-Nano-Firmware-v2.x.x\MKS-Robin-Nano-Firmware\EWARM\mksRobinNano/List\
#        --diag_suppress Pa050 -o
#        D:\MKS-Robin-Nano-Firmware-v2.x.x\MKS-Robin-Nano-Firmware\EWARM\mksRobinNano/Obj\
#        --debug --endian=little --cpu=Cortex-M3 -e --char_is_signed --fpu=None
#        --dlib_config "C:\Program Files (x86)\IAR Systems\Embedded Workbench
#        7.0\arm\INC\c\DLib_Config_Full.h" -I
#        D:\MKS-Robin-Nano-Firmware-v2.x.x\MKS-Robin-Nano-Firmware\EWARM/../Inc\
#        -I
#        D:\MKS-Robin-Nano-Firmware-v2.x.x\MKS-Robin-Nano-Firmware\EWARM/../Src\
#        -I
#        D:\MKS-Robin-Nano-Firmware-v2.x.x\MKS-Robin-Nano-Firmware\EWARM/../Drivers/STM32F1xx_HAL_Driver/Inc\
#        -I
#        D:\MKS-Robin-Nano-Firmware-v2.x.x\MKS-Robin-Nano-Firmware\EWARM/../Drivers/STM32F1xx_HAL_Driver/Inc/Legacy\
#        -I
#        D:\MKS-Robin-Nano-Firmware-v2.x.x\MKS-Robin-Nano-Firmware\EWARM/../Middlewares/Third_Party/FatFs/src/drivers\
#        -I
#        D:\MKS-Robin-Nano-Firmware-v2.x.x\MKS-Robin-Nano-Firmware\EWARM/../Middlewares/ST/STM32_USB_Host_Library/Core/Inc\
#        -I
#        D:\MKS-Robin-Nano-Firmware-v2.x.x\MKS-Robin-Nano-Firmware\EWARM/../Middlewares/ST/STM32_USB_Host_Library/Class/MSC/Inc\
#        -I
#        D:\MKS-Robin-Nano-Firmware-v2.x.x\MKS-Robin-Nano-Firmware\EWARM/../Drivers/CMSIS/Device/ST/STM32F1xx/Include\
#        -I
#        D:\MKS-Robin-Nano-Firmware-v2.x.x\MKS-Robin-Nano-Firmware\EWARM/../Middlewares/Third_Party/FatFs/src\
#        -I
#        D:\MKS-Robin-Nano-Firmware-v2.x.x\MKS-Robin-Nano-Firmware\EWARM/../Middlewares/Third_Party/Marlin\
#        -I
#        D:\MKS-Robin-Nano-Firmware-v2.x.x\MKS-Robin-Nano-Firmware\EWARM/../Drivers/CMSIS/Include\
#        -I
#        D:\MKS-Robin-Nano-Firmware-v2.x.x\MKS-Robin-Nano-Firmware\EWARM/../Drivers/BSP/variant\
#        -I
#        D:\MKS-Robin-Nano-Firmware-v2.x.x\MKS-Robin-Nano-Firmware\EWARM/../Drivers/BSP/Components/at24cxx\
#        -I
#        D:\MKS-Robin-Nano-Firmware-v2.x.x\MKS-Robin-Nano-Firmware\EWARM/../Drivers/BSP/Components/w25qxx\
#        -I
#        D:\MKS-Robin-Nano-Firmware-v2.x.x\MKS-Robin-Nano-Firmware\EWARM/../Drivers/BSP/Components/lcd\
#        -I
#        D:\MKS-Robin-Nano-Firmware-v2.x.x\MKS-Robin-Nano-Firmware\EWARM/../Drivers/STM32F10x_StdPeriph_Driver/inc\
#        -I
#        D:\MKS-Robin-Nano-Firmware-v2.x.x\MKS-Robin-Nano-Firmware\EWARM/../Drivers/libstmf4/include\
#        -I
#        D:\MKS-Robin-Nano-Firmware-v2.x.x\MKS-Robin-Nano-Firmware\EWARM/../Middlewares/arduino/stm32/cores/arduino\
#        -I
#        D:\MKS-Robin-Nano-Firmware-v2.x.x\MKS-Robin-Nano-Firmware\EWARM/../User/ui\
#        -I
#        D:\MKS-Robin-Nano-Firmware-v2.x.x\MKS-Robin-Nano-Firmware\EWARM/../User/ui/Multi_language\
#        -I
#        D:\MKS-Robin-Nano-Firmware-v2.x.x\MKS-Robin-Nano-Firmware\EWARM/../User/ui/QRENCODE\
#        -I
#        D:\MKS-Robin-Nano-Firmware-v2.x.x\MKS-Robin-Nano-Firmware\EWARM\..\Middlewares\GUI\
#        -Oh --eec++ -I "C:\Program Files (x86)\IAR Systems\Embedded Workbench
#        7.0\arm\CMSIS\Include\"
#    List file    =  
#        D:\MKS-Robin-Nano-Firmware-v2.x.x\MKS-Robin-Nano-Firmware\EWARM\mksRobinNano/List\Stream.lst
#    Object file  =  
#        D:\MKS-Robin-Nano-Firmware-v2.x.x\MKS-Robin-Nano-Firmware\EWARM\mksRobinNano/Obj\Stream.o
#
###############################################################################

D:\MKS-Robin-Nano-Firmware-v2.x.x\MKS-Robin-Nano-Firmware\Middlewares\arduino\stm32\cores\arduino\Stream.cpp
      1          /*
      2           Stream.cpp - adds parsing methods to Stream class
      3           Copyright (c) 2008 David A. Mellis.  All right reserved.
      4          
      5           This library is free software; you can redistribute it and/or
      6           modify it under the terms of the GNU Lesser General Public
      7           License as published by the Free Software Foundation; either
      8           version 2.1 of the License, or (at your option) any later version.
      9          
     10           This library is distributed in the hope that it will be useful,
     11           but WITHOUT ANY WARRANTY; without even the implied warranty of
     12           MERCHANTABILITY or FITNESS FOR A PARTICULAR PURPOSE.  See the GNU
     13           Lesser General Public License for more details.
     14          
     15           You should have received a copy of the GNU Lesser General Public
     16           License along with this library; if not, write to the Free Software
     17           Foundation, Inc., 51 Franklin St, Fifth Floor, Boston, MA  02110-1301  USA
     18          
     19           Created July 2011
     20           parsing functions based on TextFinder library by Michael Margolis
     21           */
     22          
     23          #include "Arduino.h"

  #define IS_GPIO_SPEED(SPEED) (((SPEED) == GPIO_Speed_10MHz) || ((SPEED) == GPIO_Speed_2MHz) || \
          ^
"D:\MKS-Robin-Nano-Firmware-v2.x.x\MKS-Robin-Nano-Firmware\Drivers\STM32F10x_StdPeriph_Driver\inc\stm32F10x_gpio.h",64  Warning[Pe047]: 
          incompatible redefinition of macro "IS_GPIO_SPEED" (declared at line
          201 of
          "D:\MKS-Robin-Nano-Firmware-v2.x.x\MKS-Robin-Nano-Firmware\Drivers\ST
          M32F1xx_HAL_Driver\Inc\stm32f1xx_hal_gpio.h")

  #define IS_GPIO_MODE(MODE) (((MODE) == GPIO_Mode_AIN) || ((MODE) == GPIO_Mode_IN_FLOATING) || \
          ^
"D:\MKS-Robin-Nano-Firmware-v2.x.x\MKS-Robin-Nano-Firmware\Drivers\STM32F10x_StdPeriph_Driver\inc\stm32F10x_gpio.h",82  Warning[Pe047]: 
          incompatible redefinition of macro "IS_GPIO_MODE" (declared at line
          204 of
          "D:\MKS-Robin-Nano-Firmware-v2.x.x\MKS-Robin-Nano-Firmware\Drivers\ST
          M32F1xx_HAL_Driver\Inc\stm32f1xx_hal_gpio.h")

  #define IS_GPIO_PIN(PIN) ((((PIN) & (uint16_t)0x00) == 0x00) && ((PIN) != (uint16_t)0x00))
          ^
"D:\MKS-Robin-Nano-Firmware-v2.x.x\MKS-Robin-Nano-Firmware\Drivers\STM32F10x_StdPeriph_Driver\inc\stm32F10x_gpio.h",145  Warning[Pe047]: 
          incompatible redefinition of macro "IS_GPIO_PIN" (declared at line
          196 of
          "D:\MKS-Robin-Nano-Firmware-v2.x.x\MKS-Robin-Nano-Firmware\Drivers\ST
          M32F1xx_HAL_Driver\Inc\stm32f1xx_hal_gpio.h")

  #define IS_TIM_OC_MODE(MODE) (((MODE) == TIM_OCMode_Timing) || \
          ^
"D:\MKS-Robin-Nano-Firmware-v2.x.x\MKS-Robin-Nano-Firmware\Drivers\STM32F10x_StdPeriph_Driver\inc\stm32F10x_tim.h",294  Warning[Pe047]: 
          incompatible redefinition of macro "IS_TIM_OC_MODE" (declared at
          line 894 of
          "D:\MKS-Robin-Nano-Firmware-v2.x.x\MKS-Robin-Nano-Firmware\Drivers\ST
          M32F1xx_HAL_Driver\Inc\stm32f1xx_hal_tim.h")

  #define IS_TIM_OPM_MODE(MODE) (((MODE) == TIM_OPMode_Single) || \
          ^
"D:\MKS-Robin-Nano-Firmware-v2.x.x\MKS-Robin-Nano-Firmware\Drivers\STM32F10x_StdPeriph_Driver\inc\stm32F10x_tim.h",318  Warning[Pe047]: 
          incompatible redefinition of macro "IS_TIM_OPM_MODE" (declared at
          line 942 of
          "D:\MKS-Robin-Nano-Firmware-v2.x.x\MKS-Robin-Nano-Firmware\Drivers\ST
          M32F1xx_HAL_Driver\Inc\stm32f1xx_hal_tim.h")

  #define IS_TIM_COUNTER_MODE(MODE) (((MODE) == TIM_CounterMode_Up) ||  \
          ^
"D:\MKS-Robin-Nano-Firmware-v2.x.x\MKS-Robin-Nano-Firmware\Drivers\STM32F10x_StdPeriph_Driver\inc\stm32F10x_tim.h",368  Warning[Pe047]: 
          incompatible redefinition of macro "IS_TIM_COUNTER_MODE" (declared
          at line 881 of
          "D:\MKS-Robin-Nano-Firmware-v2.x.x\MKS-Robin-Nano-Firmware\Drivers\ST
          M32F1xx_HAL_Driver\Inc\stm32f1xx_hal_tim.h")

  #define IS_TIM_OC_POLARITY(POLARITY) (((POLARITY) == TIM_OCPolarity_High) || \
          ^
"D:\MKS-Robin-Nano-Firmware-v2.x.x\MKS-Robin-Nano-Firmware\Drivers\STM32F10x_StdPeriph_Driver\inc\stm32F10x_tim.h",383  Warning[Pe047]: 
          incompatible redefinition of macro "IS_TIM_OC_POLARITY" (declared at
          line 904 of
          "D:\MKS-Robin-Nano-Firmware-v2.x.x\MKS-Robin-Nano-Firmware\Drivers\ST
          M32F1xx_HAL_Driver\Inc\stm32f1xx_hal_tim.h")

  #define IS_TIM_OCN_POLARITY(POLARITY) (((POLARITY) == TIM_OCNPolarity_High) || \
          ^
"D:\MKS-Robin-Nano-Firmware-v2.x.x\MKS-Robin-Nano-Firmware\Drivers\STM32F10x_StdPeriph_Driver\inc\stm32F10x_tim.h",395  Warning[Pe047]: 
          incompatible redefinition of macro "IS_TIM_OCN_POLARITY" (declared
          at line 907 of
          "D:\MKS-Robin-Nano-Firmware-v2.x.x\MKS-Robin-Nano-Firmware\Drivers\ST
          M32F1xx_HAL_Driver\Inc\stm32f1xx_hal_tim.h")

  #define IS_TIM_BREAK_STATE(STATE) (((STATE) == TIM_Break_Enable) || \
          ^
"D:\MKS-Robin-Nano-Firmware-v2.x.x\MKS-Robin-Nano-Firmware\Drivers\STM32F10x_StdPeriph_Driver\inc\stm32F10x_tim.h",455  Warning[Pe047]: 
          incompatible redefinition of macro "IS_TIM_BREAK_STATE" (declared at
          line 1002 of
          "D:\MKS-Robin-Nano-Firmware-v2.x.x\MKS-Robin-Nano-Firmware\Drivers\ST
          M32F1xx_HAL_Driver\Inc\stm32f1xx_hal_tim.h")

  #define IS_TIM_BREAK_POLARITY(POLARITY) (((POLARITY) == TIM_BreakPolarity_Low) || \
          ^
"D:\MKS-Robin-Nano-Firmware-v2.x.x\MKS-Robin-Nano-Firmware\Drivers\STM32F10x_StdPeriph_Driver\inc\stm32F10x_tim.h",467  Warning[Pe047]: 
          incompatible redefinition of macro "IS_TIM_BREAK_POLARITY" (declared
          at line 1005 of
          "D:\MKS-Robin-Nano-Firmware-v2.x.x\MKS-Robin-Nano-Firmware\Drivers\ST
          M32F1xx_HAL_Driver\Inc\stm32f1xx_hal_tim.h")

  #define IS_TIM_AUTOMATIC_OUTPUT_STATE(STATE) (((STATE) == TIM_AutomaticOutput_Enable) || \
          ^
"D:\MKS-Robin-Nano-Firmware-v2.x.x\MKS-Robin-Nano-Firmware\Drivers\STM32F10x_StdPeriph_Driver\inc\stm32F10x_tim.h",479  Warning[Pe047]: 
          incompatible redefinition of macro "IS_TIM_AUTOMATIC_OUTPUT_STATE"
          (declared at line 1008 of
          "D:\MKS-Robin-Nano-Firmware-v2.x.x\MKS-Robin-Nano-Firmware\Drivers\ST
          M32F1xx_HAL_Driver\Inc\stm32f1xx_hal_tim.h")

  #define IS_TIM_LOCK_LEVEL(LEVEL) (((LEVEL) == TIM_LOCKLevel_OFF) || \
          ^
"D:\MKS-Robin-Nano-Firmware-v2.x.x\MKS-Robin-Nano-Firmware\Drivers\STM32F10x_StdPeriph_Driver\inc\stm32F10x_tim.h",493  Warning[Pe047]: 
          incompatible redefinition of macro "IS_TIM_LOCK_LEVEL" (declared at
          line 997 of
          "D:\MKS-Robin-Nano-Firmware-v2.x.x\MKS-Robin-Nano-Firmware\Drivers\ST
          M32F1xx_HAL_Driver\Inc\stm32f1xx_hal_tim.h")

  #define IS_TIM_OSSI_STATE(STATE) (((STATE) == TIM_OSSIState_Enable) || \
          ^
"D:\MKS-Robin-Nano-Firmware-v2.x.x\MKS-Robin-Nano-Firmware\Drivers\STM32F10x_StdPeriph_Driver\inc\stm32F10x_tim.h",507  Warning[Pe047]: 
          incompatible redefinition of macro "IS_TIM_OSSI_STATE" (declared at
          line 994 of
          "D:\MKS-Robin-Nano-Firmware-v2.x.x\MKS-Robin-Nano-Firmware\Drivers\ST
          M32F1xx_HAL_Driver\Inc\stm32f1xx_hal_tim.h")

  #define IS_TIM_OSSR_STATE(STATE) (((STATE) == TIM_OSSRState_Enable) || \
          ^
"D:\MKS-Robin-Nano-Firmware-v2.x.x\MKS-Robin-Nano-Firmware\Drivers\STM32F10x_StdPeriph_Driver\inc\stm32F10x_tim.h",519  Warning[Pe047]: 
          incompatible redefinition of macro "IS_TIM_OSSR_STATE" (declared at
          line 991 of
          "D:\MKS-Robin-Nano-Firmware-v2.x.x\MKS-Robin-Nano-Firmware\Drivers\ST
          M32F1xx_HAL_Driver\Inc\stm32f1xx_hal_tim.h")

  #define IS_TIM_OCIDLE_STATE(STATE) (((STATE) == TIM_OCIdleState_Set) || \
          ^
"D:\MKS-Robin-Nano-Firmware-v2.x.x\MKS-Robin-Nano-Firmware\Drivers\STM32F10x_StdPeriph_Driver\inc\stm32F10x_tim.h",531  Warning[Pe047]: 
          incompatible redefinition of macro "IS_TIM_OCIDLE_STATE" (declared
          at line 910 of
          "D:\MKS-Robin-Nano-Firmware-v2.x.x\MKS-Robin-Nano-Firmware\Drivers\ST
          M32F1xx_HAL_Driver\Inc\stm32f1xx_hal_tim.h")

  #define IS_TIM_OCNIDLE_STATE(STATE) (((STATE) == TIM_OCNIdleState_Set) || \
          ^
"D:\MKS-Robin-Nano-Firmware-v2.x.x\MKS-Robin-Nano-Firmware\Drivers\STM32F10x_StdPeriph_Driver\inc\stm32F10x_tim.h",543  Warning[Pe047]: 
          incompatible redefinition of macro "IS_TIM_OCNIDLE_STATE" (declared
          at line 913 of
          "D:\MKS-Robin-Nano-Firmware-v2.x.x\MKS-Robin-Nano-Firmware\Drivers\ST
          M32F1xx_HAL_Driver\Inc\stm32f1xx_hal_tim.h")

  #define IS_TIM_IC_POLARITY(POLARITY) (((POLARITY) == TIM_ICPolarity_Rising) || \
          ^
"D:\MKS-Robin-Nano-Firmware-v2.x.x\MKS-Robin-Nano-Firmware\Drivers\STM32F10x_StdPeriph_Driver\inc\stm32F10x_tim.h",556  Warning[Pe047]: 
          incompatible redefinition of macro "IS_TIM_IC_POLARITY" (declared at
          line 929 of
          "D:\MKS-Robin-Nano-Firmware-v2.x.x\MKS-Robin-Nano-Firmware\Drivers\ST
          M32F1xx_HAL_Driver\Inc\stm32f1xx_hal_tim.h")

  #define IS_TIM_IC_SELECTION(SELECTION) (((SELECTION) == TIM_ICSelection_DirectTI) || \
          ^
"D:\MKS-Robin-Nano-Firmware-v2.x.x\MKS-Robin-Nano-Firmware\Drivers\STM32F10x_StdPeriph_Driver\inc\stm32F10x_tim.h",574  Warning[Pe047]: 
          incompatible redefinition of macro "IS_TIM_IC_SELECTION" (declared
          at line 933 of
          "D:\MKS-Robin-Nano-Firmware-v2.x.x\MKS-Robin-Nano-Firmware\Drivers\ST
          M32F1xx_HAL_Driver\Inc\stm32f1xx_hal_tim.h")

  #define TIM_ICPSC_DIV1                     ((uint16_t)0x0000) /*!< Capture performed each time an edge is detected on the capture input. */
          ^
"D:\MKS-Robin-Nano-Firmware-v2.x.x\MKS-Robin-Nano-Firmware\Drivers\STM32F10x_StdPeriph_Driver\inc\stm32F10x_tim.h",585  Warning[Pe047]: 
          incompatible redefinition of macro "TIM_ICPSC_DIV1" (declared at
          line 473 of
          "D:\MKS-Robin-Nano-Firmware-v2.x.x\MKS-Robin-Nano-Firmware\Drivers\ST
          M32F1xx_HAL_Driver\Inc\stm32f1xx_hal_tim.h")

  #define TIM_ICPSC_DIV2                     ((uint16_t)0x0004) /*!< Capture performed once every 2 events. */
          ^
"D:\MKS-Robin-Nano-Firmware-v2.x.x\MKS-Robin-Nano-Firmware\Drivers\STM32F10x_StdPeriph_Driver\inc\stm32F10x_tim.h",586  Warning[Pe047]: 
          incompatible redefinition of macro "TIM_ICPSC_DIV2" (declared at
          line 474 of
          "D:\MKS-Robin-Nano-Firmware-v2.x.x\MKS-Robin-Nano-Firmware\Drivers\ST
          M32F1xx_HAL_Driver\Inc\stm32f1xx_hal_tim.h")

  #define TIM_ICPSC_DIV4                     ((uint16_t)0x0008) /*!< Capture performed once every 4 events. */
          ^
"D:\MKS-Robin-Nano-Firmware-v2.x.x\MKS-Robin-Nano-Firmware\Drivers\STM32F10x_StdPeriph_Driver\inc\stm32F10x_tim.h",587  Warning[Pe047]: 
          incompatible redefinition of macro "TIM_ICPSC_DIV4" (declared at
          line 475 of
          "D:\MKS-Robin-Nano-Firmware-v2.x.x\MKS-Robin-Nano-Firmware\Drivers\ST
          M32F1xx_HAL_Driver\Inc\stm32f1xx_hal_tim.h")

  #define TIM_ICPSC_DIV8                     ((uint16_t)0x000C) /*!< Capture performed once every 8 events. */
          ^
"D:\MKS-Robin-Nano-Firmware-v2.x.x\MKS-Robin-Nano-Firmware\Drivers\STM32F10x_StdPeriph_Driver\inc\stm32F10x_tim.h",588  Warning[Pe047]: 
          incompatible redefinition of macro "TIM_ICPSC_DIV8" (declared at
          line 476 of
          "D:\MKS-Robin-Nano-Firmware-v2.x.x\MKS-Robin-Nano-Firmware\Drivers\ST
          M32F1xx_HAL_Driver\Inc\stm32f1xx_hal_tim.h")

  #define TIM_IT_CC1                         ((uint16_t)0x0002)
          ^
"D:\MKS-Robin-Nano-Firmware-v2.x.x\MKS-Robin-Nano-Firmware\Drivers\STM32F10x_StdPeriph_Driver\inc\stm32F10x_tim.h",602  Warning[Pe047]: 
          incompatible redefinition of macro "TIM_IT_CC1" (declared at line
          504 of
          "D:\MKS-Robin-Nano-Firmware-v2.x.x\MKS-Robin-Nano-Firmware\Drivers\ST
          M32F1xx_HAL_Driver\Inc\stm32f1xx_hal_tim.h")

  #define TIM_IT_CC2                         ((uint16_t)0x0004)
          ^
"D:\MKS-Robin-Nano-Firmware-v2.x.x\MKS-Robin-Nano-Firmware\Drivers\STM32F10x_StdPeriph_Driver\inc\stm32F10x_tim.h",603  Warning[Pe047]: 
          incompatible redefinition of macro "TIM_IT_CC2" (declared at line
          505 of
          "D:\MKS-Robin-Nano-Firmware-v2.x.x\MKS-Robin-Nano-Firmware\Drivers\ST
          M32F1xx_HAL_Driver\Inc\stm32f1xx_hal_tim.h")

  #define TIM_IT_CC3                         ((uint16_t)0x0008)
          ^
"D:\MKS-Robin-Nano-Firmware-v2.x.x\MKS-Robin-Nano-Firmware\Drivers\STM32F10x_StdPeriph_Driver\inc\stm32F10x_tim.h",604  Warning[Pe047]: 
          incompatible redefinition of macro "TIM_IT_CC3" (declared at line
          506 of
          "D:\MKS-Robin-Nano-Firmware-v2.x.x\MKS-Robin-Nano-Firmware\Drivers\ST
          M32F1xx_HAL_Driver\Inc\stm32f1xx_hal_tim.h")

  #define TIM_IT_CC4                         ((uint16_t)0x0010)
          ^
"D:\MKS-Robin-Nano-Firmware-v2.x.x\MKS-Robin-Nano-Firmware\Drivers\STM32F10x_StdPeriph_Driver\inc\stm32F10x_tim.h",605  Warning[Pe047]: 
          incompatible redefinition of macro "TIM_IT_CC4" (declared at line
          507 of
          "D:\MKS-Robin-Nano-Firmware-v2.x.x\MKS-Robin-Nano-Firmware\Drivers\ST
          M32F1xx_HAL_Driver\Inc\stm32f1xx_hal_tim.h")

  #define TIM_IT_COM                         ((uint16_t)0x0020)
          ^
"D:\MKS-Robin-Nano-Firmware-v2.x.x\MKS-Robin-Nano-Firmware\Drivers\STM32F10x_StdPeriph_Driver\inc\stm32F10x_tim.h",606  Warning[Pe047]: 
          incompatible redefinition of macro "TIM_IT_COM" (declared at line
          508 of
          "D:\MKS-Robin-Nano-Firmware-v2.x.x\MKS-Robin-Nano-Firmware\Drivers\ST
          M32F1xx_HAL_Driver\Inc\stm32f1xx_hal_tim.h")

  #define TIM_DMABase_CR1                    ((uint16_t)0x0000)
          ^
"D:\MKS-Robin-Nano-Firmware-v2.x.x\MKS-Robin-Nano-Firmware\Drivers\STM32F10x_StdPeriph_Driver\inc\stm32F10x_tim.h",627  Warning[Pe047]: 
          incompatible redefinition of macro "TIM_DMABase_CR1" (declared at
          line 753 of
          "D:\MKS-Robin-Nano-Firmware-v2.x.x\MKS-Robin-Nano-Firmware\Drivers\ST
          M32F1xx_HAL_Driver\Inc\Legacy/stm32_hal_legacy.h")

  #define TIM_DMABase_CR2                    ((uint16_t)0x0001)
          ^
"D:\MKS-Robin-Nano-Firmware-v2.x.x\MKS-Robin-Nano-Firmware\Drivers\STM32F10x_StdPeriph_Driver\inc\stm32F10x_tim.h",628  Warning[Pe047]: 
          incompatible redefinition of macro "TIM_DMABase_CR2" (declared at
          line 754 of
          "D:\MKS-Robin-Nano-Firmware-v2.x.x\MKS-Robin-Nano-Firmware\Drivers\ST
          M32F1xx_HAL_Driver\Inc\Legacy/stm32_hal_legacy.h")

  #define TIM_DMABase_SMCR                   ((uint16_t)0x0002)
          ^
"D:\MKS-Robin-Nano-Firmware-v2.x.x\MKS-Robin-Nano-Firmware\Drivers\STM32F10x_StdPeriph_Driver\inc\stm32F10x_tim.h",629  Warning[Pe047]: 
          incompatible redefinition of macro "TIM_DMABase_SMCR" (declared at
          line 755 of
          "D:\MKS-Robin-Nano-Firmware-v2.x.x\MKS-Robin-Nano-Firmware\Drivers\ST
          M32F1xx_HAL_Driver\Inc\Legacy/stm32_hal_legacy.h")

  #define TIM_DMABase_DIER                   ((uint16_t)0x0003)
          ^
"D:\MKS-Robin-Nano-Firmware-v2.x.x\MKS-Robin-Nano-Firmware\Drivers\STM32F10x_StdPeriph_Driver\inc\stm32F10x_tim.h",630  Warning[Pe047]: 
          incompatible redefinition of macro "TIM_DMABase_DIER" (declared at
          line 756 of
          "D:\MKS-Robin-Nano-Firmware-v2.x.x\MKS-Robin-Nano-Firmware\Drivers\ST
          M32F1xx_HAL_Driver\Inc\Legacy/stm32_hal_legacy.h")

  #define TIM_DMABase_SR                     ((uint16_t)0x0004)
          ^
"D:\MKS-Robin-Nano-Firmware-v2.x.x\MKS-Robin-Nano-Firmware\Drivers\STM32F10x_StdPeriph_Driver\inc\stm32F10x_tim.h",631  Warning[Pe047]: 
          incompatible redefinition of macro "TIM_DMABase_SR" (declared at
          line 757 of
          "D:\MKS-Robin-Nano-Firmware-v2.x.x\MKS-Robin-Nano-Firmware\Drivers\ST
          M32F1xx_HAL_Driver\Inc\Legacy/stm32_hal_legacy.h")

  #define TIM_DMABase_EGR                    ((uint16_t)0x0005)
          ^
"D:\MKS-Robin-Nano-Firmware-v2.x.x\MKS-Robin-Nano-Firmware\Drivers\STM32F10x_StdPeriph_Driver\inc\stm32F10x_tim.h",632  Warning[Pe047]: 
          incompatible redefinition of macro "TIM_DMABase_EGR" (declared at
          line 758 of
          "D:\MKS-Robin-Nano-Firmware-v2.x.x\MKS-Robin-Nano-Firmware\Drivers\ST
          M32F1xx_HAL_Driver\Inc\Legacy/stm32_hal_legacy.h")

  #define TIM_DMABase_CCMR1                  ((uint16_t)0x0006)
          ^
"D:\MKS-Robin-Nano-Firmware-v2.x.x\MKS-Robin-Nano-Firmware\Drivers\STM32F10x_StdPeriph_Driver\inc\stm32F10x_tim.h",633  Warning[Pe047]: 
          incompatible redefinition of macro "TIM_DMABase_CCMR1" (declared at
          line 759 of
          "D:\MKS-Robin-Nano-Firmware-v2.x.x\MKS-Robin-Nano-Firmware\Drivers\ST
          M32F1xx_HAL_Driver\Inc\Legacy/stm32_hal_legacy.h")

  #define TIM_DMABase_CCMR2                  ((uint16_t)0x0007)
          ^
"D:\MKS-Robin-Nano-Firmware-v2.x.x\MKS-Robin-Nano-Firmware\Drivers\STM32F10x_StdPeriph_Driver\inc\stm32F10x_tim.h",634  Warning[Pe047]: 
          incompatible redefinition of macro "TIM_DMABase_CCMR2" (declared at
          line 760 of
          "D:\MKS-Robin-Nano-Firmware-v2.x.x\MKS-Robin-Nano-Firmware\Drivers\ST
          M32F1xx_HAL_Driver\Inc\Legacy/stm32_hal_legacy.h")

  #define TIM_DMABase_CCER                   ((uint16_t)0x0008)
          ^
"D:\MKS-Robin-Nano-Firmware-v2.x.x\MKS-Robin-Nano-Firmware\Drivers\STM32F10x_StdPeriph_Driver\inc\stm32F10x_tim.h",635  Warning[Pe047]: 
          incompatible redefinition of macro "TIM_DMABase_CCER" (declared at
          line 761 of
          "D:\MKS-Robin-Nano-Firmware-v2.x.x\MKS-Robin-Nano-Firmware\Drivers\ST
          M32F1xx_HAL_Driver\Inc\Legacy/stm32_hal_legacy.h")

  #define TIM_DMABase_CNT                    ((uint16_t)0x0009)
          ^
"D:\MKS-Robin-Nano-Firmware-v2.x.x\MKS-Robin-Nano-Firmware\Drivers\STM32F10x_StdPeriph_Driver\inc\stm32F10x_tim.h",636  Warning[Pe047]: 
          incompatible redefinition of macro "TIM_DMABase_CNT" (declared at
          line 762 of
          "D:\MKS-Robin-Nano-Firmware-v2.x.x\MKS-Robin-Nano-Firmware\Drivers\ST
          M32F1xx_HAL_Driver\Inc\Legacy/stm32_hal_legacy.h")

  #define TIM_DMABase_PSC                    ((uint16_t)0x000A)
          ^
"D:\MKS-Robin-Nano-Firmware-v2.x.x\MKS-Robin-Nano-Firmware\Drivers\STM32F10x_StdPeriph_Driver\inc\stm32F10x_tim.h",637  Warning[Pe047]: 
          incompatible redefinition of macro "TIM_DMABase_PSC" (declared at
          line 763 of
          "D:\MKS-Robin-Nano-Firmware-v2.x.x\MKS-Robin-Nano-Firmware\Drivers\ST
          M32F1xx_HAL_Driver\Inc\Legacy/stm32_hal_legacy.h")

  #define TIM_DMABase_ARR                    ((uint16_t)0x000B)
          ^
"D:\MKS-Robin-Nano-Firmware-v2.x.x\MKS-Robin-Nano-Firmware\Drivers\STM32F10x_StdPeriph_Driver\inc\stm32F10x_tim.h",638  Warning[Pe047]: 
          incompatible redefinition of macro "TIM_DMABase_ARR" (declared at
          line 764 of
          "D:\MKS-Robin-Nano-Firmware-v2.x.x\MKS-Robin-Nano-Firmware\Drivers\ST
          M32F1xx_HAL_Driver\Inc\Legacy/stm32_hal_legacy.h")

  #define TIM_DMABase_RCR                    ((uint16_t)0x000C)
          ^
"D:\MKS-Robin-Nano-Firmware-v2.x.x\MKS-Robin-Nano-Firmware\Drivers\STM32F10x_StdPeriph_Driver\inc\stm32F10x_tim.h",639  Warning[Pe047]: 
          incompatible redefinition of macro "TIM_DMABase_RCR" (declared at
          line 765 of
          "D:\MKS-Robin-Nano-Firmware-v2.x.x\MKS-Robin-Nano-Firmware\Drivers\ST
          M32F1xx_HAL_Driver\Inc\Legacy/stm32_hal_legacy.h")

  #define TIM_DMABase_CCR1                   ((uint16_t)0x000D)
          ^
"D:\MKS-Robin-Nano-Firmware-v2.x.x\MKS-Robin-Nano-Firmware\Drivers\STM32F10x_StdPeriph_Driver\inc\stm32F10x_tim.h",640  Warning[Pe047]: 
          incompatible redefinition of macro "TIM_DMABase_CCR1" (declared at
          line 766 of
          "D:\MKS-Robin-Nano-Firmware-v2.x.x\MKS-Robin-Nano-Firmware\Drivers\ST
          M32F1xx_HAL_Driver\Inc\Legacy/stm32_hal_legacy.h")

  #define TIM_DMABase_CCR2                   ((uint16_t)0x000E)
          ^
"D:\MKS-Robin-Nano-Firmware-v2.x.x\MKS-Robin-Nano-Firmware\Drivers\STM32F10x_StdPeriph_Driver\inc\stm32F10x_tim.h",641  Warning[Pe047]: 
          incompatible redefinition of macro "TIM_DMABase_CCR2" (declared at
          line 767 of
          "D:\MKS-Robin-Nano-Firmware-v2.x.x\MKS-Robin-Nano-Firmware\Drivers\ST
          M32F1xx_HAL_Driver\Inc\Legacy/stm32_hal_legacy.h")

  #define TIM_DMABase_CCR3                   ((uint16_t)0x000F)
          ^
"D:\MKS-Robin-Nano-Firmware-v2.x.x\MKS-Robin-Nano-Firmware\Drivers\STM32F10x_StdPeriph_Driver\inc\stm32F10x_tim.h",642  Warning[Pe047]: 
          incompatible redefinition of macro "TIM_DMABase_CCR3" (declared at
          line 768 of
          "D:\MKS-Robin-Nano-Firmware-v2.x.x\MKS-Robin-Nano-Firmware\Drivers\ST
          M32F1xx_HAL_Driver\Inc\Legacy/stm32_hal_legacy.h")

  #define TIM_DMABase_CCR4                   ((uint16_t)0x0010)
          ^
"D:\MKS-Robin-Nano-Firmware-v2.x.x\MKS-Robin-Nano-Firmware\Drivers\STM32F10x_StdPeriph_Driver\inc\stm32F10x_tim.h",643  Warning[Pe047]: 
          incompatible redefinition of macro "TIM_DMABase_CCR4" (declared at
          line 769 of
          "D:\MKS-Robin-Nano-Firmware-v2.x.x\MKS-Robin-Nano-Firmware\Drivers\ST
          M32F1xx_HAL_Driver\Inc\Legacy/stm32_hal_legacy.h")

  #define TIM_DMABase_BDTR                   ((uint16_t)0x0011)
          ^
"D:\MKS-Robin-Nano-Firmware-v2.x.x\MKS-Robin-Nano-Firmware\Drivers\STM32F10x_StdPeriph_Driver\inc\stm32F10x_tim.h",644  Warning[Pe047]: 
          incompatible redefinition of macro "TIM_DMABase_BDTR" (declared at
          line 770 of
          "D:\MKS-Robin-Nano-Firmware-v2.x.x\MKS-Robin-Nano-Firmware\Drivers\ST
          M32F1xx_HAL_Driver\Inc\Legacy/stm32_hal_legacy.h")

  #define TIM_DMABase_DCR                    ((uint16_t)0x0012)
          ^
"D:\MKS-Robin-Nano-Firmware-v2.x.x\MKS-Robin-Nano-Firmware\Drivers\STM32F10x_StdPeriph_Driver\inc\stm32F10x_tim.h",645  Warning[Pe047]: 
          incompatible redefinition of macro "TIM_DMABase_DCR" (declared at
          line 771 of
          "D:\MKS-Robin-Nano-Firmware-v2.x.x\MKS-Robin-Nano-Firmware\Drivers\ST
          M32F1xx_HAL_Driver\Inc\Legacy/stm32_hal_legacy.h")

  #define IS_TIM_DMA_BASE(BASE) (((BASE) == TIM_DMABase_CR1) || \
          ^
"D:\MKS-Robin-Nano-Firmware-v2.x.x\MKS-Robin-Nano-Firmware\Drivers\STM32F10x_StdPeriph_Driver\inc\stm32F10x_tim.h",646  Warning[Pe047]: 
          incompatible redefinition of macro "IS_TIM_DMA_BASE" (declared at
          line 1060 of
          "D:\MKS-Robin-Nano-Firmware-v2.x.x\MKS-Robin-Nano-Firmware\Drivers\ST
          M32F1xx_HAL_Driver\Inc\stm32f1xx_hal_tim.h")

  #define TIM_DMABurstLength_1Transfer           ((uint16_t)0x0000)
          ^
"D:\MKS-Robin-Nano-Firmware-v2.x.x\MKS-Robin-Nano-Firmware\Drivers\STM32F10x_StdPeriph_Driver\inc\stm32F10x_tim.h",673  Warning[Pe047]: 
          incompatible redefinition of macro "TIM_DMABurstLength_1Transfer"
          (declared at line 791 of
          "D:\MKS-Robin-Nano-Firmware-v2.x.x\MKS-Robin-Nano-Firmware\Drivers\ST
          M32F1xx_HAL_Driver\Inc\Legacy/stm32_hal_legacy.h")

  #define TIM_DMABurstLength_2Transfers          ((uint16_t)0x0100)
          ^
"D:\MKS-Robin-Nano-Firmware-v2.x.x\MKS-Robin-Nano-Firmware\Drivers\STM32F10x_StdPeriph_Driver\inc\stm32F10x_tim.h",674  Warning[Pe047]: 
          incompatible redefinition of macro "TIM_DMABurstLength_2Transfers"
          (declared at line 792 of
          "D:\MKS-Robin-Nano-Firmware-v2.x.x\MKS-Robin-Nano-Firmware\Drivers\ST
          M32F1xx_HAL_Driver\Inc\Legacy/stm32_hal_legacy.h")

  #define TIM_DMABurstLength_3Transfers          ((uint16_t)0x0200)
          ^
"D:\MKS-Robin-Nano-Firmware-v2.x.x\MKS-Robin-Nano-Firmware\Drivers\STM32F10x_StdPeriph_Driver\inc\stm32F10x_tim.h",675  Warning[Pe047]: 
          incompatible redefinition of macro "TIM_DMABurstLength_3Transfers"
          (declared at line 793 of
          "D:\MKS-Robin-Nano-Firmware-v2.x.x\MKS-Robin-Nano-Firmware\Drivers\ST
          M32F1xx_HAL_Driver\Inc\Legacy/stm32_hal_legacy.h")

  #define TIM_DMABurstLength_4Transfers          ((uint16_t)0x0300)
          ^
"D:\MKS-Robin-Nano-Firmware-v2.x.x\MKS-Robin-Nano-Firmware\Drivers\STM32F10x_StdPeriph_Driver\inc\stm32F10x_tim.h",676  Warning[Pe047]: 
          incompatible redefinition of macro "TIM_DMABurstLength_4Transfers"
          (declared at line 794 of
          "D:\MKS-Robin-Nano-Firmware-v2.x.x\MKS-Robin-Nano-Firmware\Drivers\ST
          M32F1xx_HAL_Driver\Inc\Legacy/stm32_hal_legacy.h")

  #define TIM_DMABurstLength_5Transfers          ((uint16_t)0x0400)
          ^
"D:\MKS-Robin-Nano-Firmware-v2.x.x\MKS-Robin-Nano-Firmware\Drivers\STM32F10x_StdPeriph_Driver\inc\stm32F10x_tim.h",677  Warning[Pe047]: 
          incompatible redefinition of macro "TIM_DMABurstLength_5Transfers"
          (declared at line 795 of
          "D:\MKS-Robin-Nano-Firmware-v2.x.x\MKS-Robin-Nano-Firmware\Drivers\ST
          M32F1xx_HAL_Driver\Inc\Legacy/stm32_hal_legacy.h")

  #define TIM_DMABurstLength_6Transfers          ((uint16_t)0x0500)
          ^
"D:\MKS-Robin-Nano-Firmware-v2.x.x\MKS-Robin-Nano-Firmware\Drivers\STM32F10x_StdPeriph_Driver\inc\stm32F10x_tim.h",678  Warning[Pe047]: 
          incompatible redefinition of macro "TIM_DMABurstLength_6Transfers"
          (declared at line 796 of
          "D:\MKS-Robin-Nano-Firmware-v2.x.x\MKS-Robin-Nano-Firmware\Drivers\ST
          M32F1xx_HAL_Driver\Inc\Legacy/stm32_hal_legacy.h")

  #define TIM_DMABurstLength_7Transfers          ((uint16_t)0x0600)
          ^
"D:\MKS-Robin-Nano-Firmware-v2.x.x\MKS-Robin-Nano-Firmware\Drivers\STM32F10x_StdPeriph_Driver\inc\stm32F10x_tim.h",679  Warning[Pe047]: 
          incompatible redefinition of macro "TIM_DMABurstLength_7Transfers"
          (declared at line 797 of
          "D:\MKS-Robin-Nano-Firmware-v2.x.x\MKS-Robin-Nano-Firmware\Drivers\ST
          M32F1xx_HAL_Driver\Inc\Legacy/stm32_hal_legacy.h")

  #define TIM_DMABurstLength_8Transfers          ((uint16_t)0x0700)
          ^
"D:\MKS-Robin-Nano-Firmware-v2.x.x\MKS-Robin-Nano-Firmware\Drivers\STM32F10x_StdPeriph_Driver\inc\stm32F10x_tim.h",680  Warning[Pe047]: 
          incompatible redefinition of macro "TIM_DMABurstLength_8Transfers"
          (declared at line 798 of
          "D:\MKS-Robin-Nano-Firmware-v2.x.x\MKS-Robin-Nano-Firmware\Drivers\ST
          M32F1xx_HAL_Driver\Inc\Legacy/stm32_hal_legacy.h")

  #define TIM_DMABurstLength_9Transfers          ((uint16_t)0x0800)
          ^
"D:\MKS-Robin-Nano-Firmware-v2.x.x\MKS-Robin-Nano-Firmware\Drivers\STM32F10x_StdPeriph_Driver\inc\stm32F10x_tim.h",681  Warning[Pe047]: 
          incompatible redefinition of macro "TIM_DMABurstLength_9Transfers"
          (declared at line 799 of
          "D:\MKS-Robin-Nano-Firmware-v2.x.x\MKS-Robin-Nano-Firmware\Drivers\ST
          M32F1xx_HAL_Driver\Inc\Legacy/stm32_hal_legacy.h")

  #define TIM_DMABurstLength_10Transfers         ((uint16_t)0x0900)
          ^
"D:\MKS-Robin-Nano-Firmware-v2.x.x\MKS-Robin-Nano-Firmware\Drivers\STM32F10x_StdPeriph_Driver\inc\stm32F10x_tim.h",682  Warning[Pe047]: 
          incompatible redefinition of macro "TIM_DMABurstLength_10Transfers"
          (declared at line 800 of
          "D:\MKS-Robin-Nano-Firmware-v2.x.x\MKS-Robin-Nano-Firmware\Drivers\ST
          M32F1xx_HAL_Driver\Inc\Legacy/stm32_hal_legacy.h")

  #define TIM_DMABurstLength_11Transfers         ((uint16_t)0x0A00)
          ^
"D:\MKS-Robin-Nano-Firmware-v2.x.x\MKS-Robin-Nano-Firmware\Drivers\STM32F10x_StdPeriph_Driver\inc\stm32F10x_tim.h",683  Warning[Pe047]: 
          incompatible redefinition of macro "TIM_DMABurstLength_11Transfers"
          (declared at line 801 of
          "D:\MKS-Robin-Nano-Firmware-v2.x.x\MKS-Robin-Nano-Firmware\Drivers\ST
          M32F1xx_HAL_Driver\Inc\Legacy/stm32_hal_legacy.h")

  #define TIM_DMABurstLength_12Transfers         ((uint16_t)0x0B00)
          ^
"D:\MKS-Robin-Nano-Firmware-v2.x.x\MKS-Robin-Nano-Firmware\Drivers\STM32F10x_StdPeriph_Driver\inc\stm32F10x_tim.h",684  Warning[Pe047]: 
          incompatible redefinition of macro "TIM_DMABurstLength_12Transfers"
          (declared at line 802 of
          "D:\MKS-Robin-Nano-Firmware-v2.x.x\MKS-Robin-Nano-Firmware\Drivers\ST
          M32F1xx_HAL_Driver\Inc\Legacy/stm32_hal_legacy.h")

  #define TIM_DMABurstLength_13Transfers         ((uint16_t)0x0C00)
          ^
"D:\MKS-Robin-Nano-Firmware-v2.x.x\MKS-Robin-Nano-Firmware\Drivers\STM32F10x_StdPeriph_Driver\inc\stm32F10x_tim.h",685  Warning[Pe047]: 
          incompatible redefinition of macro "TIM_DMABurstLength_13Transfers"
          (declared at line 803 of
          "D:\MKS-Robin-Nano-Firmware-v2.x.x\MKS-Robin-Nano-Firmware\Drivers\ST
          M32F1xx_HAL_Driver\Inc\Legacy/stm32_hal_legacy.h")

  #define TIM_DMABurstLength_14Transfers         ((uint16_t)0x0D00)
          ^
"D:\MKS-Robin-Nano-Firmware-v2.x.x\MKS-Robin-Nano-Firmware\Drivers\STM32F10x_StdPeriph_Driver\inc\stm32F10x_tim.h",686  Warning[Pe047]: 
          incompatible redefinition of macro "TIM_DMABurstLength_14Transfers"
          (declared at line 804 of
          "D:\MKS-Robin-Nano-Firmware-v2.x.x\MKS-Robin-Nano-Firmware\Drivers\ST
          M32F1xx_HAL_Driver\Inc\Legacy/stm32_hal_legacy.h")

  #define TIM_DMABurstLength_15Transfers         ((uint16_t)0x0E00)
          ^
"D:\MKS-Robin-Nano-Firmware-v2.x.x\MKS-Robin-Nano-Firmware\Drivers\STM32F10x_StdPeriph_Driver\inc\stm32F10x_tim.h",687  Warning[Pe047]: 
          incompatible redefinition of macro "TIM_DMABurstLength_15Transfers"
          (declared at line 805 of
          "D:\MKS-Robin-Nano-Firmware-v2.x.x\MKS-Robin-Nano-Firmware\Drivers\ST
          M32F1xx_HAL_Driver\Inc\Legacy/stm32_hal_legacy.h")

  #define TIM_DMABurstLength_16Transfers         ((uint16_t)0x0F00)
          ^
"D:\MKS-Robin-Nano-Firmware-v2.x.x\MKS-Robin-Nano-Firmware\Drivers\STM32F10x_StdPeriph_Driver\inc\stm32F10x_tim.h",688  Warning[Pe047]: 
          incompatible redefinition of macro "TIM_DMABurstLength_16Transfers"
          (declared at line 806 of
          "D:\MKS-Robin-Nano-Firmware-v2.x.x\MKS-Robin-Nano-Firmware\Drivers\ST
          M32F1xx_HAL_Driver\Inc\Legacy/stm32_hal_legacy.h")

  #define TIM_DMABurstLength_17Transfers         ((uint16_t)0x1000)
          ^
"D:\MKS-Robin-Nano-Firmware-v2.x.x\MKS-Robin-Nano-Firmware\Drivers\STM32F10x_StdPeriph_Driver\inc\stm32F10x_tim.h",689  Warning[Pe047]: 
          incompatible redefinition of macro "TIM_DMABurstLength_17Transfers"
          (declared at line 807 of
          "D:\MKS-Robin-Nano-Firmware-v2.x.x\MKS-Robin-Nano-Firmware\Drivers\ST
          M32F1xx_HAL_Driver\Inc\Legacy/stm32_hal_legacy.h")

  #define TIM_DMABurstLength_18Transfers         ((uint16_t)0x1100)
          ^
"D:\MKS-Robin-Nano-Firmware-v2.x.x\MKS-Robin-Nano-Firmware\Drivers\STM32F10x_StdPeriph_Driver\inc\stm32F10x_tim.h",690  Warning[Pe047]: 
          incompatible redefinition of macro "TIM_DMABurstLength_18Transfers"
          (declared at line 808 of
          "D:\MKS-Robin-Nano-Firmware-v2.x.x\MKS-Robin-Nano-Firmware\Drivers\ST
          M32F1xx_HAL_Driver\Inc\Legacy/stm32_hal_legacy.h")

  #define IS_TIM_DMA_LENGTH(LENGTH) (((LENGTH) == TIM_DMABurstLength_1Transfer) || \
          ^
"D:\MKS-Robin-Nano-Firmware-v2.x.x\MKS-Robin-Nano-Firmware\Drivers\STM32F10x_StdPeriph_Driver\inc\stm32F10x_tim.h",691  Warning[Pe047]: 
          incompatible redefinition of macro "IS_TIM_DMA_LENGTH" (declared at
          line 1080 of
          "D:\MKS-Robin-Nano-Firmware-v2.x.x\MKS-Robin-Nano-Firmware\Drivers\ST
          M32F1xx_HAL_Driver\Inc\stm32f1xx_hal_tim.h")

  #define TIM_DMA_CC1                        ((uint16_t)0x0200)
          ^
"D:\MKS-Robin-Nano-Firmware-v2.x.x\MKS-Robin-Nano-Firmware\Drivers\STM32F10x_StdPeriph_Driver\inc\stm32F10x_tim.h",718  Warning[Pe047]: 
          incompatible redefinition of macro "TIM_DMA_CC1" (declared at line
          529 of
          "D:\MKS-Robin-Nano-Firmware-v2.x.x\MKS-Robin-Nano-Firmware\Drivers\ST
          M32F1xx_HAL_Driver\Inc\stm32f1xx_hal_tim.h")

  #define TIM_DMA_CC2                        ((uint16_t)0x0400)
          ^
"D:\MKS-Robin-Nano-Firmware-v2.x.x\MKS-Robin-Nano-Firmware\Drivers\STM32F10x_StdPeriph_Driver\inc\stm32F10x_tim.h",719  Warning[Pe047]: 
          incompatible redefinition of macro "TIM_DMA_CC2" (declared at line
          530 of
          "D:\MKS-Robin-Nano-Firmware-v2.x.x\MKS-Robin-Nano-Firmware\Drivers\ST
          M32F1xx_HAL_Driver\Inc\stm32f1xx_hal_tim.h")

  #define TIM_DMA_CC3                        ((uint16_t)0x0800)
          ^
"D:\MKS-Robin-Nano-Firmware-v2.x.x\MKS-Robin-Nano-Firmware\Drivers\STM32F10x_StdPeriph_Driver\inc\stm32F10x_tim.h",720  Warning[Pe047]: 
          incompatible redefinition of macro "TIM_DMA_CC3" (declared at line
          531 of
          "D:\MKS-Robin-Nano-Firmware-v2.x.x\MKS-Robin-Nano-Firmware\Drivers\ST
          M32F1xx_HAL_Driver\Inc\stm32f1xx_hal_tim.h")

  #define TIM_DMA_CC4                        ((uint16_t)0x1000)
          ^
"D:\MKS-Robin-Nano-Firmware-v2.x.x\MKS-Robin-Nano-Firmware\Drivers\STM32F10x_StdPeriph_Driver\inc\stm32F10x_tim.h",721  Warning[Pe047]: 
          incompatible redefinition of macro "TIM_DMA_CC4" (declared at line
          532 of
          "D:\MKS-Robin-Nano-Firmware-v2.x.x\MKS-Robin-Nano-Firmware\Drivers\ST
          M32F1xx_HAL_Driver\Inc\stm32f1xx_hal_tim.h")

  #define TIM_DMA_COM                        ((uint16_t)0x2000)
          ^
"D:\MKS-Robin-Nano-Firmware-v2.x.x\MKS-Robin-Nano-Firmware\Drivers\STM32F10x_StdPeriph_Driver\inc\stm32F10x_tim.h",722  Warning[Pe047]: 
          incompatible redefinition of macro "TIM_DMA_COM" (declared at line
          533 of
          "D:\MKS-Robin-Nano-Firmware-v2.x.x\MKS-Robin-Nano-Firmware\Drivers\ST
          M32F1xx_HAL_Driver\Inc\stm32f1xx_hal_tim.h")

  #define IS_TIM_DMA_SOURCE(SOURCE) ((((SOURCE) & (uint16_t)0x80FF) == 0x0000) && ((SOURCE) != 0x0000))
          ^
"D:\MKS-Robin-Nano-Firmware-v2.x.x\MKS-Robin-Nano-Firmware\Drivers\STM32F10x_StdPeriph_Driver\inc\stm32F10x_tim.h",724  Warning[Pe047]: 
          incompatible redefinition of macro "IS_TIM_DMA_SOURCE" (declared at
          line 949 of
          "D:\MKS-Robin-Nano-Firmware-v2.x.x\MKS-Robin-Nano-Firmware\Drivers\ST
          M32F1xx_HAL_Driver\Inc\stm32f1xx_hal_tim.h")

  #define TIM_TS_ITR0                        ((uint16_t)0x0000)
          ^
"D:\MKS-Robin-Nano-Firmware-v2.x.x\MKS-Robin-Nano-Firmware\Drivers\STM32F10x_StdPeriph_Driver\inc\stm32F10x_tim.h",750  Warning[Pe047]: 
          incompatible redefinition of macro "TIM_TS_ITR0" (declared at line
          737 of
          "D:\MKS-Robin-Nano-Firmware-v2.x.x\MKS-Robin-Nano-Firmware\Drivers\ST
          M32F1xx_HAL_Driver\Inc\stm32f1xx_hal_tim.h")

  #define TIM_TS_ITR1                        ((uint16_t)0x0010)
          ^
"D:\MKS-Robin-Nano-Firmware-v2.x.x\MKS-Robin-Nano-Firmware\Drivers\STM32F10x_StdPeriph_Driver\inc\stm32F10x_tim.h",751  Warning[Pe047]: 
          incompatible redefinition of macro "TIM_TS_ITR1" (declared at line
          738 of
          "D:\MKS-Robin-Nano-Firmware-v2.x.x\MKS-Robin-Nano-Firmware\Drivers\ST
          M32F1xx_HAL_Driver\Inc\stm32f1xx_hal_tim.h")

  #define TIM_TS_ITR2                        ((uint16_t)0x0020)
          ^
"D:\MKS-Robin-Nano-Firmware-v2.x.x\MKS-Robin-Nano-Firmware\Drivers\STM32F10x_StdPeriph_Driver\inc\stm32F10x_tim.h",752  Warning[Pe047]: 
          incompatible redefinition of macro "TIM_TS_ITR2" (declared at line
          739 of
          "D:\MKS-Robin-Nano-Firmware-v2.x.x\MKS-Robin-Nano-Firmware\Drivers\ST
          M32F1xx_HAL_Driver\Inc\stm32f1xx_hal_tim.h")

  #define TIM_TS_ITR3                        ((uint16_t)0x0030)
          ^
"D:\MKS-Robin-Nano-Firmware-v2.x.x\MKS-Robin-Nano-Firmware\Drivers\STM32F10x_StdPeriph_Driver\inc\stm32F10x_tim.h",753  Warning[Pe047]: 
          incompatible redefinition of macro "TIM_TS_ITR3" (declared at line
          740 of
          "D:\MKS-Robin-Nano-Firmware-v2.x.x\MKS-Robin-Nano-Firmware\Drivers\ST
          M32F1xx_HAL_Driver\Inc\stm32f1xx_hal_tim.h")

  #define TIM_TS_TI1F_ED                     ((uint16_t)0x0040)
          ^
"D:\MKS-Robin-Nano-Firmware-v2.x.x\MKS-Robin-Nano-Firmware\Drivers\STM32F10x_StdPeriph_Driver\inc\stm32F10x_tim.h",754  Warning[Pe047]: 
          incompatible redefinition of macro "TIM_TS_TI1F_ED" (declared at
          line 741 of
          "D:\MKS-Robin-Nano-Firmware-v2.x.x\MKS-Robin-Nano-Firmware\Drivers\ST
          M32F1xx_HAL_Driver\Inc\stm32f1xx_hal_tim.h")

  #define TIM_TS_TI1FP1                      ((uint16_t)0x0050)
          ^
"D:\MKS-Robin-Nano-Firmware-v2.x.x\MKS-Robin-Nano-Firmware\Drivers\STM32F10x_StdPeriph_Driver\inc\stm32F10x_tim.h",755  Warning[Pe047]: 
          incompatible redefinition of macro "TIM_TS_TI1FP1" (declared at line
          742 of
          "D:\MKS-Robin-Nano-Firmware-v2.x.x\MKS-Robin-Nano-Firmware\Drivers\ST
          M32F1xx_HAL_Driver\Inc\stm32f1xx_hal_tim.h")

  #define TIM_TS_TI2FP2                      ((uint16_t)0x0060)
          ^
"D:\MKS-Robin-Nano-Firmware-v2.x.x\MKS-Robin-Nano-Firmware\Drivers\STM32F10x_StdPeriph_Driver\inc\stm32F10x_tim.h",756  Warning[Pe047]: 
          incompatible redefinition of macro "TIM_TS_TI2FP2" (declared at line
          743 of
          "D:\MKS-Robin-Nano-Firmware-v2.x.x\MKS-Robin-Nano-Firmware\Drivers\ST
          M32F1xx_HAL_Driver\Inc\stm32f1xx_hal_tim.h")

  #define TIM_TS_ETRF                        ((uint16_t)0x0070)
          ^
"D:\MKS-Robin-Nano-Firmware-v2.x.x\MKS-Robin-Nano-Firmware\Drivers\STM32F10x_StdPeriph_Driver\inc\stm32F10x_tim.h",757  Warning[Pe047]: 
          incompatible redefinition of macro "TIM_TS_ETRF" (declared at line
          744 of
          "D:\MKS-Robin-Nano-Firmware-v2.x.x\MKS-Robin-Nano-Firmware\Drivers\ST
          M32F1xx_HAL_Driver\Inc\stm32f1xx_hal_tim.h")

  #define IS_TIM_ENCODER_MODE(MODE) (((MODE) == TIM_EncoderMode_TI1) || \
          ^
"D:\MKS-Robin-Nano-Firmware-v2.x.x\MKS-Robin-Nano-Firmware\Drivers\STM32F10x_StdPeriph_Driver\inc\stm32F10x_tim.h",830  Warning[Pe047]: 
          incompatible redefinition of macro "IS_TIM_ENCODER_MODE" (declared
          at line 945 of
          "D:\MKS-Robin-Nano-Firmware-v2.x.x\MKS-Robin-Nano-Firmware\Drivers\ST
          M32F1xx_HAL_Driver\Inc\stm32f1xx_hal_tim.h")

  #define TIM_EventSource_Update             ((uint16_t)0x0001)
          ^
"D:\MKS-Robin-Nano-Firmware-v2.x.x\MKS-Robin-Nano-Firmware\Drivers\STM32F10x_StdPeriph_Driver\inc\stm32F10x_tim.h",842  Warning[Pe047]: 
          incompatible redefinition of macro "TIM_EventSource_Update"
          (declared at line 781 of
          "D:\MKS-Robin-Nano-Firmware-v2.x.x\MKS-Robin-Nano-Firmware\Drivers\ST
          M32F1xx_HAL_Driver\Inc\Legacy/stm32_hal_legacy.h")

  #define TIM_EventSource_CC1                ((uint16_t)0x0002)
          ^
"D:\MKS-Robin-Nano-Firmware-v2.x.x\MKS-Robin-Nano-Firmware\Drivers\STM32F10x_StdPeriph_Driver\inc\stm32F10x_tim.h",843  Warning[Pe047]: 
          incompatible redefinition of macro "TIM_EventSource_CC1" (declared
          at line 782 of
          "D:\MKS-Robin-Nano-Firmware-v2.x.x\MKS-Robin-Nano-Firmware\Drivers\ST
          M32F1xx_HAL_Driver\Inc\Legacy/stm32_hal_legacy.h")

  #define TIM_EventSource_CC2                ((uint16_t)0x0004)
          ^
"D:\MKS-Robin-Nano-Firmware-v2.x.x\MKS-Robin-Nano-Firmware\Drivers\STM32F10x_StdPeriph_Driver\inc\stm32F10x_tim.h",844  Warning[Pe047]: 
          incompatible redefinition of macro "TIM_EventSource_CC2" (declared
          at line 783 of
          "D:\MKS-Robin-Nano-Firmware-v2.x.x\MKS-Robin-Nano-Firmware\Drivers\ST
          M32F1xx_HAL_Driver\Inc\Legacy/stm32_hal_legacy.h")

  #define TIM_EventSource_CC3                ((uint16_t)0x0008)
          ^
"D:\MKS-Robin-Nano-Firmware-v2.x.x\MKS-Robin-Nano-Firmware\Drivers\STM32F10x_StdPeriph_Driver\inc\stm32F10x_tim.h",845  Warning[Pe047]: 
          incompatible redefinition of macro "TIM_EventSource_CC3" (declared
          at line 784 of
          "D:\MKS-Robin-Nano-Firmware-v2.x.x\MKS-Robin-Nano-Firmware\Drivers\ST
          M32F1xx_HAL_Driver\Inc\Legacy/stm32_hal_legacy.h")

  #define TIM_EventSource_CC4                ((uint16_t)0x0010)
          ^
"D:\MKS-Robin-Nano-Firmware-v2.x.x\MKS-Robin-Nano-Firmware\Drivers\STM32F10x_StdPeriph_Driver\inc\stm32F10x_tim.h",846  Warning[Pe047]: 
          incompatible redefinition of macro "TIM_EventSource_CC4" (declared
          at line 785 of
          "D:\MKS-Robin-Nano-Firmware-v2.x.x\MKS-Robin-Nano-Firmware\Drivers\ST
          M32F1xx_HAL_Driver\Inc\Legacy/stm32_hal_legacy.h")

  #define TIM_EventSource_COM                ((uint16_t)0x0020)
          ^
"D:\MKS-Robin-Nano-Firmware-v2.x.x\MKS-Robin-Nano-Firmware\Drivers\STM32F10x_StdPeriph_Driver\inc\stm32F10x_tim.h",847  Warning[Pe047]: 
          incompatible redefinition of macro "TIM_EventSource_COM" (declared
          at line 786 of
          "D:\MKS-Robin-Nano-Firmware-v2.x.x\MKS-Robin-Nano-Firmware\Drivers\ST
          M32F1xx_HAL_Driver\Inc\Legacy/stm32_hal_legacy.h")

  #define TIM_EventSource_Trigger            ((uint16_t)0x0040)
          ^
"D:\MKS-Robin-Nano-Firmware-v2.x.x\MKS-Robin-Nano-Firmware\Drivers\STM32F10x_StdPeriph_Driver\inc\stm32F10x_tim.h",848  Warning[Pe047]: 
          incompatible redefinition of macro "TIM_EventSource_Trigger"
          (declared at line 787 of
          "D:\MKS-Robin-Nano-Firmware-v2.x.x\MKS-Robin-Nano-Firmware\Drivers\ST
          M32F1xx_HAL_Driver\Inc\Legacy/stm32_hal_legacy.h")

  #define TIM_EventSource_Break              ((uint16_t)0x0080)
          ^
"D:\MKS-Robin-Nano-Firmware-v2.x.x\MKS-Robin-Nano-Firmware\Drivers\STM32F10x_StdPeriph_Driver\inc\stm32F10x_tim.h",849  Warning[Pe047]: 
          incompatible redefinition of macro "TIM_EventSource_Break" (declared
          at line 788 of
          "D:\MKS-Robin-Nano-Firmware-v2.x.x\MKS-Robin-Nano-Firmware\Drivers\ST
          M32F1xx_HAL_Driver\Inc\Legacy/stm32_hal_legacy.h")

  #define IS_TIM_EVENT_SOURCE(SOURCE) ((((SOURCE) & (uint16_t)0xFF00) == 0x0000) && ((SOURCE) != 0x0000))
          ^
"D:\MKS-Robin-Nano-Firmware-v2.x.x\MKS-Robin-Nano-Firmware\Drivers\STM32F10x_StdPeriph_Driver\inc\stm32F10x_tim.h",850  Warning[Pe047]: 
          incompatible redefinition of macro "IS_TIM_EVENT_SOURCE" (declared
          at line 951 of
          "D:\MKS-Robin-Nano-Firmware-v2.x.x\MKS-Robin-Nano-Firmware\Drivers\ST
          M32F1xx_HAL_Driver\Inc\stm32f1xx_hal_tim.h")

  #define IS_TIM_TRGO_SOURCE(SOURCE) (((SOURCE) == TIM_TRGOSource_Reset) || \
          ^
"D:\MKS-Robin-Nano-Firmware-v2.x.x\MKS-Robin-Nano-Firmware\Drivers\STM32F10x_StdPeriph_Driver\inc\stm32F10x_tim.h",919  Warning[Pe047]: 
          incompatible redefinition of macro "IS_TIM_TRGO_SOURCE" (declared at
          line 1011 of
          "D:\MKS-Robin-Nano-Firmware-v2.x.x\MKS-Robin-Nano-Firmware\Drivers\ST
          M32F1xx_HAL_Driver\Inc\stm32f1xx_hal_tim.h")

  #define IS_TIM_SLAVE_MODE(MODE) (((MODE) == TIM_SlaveMode_Reset) || \
          ^
"D:\MKS-Robin-Nano-Firmware-v2.x.x\MKS-Robin-Nano-Firmware\Drivers\STM32F10x_StdPeriph_Driver\inc\stm32F10x_tim.h",939  Warning[Pe047]: 
          incompatible redefinition of macro "IS_TIM_SLAVE_MODE" (declared at
          line 1020 of
          "D:\MKS-Robin-Nano-Firmware-v2.x.x\MKS-Robin-Nano-Firmware\Drivers\ST
          M32F1xx_HAL_Driver\Inc\stm32f1xx_hal_tim.h")

  #define IS_TIM_MSM_STATE(STATE) (((STATE) == TIM_MasterSlaveMode_Enable) || \
          ^
"D:\MKS-Robin-Nano-Firmware-v2.x.x\MKS-Robin-Nano-Firmware\Drivers\STM32F10x_StdPeriph_Driver\inc\stm32F10x_tim.h",953  Warning[Pe047]: 
          incompatible redefinition of macro "IS_TIM_MSM_STATE" (declared at
          line 1026 of
          "D:\MKS-Robin-Nano-Firmware-v2.x.x\MKS-Robin-Nano-Firmware\Drivers\ST
          M32F1xx_HAL_Driver\Inc\stm32f1xx_hal_tim.h")

  #define TIM_FLAG_CC1                       ((uint16_t)0x0002)
          ^
"D:\MKS-Robin-Nano-Firmware-v2.x.x\MKS-Robin-Nano-Firmware\Drivers\STM32F10x_StdPeriph_Driver\inc\stm32F10x_tim.h",964  Warning[Pe047]: 
          incompatible redefinition of macro "TIM_FLAG_CC1" (declared at line
          558 of
          "D:\MKS-Robin-Nano-Firmware-v2.x.x\MKS-Robin-Nano-Firmware\Drivers\ST
          M32F1xx_HAL_Driver\Inc\stm32f1xx_hal_tim.h")

  #define TIM_FLAG_CC2                       ((uint16_t)0x0004)
          ^
"D:\MKS-Robin-Nano-Firmware-v2.x.x\MKS-Robin-Nano-Firmware\Drivers\STM32F10x_StdPeriph_Driver\inc\stm32F10x_tim.h",965  Warning[Pe047]: 
          incompatible redefinition of macro "TIM_FLAG_CC2" (declared at line
          559 of
          "D:\MKS-Robin-Nano-Firmware-v2.x.x\MKS-Robin-Nano-Firmware\Drivers\ST
          M32F1xx_HAL_Driver\Inc\stm32f1xx_hal_tim.h")

  #define TIM_FLAG_CC3                       ((uint16_t)0x0008)
          ^
"D:\MKS-Robin-Nano-Firmware-v2.x.x\MKS-Robin-Nano-Firmware\Drivers\STM32F10x_StdPeriph_Driver\inc\stm32F10x_tim.h",966  Warning[Pe047]: 
          incompatible redefinition of macro "TIM_FLAG_CC3" (declared at line
          560 of
          "D:\MKS-Robin-Nano-Firmware-v2.x.x\MKS-Robin-Nano-Firmware\Drivers\ST
          M32F1xx_HAL_Driver\Inc\stm32f1xx_hal_tim.h")

  #define TIM_FLAG_CC4                       ((uint16_t)0x0010)
          ^
"D:\MKS-Robin-Nano-Firmware-v2.x.x\MKS-Robin-Nano-Firmware\Drivers\STM32F10x_StdPeriph_Driver\inc\stm32F10x_tim.h",967  Warning[Pe047]: 
          incompatible redefinition of macro "TIM_FLAG_CC4" (declared at line
          561 of
          "D:\MKS-Robin-Nano-Firmware-v2.x.x\MKS-Robin-Nano-Firmware\Drivers\ST
          M32F1xx_HAL_Driver\Inc\stm32f1xx_hal_tim.h")

  #define TIM_FLAG_COM                       ((uint16_t)0x0020)
          ^
"D:\MKS-Robin-Nano-Firmware-v2.x.x\MKS-Robin-Nano-Firmware\Drivers\STM32F10x_StdPeriph_Driver\inc\stm32F10x_tim.h",968  Warning[Pe047]: 
          incompatible redefinition of macro "TIM_FLAG_COM" (declared at line
          562 of
          "D:\MKS-Robin-Nano-Firmware-v2.x.x\MKS-Robin-Nano-Firmware\Drivers\ST
          M32F1xx_HAL_Driver\Inc\stm32f1xx_hal_tim.h")

  #define TIM_FLAG_CC1OF                     ((uint16_t)0x0200)
          ^
"D:\MKS-Robin-Nano-Firmware-v2.x.x\MKS-Robin-Nano-Firmware\Drivers\STM32F10x_StdPeriph_Driver\inc\stm32F10x_tim.h",971  Warning[Pe047]: 
          incompatible redefinition of macro "TIM_FLAG_CC1OF" (declared at
          line 565 of
          "D:\MKS-Robin-Nano-Firmware-v2.x.x\MKS-Robin-Nano-Firmware\Drivers\ST
          M32F1xx_HAL_Driver\Inc\stm32f1xx_hal_tim.h")

  #define TIM_FLAG_CC2OF                     ((uint16_t)0x0400)
          ^
"D:\MKS-Robin-Nano-Firmware-v2.x.x\MKS-Robin-Nano-Firmware\Drivers\STM32F10x_StdPeriph_Driver\inc\stm32F10x_tim.h",972  Warning[Pe047]: 
          incompatible redefinition of macro "TIM_FLAG_CC2OF" (declared at
          line 566 of
          "D:\MKS-Robin-Nano-Firmware-v2.x.x\MKS-Robin-Nano-Firmware\Drivers\ST
          M32F1xx_HAL_Driver\Inc\stm32f1xx_hal_tim.h")

  #define TIM_FLAG_CC3OF                     ((uint16_t)0x0800)
          ^
"D:\MKS-Robin-Nano-Firmware-v2.x.x\MKS-Robin-Nano-Firmware\Drivers\STM32F10x_StdPeriph_Driver\inc\stm32F10x_tim.h",973  Warning[Pe047]: 
          incompatible redefinition of macro "TIM_FLAG_CC3OF" (declared at
          line 567 of
          "D:\MKS-Robin-Nano-Firmware-v2.x.x\MKS-Robin-Nano-Firmware\Drivers\ST
          M32F1xx_HAL_Driver\Inc\stm32f1xx_hal_tim.h")

  #define TIM_FLAG_CC4OF                     ((uint16_t)0x1000)
          ^
"D:\MKS-Robin-Nano-Firmware-v2.x.x\MKS-Robin-Nano-Firmware\Drivers\STM32F10x_StdPeriph_Driver\inc\stm32F10x_tim.h",974  Warning[Pe047]: 
          incompatible redefinition of macro "TIM_FLAG_CC4OF" (declared at
          line 568 of
          "D:\MKS-Robin-Nano-Firmware-v2.x.x\MKS-Robin-Nano-Firmware\Drivers\ST
          M32F1xx_HAL_Driver\Inc\stm32f1xx_hal_tim.h")
     24          #include "Stream.h"
     25          
     26          #define PARSE_TIMEOUT 1000  // default number of milli-seconds to wait
     27          #define NO_SKIP_CHAR  1  // a magic char not found in a valid ASCII numeric field
     28          
     29          extern unsigned long millis();
     30          
     31          // private method to read stream with timeout

   \                                 In section .text, align 2, keep-with-next
     32          int Stream::timedRead()
     33          {
   \                     _ZN6Stream9timedReadEv: (+1)
   \   00000000   0xB510             PUSH     {R4,LR}
   \   00000002   0x4604             MOV      R4,R0
     34            int c;
     35            _startMillis = millis();
   \   00000004   0x.... 0x....      BL       _Z6millisv
   \   00000008   0x60E0             STR      R0,[R4, #+12]
     36            do {
     37              c = read();
   \                     ??timedRead_0: (+1)
   \   0000000A   0x6821             LDR      R1,[R4, #+0]
   \   0000000C   0x68C9             LDR      R1,[R1, #+12]
   \   0000000E   0x4620             MOV      R0,R4
   \   00000010   0x4788             BLX      R1
     38              if (c >= 0) return c;
   \   00000012   0x2800             CMP      R0,#+0
   \   00000014   0xD508             BPL.N    ??timedRead_1
     39            } while(millis() - _startMillis < _timeout);
   \   00000016   0x.... 0x....      BL       _Z6millisv
   \   0000001A   0x68E1             LDR      R1,[R4, #+12]
   \   0000001C   0x1A40             SUBS     R0,R0,R1
   \   0000001E   0x68A1             LDR      R1,[R4, #+8]
   \   00000020   0x4288             CMP      R0,R1
   \   00000022   0xD3F2             BCC.N    ??timedRead_0
     40            return -1;     // -1 indicates timeout
   \   00000024   0xF04F 0x30FF      MOV      R0,#-1
   \                     ??timedRead_1: (+1)
   \   00000028   0xBD10             POP      {R4,PC}          ;; return
     41          }
     42          
     43          // private method to peek stream with timeout

   \                                 In section .text, align 2, keep-with-next
     44          int Stream::timedPeek()
     45          {
   \                     _ZN6Stream9timedPeekEv: (+1)
   \   00000000   0xB510             PUSH     {R4,LR}
   \   00000002   0x4604             MOV      R4,R0
     46            int c;
     47            _startMillis = millis();
   \   00000004   0x.... 0x....      BL       _Z6millisv
   \   00000008   0x60E0             STR      R0,[R4, #+12]
     48            do {
     49              c = peek();
   \                     ??timedPeek_0: (+1)
   \   0000000A   0x6821             LDR      R1,[R4, #+0]
   \   0000000C   0x6909             LDR      R1,[R1, #+16]
   \   0000000E   0x4620             MOV      R0,R4
   \   00000010   0x4788             BLX      R1
     50              if (c >= 0) return c;
   \   00000012   0x2800             CMP      R0,#+0
   \   00000014   0xD508             BPL.N    ??timedPeek_1
     51            } while(millis() - _startMillis < _timeout);
   \   00000016   0x.... 0x....      BL       _Z6millisv
   \   0000001A   0x68E1             LDR      R1,[R4, #+12]
   \   0000001C   0x1A40             SUBS     R0,R0,R1
   \   0000001E   0x68A1             LDR      R1,[R4, #+8]
   \   00000020   0x4288             CMP      R0,R1
   \   00000022   0xD3F2             BCC.N    ??timedPeek_0
     52            return -1;     // -1 indicates timeout
   \   00000024   0xF04F 0x30FF      MOV      R0,#-1
   \                     ??timedPeek_1: (+1)
   \   00000028   0xBD10             POP      {R4,PC}          ;; return
     53          }
     54          
     55          // returns peek of the next digit in the stream or -1 if timeout
     56          // discards non-numeric characters

   \                                 In section .text, align 2, keep-with-next
     57          int Stream::peekNextDigit()
     58          {
   \                     _ZN6Stream13peekNextDigitEv: (+1)
   \   00000000   0xB510             PUSH     {R4,LR}
   \   00000002   0x4604             MOV      R4,R0
   \   00000004   0xE003             B.N      ??peekNextDigit_0
     59            int c;
     60            while (1) {
     61              c = timedPeek();
     62              if (c < 0) return c;  // timeout
     63              if (c == '-') return c;
     64              if (c >= '0' && c <= '9') return c;
     65              read();  // discard non-numeric
   \                     ??peekNextDigit_1: (+1)
   \   00000006   0x6821             LDR      R1,[R4, #+0]
   \   00000008   0x68C9             LDR      R1,[R1, #+12]
   \   0000000A   0x4620             MOV      R0,R4
   \   0000000C   0x4788             BLX      R1
   \                     ??peekNextDigit_0: (+1)
   \   0000000E   0x.... 0x....      BL       _Z6millisv
   \   00000012   0x60E0             STR      R0,[R4, #+12]
   \                     ??peekNextDigit_2: (+1)
   \   00000014   0x6821             LDR      R1,[R4, #+0]
   \   00000016   0x6909             LDR      R1,[R1, #+16]
   \   00000018   0x4620             MOV      R0,R4
   \   0000001A   0x4788             BLX      R1
   \   0000001C   0x2800             CMP      R0,#+0
   \   0000001E   0xD406             BMI.N    ??peekNextDigit_3
   \   00000020   0x282D             CMP      R0,#+45
   \   00000022   0xD003             BEQ.N    ??peekNextDigit_4
   \   00000024   0xF1A0 0x0130      SUB      R1,R0,#+48
   \   00000028   0x290A             CMP      R1,#+10
   \   0000002A   0xD2EC             BCS.N    ??peekNextDigit_1
   \                     ??peekNextDigit_4: (+1)
   \   0000002C   0xBD10             POP      {R4,PC}          ;; return
     66            }
   \                     ??peekNextDigit_3: (+1)
   \   0000002E   0x.... 0x....      BL       _Z6millisv
   \   00000032   0x68E1             LDR      R1,[R4, #+12]
   \   00000034   0x1A40             SUBS     R0,R0,R1
   \   00000036   0x68A1             LDR      R1,[R4, #+8]
   \   00000038   0x4288             CMP      R0,R1
   \   0000003A   0xD3EB             BCC.N    ??peekNextDigit_2
   \   0000003C   0xF04F 0x30FF      MOV      R0,#-1
   \   00000040   0xBD10             POP      {R4,PC}
     67          }
     68          
     69          // Public Methods
     70          //////////////////////////////////////////////////////////////
     71          

   \                                 In section .text, align 2, keep-with-next
     72          void Stream::setTimeout(unsigned long timeout)  // sets the maximum number of milliseconds to wait
     73          {
     74            _timeout = timeout;
   \                     _ZN6Stream10setTimeoutEm: (+1)
   \   00000000   0x6081             STR      R1,[R0, #+8]
     75          }
   \   00000002   0x4770             BX       LR               ;; return
     76          
     77           // find returns true if the target string is found

   \                                 In section .text, align 2, keep-with-next
     78          bool  Stream::find(char *target)
     79          {
     80            return findUntil(target, NULL);
   \                     _ZN6Stream4findEPc: (+1)
   \   00000000   0x2200             MOVS     R2,#+0
   \   00000002   0x....             B.N      _ZN6Stream9findUntilEPcS0_
     81          }
     82          
     83          // reads data from the stream until the target string of given length is found
     84          // returns true if target string is found, false if timed out

   \                                 In section .text, align 2, keep-with-next
     85          bool Stream::find(char *target, size_t length)
     86          {
   \                     _ZN6Stream4findEPcj: (+1)
   \   00000000   0xB580             PUSH     {R7,LR}
     87            return findUntil(target, length, NULL, 0);
   \   00000002   0x2300             MOVS     R3,#+0
   \   00000004   0x9300             STR      R3,[SP, #+0]
   \   00000006   0x.... 0x....      BL       _ZN6Stream9findUntilEPcjS0_j
   \   0000000A   0xBD02             POP      {R1,PC}          ;; return
     88          }
     89          
     90          // as find but search ends if the terminator string is found

   \                                 In section .text, align 2, keep-with-next
     91          bool  Stream::findUntil(char *target, char *terminator)
     92          {
   \                     _ZN6Stream9findUntilEPcS0_: (+1)
   \   00000000   0xB5F8             PUSH     {R3-R7,LR}
   \   00000002   0x4604             MOV      R4,R0
   \   00000004   0x4616             MOV      R6,R2
   \   00000006   0x460D             MOV      R5,R1
     93            return findUntil(target, strlen(target), terminator, strlen(terminator));
   \   00000008   0x4630             MOV      R0,R6
   \   0000000A   0x.... 0x....      BL       strlen
   \   0000000E   0x4607             MOV      R7,R0
   \   00000010   0x4628             MOV      R0,R5
   \   00000012   0x.... 0x....      BL       strlen
   \   00000016   0x4602             MOV      R2,R0
   \   00000018   0x9700             STR      R7,[SP, #+0]
   \   0000001A   0x4633             MOV      R3,R6
   \   0000001C   0x4629             MOV      R1,R5
   \   0000001E   0x4620             MOV      R0,R4
   \   00000020   0x.... 0x....      BL       _ZN6Stream9findUntilEPcjS0_j
   \   00000024   0xBDF2             POP      {R1,R4-R7,PC}    ;; return
     94          }
     95          
     96          // reads data from the stream until the target string of the given length is found
     97          // search terminated if the terminator string is found
     98          // returns true if target string is found, false if terminated or timed out

   \                                 In section .text, align 2, keep-with-next
     99          bool Stream::findUntil(char *target, size_t targetLen, char *terminator, size_t termLen)
    100          {
   \                     _ZN6Stream9findUntilEPcjS0_j: (+1)
   \   00000000   0xE92D 0x47F0      PUSH     {R4-R10,LR}
   \   00000004   0x460D             MOV      R5,R1
   \   00000006   0x4680             MOV      R8,R0
    101            size_t index = 0;  // maximum target string length is 64k bytes!
    102            size_t termIndex = 0;
    103            int c;
    104            
    105            if( *target == 0)
   \   00000008   0xF995 0x0000      LDRSB    R0,[R5, #+0]
   \   0000000C   0x4691             MOV      R9,R2
   \   0000000E   0x469A             MOV      R10,R3
   \   00000010   0x2400             MOVS     R4,#+0
   \   00000012   0x2600             MOVS     R6,#+0
   \   00000014   0xB188             CBZ.N    R0,??findUntil_0
   \   00000016   0x9F08             LDR      R7,[SP, #+32]
   \   00000018   0xE000             B.N      ??findUntil_1
    106              return true;   // return true if target is a null string
    107            while( (c = timedRead()) > 0){
    108              
    109              if(c != target[index])
    110                index = 0; // reset index if any char does not match
    111              
    112              if( c == target[index]){
    113                //////Serial.print("found "); Serial.write(c); Serial.print("index now"); Serial.println(index+1);
    114                if(++index >= targetLen){ // return true if all chars in the target match
    115                  return true;
    116                }
    117              }
    118              
    119              if(termLen > 0 && c == terminator[termIndex]){
    120                if(++termIndex >= termLen)
    121                  return false;       // return false if terminate string found before target string
    122              }
    123              else
    124                termIndex = 0;
   \                     ??findUntil_2: (+1)
   \   0000001A   0x2600             MOVS     R6,#+0
   \                     ??findUntil_1: (+1)
   \   0000001C   0x4640             MOV      R0,R8
   \   0000001E   0x.... 0x....      BL       _ZN6Stream9timedReadEv
   \   00000022   0x2801             CMP      R0,#+1
   \   00000024   0xDB15             BLT.N    ??findUntil_3
   \   00000026   0x5761             LDRSB    R1,[R4, R5]
   \   00000028   0x4288             CMP      R0,R1
   \   0000002A   0xBF18             IT       NE 
   \   0000002C   0x2400             MOVNE    R4,#+0
   \   0000002E   0x5761             LDRSB    R1,[R4, R5]
   \   00000030   0x4288             CMP      R0,R1
   \   00000032   0xD105             BNE.N    ??findUntil_4
   \   00000034   0x1C64             ADDS     R4,R4,#+1
   \   00000036   0x454C             CMP      R4,R9
   \   00000038   0xD302             BCC.N    ??findUntil_4
   \                     ??findUntil_0: (+1)
   \   0000003A   0x2001             MOVS     R0,#+1
   \   0000003C   0xE8BD 0x87F0      POP      {R4-R10,PC}
   \                     ??findUntil_4: (+1)
   \   00000040   0x2F00             CMP      R7,#+0
   \   00000042   0xD0EA             BEQ.N    ??findUntil_2
   \   00000044   0xF916 0x100A      LDRSB    R1,[R6, R10]
   \   00000048   0x4288             CMP      R0,R1
   \   0000004A   0xD1E6             BNE.N    ??findUntil_2
   \   0000004C   0x1C76             ADDS     R6,R6,#+1
   \   0000004E   0x42BE             CMP      R6,R7
   \   00000050   0xD3E4             BCC.N    ??findUntil_1
    125            }
    126            return false;
   \                     ??findUntil_3: (+1)
   \   00000052   0x2000             MOVS     R0,#+0
   \   00000054   0xE8BD 0x87F0      POP      {R4-R10,PC}      ;; return
    127          }
    128          
    129          
    130          // returns the first valid (long) integer value from the current position.
    131          // initial characters that are not digits (or the minus sign) are skipped
    132          // function is terminated by the first character that is not a digit.

   \                                 In section .text, align 2, keep-with-next
    133          long Stream::parseInt()
    134          {
    135            return parseInt(NO_SKIP_CHAR); // terminate on first non-digit character (or timeout)
   \                     _ZN6Stream8parseIntEv: (+1)
   \   00000000   0x2101             MOVS     R1,#+1
   \   00000002                      REQUIRE _ZN6Stream8parseIntEc
   \   00000002                      ;; // Fall through to label Stream::parseInt(char)
    136          }
    137          
    138          // as above but a given skipChar is ignored
    139          // this allows format characters (typically commas) in values to be ignored

   \                                 In section .text, align 2, keep-with-next
    140          long Stream::parseInt(char skipChar)
    141          {
   \                     _ZN6Stream8parseIntEc: (+1)
   \   00000000   0xB5F8             PUSH     {R3-R7,LR}
   \   00000002   0x4604             MOV      R4,R0
   \   00000004   0x460D             MOV      R5,R1
    142            boolean isNegative = false;
   \   00000006   0x2700             MOVS     R7,#+0
    143            long value = 0;
   \   00000008   0x2600             MOVS     R6,#+0
    144            int c;
    145          
    146            c = peekNextDigit();
   \   0000000A   0x.... 0x....      BL       _ZN6Stream13peekNextDigitEv
    147            // ignore non numeric leading characters
    148            if(c < 0)
   \   0000000E   0x2800             CMP      R0,#+0
   \   00000010   0xD501             BPL.N    ??parseInt_0
    149              return 0; // zero returned if timeout
   \   00000012   0x2000             MOVS     R0,#+0
   \   00000014   0xBDF2             POP      {R1,R4-R7,PC}
    150          
    151            do{
    152              if(c == skipChar)
   \                     ??parseInt_0: (+1)
   \   00000016   0x42A8             CMP      R0,R5
   \   00000018   0xD00D             BEQ.N    ??parseInt_1
    153                ; // ignore this charactor
    154              else if(c == '-')
   \   0000001A   0x282D             CMP      R0,#+45
   \   0000001C   0xBF08             IT       EQ 
    155                isNegative = true;
   \   0000001E   0x2701             MOVEQ    R7,#+1
   \   00000020   0xD009             BEQ.N    ??parseInt_1
    156              else if(c >= '0' && c <= '9')        // is c a digit?
   \   00000022   0xF1A0 0x0130      SUB      R1,R0,#+48
   \   00000026   0x290A             CMP      R1,#+10
   \   00000028   0xD205             BCS.N    ??parseInt_1
    157                value = value * 10 + c - '0';
   \   0000002A   0xEB06 0x0186      ADD      R1,R6,R6, LSL #+2
   \   0000002E   0xEB00 0x0041      ADD      R0,R0,R1, LSL #+1
   \   00000032   0xF1A0 0x0630      SUB      R6,R0,#+48
    158              read();  // consume the character we got with peek
   \                     ??parseInt_1: (+1)
   \   00000036   0x6821             LDR      R1,[R4, #+0]
   \   00000038   0x68C9             LDR      R1,[R1, #+12]
   \   0000003A   0x4620             MOV      R0,R4
   \   0000003C   0x4788             BLX      R1
    159              c = timedPeek();
   \   0000003E   0x.... 0x....      BL       _Z6millisv
   \   00000042   0x60E0             STR      R0,[R4, #+12]
   \                     ??parseInt_2: (+1)
   \   00000044   0x6821             LDR      R1,[R4, #+0]
   \   00000046   0x6909             LDR      R1,[R1, #+16]
   \   00000048   0x4620             MOV      R0,R4
   \   0000004A   0x4788             BLX      R1
   \   0000004C   0x2800             CMP      R0,#+0
   \   0000004E   0xD508             BPL.N    ??parseInt_3
   \   00000050   0x.... 0x....      BL       _Z6millisv
   \   00000054   0x68E1             LDR      R1,[R4, #+12]
   \   00000056   0x1A40             SUBS     R0,R0,R1
   \   00000058   0x68A1             LDR      R1,[R4, #+8]
   \   0000005A   0x4288             CMP      R0,R1
   \   0000005C   0xD3F2             BCC.N    ??parseInt_2
   \   0000005E   0xF04F 0x30FF      MOV      R0,#-1
    160            }
    161            while( (c >= '0' && c <= '9') || c == skipChar );
   \                     ??parseInt_3: (+1)
   \   00000062   0xF1A0 0x0130      SUB      R1,R0,#+48
   \   00000066   0x290A             CMP      R1,#+10
   \   00000068   0xD3D5             BCC.N    ??parseInt_0
   \   0000006A   0x42A8             CMP      R0,R5
   \   0000006C   0xD0D3             BEQ.N    ??parseInt_0
    162          
    163            if(isNegative)
   \   0000006E   0xB107             CBZ.N    R7,??parseInt_4
    164              value = -value;
   \   00000070   0x4276             RSBS     R6,R6,#+0
    165            return value;
   \                     ??parseInt_4: (+1)
   \   00000072   0x4630             MOV      R0,R6
   \   00000074   0xBDF2             POP      {R1,R4-R7,PC}    ;; return
    166          }
    167          
    168          
    169          // as parseInt but returns a floating point value

   \                                 In section .text, align 2, keep-with-next
    170          float Stream::parseFloat()
    171          {
    172            return parseFloat(NO_SKIP_CHAR);
   \                     _ZN6Stream10parseFloatEv: (+1)
   \   00000000   0x2101             MOVS     R1,#+1
   \   00000002                      REQUIRE _ZN6Stream10parseFloatEc
   \   00000002                      ;; // Fall through to label Stream::parseFloat(char)
    173          }
    174          
    175          // as above but the given skipChar is ignored
    176          // this allows format characters (typically commas) in values to be ignored

   \                                 In section .text, align 2, keep-with-next
    177          float Stream::parseFloat(char skipChar){
   \                     _ZN6Stream10parseFloatEc: (+1)
   \   00000000   0xE92D 0x45F8      PUSH     {R3-R8,R10,LR}
    178            boolean isNegative = false;
   \   00000004   0x2500             MOVS     R5,#+0
   \   00000006   0x4604             MOV      R4,R0
   \   00000008   0x4688             MOV      R8,R1
    179            boolean isFraction = false;
   \   0000000A   0x2600             MOVS     R6,#+0
    180            long value = 0;
   \   0000000C   0x462F             MOV      R7,R5
    181            signed char c;
    182            float fraction = 1.0;
   \   0000000E   0xF04F 0x5A7E      MOV      R10,#+1065353216
    183          
    184            c = peekNextDigit();
   \   00000012   0x.... 0x....      BL       _ZN6Stream13peekNextDigitEv
   \   00000016   0xB240             SXTB     R0,R0
    185              // ignore non numeric leading characters
    186            if(c < 0)
   \   00000018   0x2800             CMP      R0,#+0
   \   0000001A   0xBF48             IT       MI 
    187              return 0; // zero returned if timeout
   \   0000001C   0x2000             MOVMI    R0,#+0
   \   0000001E   0xD449             BMI.N    ??parseFloat_0
    188          
    189            do{
    190              if(c == skipChar)
   \                     ??parseFloat_1: (+1)
   \   00000020   0x4540             CMP      R0,R8
   \   00000022   0xD01C             BEQ.N    ??parseFloat_2
    191                ; // ignore
    192              else if(c == '-')
   \   00000024   0x282D             CMP      R0,#+45
   \   00000026   0xBF08             IT       EQ 
    193                isNegative = true;
   \   00000028   0x2501             MOVEQ    R5,#+1
   \   0000002A   0xD018             BEQ.N    ??parseFloat_2
    194              else if (c == '.')
   \   0000002C   0x282E             CMP      R0,#+46
   \   0000002E   0xBF08             IT       EQ 
    195                isFraction = true;
   \   00000030   0x2601             MOVEQ    R6,#+1
   \   00000032   0xD014             BEQ.N    ??parseFloat_2
    196              else if(c >= '0' && c <= '9')  {      // is c a digit?
   \   00000034   0xF1A0 0x0130      SUB      R1,R0,#+48
   \   00000038   0x290A             CMP      R1,#+10
   \   0000003A   0xD210             BCS.N    ??parseFloat_2
    197                value = value * 10 + c - '0';
   \   0000003C   0xEB07 0x0187      ADD      R1,R7,R7, LSL #+2
   \   00000040   0xEB00 0x0041      ADD      R0,R0,R1, LSL #+1
   \   00000044   0xF1A0 0x0730      SUB      R7,R0,#+48
    198                if(isFraction)
   \   00000048   0xB14E             CBZ.N    R6,??parseFloat_2
    199                   fraction *= 0.1;
   \   0000004A   0x4650             MOV      R0,R10
   \   0000004C   0x.... 0x....      BL       __aeabi_f2d
   \   00000050   0x....             LDR.N    R2,??DataTable3_1  ;; 0x9999999a
   \   00000052   0x....             LDR.N    R3,??DataTable3_2  ;; 0x3fb99999
   \   00000054   0x.... 0x....      BL       __aeabi_dmul
   \   00000058   0x.... 0x....      BL       __aeabi_d2f
   \   0000005C   0x4682             MOV      R10,R0
    200              }
    201              read();  // consume the character we got with peek
   \                     ??parseFloat_2: (+1)
   \   0000005E   0x6821             LDR      R1,[R4, #+0]
   \   00000060   0x68C9             LDR      R1,[R1, #+12]
   \   00000062   0x4620             MOV      R0,R4
   \   00000064   0x4788             BLX      R1
    202              c = timedPeek();
   \   00000066   0x.... 0x....      BL       _Z6millisv
   \   0000006A   0x60E0             STR      R0,[R4, #+12]
   \                     ??parseFloat_3: (+1)
   \   0000006C   0x6821             LDR      R1,[R4, #+0]
   \   0000006E   0x6909             LDR      R1,[R1, #+16]
   \   00000070   0x4620             MOV      R0,R4
   \   00000072   0x4788             BLX      R1
   \   00000074   0x2800             CMP      R0,#+0
   \   00000076   0xD508             BPL.N    ??parseFloat_4
   \   00000078   0x.... 0x....      BL       _Z6millisv
   \   0000007C   0x68E1             LDR      R1,[R4, #+12]
   \   0000007E   0x1A40             SUBS     R0,R0,R1
   \   00000080   0x68A1             LDR      R1,[R4, #+8]
   \   00000082   0x4288             CMP      R0,R1
   \   00000084   0xD3F2             BCC.N    ??parseFloat_3
   \   00000086   0xF04F 0x30FF      MOV      R0,#-1
    203            }
   \                     ??parseFloat_4: (+1)
   \   0000008A   0xB240             SXTB     R0,R0
    204            while( (c >= '0' && c <= '9')  || c == '.' || c == skipChar );
   \   0000008C   0xF1A0 0x0130      SUB      R1,R0,#+48
   \   00000090   0x290A             CMP      R1,#+10
   \   00000092   0xD3C5             BCC.N    ??parseFloat_1
   \   00000094   0x282E             CMP      R0,#+46
   \   00000096   0xBF18             IT       NE 
   \   00000098   0x4540             CMPNE    R0,R8
   \   0000009A   0xD0C1             BEQ.N    ??parseFloat_1
    205          
    206            if(isNegative)
   \   0000009C   0xB105             CBZ.N    R5,??parseFloat_5
    207              value = -value;
   \   0000009E   0x427F             RSBS     R7,R7,#+0
    208            if(isFraction)
   \                     ??parseFloat_5: (+1)
   \   000000A0   0x4638             MOV      R0,R7
   \   000000A2   0x.... 0x....      BL       __aeabi_i2f
   \   000000A6   0x4601             MOV      R1,R0
   \   000000A8   0xB126             CBZ.N    R6,??parseFloat_0
    209              return value * fraction;
   \   000000AA   0x4650             MOV      R0,R10
   \   000000AC   0xE8BD 0x45F4      POP      {R2,R4-R8,R10,LR}
   \   000000B0   0x.... 0x....      B.W      __aeabi_fmul
    210            else
    211              return value;
   \                     ??parseFloat_0: (+1)
   \   000000B4   0xE8BD 0x85F2      POP      {R1,R4-R8,R10,PC}  ;; return
    212          }
    213          
    214          // read characters from stream into buffer
    215          // terminates if length characters have been read, or timeout (see setTimeout)
    216          // returns the number of characters placed in the buffer
    217          // the buffer is NOT null terminated.
    218          //

   \                                 In section .text, align 2, keep-with-next
    219          size_t Stream::readBytes(char *buffer, size_t length)
    220          {
   \                     _ZN6Stream9readBytesEPcj: (+1)
   \   00000000   0xB5F8             PUSH     {R3-R7,LR}
   \   00000002   0x4604             MOV      R4,R0
   \   00000004   0x460D             MOV      R5,R1
   \   00000006   0x4616             MOV      R6,R2
    221            size_t count = 0;
   \   00000008   0x2700             MOVS     R7,#+0
   \   0000000A   0xE002             B.N      ??readBytes_0
    222            while (count < length) {
    223              int c = timedRead();
    224              if (c < 0) break;
    225              *buffer++ = (char)c;
   \                     ??readBytes_1: (+1)
   \   0000000C   0xF805 0x0B01      STRB     R0,[R5], #+1
    226              count++;
   \   00000010   0x1C7F             ADDS     R7,R7,#+1
   \                     ??readBytes_0: (+1)
   \   00000012   0x42B7             CMP      R7,R6
   \   00000014   0xD204             BCS.N    ??readBytes_2
   \   00000016   0x4620             MOV      R0,R4
   \   00000018   0x.... 0x....      BL       _ZN6Stream9timedReadEv
   \   0000001C   0x2800             CMP      R0,#+0
   \   0000001E   0xD5F5             BPL.N    ??readBytes_1
    227            }
    228            return count;
   \                     ??readBytes_2: (+1)
   \   00000020   0x4638             MOV      R0,R7
   \   00000022   0xBDF2             POP      {R1,R4-R7,PC}    ;; return
    229          }
    230          
    231          
    232          // as readBytes with terminator character
    233          // terminates if length characters have been read, timeout, or if the terminator character  detected
    234          // returns the number of characters placed in the buffer (0 means no valid data found)
    235          

   \                                 In section .text, align 2, keep-with-next
    236          size_t Stream::readBytesUntil(char terminator, char *buffer, size_t length)
    237          {
   \                     _ZN6Stream14readBytesUntilEcPcj: (+1)
   \   00000000   0xE92D 0x41F0      PUSH     {R4-R8,LR}
   \   00000004   0x4604             MOV      R4,R0
   \   00000006   0x460D             MOV      R5,R1
   \   00000008   0x4616             MOV      R6,R2
   \   0000000A   0xEA5F 0x0803      MOVS     R8,R3
    238            if (length < 1) return 0;
   \   0000000E   0xBF08             IT       EQ 
   \   00000010   0x2000             MOVEQ    R0,#+0
   \   00000012   0xD00D             BEQ.N    ??readBytesUntil_0
    239            size_t index = 0;
   \   00000014   0x2700             MOVS     R7,#+0
    240            while (index < length) {
    241              int c = timedRead();
   \                     ??readBytesUntil_1: (+1)
   \   00000016   0x4620             MOV      R0,R4
   \   00000018   0x.... 0x....      BL       _ZN6Stream9timedReadEv
    242              if (c < 0 || c == terminator) break;
   \   0000001C   0x2800             CMP      R0,#+0
   \   0000001E   0xD406             BMI.N    ??readBytesUntil_2
   \   00000020   0x42A8             CMP      R0,R5
   \   00000022   0xD004             BEQ.N    ??readBytesUntil_2
    243              *buffer++ = (char)c;
    244              index++;
   \   00000024   0x1C7F             ADDS     R7,R7,#+1
   \   00000026   0xF806 0x0B01      STRB     R0,[R6], #+1
    245            }
   \   0000002A   0x4547             CMP      R7,R8
   \   0000002C   0xD3F3             BCC.N    ??readBytesUntil_1
    246            return index; // return number of characters, not including null terminator
   \                     ??readBytesUntil_2: (+1)
   \   0000002E   0x4638             MOV      R0,R7
   \                     ??readBytesUntil_0: (+1)
   \   00000030   0xE8BD 0x81F0      POP      {R4-R8,PC}       ;; return
    247          }
    248          

   \                                 In section .text, align 2, keep-with-next
    249          String Stream::readString()
    250          {
   \                     _ZN6Stream10readStringEv: (+1)
   \   00000000   0xB538             PUSH     {R3-R5,LR}
   \   00000002   0x460D             MOV      R5,R1
   \   00000004   0x4604             MOV      R4,R0
    251            String ret;
   \   00000006   0x....             ADR.N    R1,??DataTable3  ;; ""
   \   00000008   0x.... 0x....      BL       _ZN6StringC1EPKc
    252            int c = timedRead();
   \   0000000C   0x4628             MOV      R0,R5
   \   0000000E   0x.... 0x....      BL       _ZN6Stream9timedReadEv
   \   00000012   0x0001             MOVS     R1,R0
    253            while (c >= 0)
   \   00000014   0xD413             BMI.N    ??readString_0
    254            {
    255              ret += (char)c;
   \                     ??readString_1: (+1)
   \   00000016   0xB249             SXTB     R1,R1
   \   00000018   0x4620             MOV      R0,R4
   \   0000001A   0x.... 0x....      BL       _ZN6String6concatEc
    256              c = timedRead();
   \   0000001E   0x.... 0x....      BL       _Z6millisv
   \   00000022   0x60E8             STR      R0,[R5, #+12]
   \                     ??readString_2: (+1)
   \   00000024   0x6829             LDR      R1,[R5, #+0]
   \   00000026   0x68C9             LDR      R1,[R1, #+12]
   \   00000028   0x4628             MOV      R0,R5
   \   0000002A   0x4788             BLX      R1
   \   0000002C   0x0001             MOVS     R1,R0
   \   0000002E   0xD5F2             BPL.N    ??readString_1
   \   00000030   0x.... 0x....      BL       _Z6millisv
   \   00000034   0x68E9             LDR      R1,[R5, #+12]
   \   00000036   0x1A40             SUBS     R0,R0,R1
   \   00000038   0x68A9             LDR      R1,[R5, #+8]
   \   0000003A   0x4288             CMP      R0,R1
   \   0000003C   0xD3F2             BCC.N    ??readString_2
    257            }
    258            return ret;
   \                     ??readString_0: (+1)
   \   0000003E   0xBD31             POP      {R0,R4,R5,PC}    ;; return
    259          }
    260          

   \                                 In section .text, align 2, keep-with-next
    261          String Stream::readStringUntil(char terminator)
    262          {
   \                     _ZN6Stream15readStringUntilEc: (+1)
   \   00000000   0xB570             PUSH     {R4-R6,LR}
   \   00000002   0x460D             MOV      R5,R1
   \   00000004   0x4604             MOV      R4,R0
   \   00000006   0x4616             MOV      R6,R2
    263            String ret;
   \   00000008   0x....             ADR.N    R1,??DataTable3  ;; ""
   \   0000000A   0x.... 0x....      BL       _ZN6StringC1EPKc
    264            int c = timedRead();
   \   0000000E   0x4628             MOV      R0,R5
   \   00000010   0x.... 0x....      BL       _ZN6Stream9timedReadEv
   \   00000014   0x0001             MOVS     R1,R0
    265            while (c >= 0 && c != terminator)
   \   00000016   0xD415             BMI.N    ??readStringUntil_0
   \                     ??readStringUntil_1: (+1)
   \   00000018   0x42B1             CMP      R1,R6
   \   0000001A   0xD013             BEQ.N    ??readStringUntil_0
    266            {
    267              ret += (char)c;
   \   0000001C   0xB249             SXTB     R1,R1
   \   0000001E   0x4620             MOV      R0,R4
   \   00000020   0x.... 0x....      BL       _ZN6String6concatEc
    268              c = timedRead();
   \   00000024   0x.... 0x....      BL       _Z6millisv
   \   00000028   0x60E8             STR      R0,[R5, #+12]
   \                     ??readStringUntil_2: (+1)
   \   0000002A   0x6829             LDR      R1,[R5, #+0]
   \   0000002C   0x68C9             LDR      R1,[R1, #+12]
   \   0000002E   0x4628             MOV      R0,R5
   \   00000030   0x4788             BLX      R1
   \   00000032   0x0001             MOVS     R1,R0
   \   00000034   0xD5F0             BPL.N    ??readStringUntil_1
   \   00000036   0x.... 0x....      BL       _Z6millisv
   \   0000003A   0x68E9             LDR      R1,[R5, #+12]
   \   0000003C   0x1A40             SUBS     R0,R0,R1
   \   0000003E   0x68A9             LDR      R1,[R5, #+8]
   \   00000040   0x4288             CMP      R0,R1
   \   00000042   0xD3F2             BCC.N    ??readStringUntil_2
    269            }
    270            return ret;
   \                     ??readStringUntil_0: (+1)
   \   00000044   0xBD70             POP      {R4-R6,PC}       ;; return
    271          }

   \                                 In section .text, align 4, keep-with-next
   \                     ??DataTable3:
   \   00000000   0x00 0x00          DC8      "",0x0,0x0,0x0
   \              0x00 0x00    

   \                                 In section .text, align 4, keep-with-next
   \                     ??DataTable3_1:
   \   00000000   0x9999999A         DC32     0x9999999a

   \                                 In section .text, align 4, keep-with-next
   \                     ??DataTable3_2:
   \   00000000   0x3FB99999         DC32     0x3fb99999

   \                                 In section .rodata, align 1, keep-with-next
   \                     `?<Constant "">`:
   \   00000000   0x00               DC8 ""
    272          

   Maximum stack usage in bytes:

   .cstack Function
   ------- --------
       0   Stream::find(char *)
         0   -> Stream::findUntil(char *, char *)
       8   Stream::find(char *, size_t)
         8   -> Stream::findUntil(char *, size_t, char *, size_t)
      24   Stream::findUntil(char *, char *)
        24   -> Stream::findUntil(char *, size_t, char *, size_t)
        24   -> strlen
      32   Stream::findUntil(char *, size_t, char *, size_t)
        32   -> Stream::timedRead()
       0   Stream::parseFloat()
         0   -> Stream::parseFloat(char)
      32   Stream::parseFloat(char)
        32   -- Indirect call
        32   -> Stream::peekNextDigit()
        32   -> __aeabi_d2f
        32   -> __aeabi_dmul
        32   -> __aeabi_f2d
         0   -> __aeabi_fmul
        32   -> __aeabi_i2f
        32   -> millis()
       0   Stream::parseInt()
         0   -> Stream::parseInt(char)
      24   Stream::parseInt(char)
        24   -- Indirect call
        24   -> Stream::peekNextDigit()
        24   -> millis()
       8   Stream::peekNextDigit()
         8   -- Indirect call
         8   -> millis()
      24   Stream::readBytes(char *, size_t)
        24   -> Stream::timedRead()
      24   Stream::readBytesUntil(char, char *, size_t)
        24   -> Stream::timedRead()
      16   Stream::readString()
        16   -- Indirect call
        16   -> Stream::timedRead()
        16   -> String::String(char const *)
        16   -> String::concat(char)
        16   -> millis()
      16   Stream::readStringUntil(char)
        16   -- Indirect call
        16   -> Stream::timedRead()
        16   -> String::String(char const *)
        16   -> String::concat(char)
        16   -> millis()
       0   Stream::setTimeout(unsigned long)
       8   Stream::timedPeek()
         8   -- Indirect call
         8   -> millis()
       8   Stream::timedRead()
         8   -- Indirect call
         8   -> millis()


   Section sizes:

   Bytes  Function/Label
   -----  --------------
       1  ?<Constant "">
       4  ??DataTable3
       4  ??DataTable3_1
       4  ??DataTable3_2
       4  Stream::find(char *)
      12  Stream::find(char *, size_t)
      38  Stream::findUntil(char *, char *)
      88  Stream::findUntil(char *, size_t, char *, size_t)
       2  Stream::parseFloat()
     184  Stream::parseFloat(char)
       2  Stream::parseInt()
     118  Stream::parseInt(char)
      66  Stream::peekNextDigit()
      36  Stream::readBytes(char *, size_t)
      52  Stream::readBytesUntil(char, char *, size_t)
      64  Stream::readString()
      70  Stream::readStringUntil(char)
       4  Stream::setTimeout(unsigned long)
      42  Stream::timedPeek()
      42  Stream::timedRead()
       2  -- Other

 
   3 bytes in section .rodata
 836 bytes in section .text
 
 836 bytes of CODE  memory
   1 byte  of CONST memory (+ 2 bytes shared)

Errors: none
Warnings: 102
